[0.891s] Invoking command in '/home/abyan/Documents/FOR_ALTAIR/ALTAIR-vision/src/soccer_field_map_generator/soccer_field_map_generator': DEBUGINFOD_URLS=https://debuginfod.ubuntu.com PYTHONPATH=/home/abyan/Documents/FOR_ALTAIR/ALTAIR-vision/build/soccer_field_map_generator/prefix_override:/usr/lib/python3/dist-packages/colcon_core/task/python/colcon_distutils_commands:/home/abyan/Documents/FOR_ALTAIR/ALTAIR-vision/install/soccer_field_map_generator/lib/python3.12/site-packages:${PYTHONPATH} /usr/bin/python3 -W ignore:setup.py install is deprecated -W ignore:easy_install command is deprecated setup.py egg_info --egg-base ../../../build/soccer_field_map_generator build --build-base /home/abyan/Documents/FOR_ALTAIR/ALTAIR-vision/build/soccer_field_map_generator/build install --record /home/abyan/Documents/FOR_ALTAIR/ALTAIR-vision/build/soccer_field_map_generator/install.log --single-version-externally-managed install_data
[1.057s] running egg_info
[1.057s] creating ../../../build/soccer_field_map_generator/soccer_field_map_generator.egg-info
[1.067s] writing ../../../build/soccer_field_map_generator/soccer_field_map_generator.egg-info/PKG-INFO
[1.068s] writing dependency_links to ../../../build/soccer_field_map_generator/soccer_field_map_generator.egg-info/dependency_links.txt
[1.068s] writing entry points to ../../../build/soccer_field_map_generator/soccer_field_map_generator.egg-info/entry_points.txt
[1.068s] writing requirements to ../../../build/soccer_field_map_generator/soccer_field_map_generator.egg-info/requires.txt
[1.068s] writing top-level names to ../../../build/soccer_field_map_generator/soccer_field_map_generator.egg-info/top_level.txt
[1.068s] writing manifest file '../../../build/soccer_field_map_generator/soccer_field_map_generator.egg-info/SOURCES.txt'
[1.089s] reading manifest file '../../../build/soccer_field_map_generator/soccer_field_map_generator.egg-info/SOURCES.txt'
[1.090s] writing manifest file '../../../build/soccer_field_map_generator/soccer_field_map_generator.egg-info/SOURCES.txt'
[1.090s] running build
[1.090s] running build_py
[1.090s] creating /home/abyan/Documents/FOR_ALTAIR/ALTAIR-vision/build/soccer_field_map_generator/build
[1.090s] creating /home/abyan/Documents/FOR_ALTAIR/ALTAIR-vision/build/soccer_field_map_generator/build/lib
[1.090s] creating /home/abyan/Documents/FOR_ALTAIR/ALTAIR-vision/build/soccer_field_map_generator/build/lib/soccer_field_map_generator
[1.091s] copying soccer_field_map_generator/generator.py -> /home/abyan/Documents/FOR_ALTAIR/ALTAIR-vision/build/soccer_field_map_generator/build/lib/soccer_field_map_generator
[1.091s] copying soccer_field_map_generator/tooltip.py -> /home/abyan/Documents/FOR_ALTAIR/ALTAIR-vision/build/soccer_field_map_generator/build/lib/soccer_field_map_generator
[1.091s] copying soccer_field_map_generator/cli.py -> /home/abyan/Documents/FOR_ALTAIR/ALTAIR-vision/build/soccer_field_map_generator/build/lib/soccer_field_map_generator
[1.091s] copying soccer_field_map_generator/__init__.py -> /home/abyan/Documents/FOR_ALTAIR/ALTAIR-vision/build/soccer_field_map_generator/build/lib/soccer_field_map_generator
[1.091s] copying soccer_field_map_generator/gui.py -> /home/abyan/Documents/FOR_ALTAIR/ALTAIR-vision/build/soccer_field_map_generator/build/lib/soccer_field_map_generator
[1.091s] running install
[1.095s] running install_lib
[1.106s] creating /home/abyan/Documents/FOR_ALTAIR/ALTAIR-vision/install/soccer_field_map_generator/lib/python3.12/site-packages/soccer_field_map_generator
[1.106s] copying /home/abyan/Documents/FOR_ALTAIR/ALTAIR-vision/build/soccer_field_map_generator/build/lib/soccer_field_map_generator/generator.py -> /home/abyan/Documents/FOR_ALTAIR/ALTAIR-vision/install/soccer_field_map_generator/lib/python3.12/site-packages/soccer_field_map_generator
[1.106s] copying /home/abyan/Documents/FOR_ALTAIR/ALTAIR-vision/build/soccer_field_map_generator/build/lib/soccer_field_map_generator/tooltip.py -> /home/abyan/Documents/FOR_ALTAIR/ALTAIR-vision/install/soccer_field_map_generator/lib/python3.12/site-packages/soccer_field_map_generator
[1.106s] copying /home/abyan/Documents/FOR_ALTAIR/ALTAIR-vision/build/soccer_field_map_generator/build/lib/soccer_field_map_generator/cli.py -> /home/abyan/Documents/FOR_ALTAIR/ALTAIR-vision/install/soccer_field_map_generator/lib/python3.12/site-packages/soccer_field_map_generator
[1.106s] copying /home/abyan/Documents/FOR_ALTAIR/ALTAIR-vision/build/soccer_field_map_generator/build/lib/soccer_field_map_generator/__init__.py -> /home/abyan/Documents/FOR_ALTAIR/ALTAIR-vision/install/soccer_field_map_generator/lib/python3.12/site-packages/soccer_field_map_generator
[1.107s] copying /home/abyan/Documents/FOR_ALTAIR/ALTAIR-vision/build/soccer_field_map_generator/build/lib/soccer_field_map_generator/gui.py -> /home/abyan/Documents/FOR_ALTAIR/ALTAIR-vision/install/soccer_field_map_generator/lib/python3.12/site-packages/soccer_field_map_generator
[1.107s] byte-compiling /home/abyan/Documents/FOR_ALTAIR/ALTAIR-vision/install/soccer_field_map_generator/lib/python3.12/site-packages/soccer_field_map_generator/generator.py to generator.cpython-312.pyc
[1.110s] byte-compiling /home/abyan/Documents/FOR_ALTAIR/ALTAIR-vision/install/soccer_field_map_generator/lib/python3.12/site-packages/soccer_field_map_generator/tooltip.py to tooltip.cpython-312.pyc
[1.110s] byte-compiling /home/abyan/Documents/FOR_ALTAIR/ALTAIR-vision/install/soccer_field_map_generator/lib/python3.12/site-packages/soccer_field_map_generator/cli.py to cli.cpython-312.pyc
[1.111s] byte-compiling /home/abyan/Documents/FOR_ALTAIR/ALTAIR-vision/install/soccer_field_map_generator/lib/python3.12/site-packages/soccer_field_map_generator/__init__.py to __init__.cpython-312.pyc
[1.111s] byte-compiling /home/abyan/Documents/FOR_ALTAIR/ALTAIR-vision/install/soccer_field_map_generator/lib/python3.12/site-packages/soccer_field_map_generator/gui.py to gui.cpython-312.pyc
[1.113s] running install_data
[1.113s] creating /home/abyan/Documents/FOR_ALTAIR/ALTAIR-vision/install/soccer_field_map_generator/share/ament_index
[1.113s] creating /home/abyan/Documents/FOR_ALTAIR/ALTAIR-vision/install/soccer_field_map_generator/share/ament_index/resource_index
[1.113s] creating /home/abyan/Documents/FOR_ALTAIR/ALTAIR-vision/install/soccer_field_map_generator/share/ament_index/resource_index/packages
[1.113s] copying resource/soccer_field_map_generator -> /home/abyan/Documents/FOR_ALTAIR/ALTAIR-vision/install/soccer_field_map_generator/share/ament_index/resource_index/packages
[1.113s] copying package.xml -> /home/abyan/Documents/FOR_ALTAIR/ALTAIR-vision/install/soccer_field_map_generator/share/soccer_field_map_generator
[1.113s] running install_egg_info
[1.125s] Copying ../../../build/soccer_field_map_generator/soccer_field_map_generator.egg-info to /home/abyan/Documents/FOR_ALTAIR/ALTAIR-vision/install/soccer_field_map_generator/lib/python3.12/site-packages/soccer_field_map_generator-0.0.0-py3.12.egg-info
[1.125s] running install_scripts
[1.203s] Installing cli script to /home/abyan/Documents/FOR_ALTAIR/ALTAIR-vision/install/soccer_field_map_generator/lib/soccer_field_map_generator
[1.203s] Installing gui script to /home/abyan/Documents/FOR_ALTAIR/ALTAIR-vision/install/soccer_field_map_generator/lib/soccer_field_map_generator
[1.203s] writing list of installed files to '/home/abyan/Documents/FOR_ALTAIR/ALTAIR-vision/build/soccer_field_map_generator/install.log'
[1.233s] Invoked command in '/home/abyan/Documents/FOR_ALTAIR/ALTAIR-vision/src/soccer_field_map_generator/soccer_field_map_generator' returned '0': DEBUGINFOD_URLS=https://debuginfod.ubuntu.com PYTHONPATH=/home/abyan/Documents/FOR_ALTAIR/ALTAIR-vision/build/soccer_field_map_generator/prefix_override:/usr/lib/python3/dist-packages/colcon_core/task/python/colcon_distutils_commands:/home/abyan/Documents/FOR_ALTAIR/ALTAIR-vision/install/soccer_field_map_generator/lib/python3.12/site-packages:${PYTHONPATH} /usr/bin/python3 -W ignore:setup.py install is deprecated -W ignore:easy_install command is deprecated setup.py egg_info --egg-base ../../../build/soccer_field_map_generator build --build-base /home/abyan/Documents/FOR_ALTAIR/ALTAIR-vision/build/soccer_field_map_generator/build install --record /home/abyan/Documents/FOR_ALTAIR/ALTAIR-vision/build/soccer_field_map_generator/install.log --single-version-externally-managed install_data
