[  2%] Built target ipm_interfaces__rosidl_generator_type_description
[  2%] Built target ament_cmake_python_copy_ipm_interfaces
[  4%] Built target ipm_interfaces__cpp
[ 22%] Built target ipm_interfaces__rosidl_generator_c
[ 31%] Built target ipm_interfaces__rosidl_typesupport_c
[ 40%] Built target ipm_interfaces__rosidl_typesupport_cpp
[ 50%] Built target ipm_interfaces__rosidl_typesupport_introspection_cpp
[ 59%] Built target ipm_interfaces__rosidl_typesupport_fastrtps_c
[ 68%] Built target ipm_interfaces__rosidl_typesupport_introspection_c
[ 77%] Built target ipm_interfaces__rosidl_typesupport_fastrtps_cpp
[ 77%] Built target ipm_interfaces
[ 79%] Built target ipm_interfaces__py
[ 86%] Built target ipm_interfaces__rosidl_generator_py
[ 95%] Built target ipm_interfaces_s__rosidl_typesupport_introspection_c
[ 95%] Built target ipm_interfaces_s__rosidl_typesupport_fastrtps_c
[100%] Built target ipm_interfaces_s__rosidl_typesupport_c
running egg_info
writing ipm_interfaces.egg-info/PKG-INFO
writing dependency_links to ipm_interfaces.egg-info/dependency_links.txt
writing top-level names to ipm_interfaces.egg-info/top_level.txt
reading manifest file 'ipm_interfaces.egg-info/SOURCES.txt'
writing manifest file 'ipm_interfaces.egg-info/SOURCES.txt'
[100%] Built target ament_cmake_python_build_ipm_interfaces_egg
-- Install configuration: ""
-- Up-to-date: /home/abyan/Documents/FOR_ALTAIR/ALTAIR-vision/install/ipm_interfaces/share/ament_index/resource_index/rosidl_interfaces/ipm_interfaces
-- Up-to-date: /home/abyan/Documents/FOR_ALTAIR/ALTAIR-vision/install/ipm_interfaces/share/ipm_interfaces/srv/MapPoint.json
-- Up-to-date: /home/abyan/Documents/FOR_ALTAIR/ALTAIR-vision/install/ipm_interfaces/share/ipm_interfaces/srv/MapPointCloud2.json
-- Up-to-date: /home/abyan/Documents/FOR_ALTAIR/ALTAIR-vision/install/ipm_interfaces/include/ipm_interfaces/ipm_interfaces
-- Up-to-date: /home/abyan/Documents/FOR_ALTAIR/ALTAIR-vision/install/ipm_interfaces/include/ipm_interfaces/ipm_interfaces/msg
-- Up-to-date: /home/abyan/Documents/FOR_ALTAIR/ALTAIR-vision/install/ipm_interfaces/include/ipm_interfaces/ipm_interfaces/msg/rosidl_generator_c__visibility_control.h
-- Up-to-date: /home/abyan/Documents/FOR_ALTAIR/ALTAIR-vision/install/ipm_interfaces/include/ipm_interfaces/ipm_interfaces/srv
-- Up-to-date: /home/abyan/Documents/FOR_ALTAIR/ALTAIR-vision/install/ipm_interfaces/include/ipm_interfaces/ipm_interfaces/srv/detail
-- Up-to-date: /home/abyan/Documents/FOR_ALTAIR/ALTAIR-vision/install/ipm_interfaces/include/ipm_interfaces/ipm_interfaces/srv/detail/map_point__functions.c
-- Up-to-date: /home/abyan/Documents/FOR_ALTAIR/ALTAIR-vision/install/ipm_interfaces/include/ipm_interfaces/ipm_interfaces/srv/detail/map_point_cloud2__functions.c
-- Up-to-date: /home/abyan/Documents/FOR_ALTAIR/ALTAIR-vision/install/ipm_interfaces/include/ipm_interfaces/ipm_interfaces/srv/detail/map_point_cloud2__description.c
-- Up-to-date: /home/abyan/Documents/FOR_ALTAIR/ALTAIR-vision/install/ipm_interfaces/include/ipm_interfaces/ipm_interfaces/srv/detail/map_point__struct.h
-- Up-to-date: /home/abyan/Documents/FOR_ALTAIR/ALTAIR-vision/install/ipm_interfaces/include/ipm_interfaces/ipm_interfaces/srv/detail/map_point_cloud2__functions.h
-- Up-to-date: /home/abyan/Documents/FOR_ALTAIR/ALTAIR-vision/install/ipm_interfaces/include/ipm_interfaces/ipm_interfaces/srv/detail/map_point__functions.h
-- Up-to-date: /home/abyan/Documents/FOR_ALTAIR/ALTAIR-vision/install/ipm_interfaces/include/ipm_interfaces/ipm_interfaces/srv/detail/map_point_cloud2__struct.h
-- Up-to-date: /home/abyan/Documents/FOR_ALTAIR/ALTAIR-vision/install/ipm_interfaces/include/ipm_interfaces/ipm_interfaces/srv/detail/map_point_cloud2__type_support.h
-- Up-to-date: /home/abyan/Documents/FOR_ALTAIR/ALTAIR-vision/install/ipm_interfaces/include/ipm_interfaces/ipm_interfaces/srv/detail/map_point__type_support.c
-- Up-to-date: /home/abyan/Documents/FOR_ALTAIR/ALTAIR-vision/install/ipm_interfaces/include/ipm_interfaces/ipm_interfaces/srv/detail/map_point_cloud2__type_support.c
-- Up-to-date: /home/abyan/Documents/FOR_ALTAIR/ALTAIR-vision/install/ipm_interfaces/include/ipm_interfaces/ipm_interfaces/srv/detail/map_point__type_support.h
-- Up-to-date: /home/abyan/Documents/FOR_ALTAIR/ALTAIR-vision/install/ipm_interfaces/include/ipm_interfaces/ipm_interfaces/srv/detail/map_point__description.c
-- Up-to-date: /home/abyan/Documents/FOR_ALTAIR/ALTAIR-vision/install/ipm_interfaces/include/ipm_interfaces/ipm_interfaces/srv/map_point_cloud2.h
-- Up-to-date: /home/abyan/Documents/FOR_ALTAIR/ALTAIR-vision/install/ipm_interfaces/include/ipm_interfaces/ipm_interfaces/srv/map_point.h
-- Up-to-date: /home/abyan/Documents/FOR_ALTAIR/ALTAIR-vision/install/ipm_interfaces/share/ipm_interfaces/environment/library_path.sh
-- Up-to-date: /home/abyan/Documents/FOR_ALTAIR/ALTAIR-vision/install/ipm_interfaces/share/ipm_interfaces/environment/library_path.dsv
-- Up-to-date: /home/abyan/Documents/FOR_ALTAIR/ALTAIR-vision/install/ipm_interfaces/lib/libipm_interfaces__rosidl_generator_c.so
-- Up-to-date: /home/abyan/Documents/FOR_ALTAIR/ALTAIR-vision/install/ipm_interfaces/include/ipm_interfaces/ipm_interfaces
-- Up-to-date: /home/abyan/Documents/FOR_ALTAIR/ALTAIR-vision/install/ipm_interfaces/include/ipm_interfaces/ipm_interfaces/msg
-- Up-to-date: /home/abyan/Documents/FOR_ALTAIR/ALTAIR-vision/install/ipm_interfaces/include/ipm_interfaces/ipm_interfaces/msg/rosidl_typesupport_fastrtps_c__visibility_control.h
-- Up-to-date: /home/abyan/Documents/FOR_ALTAIR/ALTAIR-vision/install/ipm_interfaces/include/ipm_interfaces/ipm_interfaces/srv
-- Up-to-date: /home/abyan/Documents/FOR_ALTAIR/ALTAIR-vision/install/ipm_interfaces/include/ipm_interfaces/ipm_interfaces/srv/detail
-- Up-to-date: /home/abyan/Documents/FOR_ALTAIR/ALTAIR-vision/install/ipm_interfaces/include/ipm_interfaces/ipm_interfaces/srv/detail/map_point__rosidl_typesupport_fastrtps_c.h
-- Up-to-date: /home/abyan/Documents/FOR_ALTAIR/ALTAIR-vision/install/ipm_interfaces/include/ipm_interfaces/ipm_interfaces/srv/detail/map_point_cloud2__rosidl_typesupport_fastrtps_c.h
-- Up-to-date: /home/abyan/Documents/FOR_ALTAIR/ALTAIR-vision/install/ipm_interfaces/lib/libipm_interfaces__rosidl_typesupport_fastrtps_c.so
-- Up-to-date: /home/abyan/Documents/FOR_ALTAIR/ALTAIR-vision/install/ipm_interfaces/include/ipm_interfaces/ipm_interfaces
-- Up-to-date: /home/abyan/Documents/FOR_ALTAIR/ALTAIR-vision/install/ipm_interfaces/include/ipm_interfaces/ipm_interfaces/msg
-- Up-to-date: /home/abyan/Documents/FOR_ALTAIR/ALTAIR-vision/install/ipm_interfaces/include/ipm_interfaces/ipm_interfaces/msg/rosidl_generator_cpp__visibility_control.hpp
-- Up-to-date: /home/abyan/Documents/FOR_ALTAIR/ALTAIR-vision/install/ipm_interfaces/include/ipm_interfaces/ipm_interfaces/srv
-- Up-to-date: /home/abyan/Documents/FOR_ALTAIR/ALTAIR-vision/install/ipm_interfaces/include/ipm_interfaces/ipm_interfaces/srv/map_point.hpp
-- Up-to-date: /home/abyan/Documents/FOR_ALTAIR/ALTAIR-vision/install/ipm_interfaces/include/ipm_interfaces/ipm_interfaces/srv/detail
-- Up-to-date: /home/abyan/Documents/FOR_ALTAIR/ALTAIR-vision/install/ipm_interfaces/include/ipm_interfaces/ipm_interfaces/srv/detail/map_point_cloud2__traits.hpp
-- Up-to-date: /home/abyan/Documents/FOR_ALTAIR/ALTAIR-vision/install/ipm_interfaces/include/ipm_interfaces/ipm_interfaces/srv/detail/map_point__struct.hpp
-- Up-to-date: /home/abyan/Documents/FOR_ALTAIR/ALTAIR-vision/install/ipm_interfaces/include/ipm_interfaces/ipm_interfaces/srv/detail/map_point_cloud2__type_support.hpp
-- Up-to-date: /home/abyan/Documents/FOR_ALTAIR/ALTAIR-vision/install/ipm_interfaces/include/ipm_interfaces/ipm_interfaces/srv/detail/map_point__traits.hpp
-- Up-to-date: /home/abyan/Documents/FOR_ALTAIR/ALTAIR-vision/install/ipm_interfaces/include/ipm_interfaces/ipm_interfaces/srv/detail/map_point_cloud2__struct.hpp
-- Up-to-date: /home/abyan/Documents/FOR_ALTAIR/ALTAIR-vision/install/ipm_interfaces/include/ipm_interfaces/ipm_interfaces/srv/detail/map_point__builder.hpp
-- Up-to-date: /home/abyan/Documents/FOR_ALTAIR/ALTAIR-vision/install/ipm_interfaces/include/ipm_interfaces/ipm_interfaces/srv/detail/map_point_cloud2__builder.hpp
-- Up-to-date: /home/abyan/Documents/FOR_ALTAIR/ALTAIR-vision/install/ipm_interfaces/include/ipm_interfaces/ipm_interfaces/srv/detail/map_point__type_support.hpp
-- Up-to-date: /home/abyan/Documents/FOR_ALTAIR/ALTAIR-vision/install/ipm_interfaces/include/ipm_interfaces/ipm_interfaces/srv/map_point_cloud2.hpp
-- Up-to-date: /home/abyan/Documents/FOR_ALTAIR/ALTAIR-vision/install/ipm_interfaces/include/ipm_interfaces/ipm_interfaces
-- Up-to-date: /home/abyan/Documents/FOR_ALTAIR/ALTAIR-vision/install/ipm_interfaces/include/ipm_interfaces/ipm_interfaces/msg
-- Up-to-date: /home/abyan/Documents/FOR_ALTAIR/ALTAIR-vision/install/ipm_interfaces/include/ipm_interfaces/ipm_interfaces/msg/rosidl_typesupport_fastrtps_cpp__visibility_control.h
-- Up-to-date: /home/abyan/Documents/FOR_ALTAIR/ALTAIR-vision/install/ipm_interfaces/include/ipm_interfaces/ipm_interfaces/srv
-- Up-to-date: /home/abyan/Documents/FOR_ALTAIR/ALTAIR-vision/install/ipm_interfaces/include/ipm_interfaces/ipm_interfaces/srv/detail
-- Up-to-date: /home/abyan/Documents/FOR_ALTAIR/ALTAIR-vision/install/ipm_interfaces/include/ipm_interfaces/ipm_interfaces/srv/detail/map_point__rosidl_typesupport_fastrtps_cpp.hpp
-- Up-to-date: /home/abyan/Documents/FOR_ALTAIR/ALTAIR-vision/install/ipm_interfaces/include/ipm_interfaces/ipm_interfaces/srv/detail/dds_fastrtps
-- Up-to-date: /home/abyan/Documents/FOR_ALTAIR/ALTAIR-vision/install/ipm_interfaces/include/ipm_interfaces/ipm_interfaces/srv/detail/map_point_cloud2__rosidl_typesupport_fastrtps_cpp.hpp
-- Up-to-date: /home/abyan/Documents/FOR_ALTAIR/ALTAIR-vision/install/ipm_interfaces/lib/libipm_interfaces__rosidl_typesupport_fastrtps_cpp.so
-- Up-to-date: /home/abyan/Documents/FOR_ALTAIR/ALTAIR-vision/install/ipm_interfaces/include/ipm_interfaces/ipm_interfaces
-- Up-to-date: /home/abyan/Documents/FOR_ALTAIR/ALTAIR-vision/install/ipm_interfaces/include/ipm_interfaces/ipm_interfaces/msg
-- Up-to-date: /home/abyan/Documents/FOR_ALTAIR/ALTAIR-vision/install/ipm_interfaces/include/ipm_interfaces/ipm_interfaces/msg/rosidl_typesupport_introspection_c__visibility_control.h
-- Up-to-date: /home/abyan/Documents/FOR_ALTAIR/ALTAIR-vision/install/ipm_interfaces/include/ipm_interfaces/ipm_interfaces/srv
-- Up-to-date: /home/abyan/Documents/FOR_ALTAIR/ALTAIR-vision/install/ipm_interfaces/include/ipm_interfaces/ipm_interfaces/srv/detail
-- Up-to-date: /home/abyan/Documents/FOR_ALTAIR/ALTAIR-vision/install/ipm_interfaces/include/ipm_interfaces/ipm_interfaces/srv/detail/map_point__type_support.c
-- Up-to-date: /home/abyan/Documents/FOR_ALTAIR/ALTAIR-vision/install/ipm_interfaces/include/ipm_interfaces/ipm_interfaces/srv/detail/map_point__rosidl_typesupport_introspection_c.h
-- Up-to-date: /home/abyan/Documents/FOR_ALTAIR/ALTAIR-vision/install/ipm_interfaces/include/ipm_interfaces/ipm_interfaces/srv/detail/map_point_cloud2__type_support.c
-- Up-to-date: /home/abyan/Documents/FOR_ALTAIR/ALTAIR-vision/install/ipm_interfaces/include/ipm_interfaces/ipm_interfaces/srv/detail/map_point_cloud2__rosidl_typesupport_introspection_c.h
-- Up-to-date: /home/abyan/Documents/FOR_ALTAIR/ALTAIR-vision/install/ipm_interfaces/lib/libipm_interfaces__rosidl_typesupport_introspection_c.so
-- Up-to-date: /home/abyan/Documents/FOR_ALTAIR/ALTAIR-vision/install/ipm_interfaces/lib/libipm_interfaces__rosidl_typesupport_c.so
-- Up-to-date: /home/abyan/Documents/FOR_ALTAIR/ALTAIR-vision/install/ipm_interfaces/include/ipm_interfaces/ipm_interfaces
-- Up-to-date: /home/abyan/Documents/FOR_ALTAIR/ALTAIR-vision/install/ipm_interfaces/include/ipm_interfaces/ipm_interfaces/srv
-- Up-to-date: /home/abyan/Documents/FOR_ALTAIR/ALTAIR-vision/install/ipm_interfaces/include/ipm_interfaces/ipm_interfaces/srv/detail
-- Up-to-date: /home/abyan/Documents/FOR_ALTAIR/ALTAIR-vision/install/ipm_interfaces/include/ipm_interfaces/ipm_interfaces/srv/detail/map_point_cloud2__type_support.cpp
-- Up-to-date: /home/abyan/Documents/FOR_ALTAIR/ALTAIR-vision/install/ipm_interfaces/include/ipm_interfaces/ipm_interfaces/srv/detail/map_point__type_support.cpp
-- Up-to-date: /home/abyan/Documents/FOR_ALTAIR/ALTAIR-vision/install/ipm_interfaces/include/ipm_interfaces/ipm_interfaces/srv/detail/map_point_cloud2__rosidl_typesupport_introspection_cpp.hpp
-- Up-to-date: /home/abyan/Documents/FOR_ALTAIR/ALTAIR-vision/install/ipm_interfaces/include/ipm_interfaces/ipm_interfaces/srv/detail/map_point__rosidl_typesupport_introspection_cpp.hpp
-- Up-to-date: /home/abyan/Documents/FOR_ALTAIR/ALTAIR-vision/install/ipm_interfaces/lib/libipm_interfaces__rosidl_typesupport_introspection_cpp.so
-- Up-to-date: /home/abyan/Documents/FOR_ALTAIR/ALTAIR-vision/install/ipm_interfaces/lib/libipm_interfaces__rosidl_typesupport_cpp.so
-- Up-to-date: /home/abyan/Documents/FOR_ALTAIR/ALTAIR-vision/install/ipm_interfaces/share/ipm_interfaces/environment/pythonpath.sh
-- Up-to-date: /home/abyan/Documents/FOR_ALTAIR/ALTAIR-vision/install/ipm_interfaces/share/ipm_interfaces/environment/pythonpath.dsv
-- Up-to-date: /home/abyan/Documents/FOR_ALTAIR/ALTAIR-vision/install/ipm_interfaces/lib/python3.12/site-packages/ipm_interfaces-0.0.0-py3.12.egg-info
-- Installing: /home/abyan/Documents/FOR_ALTAIR/ALTAIR-vision/install/ipm_interfaces/lib/python3.12/site-packages/ipm_interfaces-0.0.0-py3.12.egg-info/SOURCES.txt
-- Installing: /home/abyan/Documents/FOR_ALTAIR/ALTAIR-vision/install/ipm_interfaces/lib/python3.12/site-packages/ipm_interfaces-0.0.0-py3.12.egg-info/dependency_links.txt
-- Installing: /home/abyan/Documents/FOR_ALTAIR/ALTAIR-vision/install/ipm_interfaces/lib/python3.12/site-packages/ipm_interfaces-0.0.0-py3.12.egg-info/top_level.txt
-- Installing: /home/abyan/Documents/FOR_ALTAIR/ALTAIR-vision/install/ipm_interfaces/lib/python3.12/site-packages/ipm_interfaces-0.0.0-py3.12.egg-info/PKG-INFO
-- Up-to-date: /home/abyan/Documents/FOR_ALTAIR/ALTAIR-vision/install/ipm_interfaces/lib/python3.12/site-packages/ipm_interfaces
-- Up-to-date: /home/abyan/Documents/FOR_ALTAIR/ALTAIR-vision/install/ipm_interfaces/lib/python3.12/site-packages/ipm_interfaces/_ipm_interfaces_s.ep.rosidl_typesupport_fastrtps_c.c
-- Up-to-date: /home/abyan/Documents/FOR_ALTAIR/ALTAIR-vision/install/ipm_interfaces/lib/python3.12/site-packages/ipm_interfaces/_ipm_interfaces_s.ep.rosidl_typesupport_c.c
-- Up-to-date: /home/abyan/Documents/FOR_ALTAIR/ALTAIR-vision/install/ipm_interfaces/lib/python3.12/site-packages/ipm_interfaces/srv
-- Up-to-date: /home/abyan/Documents/FOR_ALTAIR/ALTAIR-vision/install/ipm_interfaces/lib/python3.12/site-packages/ipm_interfaces/srv/_map_point_cloud2.py
-- Up-to-date: /home/abyan/Documents/FOR_ALTAIR/ALTAIR-vision/install/ipm_interfaces/lib/python3.12/site-packages/ipm_interfaces/srv/__init__.py
-- Up-to-date: /home/abyan/Documents/FOR_ALTAIR/ALTAIR-vision/install/ipm_interfaces/lib/python3.12/site-packages/ipm_interfaces/srv/_map_point_cloud2_s.c
-- Up-to-date: /home/abyan/Documents/FOR_ALTAIR/ALTAIR-vision/install/ipm_interfaces/lib/python3.12/site-packages/ipm_interfaces/srv/_map_point.py
-- Up-to-date: /home/abyan/Documents/FOR_ALTAIR/ALTAIR-vision/install/ipm_interfaces/lib/python3.12/site-packages/ipm_interfaces/srv/_map_point_s.c
-- Up-to-date: /home/abyan/Documents/FOR_ALTAIR/ALTAIR-vision/install/ipm_interfaces/lib/python3.12/site-packages/ipm_interfaces/ipm_interfaces_s__rosidl_typesupport_fastrtps_c.so
-- Up-to-date: /home/abyan/Documents/FOR_ALTAIR/ALTAIR-vision/install/ipm_interfaces/lib/python3.12/site-packages/ipm_interfaces/__init__.py
-- Up-to-date: /home/abyan/Documents/FOR_ALTAIR/ALTAIR-vision/install/ipm_interfaces/lib/python3.12/site-packages/ipm_interfaces/ipm_interfaces_s__rosidl_typesupport_c.so
-- Up-to-date: /home/abyan/Documents/FOR_ALTAIR/ALTAIR-vision/install/ipm_interfaces/lib/python3.12/site-packages/ipm_interfaces/ipm_interfaces_s__rosidl_typesupport_introspection_c.so
-- Up-to-date: /home/abyan/Documents/FOR_ALTAIR/ALTAIR-vision/install/ipm_interfaces/lib/python3.12/site-packages/ipm_interfaces/_ipm_interfaces_s.ep.rosidl_typesupport_introspection_c.c
Listing '/home/abyan/Documents/FOR_ALTAIR/ALTAIR-vision/install/ipm_interfaces/lib/python3.12/site-packages/ipm_interfaces'...
Listing '/home/abyan/Documents/FOR_ALTAIR/ALTAIR-vision/install/ipm_interfaces/lib/python3.12/site-packages/ipm_interfaces/srv'...
-- Up-to-date: /home/abyan/Documents/FOR_ALTAIR/ALTAIR-vision/install/ipm_interfaces/lib/python3.12/site-packages/ipm_interfaces/ipm_interfaces_s__rosidl_typesupport_fastrtps_c.so
-- Up-to-date: /home/abyan/Documents/FOR_ALTAIR/ALTAIR-vision/install/ipm_interfaces/lib/python3.12/site-packages/ipm_interfaces/ipm_interfaces_s__rosidl_typesupport_introspection_c.so
-- Up-to-date: /home/abyan/Documents/FOR_ALTAIR/ALTAIR-vision/install/ipm_interfaces/lib/python3.12/site-packages/ipm_interfaces/ipm_interfaces_s__rosidl_typesupport_c.so
-- Up-to-date: /home/abyan/Documents/FOR_ALTAIR/ALTAIR-vision/install/ipm_interfaces/lib/libipm_interfaces__rosidl_generator_py.so
-- Up-to-date: /home/abyan/Documents/FOR_ALTAIR/ALTAIR-vision/install/ipm_interfaces/share/ipm_interfaces/srv/MapPoint.idl
-- Up-to-date: /home/abyan/Documents/FOR_ALTAIR/ALTAIR-vision/install/ipm_interfaces/share/ipm_interfaces/srv/MapPointCloud2.idl
-- Up-to-date: /home/abyan/Documents/FOR_ALTAIR/ALTAIR-vision/install/ipm_interfaces/share/ipm_interfaces/srv/MapPoint.srv
-- Up-to-date: /home/abyan/Documents/FOR_ALTAIR/ALTAIR-vision/install/ipm_interfaces/share/ipm_interfaces/srv/MapPointCloud2.srv
-- Up-to-date: /home/abyan/Documents/FOR_ALTAIR/ALTAIR-vision/install/ipm_interfaces/share/ament_index/resource_index/package_run_dependencies/ipm_interfaces
-- Up-to-date: /home/abyan/Documents/FOR_ALTAIR/ALTAIR-vision/install/ipm_interfaces/share/ament_index/resource_index/parent_prefix_path/ipm_interfaces
-- Up-to-date: /home/abyan/Documents/FOR_ALTAIR/ALTAIR-vision/install/ipm_interfaces/share/ipm_interfaces/environment/ament_prefix_path.sh
-- Up-to-date: /home/abyan/Documents/FOR_ALTAIR/ALTAIR-vision/install/ipm_interfaces/share/ipm_interfaces/environment/ament_prefix_path.dsv
-- Up-to-date: /home/abyan/Documents/FOR_ALTAIR/ALTAIR-vision/install/ipm_interfaces/share/ipm_interfaces/environment/path.sh
-- Up-to-date: /home/abyan/Documents/FOR_ALTAIR/ALTAIR-vision/install/ipm_interfaces/share/ipm_interfaces/environment/path.dsv
-- Up-to-date: /home/abyan/Documents/FOR_ALTAIR/ALTAIR-vision/install/ipm_interfaces/share/ipm_interfaces/local_setup.bash
-- Up-to-date: /home/abyan/Documents/FOR_ALTAIR/ALTAIR-vision/install/ipm_interfaces/share/ipm_interfaces/local_setup.sh
-- Up-to-date: /home/abyan/Documents/FOR_ALTAIR/ALTAIR-vision/install/ipm_interfaces/share/ipm_interfaces/local_setup.zsh
-- Up-to-date: /home/abyan/Documents/FOR_ALTAIR/ALTAIR-vision/install/ipm_interfaces/share/ipm_interfaces/local_setup.dsv
-- Installing: /home/abyan/Documents/FOR_ALTAIR/ALTAIR-vision/install/ipm_interfaces/share/ipm_interfaces/package.dsv
-- Up-to-date: /home/abyan/Documents/FOR_ALTAIR/ALTAIR-vision/install/ipm_interfaces/share/ament_index/resource_index/packages/ipm_interfaces
-- Up-to-date: /home/abyan/Documents/FOR_ALTAIR/ALTAIR-vision/install/ipm_interfaces/share/ipm_interfaces/cmake/export_ipm_interfaces__rosidl_generator_cExport.cmake
-- Up-to-date: /home/abyan/Documents/FOR_ALTAIR/ALTAIR-vision/install/ipm_interfaces/share/ipm_interfaces/cmake/export_ipm_interfaces__rosidl_generator_cExport-noconfig.cmake
-- Up-to-date: /home/abyan/Documents/FOR_ALTAIR/ALTAIR-vision/install/ipm_interfaces/share/ipm_interfaces/cmake/export_ipm_interfaces__rosidl_typesupport_fastrtps_cExport.cmake
-- Up-to-date: /home/abyan/Documents/FOR_ALTAIR/ALTAIR-vision/install/ipm_interfaces/share/ipm_interfaces/cmake/export_ipm_interfaces__rosidl_typesupport_fastrtps_cExport-noconfig.cmake
-- Up-to-date: /home/abyan/Documents/FOR_ALTAIR/ALTAIR-vision/install/ipm_interfaces/share/ipm_interfaces/cmake/export_ipm_interfaces__rosidl_generator_cppExport.cmake
-- Up-to-date: /home/abyan/Documents/FOR_ALTAIR/ALTAIR-vision/install/ipm_interfaces/share/ipm_interfaces/cmake/export_ipm_interfaces__rosidl_typesupport_fastrtps_cppExport.cmake
-- Up-to-date: /home/abyan/Documents/FOR_ALTAIR/ALTAIR-vision/install/ipm_interfaces/share/ipm_interfaces/cmake/export_ipm_interfaces__rosidl_typesupport_fastrtps_cppExport-noconfig.cmake
-- Up-to-date: /home/abyan/Documents/FOR_ALTAIR/ALTAIR-vision/install/ipm_interfaces/share/ipm_interfaces/cmake/ipm_interfaces__rosidl_typesupport_introspection_cExport.cmake
-- Up-to-date: /home/abyan/Documents/FOR_ALTAIR/ALTAIR-vision/install/ipm_interfaces/share/ipm_interfaces/cmake/ipm_interfaces__rosidl_typesupport_introspection_cExport-noconfig.cmake
-- Up-to-date: /home/abyan/Documents/FOR_ALTAIR/ALTAIR-vision/install/ipm_interfaces/share/ipm_interfaces/cmake/ipm_interfaces__rosidl_typesupport_cExport.cmake
-- Up-to-date: /home/abyan/Documents/FOR_ALTAIR/ALTAIR-vision/install/ipm_interfaces/share/ipm_interfaces/cmake/ipm_interfaces__rosidl_typesupport_cExport-noconfig.cmake
-- Up-to-date: /home/abyan/Documents/FOR_ALTAIR/ALTAIR-vision/install/ipm_interfaces/share/ipm_interfaces/cmake/ipm_interfaces__rosidl_typesupport_introspection_cppExport.cmake
-- Up-to-date: /home/abyan/Documents/FOR_ALTAIR/ALTAIR-vision/install/ipm_interfaces/share/ipm_interfaces/cmake/ipm_interfaces__rosidl_typesupport_introspection_cppExport-noconfig.cmake
-- Up-to-date: /home/abyan/Documents/FOR_ALTAIR/ALTAIR-vision/install/ipm_interfaces/share/ipm_interfaces/cmake/ipm_interfaces__rosidl_typesupport_cppExport.cmake
-- Up-to-date: /home/abyan/Documents/FOR_ALTAIR/ALTAIR-vision/install/ipm_interfaces/share/ipm_interfaces/cmake/ipm_interfaces__rosidl_typesupport_cppExport-noconfig.cmake
-- Up-to-date: /home/abyan/Documents/FOR_ALTAIR/ALTAIR-vision/install/ipm_interfaces/share/ipm_interfaces/cmake/export_ipm_interfaces__rosidl_generator_pyExport.cmake
-- Up-to-date: /home/abyan/Documents/FOR_ALTAIR/ALTAIR-vision/install/ipm_interfaces/share/ipm_interfaces/cmake/export_ipm_interfaces__rosidl_generator_pyExport-noconfig.cmake
-- Up-to-date: /home/abyan/Documents/FOR_ALTAIR/ALTAIR-vision/install/ipm_interfaces/share/ipm_interfaces/cmake/rosidl_cmake-extras.cmake
-- Up-to-date: /home/abyan/Documents/FOR_ALTAIR/ALTAIR-vision/install/ipm_interfaces/share/ipm_interfaces/cmake/ament_cmake_export_dependencies-extras.cmake
-- Up-to-date: /home/abyan/Documents/FOR_ALTAIR/ALTAIR-vision/install/ipm_interfaces/share/ipm_interfaces/cmake/ament_cmake_export_include_directories-extras.cmake
-- Up-to-date: /home/abyan/Documents/FOR_ALTAIR/ALTAIR-vision/install/ipm_interfaces/share/ipm_interfaces/cmake/ament_cmake_export_libraries-extras.cmake
-- Up-to-date: /home/abyan/Documents/FOR_ALTAIR/ALTAIR-vision/install/ipm_interfaces/share/ipm_interfaces/cmake/ament_cmake_export_targets-extras.cmake
-- Up-to-date: /home/abyan/Documents/FOR_ALTAIR/ALTAIR-vision/install/ipm_interfaces/share/ipm_interfaces/cmake/rosidl_cmake_export_typesupport_targets-extras.cmake
-- Up-to-date: /home/abyan/Documents/FOR_ALTAIR/ALTAIR-vision/install/ipm_interfaces/share/ipm_interfaces/cmake/rosidl_cmake_export_typesupport_libraries-extras.cmake
-- Up-to-date: /home/abyan/Documents/FOR_ALTAIR/ALTAIR-vision/install/ipm_interfaces/share/ipm_interfaces/cmake/ipm_interfacesConfig.cmake
-- Up-to-date: /home/abyan/Documents/FOR_ALTAIR/ALTAIR-vision/install/ipm_interfaces/share/ipm_interfaces/cmake/ipm_interfacesConfig-version.cmake
-- Up-to-date: /home/abyan/Documents/FOR_ALTAIR/ALTAIR-vision/install/ipm_interfaces/share/ipm_interfaces/package.xml
