running egg_info
creating ../../../build/soccer_field_map_generator/soccer_field_map_generator.egg-info
writing ../../../build/soccer_field_map_generator/soccer_field_map_generator.egg-info/PKG-INFO
writing dependency_links to ../../../build/soccer_field_map_generator/soccer_field_map_generator.egg-info/dependency_links.txt
writing entry points to ../../../build/soccer_field_map_generator/soccer_field_map_generator.egg-info/entry_points.txt
writing requirements to ../../../build/soccer_field_map_generator/soccer_field_map_generator.egg-info/requires.txt
writing top-level names to ../../../build/soccer_field_map_generator/soccer_field_map_generator.egg-info/top_level.txt
writing manifest file '../../../build/soccer_field_map_generator/soccer_field_map_generator.egg-info/SOURCES.txt'
reading manifest file '../../../build/soccer_field_map_generator/soccer_field_map_generator.egg-info/SOURCES.txt'
writing manifest file '../../../build/soccer_field_map_generator/soccer_field_map_generator.egg-info/SOURCES.txt'
running build
running build_py
creating /home/abyan/Documents/FOR_ALTAIR/ALTAIR-vision/build/soccer_field_map_generator/build
creating /home/abyan/Documents/FOR_ALTAIR/ALTAIR-vision/build/soccer_field_map_generator/build/lib
creating /home/abyan/Documents/FOR_ALTAIR/ALTAIR-vision/build/soccer_field_map_generator/build/lib/soccer_field_map_generator
copying soccer_field_map_generator/generator.py -> /home/abyan/Documents/FOR_ALTAIR/ALTAIR-vision/build/soccer_field_map_generator/build/lib/soccer_field_map_generator
copying soccer_field_map_generator/tooltip.py -> /home/abyan/Documents/FOR_ALTAIR/ALTAIR-vision/build/soccer_field_map_generator/build/lib/soccer_field_map_generator
copying soccer_field_map_generator/cli.py -> /home/abyan/Documents/FOR_ALTAIR/ALTAIR-vision/build/soccer_field_map_generator/build/lib/soccer_field_map_generator
copying soccer_field_map_generator/__init__.py -> /home/abyan/Documents/FOR_ALTAIR/ALTAIR-vision/build/soccer_field_map_generator/build/lib/soccer_field_map_generator
copying soccer_field_map_generator/gui.py -> /home/abyan/Documents/FOR_ALTAIR/ALTAIR-vision/build/soccer_field_map_generator/build/lib/soccer_field_map_generator
running install
running install_lib
creating /home/abyan/Documents/FOR_ALTAIR/ALTAIR-vision/install/soccer_field_map_generator/lib/python3.12/site-packages/soccer_field_map_generator
copying /home/abyan/Documents/FOR_ALTAIR/ALTAIR-vision/build/soccer_field_map_generator/build/lib/soccer_field_map_generator/generator.py -> /home/abyan/Documents/FOR_ALTAIR/ALTAIR-vision/install/soccer_field_map_generator/lib/python3.12/site-packages/soccer_field_map_generator
copying /home/abyan/Documents/FOR_ALTAIR/ALTAIR-vision/build/soccer_field_map_generator/build/lib/soccer_field_map_generator/tooltip.py -> /home/abyan/Documents/FOR_ALTAIR/ALTAIR-vision/install/soccer_field_map_generator/lib/python3.12/site-packages/soccer_field_map_generator
copying /home/abyan/Documents/FOR_ALTAIR/ALTAIR-vision/build/soccer_field_map_generator/build/lib/soccer_field_map_generator/cli.py -> /home/abyan/Documents/FOR_ALTAIR/ALTAIR-vision/install/soccer_field_map_generator/lib/python3.12/site-packages/soccer_field_map_generator
copying /home/abyan/Documents/FOR_ALTAIR/ALTAIR-vision/build/soccer_field_map_generator/build/lib/soccer_field_map_generator/__init__.py -> /home/abyan/Documents/FOR_ALTAIR/ALTAIR-vision/install/soccer_field_map_generator/lib/python3.12/site-packages/soccer_field_map_generator
copying /home/abyan/Documents/FOR_ALTAIR/ALTAIR-vision/build/soccer_field_map_generator/build/lib/soccer_field_map_generator/gui.py -> /home/abyan/Documents/FOR_ALTAIR/ALTAIR-vision/install/soccer_field_map_generator/lib/python3.12/site-packages/soccer_field_map_generator
byte-compiling /home/abyan/Documents/FOR_ALTAIR/ALTAIR-vision/install/soccer_field_map_generator/lib/python3.12/site-packages/soccer_field_map_generator/generator.py to generator.cpython-312.pyc
byte-compiling /home/abyan/Documents/FOR_ALTAIR/ALTAIR-vision/install/soccer_field_map_generator/lib/python3.12/site-packages/soccer_field_map_generator/tooltip.py to tooltip.cpython-312.pyc
byte-compiling /home/abyan/Documents/FOR_ALTAIR/ALTAIR-vision/install/soccer_field_map_generator/lib/python3.12/site-packages/soccer_field_map_generator/cli.py to cli.cpython-312.pyc
byte-compiling /home/abyan/Documents/FOR_ALTAIR/ALTAIR-vision/install/soccer_field_map_generator/lib/python3.12/site-packages/soccer_field_map_generator/__init__.py to __init__.cpython-312.pyc
byte-compiling /home/abyan/Documents/FOR_ALTAIR/ALTAIR-vision/install/soccer_field_map_generator/lib/python3.12/site-packages/soccer_field_map_generator/gui.py to gui.cpython-312.pyc
running install_data
creating /home/abyan/Documents/FOR_ALTAIR/ALTAIR-vision/install/soccer_field_map_generator/share/ament_index
creating /home/abyan/Documents/FOR_ALTAIR/ALTAIR-vision/install/soccer_field_map_generator/share/ament_index/resource_index
creating /home/abyan/Documents/FOR_ALTAIR/ALTAIR-vision/install/soccer_field_map_generator/share/ament_index/resource_index/packages
copying resource/soccer_field_map_generator -> /home/abyan/Documents/FOR_ALTAIR/ALTAIR-vision/install/soccer_field_map_generator/share/ament_index/resource_index/packages
copying package.xml -> /home/abyan/Documents/FOR_ALTAIR/ALTAIR-vision/install/soccer_field_map_generator/share/soccer_field_map_generator
running install_egg_info
Copying ../../../build/soccer_field_map_generator/soccer_field_map_generator.egg-info to /home/abyan/Documents/FOR_ALTAIR/ALTAIR-vision/install/soccer_field_map_generator/lib/python3.12/site-packages/soccer_field_map_generator-0.0.0-py3.12.egg-info
running install_scripts
Installing cli script to /home/abyan/Documents/FOR_ALTAIR/ALTAIR-vision/install/soccer_field_map_generator/lib/soccer_field_map_generator
Installing gui script to /home/abyan/Documents/FOR_ALTAIR/ALTAIR-vision/install/soccer_field_map_generator/lib/soccer_field_map_generator
writing list of installed files to '/home/abyan/Documents/FOR_ALTAIR/ALTAIR-vision/build/soccer_field_map_generator/install.log'
