[0.032s] Invoking command in '/home/abyan/Documents/FOR_ALTAIR/ALTAIR-vision/build/ball_detect': CMAKE_PREFIX_PATH=${CMAKE_PREFIX_PATH}:/home/abyan/Documents/FOR_ALTAIR/ALTAIR-vision/install/video_subscriber:/home/abyan/Documents/FOR_ALTAIR/ALTAIR-vision/install/soccer_field_map_generator:/home/abyan/Documents/FOR_ALTAIR/ALTAIR-vision/install/ball_detector:/opt/ros/jazzy DEBUGINFOD_URLS=https://debuginfod.ubuntu.com /usr/bin/cmake --build /home/abyan/Documents/FOR_ALTAIR/ALTAIR-vision/build/ball_detect -- -j16 -l16
[0.432s] [100%] Built target ball_det
[0.638s] Invoked command in '/home/abyan/Documents/FOR_ALTAIR/ALTAIR-vision/build/ball_detect' returned '0': CMAKE_PREFIX_PATH=${CMAKE_PREFIX_PATH}:/home/abyan/Documents/FOR_ALTAIR/ALTAIR-vision/install/video_subscriber:/home/abyan/Documents/FOR_ALTAIR/ALTAIR-vision/install/soccer_field_map_generator:/home/abyan/Documents/FOR_ALTAIR/ALTAIR-vision/install/ball_detector:/opt/ros/jazzy DEBUGINFOD_URLS=https://debuginfod.ubuntu.com /usr/bin/cmake --build /home/abyan/Documents/FOR_ALTAIR/ALTAIR-vision/build/ball_detect -- -j16 -l16
[0.648s] Invoking command in '/home/abyan/Documents/FOR_ALTAIR/ALTAIR-vision/build/ball_detect': CMAKE_PREFIX_PATH=${CMAKE_PREFIX_PATH}:/home/abyan/Documents/FOR_ALTAIR/ALTAIR-vision/install/video_subscriber:/home/abyan/Documents/FOR_ALTAIR/ALTAIR-vision/install/soccer_field_map_generator:/home/abyan/Documents/FOR_ALTAIR/ALTAIR-vision/install/ball_detector:/opt/ros/jazzy DEBUGINFOD_URLS=https://debuginfod.ubuntu.com /usr/bin/cmake --install /home/abyan/Documents/FOR_ALTAIR/ALTAIR-vision/build/ball_detect
[0.658s] -- Install configuration: ""
[0.659s] -- Up-to-date: /home/abyan/Documents/FOR_ALTAIR/ALTAIR-vision/install/ball_detect/lib/ball_detect/ball_det
[0.659s] -- Up-to-date: /home/abyan/Documents/FOR_ALTAIR/ALTAIR-vision/install/ball_detect/share/ament_index/resource_index/package_run_dependencies/ball_detect
[0.659s] -- Up-to-date: /home/abyan/Documents/FOR_ALTAIR/ALTAIR-vision/install/ball_detect/share/ament_index/resource_index/parent_prefix_path/ball_detect
[0.659s] -- Up-to-date: /home/abyan/Documents/FOR_ALTAIR/ALTAIR-vision/install/ball_detect/share/ball_detect/environment/ament_prefix_path.sh
[0.659s] -- Up-to-date: /home/abyan/Documents/FOR_ALTAIR/ALTAIR-vision/install/ball_detect/share/ball_detect/environment/ament_prefix_path.dsv
[0.659s] -- Up-to-date: /home/abyan/Documents/FOR_ALTAIR/ALTAIR-vision/install/ball_detect/share/ball_detect/environment/path.sh
[0.659s] -- Up-to-date: /home/abyan/Documents/FOR_ALTAIR/ALTAIR-vision/install/ball_detect/share/ball_detect/environment/path.dsv
[0.659s] -- Up-to-date: /home/abyan/Documents/FOR_ALTAIR/ALTAIR-vision/install/ball_detect/share/ball_detect/local_setup.bash
[0.659s] -- Up-to-date: /home/abyan/Documents/FOR_ALTAIR/ALTAIR-vision/install/ball_detect/share/ball_detect/local_setup.sh
[0.660s] -- Up-to-date: /home/abyan/Documents/FOR_ALTAIR/ALTAIR-vision/install/ball_detect/share/ball_detect/local_setup.zsh
[0.660s] -- Up-to-date: /home/abyan/Documents/FOR_ALTAIR/ALTAIR-vision/install/ball_detect/share/ball_detect/local_setup.dsv
[0.660s] -- Installing: /home/abyan/Documents/FOR_ALTAIR/ALTAIR-vision/install/ball_detect/share/ball_detect/package.dsv
[0.660s] -- Up-to-date: /home/abyan/Documents/FOR_ALTAIR/ALTAIR-vision/install/ball_detect/share/ament_index/resource_index/packages/ball_detect
[0.660s] -- Up-to-date: /home/abyan/Documents/FOR_ALTAIR/ALTAIR-vision/install/ball_detect/share/ball_detect/cmake/ball_detectConfig.cmake
[0.660s] -- Up-to-date: /home/abyan/Documents/FOR_ALTAIR/ALTAIR-vision/install/ball_detect/share/ball_detect/cmake/ball_detectConfig-version.cmake
[0.660s] -- Up-to-date: /home/abyan/Documents/FOR_ALTAIR/ALTAIR-vision/install/ball_detect/share/ball_detect/package.xml
[0.671s] Invoked command in '/home/abyan/Documents/FOR_ALTAIR/ALTAIR-vision/build/ball_detect' returned '0': CMAKE_PREFIX_PATH=${CMAKE_PREFIX_PATH}:/home/abyan/Documents/FOR_ALTAIR/ALTAIR-vision/install/video_subscriber:/home/abyan/Documents/FOR_ALTAIR/ALTAIR-vision/install/soccer_field_map_generator:/home/abyan/Documents/FOR_ALTAIR/ALTAIR-vision/install/ball_detector:/opt/ros/jazzy DEBUGINFOD_URLS=https://debuginfod.ubuntu.com /usr/bin/cmake --install /home/abyan/Documents/FOR_ALTAIR/ALTAIR-vision/build/ball_detect
