[3.881s] Invoking command in '/home/abyan/Documents/FOR_ALTAIR/ALTAIR-vision/src/ball_detector': DEBUGINFOD_URLS=https://debuginfod.ubuntu.com PYTHONPATH=/home/abyan/Documents/FOR_ALTAIR/ALTAIR-vision/build/ball_detector/prefix_override:/usr/lib/python3/dist-packages/colcon_core/task/python/colcon_distutils_commands:/home/abyan/Documents/FOR_ALTAIR/ALTAIR-vision/install/ball_detector/lib/python3.12/site-packages:${PYTHONPATH} /usr/bin/python3 -W ignore:setup.py install is deprecated -W ignore:easy_install command is deprecated setup.py egg_info --egg-base ../../build/ball_detector build --build-base /home/abyan/Documents/FOR_ALTAIR/ALTAIR-vision/build/ball_detector/build install --record /home/abyan/Documents/FOR_ALTAIR/ALTAIR-vision/build/ball_detector/install.log --single-version-externally-managed install_data
[4.647s] running egg_info
[4.697s] writing ../../build/ball_detector/ball_detector.egg-info/PKG-INFO
[4.697s] writing dependency_links to ../../build/ball_detector/ball_detector.egg-info/dependency_links.txt
[4.698s] writing entry points to ../../build/ball_detector/ball_detector.egg-info/entry_points.txt
[4.698s] writing requirements to ../../build/ball_detector/ball_detector.egg-info/requires.txt
[4.698s] writing top-level names to ../../build/ball_detector/ball_detector.egg-info/top_level.txt
[4.784s] reading manifest file '../../build/ball_detector/ball_detector.egg-info/SOURCES.txt'
[4.787s] writing manifest file '../../build/ball_detector/ball_detector.egg-info/SOURCES.txt'
[4.787s] running build
[4.787s] running build_py
[4.788s] running install
[4.805s] running install_lib
[4.863s] running install_data
[4.863s] running install_egg_info
[4.911s] removing '/home/abyan/Documents/FOR_ALTAIR/ALTAIR-vision/install/ball_detector/lib/python3.12/site-packages/ball_detector-0.0.0-py3.12.egg-info' (and everything under it)
[4.912s] Copying ../../build/ball_detector/ball_detector.egg-info to /home/abyan/Documents/FOR_ALTAIR/ALTAIR-vision/install/ball_detector/lib/python3.12/site-packages/ball_detector-0.0.0-py3.12.egg-info
[4.913s] running install_scripts
[5.265s] Installing ball_detector script to /home/abyan/Documents/FOR_ALTAIR/ALTAIR-vision/install/ball_detector/lib/ball_detector
[5.265s] writing list of installed files to '/home/abyan/Documents/FOR_ALTAIR/ALTAIR-vision/build/ball_detector/install.log'
[5.338s] Invoked command in '/home/abyan/Documents/FOR_ALTAIR/ALTAIR-vision/src/ball_detector' returned '0': DEBUGINFOD_URLS=https://debuginfod.ubuntu.com PYTHONPATH=/home/abyan/Documents/FOR_ALTAIR/ALTAIR-vision/build/ball_detector/prefix_override:/usr/lib/python3/dist-packages/colcon_core/task/python/colcon_distutils_commands:/home/abyan/Documents/FOR_ALTAIR/ALTAIR-vision/install/ball_detector/lib/python3.12/site-packages:${PYTHONPATH} /usr/bin/python3 -W ignore:setup.py install is deprecated -W ignore:easy_install command is deprecated setup.py egg_info --egg-base ../../build/ball_detector build --build-base /home/abyan/Documents/FOR_ALTAIR/ALTAIR-vision/build/ball_detector/build install --record /home/abyan/Documents/FOR_ALTAIR/ALTAIR-vision/build/ball_detector/install.log --single-version-externally-managed install_data
