[0.099s] DEBUG:colcon:Command line arguments: ['/usr/bin/colcon', 'build', '--packages-select', 'soccer_ipm', 'ball_detect']
[0.099s] DEBUG:colcon:Parsed command line arguments: Namespace(log_base=None, log_level=None, verb_name='build', build_base='build', install_base='install', merge_install=False, symlink_install=False, test_result_base=None, continue_on_error=False, executor='parallel', parallel_workers=16, event_handlers=None, ignore_user_meta=False, metas=['./colcon.meta'], base_paths=['.'], packages_ignore=None, packages_ignore_regex=None, paths=None, packages_up_to=None, packages_up_to_regex=None, packages_above=None, packages_above_and_dependencies=None, packages_above_depth=None, packages_select_by_dep=None, packages_skip_by_dep=None, packages_skip_up_to=None, packages_select_build_failed=False, packages_skip_build_finished=False, packages_select_test_failures=False, packages_skip_test_passed=False, packages_select=['soccer_ipm', 'ball_detect'], packages_skip=None, packages_select_regex=None, packages_skip_regex=None, packages_start=None, packages_end=None, allow_overriding=[], cmake_args=None, cmake_target=None, cmake_target_skip_unavailable=False, cmake_clean_cache=False, cmake_clean_first=False, cmake_force_configure=False, ament_cmake_args=None, catkin_cmake_args=None, catkin_skip_building_tests=False, verb_parser=<colcon_defaults.argument_parser.defaults.DefaultArgumentsDecorator object at 0x7250b957e600>, verb_extension=<colcon_core.verb.build.BuildVerb object at 0x7250b957dc40>, main=<bound method BuildVerb.main of <colcon_core.verb.build.BuildVerb object at 0x7250b957dc40>>)
[0.137s] Level 1:colcon.colcon_core.package_discovery:discover_packages(colcon_meta) check parameters
[0.137s] Level 1:colcon.colcon_core.package_discovery:discover_packages(recursive) check parameters
[0.137s] Level 1:colcon.colcon_core.package_discovery:discover_packages(ignore) check parameters
[0.137s] Level 1:colcon.colcon_core.package_discovery:discover_packages(path) check parameters
[0.137s] Level 1:colcon.colcon_core.package_discovery:discover_packages(colcon_meta) discover
[0.137s] Level 1:colcon.colcon_core.package_discovery:discover_packages(recursive) discover
[0.137s] INFO:colcon.colcon_core.package_discovery:Crawling recursively for packages in '/home/abyan/Documents/FOR_ALTAIR/ALTAIR-vision'
[0.137s] Level 1:colcon.colcon_core.package_identification:_identify(.) by extensions ['ignore', 'ignore_ament_install']
[0.137s] Level 1:colcon.colcon_core.package_identification:_identify(.) by extension 'ignore'
[0.137s] Level 1:colcon.colcon_core.package_identification:_identify(.) by extension 'ignore_ament_install'
[0.138s] Level 1:colcon.colcon_core.package_identification:_identify(.) by extensions ['colcon_pkg']
[0.138s] Level 1:colcon.colcon_core.package_identification:_identify(.) by extension 'colcon_pkg'
[0.138s] Level 1:colcon.colcon_core.package_identification:_identify(.) by extensions ['colcon_meta']
[0.138s] Level 1:colcon.colcon_core.package_identification:_identify(.) by extension 'colcon_meta'
[0.138s] Level 1:colcon.colcon_core.package_identification:_identify(.) by extensions ['ros']
[0.138s] Level 1:colcon.colcon_core.package_identification:_identify(.) by extension 'ros'
[0.163s] Level 1:colcon.colcon_core.package_identification:_identify(.) by extensions ['cmake', 'python']
[0.163s] Level 1:colcon.colcon_core.package_identification:_identify(.) by extension 'cmake'
[0.163s] Level 1:colcon.colcon_core.package_identification:_identify(.) by extension 'python'
[0.163s] Level 1:colcon.colcon_core.package_identification:_identify(.) by extensions ['python_setup_py']
[0.163s] Level 1:colcon.colcon_core.package_identification:_identify(.) by extension 'python_setup_py'
[0.163s] Level 1:colcon.colcon_core.package_identification:_identify(build) by extensions ['ignore', 'ignore_ament_install']
[0.163s] Level 1:colcon.colcon_core.package_identification:_identify(build) by extension 'ignore'
[0.163s] Level 1:colcon.colcon_core.package_identification:_identify(build) ignored
[0.163s] Level 1:colcon.colcon_core.package_identification:_identify(install) by extensions ['ignore', 'ignore_ament_install']
[0.164s] Level 1:colcon.colcon_core.package_identification:_identify(install) by extension 'ignore'
[0.164s] Level 1:colcon.colcon_core.package_identification:_identify(install) ignored
[0.164s] Level 1:colcon.colcon_core.package_identification:_identify(log) by extensions ['ignore', 'ignore_ament_install']
[0.164s] Level 1:colcon.colcon_core.package_identification:_identify(log) by extension 'ignore'
[0.164s] Level 1:colcon.colcon_core.package_identification:_identify(log) ignored
[0.164s] Level 1:colcon.colcon_core.package_identification:_identify(src) by extensions ['ignore', 'ignore_ament_install']
[0.164s] Level 1:colcon.colcon_core.package_identification:_identify(src) by extension 'ignore'
[0.164s] Level 1:colcon.colcon_core.package_identification:_identify(src) by extension 'ignore_ament_install'
[0.164s] Level 1:colcon.colcon_core.package_identification:_identify(src) by extensions ['colcon_pkg']
[0.164s] Level 1:colcon.colcon_core.package_identification:_identify(src) by extension 'colcon_pkg'
[0.164s] Level 1:colcon.colcon_core.package_identification:_identify(src) by extensions ['colcon_meta']
[0.164s] Level 1:colcon.colcon_core.package_identification:_identify(src) by extension 'colcon_meta'
[0.164s] Level 1:colcon.colcon_core.package_identification:_identify(src) by extensions ['ros']
[0.164s] Level 1:colcon.colcon_core.package_identification:_identify(src) by extension 'ros'
[0.164s] Level 1:colcon.colcon_core.package_identification:_identify(src) by extensions ['cmake', 'python']
[0.164s] Level 1:colcon.colcon_core.package_identification:_identify(src) by extension 'cmake'
[0.164s] Level 1:colcon.colcon_core.package_identification:_identify(src) by extension 'python'
[0.164s] Level 1:colcon.colcon_core.package_identification:_identify(src) by extensions ['python_setup_py']
[0.164s] Level 1:colcon.colcon_core.package_identification:_identify(src) by extension 'python_setup_py'
[0.164s] Level 1:colcon.colcon_core.package_identification:_identify(src/altair_calibration) by extensions ['ignore', 'ignore_ament_install']
[0.165s] Level 1:colcon.colcon_core.package_identification:_identify(src/altair_calibration) by extension 'ignore'
[0.165s] Level 1:colcon.colcon_core.package_identification:_identify(src/altair_calibration) by extension 'ignore_ament_install'
[0.165s] Level 1:colcon.colcon_core.package_identification:_identify(src/altair_calibration) by extensions ['colcon_pkg']
[0.165s] Level 1:colcon.colcon_core.package_identification:_identify(src/altair_calibration) by extension 'colcon_pkg'
[0.165s] Level 1:colcon.colcon_core.package_identification:_identify(src/altair_calibration) by extensions ['colcon_meta']
[0.165s] Level 1:colcon.colcon_core.package_identification:_identify(src/altair_calibration) by extension 'colcon_meta'
[0.165s] Level 1:colcon.colcon_core.package_identification:_identify(src/altair_calibration) by extensions ['ros']
[0.165s] Level 1:colcon.colcon_core.package_identification:_identify(src/altair_calibration) by extension 'ros'
[0.168s] DEBUG:colcon.colcon_core.package_identification:Package 'src/altair_calibration' with type 'ros.ament_cmake' and name 'altair_calibration'
[0.168s] Level 1:colcon.colcon_core.package_identification:_identify(src/ball_detect) by extensions ['ignore', 'ignore_ament_install']
[0.168s] Level 1:colcon.colcon_core.package_identification:_identify(src/ball_detect) by extension 'ignore'
[0.168s] Level 1:colcon.colcon_core.package_identification:_identify(src/ball_detect) by extension 'ignore_ament_install'
[0.168s] Level 1:colcon.colcon_core.package_identification:_identify(src/ball_detect) by extensions ['colcon_pkg']
[0.168s] Level 1:colcon.colcon_core.package_identification:_identify(src/ball_detect) by extension 'colcon_pkg'
[0.168s] Level 1:colcon.colcon_core.package_identification:_identify(src/ball_detect) by extensions ['colcon_meta']
[0.168s] Level 1:colcon.colcon_core.package_identification:_identify(src/ball_detect) by extension 'colcon_meta'
[0.168s] Level 1:colcon.colcon_core.package_identification:_identify(src/ball_detect) by extensions ['ros']
[0.168s] Level 1:colcon.colcon_core.package_identification:_identify(src/ball_detect) by extension 'ros'
[0.169s] DEBUG:colcon.colcon_core.package_identification:Package 'src/ball_detect' with type 'ros.ament_cmake' and name 'ball_detect'
[0.169s] Level 1:colcon.colcon_core.package_identification:_identify(src/ball_detector) by extensions ['ignore', 'ignore_ament_install']
[0.169s] Level 1:colcon.colcon_core.package_identification:_identify(src/ball_detector) by extension 'ignore'
[0.169s] Level 1:colcon.colcon_core.package_identification:_identify(src/ball_detector) by extension 'ignore_ament_install'
[0.169s] Level 1:colcon.colcon_core.package_identification:_identify(src/ball_detector) by extensions ['colcon_pkg']
[0.169s] Level 1:colcon.colcon_core.package_identification:_identify(src/ball_detector) by extension 'colcon_pkg'
[0.169s] Level 1:colcon.colcon_core.package_identification:_identify(src/ball_detector) by extensions ['colcon_meta']
[0.169s] Level 1:colcon.colcon_core.package_identification:_identify(src/ball_detector) by extension 'colcon_meta'
[0.169s] Level 1:colcon.colcon_core.package_identification:_identify(src/ball_detector) by extensions ['ros']
[0.170s] Level 1:colcon.colcon_core.package_identification:_identify(src/ball_detector) by extension 'ros'
[0.170s] DEBUG:colcon.colcon_core.package_identification:Package 'src/ball_detector' with type 'ros.ament_python' and name 'ball_detector'
[0.170s] Level 1:colcon.colcon_core.package_identification:_identify(src/camera_calibration) by extensions ['ignore', 'ignore_ament_install']
[0.170s] Level 1:colcon.colcon_core.package_identification:_identify(src/camera_calibration) by extension 'ignore'
[0.170s] Level 1:colcon.colcon_core.package_identification:_identify(src/camera_calibration) by extension 'ignore_ament_install'
[0.170s] Level 1:colcon.colcon_core.package_identification:_identify(src/camera_calibration) by extensions ['colcon_pkg']
[0.170s] Level 1:colcon.colcon_core.package_identification:_identify(src/camera_calibration) by extension 'colcon_pkg'
[0.170s] Level 1:colcon.colcon_core.package_identification:_identify(src/camera_calibration) by extensions ['colcon_meta']
[0.170s] Level 1:colcon.colcon_core.package_identification:_identify(src/camera_calibration) by extension 'colcon_meta'
[0.170s] Level 1:colcon.colcon_core.package_identification:_identify(src/camera_calibration) by extensions ['ros']
[0.171s] Level 1:colcon.colcon_core.package_identification:_identify(src/camera_calibration) by extension 'ros'
[0.171s] DEBUG:colcon.colcon_core.package_identification:Package 'src/camera_calibration' with type 'ros.ament_python' and name 'camera_calibration'
[0.172s] Level 1:colcon.colcon_core.package_identification:_identify(src/sample_program) by extensions ['ignore', 'ignore_ament_install']
[0.172s] Level 1:colcon.colcon_core.package_identification:_identify(src/sample_program) by extension 'ignore'
[0.172s] Level 1:colcon.colcon_core.package_identification:_identify(src/sample_program) by extension 'ignore_ament_install'
[0.172s] Level 1:colcon.colcon_core.package_identification:_identify(src/sample_program) by extensions ['colcon_pkg']
[0.172s] Level 1:colcon.colcon_core.package_identification:_identify(src/sample_program) by extension 'colcon_pkg'
[0.172s] Level 1:colcon.colcon_core.package_identification:_identify(src/sample_program) by extensions ['colcon_meta']
[0.172s] Level 1:colcon.colcon_core.package_identification:_identify(src/sample_program) by extension 'colcon_meta'
[0.172s] Level 1:colcon.colcon_core.package_identification:_identify(src/sample_program) by extensions ['ros']
[0.172s] Level 1:colcon.colcon_core.package_identification:_identify(src/sample_program) by extension 'ros'
[0.172s] Level 1:colcon.colcon_core.package_identification:_identify(src/sample_program) by extensions ['cmake', 'python']
[0.172s] Level 1:colcon.colcon_core.package_identification:_identify(src/sample_program) by extension 'cmake'
[0.172s] Level 1:colcon.colcon_core.package_identification:_identify(src/sample_program) by extension 'python'
[0.172s] Level 1:colcon.colcon_core.package_identification:_identify(src/sample_program) by extensions ['python_setup_py']
[0.172s] Level 1:colcon.colcon_core.package_identification:_identify(src/sample_program) by extension 'python_setup_py'
[0.172s] Level 1:colcon.colcon_core.package_identification:_identify(src/sample_program/FieldDetBy) by extensions ['ignore', 'ignore_ament_install']
[0.172s] Level 1:colcon.colcon_core.package_identification:_identify(src/sample_program/FieldDetBy) by extension 'ignore'
[0.172s] Level 1:colcon.colcon_core.package_identification:_identify(src/sample_program/FieldDetBy) by extension 'ignore_ament_install'
[0.172s] Level 1:colcon.colcon_core.package_identification:_identify(src/sample_program/FieldDetBy) by extensions ['colcon_pkg']
[0.172s] Level 1:colcon.colcon_core.package_identification:_identify(src/sample_program/FieldDetBy) by extension 'colcon_pkg'
[0.172s] Level 1:colcon.colcon_core.package_identification:_identify(src/sample_program/FieldDetBy) by extensions ['colcon_meta']
[0.172s] Level 1:colcon.colcon_core.package_identification:_identify(src/sample_program/FieldDetBy) by extension 'colcon_meta'
[0.172s] Level 1:colcon.colcon_core.package_identification:_identify(src/sample_program/FieldDetBy) by extensions ['ros']
[0.172s] Level 1:colcon.colcon_core.package_identification:_identify(src/sample_program/FieldDetBy) by extension 'ros'
[0.172s] Level 1:colcon.colcon_core.package_identification:_identify(src/sample_program/FieldDetBy) by extensions ['cmake', 'python']
[0.172s] Level 1:colcon.colcon_core.package_identification:_identify(src/sample_program/FieldDetBy) by extension 'cmake'
[0.172s] Level 1:colcon.colcon_core.package_identification:_identify(src/sample_program/FieldDetBy) by extension 'python'
[0.173s] Level 1:colcon.colcon_core.package_identification:_identify(src/sample_program/FieldDetBy) by extensions ['python_setup_py']
[0.173s] Level 1:colcon.colcon_core.package_identification:_identify(src/sample_program/FieldDetBy) by extension 'python_setup_py'
[0.173s] Level 1:colcon.colcon_core.package_identification:_identify(src/sample_program/ball_detection) by extensions ['ignore', 'ignore_ament_install']
[0.173s] Level 1:colcon.colcon_core.package_identification:_identify(src/sample_program/ball_detection) by extension 'ignore'
[0.173s] Level 1:colcon.colcon_core.package_identification:_identify(src/sample_program/ball_detection) by extension 'ignore_ament_install'
[0.173s] Level 1:colcon.colcon_core.package_identification:_identify(src/sample_program/ball_detection) by extensions ['colcon_pkg']
[0.173s] Level 1:colcon.colcon_core.package_identification:_identify(src/sample_program/ball_detection) by extension 'colcon_pkg'
[0.173s] Level 1:colcon.colcon_core.package_identification:_identify(src/sample_program/ball_detection) by extensions ['colcon_meta']
[0.173s] Level 1:colcon.colcon_core.package_identification:_identify(src/sample_program/ball_detection) by extension 'colcon_meta'
[0.173s] Level 1:colcon.colcon_core.package_identification:_identify(src/sample_program/ball_detection) by extensions ['ros']
[0.173s] Level 1:colcon.colcon_core.package_identification:_identify(src/sample_program/ball_detection) by extension 'ros'
[0.173s] Level 1:colcon.colcon_core.package_identification:_identify(src/sample_program/ball_detection) by extensions ['cmake', 'python']
[0.173s] Level 1:colcon.colcon_core.package_identification:_identify(src/sample_program/ball_detection) by extension 'cmake'
[0.175s] Level 1:colcon.colcon_core.package_identification:_identify(src/sample_program/ball_detection) by extension 'python'
[0.175s] DEBUG:colcon.colcon_core.package_identification:Package 'src/sample_program/ball_detection' with type 'cmake' and name 'ball_detection'
[0.175s] Level 1:colcon.colcon_core.package_identification:_identify(src/sample_program/forFieldDet) by extensions ['ignore', 'ignore_ament_install']
[0.175s] Level 1:colcon.colcon_core.package_identification:_identify(src/sample_program/forFieldDet) by extension 'ignore'
[0.175s] Level 1:colcon.colcon_core.package_identification:_identify(src/sample_program/forFieldDet) by extension 'ignore_ament_install'
[0.175s] Level 1:colcon.colcon_core.package_identification:_identify(src/sample_program/forFieldDet) by extensions ['colcon_pkg']
[0.175s] Level 1:colcon.colcon_core.package_identification:_identify(src/sample_program/forFieldDet) by extension 'colcon_pkg'
[0.175s] Level 1:colcon.colcon_core.package_identification:_identify(src/sample_program/forFieldDet) by extensions ['colcon_meta']
[0.175s] Level 1:colcon.colcon_core.package_identification:_identify(src/sample_program/forFieldDet) by extension 'colcon_meta'
[0.176s] Level 1:colcon.colcon_core.package_identification:_identify(src/sample_program/forFieldDet) by extensions ['ros']
[0.176s] Level 1:colcon.colcon_core.package_identification:_identify(src/sample_program/forFieldDet) by extension 'ros'
[0.176s] Level 1:colcon.colcon_core.package_identification:_identify(src/sample_program/forFieldDet) by extensions ['cmake', 'python']
[0.176s] Level 1:colcon.colcon_core.package_identification:_identify(src/sample_program/forFieldDet) by extension 'cmake'
[0.176s] Level 1:colcon.colcon_core.package_identification:_identify(src/sample_program/forFieldDet) by extension 'python'
[0.176s] Level 1:colcon.colcon_core.package_identification:_identify(src/sample_program/forFieldDet) by extensions ['python_setup_py']
[0.176s] Level 1:colcon.colcon_core.package_identification:_identify(src/sample_program/forFieldDet) by extension 'python_setup_py'
[0.176s] Level 1:colcon.colcon_core.package_identification:_identify(src/sample_program/samplesIMG) by extensions ['ignore', 'ignore_ament_install']
[0.176s] Level 1:colcon.colcon_core.package_identification:_identify(src/sample_program/samplesIMG) by extension 'ignore'
[0.176s] Level 1:colcon.colcon_core.package_identification:_identify(src/sample_program/samplesIMG) by extension 'ignore_ament_install'
[0.176s] Level 1:colcon.colcon_core.package_identification:_identify(src/sample_program/samplesIMG) by extensions ['colcon_pkg']
[0.176s] Level 1:colcon.colcon_core.package_identification:_identify(src/sample_program/samplesIMG) by extension 'colcon_pkg'
[0.176s] Level 1:colcon.colcon_core.package_identification:_identify(src/sample_program/samplesIMG) by extensions ['colcon_meta']
[0.176s] Level 1:colcon.colcon_core.package_identification:_identify(src/sample_program/samplesIMG) by extension 'colcon_meta'
[0.176s] Level 1:colcon.colcon_core.package_identification:_identify(src/sample_program/samplesIMG) by extensions ['ros']
[0.176s] Level 1:colcon.colcon_core.package_identification:_identify(src/sample_program/samplesIMG) by extension 'ros'
[0.176s] Level 1:colcon.colcon_core.package_identification:_identify(src/sample_program/samplesIMG) by extensions ['cmake', 'python']
[0.176s] Level 1:colcon.colcon_core.package_identification:_identify(src/sample_program/samplesIMG) by extension 'cmake'
[0.176s] Level 1:colcon.colcon_core.package_identification:_identify(src/sample_program/samplesIMG) by extension 'python'
[0.176s] Level 1:colcon.colcon_core.package_identification:_identify(src/sample_program/samplesIMG) by extensions ['python_setup_py']
[0.176s] Level 1:colcon.colcon_core.package_identification:_identify(src/sample_program/samplesIMG) by extension 'python_setup_py'
[0.176s] Level 1:colcon.colcon_core.package_identification:_identify(src/soccer_field_map_generator) by extensions ['ignore', 'ignore_ament_install']
[0.176s] Level 1:colcon.colcon_core.package_identification:_identify(src/soccer_field_map_generator) by extension 'ignore'
[0.176s] Level 1:colcon.colcon_core.package_identification:_identify(src/soccer_field_map_generator) by extension 'ignore_ament_install'
[0.176s] Level 1:colcon.colcon_core.package_identification:_identify(src/soccer_field_map_generator) by extensions ['colcon_pkg']
[0.176s] Level 1:colcon.colcon_core.package_identification:_identify(src/soccer_field_map_generator) by extension 'colcon_pkg'
[0.177s] Level 1:colcon.colcon_core.package_identification:_identify(src/soccer_field_map_generator) by extensions ['colcon_meta']
[0.177s] Level 1:colcon.colcon_core.package_identification:_identify(src/soccer_field_map_generator) by extension 'colcon_meta'
[0.177s] Level 1:colcon.colcon_core.package_identification:_identify(src/soccer_field_map_generator) by extensions ['ros']
[0.177s] Level 1:colcon.colcon_core.package_identification:_identify(src/soccer_field_map_generator) by extension 'ros'
[0.177s] Level 1:colcon.colcon_core.package_identification:_identify(src/soccer_field_map_generator) by extensions ['cmake', 'python']
[0.177s] Level 1:colcon.colcon_core.package_identification:_identify(src/soccer_field_map_generator) by extension 'cmake'
[0.177s] Level 1:colcon.colcon_core.package_identification:_identify(src/soccer_field_map_generator) by extension 'python'
[0.177s] Level 1:colcon.colcon_core.package_identification:_identify(src/soccer_field_map_generator) by extensions ['python_setup_py']
[0.177s] Level 1:colcon.colcon_core.package_identification:_identify(src/soccer_field_map_generator) by extension 'python_setup_py'
[0.177s] Level 1:colcon.colcon_core.package_identification:_identify(src/soccer_field_map_generator/soccer_field_map_generator) by extensions ['ignore', 'ignore_ament_install']
[0.177s] Level 1:colcon.colcon_core.package_identification:_identify(src/soccer_field_map_generator/soccer_field_map_generator) by extension 'ignore'
[0.177s] Level 1:colcon.colcon_core.package_identification:_identify(src/soccer_field_map_generator/soccer_field_map_generator) by extension 'ignore_ament_install'
[0.177s] Level 1:colcon.colcon_core.package_identification:_identify(src/soccer_field_map_generator/soccer_field_map_generator) by extensions ['colcon_pkg']
[0.177s] Level 1:colcon.colcon_core.package_identification:_identify(src/soccer_field_map_generator/soccer_field_map_generator) by extension 'colcon_pkg'
[0.177s] Level 1:colcon.colcon_core.package_identification:_identify(src/soccer_field_map_generator/soccer_field_map_generator) by extensions ['colcon_meta']
[0.177s] Level 1:colcon.colcon_core.package_identification:_identify(src/soccer_field_map_generator/soccer_field_map_generator) by extension 'colcon_meta'
[0.177s] Level 1:colcon.colcon_core.package_identification:_identify(src/soccer_field_map_generator/soccer_field_map_generator) by extensions ['ros']
[0.177s] Level 1:colcon.colcon_core.package_identification:_identify(src/soccer_field_map_generator/soccer_field_map_generator) by extension 'ros'
[0.178s] DEBUG:colcon.colcon_core.package_identification:Package 'src/soccer_field_map_generator/soccer_field_map_generator' with type 'ros.ament_python' and name 'soccer_field_map_generator'
[0.178s] Level 1:colcon.colcon_core.package_identification:_identify(src/soccer_ipm) by extensions ['ignore', 'ignore_ament_install']
[0.178s] Level 1:colcon.colcon_core.package_identification:_identify(src/soccer_ipm) by extension 'ignore'
[0.178s] Level 1:colcon.colcon_core.package_identification:_identify(src/soccer_ipm) by extension 'ignore_ament_install'
[0.178s] Level 1:colcon.colcon_core.package_identification:_identify(src/soccer_ipm) by extensions ['colcon_pkg']
[0.178s] Level 1:colcon.colcon_core.package_identification:_identify(src/soccer_ipm) by extension 'colcon_pkg'
[0.178s] Level 1:colcon.colcon_core.package_identification:_identify(src/soccer_ipm) by extensions ['colcon_meta']
[0.178s] Level 1:colcon.colcon_core.package_identification:_identify(src/soccer_ipm) by extension 'colcon_meta'
[0.178s] Level 1:colcon.colcon_core.package_identification:_identify(src/soccer_ipm) by extensions ['ros']
[0.178s] Level 1:colcon.colcon_core.package_identification:_identify(src/soccer_ipm) by extension 'ros'
[0.179s] DEBUG:colcon.colcon_core.package_identification:Package 'src/soccer_ipm' with type 'ros.ament_python' and name 'soccer_ipm'
[0.179s] Level 1:colcon.colcon_core.package_identification:_identify(src/temp_ball_detector) by extensions ['ignore', 'ignore_ament_install']
[0.179s] Level 1:colcon.colcon_core.package_identification:_identify(src/temp_ball_detector) by extension 'ignore'
[0.179s] Level 1:colcon.colcon_core.package_identification:_identify(src/temp_ball_detector) by extension 'ignore_ament_install'
[0.179s] Level 1:colcon.colcon_core.package_identification:_identify(src/temp_ball_detector) by extensions ['colcon_pkg']
[0.179s] Level 1:colcon.colcon_core.package_identification:_identify(src/temp_ball_detector) by extension 'colcon_pkg'
[0.179s] Level 1:colcon.colcon_core.package_identification:_identify(src/temp_ball_detector) by extensions ['colcon_meta']
[0.179s] Level 1:colcon.colcon_core.package_identification:_identify(src/temp_ball_detector) by extension 'colcon_meta'
[0.179s] Level 1:colcon.colcon_core.package_identification:_identify(src/temp_ball_detector) by extensions ['ros']
[0.179s] Level 1:colcon.colcon_core.package_identification:_identify(src/temp_ball_detector) by extension 'ros'
[0.180s] DEBUG:colcon.colcon_core.package_identification:Package 'src/temp_ball_detector' with type 'ros.ament_cmake' and name 'temp_ball_detector'
[0.180s] Level 1:colcon.colcon_core.package_identification:_identify(src/usb_cam) by extensions ['ignore', 'ignore_ament_install']
[0.180s] Level 1:colcon.colcon_core.package_identification:_identify(src/usb_cam) by extension 'ignore'
[0.180s] Level 1:colcon.colcon_core.package_identification:_identify(src/usb_cam) by extension 'ignore_ament_install'
[0.180s] Level 1:colcon.colcon_core.package_identification:_identify(src/usb_cam) by extensions ['colcon_pkg']
[0.180s] Level 1:colcon.colcon_core.package_identification:_identify(src/usb_cam) by extension 'colcon_pkg'
[0.180s] Level 1:colcon.colcon_core.package_identification:_identify(src/usb_cam) by extensions ['colcon_meta']
[0.180s] Level 1:colcon.colcon_core.package_identification:_identify(src/usb_cam) by extension 'colcon_meta'
[0.180s] Level 1:colcon.colcon_core.package_identification:_identify(src/usb_cam) by extensions ['ros']
[0.180s] Level 1:colcon.colcon_core.package_identification:_identify(src/usb_cam) by extension 'ros'
[0.181s] DEBUG:colcon.colcon_core.package_identification:Package 'src/usb_cam' with type 'ros.ament_cmake' and name 'usb_cam'
[0.181s] Level 1:colcon.colcon_core.package_identification:_identify(src/video_subscriber) by extensions ['ignore', 'ignore_ament_install']
[0.181s] Level 1:colcon.colcon_core.package_identification:_identify(src/video_subscriber) by extension 'ignore'
[0.181s] Level 1:colcon.colcon_core.package_identification:_identify(src/video_subscriber) by extension 'ignore_ament_install'
[0.181s] Level 1:colcon.colcon_core.package_identification:_identify(src/video_subscriber) by extensions ['colcon_pkg']
[0.182s] Level 1:colcon.colcon_core.package_identification:_identify(src/video_subscriber) by extension 'colcon_pkg'
[0.182s] Level 1:colcon.colcon_core.package_identification:_identify(src/video_subscriber) by extensions ['colcon_meta']
[0.182s] Level 1:colcon.colcon_core.package_identification:_identify(src/video_subscriber) by extension 'colcon_meta'
[0.182s] Level 1:colcon.colcon_core.package_identification:_identify(src/video_subscriber) by extensions ['ros']
[0.182s] Level 1:colcon.colcon_core.package_identification:_identify(src/video_subscriber) by extension 'ros'
[0.182s] DEBUG:colcon.colcon_core.package_identification:Package 'src/video_subscriber' with type 'ros.ament_python' and name 'video_subscriber'
[0.182s] Level 1:colcon.colcon_core.package_identification:_identify(vision-dashboard) by extensions ['ignore', 'ignore_ament_install']
[0.182s] Level 1:colcon.colcon_core.package_identification:_identify(vision-dashboard) by extension 'ignore'
[0.182s] Level 1:colcon.colcon_core.package_identification:_identify(vision-dashboard) by extension 'ignore_ament_install'
[0.182s] Level 1:colcon.colcon_core.package_identification:_identify(vision-dashboard) by extensions ['colcon_pkg']
[0.182s] Level 1:colcon.colcon_core.package_identification:_identify(vision-dashboard) by extension 'colcon_pkg'
[0.182s] Level 1:colcon.colcon_core.package_identification:_identify(vision-dashboard) by extensions ['colcon_meta']
[0.182s] Level 1:colcon.colcon_core.package_identification:_identify(vision-dashboard) by extension 'colcon_meta'
[0.182s] Level 1:colcon.colcon_core.package_identification:_identify(vision-dashboard) by extensions ['ros']
[0.182s] Level 1:colcon.colcon_core.package_identification:_identify(vision-dashboard) by extension 'ros'
[0.182s] Level 1:colcon.colcon_core.package_identification:_identify(vision-dashboard) by extensions ['cmake', 'python']
[0.182s] Level 1:colcon.colcon_core.package_identification:_identify(vision-dashboard) by extension 'cmake'
[0.183s] Level 1:colcon.colcon_core.package_identification:_identify(vision-dashboard) by extension 'python'
[0.183s] Level 1:colcon.colcon_core.package_identification:_identify(vision-dashboard) by extensions ['python_setup_py']
[0.183s] Level 1:colcon.colcon_core.package_identification:_identify(vision-dashboard) by extension 'python_setup_py'
[0.183s] Level 1:colcon.colcon_core.package_identification:_identify(vision-dashboard/app) by extensions ['ignore', 'ignore_ament_install']
[0.183s] Level 1:colcon.colcon_core.package_identification:_identify(vision-dashboard/app) by extension 'ignore'
[0.183s] Level 1:colcon.colcon_core.package_identification:_identify(vision-dashboard/app) by extension 'ignore_ament_install'
[0.183s] Level 1:colcon.colcon_core.package_identification:_identify(vision-dashboard/app) by extensions ['colcon_pkg']
[0.183s] Level 1:colcon.colcon_core.package_identification:_identify(vision-dashboard/app) by extension 'colcon_pkg'
[0.183s] Level 1:colcon.colcon_core.package_identification:_identify(vision-dashboard/app) by extensions ['colcon_meta']
[0.183s] Level 1:colcon.colcon_core.package_identification:_identify(vision-dashboard/app) by extension 'colcon_meta'
[0.183s] Level 1:colcon.colcon_core.package_identification:_identify(vision-dashboard/app) by extensions ['ros']
[0.183s] Level 1:colcon.colcon_core.package_identification:_identify(vision-dashboard/app) by extension 'ros'
[0.183s] Level 1:colcon.colcon_core.package_identification:_identify(vision-dashboard/app) by extensions ['cmake', 'python']
[0.183s] Level 1:colcon.colcon_core.package_identification:_identify(vision-dashboard/app) by extension 'cmake'
[0.183s] Level 1:colcon.colcon_core.package_identification:_identify(vision-dashboard/app) by extension 'python'
[0.183s] Level 1:colcon.colcon_core.package_identification:_identify(vision-dashboard/app) by extensions ['python_setup_py']
[0.183s] Level 1:colcon.colcon_core.package_identification:_identify(vision-dashboard/app) by extension 'python_setup_py'
[0.183s] Level 1:colcon.colcon_core.package_identification:_identify(vision-dashboard/app/components) by extensions ['ignore', 'ignore_ament_install']
[0.183s] Level 1:colcon.colcon_core.package_identification:_identify(vision-dashboard/app/components) by extension 'ignore'
[0.183s] Level 1:colcon.colcon_core.package_identification:_identify(vision-dashboard/app/components) by extension 'ignore_ament_install'
[0.183s] Level 1:colcon.colcon_core.package_identification:_identify(vision-dashboard/app/components) by extensions ['colcon_pkg']
[0.183s] Level 1:colcon.colcon_core.package_identification:_identify(vision-dashboard/app/components) by extension 'colcon_pkg'
[0.183s] Level 1:colcon.colcon_core.package_identification:_identify(vision-dashboard/app/components) by extensions ['colcon_meta']
[0.183s] Level 1:colcon.colcon_core.package_identification:_identify(vision-dashboard/app/components) by extension 'colcon_meta'
[0.183s] Level 1:colcon.colcon_core.package_identification:_identify(vision-dashboard/app/components) by extensions ['ros']
[0.183s] Level 1:colcon.colcon_core.package_identification:_identify(vision-dashboard/app/components) by extension 'ros'
[0.184s] Level 1:colcon.colcon_core.package_identification:_identify(vision-dashboard/app/components) by extensions ['cmake', 'python']
[0.184s] Level 1:colcon.colcon_core.package_identification:_identify(vision-dashboard/app/components) by extension 'cmake'
[0.184s] Level 1:colcon.colcon_core.package_identification:_identify(vision-dashboard/app/components) by extension 'python'
[0.184s] Level 1:colcon.colcon_core.package_identification:_identify(vision-dashboard/app/components) by extensions ['python_setup_py']
[0.184s] Level 1:colcon.colcon_core.package_identification:_identify(vision-dashboard/app/components) by extension 'python_setup_py'
[0.184s] Level 1:colcon.colcon_core.package_identification:_identify(vision-dashboard/public) by extensions ['ignore', 'ignore_ament_install']
[0.184s] Level 1:colcon.colcon_core.package_identification:_identify(vision-dashboard/public) by extension 'ignore'
[0.184s] Level 1:colcon.colcon_core.package_identification:_identify(vision-dashboard/public) by extension 'ignore_ament_install'
[0.184s] Level 1:colcon.colcon_core.package_identification:_identify(vision-dashboard/public) by extensions ['colcon_pkg']
[0.184s] Level 1:colcon.colcon_core.package_identification:_identify(vision-dashboard/public) by extension 'colcon_pkg'
[0.184s] Level 1:colcon.colcon_core.package_identification:_identify(vision-dashboard/public) by extensions ['colcon_meta']
[0.184s] Level 1:colcon.colcon_core.package_identification:_identify(vision-dashboard/public) by extension 'colcon_meta'
[0.184s] Level 1:colcon.colcon_core.package_identification:_identify(vision-dashboard/public) by extensions ['ros']
[0.184s] Level 1:colcon.colcon_core.package_identification:_identify(vision-dashboard/public) by extension 'ros'
[0.184s] Level 1:colcon.colcon_core.package_identification:_identify(vision-dashboard/public) by extensions ['cmake', 'python']
[0.184s] Level 1:colcon.colcon_core.package_identification:_identify(vision-dashboard/public) by extension 'cmake'
[0.184s] Level 1:colcon.colcon_core.package_identification:_identify(vision-dashboard/public) by extension 'python'
[0.184s] Level 1:colcon.colcon_core.package_identification:_identify(vision-dashboard/public) by extensions ['python_setup_py']
[0.184s] Level 1:colcon.colcon_core.package_identification:_identify(vision-dashboard/public) by extension 'python_setup_py'
[0.184s] Level 1:colcon.colcon_core.package_discovery:discover_packages(recursive) using defaults
[0.184s] Level 1:colcon.colcon_core.package_discovery:discover_packages(ignore) discover
[0.184s] Level 1:colcon.colcon_core.package_discovery:discover_packages(ignore) using defaults
[0.184s] Level 1:colcon.colcon_core.package_discovery:discover_packages(path) discover
[0.184s] Level 1:colcon.colcon_core.package_discovery:discover_packages(path) using defaults
[0.203s] INFO:colcon.colcon_core.package_selection:Skipping not selected package 'altair_calibration' in 'src/altair_calibration'
[0.203s] INFO:colcon.colcon_core.package_selection:Skipping not selected package 'ball_detection' in 'src/sample_program/ball_detection'
[0.203s] INFO:colcon.colcon_core.package_selection:Skipping not selected package 'ball_detector' in 'src/ball_detector'
[0.203s] INFO:colcon.colcon_core.package_selection:Skipping not selected package 'camera_calibration' in 'src/camera_calibration'
[0.203s] INFO:colcon.colcon_core.package_selection:Skipping not selected package 'soccer_field_map_generator' in 'src/soccer_field_map_generator/soccer_field_map_generator'
[0.203s] INFO:colcon.colcon_core.package_selection:Skipping not selected package 'temp_ball_detector' in 'src/temp_ball_detector'
[0.203s] INFO:colcon.colcon_core.package_selection:Skipping not selected package 'usb_cam' in 'src/usb_cam'
[0.203s] INFO:colcon.colcon_core.package_selection:Skipping not selected package 'video_subscriber' in 'src/video_subscriber'
[0.203s] Level 1:colcon.colcon_core.package_discovery:discover_packages(prefix_path) check parameters
[0.203s] Level 1:colcon.colcon_core.package_discovery:discover_packages(prefix_path) discover
[0.205s] DEBUG:colcon.colcon_installed_package_information.package_discovery:Found 11 installed packages in /home/abyan/Documents/FOR_ALTAIR/ALTAIR-vision/install
[0.206s] DEBUG:colcon.colcon_installed_package_information.package_discovery:Found 308 installed packages in /opt/ros/jazzy
[0.208s] Level 1:colcon.colcon_core.package_discovery:discover_packages(prefix_path) using defaults
[0.242s] Level 5:colcon.colcon_core.verb:set package 'ball_detect' build argument 'cmake_args' from command line to 'None'
[0.242s] Level 5:colcon.colcon_core.verb:set package 'ball_detect' build argument 'cmake_target' from command line to 'None'
[0.242s] Level 5:colcon.colcon_core.verb:set package 'ball_detect' build argument 'cmake_target_skip_unavailable' from command line to 'False'
[0.242s] Level 5:colcon.colcon_core.verb:set package 'ball_detect' build argument 'cmake_clean_cache' from command line to 'False'
[0.242s] Level 5:colcon.colcon_core.verb:set package 'ball_detect' build argument 'cmake_clean_first' from command line to 'False'
[0.242s] Level 5:colcon.colcon_core.verb:set package 'ball_detect' build argument 'cmake_force_configure' from command line to 'False'
[0.242s] Level 5:colcon.colcon_core.verb:set package 'ball_detect' build argument 'ament_cmake_args' from command line to 'None'
[0.242s] Level 5:colcon.colcon_core.verb:set package 'ball_detect' build argument 'catkin_cmake_args' from command line to 'None'
[0.242s] Level 5:colcon.colcon_core.verb:set package 'ball_detect' build argument 'catkin_skip_building_tests' from command line to 'False'
[0.242s] DEBUG:colcon.colcon_core.verb:Building package 'ball_detect' with the following arguments: {'ament_cmake_args': None, 'build_base': '/home/abyan/Documents/FOR_ALTAIR/ALTAIR-vision/build/ball_detect', 'catkin_cmake_args': None, 'catkin_skip_building_tests': False, 'cmake_args': None, 'cmake_clean_cache': False, 'cmake_clean_first': False, 'cmake_force_configure': False, 'cmake_target': None, 'cmake_target_skip_unavailable': False, 'install_base': '/home/abyan/Documents/FOR_ALTAIR/ALTAIR-vision/install/ball_detect', 'merge_install': False, 'path': '/home/abyan/Documents/FOR_ALTAIR/ALTAIR-vision/src/ball_detect', 'symlink_install': False, 'test_result_base': None}
[0.242s] Level 5:colcon.colcon_core.verb:set package 'soccer_ipm' build argument 'cmake_args' from command line to 'None'
[0.242s] Level 5:colcon.colcon_core.verb:set package 'soccer_ipm' build argument 'cmake_target' from command line to 'None'
[0.242s] Level 5:colcon.colcon_core.verb:set package 'soccer_ipm' build argument 'cmake_target_skip_unavailable' from command line to 'False'
[0.242s] Level 5:colcon.colcon_core.verb:set package 'soccer_ipm' build argument 'cmake_clean_cache' from command line to 'False'
[0.242s] Level 5:colcon.colcon_core.verb:set package 'soccer_ipm' build argument 'cmake_clean_first' from command line to 'False'
[0.242s] Level 5:colcon.colcon_core.verb:set package 'soccer_ipm' build argument 'cmake_force_configure' from command line to 'False'
[0.242s] Level 5:colcon.colcon_core.verb:set package 'soccer_ipm' build argument 'ament_cmake_args' from command line to 'None'
[0.242s] Level 5:colcon.colcon_core.verb:set package 'soccer_ipm' build argument 'catkin_cmake_args' from command line to 'None'
[0.242s] Level 5:colcon.colcon_core.verb:set package 'soccer_ipm' build argument 'catkin_skip_building_tests' from command line to 'False'
[0.243s] DEBUG:colcon.colcon_core.verb:Building package 'soccer_ipm' with the following arguments: {'ament_cmake_args': None, 'build_base': '/home/abyan/Documents/FOR_ALTAIR/ALTAIR-vision/build/soccer_ipm', 'catkin_cmake_args': None, 'catkin_skip_building_tests': False, 'cmake_args': None, 'cmake_clean_cache': False, 'cmake_clean_first': False, 'cmake_force_configure': False, 'cmake_target': None, 'cmake_target_skip_unavailable': False, 'install_base': '/home/abyan/Documents/FOR_ALTAIR/ALTAIR-vision/install/soccer_ipm', 'merge_install': False, 'path': '/home/abyan/Documents/FOR_ALTAIR/ALTAIR-vision/src/soccer_ipm', 'symlink_install': False, 'test_result_base': None}
[0.243s] INFO:colcon.colcon_core.executor:Executing jobs using 'parallel' executor
[0.244s] DEBUG:colcon.colcon_parallel_executor.executor.parallel:run_until_complete
[0.245s] INFO:colcon.colcon_ros.task.ament_cmake.build:Building ROS package in '/home/abyan/Documents/FOR_ALTAIR/ALTAIR-vision/src/ball_detect' with build type 'ament_cmake'
[0.245s] INFO:colcon.colcon_cmake.task.cmake.build:Building CMake package in '/home/abyan/Documents/FOR_ALTAIR/ALTAIR-vision/src/ball_detect'
[0.247s] INFO:colcon.colcon_core.plugin_system:Skipping extension 'colcon_core.shell.bat': Not used on non-Windows systems
[0.248s] INFO:colcon.colcon_core.shell:Skip shell extension 'powershell' for command environment: Not usable outside of PowerShell
[0.248s] DEBUG:colcon.colcon_core.shell:Skip shell extension 'dsv' for command environment
[0.252s] INFO:colcon.colcon_ros.task.ament_python.build:Building ROS package in '/home/abyan/Documents/FOR_ALTAIR/ALTAIR-vision/src/soccer_ipm' with build type 'ament_python'
[0.252s] Level 1:colcon.colcon_core.shell:create_environment_hook('soccer_ipm', 'ament_prefix_path')
[0.252s] INFO:colcon.colcon_core.shell:Creating environment hook '/home/abyan/Documents/FOR_ALTAIR/ALTAIR-vision/install/soccer_ipm/share/soccer_ipm/hook/ament_prefix_path.ps1'
[0.253s] INFO:colcon.colcon_core.shell:Creating environment descriptor '/home/abyan/Documents/FOR_ALTAIR/ALTAIR-vision/install/soccer_ipm/share/soccer_ipm/hook/ament_prefix_path.dsv'
[0.253s] INFO:colcon.colcon_core.shell:Creating environment hook '/home/abyan/Documents/FOR_ALTAIR/ALTAIR-vision/install/soccer_ipm/share/soccer_ipm/hook/ament_prefix_path.sh'
[0.254s] INFO:colcon.colcon_core.shell:Skip shell extension 'powershell' for command environment: Not usable outside of PowerShell
[0.254s] DEBUG:colcon.colcon_core.shell:Skip shell extension 'dsv' for command environment
[0.260s] DEBUG:colcon.colcon_core.event_handler.log_command:Invoking command in '/home/abyan/Documents/FOR_ALTAIR/ALTAIR-vision/build/ball_detect': CMAKE_PREFIX_PATH=${CMAKE_PREFIX_PATH}:/home/abyan/Documents/FOR_ALTAIR/ALTAIR-vision/install/soccer_ipm:/home/abyan/Documents/FOR_ALTAIR/ALTAIR-vision/install/video_subscriber:/home/abyan/Documents/FOR_ALTAIR/ALTAIR-vision/install/soccer_field_map_generator:/home/abyan/Documents/FOR_ALTAIR/ALTAIR-vision/install/camera_calibration:/home/abyan/Documents/FOR_ALTAIR/ALTAIR-vision/install/ball_detector:/opt/ros/jazzy CONDA_PROMPT_MODIFIER=(base) DEBUGINFOD_URLS=https://debuginfod.ubuntu.com /usr/bin/cmake --build /home/abyan/Documents/FOR_ALTAIR/ALTAIR-vision/build/ball_detect -- -j16 -l16
[0.910s] INFO:colcon.colcon_core.task.python.build:Building Python package in '/home/abyan/Documents/FOR_ALTAIR/ALTAIR-vision/src/soccer_ipm'
[0.910s] INFO:colcon.colcon_core.shell:Skip shell extension 'powershell' for command environment: Not usable outside of PowerShell
[0.911s] DEBUG:colcon.colcon_core.shell:Skip shell extension 'dsv' for command environment
[1.238s] DEBUG:colcon.colcon_core.event_handler.log_command:Invoked command in '/home/abyan/Documents/FOR_ALTAIR/ALTAIR-vision/build/ball_detect' returned '0': CMAKE_PREFIX_PATH=${CMAKE_PREFIX_PATH}:/home/abyan/Documents/FOR_ALTAIR/ALTAIR-vision/install/soccer_ipm:/home/abyan/Documents/FOR_ALTAIR/ALTAIR-vision/install/video_subscriber:/home/abyan/Documents/FOR_ALTAIR/ALTAIR-vision/install/soccer_field_map_generator:/home/abyan/Documents/FOR_ALTAIR/ALTAIR-vision/install/camera_calibration:/home/abyan/Documents/FOR_ALTAIR/ALTAIR-vision/install/ball_detector:/opt/ros/jazzy CONDA_PROMPT_MODIFIER=(base) DEBUGINFOD_URLS=https://debuginfod.ubuntu.com /usr/bin/cmake --build /home/abyan/Documents/FOR_ALTAIR/ALTAIR-vision/build/ball_detect -- -j16 -l16
[1.266s] DEBUG:colcon.colcon_core.event_handler.log_command:Invoking command in '/home/abyan/Documents/FOR_ALTAIR/ALTAIR-vision/build/ball_detect': CMAKE_PREFIX_PATH=${CMAKE_PREFIX_PATH}:/home/abyan/Documents/FOR_ALTAIR/ALTAIR-vision/install/soccer_ipm:/home/abyan/Documents/FOR_ALTAIR/ALTAIR-vision/install/video_subscriber:/home/abyan/Documents/FOR_ALTAIR/ALTAIR-vision/install/soccer_field_map_generator:/home/abyan/Documents/FOR_ALTAIR/ALTAIR-vision/install/camera_calibration:/home/abyan/Documents/FOR_ALTAIR/ALTAIR-vision/install/ball_detector:/opt/ros/jazzy CONDA_PROMPT_MODIFIER=(base) DEBUGINFOD_URLS=https://debuginfod.ubuntu.com /usr/bin/cmake --install /home/abyan/Documents/FOR_ALTAIR/ALTAIR-vision/build/ball_detect
[1.406s] Level 1:colcon.colcon_core.environment:create_environment_scripts_only(ball_detect)
[1.407s] DEBUG:colcon.colcon_core.event_handler.log_command:Invoked command in '/home/abyan/Documents/FOR_ALTAIR/ALTAIR-vision/build/ball_detect' returned '0': CMAKE_PREFIX_PATH=${CMAKE_PREFIX_PATH}:/home/abyan/Documents/FOR_ALTAIR/ALTAIR-vision/install/soccer_ipm:/home/abyan/Documents/FOR_ALTAIR/ALTAIR-vision/install/video_subscriber:/home/abyan/Documents/FOR_ALTAIR/ALTAIR-vision/install/soccer_field_map_generator:/home/abyan/Documents/FOR_ALTAIR/ALTAIR-vision/install/camera_calibration:/home/abyan/Documents/FOR_ALTAIR/ALTAIR-vision/install/ball_detector:/opt/ros/jazzy CONDA_PROMPT_MODIFIER=(base) DEBUGINFOD_URLS=https://debuginfod.ubuntu.com /usr/bin/cmake --install /home/abyan/Documents/FOR_ALTAIR/ALTAIR-vision/build/ball_detect
[1.414s] Level 1:colcon.colcon_core.environment:checking '/home/abyan/Documents/FOR_ALTAIR/ALTAIR-vision/install/ball_detect' for CMake module files
[1.416s] Level 1:colcon.colcon_core.environment:checking '/home/abyan/Documents/FOR_ALTAIR/ALTAIR-vision/install/ball_detect' for CMake config files
[1.417s] Level 1:colcon.colcon_core.shell:create_environment_hook('ball_detect', 'cmake_prefix_path')
[1.418s] INFO:colcon.colcon_core.shell:Creating environment hook '/home/abyan/Documents/FOR_ALTAIR/ALTAIR-vision/install/ball_detect/share/ball_detect/hook/cmake_prefix_path.ps1'
[1.419s] INFO:colcon.colcon_core.shell:Creating environment descriptor '/home/abyan/Documents/FOR_ALTAIR/ALTAIR-vision/install/ball_detect/share/ball_detect/hook/cmake_prefix_path.dsv'
[1.420s] INFO:colcon.colcon_core.shell:Creating environment hook '/home/abyan/Documents/FOR_ALTAIR/ALTAIR-vision/install/ball_detect/share/ball_detect/hook/cmake_prefix_path.sh'
[1.421s] Level 1:colcon.colcon_core.environment:checking '/home/abyan/Documents/FOR_ALTAIR/ALTAIR-vision/install/ball_detect/lib'
[1.422s] Level 1:colcon.colcon_core.shell:create_environment_hook('ball_detect', 'ld_library_path_lib')
[1.422s] INFO:colcon.colcon_core.shell:Creating environment hook '/home/abyan/Documents/FOR_ALTAIR/ALTAIR-vision/install/ball_detect/share/ball_detect/hook/ld_library_path_lib.ps1'
[1.423s] INFO:colcon.colcon_core.shell:Creating environment descriptor '/home/abyan/Documents/FOR_ALTAIR/ALTAIR-vision/install/ball_detect/share/ball_detect/hook/ld_library_path_lib.dsv'
[1.424s] INFO:colcon.colcon_core.shell:Creating environment hook '/home/abyan/Documents/FOR_ALTAIR/ALTAIR-vision/install/ball_detect/share/ball_detect/hook/ld_library_path_lib.sh'
[1.425s] Level 1:colcon.colcon_core.environment:checking '/home/abyan/Documents/FOR_ALTAIR/ALTAIR-vision/install/ball_detect/bin'
[1.425s] Level 1:colcon.colcon_core.environment:checking '/home/abyan/Documents/FOR_ALTAIR/ALTAIR-vision/install/ball_detect/lib/pkgconfig/ball_detect.pc'
[1.426s] Level 1:colcon.colcon_core.environment:checking '/home/abyan/Documents/FOR_ALTAIR/ALTAIR-vision/install/ball_detect/lib/python3.12/site-packages'
[1.426s] Level 1:colcon.colcon_core.shell:create_environment_hook('ball_detect', 'pythonpath')
[1.426s] INFO:colcon.colcon_core.shell:Creating environment hook '/home/abyan/Documents/FOR_ALTAIR/ALTAIR-vision/install/ball_detect/share/ball_detect/hook/pythonpath.ps1'
[1.427s] INFO:colcon.colcon_core.shell:Creating environment descriptor '/home/abyan/Documents/FOR_ALTAIR/ALTAIR-vision/install/ball_detect/share/ball_detect/hook/pythonpath.dsv'
[1.428s] INFO:colcon.colcon_core.shell:Creating environment hook '/home/abyan/Documents/FOR_ALTAIR/ALTAIR-vision/install/ball_detect/share/ball_detect/hook/pythonpath.sh'
[1.429s] Level 1:colcon.colcon_core.environment:checking '/home/abyan/Documents/FOR_ALTAIR/ALTAIR-vision/install/ball_detect/bin'
[1.430s] INFO:colcon.colcon_core.shell:Creating package script '/home/abyan/Documents/FOR_ALTAIR/ALTAIR-vision/install/ball_detect/share/ball_detect/package.ps1'
[1.432s] INFO:colcon.colcon_core.shell:Creating package descriptor '/home/abyan/Documents/FOR_ALTAIR/ALTAIR-vision/install/ball_detect/share/ball_detect/package.dsv'
[1.433s] INFO:colcon.colcon_core.shell:Creating package script '/home/abyan/Documents/FOR_ALTAIR/ALTAIR-vision/install/ball_detect/share/ball_detect/package.sh'
[1.435s] INFO:colcon.colcon_core.shell:Creating package script '/home/abyan/Documents/FOR_ALTAIR/ALTAIR-vision/install/ball_detect/share/ball_detect/package.bash'
[1.436s] INFO:colcon.colcon_core.shell:Creating package script '/home/abyan/Documents/FOR_ALTAIR/ALTAIR-vision/install/ball_detect/share/ball_detect/package.zsh'
[1.437s] Level 1:colcon.colcon_core.environment:create_file_with_runtime_dependencies(/home/abyan/Documents/FOR_ALTAIR/ALTAIR-vision/install/ball_detect/share/colcon-core/packages/ball_detect)
[1.438s] Level 1:colcon.colcon_core.environment:create_environment_scripts_only(ball_detect)
[1.438s] Level 1:colcon.colcon_core.environment:checking '/home/abyan/Documents/FOR_ALTAIR/ALTAIR-vision/install/ball_detect' for CMake module files
[1.440s] Level 1:colcon.colcon_core.environment:checking '/home/abyan/Documents/FOR_ALTAIR/ALTAIR-vision/install/ball_detect' for CMake config files
[1.441s] Level 1:colcon.colcon_core.shell:create_environment_hook('ball_detect', 'cmake_prefix_path')
[1.441s] INFO:colcon.colcon_core.shell:Creating environment hook '/home/abyan/Documents/FOR_ALTAIR/ALTAIR-vision/install/ball_detect/share/ball_detect/hook/cmake_prefix_path.ps1'
[1.442s] INFO:colcon.colcon_core.shell:Creating environment descriptor '/home/abyan/Documents/FOR_ALTAIR/ALTAIR-vision/install/ball_detect/share/ball_detect/hook/cmake_prefix_path.dsv'
[1.442s] INFO:colcon.colcon_core.shell:Creating environment hook '/home/abyan/Documents/FOR_ALTAIR/ALTAIR-vision/install/ball_detect/share/ball_detect/hook/cmake_prefix_path.sh'
[1.444s] Level 1:colcon.colcon_core.environment:checking '/home/abyan/Documents/FOR_ALTAIR/ALTAIR-vision/install/ball_detect/lib'
[1.444s] Level 1:colcon.colcon_core.shell:create_environment_hook('ball_detect', 'ld_library_path_lib')
[1.444s] INFO:colcon.colcon_core.shell:Creating environment hook '/home/abyan/Documents/FOR_ALTAIR/ALTAIR-vision/install/ball_detect/share/ball_detect/hook/ld_library_path_lib.ps1'
[1.445s] INFO:colcon.colcon_core.shell:Creating environment descriptor '/home/abyan/Documents/FOR_ALTAIR/ALTAIR-vision/install/ball_detect/share/ball_detect/hook/ld_library_path_lib.dsv'
[1.446s] INFO:colcon.colcon_core.shell:Creating environment hook '/home/abyan/Documents/FOR_ALTAIR/ALTAIR-vision/install/ball_detect/share/ball_detect/hook/ld_library_path_lib.sh'
[1.446s] Level 1:colcon.colcon_core.environment:checking '/home/abyan/Documents/FOR_ALTAIR/ALTAIR-vision/install/ball_detect/bin'
[1.446s] Level 1:colcon.colcon_core.environment:checking '/home/abyan/Documents/FOR_ALTAIR/ALTAIR-vision/install/ball_detect/lib/pkgconfig/ball_detect.pc'
[1.447s] Level 1:colcon.colcon_core.environment:checking '/home/abyan/Documents/FOR_ALTAIR/ALTAIR-vision/install/ball_detect/lib/python3.12/site-packages'
[1.447s] Level 1:colcon.colcon_core.shell:create_environment_hook('ball_detect', 'pythonpath')
[1.448s] INFO:colcon.colcon_core.shell:Creating environment hook '/home/abyan/Documents/FOR_ALTAIR/ALTAIR-vision/install/ball_detect/share/ball_detect/hook/pythonpath.ps1'
[1.449s] INFO:colcon.colcon_core.shell:Creating environment descriptor '/home/abyan/Documents/FOR_ALTAIR/ALTAIR-vision/install/ball_detect/share/ball_detect/hook/pythonpath.dsv'
[1.450s] INFO:colcon.colcon_core.shell:Creating environment hook '/home/abyan/Documents/FOR_ALTAIR/ALTAIR-vision/install/ball_detect/share/ball_detect/hook/pythonpath.sh'
[1.451s] Level 1:colcon.colcon_core.environment:checking '/home/abyan/Documents/FOR_ALTAIR/ALTAIR-vision/install/ball_detect/bin'
[1.452s] INFO:colcon.colcon_core.shell:Creating package script '/home/abyan/Documents/FOR_ALTAIR/ALTAIR-vision/install/ball_detect/share/ball_detect/package.ps1'
[1.453s] INFO:colcon.colcon_core.shell:Creating package descriptor '/home/abyan/Documents/FOR_ALTAIR/ALTAIR-vision/install/ball_detect/share/ball_detect/package.dsv'
[1.454s] INFO:colcon.colcon_core.shell:Creating package script '/home/abyan/Documents/FOR_ALTAIR/ALTAIR-vision/install/ball_detect/share/ball_detect/package.sh'
[1.456s] INFO:colcon.colcon_core.shell:Creating package script '/home/abyan/Documents/FOR_ALTAIR/ALTAIR-vision/install/ball_detect/share/ball_detect/package.bash'
[1.456s] INFO:colcon.colcon_core.shell:Creating package script '/home/abyan/Documents/FOR_ALTAIR/ALTAIR-vision/install/ball_detect/share/ball_detect/package.zsh'
[1.457s] Level 1:colcon.colcon_core.environment:create_file_with_runtime_dependencies(/home/abyan/Documents/FOR_ALTAIR/ALTAIR-vision/install/ball_detect/share/colcon-core/packages/ball_detect)
[2.229s] DEBUG:colcon.colcon_core.event_handler.log_command:Invoking command in '/home/abyan/Documents/FOR_ALTAIR/ALTAIR-vision/src/soccer_ipm': CONDA_PROMPT_MODIFIER=(base) DEBUGINFOD_URLS=https://debuginfod.ubuntu.com PYTHONPATH=/home/abyan/Documents/FOR_ALTAIR/ALTAIR-vision/build/soccer_ipm/prefix_override:/usr/lib/python3/dist-packages/colcon_core/task/python/colcon_distutils_commands:/home/abyan/Documents/FOR_ALTAIR/ALTAIR-vision/install/soccer_ipm/lib/python3.12/site-packages:${PYTHONPATH} /usr/bin/python3 -W ignore:setup.py install is deprecated -W ignore:easy_install command is deprecated setup.py egg_info --egg-base ../../build/soccer_ipm build --build-base /home/abyan/Documents/FOR_ALTAIR/ALTAIR-vision/build/soccer_ipm/build install --record /home/abyan/Documents/FOR_ALTAIR/ALTAIR-vision/build/soccer_ipm/install.log --single-version-externally-managed install_data
[3.292s] Level 1:colcon.colcon_core.environment:checking '/home/abyan/Documents/FOR_ALTAIR/ALTAIR-vision/install/soccer_ipm' for CMake module files
[3.294s] DEBUG:colcon.colcon_core.event_handler.log_command:Invoked command in '/home/abyan/Documents/FOR_ALTAIR/ALTAIR-vision/src/soccer_ipm' returned '0': CONDA_PROMPT_MODIFIER=(base) DEBUGINFOD_URLS=https://debuginfod.ubuntu.com PYTHONPATH=/home/abyan/Documents/FOR_ALTAIR/ALTAIR-vision/build/soccer_ipm/prefix_override:/usr/lib/python3/dist-packages/colcon_core/task/python/colcon_distutils_commands:/home/abyan/Documents/FOR_ALTAIR/ALTAIR-vision/install/soccer_ipm/lib/python3.12/site-packages:${PYTHONPATH} /usr/bin/python3 -W ignore:setup.py install is deprecated -W ignore:easy_install command is deprecated setup.py egg_info --egg-base ../../build/soccer_ipm build --build-base /home/abyan/Documents/FOR_ALTAIR/ALTAIR-vision/build/soccer_ipm/build install --record /home/abyan/Documents/FOR_ALTAIR/ALTAIR-vision/build/soccer_ipm/install.log --single-version-externally-managed install_data
[3.295s] Level 1:colcon.colcon_core.environment:checking '/home/abyan/Documents/FOR_ALTAIR/ALTAIR-vision/install/soccer_ipm' for CMake config files
[3.296s] Level 1:colcon.colcon_core.environment:checking '/home/abyan/Documents/FOR_ALTAIR/ALTAIR-vision/install/soccer_ipm/lib'
[3.296s] Level 1:colcon.colcon_core.environment:checking '/home/abyan/Documents/FOR_ALTAIR/ALTAIR-vision/install/soccer_ipm/bin'
[3.297s] Level 1:colcon.colcon_core.environment:checking '/home/abyan/Documents/FOR_ALTAIR/ALTAIR-vision/install/soccer_ipm/lib/pkgconfig/soccer_ipm.pc'
[3.297s] Level 1:colcon.colcon_core.environment:checking '/home/abyan/Documents/FOR_ALTAIR/ALTAIR-vision/install/soccer_ipm/lib/python3.12/site-packages'
[3.298s] Level 1:colcon.colcon_core.shell:create_environment_hook('soccer_ipm', 'pythonpath')
[3.298s] INFO:colcon.colcon_core.shell:Creating environment hook '/home/abyan/Documents/FOR_ALTAIR/ALTAIR-vision/install/soccer_ipm/share/soccer_ipm/hook/pythonpath.ps1'
[3.299s] INFO:colcon.colcon_core.shell:Creating environment descriptor '/home/abyan/Documents/FOR_ALTAIR/ALTAIR-vision/install/soccer_ipm/share/soccer_ipm/hook/pythonpath.dsv'
[3.300s] INFO:colcon.colcon_core.shell:Creating environment hook '/home/abyan/Documents/FOR_ALTAIR/ALTAIR-vision/install/soccer_ipm/share/soccer_ipm/hook/pythonpath.sh'
[3.302s] Level 1:colcon.colcon_core.environment:checking '/home/abyan/Documents/FOR_ALTAIR/ALTAIR-vision/install/soccer_ipm/bin'
[3.302s] Level 1:colcon.colcon_core.environment:create_environment_scripts_only(soccer_ipm)
[3.302s] INFO:colcon.colcon_core.shell:Creating package script '/home/abyan/Documents/FOR_ALTAIR/ALTAIR-vision/install/soccer_ipm/share/soccer_ipm/package.ps1'
[3.303s] INFO:colcon.colcon_core.shell:Creating package descriptor '/home/abyan/Documents/FOR_ALTAIR/ALTAIR-vision/install/soccer_ipm/share/soccer_ipm/package.dsv'
[3.304s] INFO:colcon.colcon_core.shell:Creating package script '/home/abyan/Documents/FOR_ALTAIR/ALTAIR-vision/install/soccer_ipm/share/soccer_ipm/package.sh'
[3.305s] INFO:colcon.colcon_core.shell:Creating package script '/home/abyan/Documents/FOR_ALTAIR/ALTAIR-vision/install/soccer_ipm/share/soccer_ipm/package.bash'
[3.305s] INFO:colcon.colcon_core.shell:Creating package script '/home/abyan/Documents/FOR_ALTAIR/ALTAIR-vision/install/soccer_ipm/share/soccer_ipm/package.zsh'
[3.306s] Level 1:colcon.colcon_core.environment:create_file_with_runtime_dependencies(/home/abyan/Documents/FOR_ALTAIR/ALTAIR-vision/install/soccer_ipm/share/colcon-core/packages/soccer_ipm)
[3.307s] DEBUG:colcon.colcon_parallel_executor.executor.parallel:closing loop
[3.307s] DEBUG:colcon.colcon_parallel_executor.executor.parallel:loop closed
[3.307s] DEBUG:colcon.colcon_parallel_executor.executor.parallel:run_until_complete finished with '0'
[3.307s] DEBUG:colcon.colcon_core.event_reactor:joining thread
[3.330s] INFO:colcon.colcon_core.plugin_system:Skipping extension 'colcon_notification.desktop_notification.terminal_notifier': Not used on non-Darwin systems
[3.330s] INFO:colcon.colcon_core.plugin_system:Skipping extension 'colcon_notification.desktop_notification.win32': Not used on non-Windows systems
[3.330s] INFO:colcon.colcon_notification.desktop_notification:Sending desktop notification using 'notify2'
[3.361s] DEBUG:colcon.colcon_core.event_reactor:joined thread
[3.362s] INFO:colcon.colcon_core.shell:Creating prefix script '/home/abyan/Documents/FOR_ALTAIR/ALTAIR-vision/install/local_setup.ps1'
[3.364s] INFO:colcon.colcon_core.shell:Creating prefix util module '/home/abyan/Documents/FOR_ALTAIR/ALTAIR-vision/install/_local_setup_util_ps1.py'
[3.366s] INFO:colcon.colcon_core.shell:Creating prefix chain script '/home/abyan/Documents/FOR_ALTAIR/ALTAIR-vision/install/setup.ps1'
[3.369s] INFO:colcon.colcon_core.shell:Creating prefix script '/home/abyan/Documents/FOR_ALTAIR/ALTAIR-vision/install/local_setup.sh'
[3.370s] INFO:colcon.colcon_core.shell:Creating prefix util module '/home/abyan/Documents/FOR_ALTAIR/ALTAIR-vision/install/_local_setup_util_sh.py'
[3.371s] INFO:colcon.colcon_core.shell:Creating prefix chain script '/home/abyan/Documents/FOR_ALTAIR/ALTAIR-vision/install/setup.sh'
[3.375s] INFO:colcon.colcon_core.shell:Creating prefix script '/home/abyan/Documents/FOR_ALTAIR/ALTAIR-vision/install/local_setup.bash'
[3.376s] INFO:colcon.colcon_core.shell:Creating prefix chain script '/home/abyan/Documents/FOR_ALTAIR/ALTAIR-vision/install/setup.bash'
[3.378s] INFO:colcon.colcon_core.shell:Creating prefix script '/home/abyan/Documents/FOR_ALTAIR/ALTAIR-vision/install/local_setup.zsh'
[3.379s] INFO:colcon.colcon_core.shell:Creating prefix chain script '/home/abyan/Documents/FOR_ALTAIR/ALTAIR-vision/install/setup.zsh'
