[3.752s] Invoking command in '/home/abyan/Documents/FOR_ALTAIR/ALTAIR-vision/src/camera_calibration': DEBUGINFOD_URLS=https://debuginfod.ubuntu.com PYTHONPATH=/home/abyan/Documents/FOR_ALTAIR/ALTAIR-vision/build/camera_calibration/prefix_override:/usr/lib/python3/dist-packages/colcon_core/task/python/colcon_distutils_commands:/home/abyan/Documents/FOR_ALTAIR/ALTAIR-vision/install/camera_calibration/lib/python3.12/site-packages:${PYTHONPATH} /usr/bin/python3 -W ignore:setup.py install is deprecated -W ignore:easy_install command is deprecated setup.py egg_info --egg-base ../../build/camera_calibration build --build-base /home/abyan/Documents/FOR_ALTAIR/ALTAIR-vision/build/camera_calibration/build install --record /home/abyan/Documents/FOR_ALTAIR/ALTAIR-vision/build/camera_calibration/install.log --single-version-externally-managed install_data
[4.461s] running egg_info
[4.505s] writing ../../build/camera_calibration/camera_calibration.egg-info/PKG-INFO
[4.506s] writing dependency_links to ../../build/camera_calibration/camera_calibration.egg-info/dependency_links.txt
[4.506s] writing entry points to ../../build/camera_calibration/camera_calibration.egg-info/entry_points.txt
[4.507s] writing requirements to ../../build/camera_calibration/camera_calibration.egg-info/requires.txt
[4.507s] writing top-level names to ../../build/camera_calibration/camera_calibration.egg-info/top_level.txt
[4.606s] reading manifest file '../../build/camera_calibration/camera_calibration.egg-info/SOURCES.txt'
[4.609s] writing manifest file '../../build/camera_calibration/camera_calibration.egg-info/SOURCES.txt'
[4.610s] running build
[4.610s] running build_py
[4.613s] running install
[4.635s] running install_lib
[4.707s] running install_data
[4.707s] running install_egg_info
[4.777s] removing '/home/abyan/Documents/FOR_ALTAIR/ALTAIR-vision/install/camera_calibration/lib/python3.12/site-packages/camera_calibration-6.0.10-py3.12.egg-info' (and everything under it)
[4.778s] Copying ../../build/camera_calibration/camera_calibration.egg-info to /home/abyan/Documents/FOR_ALTAIR/ALTAIR-vision/install/camera_calibration/lib/python3.12/site-packages/camera_calibration-6.0.10-py3.12.egg-info
[4.779s] running install_scripts
[5.133s] Installing cameracalibrator script to /home/abyan/Documents/FOR_ALTAIR/ALTAIR-vision/install/camera_calibration/lib/camera_calibration
[5.133s] Installing cameracheck script to /home/abyan/Documents/FOR_ALTAIR/ALTAIR-vision/install/camera_calibration/lib/camera_calibration
[5.133s] Installing tarfile_calibration script to /home/abyan/Documents/FOR_ALTAIR/ALTAIR-vision/install/camera_calibration/lib/camera_calibration
[5.134s] writing list of installed files to '/home/abyan/Documents/FOR_ALTAIR/ALTAIR-vision/build/camera_calibration/install.log'
[5.213s] Invoked command in '/home/abyan/Documents/FOR_ALTAIR/ALTAIR-vision/src/camera_calibration' returned '0': DEBUGINFOD_URLS=https://debuginfod.ubuntu.com PYTHONPATH=/home/abyan/Documents/FOR_ALTAIR/ALTAIR-vision/build/camera_calibration/prefix_override:/usr/lib/python3/dist-packages/colcon_core/task/python/colcon_distutils_commands:/home/abyan/Documents/FOR_ALTAIR/ALTAIR-vision/install/camera_calibration/lib/python3.12/site-packages:${PYTHONPATH} /usr/bin/python3 -W ignore:setup.py install is deprecated -W ignore:easy_install command is deprecated setup.py egg_info --egg-base ../../build/camera_calibration build --build-base /home/abyan/Documents/FOR_ALTAIR/ALTAIR-vision/build/camera_calibration/build install --record /home/abyan/Documents/FOR_ALTAIR/ALTAIR-vision/build/camera_calibration/install.log --single-version-externally-managed install_data
