[  2%] [34m[1mGenerating type hashes for ROS interfaces[0m
[  2%] Built target ament_cmake_python_copy_temp_ball_detector
[  2%] Built target temp_ball_detector__rosidl_generator_type_description
[  5%] [34m[1mGenerating C code for ROS interfaces[0m
[  8%] [34m[1mGenerating C++ code for ROS interfaces[0m
running egg_info
creating temp_ball_detector.egg-info
writing temp_ball_detector.egg-info/PKG-INFO
writing dependency_links to temp_ball_detector.egg-info/dependency_links.txt
writing top-level names to temp_ball_detector.egg-info/top_level.txt
writing manifest file 'temp_ball_detector.egg-info/SOURCES.txt'
reading manifest file 'temp_ball_detector.egg-info/SOURCES.txt'
writing manifest file 'temp_ball_detector.egg-info/SOURCES.txt'
[  8%] Built target ament_cmake_python_build_temp_ball_detector_egg
[ 14%] [32mBuilding C object CMakeFiles/temp_ball_detector__rosidl_generator_c.dir/rosidl_generator_c/temp_ball_detector/msg/detail/ball_distance__functions.c.o[0m
[ 14%] [32mBuilding C object CMakeFiles/temp_ball_detector__rosidl_generator_c.dir/rosidl_generator_c/temp_ball_detector/msg/detail/ball_distance__description.c.o[0m
[ 17%] [32mBuilding C object CMakeFiles/temp_ball_detector__rosidl_generator_c.dir/rosidl_generator_c/temp_ball_detector/msg/detail/ball_distance__type_support.c.o[0m
[ 17%] Built target temp_ball_detector__cpp
[ 20%] [32m[1mLinking C shared library libtemp_ball_detector__rosidl_generator_c.so[0m
[ 20%] Built target temp_ball_detector__rosidl_generator_c
[ 23%] [34m[1mGenerating C++ introspection for ROS interfaces[0m
[ 26%] [34m[1mGenerating C introspection for ROS interfaces[0m
[ 29%] [34m[1mGenerating C type support for eProsima Fast-RTPS[0m
[ 32%] [34m[1mGenerating C++ type support dispatch for ROS interfaces[0m
[ 35%] [34m[1mGenerating C++ type support for eProsima Fast-RTPS[0m
[ 38%] [34m[1mGenerating C type support dispatch for ROS interfaces[0m
[ 41%] [32mBuilding CXX object CMakeFiles/temp_ball_detector__rosidl_typesupport_cpp.dir/rosidl_typesupport_cpp/temp_ball_detector/msg/ball_distance__type_support.cpp.o[0m
[ 44%] [32mBuilding C object CMakeFiles/temp_ball_detector__rosidl_typesupport_introspection_c.dir/rosidl_typesupport_introspection_c/temp_ball_detector/msg/detail/ball_distance__type_support.c.o[0m
[ 47%] [32mBuilding CXX object CMakeFiles/temp_ball_detector__rosidl_typesupport_introspection_cpp.dir/rosidl_typesupport_introspection_cpp/temp_ball_detector/msg/detail/ball_distance__type_support.cpp.o[0m
[ 50%] [32mBuilding CXX object CMakeFiles/temp_ball_detector__rosidl_typesupport_fastrtps_c.dir/rosidl_typesupport_fastrtps_c/temp_ball_detector/msg/detail/ball_distance__type_support_c.cpp.o[0m
[ 52%] [32m[1mLinking C shared library libtemp_ball_detector__rosidl_typesupport_introspection_c.so[0m
[ 55%] [32mBuilding CXX object CMakeFiles/temp_ball_detector__rosidl_typesupport_c.dir/rosidl_typesupport_c/temp_ball_detector/msg/ball_distance__type_support.cpp.o[0m
[ 58%] [32mBuilding CXX object CMakeFiles/temp_ball_detector__rosidl_typesupport_fastrtps_cpp.dir/rosidl_typesupport_fastrtps_cpp/temp_ball_detector/msg/detail/dds_fastrtps/ball_distance__type_support.cpp.o[0m
[ 58%] Built target temp_ball_detector__rosidl_typesupport_introspection_c
[ 61%] [32m[1mLinking CXX shared library libtemp_ball_detector__rosidl_typesupport_c.so[0m
[ 61%] Built target temp_ball_detector__rosidl_typesupport_c
[ 64%] [32m[1mLinking CXX shared library libtemp_ball_detector__rosidl_typesupport_cpp.so[0m
[ 67%] [32m[1mLinking CXX shared library libtemp_ball_detector__rosidl_typesupport_introspection_cpp.so[0m
[ 67%] Built target temp_ball_detector__rosidl_typesupport_cpp
[ 67%] Built target temp_ball_detector__rosidl_typesupport_introspection_cpp
[ 70%] [32m[1mLinking CXX shared library libtemp_ball_detector__rosidl_typesupport_fastrtps_c.so[0m
[ 73%] [32m[1mLinking CXX shared library libtemp_ball_detector__rosidl_typesupport_fastrtps_cpp.so[0m
[ 73%] Built target temp_ball_detector__rosidl_typesupport_fastrtps_c
[ 73%] Built target temp_ball_detector__rosidl_typesupport_fastrtps_cpp
[ 73%] Built target temp_ball_detector
[ 76%] [34m[1mGenerating Python code for ROS interfaces[0m
[ 76%] Built target temp_ball_detector__py
[ 79%] [32mBuilding C object CMakeFiles/temp_ball_detector__rosidl_generator_py.dir/rosidl_generator_py/temp_ball_detector/msg/_ball_distance_s.c.o[0m
[ 82%] [32m[1mLinking C shared library libtemp_ball_detector__rosidl_generator_py.so[0m
[ 82%] Built target temp_ball_detector__rosidl_generator_py
[ 85%] [32mBuilding C object CMakeFiles/temp_ball_detector_s__rosidl_typesupport_fastrtps_c.dir/rosidl_generator_py/temp_ball_detector/_temp_ball_detector_s.ep.rosidl_typesupport_fastrtps_c.c.o[0m
[ 88%] [32mBuilding C object CMakeFiles/temp_ball_detector_s__rosidl_typesupport_c.dir/rosidl_generator_py/temp_ball_detector/_temp_ball_detector_s.ep.rosidl_typesupport_c.c.o[0m
[ 91%] [32mBuilding C object CMakeFiles/temp_ball_detector_s__rosidl_typesupport_introspection_c.dir/rosidl_generator_py/temp_ball_detector/_temp_ball_detector_s.ep.rosidl_typesupport_introspection_c.c.o[0m
[ 94%] [32m[1mLinking C shared module rosidl_generator_py/temp_ball_detector/temp_ball_detector_s__rosidl_typesupport_c.so[0m
[100%] [32m[1mLinking C shared module rosidl_generator_py/temp_ball_detector/temp_ball_detector_s__rosidl_typesupport_introspection_c.so[0m
[100%] [32m[1mLinking C shared module rosidl_generator_py/temp_ball_detector/temp_ball_detector_s__rosidl_typesupport_fastrtps_c.so[0m
[100%] Built target temp_ball_detector_s__rosidl_typesupport_c
[100%] Built target temp_ball_detector_s__rosidl_typesupport_introspection_c
[100%] Built target temp_ball_detector_s__rosidl_typesupport_fastrtps_c
