[0.312s] Invoking command in '/home/abyan/Documents/FOR_ALTAIR/ALTAIR-vision/build/temp_ball_detector': CMAKE_PREFIX_PATH=${CMAKE_PREFIX_PATH}:/opt/ros/jazzy DEBUGINFOD_URLS=https://debuginfod.ubuntu.com /usr/bin/cmake --build /home/abyan/Documents/FOR_ALTAIR/ALTAIR-vision/build/temp_ball_detector -- -j16 -l16
[0.466s] [  2%] [34m[1mGenerating type hashes for ROS interfaces[0m
[0.467s] [  2%] Built target ament_cmake_python_copy_temp_ball_detector
[0.525s] [  2%] Built target temp_ball_detector__rosidl_generator_type_description
[0.536s] [  5%] [34m[1mGenerating C code for ROS interfaces[0m
[0.548s] [  8%] [34m[1mGenerating C++ code for ROS interfaces[0m
[0.548s] running egg_info
[0.549s] creating temp_ball_detector.egg-info
[0.561s] writing temp_ball_detector.egg-info/PKG-INFO
[0.561s] writing dependency_links to temp_ball_detector.egg-info/dependency_links.txt
[0.561s] writing top-level names to temp_ball_detector.egg-info/top_level.txt
[0.561s] writing manifest file 'temp_ball_detector.egg-info/SOURCES.txt'
[0.594s] reading manifest file 'temp_ball_detector.egg-info/SOURCES.txt'
[0.595s] writing manifest file 'temp_ball_detector.egg-info/SOURCES.txt'
[0.632s] [  8%] Built target ament_cmake_python_build_temp_ball_detector_egg
[0.771s] [ 14%] [32mBuilding C object CMakeFiles/temp_ball_detector__rosidl_generator_c.dir/rosidl_generator_c/temp_ball_detector/msg/detail/ball_distance__functions.c.o[0m
[0.771s] [ 14%] [32mBuilding C object CMakeFiles/temp_ball_detector__rosidl_generator_c.dir/rosidl_generator_c/temp_ball_detector/msg/detail/ball_distance__description.c.o[0m
[0.773s] [ 17%] [32mBuilding C object CMakeFiles/temp_ball_detector__rosidl_generator_c.dir/rosidl_generator_c/temp_ball_detector/msg/detail/ball_distance__type_support.c.o[0m
[0.814s] [ 17%] Built target temp_ball_detector__cpp
[0.836s] [ 20%] [32m[1mLinking C shared library libtemp_ball_detector__rosidl_generator_c.so[0m
[0.866s] [ 20%] Built target temp_ball_detector__rosidl_generator_c
[0.878s] [ 23%] [34m[1mGenerating C++ introspection for ROS interfaces[0m
[0.878s] [ 26%] [34m[1mGenerating C introspection for ROS interfaces[0m
[0.879s] [ 29%] [34m[1mGenerating C type support for eProsima Fast-RTPS[0m
[0.879s] [ 32%] [34m[1mGenerating C++ type support dispatch for ROS interfaces[0m
[0.881s] [ 35%] [34m[1mGenerating C++ type support for eProsima Fast-RTPS[0m
[0.882s] [ 38%] [34m[1mGenerating C type support dispatch for ROS interfaces[0m
[1.133s] [ 41%] [32mBuilding CXX object CMakeFiles/temp_ball_detector__rosidl_typesupport_cpp.dir/rosidl_typesupport_cpp/temp_ball_detector/msg/ball_distance__type_support.cpp.o[0m
[1.196s] [ 44%] [32mBuilding C object CMakeFiles/temp_ball_detector__rosidl_typesupport_introspection_c.dir/rosidl_typesupport_introspection_c/temp_ball_detector/msg/detail/ball_distance__type_support.c.o[0m
[1.210s] [ 47%] [32mBuilding CXX object CMakeFiles/temp_ball_detector__rosidl_typesupport_introspection_cpp.dir/rosidl_typesupport_introspection_cpp/temp_ball_detector/msg/detail/ball_distance__type_support.cpp.o[0m
[1.240s] [ 50%] [32mBuilding CXX object CMakeFiles/temp_ball_detector__rosidl_typesupport_fastrtps_c.dir/rosidl_typesupport_fastrtps_c/temp_ball_detector/msg/detail/ball_distance__type_support_c.cpp.o[0m
[1.242s] [ 52%] [32m[1mLinking C shared library libtemp_ball_detector__rosidl_typesupport_introspection_c.so[0m
[1.243s] [ 55%] [32mBuilding CXX object CMakeFiles/temp_ball_detector__rosidl_typesupport_c.dir/rosidl_typesupport_c/temp_ball_detector/msg/ball_distance__type_support.cpp.o[0m
[1.258s] [ 58%] [32mBuilding CXX object CMakeFiles/temp_ball_detector__rosidl_typesupport_fastrtps_cpp.dir/rosidl_typesupport_fastrtps_cpp/temp_ball_detector/msg/detail/dds_fastrtps/ball_distance__type_support.cpp.o[0m
[1.275s] [ 58%] Built target temp_ball_detector__rosidl_typesupport_introspection_c
[1.281s] [ 61%] [32m[1mLinking CXX shared library libtemp_ball_detector__rosidl_typesupport_c.so[0m
[1.325s] [ 61%] Built target temp_ball_detector__rosidl_typesupport_c
[1.417s] [ 64%] [32m[1mLinking CXX shared library libtemp_ball_detector__rosidl_typesupport_cpp.so[0m
[1.441s] [ 67%] [32m[1mLinking CXX shared library libtemp_ball_detector__rosidl_typesupport_introspection_cpp.so[0m
[1.449s] [ 67%] Built target temp_ball_detector__rosidl_typesupport_cpp
[1.473s] [ 67%] Built target temp_ball_detector__rosidl_typesupport_introspection_cpp
[1.584s] [ 70%] [32m[1mLinking CXX shared library libtemp_ball_detector__rosidl_typesupport_fastrtps_c.so[0m
[1.605s] [ 73%] [32m[1mLinking CXX shared library libtemp_ball_detector__rosidl_typesupport_fastrtps_cpp.so[0m
[1.627s] [ 73%] Built target temp_ball_detector__rosidl_typesupport_fastrtps_c
[1.646s] [ 73%] Built target temp_ball_detector__rosidl_typesupport_fastrtps_cpp
[1.662s] [ 73%] Built target temp_ball_detector
[1.680s] [ 76%] [34m[1mGenerating Python code for ROS interfaces[0m
[1.856s] [ 76%] Built target temp_ball_detector__py
[1.871s] [ 79%] [32mBuilding C object CMakeFiles/temp_ball_detector__rosidl_generator_py.dir/rosidl_generator_py/temp_ball_detector/msg/_ball_distance_s.c.o[0m
[1.953s] [ 82%] [32m[1mLinking C shared library libtemp_ball_detector__rosidl_generator_py.so[0m
[1.985s] [ 82%] Built target temp_ball_detector__rosidl_generator_py
[2.001s] [ 85%] [32mBuilding C object CMakeFiles/temp_ball_detector_s__rosidl_typesupport_fastrtps_c.dir/rosidl_generator_py/temp_ball_detector/_temp_ball_detector_s.ep.rosidl_typesupport_fastrtps_c.c.o[0m
[2.002s] [ 88%] [32mBuilding C object CMakeFiles/temp_ball_detector_s__rosidl_typesupport_c.dir/rosidl_generator_py/temp_ball_detector/_temp_ball_detector_s.ep.rosidl_typesupport_c.c.o[0m
[2.002s] [ 91%] [32mBuilding C object CMakeFiles/temp_ball_detector_s__rosidl_typesupport_introspection_c.dir/rosidl_generator_py/temp_ball_detector/_temp_ball_detector_s.ep.rosidl_typesupport_introspection_c.c.o[0m
[2.071s] [ 94%] [32m[1mLinking C shared module rosidl_generator_py/temp_ball_detector/temp_ball_detector_s__rosidl_typesupport_c.so[0m
[2.072s] [100%] [32m[1mLinking C shared module rosidl_generator_py/temp_ball_detector/temp_ball_detector_s__rosidl_typesupport_introspection_c.so[0m
[2.072s] [100%] [32m[1mLinking C shared module rosidl_generator_py/temp_ball_detector/temp_ball_detector_s__rosidl_typesupport_fastrtps_c.so[0m
[2.094s] [100%] Built target temp_ball_detector_s__rosidl_typesupport_c
[2.098s] [100%] Built target temp_ball_detector_s__rosidl_typesupport_introspection_c
[2.098s] [100%] Built target temp_ball_detector_s__rosidl_typesupport_fastrtps_c
