[0.397s] Invoking command in '/home/altair/Documents/ALTAIR-vision/build/ball_detector': CMAKE_PREFIX_PATH=${CMAKE_PREFIX_PATH}:/opt/ros/jazzy DEBUGINFOD_URLS=https://debuginfod.ubuntu.com /usr/bin/cmake --build /home/altair/Documents/ALTAIR-vision/build/ball_detector -- -j16 -l16
[0.806s] -- Found ament_cmake: 2.5.2 (/opt/ros/jazzy/share/ament_cmake/cmake)
[0.806s] -- Found Python3: /usr/bin/python3 (found version "3.12.3") found components: Interpreter 
[0.806s] -- Found rclpy: 7.1.2 (/opt/ros/jazzy/share/rclpy/cmake)
[0.806s] -- Found rosidl_default_generators: 1.6.0 (/opt/ros/jazzy/share/rosidl_default_generators/cmake)
[0.807s] -- Using all available rosidl_typesupport_c: rosidl_typesupport_fastrtps_c;rosidl_typesupport_introspection_c
[0.807s] -- Using all available rosidl_typesupport_cpp: rosidl_typesupport_fastrtps_cpp;rosidl_typesupport_introspection_cpp
[0.807s] -- Found rosidl_adapter: 4.6.4 (/opt/ros/jazzy/share/rosidl_adapter/cmake)
[0.808s] -- Found std_msgs: 5.3.5 (/opt/ros/jazzy/share/std_msgs/cmake)
[1.422s] -- Found ament_cmake_ros: 0.12.0 (/opt/ros/jazzy/share/ament_cmake_ros/cmake)
[1.687s] -- Using all available rosidl_typesupport_c: rosidl_typesupport_fastrtps_c;rosidl_typesupport_introspection_c
[2.031s] -- Using all available rosidl_typesupport_cpp: rosidl_typesupport_fastrtps_cpp;rosidl_typesupport_introspection_cpp
[2.034s] -- Found python_cmake_module: 0.11.1 (/opt/ros/jazzy/share/python_cmake_module/cmake)
[2.579s] -- Found Python3: /usr/bin/python3 (found version "3.12.3") found components: Interpreter Development NumPy Development.Module Development.Embed 
[2.621s] -- Found ament_lint_auto: 0.17.1 (/opt/ros/jazzy/share/ament_lint_auto/cmake)
[2.639s] -- Added test 'flake8' to check Python code syntax and style conventions
[2.639s] -- Configured 'flake8' exclude dirs and/or files: 
[2.640s] -- Added test 'lint_cmake' to check CMake code style
[2.641s] -- Added test 'pep257' to check Python code against some of the docstring style conventions in PEP 257
[2.643s] -- Added test 'xmllint' to check XML markup files
[2.647s] -- Configuring done (2.2s)
[2.710s] -- Generating done (0.1s)
[2.716s] -- Build files have been written to: /home/altair/Documents/ALTAIR-vision/build/ball_detector
[2.785s] [  2%] Built target ball_detector__rosidl_generator_type_description
[2.804s] [  2%] Built target ament_cmake_python_copy_ball_detector
[2.828s] [  5%] Built target ball_detector__cpp
[2.829s] [ 20%] Built target ball_detector__rosidl_generator_c
[2.874s] [ 29%] Built target ball_detector__rosidl_typesupport_introspection_c
[2.877s] [ 38%] Built target ball_detector__rosidl_typesupport_fastrtps_c
[2.878s] [ 47%] Built target ball_detector__rosidl_typesupport_cpp
[2.880s] [ 55%] Built target ball_detector__rosidl_typesupport_c
[2.882s] [ 64%] Built target ball_detector__rosidl_typesupport_introspection_cpp
[2.883s] [ 73%] Built target ball_detector__rosidl_typesupport_fastrtps_cpp
[2.924s] [ 73%] Built target ball_detector
[2.967s] [ 76%] Built target ball_detector__py
[3.010s] [ 82%] Built target ball_detector__rosidl_generator_py
[3.059s] [ 88%] Built target ball_detector_s__rosidl_typesupport_c
[3.061s] [ 94%] Built target ball_detector_s__rosidl_typesupport_introspection_c
[3.064s] [100%] Built target ball_detector_s__rosidl_typesupport_fastrtps_c
[3.217s] running egg_info
[3.252s] writing ball_detector.egg-info/PKG-INFO
[3.252s] writing dependency_links to ball_detector.egg-info/dependency_links.txt
[3.252s] writing top-level names to ball_detector.egg-info/top_level.txt
[3.341s] reading manifest file 'ball_detector.egg-info/SOURCES.txt'
[3.342s] writing manifest file 'ball_detector.egg-info/SOURCES.txt'
[3.388s] [100%] Built target ament_cmake_python_build_ball_detector_egg
[3.406s] Invoked command in '/home/altair/Documents/ALTAIR-vision/build/ball_detector' returned '0': CMAKE_PREFIX_PATH=${CMAKE_PREFIX_PATH}:/opt/ros/jazzy DEBUGINFOD_URLS=https://debuginfod.ubuntu.com /usr/bin/cmake --build /home/altair/Documents/ALTAIR-vision/build/ball_detector -- -j16 -l16
[3.523s] Invoking command in '/home/altair/Documents/ALTAIR-vision/build/ball_detector': CMAKE_PREFIX_PATH=${CMAKE_PREFIX_PATH}:/opt/ros/jazzy DEBUGINFOD_URLS=https://debuginfod.ubuntu.com /usr/bin/cmake --install /home/altair/Documents/ALTAIR-vision/build/ball_detector
[3.537s] -- Install configuration: ""
[3.537s] -- Up-to-date: /home/altair/Documents/ALTAIR-vision/install/ball_detector/share/ament_index/resource_index/rosidl_interfaces/ball_detector
[3.537s] -- Up-to-date: /home/altair/Documents/ALTAIR-vision/install/ball_detector/share/ball_detector/msg/BallDistance.json
[3.537s] -- Up-to-date: /home/altair/Documents/ALTAIR-vision/install/ball_detector/include/ball_detector/ball_detector
[3.537s] -- Up-to-date: /home/altair/Documents/ALTAIR-vision/install/ball_detector/include/ball_detector/ball_detector/msg
[3.537s] -- Up-to-date: /home/altair/Documents/ALTAIR-vision/install/ball_detector/include/ball_detector/ball_detector/msg/detail
[3.537s] -- Up-to-date: /home/altair/Documents/ALTAIR-vision/install/ball_detector/include/ball_detector/ball_detector/msg/detail/ball_distance__description.c
[3.538s] -- Up-to-date: /home/altair/Documents/ALTAIR-vision/install/ball_detector/include/ball_detector/ball_detector/msg/detail/ball_distance__type_support.h
[3.538s] -- Up-to-date: /home/altair/Documents/ALTAIR-vision/install/ball_detector/include/ball_detector/ball_detector/msg/detail/ball_distance__functions.c
[3.538s] -- Up-to-date: /home/altair/Documents/ALTAIR-vision/install/ball_detector/include/ball_detector/ball_detector/msg/detail/ball_distance__type_support.c
[3.538s] -- Up-to-date: /home/altair/Documents/ALTAIR-vision/install/ball_detector/include/ball_detector/ball_detector/msg/detail/ball_distance__struct.h
[3.538s] -- Up-to-date: /home/altair/Documents/ALTAIR-vision/install/ball_detector/include/ball_detector/ball_detector/msg/detail/ball_distance__functions.h
[3.538s] -- Up-to-date: /home/altair/Documents/ALTAIR-vision/install/ball_detector/include/ball_detector/ball_detector/msg/rosidl_generator_c__visibility_control.h
[3.538s] -- Up-to-date: /home/altair/Documents/ALTAIR-vision/install/ball_detector/include/ball_detector/ball_detector/msg/ball_distance.h
[3.538s] -- Up-to-date: /home/altair/Documents/ALTAIR-vision/install/ball_detector/share/ball_detector/environment/library_path.sh
[3.538s] -- Up-to-date: /home/altair/Documents/ALTAIR-vision/install/ball_detector/share/ball_detector/environment/library_path.dsv
[3.539s] -- Up-to-date: /home/altair/Documents/ALTAIR-vision/install/ball_detector/lib/libball_detector__rosidl_generator_c.so
[3.539s] -- Up-to-date: /home/altair/Documents/ALTAIR-vision/install/ball_detector/include/ball_detector/ball_detector
[3.539s] -- Up-to-date: /home/altair/Documents/ALTAIR-vision/install/ball_detector/include/ball_detector/ball_detector/msg
[3.539s] -- Up-to-date: /home/altair/Documents/ALTAIR-vision/install/ball_detector/include/ball_detector/ball_detector/msg/detail
[3.539s] -- Up-to-date: /home/altair/Documents/ALTAIR-vision/install/ball_detector/include/ball_detector/ball_detector/msg/detail/ball_distance__rosidl_typesupport_fastrtps_c.h
[3.539s] -- Up-to-date: /home/altair/Documents/ALTAIR-vision/install/ball_detector/include/ball_detector/ball_detector/msg/rosidl_typesupport_fastrtps_c__visibility_control.h
[3.539s] -- Up-to-date: /home/altair/Documents/ALTAIR-vision/install/ball_detector/lib/libball_detector__rosidl_typesupport_fastrtps_c.so
[3.539s] -- Up-to-date: /home/altair/Documents/ALTAIR-vision/install/ball_detector/include/ball_detector/ball_detector
[3.540s] -- Up-to-date: /home/altair/Documents/ALTAIR-vision/install/ball_detector/include/ball_detector/ball_detector/msg
[3.540s] -- Up-to-date: /home/altair/Documents/ALTAIR-vision/install/ball_detector/include/ball_detector/ball_detector/msg/detail
[3.540s] -- Up-to-date: /home/altair/Documents/ALTAIR-vision/install/ball_detector/include/ball_detector/ball_detector/msg/detail/ball_distance__rosidl_typesupport_introspection_c.h
[3.540s] -- Up-to-date: /home/altair/Documents/ALTAIR-vision/install/ball_detector/include/ball_detector/ball_detector/msg/detail/ball_distance__type_support.c
[3.540s] -- Up-to-date: /home/altair/Documents/ALTAIR-vision/install/ball_detector/include/ball_detector/ball_detector/msg/rosidl_typesupport_introspection_c__visibility_control.h
[3.540s] -- Up-to-date: /home/altair/Documents/ALTAIR-vision/install/ball_detector/lib/libball_detector__rosidl_typesupport_introspection_c.so
[3.540s] -- Up-to-date: /home/altair/Documents/ALTAIR-vision/install/ball_detector/lib/libball_detector__rosidl_typesupport_c.so
[3.540s] -- Up-to-date: /home/altair/Documents/ALTAIR-vision/install/ball_detector/include/ball_detector/ball_detector
[3.541s] -- Up-to-date: /home/altair/Documents/ALTAIR-vision/install/ball_detector/include/ball_detector/ball_detector/msg
[3.541s] -- Up-to-date: /home/altair/Documents/ALTAIR-vision/install/ball_detector/include/ball_detector/ball_detector/msg/detail
[3.541s] -- Up-to-date: /home/altair/Documents/ALTAIR-vision/install/ball_detector/include/ball_detector/ball_detector/msg/detail/ball_distance__traits.hpp
[3.541s] -- Up-to-date: /home/altair/Documents/ALTAIR-vision/install/ball_detector/include/ball_detector/ball_detector/msg/detail/ball_distance__type_support.hpp
[3.541s] -- Up-to-date: /home/altair/Documents/ALTAIR-vision/install/ball_detector/include/ball_detector/ball_detector/msg/detail/ball_distance__builder.hpp
[3.541s] -- Up-to-date: /home/altair/Documents/ALTAIR-vision/install/ball_detector/include/ball_detector/ball_detector/msg/detail/ball_distance__struct.hpp
[3.541s] -- Up-to-date: /home/altair/Documents/ALTAIR-vision/install/ball_detector/include/ball_detector/ball_detector/msg/ball_distance.hpp
[3.541s] -- Up-to-date: /home/altair/Documents/ALTAIR-vision/install/ball_detector/include/ball_detector/ball_detector/msg/rosidl_generator_cpp__visibility_control.hpp
[3.541s] -- Up-to-date: /home/altair/Documents/ALTAIR-vision/install/ball_detector/include/ball_detector/ball_detector
[3.542s] -- Up-to-date: /home/altair/Documents/ALTAIR-vision/install/ball_detector/include/ball_detector/ball_detector/msg
[3.542s] -- Up-to-date: /home/altair/Documents/ALTAIR-vision/install/ball_detector/include/ball_detector/ball_detector/msg/detail
[3.542s] -- Up-to-date: /home/altair/Documents/ALTAIR-vision/install/ball_detector/include/ball_detector/ball_detector/msg/detail/ball_distance__rosidl_typesupport_fastrtps_cpp.hpp
[3.542s] -- Up-to-date: /home/altair/Documents/ALTAIR-vision/install/ball_detector/include/ball_detector/ball_detector/msg/detail/dds_fastrtps
[3.542s] -- Up-to-date: /home/altair/Documents/ALTAIR-vision/install/ball_detector/include/ball_detector/ball_detector/msg/rosidl_typesupport_fastrtps_cpp__visibility_control.h
[3.542s] -- Up-to-date: /home/altair/Documents/ALTAIR-vision/install/ball_detector/lib/libball_detector__rosidl_typesupport_fastrtps_cpp.so
[3.542s] -- Up-to-date: /home/altair/Documents/ALTAIR-vision/install/ball_detector/include/ball_detector/ball_detector
[3.542s] -- Up-to-date: /home/altair/Documents/ALTAIR-vision/install/ball_detector/include/ball_detector/ball_detector/msg
[3.542s] -- Up-to-date: /home/altair/Documents/ALTAIR-vision/install/ball_detector/include/ball_detector/ball_detector/msg/detail
[3.543s] -- Up-to-date: /home/altair/Documents/ALTAIR-vision/install/ball_detector/include/ball_detector/ball_detector/msg/detail/ball_distance__type_support.cpp
[3.543s] -- Up-to-date: /home/altair/Documents/ALTAIR-vision/install/ball_detector/include/ball_detector/ball_detector/msg/detail/ball_distance__rosidl_typesupport_introspection_cpp.hpp
[3.543s] -- Up-to-date: /home/altair/Documents/ALTAIR-vision/install/ball_detector/lib/libball_detector__rosidl_typesupport_introspection_cpp.so
[3.543s] -- Up-to-date: /home/altair/Documents/ALTAIR-vision/install/ball_detector/lib/libball_detector__rosidl_typesupport_cpp.so
[3.543s] -- Up-to-date: /home/altair/Documents/ALTAIR-vision/install/ball_detector/share/ball_detector/environment/pythonpath.sh
[3.543s] -- Up-to-date: /home/altair/Documents/ALTAIR-vision/install/ball_detector/share/ball_detector/environment/pythonpath.dsv
[3.543s] -- Up-to-date: /home/altair/Documents/ALTAIR-vision/install/ball_detector/lib/python3.12/site-packages/ball_detector-0.0.0-py3.12.egg-info
[3.543s] -- Installing: /home/altair/Documents/ALTAIR-vision/install/ball_detector/lib/python3.12/site-packages/ball_detector-0.0.0-py3.12.egg-info/SOURCES.txt
[3.544s] -- Installing: /home/altair/Documents/ALTAIR-vision/install/ball_detector/lib/python3.12/site-packages/ball_detector-0.0.0-py3.12.egg-info/PKG-INFO
[3.544s] -- Installing: /home/altair/Documents/ALTAIR-vision/install/ball_detector/lib/python3.12/site-packages/ball_detector-0.0.0-py3.12.egg-info/top_level.txt
[3.544s] -- Installing: /home/altair/Documents/ALTAIR-vision/install/ball_detector/lib/python3.12/site-packages/ball_detector-0.0.0-py3.12.egg-info/dependency_links.txt
[3.544s] -- Up-to-date: /home/altair/Documents/ALTAIR-vision/install/ball_detector/lib/python3.12/site-packages/ball_detector
[3.544s] -- Up-to-date: /home/altair/Documents/ALTAIR-vision/install/ball_detector/lib/python3.12/site-packages/ball_detector/ball_detector_s__rosidl_typesupport_introspection_c.so
[3.544s] -- Up-to-date: /home/altair/Documents/ALTAIR-vision/install/ball_detector/lib/python3.12/site-packages/ball_detector/_ball_detector_s.ep.rosidl_typesupport_fastrtps_c.c
[3.544s] -- Up-to-date: /home/altair/Documents/ALTAIR-vision/install/ball_detector/lib/python3.12/site-packages/ball_detector/ball_detector_s__rosidl_typesupport_fastrtps_c.so
[3.544s] -- Up-to-date: /home/altair/Documents/ALTAIR-vision/install/ball_detector/lib/python3.12/site-packages/ball_detector/_ball_detector_s.ep.rosidl_typesupport_introspection_c.c
[3.544s] -- Up-to-date: /home/altair/Documents/ALTAIR-vision/install/ball_detector/lib/python3.12/site-packages/ball_detector/ball_detector_s__rosidl_typesupport_c.so
[3.544s] -- Up-to-date: /home/altair/Documents/ALTAIR-vision/install/ball_detector/lib/python3.12/site-packages/ball_detector/msg
[3.544s] -- Up-to-date: /home/altair/Documents/ALTAIR-vision/install/ball_detector/lib/python3.12/site-packages/ball_detector/msg/_ball_distance.py
[3.544s] -- Up-to-date: /home/altair/Documents/ALTAIR-vision/install/ball_detector/lib/python3.12/site-packages/ball_detector/msg/_ball_distance_s.c
[3.545s] -- Up-to-date: /home/altair/Documents/ALTAIR-vision/install/ball_detector/lib/python3.12/site-packages/ball_detector/msg/__init__.py
[3.545s] -- Up-to-date: /home/altair/Documents/ALTAIR-vision/install/ball_detector/lib/python3.12/site-packages/ball_detector/_ball_detector_s.ep.rosidl_typesupport_c.c
[3.545s] -- Installing: /home/altair/Documents/ALTAIR-vision/install/ball_detector/lib/python3.12/site-packages/ball_detector/__init__.py
[3.600s] Listing '/home/altair/Documents/ALTAIR-vision/install/ball_detector/lib/python3.12/site-packages/ball_detector'...
[3.601s] Compiling '/home/altair/Documents/ALTAIR-vision/install/ball_detector/lib/python3.12/site-packages/ball_detector/__init__.py'...
[3.601s] Listing '/home/altair/Documents/ALTAIR-vision/install/ball_detector/lib/python3.12/site-packages/ball_detector/msg'...
[3.608s] -- Up-to-date: /home/altair/Documents/ALTAIR-vision/install/ball_detector/lib/python3.12/site-packages/ball_detector/ball_detector_s__rosidl_typesupport_fastrtps_c.so
[3.609s] -- Up-to-date: /home/altair/Documents/ALTAIR-vision/install/ball_detector/lib/python3.12/site-packages/ball_detector/ball_detector_s__rosidl_typesupport_introspection_c.so
[3.609s] -- Up-to-date: /home/altair/Documents/ALTAIR-vision/install/ball_detector/lib/python3.12/site-packages/ball_detector/ball_detector_s__rosidl_typesupport_c.so
[3.609s] -- Up-to-date: /home/altair/Documents/ALTAIR-vision/install/ball_detector/lib/libball_detector__rosidl_generator_py.so
[3.609s] -- Up-to-date: /home/altair/Documents/ALTAIR-vision/install/ball_detector/share/ball_detector/msg/BallDistance.idl
[3.609s] -- Up-to-date: /home/altair/Documents/ALTAIR-vision/install/ball_detector/share/ball_detector/msg/BallDistance.msg
[3.609s] -- Installing: /home/altair/Documents/ALTAIR-vision/install/ball_detector/lib/ball_detector/ball_detection.py
[3.610s] -- Installing: /home/altair/Documents/ALTAIR-vision/install/ball_detector/share/ament_index/resource_index/package_run_dependencies/ball_detector
[3.610s] -- Installing: /home/altair/Documents/ALTAIR-vision/install/ball_detector/share/ament_index/resource_index/parent_prefix_path/ball_detector
[3.610s] -- Installing: /home/altair/Documents/ALTAIR-vision/install/ball_detector/share/ball_detector/environment/ament_prefix_path.sh
[3.610s] -- Installing: /home/altair/Documents/ALTAIR-vision/install/ball_detector/share/ball_detector/environment/ament_prefix_path.dsv
[3.610s] -- Installing: /home/altair/Documents/ALTAIR-vision/install/ball_detector/share/ball_detector/environment/path.sh
[3.610s] -- Installing: /home/altair/Documents/ALTAIR-vision/install/ball_detector/share/ball_detector/environment/path.dsv
[3.610s] -- Installing: /home/altair/Documents/ALTAIR-vision/install/ball_detector/share/ball_detector/local_setup.bash
[3.611s] -- Installing: /home/altair/Documents/ALTAIR-vision/install/ball_detector/share/ball_detector/local_setup.sh
[3.611s] -- Installing: /home/altair/Documents/ALTAIR-vision/install/ball_detector/share/ball_detector/local_setup.zsh
[3.611s] -- Installing: /home/altair/Documents/ALTAIR-vision/install/ball_detector/share/ball_detector/local_setup.dsv
[3.611s] -- Installing: /home/altair/Documents/ALTAIR-vision/install/ball_detector/share/ball_detector/package.dsv
[3.611s] -- Installing: /home/altair/Documents/ALTAIR-vision/install/ball_detector/share/ament_index/resource_index/packages/ball_detector
[3.611s] -- Installing: /home/altair/Documents/ALTAIR-vision/install/ball_detector/share/ball_detector/cmake/export_ball_detector__rosidl_generator_cExport.cmake
[3.611s] -- Installing: /home/altair/Documents/ALTAIR-vision/install/ball_detector/share/ball_detector/cmake/export_ball_detector__rosidl_generator_cExport-noconfig.cmake
[3.612s] -- Installing: /home/altair/Documents/ALTAIR-vision/install/ball_detector/share/ball_detector/cmake/export_ball_detector__rosidl_typesupport_fastrtps_cExport.cmake
[3.612s] -- Installing: /home/altair/Documents/ALTAIR-vision/install/ball_detector/share/ball_detector/cmake/export_ball_detector__rosidl_typesupport_fastrtps_cExport-noconfig.cmake
[3.612s] -- Installing: /home/altair/Documents/ALTAIR-vision/install/ball_detector/share/ball_detector/cmake/ball_detector__rosidl_typesupport_introspection_cExport.cmake
[3.612s] -- Installing: /home/altair/Documents/ALTAIR-vision/install/ball_detector/share/ball_detector/cmake/ball_detector__rosidl_typesupport_introspection_cExport-noconfig.cmake
[3.612s] -- Installing: /home/altair/Documents/ALTAIR-vision/install/ball_detector/share/ball_detector/cmake/ball_detector__rosidl_typesupport_cExport.cmake
[3.613s] -- Installing: /home/altair/Documents/ALTAIR-vision/install/ball_detector/share/ball_detector/cmake/ball_detector__rosidl_typesupport_cExport-noconfig.cmake
[3.613s] -- Installing: /home/altair/Documents/ALTAIR-vision/install/ball_detector/share/ball_detector/cmake/export_ball_detector__rosidl_generator_cppExport.cmake
[3.613s] -- Installing: /home/altair/Documents/ALTAIR-vision/install/ball_detector/share/ball_detector/cmake/export_ball_detector__rosidl_typesupport_fastrtps_cppExport.cmake
[3.613s] -- Installing: /home/altair/Documents/ALTAIR-vision/install/ball_detector/share/ball_detector/cmake/export_ball_detector__rosidl_typesupport_fastrtps_cppExport-noconfig.cmake
[3.613s] -- Installing: /home/altair/Documents/ALTAIR-vision/install/ball_detector/share/ball_detector/cmake/ball_detector__rosidl_typesupport_introspection_cppExport.cmake
[3.613s] -- Installing: /home/altair/Documents/ALTAIR-vision/install/ball_detector/share/ball_detector/cmake/ball_detector__rosidl_typesupport_introspection_cppExport-noconfig.cmake
[3.613s] -- Installing: /home/altair/Documents/ALTAIR-vision/install/ball_detector/share/ball_detector/cmake/ball_detector__rosidl_typesupport_cppExport.cmake
[3.614s] -- Installing: /home/altair/Documents/ALTAIR-vision/install/ball_detector/share/ball_detector/cmake/ball_detector__rosidl_typesupport_cppExport-noconfig.cmake
[3.614s] -- Installing: /home/altair/Documents/ALTAIR-vision/install/ball_detector/share/ball_detector/cmake/export_ball_detector__rosidl_generator_pyExport.cmake
[3.614s] -- Installing: /home/altair/Documents/ALTAIR-vision/install/ball_detector/share/ball_detector/cmake/export_ball_detector__rosidl_generator_pyExport-noconfig.cmake
[3.614s] -- Installing: /home/altair/Documents/ALTAIR-vision/install/ball_detector/share/ball_detector/cmake/rosidl_cmake-extras.cmake
[3.614s] -- Installing: /home/altair/Documents/ALTAIR-vision/install/ball_detector/share/ball_detector/cmake/ament_cmake_export_dependencies-extras.cmake
[3.614s] -- Installing: /home/altair/Documents/ALTAIR-vision/install/ball_detector/share/ball_detector/cmake/ament_cmake_export_include_directories-extras.cmake
[3.614s] -- Installing: /home/altair/Documents/ALTAIR-vision/install/ball_detector/share/ball_detector/cmake/ament_cmake_export_libraries-extras.cmake
[3.615s] -- Installing: /home/altair/Documents/ALTAIR-vision/install/ball_detector/share/ball_detector/cmake/ament_cmake_export_targets-extras.cmake
[3.615s] -- Installing: /home/altair/Documents/ALTAIR-vision/install/ball_detector/share/ball_detector/cmake/rosidl_cmake_export_typesupport_targets-extras.cmake
[3.615s] -- Installing: /home/altair/Documents/ALTAIR-vision/install/ball_detector/share/ball_detector/cmake/rosidl_cmake_export_typesupport_libraries-extras.cmake
[3.615s] -- Installing: /home/altair/Documents/ALTAIR-vision/install/ball_detector/share/ball_detector/cmake/ball_detectorConfig.cmake
[3.615s] -- Installing: /home/altair/Documents/ALTAIR-vision/install/ball_detector/share/ball_detector/cmake/ball_detectorConfig-version.cmake
[3.615s] -- Installing: /home/altair/Documents/ALTAIR-vision/install/ball_detector/share/ball_detector/package.xml
[3.619s] Invoked command in '/home/altair/Documents/ALTAIR-vision/build/ball_detector' returned '0': CMAKE_PREFIX_PATH=${CMAKE_PREFIX_PATH}:/opt/ros/jazzy DEBUGINFOD_URLS=https://debuginfod.ubuntu.com /usr/bin/cmake --install /home/altair/Documents/ALTAIR-vision/build/ball_detector
