[0.065s] DEBUG:colcon:Command line arguments: ['/usr/bin/colcon', 'build', '--packages-select', 'altair_calibration']
[0.065s] DEBUG:colcon:Parsed command line arguments: Namespace(log_base=None, log_level=None, verb_name='build', build_base='build', install_base='install', merge_install=False, symlink_install=False, test_result_base=None, continue_on_error=False, executor='parallel', parallel_workers=16, event_handlers=None, ignore_user_meta=False, metas=['./colcon.meta'], base_paths=['.'], packages_ignore=None, packages_ignore_regex=None, paths=None, packages_up_to=None, packages_up_to_regex=None, packages_above=None, packages_above_and_dependencies=None, packages_above_depth=None, packages_select_by_dep=None, packages_skip_by_dep=None, packages_skip_up_to=None, packages_select_build_failed=False, packages_skip_build_finished=False, packages_select_test_failures=False, packages_skip_test_passed=False, packages_select=['altair_calibration'], packages_skip=None, packages_select_regex=None, packages_skip_regex=None, packages_start=None, packages_end=None, allow_overriding=[], cmake_args=None, cmake_target=None, cmake_target_skip_unavailable=False, cmake_clean_cache=False, cmake_clean_first=False, cmake_force_configure=False, ament_cmake_args=None, catkin_cmake_args=None, catkin_skip_building_tests=False, verb_parser=<colcon_defaults.argument_parser.defaults.DefaultArgumentsDecorator object at 0x71c6c1c757c0>, verb_extension=<colcon_core.verb.build.BuildVerb object at 0x71c6c1c74e00>, main=<bound method BuildVerb.main of <colcon_core.verb.build.BuildVerb object at 0x71c6c1c74e00>>)
[0.091s] Level 1:colcon.colcon_core.package_discovery:discover_packages(colcon_meta) check parameters
[0.091s] Level 1:colcon.colcon_core.package_discovery:discover_packages(recursive) check parameters
[0.091s] Level 1:colcon.colcon_core.package_discovery:discover_packages(ignore) check parameters
[0.091s] Level 1:colcon.colcon_core.package_discovery:discover_packages(path) check parameters
[0.091s] Level 1:colcon.colcon_core.package_discovery:discover_packages(colcon_meta) discover
[0.091s] Level 1:colcon.colcon_core.package_discovery:discover_packages(recursive) discover
[0.091s] INFO:colcon.colcon_core.package_discovery:Crawling recursively for packages in '/home/abyan/Documents/FOR_ALTAIR/ALTAIR-vision'
[0.091s] Level 1:colcon.colcon_core.package_identification:_identify(.) by extensions ['ignore', 'ignore_ament_install']
[0.091s] Level 1:colcon.colcon_core.package_identification:_identify(.) by extension 'ignore'
[0.091s] Level 1:colcon.colcon_core.package_identification:_identify(.) by extension 'ignore_ament_install'
[0.091s] Level 1:colcon.colcon_core.package_identification:_identify(.) by extensions ['colcon_pkg']
[0.091s] Level 1:colcon.colcon_core.package_identification:_identify(.) by extension 'colcon_pkg'
[0.091s] Level 1:colcon.colcon_core.package_identification:_identify(.) by extensions ['colcon_meta']
[0.091s] Level 1:colcon.colcon_core.package_identification:_identify(.) by extension 'colcon_meta'
[0.091s] Level 1:colcon.colcon_core.package_identification:_identify(.) by extensions ['ros']
[0.091s] Level 1:colcon.colcon_core.package_identification:_identify(.) by extension 'ros'
[0.110s] Level 1:colcon.colcon_core.package_identification:_identify(.) by extensions ['cmake', 'python']
[0.110s] Level 1:colcon.colcon_core.package_identification:_identify(.) by extension 'cmake'
[0.110s] Level 1:colcon.colcon_core.package_identification:_identify(.) by extension 'python'
[0.110s] Level 1:colcon.colcon_core.package_identification:_identify(.) by extensions ['python_setup_py']
[0.110s] Level 1:colcon.colcon_core.package_identification:_identify(.) by extension 'python_setup_py'
[0.110s] Level 1:colcon.colcon_core.package_identification:_identify(build) by extensions ['ignore', 'ignore_ament_install']
[0.110s] Level 1:colcon.colcon_core.package_identification:_identify(build) by extension 'ignore'
[0.110s] Level 1:colcon.colcon_core.package_identification:_identify(build) ignored
[0.110s] Level 1:colcon.colcon_core.package_identification:_identify(install) by extensions ['ignore', 'ignore_ament_install']
[0.110s] Level 1:colcon.colcon_core.package_identification:_identify(install) by extension 'ignore'
[0.110s] Level 1:colcon.colcon_core.package_identification:_identify(install) ignored
[0.110s] Level 1:colcon.colcon_core.package_identification:_identify(log) by extensions ['ignore', 'ignore_ament_install']
[0.110s] Level 1:colcon.colcon_core.package_identification:_identify(log) by extension 'ignore'
[0.110s] Level 1:colcon.colcon_core.package_identification:_identify(log) ignored
[0.110s] Level 1:colcon.colcon_core.package_identification:_identify(src) by extensions ['ignore', 'ignore_ament_install']
[0.110s] Level 1:colcon.colcon_core.package_identification:_identify(src) by extension 'ignore'
[0.110s] Level 1:colcon.colcon_core.package_identification:_identify(src) by extension 'ignore_ament_install'
[0.110s] Level 1:colcon.colcon_core.package_identification:_identify(src) by extensions ['colcon_pkg']
[0.110s] Level 1:colcon.colcon_core.package_identification:_identify(src) by extension 'colcon_pkg'
[0.110s] Level 1:colcon.colcon_core.package_identification:_identify(src) by extensions ['colcon_meta']
[0.110s] Level 1:colcon.colcon_core.package_identification:_identify(src) by extension 'colcon_meta'
[0.111s] Level 1:colcon.colcon_core.package_identification:_identify(src) by extensions ['ros']
[0.111s] Level 1:colcon.colcon_core.package_identification:_identify(src) by extension 'ros'
[0.111s] Level 1:colcon.colcon_core.package_identification:_identify(src) by extensions ['cmake', 'python']
[0.111s] Level 1:colcon.colcon_core.package_identification:_identify(src) by extension 'cmake'
[0.111s] Level 1:colcon.colcon_core.package_identification:_identify(src) by extension 'python'
[0.111s] Level 1:colcon.colcon_core.package_identification:_identify(src) by extensions ['python_setup_py']
[0.111s] Level 1:colcon.colcon_core.package_identification:_identify(src) by extension 'python_setup_py'
[0.111s] Level 1:colcon.colcon_core.package_identification:_identify(src/altair_calib_test) by extensions ['ignore', 'ignore_ament_install']
[0.111s] Level 1:colcon.colcon_core.package_identification:_identify(src/altair_calib_test) by extension 'ignore'
[0.111s] Level 1:colcon.colcon_core.package_identification:_identify(src/altair_calib_test) by extension 'ignore_ament_install'
[0.111s] Level 1:colcon.colcon_core.package_identification:_identify(src/altair_calib_test) by extensions ['colcon_pkg']
[0.111s] Level 1:colcon.colcon_core.package_identification:_identify(src/altair_calib_test) by extension 'colcon_pkg'
[0.111s] Level 1:colcon.colcon_core.package_identification:_identify(src/altair_calib_test) by extensions ['colcon_meta']
[0.111s] Level 1:colcon.colcon_core.package_identification:_identify(src/altair_calib_test) by extension 'colcon_meta'
[0.111s] Level 1:colcon.colcon_core.package_identification:_identify(src/altair_calib_test) by extensions ['ros']
[0.111s] Level 1:colcon.colcon_core.package_identification:_identify(src/altair_calib_test) by extension 'ros'
[0.111s] Level 1:colcon.colcon_core.package_identification:_identify(src/altair_calib_test) by extensions ['cmake', 'python']
[0.111s] Level 1:colcon.colcon_core.package_identification:_identify(src/altair_calib_test) by extension 'cmake'
[0.111s] Level 1:colcon.colcon_core.package_identification:_identify(src/altair_calib_test) by extension 'python'
[0.111s] Level 1:colcon.colcon_core.package_identification:_identify(src/altair_calib_test) by extensions ['python_setup_py']
[0.111s] Level 1:colcon.colcon_core.package_identification:_identify(src/altair_calib_test) by extension 'python_setup_py'
[0.111s] Level 1:colcon.colcon_core.package_identification:_identify(src/altair_calibration) by extensions ['ignore', 'ignore_ament_install']
[0.111s] Level 1:colcon.colcon_core.package_identification:_identify(src/altair_calibration) by extension 'ignore'
[0.111s] Level 1:colcon.colcon_core.package_identification:_identify(src/altair_calibration) by extension 'ignore_ament_install'
[0.111s] Level 1:colcon.colcon_core.package_identification:_identify(src/altair_calibration) by extensions ['colcon_pkg']
[0.111s] Level 1:colcon.colcon_core.package_identification:_identify(src/altair_calibration) by extension 'colcon_pkg'
[0.111s] Level 1:colcon.colcon_core.package_identification:_identify(src/altair_calibration) by extensions ['colcon_meta']
[0.111s] Level 1:colcon.colcon_core.package_identification:_identify(src/altair_calibration) by extension 'colcon_meta'
[0.111s] Level 1:colcon.colcon_core.package_identification:_identify(src/altair_calibration) by extensions ['ros']
[0.111s] Level 1:colcon.colcon_core.package_identification:_identify(src/altair_calibration) by extension 'ros'
[0.113s] DEBUG:colcon.colcon_core.package_identification:Package 'src/altair_calibration' with type 'ros.ament_cmake' and name 'altair_calibration'
[0.113s] Level 1:colcon.colcon_core.package_identification:_identify(src/ball_detect) by extensions ['ignore', 'ignore_ament_install']
[0.113s] Level 1:colcon.colcon_core.package_identification:_identify(src/ball_detect) by extension 'ignore'
[0.113s] Level 1:colcon.colcon_core.package_identification:_identify(src/ball_detect) by extension 'ignore_ament_install'
[0.113s] Level 1:colcon.colcon_core.package_identification:_identify(src/ball_detect) by extensions ['colcon_pkg']
[0.113s] Level 1:colcon.colcon_core.package_identification:_identify(src/ball_detect) by extension 'colcon_pkg'
[0.113s] Level 1:colcon.colcon_core.package_identification:_identify(src/ball_detect) by extensions ['colcon_meta']
[0.113s] Level 1:colcon.colcon_core.package_identification:_identify(src/ball_detect) by extension 'colcon_meta'
[0.113s] Level 1:colcon.colcon_core.package_identification:_identify(src/ball_detect) by extensions ['ros']
[0.113s] Level 1:colcon.colcon_core.package_identification:_identify(src/ball_detect) by extension 'ros'
[0.114s] DEBUG:colcon.colcon_core.package_identification:Package 'src/ball_detect' with type 'ros.ament_cmake' and name 'ball_detect'
[0.114s] Level 1:colcon.colcon_core.package_identification:_identify(src/ball_detector) by extensions ['ignore', 'ignore_ament_install']
[0.114s] Level 1:colcon.colcon_core.package_identification:_identify(src/ball_detector) by extension 'ignore'
[0.114s] Level 1:colcon.colcon_core.package_identification:_identify(src/ball_detector) by extension 'ignore_ament_install'
[0.114s] Level 1:colcon.colcon_core.package_identification:_identify(src/ball_detector) by extensions ['colcon_pkg']
[0.114s] Level 1:colcon.colcon_core.package_identification:_identify(src/ball_detector) by extension 'colcon_pkg'
[0.114s] Level 1:colcon.colcon_core.package_identification:_identify(src/ball_detector) by extensions ['colcon_meta']
[0.114s] Level 1:colcon.colcon_core.package_identification:_identify(src/ball_detector) by extension 'colcon_meta'
[0.114s] Level 1:colcon.colcon_core.package_identification:_identify(src/ball_detector) by extensions ['ros']
[0.114s] Level 1:colcon.colcon_core.package_identification:_identify(src/ball_detector) by extension 'ros'
[0.114s] DEBUG:colcon.colcon_core.package_identification:Package 'src/ball_detector' with type 'ros.ament_python' and name 'ball_detector'
[0.114s] Level 1:colcon.colcon_core.package_identification:_identify(src/camera_calibration) by extensions ['ignore', 'ignore_ament_install']
[0.115s] Level 1:colcon.colcon_core.package_identification:_identify(src/camera_calibration) by extension 'ignore'
[0.115s] Level 1:colcon.colcon_core.package_identification:_identify(src/camera_calibration) by extension 'ignore_ament_install'
[0.115s] Level 1:colcon.colcon_core.package_identification:_identify(src/camera_calibration) by extensions ['colcon_pkg']
[0.115s] Level 1:colcon.colcon_core.package_identification:_identify(src/camera_calibration) by extension 'colcon_pkg'
[0.115s] Level 1:colcon.colcon_core.package_identification:_identify(src/camera_calibration) by extensions ['colcon_meta']
[0.115s] Level 1:colcon.colcon_core.package_identification:_identify(src/camera_calibration) by extension 'colcon_meta'
[0.115s] Level 1:colcon.colcon_core.package_identification:_identify(src/camera_calibration) by extensions ['ros']
[0.115s] Level 1:colcon.colcon_core.package_identification:_identify(src/camera_calibration) by extension 'ros'
[0.115s] DEBUG:colcon.colcon_core.package_identification:Package 'src/camera_calibration' with type 'ros.ament_python' and name 'camera_calibration'
[0.115s] Level 1:colcon.colcon_core.package_identification:_identify(src/sample_program) by extensions ['ignore', 'ignore_ament_install']
[0.115s] Level 1:colcon.colcon_core.package_identification:_identify(src/sample_program) by extension 'ignore'
[0.116s] Level 1:colcon.colcon_core.package_identification:_identify(src/sample_program) by extension 'ignore_ament_install'
[0.116s] Level 1:colcon.colcon_core.package_identification:_identify(src/sample_program) by extensions ['colcon_pkg']
[0.116s] Level 1:colcon.colcon_core.package_identification:_identify(src/sample_program) by extension 'colcon_pkg'
[0.116s] Level 1:colcon.colcon_core.package_identification:_identify(src/sample_program) by extensions ['colcon_meta']
[0.116s] Level 1:colcon.colcon_core.package_identification:_identify(src/sample_program) by extension 'colcon_meta'
[0.116s] Level 1:colcon.colcon_core.package_identification:_identify(src/sample_program) by extensions ['ros']
[0.116s] Level 1:colcon.colcon_core.package_identification:_identify(src/sample_program) by extension 'ros'
[0.116s] Level 1:colcon.colcon_core.package_identification:_identify(src/sample_program) by extensions ['cmake', 'python']
[0.116s] Level 1:colcon.colcon_core.package_identification:_identify(src/sample_program) by extension 'cmake'
[0.116s] Level 1:colcon.colcon_core.package_identification:_identify(src/sample_program) by extension 'python'
[0.116s] Level 1:colcon.colcon_core.package_identification:_identify(src/sample_program) by extensions ['python_setup_py']
[0.116s] Level 1:colcon.colcon_core.package_identification:_identify(src/sample_program) by extension 'python_setup_py'
[0.116s] Level 1:colcon.colcon_core.package_identification:_identify(src/sample_program/FieldDetBy) by extensions ['ignore', 'ignore_ament_install']
[0.116s] Level 1:colcon.colcon_core.package_identification:_identify(src/sample_program/FieldDetBy) by extension 'ignore'
[0.116s] Level 1:colcon.colcon_core.package_identification:_identify(src/sample_program/FieldDetBy) by extension 'ignore_ament_install'
[0.116s] Level 1:colcon.colcon_core.package_identification:_identify(src/sample_program/FieldDetBy) by extensions ['colcon_pkg']
[0.116s] Level 1:colcon.colcon_core.package_identification:_identify(src/sample_program/FieldDetBy) by extension 'colcon_pkg'
[0.116s] Level 1:colcon.colcon_core.package_identification:_identify(src/sample_program/FieldDetBy) by extensions ['colcon_meta']
[0.116s] Level 1:colcon.colcon_core.package_identification:_identify(src/sample_program/FieldDetBy) by extension 'colcon_meta'
[0.116s] Level 1:colcon.colcon_core.package_identification:_identify(src/sample_program/FieldDetBy) by extensions ['ros']
[0.116s] Level 1:colcon.colcon_core.package_identification:_identify(src/sample_program/FieldDetBy) by extension 'ros'
[0.116s] Level 1:colcon.colcon_core.package_identification:_identify(src/sample_program/FieldDetBy) by extensions ['cmake', 'python']
[0.116s] Level 1:colcon.colcon_core.package_identification:_identify(src/sample_program/FieldDetBy) by extension 'cmake'
[0.116s] Level 1:colcon.colcon_core.package_identification:_identify(src/sample_program/FieldDetBy) by extension 'python'
[0.116s] Level 1:colcon.colcon_core.package_identification:_identify(src/sample_program/FieldDetBy) by extensions ['python_setup_py']
[0.116s] Level 1:colcon.colcon_core.package_identification:_identify(src/sample_program/FieldDetBy) by extension 'python_setup_py'
[0.116s] Level 1:colcon.colcon_core.package_identification:_identify(src/sample_program/ball_detection) by extensions ['ignore', 'ignore_ament_install']
[0.116s] Level 1:colcon.colcon_core.package_identification:_identify(src/sample_program/ball_detection) by extension 'ignore'
[0.116s] Level 1:colcon.colcon_core.package_identification:_identify(src/sample_program/ball_detection) by extension 'ignore_ament_install'
[0.116s] Level 1:colcon.colcon_core.package_identification:_identify(src/sample_program/ball_detection) by extensions ['colcon_pkg']
[0.116s] Level 1:colcon.colcon_core.package_identification:_identify(src/sample_program/ball_detection) by extension 'colcon_pkg'
[0.116s] Level 1:colcon.colcon_core.package_identification:_identify(src/sample_program/ball_detection) by extensions ['colcon_meta']
[0.116s] Level 1:colcon.colcon_core.package_identification:_identify(src/sample_program/ball_detection) by extension 'colcon_meta'
[0.116s] Level 1:colcon.colcon_core.package_identification:_identify(src/sample_program/ball_detection) by extensions ['ros']
[0.116s] Level 1:colcon.colcon_core.package_identification:_identify(src/sample_program/ball_detection) by extension 'ros'
[0.116s] Level 1:colcon.colcon_core.package_identification:_identify(src/sample_program/ball_detection) by extensions ['cmake', 'python']
[0.116s] Level 1:colcon.colcon_core.package_identification:_identify(src/sample_program/ball_detection) by extension 'cmake'
[0.118s] Level 1:colcon.colcon_core.package_identification:_identify(src/sample_program/ball_detection) by extension 'python'
[0.118s] DEBUG:colcon.colcon_core.package_identification:Package 'src/sample_program/ball_detection' with type 'cmake' and name 'ball_detection'
[0.118s] Level 1:colcon.colcon_core.package_identification:_identify(src/sample_program/forFieldDet) by extensions ['ignore', 'ignore_ament_install']
[0.118s] Level 1:colcon.colcon_core.package_identification:_identify(src/sample_program/forFieldDet) by extension 'ignore'
[0.118s] Level 1:colcon.colcon_core.package_identification:_identify(src/sample_program/forFieldDet) by extension 'ignore_ament_install'
[0.118s] Level 1:colcon.colcon_core.package_identification:_identify(src/sample_program/forFieldDet) by extensions ['colcon_pkg']
[0.118s] Level 1:colcon.colcon_core.package_identification:_identify(src/sample_program/forFieldDet) by extension 'colcon_pkg'
[0.118s] Level 1:colcon.colcon_core.package_identification:_identify(src/sample_program/forFieldDet) by extensions ['colcon_meta']
[0.118s] Level 1:colcon.colcon_core.package_identification:_identify(src/sample_program/forFieldDet) by extension 'colcon_meta'
[0.118s] Level 1:colcon.colcon_core.package_identification:_identify(src/sample_program/forFieldDet) by extensions ['ros']
[0.118s] Level 1:colcon.colcon_core.package_identification:_identify(src/sample_program/forFieldDet) by extension 'ros'
[0.118s] Level 1:colcon.colcon_core.package_identification:_identify(src/sample_program/forFieldDet) by extensions ['cmake', 'python']
[0.118s] Level 1:colcon.colcon_core.package_identification:_identify(src/sample_program/forFieldDet) by extension 'cmake'
[0.118s] Level 1:colcon.colcon_core.package_identification:_identify(src/sample_program/forFieldDet) by extension 'python'
[0.118s] Level 1:colcon.colcon_core.package_identification:_identify(src/sample_program/forFieldDet) by extensions ['python_setup_py']
[0.118s] Level 1:colcon.colcon_core.package_identification:_identify(src/sample_program/forFieldDet) by extension 'python_setup_py'
[0.118s] Level 1:colcon.colcon_core.package_identification:_identify(src/sample_program/samplesIMG) by extensions ['ignore', 'ignore_ament_install']
[0.118s] Level 1:colcon.colcon_core.package_identification:_identify(src/sample_program/samplesIMG) by extension 'ignore'
[0.118s] Level 1:colcon.colcon_core.package_identification:_identify(src/sample_program/samplesIMG) by extension 'ignore_ament_install'
[0.119s] Level 1:colcon.colcon_core.package_identification:_identify(src/sample_program/samplesIMG) by extensions ['colcon_pkg']
[0.119s] Level 1:colcon.colcon_core.package_identification:_identify(src/sample_program/samplesIMG) by extension 'colcon_pkg'
[0.119s] Level 1:colcon.colcon_core.package_identification:_identify(src/sample_program/samplesIMG) by extensions ['colcon_meta']
[0.119s] Level 1:colcon.colcon_core.package_identification:_identify(src/sample_program/samplesIMG) by extension 'colcon_meta'
[0.119s] Level 1:colcon.colcon_core.package_identification:_identify(src/sample_program/samplesIMG) by extensions ['ros']
[0.119s] Level 1:colcon.colcon_core.package_identification:_identify(src/sample_program/samplesIMG) by extension 'ros'
[0.119s] Level 1:colcon.colcon_core.package_identification:_identify(src/sample_program/samplesIMG) by extensions ['cmake', 'python']
[0.119s] Level 1:colcon.colcon_core.package_identification:_identify(src/sample_program/samplesIMG) by extension 'cmake'
[0.119s] Level 1:colcon.colcon_core.package_identification:_identify(src/sample_program/samplesIMG) by extension 'python'
[0.119s] Level 1:colcon.colcon_core.package_identification:_identify(src/sample_program/samplesIMG) by extensions ['python_setup_py']
[0.119s] Level 1:colcon.colcon_core.package_identification:_identify(src/sample_program/samplesIMG) by extension 'python_setup_py'
[0.119s] Level 1:colcon.colcon_core.package_identification:_identify(src/soccer_field_map_generator) by extensions ['ignore', 'ignore_ament_install']
[0.119s] Level 1:colcon.colcon_core.package_identification:_identify(src/soccer_field_map_generator) by extension 'ignore'
[0.119s] Level 1:colcon.colcon_core.package_identification:_identify(src/soccer_field_map_generator) by extension 'ignore_ament_install'
[0.119s] Level 1:colcon.colcon_core.package_identification:_identify(src/soccer_field_map_generator) by extensions ['colcon_pkg']
[0.119s] Level 1:colcon.colcon_core.package_identification:_identify(src/soccer_field_map_generator) by extension 'colcon_pkg'
[0.119s] Level 1:colcon.colcon_core.package_identification:_identify(src/soccer_field_map_generator) by extensions ['colcon_meta']
[0.119s] Level 1:colcon.colcon_core.package_identification:_identify(src/soccer_field_map_generator) by extension 'colcon_meta'
[0.119s] Level 1:colcon.colcon_core.package_identification:_identify(src/soccer_field_map_generator) by extensions ['ros']
[0.119s] Level 1:colcon.colcon_core.package_identification:_identify(src/soccer_field_map_generator) by extension 'ros'
[0.119s] Level 1:colcon.colcon_core.package_identification:_identify(src/soccer_field_map_generator) by extensions ['cmake', 'python']
[0.119s] Level 1:colcon.colcon_core.package_identification:_identify(src/soccer_field_map_generator) by extension 'cmake'
[0.119s] Level 1:colcon.colcon_core.package_identification:_identify(src/soccer_field_map_generator) by extension 'python'
[0.119s] Level 1:colcon.colcon_core.package_identification:_identify(src/soccer_field_map_generator) by extensions ['python_setup_py']
[0.119s] Level 1:colcon.colcon_core.package_identification:_identify(src/soccer_field_map_generator) by extension 'python_setup_py'
[0.119s] Level 1:colcon.colcon_core.package_identification:_identify(src/soccer_field_map_generator/soccer_field_map_generator) by extensions ['ignore', 'ignore_ament_install']
[0.119s] Level 1:colcon.colcon_core.package_identification:_identify(src/soccer_field_map_generator/soccer_field_map_generator) by extension 'ignore'
[0.119s] Level 1:colcon.colcon_core.package_identification:_identify(src/soccer_field_map_generator/soccer_field_map_generator) by extension 'ignore_ament_install'
[0.119s] Level 1:colcon.colcon_core.package_identification:_identify(src/soccer_field_map_generator/soccer_field_map_generator) by extensions ['colcon_pkg']
[0.119s] Level 1:colcon.colcon_core.package_identification:_identify(src/soccer_field_map_generator/soccer_field_map_generator) by extension 'colcon_pkg'
[0.119s] Level 1:colcon.colcon_core.package_identification:_identify(src/soccer_field_map_generator/soccer_field_map_generator) by extensions ['colcon_meta']
[0.119s] Level 1:colcon.colcon_core.package_identification:_identify(src/soccer_field_map_generator/soccer_field_map_generator) by extension 'colcon_meta'
[0.119s] Level 1:colcon.colcon_core.package_identification:_identify(src/soccer_field_map_generator/soccer_field_map_generator) by extensions ['ros']
[0.119s] Level 1:colcon.colcon_core.package_identification:_identify(src/soccer_field_map_generator/soccer_field_map_generator) by extension 'ros'
[0.120s] DEBUG:colcon.colcon_core.package_identification:Package 'src/soccer_field_map_generator/soccer_field_map_generator' with type 'ros.ament_python' and name 'soccer_field_map_generator'
[0.120s] Level 1:colcon.colcon_core.package_identification:_identify(src/temp_ball_detector) by extensions ['ignore', 'ignore_ament_install']
[0.120s] Level 1:colcon.colcon_core.package_identification:_identify(src/temp_ball_detector) by extension 'ignore'
[0.120s] Level 1:colcon.colcon_core.package_identification:_identify(src/temp_ball_detector) by extension 'ignore_ament_install'
[0.120s] Level 1:colcon.colcon_core.package_identification:_identify(src/temp_ball_detector) by extensions ['colcon_pkg']
[0.120s] Level 1:colcon.colcon_core.package_identification:_identify(src/temp_ball_detector) by extension 'colcon_pkg'
[0.120s] Level 1:colcon.colcon_core.package_identification:_identify(src/temp_ball_detector) by extensions ['colcon_meta']
[0.120s] Level 1:colcon.colcon_core.package_identification:_identify(src/temp_ball_detector) by extension 'colcon_meta'
[0.120s] Level 1:colcon.colcon_core.package_identification:_identify(src/temp_ball_detector) by extensions ['ros']
[0.120s] Level 1:colcon.colcon_core.package_identification:_identify(src/temp_ball_detector) by extension 'ros'
[0.120s] DEBUG:colcon.colcon_core.package_identification:Package 'src/temp_ball_detector' with type 'ros.ament_cmake' and name 'temp_ball_detector'
[0.121s] Level 1:colcon.colcon_core.package_identification:_identify(src/usb_cam) by extensions ['ignore', 'ignore_ament_install']
[0.121s] Level 1:colcon.colcon_core.package_identification:_identify(src/usb_cam) by extension 'ignore'
[0.121s] Level 1:colcon.colcon_core.package_identification:_identify(src/usb_cam) by extension 'ignore_ament_install'
[0.121s] Level 1:colcon.colcon_core.package_identification:_identify(src/usb_cam) by extensions ['colcon_pkg']
[0.121s] Level 1:colcon.colcon_core.package_identification:_identify(src/usb_cam) by extension 'colcon_pkg'
[0.121s] Level 1:colcon.colcon_core.package_identification:_identify(src/usb_cam) by extensions ['colcon_meta']
[0.121s] Level 1:colcon.colcon_core.package_identification:_identify(src/usb_cam) by extension 'colcon_meta'
[0.121s] Level 1:colcon.colcon_core.package_identification:_identify(src/usb_cam) by extensions ['ros']
[0.121s] Level 1:colcon.colcon_core.package_identification:_identify(src/usb_cam) by extension 'ros'
[0.122s] DEBUG:colcon.colcon_core.package_identification:Package 'src/usb_cam' with type 'ros.ament_cmake' and name 'usb_cam'
[0.122s] Level 1:colcon.colcon_core.package_identification:_identify(src/video_subscriber) by extensions ['ignore', 'ignore_ament_install']
[0.122s] Level 1:colcon.colcon_core.package_identification:_identify(src/video_subscriber) by extension 'ignore'
[0.122s] Level 1:colcon.colcon_core.package_identification:_identify(src/video_subscriber) by extension 'ignore_ament_install'
[0.122s] Level 1:colcon.colcon_core.package_identification:_identify(src/video_subscriber) by extensions ['colcon_pkg']
[0.122s] Level 1:colcon.colcon_core.package_identification:_identify(src/video_subscriber) by extension 'colcon_pkg'
[0.122s] Level 1:colcon.colcon_core.package_identification:_identify(src/video_subscriber) by extensions ['colcon_meta']
[0.122s] Level 1:colcon.colcon_core.package_identification:_identify(src/video_subscriber) by extension 'colcon_meta'
[0.122s] Level 1:colcon.colcon_core.package_identification:_identify(src/video_subscriber) by extensions ['ros']
[0.122s] Level 1:colcon.colcon_core.package_identification:_identify(src/video_subscriber) by extension 'ros'
[0.122s] DEBUG:colcon.colcon_core.package_identification:Package 'src/video_subscriber' with type 'ros.ament_python' and name 'video_subscriber'
[0.122s] Level 1:colcon.colcon_core.package_identification:_identify(src/vision_msg) by extensions ['ignore', 'ignore_ament_install']
[0.122s] Level 1:colcon.colcon_core.package_identification:_identify(src/vision_msg) by extension 'ignore'
[0.122s] Level 1:colcon.colcon_core.package_identification:_identify(src/vision_msg) by extension 'ignore_ament_install'
[0.122s] Level 1:colcon.colcon_core.package_identification:_identify(src/vision_msg) by extensions ['colcon_pkg']
[0.122s] Level 1:colcon.colcon_core.package_identification:_identify(src/vision_msg) by extension 'colcon_pkg'
[0.122s] Level 1:colcon.colcon_core.package_identification:_identify(src/vision_msg) by extensions ['colcon_meta']
[0.122s] Level 1:colcon.colcon_core.package_identification:_identify(src/vision_msg) by extension 'colcon_meta'
[0.122s] Level 1:colcon.colcon_core.package_identification:_identify(src/vision_msg) by extensions ['ros']
[0.122s] Level 1:colcon.colcon_core.package_identification:_identify(src/vision_msg) by extension 'ros'
[0.122s] Level 1:colcon.colcon_core.package_identification:_identify(src/vision_msg) by extensions ['cmake', 'python']
[0.122s] Level 1:colcon.colcon_core.package_identification:_identify(src/vision_msg) by extension 'cmake'
[0.122s] Level 1:colcon.colcon_core.package_identification:_identify(src/vision_msg) by extension 'python'
[0.122s] Level 1:colcon.colcon_core.package_identification:_identify(src/vision_msg) by extensions ['python_setup_py']
[0.122s] Level 1:colcon.colcon_core.package_identification:_identify(src/vision_msg) by extension 'python_setup_py'
[0.122s] Level 1:colcon.colcon_core.package_identification:_identify(vision-dashboard) by extensions ['ignore', 'ignore_ament_install']
[0.123s] Level 1:colcon.colcon_core.package_identification:_identify(vision-dashboard) by extension 'ignore'
[0.123s] Level 1:colcon.colcon_core.package_identification:_identify(vision-dashboard) by extension 'ignore_ament_install'
[0.123s] Level 1:colcon.colcon_core.package_identification:_identify(vision-dashboard) by extensions ['colcon_pkg']
[0.123s] Level 1:colcon.colcon_core.package_identification:_identify(vision-dashboard) by extension 'colcon_pkg'
[0.123s] Level 1:colcon.colcon_core.package_identification:_identify(vision-dashboard) by extensions ['colcon_meta']
[0.123s] Level 1:colcon.colcon_core.package_identification:_identify(vision-dashboard) by extension 'colcon_meta'
[0.123s] Level 1:colcon.colcon_core.package_identification:_identify(vision-dashboard) by extensions ['ros']
[0.123s] Level 1:colcon.colcon_core.package_identification:_identify(vision-dashboard) by extension 'ros'
[0.123s] Level 1:colcon.colcon_core.package_identification:_identify(vision-dashboard) by extensions ['cmake', 'python']
[0.123s] Level 1:colcon.colcon_core.package_identification:_identify(vision-dashboard) by extension 'cmake'
[0.123s] Level 1:colcon.colcon_core.package_identification:_identify(vision-dashboard) by extension 'python'
[0.123s] Level 1:colcon.colcon_core.package_identification:_identify(vision-dashboard) by extensions ['python_setup_py']
[0.123s] Level 1:colcon.colcon_core.package_identification:_identify(vision-dashboard) by extension 'python_setup_py'
[0.123s] Level 1:colcon.colcon_core.package_identification:_identify(vision-dashboard/app) by extensions ['ignore', 'ignore_ament_install']
[0.123s] Level 1:colcon.colcon_core.package_identification:_identify(vision-dashboard/app) by extension 'ignore'
[0.123s] Level 1:colcon.colcon_core.package_identification:_identify(vision-dashboard/app) by extension 'ignore_ament_install'
[0.123s] Level 1:colcon.colcon_core.package_identification:_identify(vision-dashboard/app) by extensions ['colcon_pkg']
[0.123s] Level 1:colcon.colcon_core.package_identification:_identify(vision-dashboard/app) by extension 'colcon_pkg'
[0.123s] Level 1:colcon.colcon_core.package_identification:_identify(vision-dashboard/app) by extensions ['colcon_meta']
[0.123s] Level 1:colcon.colcon_core.package_identification:_identify(vision-dashboard/app) by extension 'colcon_meta'
[0.123s] Level 1:colcon.colcon_core.package_identification:_identify(vision-dashboard/app) by extensions ['ros']
[0.123s] Level 1:colcon.colcon_core.package_identification:_identify(vision-dashboard/app) by extension 'ros'
[0.123s] Level 1:colcon.colcon_core.package_identification:_identify(vision-dashboard/app) by extensions ['cmake', 'python']
[0.123s] Level 1:colcon.colcon_core.package_identification:_identify(vision-dashboard/app) by extension 'cmake'
[0.123s] Level 1:colcon.colcon_core.package_identification:_identify(vision-dashboard/app) by extension 'python'
[0.123s] Level 1:colcon.colcon_core.package_identification:_identify(vision-dashboard/app) by extensions ['python_setup_py']
[0.123s] Level 1:colcon.colcon_core.package_identification:_identify(vision-dashboard/app) by extension 'python_setup_py'
[0.123s] Level 1:colcon.colcon_core.package_identification:_identify(vision-dashboard/app/components) by extensions ['ignore', 'ignore_ament_install']
[0.123s] Level 1:colcon.colcon_core.package_identification:_identify(vision-dashboard/app/components) by extension 'ignore'
[0.123s] Level 1:colcon.colcon_core.package_identification:_identify(vision-dashboard/app/components) by extension 'ignore_ament_install'
[0.123s] Level 1:colcon.colcon_core.package_identification:_identify(vision-dashboard/app/components) by extensions ['colcon_pkg']
[0.123s] Level 1:colcon.colcon_core.package_identification:_identify(vision-dashboard/app/components) by extension 'colcon_pkg'
[0.123s] Level 1:colcon.colcon_core.package_identification:_identify(vision-dashboard/app/components) by extensions ['colcon_meta']
[0.123s] Level 1:colcon.colcon_core.package_identification:_identify(vision-dashboard/app/components) by extension 'colcon_meta'
[0.123s] Level 1:colcon.colcon_core.package_identification:_identify(vision-dashboard/app/components) by extensions ['ros']
[0.123s] Level 1:colcon.colcon_core.package_identification:_identify(vision-dashboard/app/components) by extension 'ros'
[0.123s] Level 1:colcon.colcon_core.package_identification:_identify(vision-dashboard/app/components) by extensions ['cmake', 'python']
[0.123s] Level 1:colcon.colcon_core.package_identification:_identify(vision-dashboard/app/components) by extension 'cmake'
[0.123s] Level 1:colcon.colcon_core.package_identification:_identify(vision-dashboard/app/components) by extension 'python'
[0.123s] Level 1:colcon.colcon_core.package_identification:_identify(vision-dashboard/app/components) by extensions ['python_setup_py']
[0.123s] Level 1:colcon.colcon_core.package_identification:_identify(vision-dashboard/app/components) by extension 'python_setup_py'
[0.124s] Level 1:colcon.colcon_core.package_identification:_identify(vision-dashboard/public) by extensions ['ignore', 'ignore_ament_install']
[0.124s] Level 1:colcon.colcon_core.package_identification:_identify(vision-dashboard/public) by extension 'ignore'
[0.124s] Level 1:colcon.colcon_core.package_identification:_identify(vision-dashboard/public) by extension 'ignore_ament_install'
[0.124s] Level 1:colcon.colcon_core.package_identification:_identify(vision-dashboard/public) by extensions ['colcon_pkg']
[0.124s] Level 1:colcon.colcon_core.package_identification:_identify(vision-dashboard/public) by extension 'colcon_pkg'
[0.124s] Level 1:colcon.colcon_core.package_identification:_identify(vision-dashboard/public) by extensions ['colcon_meta']
[0.124s] Level 1:colcon.colcon_core.package_identification:_identify(vision-dashboard/public) by extension 'colcon_meta'
[0.124s] Level 1:colcon.colcon_core.package_identification:_identify(vision-dashboard/public) by extensions ['ros']
[0.124s] Level 1:colcon.colcon_core.package_identification:_identify(vision-dashboard/public) by extension 'ros'
[0.124s] Level 1:colcon.colcon_core.package_identification:_identify(vision-dashboard/public) by extensions ['cmake', 'python']
[0.124s] Level 1:colcon.colcon_core.package_identification:_identify(vision-dashboard/public) by extension 'cmake'
[0.124s] Level 1:colcon.colcon_core.package_identification:_identify(vision-dashboard/public) by extension 'python'
[0.124s] Level 1:colcon.colcon_core.package_identification:_identify(vision-dashboard/public) by extensions ['python_setup_py']
[0.124s] Level 1:colcon.colcon_core.package_identification:_identify(vision-dashboard/public) by extension 'python_setup_py'
[0.124s] Level 1:colcon.colcon_core.package_discovery:discover_packages(recursive) using defaults
[0.124s] Level 1:colcon.colcon_core.package_discovery:discover_packages(ignore) discover
[0.124s] Level 1:colcon.colcon_core.package_discovery:discover_packages(ignore) using defaults
[0.124s] Level 1:colcon.colcon_core.package_discovery:discover_packages(path) discover
[0.124s] Level 1:colcon.colcon_core.package_discovery:discover_packages(path) using defaults
[0.137s] INFO:colcon.colcon_core.package_selection:Skipping not selected package 'ball_detect' in 'src/ball_detect'
[0.137s] INFO:colcon.colcon_core.package_selection:Skipping not selected package 'ball_detection' in 'src/sample_program/ball_detection'
[0.137s] INFO:colcon.colcon_core.package_selection:Skipping not selected package 'ball_detector' in 'src/ball_detector'
[0.137s] INFO:colcon.colcon_core.package_selection:Skipping not selected package 'camera_calibration' in 'src/camera_calibration'
[0.137s] INFO:colcon.colcon_core.package_selection:Skipping not selected package 'soccer_field_map_generator' in 'src/soccer_field_map_generator/soccer_field_map_generator'
[0.137s] INFO:colcon.colcon_core.package_selection:Skipping not selected package 'temp_ball_detector' in 'src/temp_ball_detector'
[0.137s] INFO:colcon.colcon_core.package_selection:Skipping not selected package 'usb_cam' in 'src/usb_cam'
[0.137s] INFO:colcon.colcon_core.package_selection:Skipping not selected package 'video_subscriber' in 'src/video_subscriber'
[0.137s] Level 1:colcon.colcon_core.package_discovery:discover_packages(prefix_path) check parameters
[0.137s] Level 1:colcon.colcon_core.package_discovery:discover_packages(prefix_path) discover
[0.139s] DEBUG:colcon.colcon_installed_package_information.package_discovery:Found 308 installed packages in /opt/ros/jazzy
[0.140s] Level 1:colcon.colcon_core.package_discovery:discover_packages(prefix_path) using defaults
[0.164s] Level 5:colcon.colcon_core.verb:set package 'altair_calibration' build argument 'cmake_args' from command line to 'None'
[0.164s] Level 5:colcon.colcon_core.verb:set package 'altair_calibration' build argument 'cmake_target' from command line to 'None'
[0.164s] Level 5:colcon.colcon_core.verb:set package 'altair_calibration' build argument 'cmake_target_skip_unavailable' from command line to 'False'
[0.164s] Level 5:colcon.colcon_core.verb:set package 'altair_calibration' build argument 'cmake_clean_cache' from command line to 'False'
[0.164s] Level 5:colcon.colcon_core.verb:set package 'altair_calibration' build argument 'cmake_clean_first' from command line to 'False'
[0.164s] Level 5:colcon.colcon_core.verb:set package 'altair_calibration' build argument 'cmake_force_configure' from command line to 'False'
[0.164s] Level 5:colcon.colcon_core.verb:set package 'altair_calibration' build argument 'ament_cmake_args' from command line to 'None'
[0.164s] Level 5:colcon.colcon_core.verb:set package 'altair_calibration' build argument 'catkin_cmake_args' from command line to 'None'
[0.164s] Level 5:colcon.colcon_core.verb:set package 'altair_calibration' build argument 'catkin_skip_building_tests' from command line to 'False'
[0.164s] DEBUG:colcon.colcon_core.verb:Building package 'altair_calibration' with the following arguments: {'ament_cmake_args': None, 'build_base': '/home/abyan/Documents/FOR_ALTAIR/ALTAIR-vision/build/altair_calibration', 'catkin_cmake_args': None, 'catkin_skip_building_tests': False, 'cmake_args': None, 'cmake_clean_cache': False, 'cmake_clean_first': False, 'cmake_force_configure': False, 'cmake_target': None, 'cmake_target_skip_unavailable': False, 'install_base': '/home/abyan/Documents/FOR_ALTAIR/ALTAIR-vision/install/altair_calibration', 'merge_install': False, 'path': '/home/abyan/Documents/FOR_ALTAIR/ALTAIR-vision/src/altair_calibration', 'symlink_install': False, 'test_result_base': None}
[0.164s] INFO:colcon.colcon_core.executor:Executing jobs using 'parallel' executor
[0.165s] DEBUG:colcon.colcon_parallel_executor.executor.parallel:run_until_complete
[0.165s] INFO:colcon.colcon_ros.task.ament_cmake.build:Building ROS package in '/home/abyan/Documents/FOR_ALTAIR/ALTAIR-vision/src/altair_calibration' with build type 'ament_cmake'
[0.165s] INFO:colcon.colcon_cmake.task.cmake.build:Building CMake package in '/home/abyan/Documents/FOR_ALTAIR/ALTAIR-vision/src/altair_calibration'
[0.167s] INFO:colcon.colcon_core.plugin_system:Skipping extension 'colcon_core.shell.bat': Not used on non-Windows systems
[0.167s] INFO:colcon.colcon_core.shell:Skip shell extension 'powershell' for command environment: Not usable outside of PowerShell
[0.167s] DEBUG:colcon.colcon_core.shell:Skip shell extension 'dsv' for command environment
[0.173s] DEBUG:colcon.colcon_core.event_handler.log_command:Invoking command in '/home/abyan/Documents/FOR_ALTAIR/ALTAIR-vision/build/altair_calibration': CMAKE_PREFIX_PATH=${CMAKE_PREFIX_PATH}:/opt/ros/jazzy DEBUGINFOD_URLS=https://debuginfod.ubuntu.com /usr/bin/cmake --build /home/abyan/Documents/FOR_ALTAIR/ALTAIR-vision/build/altair_calibration -- -j16 -l16
[0.757s] DEBUG:colcon.colcon_core.event_handler.log_command:Invoked command in '/home/abyan/Documents/FOR_ALTAIR/ALTAIR-vision/build/altair_calibration' returned '0': CMAKE_PREFIX_PATH=${CMAKE_PREFIX_PATH}:/opt/ros/jazzy DEBUGINFOD_URLS=https://debuginfod.ubuntu.com /usr/bin/cmake --build /home/abyan/Documents/FOR_ALTAIR/ALTAIR-vision/build/altair_calibration -- -j16 -l16
[0.768s] DEBUG:colcon.colcon_core.event_handler.log_command:Invoking command in '/home/abyan/Documents/FOR_ALTAIR/ALTAIR-vision/build/altair_calibration': CMAKE_PREFIX_PATH=${CMAKE_PREFIX_PATH}:/opt/ros/jazzy DEBUGINFOD_URLS=https://debuginfod.ubuntu.com /usr/bin/cmake --install /home/abyan/Documents/FOR_ALTAIR/ALTAIR-vision/build/altair_calibration
[0.781s] Level 1:colcon.colcon_core.environment:create_environment_scripts_only(altair_calibration)
[0.784s] DEBUG:colcon.colcon_core.event_handler.log_command:Invoked command in '/home/abyan/Documents/FOR_ALTAIR/ALTAIR-vision/build/altair_calibration' returned '0': CMAKE_PREFIX_PATH=${CMAKE_PREFIX_PATH}:/opt/ros/jazzy DEBUGINFOD_URLS=https://debuginfod.ubuntu.com /usr/bin/cmake --install /home/abyan/Documents/FOR_ALTAIR/ALTAIR-vision/build/altair_calibration
[0.785s] Level 1:colcon.colcon_core.environment:checking '/home/abyan/Documents/FOR_ALTAIR/ALTAIR-vision/install/altair_calibration' for CMake module files
[0.786s] Level 1:colcon.colcon_core.environment:checking '/home/abyan/Documents/FOR_ALTAIR/ALTAIR-vision/install/altair_calibration' for CMake config files
[0.787s] Level 1:colcon.colcon_core.shell:create_environment_hook('altair_calibration', 'cmake_prefix_path')
[0.787s] INFO:colcon.colcon_core.shell:Creating environment hook '/home/abyan/Documents/FOR_ALTAIR/ALTAIR-vision/install/altair_calibration/share/altair_calibration/hook/cmake_prefix_path.ps1'
[0.788s] INFO:colcon.colcon_core.shell:Creating environment descriptor '/home/abyan/Documents/FOR_ALTAIR/ALTAIR-vision/install/altair_calibration/share/altair_calibration/hook/cmake_prefix_path.dsv'
[0.788s] INFO:colcon.colcon_core.shell:Creating environment hook '/home/abyan/Documents/FOR_ALTAIR/ALTAIR-vision/install/altair_calibration/share/altair_calibration/hook/cmake_prefix_path.sh'
[0.789s] Level 1:colcon.colcon_core.environment:checking '/home/abyan/Documents/FOR_ALTAIR/ALTAIR-vision/install/altair_calibration/lib'
[0.789s] Level 1:colcon.colcon_core.environment:checking '/home/abyan/Documents/FOR_ALTAIR/ALTAIR-vision/install/altair_calibration/bin'
[0.790s] Level 1:colcon.colcon_core.environment:checking '/home/abyan/Documents/FOR_ALTAIR/ALTAIR-vision/install/altair_calibration/lib/pkgconfig/altair_calibration.pc'
[0.790s] Level 1:colcon.colcon_core.environment:checking '/home/abyan/Documents/FOR_ALTAIR/ALTAIR-vision/install/altair_calibration/lib/python3.12/site-packages'
[0.790s] Level 1:colcon.colcon_core.environment:checking '/home/abyan/Documents/FOR_ALTAIR/ALTAIR-vision/install/altair_calibration/bin'
[0.790s] INFO:colcon.colcon_core.shell:Creating package script '/home/abyan/Documents/FOR_ALTAIR/ALTAIR-vision/install/altair_calibration/share/altair_calibration/package.ps1'
[0.791s] INFO:colcon.colcon_core.shell:Creating package descriptor '/home/abyan/Documents/FOR_ALTAIR/ALTAIR-vision/install/altair_calibration/share/altair_calibration/package.dsv'
[0.791s] INFO:colcon.colcon_core.shell:Creating package script '/home/abyan/Documents/FOR_ALTAIR/ALTAIR-vision/install/altair_calibration/share/altair_calibration/package.sh'
[0.792s] INFO:colcon.colcon_core.shell:Creating package script '/home/abyan/Documents/FOR_ALTAIR/ALTAIR-vision/install/altair_calibration/share/altair_calibration/package.bash'
[0.793s] INFO:colcon.colcon_core.shell:Creating package script '/home/abyan/Documents/FOR_ALTAIR/ALTAIR-vision/install/altair_calibration/share/altair_calibration/package.zsh'
[0.793s] Level 1:colcon.colcon_core.environment:create_file_with_runtime_dependencies(/home/abyan/Documents/FOR_ALTAIR/ALTAIR-vision/install/altair_calibration/share/colcon-core/packages/altair_calibration)
[0.793s] Level 1:colcon.colcon_core.environment:create_environment_scripts_only(altair_calibration)
[0.793s] Level 1:colcon.colcon_core.environment:checking '/home/abyan/Documents/FOR_ALTAIR/ALTAIR-vision/install/altair_calibration' for CMake module files
[0.794s] Level 1:colcon.colcon_core.environment:checking '/home/abyan/Documents/FOR_ALTAIR/ALTAIR-vision/install/altair_calibration' for CMake config files
[0.794s] Level 1:colcon.colcon_core.shell:create_environment_hook('altair_calibration', 'cmake_prefix_path')
[0.794s] INFO:colcon.colcon_core.shell:Creating environment hook '/home/abyan/Documents/FOR_ALTAIR/ALTAIR-vision/install/altair_calibration/share/altair_calibration/hook/cmake_prefix_path.ps1'
[0.794s] INFO:colcon.colcon_core.shell:Creating environment descriptor '/home/abyan/Documents/FOR_ALTAIR/ALTAIR-vision/install/altair_calibration/share/altair_calibration/hook/cmake_prefix_path.dsv'
[0.795s] INFO:colcon.colcon_core.shell:Creating environment hook '/home/abyan/Documents/FOR_ALTAIR/ALTAIR-vision/install/altair_calibration/share/altair_calibration/hook/cmake_prefix_path.sh'
[0.795s] Level 1:colcon.colcon_core.environment:checking '/home/abyan/Documents/FOR_ALTAIR/ALTAIR-vision/install/altair_calibration/lib'
[0.795s] Level 1:colcon.colcon_core.environment:checking '/home/abyan/Documents/FOR_ALTAIR/ALTAIR-vision/install/altair_calibration/bin'
[0.795s] Level 1:colcon.colcon_core.environment:checking '/home/abyan/Documents/FOR_ALTAIR/ALTAIR-vision/install/altair_calibration/lib/pkgconfig/altair_calibration.pc'
[0.795s] Level 1:colcon.colcon_core.environment:checking '/home/abyan/Documents/FOR_ALTAIR/ALTAIR-vision/install/altair_calibration/lib/python3.12/site-packages'
[0.795s] Level 1:colcon.colcon_core.environment:checking '/home/abyan/Documents/FOR_ALTAIR/ALTAIR-vision/install/altair_calibration/bin'
[0.795s] INFO:colcon.colcon_core.shell:Creating package script '/home/abyan/Documents/FOR_ALTAIR/ALTAIR-vision/install/altair_calibration/share/altair_calibration/package.ps1'
[0.796s] INFO:colcon.colcon_core.shell:Creating package descriptor '/home/abyan/Documents/FOR_ALTAIR/ALTAIR-vision/install/altair_calibration/share/altair_calibration/package.dsv'
[0.796s] INFO:colcon.colcon_core.shell:Creating package script '/home/abyan/Documents/FOR_ALTAIR/ALTAIR-vision/install/altair_calibration/share/altair_calibration/package.sh'
[0.796s] INFO:colcon.colcon_core.shell:Creating package script '/home/abyan/Documents/FOR_ALTAIR/ALTAIR-vision/install/altair_calibration/share/altair_calibration/package.bash'
[0.796s] INFO:colcon.colcon_core.shell:Creating package script '/home/abyan/Documents/FOR_ALTAIR/ALTAIR-vision/install/altair_calibration/share/altair_calibration/package.zsh'
[0.797s] Level 1:colcon.colcon_core.environment:create_file_with_runtime_dependencies(/home/abyan/Documents/FOR_ALTAIR/ALTAIR-vision/install/altair_calibration/share/colcon-core/packages/altair_calibration)
[0.797s] DEBUG:colcon.colcon_parallel_executor.executor.parallel:closing loop
[0.797s] DEBUG:colcon.colcon_parallel_executor.executor.parallel:loop closed
[0.797s] DEBUG:colcon.colcon_parallel_executor.executor.parallel:run_until_complete finished with '0'
[0.797s] DEBUG:colcon.colcon_core.event_reactor:joining thread
[0.802s] INFO:colcon.colcon_core.plugin_system:Skipping extension 'colcon_notification.desktop_notification.terminal_notifier': Not used on non-Darwin systems
[0.803s] INFO:colcon.colcon_core.plugin_system:Skipping extension 'colcon_notification.desktop_notification.win32': Not used on non-Windows systems
[0.803s] INFO:colcon.colcon_notification.desktop_notification:Sending desktop notification using 'notify2'
[0.819s] DEBUG:colcon.colcon_core.event_reactor:joined thread
[0.819s] INFO:colcon.colcon_core.shell:Creating prefix script '/home/abyan/Documents/FOR_ALTAIR/ALTAIR-vision/install/local_setup.ps1'
[0.820s] INFO:colcon.colcon_core.shell:Creating prefix util module '/home/abyan/Documents/FOR_ALTAIR/ALTAIR-vision/install/_local_setup_util_ps1.py'
[0.820s] INFO:colcon.colcon_core.shell:Creating prefix chain script '/home/abyan/Documents/FOR_ALTAIR/ALTAIR-vision/install/setup.ps1'
[0.821s] INFO:colcon.colcon_core.shell:Creating prefix script '/home/abyan/Documents/FOR_ALTAIR/ALTAIR-vision/install/local_setup.sh'
[0.821s] INFO:colcon.colcon_core.shell:Creating prefix util module '/home/abyan/Documents/FOR_ALTAIR/ALTAIR-vision/install/_local_setup_util_sh.py'
[0.822s] INFO:colcon.colcon_core.shell:Creating prefix chain script '/home/abyan/Documents/FOR_ALTAIR/ALTAIR-vision/install/setup.sh'
[0.822s] INFO:colcon.colcon_core.shell:Creating prefix script '/home/abyan/Documents/FOR_ALTAIR/ALTAIR-vision/install/local_setup.bash'
[0.822s] INFO:colcon.colcon_core.shell:Creating prefix chain script '/home/abyan/Documents/FOR_ALTAIR/ALTAIR-vision/install/setup.bash'
[0.823s] INFO:colcon.colcon_core.shell:Creating prefix script '/home/abyan/Documents/FOR_ALTAIR/ALTAIR-vision/install/local_setup.zsh'
[0.823s] INFO:colcon.colcon_core.shell:Creating prefix chain script '/home/abyan/Documents/FOR_ALTAIR/ALTAIR-vision/install/setup.zsh'
