[1.672s] Invoking command in '/home/abyan/Documents/FOR_ALTAIR/ALTAIR-vision/build/temp_ball_detector': CMAKE_PREFIX_PATH=${CMAKE_PREFIX_PATH}:/opt/ros/jazzy CONDA_PROMPT_MODIFIER=(base) DEBUGINFOD_URLS=https://debuginfod.ubuntu.com /usr/bin/cmake --build /home/abyan/Documents/FOR_ALTAIR/ALTAIR-vision/build/temp_ball_detector -- -j16 -l16
[1.811s] [  2%] Built target temp_ball_detector__rosidl_generator_type_description
[1.840s] [  2%] Built target ament_cmake_python_copy_temp_ball_detector
[1.870s] [  5%] Built target temp_ball_detector__cpp
[1.874s] [ 20%] Built target temp_ball_detector__rosidl_generator_c
[1.940s] [ 29%] Built target temp_ball_detector__rosidl_typesupport_introspection_c
[1.941s] [ 47%] Built target temp_ball_detector__rosidl_typesupport_introspection_cpp
[1.941s] [ 47%] Built target temp_ball_detector__rosidl_typesupport_fastrtps_c
[1.942s] [ 55%] Built target temp_ball_detector__rosidl_typesupport_cpp
[1.945s] [ 64%] Built target temp_ball_detector__rosidl_typesupport_fastrtps_cpp
[1.947s] [ 73%] Built target temp_ball_detector__rosidl_typesupport_c
[2.001s] [ 73%] Built target temp_ball_detector
[2.059s] [ 76%] Built target temp_ball_detector__py
[2.124s] [ 82%] Built target temp_ball_detector__rosidl_generator_py
[2.186s] [ 94%] Built target temp_ball_detector_s__rosidl_typesupport_introspection_c
[2.186s] [ 94%] Built target temp_ball_detector_s__rosidl_typesupport_fastrtps_c
[2.192s] [100%] Built target temp_ball_detector_s__rosidl_typesupport_c
[2.461s] running egg_info
[2.517s] writing temp_ball_detector.egg-info/PKG-INFO
[2.517s] writing dependency_links to temp_ball_detector.egg-info/dependency_links.txt
[2.518s] writing top-level names to temp_ball_detector.egg-info/top_level.txt
[2.678s] reading manifest file 'temp_ball_detector.egg-info/SOURCES.txt'
[2.687s] writing manifest file 'temp_ball_detector.egg-info/SOURCES.txt'
[2.773s] [100%] Built target ament_cmake_python_build_temp_ball_detector_egg
[2.810s] Invoked command in '/home/abyan/Documents/FOR_ALTAIR/ALTAIR-vision/build/temp_ball_detector' returned '0': CMAKE_PREFIX_PATH=${CMAKE_PREFIX_PATH}:/opt/ros/jazzy CONDA_PROMPT_MODIFIER=(base) DEBUGINFOD_URLS=https://debuginfod.ubuntu.com /usr/bin/cmake --build /home/abyan/Documents/FOR_ALTAIR/ALTAIR-vision/build/temp_ball_detector -- -j16 -l16
[2.814s] Invoking command in '/home/abyan/Documents/FOR_ALTAIR/ALTAIR-vision/build/temp_ball_detector': CMAKE_PREFIX_PATH=${CMAKE_PREFIX_PATH}:/opt/ros/jazzy CONDA_PROMPT_MODIFIER=(base) DEBUGINFOD_URLS=https://debuginfod.ubuntu.com /usr/bin/cmake --install /home/abyan/Documents/FOR_ALTAIR/ALTAIR-vision/build/temp_ball_detector
[2.843s] -- Install configuration: ""
[2.845s] -- Up-to-date: /home/abyan/Documents/FOR_ALTAIR/ALTAIR-vision/install/temp_ball_detector/share/ament_index/resource_index/rosidl_interfaces/temp_ball_detector
[2.845s] -- Up-to-date: /home/abyan/Documents/FOR_ALTAIR/ALTAIR-vision/install/temp_ball_detector/share/temp_ball_detector/msg/BallDistance.json
[2.846s] -- Up-to-date: /home/abyan/Documents/FOR_ALTAIR/ALTAIR-vision/install/temp_ball_detector/include/temp_ball_detector/temp_ball_detector
[2.846s] -- Up-to-date: /home/abyan/Documents/FOR_ALTAIR/ALTAIR-vision/install/temp_ball_detector/include/temp_ball_detector/temp_ball_detector/msg
[2.846s] -- Up-to-date: /home/abyan/Documents/FOR_ALTAIR/ALTAIR-vision/install/temp_ball_detector/include/temp_ball_detector/temp_ball_detector/msg/detail
[2.846s] -- Up-to-date: /home/abyan/Documents/FOR_ALTAIR/ALTAIR-vision/install/temp_ball_detector/include/temp_ball_detector/temp_ball_detector/msg/detail/ball_distance__description.c
[2.847s] -- Up-to-date: /home/abyan/Documents/FOR_ALTAIR/ALTAIR-vision/install/temp_ball_detector/include/temp_ball_detector/temp_ball_detector/msg/detail/ball_distance__functions.c
[2.847s] -- Up-to-date: /home/abyan/Documents/FOR_ALTAIR/ALTAIR-vision/install/temp_ball_detector/include/temp_ball_detector/temp_ball_detector/msg/detail/ball_distance__type_support.h
[2.847s] -- Up-to-date: /home/abyan/Documents/FOR_ALTAIR/ALTAIR-vision/install/temp_ball_detector/include/temp_ball_detector/temp_ball_detector/msg/detail/ball_distance__struct.h
[2.847s] -- Installing: /home/abyan/Documents/FOR_ALTAIR/ALTAIR-vision/install/temp_ball_detector/include/temp_ball_detector/temp_ball_detector/msg/detail/ball_distance__type_support.c
[2.847s] -- Up-to-date: /home/abyan/Documents/FOR_ALTAIR/ALTAIR-vision/install/temp_ball_detector/include/temp_ball_detector/temp_ball_detector/msg/detail/ball_distance__functions.h
[2.848s] -- Up-to-date: /home/abyan/Documents/FOR_ALTAIR/ALTAIR-vision/install/temp_ball_detector/include/temp_ball_detector/temp_ball_detector/msg/ball_distance.h
[2.848s] -- Up-to-date: /home/abyan/Documents/FOR_ALTAIR/ALTAIR-vision/install/temp_ball_detector/include/temp_ball_detector/temp_ball_detector/msg/rosidl_generator_c__visibility_control.h
[2.848s] -- Up-to-date: /home/abyan/Documents/FOR_ALTAIR/ALTAIR-vision/install/temp_ball_detector/share/temp_ball_detector/environment/library_path.sh
[2.848s] -- Up-to-date: /home/abyan/Documents/FOR_ALTAIR/ALTAIR-vision/install/temp_ball_detector/share/temp_ball_detector/environment/library_path.dsv
[2.849s] -- Up-to-date: /home/abyan/Documents/FOR_ALTAIR/ALTAIR-vision/install/temp_ball_detector/lib/libtemp_ball_detector__rosidl_generator_c.so
[2.849s] -- Up-to-date: /home/abyan/Documents/FOR_ALTAIR/ALTAIR-vision/install/temp_ball_detector/include/temp_ball_detector/temp_ball_detector
[2.849s] -- Up-to-date: /home/abyan/Documents/FOR_ALTAIR/ALTAIR-vision/install/temp_ball_detector/include/temp_ball_detector/temp_ball_detector/msg
[2.849s] -- Up-to-date: /home/abyan/Documents/FOR_ALTAIR/ALTAIR-vision/install/temp_ball_detector/include/temp_ball_detector/temp_ball_detector/msg/detail
[2.849s] -- Up-to-date: /home/abyan/Documents/FOR_ALTAIR/ALTAIR-vision/install/temp_ball_detector/include/temp_ball_detector/temp_ball_detector/msg/detail/ball_distance__rosidl_typesupport_fastrtps_c.h
[2.850s] -- Up-to-date: /home/abyan/Documents/FOR_ALTAIR/ALTAIR-vision/install/temp_ball_detector/include/temp_ball_detector/temp_ball_detector/msg/rosidl_typesupport_fastrtps_c__visibility_control.h
[2.850s] -- Up-to-date: /home/abyan/Documents/FOR_ALTAIR/ALTAIR-vision/install/temp_ball_detector/lib/libtemp_ball_detector__rosidl_typesupport_fastrtps_c.so
[2.850s] -- Up-to-date: /home/abyan/Documents/FOR_ALTAIR/ALTAIR-vision/install/temp_ball_detector/include/temp_ball_detector/temp_ball_detector
[2.850s] -- Up-to-date: /home/abyan/Documents/FOR_ALTAIR/ALTAIR-vision/install/temp_ball_detector/include/temp_ball_detector/temp_ball_detector/msg
[2.851s] -- Up-to-date: /home/abyan/Documents/FOR_ALTAIR/ALTAIR-vision/install/temp_ball_detector/include/temp_ball_detector/temp_ball_detector/msg/rosidl_typesupport_introspection_c__visibility_control.h
[2.851s] -- Up-to-date: /home/abyan/Documents/FOR_ALTAIR/ALTAIR-vision/install/temp_ball_detector/include/temp_ball_detector/temp_ball_detector/msg/detail
[2.851s] -- Up-to-date: /home/abyan/Documents/FOR_ALTAIR/ALTAIR-vision/install/temp_ball_detector/include/temp_ball_detector/temp_ball_detector/msg/detail/ball_distance__rosidl_typesupport_introspection_c.h
[2.852s] -- Installing: /home/abyan/Documents/FOR_ALTAIR/ALTAIR-vision/install/temp_ball_detector/include/temp_ball_detector/temp_ball_detector/msg/detail/ball_distance__type_support.c
[2.852s] -- Up-to-date: /home/abyan/Documents/FOR_ALTAIR/ALTAIR-vision/install/temp_ball_detector/lib/libtemp_ball_detector__rosidl_typesupport_introspection_c.so
[2.854s] -- Up-to-date: /home/abyan/Documents/FOR_ALTAIR/ALTAIR-vision/install/temp_ball_detector/lib/libtemp_ball_detector__rosidl_typesupport_c.so
[2.855s] -- Up-to-date: /home/abyan/Documents/FOR_ALTAIR/ALTAIR-vision/install/temp_ball_detector/include/temp_ball_detector/temp_ball_detector
[2.855s] -- Up-to-date: /home/abyan/Documents/FOR_ALTAIR/ALTAIR-vision/install/temp_ball_detector/include/temp_ball_detector/temp_ball_detector/msg
[2.856s] -- Up-to-date: /home/abyan/Documents/FOR_ALTAIR/ALTAIR-vision/install/temp_ball_detector/include/temp_ball_detector/temp_ball_detector/msg/detail
[2.857s] -- Up-to-date: /home/abyan/Documents/FOR_ALTAIR/ALTAIR-vision/install/temp_ball_detector/include/temp_ball_detector/temp_ball_detector/msg/detail/ball_distance__traits.hpp
[2.857s] -- Up-to-date: /home/abyan/Documents/FOR_ALTAIR/ALTAIR-vision/install/temp_ball_detector/include/temp_ball_detector/temp_ball_detector/msg/detail/ball_distance__builder.hpp
[2.858s] -- Up-to-date: /home/abyan/Documents/FOR_ALTAIR/ALTAIR-vision/install/temp_ball_detector/include/temp_ball_detector/temp_ball_detector/msg/detail/ball_distance__type_support.hpp
[2.858s] -- Up-to-date: /home/abyan/Documents/FOR_ALTAIR/ALTAIR-vision/install/temp_ball_detector/include/temp_ball_detector/temp_ball_detector/msg/detail/ball_distance__struct.hpp
[2.859s] -- Up-to-date: /home/abyan/Documents/FOR_ALTAIR/ALTAIR-vision/install/temp_ball_detector/include/temp_ball_detector/temp_ball_detector/msg/ball_distance.hpp
[2.859s] -- Up-to-date: /home/abyan/Documents/FOR_ALTAIR/ALTAIR-vision/install/temp_ball_detector/include/temp_ball_detector/temp_ball_detector/msg/rosidl_generator_cpp__visibility_control.hpp
[2.859s] -- Up-to-date: /home/abyan/Documents/FOR_ALTAIR/ALTAIR-vision/install/temp_ball_detector/include/temp_ball_detector/temp_ball_detector
[2.860s] -- Up-to-date: /home/abyan/Documents/FOR_ALTAIR/ALTAIR-vision/install/temp_ball_detector/include/temp_ball_detector/temp_ball_detector/msg
[2.860s] -- Up-to-date: /home/abyan/Documents/FOR_ALTAIR/ALTAIR-vision/install/temp_ball_detector/include/temp_ball_detector/temp_ball_detector/msg/detail
[2.861s] -- Up-to-date: /home/abyan/Documents/FOR_ALTAIR/ALTAIR-vision/install/temp_ball_detector/include/temp_ball_detector/temp_ball_detector/msg/detail/ball_distance__rosidl_typesupport_fastrtps_cpp.hpp
[2.861s] -- Up-to-date: /home/abyan/Documents/FOR_ALTAIR/ALTAIR-vision/install/temp_ball_detector/include/temp_ball_detector/temp_ball_detector/msg/detail/dds_fastrtps
[2.861s] -- Up-to-date: /home/abyan/Documents/FOR_ALTAIR/ALTAIR-vision/install/temp_ball_detector/include/temp_ball_detector/temp_ball_detector/msg/rosidl_typesupport_fastrtps_cpp__visibility_control.h
[2.862s] -- Up-to-date: /home/abyan/Documents/FOR_ALTAIR/ALTAIR-vision/install/temp_ball_detector/lib/libtemp_ball_detector__rosidl_typesupport_fastrtps_cpp.so
[2.862s] -- Up-to-date: /home/abyan/Documents/FOR_ALTAIR/ALTAIR-vision/install/temp_ball_detector/include/temp_ball_detector/temp_ball_detector
[2.863s] -- Up-to-date: /home/abyan/Documents/FOR_ALTAIR/ALTAIR-vision/install/temp_ball_detector/include/temp_ball_detector/temp_ball_detector/msg
[2.863s] -- Up-to-date: /home/abyan/Documents/FOR_ALTAIR/ALTAIR-vision/install/temp_ball_detector/include/temp_ball_detector/temp_ball_detector/msg/detail
[2.864s] -- Up-to-date: /home/abyan/Documents/FOR_ALTAIR/ALTAIR-vision/install/temp_ball_detector/include/temp_ball_detector/temp_ball_detector/msg/detail/ball_distance__rosidl_typesupport_introspection_cpp.hpp
[2.865s] -- Up-to-date: /home/abyan/Documents/FOR_ALTAIR/ALTAIR-vision/install/temp_ball_detector/include/temp_ball_detector/temp_ball_detector/msg/detail/ball_distance__type_support.cpp
[2.865s] -- Up-to-date: /home/abyan/Documents/FOR_ALTAIR/ALTAIR-vision/install/temp_ball_detector/lib/libtemp_ball_detector__rosidl_typesupport_introspection_cpp.so
[2.865s] -- Up-to-date: /home/abyan/Documents/FOR_ALTAIR/ALTAIR-vision/install/temp_ball_detector/lib/libtemp_ball_detector__rosidl_typesupport_cpp.so
[2.866s] -- Up-to-date: /home/abyan/Documents/FOR_ALTAIR/ALTAIR-vision/install/temp_ball_detector/share/temp_ball_detector/environment/pythonpath.sh
[2.866s] -- Up-to-date: /home/abyan/Documents/FOR_ALTAIR/ALTAIR-vision/install/temp_ball_detector/share/temp_ball_detector/environment/pythonpath.dsv
[2.866s] -- Up-to-date: /home/abyan/Documents/FOR_ALTAIR/ALTAIR-vision/install/temp_ball_detector/lib/python3.12/site-packages/temp_ball_detector-0.0.0-py3.12.egg-info
[2.866s] -- Installing: /home/abyan/Documents/FOR_ALTAIR/ALTAIR-vision/install/temp_ball_detector/lib/python3.12/site-packages/temp_ball_detector-0.0.0-py3.12.egg-info/SOURCES.txt
[2.866s] -- Installing: /home/abyan/Documents/FOR_ALTAIR/ALTAIR-vision/install/temp_ball_detector/lib/python3.12/site-packages/temp_ball_detector-0.0.0-py3.12.egg-info/dependency_links.txt
[2.867s] -- Installing: /home/abyan/Documents/FOR_ALTAIR/ALTAIR-vision/install/temp_ball_detector/lib/python3.12/site-packages/temp_ball_detector-0.0.0-py3.12.egg-info/top_level.txt
[2.867s] -- Installing: /home/abyan/Documents/FOR_ALTAIR/ALTAIR-vision/install/temp_ball_detector/lib/python3.12/site-packages/temp_ball_detector-0.0.0-py3.12.egg-info/PKG-INFO
[2.867s] -- Up-to-date: /home/abyan/Documents/FOR_ALTAIR/ALTAIR-vision/install/temp_ball_detector/lib/python3.12/site-packages/temp_ball_detector
[2.867s] -- Up-to-date: /home/abyan/Documents/FOR_ALTAIR/ALTAIR-vision/install/temp_ball_detector/lib/python3.12/site-packages/temp_ball_detector/_temp_ball_detector_s.ep.rosidl_typesupport_introspection_c.c
[2.867s] -- Up-to-date: /home/abyan/Documents/FOR_ALTAIR/ALTAIR-vision/install/temp_ball_detector/lib/python3.12/site-packages/temp_ball_detector/_temp_ball_detector_s.ep.rosidl_typesupport_c.c
[2.867s] -- Up-to-date: /home/abyan/Documents/FOR_ALTAIR/ALTAIR-vision/install/temp_ball_detector/lib/python3.12/site-packages/temp_ball_detector/msg
[2.868s] -- Up-to-date: /home/abyan/Documents/FOR_ALTAIR/ALTAIR-vision/install/temp_ball_detector/lib/python3.12/site-packages/temp_ball_detector/msg/_ball_distance_s.c
[2.868s] -- Up-to-date: /home/abyan/Documents/FOR_ALTAIR/ALTAIR-vision/install/temp_ball_detector/lib/python3.12/site-packages/temp_ball_detector/msg/_ball_distance.py
[2.868s] -- Up-to-date: /home/abyan/Documents/FOR_ALTAIR/ALTAIR-vision/install/temp_ball_detector/lib/python3.12/site-packages/temp_ball_detector/msg/__init__.py
[2.868s] -- Up-to-date: /home/abyan/Documents/FOR_ALTAIR/ALTAIR-vision/install/temp_ball_detector/lib/python3.12/site-packages/temp_ball_detector/temp_ball_detector_s__rosidl_typesupport_fastrtps_c.so
[2.868s] -- Up-to-date: /home/abyan/Documents/FOR_ALTAIR/ALTAIR-vision/install/temp_ball_detector/lib/python3.12/site-packages/temp_ball_detector/__init__.py
[2.868s] -- Up-to-date: /home/abyan/Documents/FOR_ALTAIR/ALTAIR-vision/install/temp_ball_detector/lib/python3.12/site-packages/temp_ball_detector/temp_ball_detector_s__rosidl_typesupport_c.so
[2.869s] -- Up-to-date: /home/abyan/Documents/FOR_ALTAIR/ALTAIR-vision/install/temp_ball_detector/lib/python3.12/site-packages/temp_ball_detector/temp_ball_detector_s__rosidl_typesupport_introspection_c.so
[2.869s] -- Up-to-date: /home/abyan/Documents/FOR_ALTAIR/ALTAIR-vision/install/temp_ball_detector/lib/python3.12/site-packages/temp_ball_detector/_temp_ball_detector_s.ep.rosidl_typesupport_fastrtps_c.c
[3.020s] Listing '/home/abyan/Documents/FOR_ALTAIR/ALTAIR-vision/install/temp_ball_detector/lib/python3.12/site-packages/temp_ball_detector'...
[3.021s] Listing '/home/abyan/Documents/FOR_ALTAIR/ALTAIR-vision/install/temp_ball_detector/lib/python3.12/site-packages/temp_ball_detector/msg'...
[3.043s] -- Up-to-date: /home/abyan/Documents/FOR_ALTAIR/ALTAIR-vision/install/temp_ball_detector/lib/python3.12/site-packages/temp_ball_detector/temp_ball_detector_s__rosidl_typesupport_fastrtps_c.so
[3.045s] -- Up-to-date: /home/abyan/Documents/FOR_ALTAIR/ALTAIR-vision/install/temp_ball_detector/lib/python3.12/site-packages/temp_ball_detector/temp_ball_detector_s__rosidl_typesupport_introspection_c.so
[3.048s] -- Up-to-date: /home/abyan/Documents/FOR_ALTAIR/ALTAIR-vision/install/temp_ball_detector/lib/python3.12/site-packages/temp_ball_detector/temp_ball_detector_s__rosidl_typesupport_c.so
[3.049s] -- Up-to-date: /home/abyan/Documents/FOR_ALTAIR/ALTAIR-vision/install/temp_ball_detector/lib/libtemp_ball_detector__rosidl_generator_py.so
[3.049s] -- Up-to-date: /home/abyan/Documents/FOR_ALTAIR/ALTAIR-vision/install/temp_ball_detector/share/temp_ball_detector/msg/BallDistance.idl
[3.050s] -- Up-to-date: /home/abyan/Documents/FOR_ALTAIR/ALTAIR-vision/install/temp_ball_detector/share/temp_ball_detector/msg/BallDistance.msg
[3.050s] -- Up-to-date: /home/abyan/Documents/FOR_ALTAIR/ALTAIR-vision/install/temp_ball_detector/lib/temp_ball_detector/ball_detection.py
[3.051s] -- Up-to-date: /home/abyan/Documents/FOR_ALTAIR/ALTAIR-vision/install/temp_ball_detector/share/ament_index/resource_index/package_run_dependencies/temp_ball_detector
[3.051s] -- Up-to-date: /home/abyan/Documents/FOR_ALTAIR/ALTAIR-vision/install/temp_ball_detector/share/ament_index/resource_index/parent_prefix_path/temp_ball_detector
[3.051s] -- Up-to-date: /home/abyan/Documents/FOR_ALTAIR/ALTAIR-vision/install/temp_ball_detector/share/temp_ball_detector/environment/ament_prefix_path.sh
[3.051s] -- Up-to-date: /home/abyan/Documents/FOR_ALTAIR/ALTAIR-vision/install/temp_ball_detector/share/temp_ball_detector/environment/ament_prefix_path.dsv
[3.051s] -- Up-to-date: /home/abyan/Documents/FOR_ALTAIR/ALTAIR-vision/install/temp_ball_detector/share/temp_ball_detector/environment/path.sh
[3.052s] -- Up-to-date: /home/abyan/Documents/FOR_ALTAIR/ALTAIR-vision/install/temp_ball_detector/share/temp_ball_detector/environment/path.dsv
[3.052s] -- Up-to-date: /home/abyan/Documents/FOR_ALTAIR/ALTAIR-vision/install/temp_ball_detector/share/temp_ball_detector/local_setup.bash
[3.052s] -- Up-to-date: /home/abyan/Documents/FOR_ALTAIR/ALTAIR-vision/install/temp_ball_detector/share/temp_ball_detector/local_setup.sh
[3.052s] -- Up-to-date: /home/abyan/Documents/FOR_ALTAIR/ALTAIR-vision/install/temp_ball_detector/share/temp_ball_detector/local_setup.zsh
[3.053s] -- Up-to-date: /home/abyan/Documents/FOR_ALTAIR/ALTAIR-vision/install/temp_ball_detector/share/temp_ball_detector/local_setup.dsv
[3.053s] -- Installing: /home/abyan/Documents/FOR_ALTAIR/ALTAIR-vision/install/temp_ball_detector/share/temp_ball_detector/package.dsv
[3.053s] -- Up-to-date: /home/abyan/Documents/FOR_ALTAIR/ALTAIR-vision/install/temp_ball_detector/share/ament_index/resource_index/packages/temp_ball_detector
[3.054s] -- Up-to-date: /home/abyan/Documents/FOR_ALTAIR/ALTAIR-vision/install/temp_ball_detector/share/temp_ball_detector/cmake/export_temp_ball_detector__rosidl_generator_cExport.cmake
[3.054s] -- Up-to-date: /home/abyan/Documents/FOR_ALTAIR/ALTAIR-vision/install/temp_ball_detector/share/temp_ball_detector/cmake/export_temp_ball_detector__rosidl_generator_cExport-noconfig.cmake
[3.054s] -- Up-to-date: /home/abyan/Documents/FOR_ALTAIR/ALTAIR-vision/install/temp_ball_detector/share/temp_ball_detector/cmake/export_temp_ball_detector__rosidl_typesupport_fastrtps_cExport.cmake
[3.055s] -- Up-to-date: /home/abyan/Documents/FOR_ALTAIR/ALTAIR-vision/install/temp_ball_detector/share/temp_ball_detector/cmake/export_temp_ball_detector__rosidl_typesupport_fastrtps_cExport-noconfig.cmake
[3.055s] -- Up-to-date: /home/abyan/Documents/FOR_ALTAIR/ALTAIR-vision/install/temp_ball_detector/share/temp_ball_detector/cmake/temp_ball_detector__rosidl_typesupport_introspection_cExport.cmake
[3.055s] -- Up-to-date: /home/abyan/Documents/FOR_ALTAIR/ALTAIR-vision/install/temp_ball_detector/share/temp_ball_detector/cmake/temp_ball_detector__rosidl_typesupport_introspection_cExport-noconfig.cmake
[3.056s] -- Up-to-date: /home/abyan/Documents/FOR_ALTAIR/ALTAIR-vision/install/temp_ball_detector/share/temp_ball_detector/cmake/temp_ball_detector__rosidl_typesupport_cExport.cmake
[3.056s] -- Up-to-date: /home/abyan/Documents/FOR_ALTAIR/ALTAIR-vision/install/temp_ball_detector/share/temp_ball_detector/cmake/temp_ball_detector__rosidl_typesupport_cExport-noconfig.cmake
[3.056s] -- Up-to-date: /home/abyan/Documents/FOR_ALTAIR/ALTAIR-vision/install/temp_ball_detector/share/temp_ball_detector/cmake/export_temp_ball_detector__rosidl_generator_cppExport.cmake
[3.058s] -- Up-to-date: /home/abyan/Documents/FOR_ALTAIR/ALTAIR-vision/install/temp_ball_detector/share/temp_ball_detector/cmake/export_temp_ball_detector__rosidl_typesupport_fastrtps_cppExport.cmake
[3.058s] -- Up-to-date: /home/abyan/Documents/FOR_ALTAIR/ALTAIR-vision/install/temp_ball_detector/share/temp_ball_detector/cmake/export_temp_ball_detector__rosidl_typesupport_fastrtps_cppExport-noconfig.cmake
[3.059s] -- Up-to-date: /home/abyan/Documents/FOR_ALTAIR/ALTAIR-vision/install/temp_ball_detector/share/temp_ball_detector/cmake/temp_ball_detector__rosidl_typesupport_introspection_cppExport.cmake
[3.059s] -- Up-to-date: /home/abyan/Documents/FOR_ALTAIR/ALTAIR-vision/install/temp_ball_detector/share/temp_ball_detector/cmake/temp_ball_detector__rosidl_typesupport_introspection_cppExport-noconfig.cmake
[3.059s] -- Up-to-date: /home/abyan/Documents/FOR_ALTAIR/ALTAIR-vision/install/temp_ball_detector/share/temp_ball_detector/cmake/temp_ball_detector__rosidl_typesupport_cppExport.cmake
[3.060s] -- Up-to-date: /home/abyan/Documents/FOR_ALTAIR/ALTAIR-vision/install/temp_ball_detector/share/temp_ball_detector/cmake/temp_ball_detector__rosidl_typesupport_cppExport-noconfig.cmake
[3.061s] -- Up-to-date: /home/abyan/Documents/FOR_ALTAIR/ALTAIR-vision/install/temp_ball_detector/share/temp_ball_detector/cmake/export_temp_ball_detector__rosidl_generator_pyExport.cmake
[3.061s] -- Up-to-date: /home/abyan/Documents/FOR_ALTAIR/ALTAIR-vision/install/temp_ball_detector/share/temp_ball_detector/cmake/export_temp_ball_detector__rosidl_generator_pyExport-noconfig.cmake
[3.061s] -- Up-to-date: /home/abyan/Documents/FOR_ALTAIR/ALTAIR-vision/install/temp_ball_detector/share/temp_ball_detector/cmake/rosidl_cmake-extras.cmake
[3.062s] -- Up-to-date: /home/abyan/Documents/FOR_ALTAIR/ALTAIR-vision/install/temp_ball_detector/share/temp_ball_detector/cmake/ament_cmake_export_dependencies-extras.cmake
[3.062s] -- Up-to-date: /home/abyan/Documents/FOR_ALTAIR/ALTAIR-vision/install/temp_ball_detector/share/temp_ball_detector/cmake/ament_cmake_export_include_directories-extras.cmake
[3.062s] -- Up-to-date: /home/abyan/Documents/FOR_ALTAIR/ALTAIR-vision/install/temp_ball_detector/share/temp_ball_detector/cmake/ament_cmake_export_libraries-extras.cmake
[3.062s] -- Up-to-date: /home/abyan/Documents/FOR_ALTAIR/ALTAIR-vision/install/temp_ball_detector/share/temp_ball_detector/cmake/ament_cmake_export_targets-extras.cmake
[3.062s] -- Up-to-date: /home/abyan/Documents/FOR_ALTAIR/ALTAIR-vision/install/temp_ball_detector/share/temp_ball_detector/cmake/rosidl_cmake_export_typesupport_targets-extras.cmake
[3.063s] -- Up-to-date: /home/abyan/Documents/FOR_ALTAIR/ALTAIR-vision/install/temp_ball_detector/share/temp_ball_detector/cmake/rosidl_cmake_export_typesupport_libraries-extras.cmake
[3.063s] -- Up-to-date: /home/abyan/Documents/FOR_ALTAIR/ALTAIR-vision/install/temp_ball_detector/share/temp_ball_detector/cmake/temp_ball_detectorConfig.cmake
[3.063s] -- Up-to-date: /home/abyan/Documents/FOR_ALTAIR/ALTAIR-vision/install/temp_ball_detector/share/temp_ball_detector/cmake/temp_ball_detectorConfig-version.cmake
[3.063s] -- Up-to-date: /home/abyan/Documents/FOR_ALTAIR/ALTAIR-vision/install/temp_ball_detector/share/temp_ball_detector/package.xml
[3.072s] Invoked command in '/home/abyan/Documents/FOR_ALTAIR/ALTAIR-vision/build/temp_ball_detector' returned '0': CMAKE_PREFIX_PATH=${CMAKE_PREFIX_PATH}:/opt/ros/jazzy CONDA_PROMPT_MODIFIER=(base) DEBUGINFOD_URLS=https://debuginfod.ubuntu.com /usr/bin/cmake --install /home/abyan/Documents/FOR_ALTAIR/ALTAIR-vision/build/temp_ball_detector
