[0.292s] Invoking command in '/home/abyan/Documents/FOR_ALTAIR/ALTAIR-vision/build/temp_ball_detector': CMAKE_PREFIX_PATH=${CMAKE_PREFIX_PATH}:/home/abyan/Documents/FOR_ALTAIR/ALTAIR-vision/install/video_subscriber:/home/abyan/Documents/FOR_ALTAIR/ALTAIR-vision/install/soccer_field_map_generator:/home/abyan/Documents/FOR_ALTAIR/ALTAIR-vision/install/ball_detector:/opt/ros/jazzy DEBUGINFOD_URLS=https://debuginfod.ubuntu.com /usr/bin/cmake /home/abyan/Documents/FOR_ALTAIR/ALTAIR-vision/src/temp_ball_detector -DCMAKE_INSTALL_PREFIX=/home/abyan/Documents/FOR_ALTAIR/ALTAIR-vision/install/temp_ball_detector
[0.444s] -- The C compiler identification is GNU 13.3.0
[0.445s] -- The CXX compiler identification is GNU 13.3.0
[0.445s] -- Detecting C compiler ABI info
[0.449s] -- Detecting C compiler ABI info - done
[0.456s] -- Check for working C compiler: /usr/bin/cc - skipped
[0.456s] -- Detecting C compile features
[0.456s] -- Detecting C compile features - done
[0.463s] -- Detecting CXX compiler ABI info
[0.537s] -- Detecting CXX compiler ABI info - done
[0.548s] -- Check for working CXX compiler: /usr/bin/c++ - skipped
[0.548s] -- Detecting CXX compile features
[0.549s] -- Detecting CXX compile features - done
[0.551s] -- Found ament_cmake: 2.5.3 (/opt/ros/jazzy/share/ament_cmake/cmake)
[0.670s] -- Found Python3: /usr/bin/python3 (found version "3.12.3") found components: Interpreter 
[0.777s] -- Found rclpy: 7.1.3 (/opt/ros/jazzy/share/rclpy/cmake)
[0.780s] -- Found rosidl_default_generators: 1.6.0 (/opt/ros/jazzy/share/rosidl_default_generators/cmake)
[0.784s] -- Using all available rosidl_typesupport_c: rosidl_typesupport_fastrtps_c;rosidl_typesupport_introspection_c
[0.822s] -- Using all available rosidl_typesupport_cpp: rosidl_typesupport_fastrtps_cpp;rosidl_typesupport_introspection_cpp
[0.851s] -- Found rosidl_adapter: 4.6.5 (/opt/ros/jazzy/share/rosidl_adapter/cmake)
[0.854s] -- Found std_msgs: 5.3.5 (/opt/ros/jazzy/share/std_msgs/cmake)
[1.382s] -- Found ament_cmake_ros: 0.12.0 (/opt/ros/jazzy/share/ament_cmake_ros/cmake)
[1.785s] -- Using all available rosidl_typesupport_c: rosidl_typesupport_fastrtps_c;rosidl_typesupport_introspection_c
[2.401s] -- Using all available rosidl_typesupport_cpp: rosidl_typesupport_fastrtps_cpp;rosidl_typesupport_introspection_cpp
[2.404s] -- Found python_cmake_module: 0.11.1 (/opt/ros/jazzy/share/python_cmake_module/cmake)
[2.530s] -- Found PythonExtra: /usr/bin/python3  
[3.015s] -- Found Python3: /usr/bin/python3 (found version "3.12.3") found components: Interpreter Development NumPy Development.Module Development.Embed 
[3.067s] -- Found ament_lint_auto: 0.17.1 (/opt/ros/jazzy/share/ament_lint_auto/cmake)
[3.083s] -- Added test 'flake8' to check Python code syntax and style conventions
[3.083s] -- Configured 'flake8' exclude dirs and/or files: 
[3.083s] -- Added test 'lint_cmake' to check CMake code style
[3.084s] -- Added test 'pep257' to check Python code against some of the docstring style conventions in PEP 257
[3.085s] -- Added test 'xmllint' to check XML markup files
[3.087s] -- Configuring done (2.8s)
[3.122s] -- Generating done (0.0s)
[3.132s] -- Build files have been written to: /home/abyan/Documents/FOR_ALTAIR/ALTAIR-vision/build/temp_ball_detector
[3.142s] Invoked command in '/home/abyan/Documents/FOR_ALTAIR/ALTAIR-vision/build/temp_ball_detector' returned '0': CMAKE_PREFIX_PATH=${CMAKE_PREFIX_PATH}:/home/abyan/Documents/FOR_ALTAIR/ALTAIR-vision/install/video_subscriber:/home/abyan/Documents/FOR_ALTAIR/ALTAIR-vision/install/soccer_field_map_generator:/home/abyan/Documents/FOR_ALTAIR/ALTAIR-vision/install/ball_detector:/opt/ros/jazzy DEBUGINFOD_URLS=https://debuginfod.ubuntu.com /usr/bin/cmake /home/abyan/Documents/FOR_ALTAIR/ALTAIR-vision/src/temp_ball_detector -DCMAKE_INSTALL_PREFIX=/home/abyan/Documents/FOR_ALTAIR/ALTAIR-vision/install/temp_ball_detector
[3.143s] Invoking command in '/home/abyan/Documents/FOR_ALTAIR/ALTAIR-vision/build/temp_ball_detector': CMAKE_PREFIX_PATH=${CMAKE_PREFIX_PATH}:/home/abyan/Documents/FOR_ALTAIR/ALTAIR-vision/install/video_subscriber:/home/abyan/Documents/FOR_ALTAIR/ALTAIR-vision/install/soccer_field_map_generator:/home/abyan/Documents/FOR_ALTAIR/ALTAIR-vision/install/ball_detector:/opt/ros/jazzy DEBUGINFOD_URLS=https://debuginfod.ubuntu.com /usr/bin/cmake --build /home/abyan/Documents/FOR_ALTAIR/ALTAIR-vision/build/temp_ball_detector -- -j16 -l16
[3.191s] [  2%] [34m[1mGenerating type hashes for ROS interfaces[0m
[3.199s] [  2%] Built target ament_cmake_python_copy_temp_ball_detector
[3.347s] [  2%] Built target temp_ball_detector__rosidl_generator_type_description
[3.347s] running egg_info
[3.348s] creating temp_ball_detector.egg-info
[3.358s] [  5%] [34m[1mGenerating C code for ROS interfaces[0m
[3.360s] writing temp_ball_detector.egg-info/PKG-INFO
[3.360s] writing dependency_links to temp_ball_detector.egg-info/dependency_links.txt
[3.360s] writing top-level names to temp_ball_detector.egg-info/top_level.txt
[3.360s] writing manifest file 'temp_ball_detector.egg-info/SOURCES.txt'
[3.368s] [  8%] [34m[1mGenerating C++ code for ROS interfaces[0m
[3.396s] reading manifest file 'temp_ball_detector.egg-info/SOURCES.txt'
[3.397s] writing manifest file 'temp_ball_detector.egg-info/SOURCES.txt'
[3.429s] [  8%] Built target ament_cmake_python_build_temp_ball_detector_egg
[3.563s] [ 11%] [32mBuilding C object CMakeFiles/temp_ball_detector__rosidl_generator_c.dir/rosidl_generator_c/temp_ball_detector/msg/detail/ball_distance__type_support.c.o[0m
[3.564s] [ 14%] [32mBuilding C object CMakeFiles/temp_ball_detector__rosidl_generator_c.dir/rosidl_generator_c/temp_ball_detector/msg/detail/ball_distance__functions.c.o[0m
[3.564s] [ 17%] [32mBuilding C object CMakeFiles/temp_ball_detector__rosidl_generator_c.dir/rosidl_generator_c/temp_ball_detector/msg/detail/ball_distance__description.c.o[0m
[3.593s] [ 17%] Built target temp_ball_detector__cpp
[3.608s] [ 20%] [32m[1mLinking C shared library libtemp_ball_detector__rosidl_generator_c.so[0m
[3.638s] [ 20%] Built target temp_ball_detector__rosidl_generator_c
[3.646s] [ 23%] [34m[1mGenerating C++ introspection for ROS interfaces[0m
[3.647s] [ 26%] [34m[1mGenerating C++ type support for eProsima Fast-RTPS[0m
[3.647s] [ 29%] [34m[1mGenerating C type support dispatch for ROS interfaces[0m
[3.648s] [ 32%] [34m[1mGenerating C introspection for ROS interfaces[0m
[3.648s] [ 35%] [34m[1mGenerating C type support for eProsima Fast-RTPS[0m
[3.648s] [ 38%] [34m[1mGenerating C++ type support dispatch for ROS interfaces[0m
[3.833s] [ 41%] [32mBuilding CXX object CMakeFiles/temp_ball_detector__rosidl_typesupport_introspection_cpp.dir/rosidl_typesupport_introspection_cpp/temp_ball_detector/msg/detail/ball_distance__type_support.cpp.o[0m
[3.850s] [ 44%] [32mBuilding C object CMakeFiles/temp_ball_detector__rosidl_typesupport_introspection_c.dir/rosidl_typesupport_introspection_c/temp_ball_detector/msg/detail/ball_distance__type_support.c.o[0m
[3.882s] [ 47%] [32mBuilding CXX object CMakeFiles/temp_ball_detector__rosidl_typesupport_cpp.dir/rosidl_typesupport_cpp/temp_ball_detector/msg/ball_distance__type_support.cpp.o[0m
[3.892s] [ 50%] [32m[1mLinking C shared library libtemp_ball_detector__rosidl_typesupport_introspection_c.so[0m
[3.893s] [ 52%] [32mBuilding CXX object CMakeFiles/temp_ball_detector__rosidl_typesupport_c.dir/rosidl_typesupport_c/temp_ball_detector/msg/ball_distance__type_support.cpp.o[0m
[3.921s] [ 52%] Built target temp_ball_detector__rosidl_typesupport_introspection_c
[3.927s] [ 55%] [32mBuilding CXX object CMakeFiles/temp_ball_detector__rosidl_typesupport_fastrtps_c.dir/rosidl_typesupport_fastrtps_c/temp_ball_detector/msg/detail/ball_distance__type_support_c.cpp.o[0m
[3.932s] [ 61%] [32m[1mLinking CXX shared library libtemp_ball_detector__rosidl_typesupport_c.so[0m
[3.932s] [ 61%] [32mBuilding CXX object CMakeFiles/temp_ball_detector__rosidl_typesupport_fastrtps_cpp.dir/rosidl_typesupport_fastrtps_cpp/temp_ball_detector/msg/detail/dds_fastrtps/ball_distance__type_support.cpp.o[0m
[3.967s] [ 61%] Built target temp_ball_detector__rosidl_typesupport_c
[4.152s] [ 64%] [32m[1mLinking CXX shared library libtemp_ball_detector__rosidl_typesupport_introspection_cpp.so[0m
[4.185s] [ 64%] Built target temp_ball_detector__rosidl_typesupport_introspection_cpp
[4.224s] [ 67%] [32m[1mLinking CXX shared library libtemp_ball_detector__rosidl_typesupport_cpp.so[0m
[4.245s] [ 70%] [32m[1mLinking CXX shared library libtemp_ball_detector__rosidl_typesupport_fastrtps_c.so[0m
[4.257s] [ 70%] Built target temp_ball_detector__rosidl_typesupport_cpp
[4.294s] [ 70%] Built target temp_ball_detector__rosidl_typesupport_fastrtps_c
[4.329s] [ 73%] [32m[1mLinking CXX shared library libtemp_ball_detector__rosidl_typesupport_fastrtps_cpp.so[0m
[4.376s] [ 73%] Built target temp_ball_detector__rosidl_typesupport_fastrtps_cpp
[4.396s] [ 73%] Built target temp_ball_detector
[4.417s] [ 76%] [34m[1mGenerating Python code for ROS interfaces[0m
[4.603s] [ 76%] Built target temp_ball_detector__py
[4.623s] [ 79%] [32mBuilding C object CMakeFiles/temp_ball_detector__rosidl_generator_py.dir/rosidl_generator_py/temp_ball_detector/msg/_ball_distance_s.c.o[0m
[4.748s] [ 82%] [32m[1mLinking C shared library libtemp_ball_detector__rosidl_generator_py.so[0m
[4.787s] [ 82%] Built target temp_ball_detector__rosidl_generator_py
[4.802s] [ 85%] [32mBuilding C object CMakeFiles/temp_ball_detector_s__rosidl_typesupport_c.dir/rosidl_generator_py/temp_ball_detector/_temp_ball_detector_s.ep.rosidl_typesupport_c.c.o[0m
[4.805s] [ 91%] [32mBuilding C object CMakeFiles/temp_ball_detector_s__rosidl_typesupport_fastrtps_c.dir/rosidl_generator_py/temp_ball_detector/_temp_ball_detector_s.ep.rosidl_typesupport_fastrtps_c.c.o[0m
[4.805s] [ 91%] [32mBuilding C object CMakeFiles/temp_ball_detector_s__rosidl_typesupport_introspection_c.dir/rosidl_generator_py/temp_ball_detector/_temp_ball_detector_s.ep.rosidl_typesupport_introspection_c.c.o[0m
[4.874s] [ 94%] [32m[1mLinking C shared module rosidl_generator_py/temp_ball_detector/temp_ball_detector_s__rosidl_typesupport_c.so[0m
[4.876s] [ 97%] [32m[1mLinking C shared module rosidl_generator_py/temp_ball_detector/temp_ball_detector_s__rosidl_typesupport_fastrtps_c.so[0m
[4.900s] [ 97%] Built target temp_ball_detector_s__rosidl_typesupport_fastrtps_c
[4.901s] [ 97%] Built target temp_ball_detector_s__rosidl_typesupport_c
[4.905s] [100%] [32m[1mLinking C shared module rosidl_generator_py/temp_ball_detector/temp_ball_detector_s__rosidl_typesupport_introspection_c.so[0m
[4.934s] [100%] Built target temp_ball_detector_s__rosidl_typesupport_introspection_c
[4.943s] Invoked command in '/home/abyan/Documents/FOR_ALTAIR/ALTAIR-vision/build/temp_ball_detector' returned '0': CMAKE_PREFIX_PATH=${CMAKE_PREFIX_PATH}:/home/abyan/Documents/FOR_ALTAIR/ALTAIR-vision/install/video_subscriber:/home/abyan/Documents/FOR_ALTAIR/ALTAIR-vision/install/soccer_field_map_generator:/home/abyan/Documents/FOR_ALTAIR/ALTAIR-vision/install/ball_detector:/opt/ros/jazzy DEBUGINFOD_URLS=https://debuginfod.ubuntu.com /usr/bin/cmake --build /home/abyan/Documents/FOR_ALTAIR/ALTAIR-vision/build/temp_ball_detector -- -j16 -l16
[4.953s] Invoking command in '/home/abyan/Documents/FOR_ALTAIR/ALTAIR-vision/build/temp_ball_detector': CMAKE_PREFIX_PATH=${CMAKE_PREFIX_PATH}:/home/abyan/Documents/FOR_ALTAIR/ALTAIR-vision/install/video_subscriber:/home/abyan/Documents/FOR_ALTAIR/ALTAIR-vision/install/soccer_field_map_generator:/home/abyan/Documents/FOR_ALTAIR/ALTAIR-vision/install/ball_detector:/opt/ros/jazzy DEBUGINFOD_URLS=https://debuginfod.ubuntu.com /usr/bin/cmake --install /home/abyan/Documents/FOR_ALTAIR/ALTAIR-vision/build/temp_ball_detector
[4.959s] -- Install configuration: ""
[4.960s] -- Installing: /home/abyan/Documents/FOR_ALTAIR/ALTAIR-vision/install/temp_ball_detector/share/ament_index/resource_index/rosidl_interfaces/temp_ball_detector
[4.960s] -- Installing: /home/abyan/Documents/FOR_ALTAIR/ALTAIR-vision/install/temp_ball_detector/share/temp_ball_detector/msg/BallDistance.json
[4.960s] -- Installing: /home/abyan/Documents/FOR_ALTAIR/ALTAIR-vision/install/temp_ball_detector/include/temp_ball_detector/temp_ball_detector
[4.960s] -- Installing: /home/abyan/Documents/FOR_ALTAIR/ALTAIR-vision/install/temp_ball_detector/include/temp_ball_detector/temp_ball_detector/msg
[4.960s] -- Installing: /home/abyan/Documents/FOR_ALTAIR/ALTAIR-vision/install/temp_ball_detector/include/temp_ball_detector/temp_ball_detector/msg/detail
[4.960s] -- Installing: /home/abyan/Documents/FOR_ALTAIR/ALTAIR-vision/install/temp_ball_detector/include/temp_ball_detector/temp_ball_detector/msg/detail/ball_distance__description.c
[4.960s] -- Installing: /home/abyan/Documents/FOR_ALTAIR/ALTAIR-vision/install/temp_ball_detector/include/temp_ball_detector/temp_ball_detector/msg/detail/ball_distance__functions.c
[4.960s] -- Installing: /home/abyan/Documents/FOR_ALTAIR/ALTAIR-vision/install/temp_ball_detector/include/temp_ball_detector/temp_ball_detector/msg/detail/ball_distance__type_support.h
[4.960s] -- Installing: /home/abyan/Documents/FOR_ALTAIR/ALTAIR-vision/install/temp_ball_detector/include/temp_ball_detector/temp_ball_detector/msg/detail/ball_distance__struct.h
[4.960s] -- Installing: /home/abyan/Documents/FOR_ALTAIR/ALTAIR-vision/install/temp_ball_detector/include/temp_ball_detector/temp_ball_detector/msg/detail/ball_distance__type_support.c
[4.961s] -- Installing: /home/abyan/Documents/FOR_ALTAIR/ALTAIR-vision/install/temp_ball_detector/include/temp_ball_detector/temp_ball_detector/msg/detail/ball_distance__functions.h
[4.961s] -- Installing: /home/abyan/Documents/FOR_ALTAIR/ALTAIR-vision/install/temp_ball_detector/include/temp_ball_detector/temp_ball_detector/msg/ball_distance.h
[4.961s] -- Installing: /home/abyan/Documents/FOR_ALTAIR/ALTAIR-vision/install/temp_ball_detector/include/temp_ball_detector/temp_ball_detector/msg/rosidl_generator_c__visibility_control.h
[4.961s] -- Installing: /home/abyan/Documents/FOR_ALTAIR/ALTAIR-vision/install/temp_ball_detector/share/temp_ball_detector/environment/library_path.sh
[4.961s] -- Installing: /home/abyan/Documents/FOR_ALTAIR/ALTAIR-vision/install/temp_ball_detector/share/temp_ball_detector/environment/library_path.dsv
[4.961s] -- Installing: /home/abyan/Documents/FOR_ALTAIR/ALTAIR-vision/install/temp_ball_detector/lib/libtemp_ball_detector__rosidl_generator_c.so
[4.961s] -- Set non-toolchain portion of runtime path of "/home/abyan/Documents/FOR_ALTAIR/ALTAIR-vision/install/temp_ball_detector/lib/libtemp_ball_detector__rosidl_generator_c.so" to ""
[4.961s] -- Up-to-date: /home/abyan/Documents/FOR_ALTAIR/ALTAIR-vision/install/temp_ball_detector/include/temp_ball_detector/temp_ball_detector
[4.961s] -- Up-to-date: /home/abyan/Documents/FOR_ALTAIR/ALTAIR-vision/install/temp_ball_detector/include/temp_ball_detector/temp_ball_detector/msg
[4.962s] -- Up-to-date: /home/abyan/Documents/FOR_ALTAIR/ALTAIR-vision/install/temp_ball_detector/include/temp_ball_detector/temp_ball_detector/msg/detail
[4.962s] -- Installing: /home/abyan/Documents/FOR_ALTAIR/ALTAIR-vision/install/temp_ball_detector/include/temp_ball_detector/temp_ball_detector/msg/detail/ball_distance__rosidl_typesupport_fastrtps_c.h
[4.962s] -- Installing: /home/abyan/Documents/FOR_ALTAIR/ALTAIR-vision/install/temp_ball_detector/include/temp_ball_detector/temp_ball_detector/msg/rosidl_typesupport_fastrtps_c__visibility_control.h
[4.962s] -- Installing: /home/abyan/Documents/FOR_ALTAIR/ALTAIR-vision/install/temp_ball_detector/lib/libtemp_ball_detector__rosidl_typesupport_fastrtps_c.so
[4.962s] -- Set non-toolchain portion of runtime path of "/home/abyan/Documents/FOR_ALTAIR/ALTAIR-vision/install/temp_ball_detector/lib/libtemp_ball_detector__rosidl_typesupport_fastrtps_c.so" to ""
[4.962s] -- Up-to-date: /home/abyan/Documents/FOR_ALTAIR/ALTAIR-vision/install/temp_ball_detector/include/temp_ball_detector/temp_ball_detector
[4.962s] -- Up-to-date: /home/abyan/Documents/FOR_ALTAIR/ALTAIR-vision/install/temp_ball_detector/include/temp_ball_detector/temp_ball_detector/msg
[4.962s] -- Installing: /home/abyan/Documents/FOR_ALTAIR/ALTAIR-vision/install/temp_ball_detector/include/temp_ball_detector/temp_ball_detector/msg/rosidl_typesupport_introspection_c__visibility_control.h
[4.962s] -- Up-to-date: /home/abyan/Documents/FOR_ALTAIR/ALTAIR-vision/install/temp_ball_detector/include/temp_ball_detector/temp_ball_detector/msg/detail
[4.962s] -- Installing: /home/abyan/Documents/FOR_ALTAIR/ALTAIR-vision/install/temp_ball_detector/include/temp_ball_detector/temp_ball_detector/msg/detail/ball_distance__rosidl_typesupport_introspection_c.h
[4.962s] -- Up-to-date: /home/abyan/Documents/FOR_ALTAIR/ALTAIR-vision/install/temp_ball_detector/include/temp_ball_detector/temp_ball_detector/msg/detail/ball_distance__type_support.c
[4.962s] -- Installing: /home/abyan/Documents/FOR_ALTAIR/ALTAIR-vision/install/temp_ball_detector/lib/libtemp_ball_detector__rosidl_typesupport_introspection_c.so
[4.963s] -- Set non-toolchain portion of runtime path of "/home/abyan/Documents/FOR_ALTAIR/ALTAIR-vision/install/temp_ball_detector/lib/libtemp_ball_detector__rosidl_typesupport_introspection_c.so" to ""
[4.963s] -- Installing: /home/abyan/Documents/FOR_ALTAIR/ALTAIR-vision/install/temp_ball_detector/lib/libtemp_ball_detector__rosidl_typesupport_c.so
[4.963s] -- Set non-toolchain portion of runtime path of "/home/abyan/Documents/FOR_ALTAIR/ALTAIR-vision/install/temp_ball_detector/lib/libtemp_ball_detector__rosidl_typesupport_c.so" to ""
[4.963s] -- Up-to-date: /home/abyan/Documents/FOR_ALTAIR/ALTAIR-vision/install/temp_ball_detector/include/temp_ball_detector/temp_ball_detector
[4.963s] -- Up-to-date: /home/abyan/Documents/FOR_ALTAIR/ALTAIR-vision/install/temp_ball_detector/include/temp_ball_detector/temp_ball_detector/msg
[4.963s] -- Up-to-date: /home/abyan/Documents/FOR_ALTAIR/ALTAIR-vision/install/temp_ball_detector/include/temp_ball_detector/temp_ball_detector/msg/detail
[4.963s] -- Installing: /home/abyan/Documents/FOR_ALTAIR/ALTAIR-vision/install/temp_ball_detector/include/temp_ball_detector/temp_ball_detector/msg/detail/ball_distance__traits.hpp
[4.963s] -- Installing: /home/abyan/Documents/FOR_ALTAIR/ALTAIR-vision/install/temp_ball_detector/include/temp_ball_detector/temp_ball_detector/msg/detail/ball_distance__builder.hpp
[4.963s] -- Installing: /home/abyan/Documents/FOR_ALTAIR/ALTAIR-vision/install/temp_ball_detector/include/temp_ball_detector/temp_ball_detector/msg/detail/ball_distance__type_support.hpp
[4.963s] -- Installing: /home/abyan/Documents/FOR_ALTAIR/ALTAIR-vision/install/temp_ball_detector/include/temp_ball_detector/temp_ball_detector/msg/detail/ball_distance__struct.hpp
[4.963s] -- Installing: /home/abyan/Documents/FOR_ALTAIR/ALTAIR-vision/install/temp_ball_detector/include/temp_ball_detector/temp_ball_detector/msg/ball_distance.hpp
[4.963s] -- Installing: /home/abyan/Documents/FOR_ALTAIR/ALTAIR-vision/install/temp_ball_detector/include/temp_ball_detector/temp_ball_detector/msg/rosidl_generator_cpp__visibility_control.hpp
[4.963s] -- Up-to-date: /home/abyan/Documents/FOR_ALTAIR/ALTAIR-vision/install/temp_ball_detector/include/temp_ball_detector/temp_ball_detector
[4.964s] -- Up-to-date: /home/abyan/Documents/FOR_ALTAIR/ALTAIR-vision/install/temp_ball_detector/include/temp_ball_detector/temp_ball_detector/msg
[4.964s] -- Up-to-date: /home/abyan/Documents/FOR_ALTAIR/ALTAIR-vision/install/temp_ball_detector/include/temp_ball_detector/temp_ball_detector/msg/detail
[4.964s] -- Installing: /home/abyan/Documents/FOR_ALTAIR/ALTAIR-vision/install/temp_ball_detector/include/temp_ball_detector/temp_ball_detector/msg/detail/ball_distance__rosidl_typesupport_fastrtps_cpp.hpp
[4.964s] -- Installing: /home/abyan/Documents/FOR_ALTAIR/ALTAIR-vision/install/temp_ball_detector/include/temp_ball_detector/temp_ball_detector/msg/detail/dds_fastrtps
[4.964s] -- Installing: /home/abyan/Documents/FOR_ALTAIR/ALTAIR-vision/install/temp_ball_detector/include/temp_ball_detector/temp_ball_detector/msg/rosidl_typesupport_fastrtps_cpp__visibility_control.h
[4.964s] -- Installing: /home/abyan/Documents/FOR_ALTAIR/ALTAIR-vision/install/temp_ball_detector/lib/libtemp_ball_detector__rosidl_typesupport_fastrtps_cpp.so
[4.964s] -- Set non-toolchain portion of runtime path of "/home/abyan/Documents/FOR_ALTAIR/ALTAIR-vision/install/temp_ball_detector/lib/libtemp_ball_detector__rosidl_typesupport_fastrtps_cpp.so" to ""
[4.964s] -- Up-to-date: /home/abyan/Documents/FOR_ALTAIR/ALTAIR-vision/install/temp_ball_detector/include/temp_ball_detector/temp_ball_detector
[4.964s] -- Up-to-date: /home/abyan/Documents/FOR_ALTAIR/ALTAIR-vision/install/temp_ball_detector/include/temp_ball_detector/temp_ball_detector/msg
[4.964s] -- Up-to-date: /home/abyan/Documents/FOR_ALTAIR/ALTAIR-vision/install/temp_ball_detector/include/temp_ball_detector/temp_ball_detector/msg/detail
[4.964s] -- Installing: /home/abyan/Documents/FOR_ALTAIR/ALTAIR-vision/install/temp_ball_detector/include/temp_ball_detector/temp_ball_detector/msg/detail/ball_distance__rosidl_typesupport_introspection_cpp.hpp
[4.964s] -- Installing: /home/abyan/Documents/FOR_ALTAIR/ALTAIR-vision/install/temp_ball_detector/include/temp_ball_detector/temp_ball_detector/msg/detail/ball_distance__type_support.cpp
[4.965s] -- Installing: /home/abyan/Documents/FOR_ALTAIR/ALTAIR-vision/install/temp_ball_detector/lib/libtemp_ball_detector__rosidl_typesupport_introspection_cpp.so
[4.965s] -- Set non-toolchain portion of runtime path of "/home/abyan/Documents/FOR_ALTAIR/ALTAIR-vision/install/temp_ball_detector/lib/libtemp_ball_detector__rosidl_typesupport_introspection_cpp.so" to ""
[4.965s] -- Installing: /home/abyan/Documents/FOR_ALTAIR/ALTAIR-vision/install/temp_ball_detector/lib/libtemp_ball_detector__rosidl_typesupport_cpp.so
[4.965s] -- Set non-toolchain portion of runtime path of "/home/abyan/Documents/FOR_ALTAIR/ALTAIR-vision/install/temp_ball_detector/lib/libtemp_ball_detector__rosidl_typesupport_cpp.so" to ""
[4.965s] -- Installing: /home/abyan/Documents/FOR_ALTAIR/ALTAIR-vision/install/temp_ball_detector/share/temp_ball_detector/environment/pythonpath.sh
[4.965s] -- Installing: /home/abyan/Documents/FOR_ALTAIR/ALTAIR-vision/install/temp_ball_detector/share/temp_ball_detector/environment/pythonpath.dsv
[4.965s] -- Installing: /home/abyan/Documents/FOR_ALTAIR/ALTAIR-vision/install/temp_ball_detector/lib/python3.12/site-packages/temp_ball_detector-0.0.0-py3.12.egg-info
[4.965s] -- Installing: /home/abyan/Documents/FOR_ALTAIR/ALTAIR-vision/install/temp_ball_detector/lib/python3.12/site-packages/temp_ball_detector-0.0.0-py3.12.egg-info/SOURCES.txt
[4.965s] -- Installing: /home/abyan/Documents/FOR_ALTAIR/ALTAIR-vision/install/temp_ball_detector/lib/python3.12/site-packages/temp_ball_detector-0.0.0-py3.12.egg-info/dependency_links.txt
[4.965s] -- Installing: /home/abyan/Documents/FOR_ALTAIR/ALTAIR-vision/install/temp_ball_detector/lib/python3.12/site-packages/temp_ball_detector-0.0.0-py3.12.egg-info/top_level.txt
[4.965s] -- Installing: /home/abyan/Documents/FOR_ALTAIR/ALTAIR-vision/install/temp_ball_detector/lib/python3.12/site-packages/temp_ball_detector-0.0.0-py3.12.egg-info/PKG-INFO
[4.965s] -- Installing: /home/abyan/Documents/FOR_ALTAIR/ALTAIR-vision/install/temp_ball_detector/lib/python3.12/site-packages/temp_ball_detector
[4.965s] -- Installing: /home/abyan/Documents/FOR_ALTAIR/ALTAIR-vision/install/temp_ball_detector/lib/python3.12/site-packages/temp_ball_detector/_temp_ball_detector_s.ep.rosidl_typesupport_introspection_c.c
[4.965s] -- Installing: /home/abyan/Documents/FOR_ALTAIR/ALTAIR-vision/install/temp_ball_detector/lib/python3.12/site-packages/temp_ball_detector/_temp_ball_detector_s.ep.rosidl_typesupport_c.c
[4.966s] -- Installing: /home/abyan/Documents/FOR_ALTAIR/ALTAIR-vision/install/temp_ball_detector/lib/python3.12/site-packages/temp_ball_detector/msg
[4.966s] -- Installing: /home/abyan/Documents/FOR_ALTAIR/ALTAIR-vision/install/temp_ball_detector/lib/python3.12/site-packages/temp_ball_detector/msg/_ball_distance_s.c
[4.966s] -- Installing: /home/abyan/Documents/FOR_ALTAIR/ALTAIR-vision/install/temp_ball_detector/lib/python3.12/site-packages/temp_ball_detector/msg/_ball_distance.py
[4.966s] -- Installing: /home/abyan/Documents/FOR_ALTAIR/ALTAIR-vision/install/temp_ball_detector/lib/python3.12/site-packages/temp_ball_detector/msg/__init__.py
[4.966s] -- Installing: /home/abyan/Documents/FOR_ALTAIR/ALTAIR-vision/install/temp_ball_detector/lib/python3.12/site-packages/temp_ball_detector/temp_ball_detector_s__rosidl_typesupport_fastrtps_c.so
[4.966s] -- Installing: /home/abyan/Documents/FOR_ALTAIR/ALTAIR-vision/install/temp_ball_detector/lib/python3.12/site-packages/temp_ball_detector/__init__.py
[4.966s] -- Installing: /home/abyan/Documents/FOR_ALTAIR/ALTAIR-vision/install/temp_ball_detector/lib/python3.12/site-packages/temp_ball_detector/temp_ball_detector_s__rosidl_typesupport_c.so
[4.966s] -- Installing: /home/abyan/Documents/FOR_ALTAIR/ALTAIR-vision/install/temp_ball_detector/lib/python3.12/site-packages/temp_ball_detector/temp_ball_detector_s__rosidl_typesupport_introspection_c.so
[4.966s] -- Installing: /home/abyan/Documents/FOR_ALTAIR/ALTAIR-vision/install/temp_ball_detector/lib/python3.12/site-packages/temp_ball_detector/_temp_ball_detector_s.ep.rosidl_typesupport_fastrtps_c.c
[4.998s] Listing '/home/abyan/Documents/FOR_ALTAIR/ALTAIR-vision/install/temp_ball_detector/lib/python3.12/site-packages/temp_ball_detector'...
[4.998s] Compiling '/home/abyan/Documents/FOR_ALTAIR/ALTAIR-vision/install/temp_ball_detector/lib/python3.12/site-packages/temp_ball_detector/__init__.py'...
[4.998s] Listing '/home/abyan/Documents/FOR_ALTAIR/ALTAIR-vision/install/temp_ball_detector/lib/python3.12/site-packages/temp_ball_detector/msg'...
[4.998s] Compiling '/home/abyan/Documents/FOR_ALTAIR/ALTAIR-vision/install/temp_ball_detector/lib/python3.12/site-packages/temp_ball_detector/msg/__init__.py'...
[4.998s] Compiling '/home/abyan/Documents/FOR_ALTAIR/ALTAIR-vision/install/temp_ball_detector/lib/python3.12/site-packages/temp_ball_detector/msg/_ball_distance.py'...
[5.004s] -- Installing: /home/abyan/Documents/FOR_ALTAIR/ALTAIR-vision/install/temp_ball_detector/lib/python3.12/site-packages/temp_ball_detector/temp_ball_detector_s__rosidl_typesupport_fastrtps_c.so
[5.004s] -- Set non-toolchain portion of runtime path of "/home/abyan/Documents/FOR_ALTAIR/ALTAIR-vision/install/temp_ball_detector/lib/python3.12/site-packages/temp_ball_detector/temp_ball_detector_s__rosidl_typesupport_fastrtps_c.so" to ""
[5.004s] -- Installing: /home/abyan/Documents/FOR_ALTAIR/ALTAIR-vision/install/temp_ball_detector/lib/python3.12/site-packages/temp_ball_detector/temp_ball_detector_s__rosidl_typesupport_introspection_c.so
[5.004s] -- Set non-toolchain portion of runtime path of "/home/abyan/Documents/FOR_ALTAIR/ALTAIR-vision/install/temp_ball_detector/lib/python3.12/site-packages/temp_ball_detector/temp_ball_detector_s__rosidl_typesupport_introspection_c.so" to ""
[5.004s] -- Installing: /home/abyan/Documents/FOR_ALTAIR/ALTAIR-vision/install/temp_ball_detector/lib/python3.12/site-packages/temp_ball_detector/temp_ball_detector_s__rosidl_typesupport_c.so
[5.004s] -- Set non-toolchain portion of runtime path of "/home/abyan/Documents/FOR_ALTAIR/ALTAIR-vision/install/temp_ball_detector/lib/python3.12/site-packages/temp_ball_detector/temp_ball_detector_s__rosidl_typesupport_c.so" to ""
[5.004s] -- Installing: /home/abyan/Documents/FOR_ALTAIR/ALTAIR-vision/install/temp_ball_detector/lib/libtemp_ball_detector__rosidl_generator_py.so
[5.004s] -- Set non-toolchain portion of runtime path of "/home/abyan/Documents/FOR_ALTAIR/ALTAIR-vision/install/temp_ball_detector/lib/libtemp_ball_detector__rosidl_generator_py.so" to ""
[5.005s] -- Installing: /home/abyan/Documents/FOR_ALTAIR/ALTAIR-vision/install/temp_ball_detector/share/temp_ball_detector/msg/BallDistance.idl
[5.005s] -- Installing: /home/abyan/Documents/FOR_ALTAIR/ALTAIR-vision/install/temp_ball_detector/share/temp_ball_detector/msg/BallDistance.msg
[5.005s] -- Installing: /home/abyan/Documents/FOR_ALTAIR/ALTAIR-vision/install/temp_ball_detector/lib/temp_ball_detector/ball_detection.py
[5.005s] -- Installing: /home/abyan/Documents/FOR_ALTAIR/ALTAIR-vision/install/temp_ball_detector/share/ament_index/resource_index/package_run_dependencies/temp_ball_detector
[5.005s] -- Installing: /home/abyan/Documents/FOR_ALTAIR/ALTAIR-vision/install/temp_ball_detector/share/ament_index/resource_index/parent_prefix_path/temp_ball_detector
[5.005s] -- Installing: /home/abyan/Documents/FOR_ALTAIR/ALTAIR-vision/install/temp_ball_detector/share/temp_ball_detector/environment/ament_prefix_path.sh
[5.006s] -- Installing: /home/abyan/Documents/FOR_ALTAIR/ALTAIR-vision/install/temp_ball_detector/share/temp_ball_detector/environment/ament_prefix_path.dsv
[5.006s] -- Installing: /home/abyan/Documents/FOR_ALTAIR/ALTAIR-vision/install/temp_ball_detector/share/temp_ball_detector/environment/path.sh
[5.006s] -- Installing: /home/abyan/Documents/FOR_ALTAIR/ALTAIR-vision/install/temp_ball_detector/share/temp_ball_detector/environment/path.dsv
[5.006s] -- Installing: /home/abyan/Documents/FOR_ALTAIR/ALTAIR-vision/install/temp_ball_detector/share/temp_ball_detector/local_setup.bash
[5.006s] -- Installing: /home/abyan/Documents/FOR_ALTAIR/ALTAIR-vision/install/temp_ball_detector/share/temp_ball_detector/local_setup.sh
[5.006s] -- Installing: /home/abyan/Documents/FOR_ALTAIR/ALTAIR-vision/install/temp_ball_detector/share/temp_ball_detector/local_setup.zsh
[5.006s] -- Installing: /home/abyan/Documents/FOR_ALTAIR/ALTAIR-vision/install/temp_ball_detector/share/temp_ball_detector/local_setup.dsv
[5.006s] -- Installing: /home/abyan/Documents/FOR_ALTAIR/ALTAIR-vision/install/temp_ball_detector/share/temp_ball_detector/package.dsv
[5.006s] -- Installing: /home/abyan/Documents/FOR_ALTAIR/ALTAIR-vision/install/temp_ball_detector/share/ament_index/resource_index/packages/temp_ball_detector
[5.006s] -- Installing: /home/abyan/Documents/FOR_ALTAIR/ALTAIR-vision/install/temp_ball_detector/share/temp_ball_detector/cmake/export_temp_ball_detector__rosidl_generator_cExport.cmake
[5.006s] -- Installing: /home/abyan/Documents/FOR_ALTAIR/ALTAIR-vision/install/temp_ball_detector/share/temp_ball_detector/cmake/export_temp_ball_detector__rosidl_generator_cExport-noconfig.cmake
[5.006s] -- Installing: /home/abyan/Documents/FOR_ALTAIR/ALTAIR-vision/install/temp_ball_detector/share/temp_ball_detector/cmake/export_temp_ball_detector__rosidl_typesupport_fastrtps_cExport.cmake
[5.007s] -- Installing: /home/abyan/Documents/FOR_ALTAIR/ALTAIR-vision/install/temp_ball_detector/share/temp_ball_detector/cmake/export_temp_ball_detector__rosidl_typesupport_fastrtps_cExport-noconfig.cmake
[5.007s] -- Installing: /home/abyan/Documents/FOR_ALTAIR/ALTAIR-vision/install/temp_ball_detector/share/temp_ball_detector/cmake/temp_ball_detector__rosidl_typesupport_introspection_cExport.cmake
[5.007s] -- Installing: /home/abyan/Documents/FOR_ALTAIR/ALTAIR-vision/install/temp_ball_detector/share/temp_ball_detector/cmake/temp_ball_detector__rosidl_typesupport_introspection_cExport-noconfig.cmake
[5.007s] -- Installing: /home/abyan/Documents/FOR_ALTAIR/ALTAIR-vision/install/temp_ball_detector/share/temp_ball_detector/cmake/temp_ball_detector__rosidl_typesupport_cExport.cmake
[5.007s] -- Installing: /home/abyan/Documents/FOR_ALTAIR/ALTAIR-vision/install/temp_ball_detector/share/temp_ball_detector/cmake/temp_ball_detector__rosidl_typesupport_cExport-noconfig.cmake
[5.007s] -- Installing: /home/abyan/Documents/FOR_ALTAIR/ALTAIR-vision/install/temp_ball_detector/share/temp_ball_detector/cmake/export_temp_ball_detector__rosidl_generator_cppExport.cmake
[5.007s] -- Installing: /home/abyan/Documents/FOR_ALTAIR/ALTAIR-vision/install/temp_ball_detector/share/temp_ball_detector/cmake/export_temp_ball_detector__rosidl_typesupport_fastrtps_cppExport.cmake
[5.007s] -- Installing: /home/abyan/Documents/FOR_ALTAIR/ALTAIR-vision/install/temp_ball_detector/share/temp_ball_detector/cmake/export_temp_ball_detector__rosidl_typesupport_fastrtps_cppExport-noconfig.cmake
[5.007s] -- Installing: /home/abyan/Documents/FOR_ALTAIR/ALTAIR-vision/install/temp_ball_detector/share/temp_ball_detector/cmake/temp_ball_detector__rosidl_typesupport_introspection_cppExport.cmake
[5.007s] -- Installing: /home/abyan/Documents/FOR_ALTAIR/ALTAIR-vision/install/temp_ball_detector/share/temp_ball_detector/cmake/temp_ball_detector__rosidl_typesupport_introspection_cppExport-noconfig.cmake
[5.007s] -- Installing: /home/abyan/Documents/FOR_ALTAIR/ALTAIR-vision/install/temp_ball_detector/share/temp_ball_detector/cmake/temp_ball_detector__rosidl_typesupport_cppExport.cmake
[5.007s] -- Installing: /home/abyan/Documents/FOR_ALTAIR/ALTAIR-vision/install/temp_ball_detector/share/temp_ball_detector/cmake/temp_ball_detector__rosidl_typesupport_cppExport-noconfig.cmake
[5.008s] -- Installing: /home/abyan/Documents/FOR_ALTAIR/ALTAIR-vision/install/temp_ball_detector/share/temp_ball_detector/cmake/export_temp_ball_detector__rosidl_generator_pyExport.cmake
[5.008s] -- Installing: /home/abyan/Documents/FOR_ALTAIR/ALTAIR-vision/install/temp_ball_detector/share/temp_ball_detector/cmake/export_temp_ball_detector__rosidl_generator_pyExport-noconfig.cmake
[5.008s] -- Installing: /home/abyan/Documents/FOR_ALTAIR/ALTAIR-vision/install/temp_ball_detector/share/temp_ball_detector/cmake/rosidl_cmake-extras.cmake
[5.008s] -- Installing: /home/abyan/Documents/FOR_ALTAIR/ALTAIR-vision/install/temp_ball_detector/share/temp_ball_detector/cmake/ament_cmake_export_dependencies-extras.cmake
[5.008s] -- Installing: /home/abyan/Documents/FOR_ALTAIR/ALTAIR-vision/install/temp_ball_detector/share/temp_ball_detector/cmake/ament_cmake_export_include_directories-extras.cmake
[5.008s] -- Installing: /home/abyan/Documents/FOR_ALTAIR/ALTAIR-vision/install/temp_ball_detector/share/temp_ball_detector/cmake/ament_cmake_export_libraries-extras.cmake
[5.008s] -- Installing: /home/abyan/Documents/FOR_ALTAIR/ALTAIR-vision/install/temp_ball_detector/share/temp_ball_detector/cmake/ament_cmake_export_targets-extras.cmake
[5.008s] -- Installing: /home/abyan/Documents/FOR_ALTAIR/ALTAIR-vision/install/temp_ball_detector/share/temp_ball_detector/cmake/rosidl_cmake_export_typesupport_targets-extras.cmake
[5.008s] -- Installing: /home/abyan/Documents/FOR_ALTAIR/ALTAIR-vision/install/temp_ball_detector/share/temp_ball_detector/cmake/rosidl_cmake_export_typesupport_libraries-extras.cmake
[5.008s] -- Installing: /home/abyan/Documents/FOR_ALTAIR/ALTAIR-vision/install/temp_ball_detector/share/temp_ball_detector/cmake/temp_ball_detectorConfig.cmake
[5.008s] -- Installing: /home/abyan/Documents/FOR_ALTAIR/ALTAIR-vision/install/temp_ball_detector/share/temp_ball_detector/cmake/temp_ball_detectorConfig-version.cmake
[5.008s] -- Installing: /home/abyan/Documents/FOR_ALTAIR/ALTAIR-vision/install/temp_ball_detector/share/temp_ball_detector/package.xml
[5.009s] Invoked command in '/home/abyan/Documents/FOR_ALTAIR/ALTAIR-vision/build/temp_ball_detector' returned '0': CMAKE_PREFIX_PATH=${CMAKE_PREFIX_PATH}:/home/abyan/Documents/FOR_ALTAIR/ALTAIR-vision/install/video_subscriber:/home/abyan/Documents/FOR_ALTAIR/ALTAIR-vision/install/soccer_field_map_generator:/home/abyan/Documents/FOR_ALTAIR/ALTAIR-vision/install/ball_detector:/opt/ros/jazzy DEBUGINFOD_URLS=https://debuginfod.ubuntu.com /usr/bin/cmake --install /home/abyan/Documents/FOR_ALTAIR/ALTAIR-vision/build/temp_ball_detector
