[0.027s] Invoking command in '/home/abyan/Documents/FOR_ALTAIR/ALTAIR-vision/build/ball_detect': CMAKE_PREFIX_PATH=${CMAKE_PREFIX_PATH}:/opt/ros/jazzy DEBUGINFOD_URLS=https://debuginfod.ubuntu.com /usr/bin/cmake --build /home/abyan/Documents/FOR_ALTAIR/ALTAIR-vision/build/ball_detect -- -j16 -l16
[0.571s] [ 33%] [32mBuilding CXX object CMakeFiles/ball_det.dir/src/ball_detector_node.cpp.o[0m
[0.572s] [ 66%] [32mBuilding CXX object CMakeFiles/ball_det.dir/src/ball_detect.cpp.o[0m
[0.572s] In file included from [01m[K/opt/ros/jazzy/include/rclcpp/rclcpp/logger.hpp:24[m[K,
[0.572s]                  from [01m[K/opt/ros/jazzy/include/rclcpp/rclcpp/copy_all_parameter_values.hpp:26[m[K,
[0.572s]                  from [01m[K/opt/ros/jazzy/include/rclcpp/rclcpp/rclcpp.hpp:171[m[K,
[0.572s]                  from [01m[K/home/abyan/Documents/FOR_ALTAIR/ALTAIR-vision/src/ball_detect/include/ball_detect/ball_detect.hpp:9[m[K,
[0.572s]                  from [01m[K/home/abyan/Documents/FOR_ALTAIR/ALTAIR-vision/src/ball_detect/src/ball_detector_node.cpp:1[m[K:
[0.572s] [01m[K/opt/ros/jazzy/include/rcl/rcl/node.h:36:10:[m[K [01;31m[Kfatal error: [m[Ktype_description_interfaces/srv/get_type_description.h: No such file or directory
[0.573s]    36 | #include [01;31m[K"type_description_interfaces/srv/get_type_description.h"[m[K
[0.573s]       |          [01;31m[K^~~~~~~~~~~~~~~~~~~~~~~~~~~~~~~~~~~~~~~~~~~~~~~~~~~~~~~~[m[K
[0.573s] compilation terminated.
[0.573s] gmake[2]: *** [CMakeFiles/ball_det.dir/build.make:90: CMakeFiles/ball_det.dir/src/ball_detector_node.cpp.o] Error 1
[0.573s] gmake[2]: *** Waiting for unfinished jobs....
[0.573s] In file included from [01m[K/opt/ros/jazzy/include/rclcpp/rclcpp/logger.hpp:24[m[K,
[0.573s]                  from [01m[K/opt/ros/jazzy/include/rclcpp/rclcpp/copy_all_parameter_values.hpp:26[m[K,
[0.573s]                  from [01m[K/opt/ros/jazzy/include/rclcpp/rclcpp/rclcpp.hpp:171[m[K,
[0.573s]                  from [01m[K/home/abyan/Documents/FOR_ALTAIR/ALTAIR-vision/src/ball_detect/include/ball_detect/ball_detect.hpp:9[m[K,
[0.573s]                  from [01m[K/home/abyan/Documents/FOR_ALTAIR/ALTAIR-vision/src/ball_detect/src/ball_detect.cpp:1[m[K:
[0.574s] [01m[K/opt/ros/jazzy/include/rcl/rcl/node.h:36:10:[m[K [01;31m[Kfatal error: [m[Ktype_description_interfaces/srv/get_type_description.h: No such file or directory
[0.574s]    36 | #include [01;31m[K"type_description_interfaces/srv/get_type_description.h"[m[K
[0.574s]       |          [01;31m[K^~~~~~~~~~~~~~~~~~~~~~~~~~~~~~~~~~~~~~~~~~~~~~~~~~~~~~~~[m[K
[0.574s] compilation terminated.
[0.574s] gmake[2]: *** [CMakeFiles/ball_det.dir/build.make:76: CMakeFiles/ball_det.dir/src/ball_detect.cpp.o] Error 1
[0.574s] gmake[1]: *** [CMakeFiles/Makefile2:137: CMakeFiles/ball_det.dir/all] Error 2
[0.574s] gmake: *** [Makefile:146: all] Error 2
[0.578s] Invoked command in '/home/abyan/Documents/FOR_ALTAIR/ALTAIR-vision/build/ball_detect' returned '2': CMAKE_PREFIX_PATH=${CMAKE_PREFIX_PATH}:/opt/ros/jazzy DEBUGINFOD_URLS=https://debuginfod.ubuntu.com /usr/bin/cmake --build /home/abyan/Documents/FOR_ALTAIR/ALTAIR-vision/build/ball_detect -- -j16 -l16
