[0.106s] Invoking command in '/home/abyan/Documents/FOR_ALTAIR/ALTAIR-vision/build/altair_calibration': CMAKE_PREFIX_PATH=${CMAKE_PREFIX_PATH}:/home/abyan/Documents/FOR_ALTAIR/ALTAIR-vision/install/soccer_ipm:/home/abyan/Documents/FOR_ALTAIR/ALTAIR-vision/install/video_subscriber:/home/abyan/Documents/FOR_ALTAIR/ALTAIR-vision/install/soccer_field_map_generator:/home/abyan/Documents/FOR_ALTAIR/ALTAIR-vision/install/camera_calibration:/home/abyan/Documents/FOR_ALTAIR/ALTAIR-vision/install/ball_detector:/opt/ros/jazzy DEBUGINFOD_URLS=https://debuginfod.ubuntu.com /usr/bin/cmake --build /home/abyan/Documents/FOR_ALTAIR/ALTAIR-vision/build/altair_calibration -- -j16 -l16
[1.962s] [ 50%] [32mBuilding CXX object CMakeFiles/cam_calibration.dir/src/cam_calibration.cpp.o[0m
[32.600s] [100%] [32m[1mLinking CXX executable cam_calibration[0m
[33.241s] /usr/bin/ld: warning: libopencv_imgcodecs.so.406, needed by /opt/ros/jazzy/lib/libcv_bridge.so, may conflict with libopencv_imgcodecs.so.412
[33.243s] /usr/bin/ld: warning: libopencv_imgproc.so.406, needed by /opt/ros/jazzy/lib/libcv_bridge.so, may conflict with libopencv_imgproc.so.412
[33.244s] /usr/bin/ld: warning: libopencv_core.so.406, needed by /opt/ros/jazzy/lib/libcv_bridge.so, may conflict with libopencv_core.so.412
[34.263s] [100%] Built target cam_calibration
[34.285s] Invoked command in '/home/abyan/Documents/FOR_ALTAIR/ALTAIR-vision/build/altair_calibration' returned '0': CMAKE_PREFIX_PATH=${CMAKE_PREFIX_PATH}:/home/abyan/Documents/FOR_ALTAIR/ALTAIR-vision/install/soccer_ipm:/home/abyan/Documents/FOR_ALTAIR/ALTAIR-vision/install/video_subscriber:/home/abyan/Documents/FOR_ALTAIR/ALTAIR-vision/install/soccer_field_map_generator:/home/abyan/Documents/FOR_ALTAIR/ALTAIR-vision/install/camera_calibration:/home/abyan/Documents/FOR_ALTAIR/ALTAIR-vision/install/ball_detector:/opt/ros/jazzy DEBUGINFOD_URLS=https://debuginfod.ubuntu.com /usr/bin/cmake --build /home/abyan/Documents/FOR_ALTAIR/ALTAIR-vision/build/altair_calibration -- -j16 -l16
[34.288s] Invoking command in '/home/abyan/Documents/FOR_ALTAIR/ALTAIR-vision/build/altair_calibration': CMAKE_PREFIX_PATH=${CMAKE_PREFIX_PATH}:/home/abyan/Documents/FOR_ALTAIR/ALTAIR-vision/install/soccer_ipm:/home/abyan/Documents/FOR_ALTAIR/ALTAIR-vision/install/video_subscriber:/home/abyan/Documents/FOR_ALTAIR/ALTAIR-vision/install/soccer_field_map_generator:/home/abyan/Documents/FOR_ALTAIR/ALTAIR-vision/install/camera_calibration:/home/abyan/Documents/FOR_ALTAIR/ALTAIR-vision/install/ball_detector:/opt/ros/jazzy DEBUGINFOD_URLS=https://debuginfod.ubuntu.com /usr/bin/cmake --install /home/abyan/Documents/FOR_ALTAIR/ALTAIR-vision/build/altair_calibration
[34.304s] -- Install configuration: ""
[34.304s] -- Installing: /home/abyan/Documents/FOR_ALTAIR/ALTAIR-vision/install/altair_calibration/share/altair_calibration/launch
[34.304s] -- Installing: /home/abyan/Documents/FOR_ALTAIR/ALTAIR-vision/install/altair_calibration/share/altair_calibration/launch/cam_calibration.launch.py
[34.304s] -- Installing: /home/abyan/Documents/FOR_ALTAIR/ALTAIR-vision/install/altair_calibration/lib/altair_calibration/cam_calibration
[34.311s] -- Set non-toolchain portion of runtime path of "/home/abyan/Documents/FOR_ALTAIR/ALTAIR-vision/install/altair_calibration/lib/altair_calibration/cam_calibration" to ""
[34.312s] -- Installing: /home/abyan/Documents/FOR_ALTAIR/ALTAIR-vision/install/altair_calibration/share/ament_index/resource_index/package_run_dependencies/altair_calibration
[34.312s] -- Installing: /home/abyan/Documents/FOR_ALTAIR/ALTAIR-vision/install/altair_calibration/share/ament_index/resource_index/parent_prefix_path/altair_calibration
[34.312s] -- Installing: /home/abyan/Documents/FOR_ALTAIR/ALTAIR-vision/install/altair_calibration/share/altair_calibration/environment/ament_prefix_path.sh
[34.312s] -- Installing: /home/abyan/Documents/FOR_ALTAIR/ALTAIR-vision/install/altair_calibration/share/altair_calibration/environment/ament_prefix_path.dsv
[34.313s] -- Installing: /home/abyan/Documents/FOR_ALTAIR/ALTAIR-vision/install/altair_calibration/share/altair_calibration/environment/path.sh
[34.313s] -- Installing: /home/abyan/Documents/FOR_ALTAIR/ALTAIR-vision/install/altair_calibration/share/altair_calibration/environment/path.dsv
[34.313s] -- Installing: /home/abyan/Documents/FOR_ALTAIR/ALTAIR-vision/install/altair_calibration/share/altair_calibration/local_setup.bash
[34.313s] -- Installing: /home/abyan/Documents/FOR_ALTAIR/ALTAIR-vision/install/altair_calibration/share/altair_calibration/local_setup.sh
[34.314s] -- Installing: /home/abyan/Documents/FOR_ALTAIR/ALTAIR-vision/install/altair_calibration/share/altair_calibration/local_setup.zsh
[34.314s] -- Installing: /home/abyan/Documents/FOR_ALTAIR/ALTAIR-vision/install/altair_calibration/share/altair_calibration/local_setup.dsv
[34.314s] -- Installing: /home/abyan/Documents/FOR_ALTAIR/ALTAIR-vision/install/altair_calibration/share/altair_calibration/package.dsv
[34.315s] -- Installing: /home/abyan/Documents/FOR_ALTAIR/ALTAIR-vision/install/altair_calibration/share/ament_index/resource_index/packages/altair_calibration
[34.315s] -- Installing: /home/abyan/Documents/FOR_ALTAIR/ALTAIR-vision/install/altair_calibration/share/altair_calibration/cmake/altair_calibrationConfig.cmake
[34.316s] -- Installing: /home/abyan/Documents/FOR_ALTAIR/ALTAIR-vision/install/altair_calibration/share/altair_calibration/cmake/altair_calibrationConfig-version.cmake
[34.316s] -- Installing: /home/abyan/Documents/FOR_ALTAIR/ALTAIR-vision/install/altair_calibration/share/altair_calibration/package.xml
[34.321s] Invoked command in '/home/abyan/Documents/FOR_ALTAIR/ALTAIR-vision/build/altair_calibration' returned '0': CMAKE_PREFIX_PATH=${CMAKE_PREFIX_PATH}:/home/abyan/Documents/FOR_ALTAIR/ALTAIR-vision/install/soccer_ipm:/home/abyan/Documents/FOR_ALTAIR/ALTAIR-vision/install/video_subscriber:/home/abyan/Documents/FOR_ALTAIR/ALTAIR-vision/install/soccer_field_map_generator:/home/abyan/Documents/FOR_ALTAIR/ALTAIR-vision/install/camera_calibration:/home/abyan/Documents/FOR_ALTAIR/ALTAIR-vision/install/ball_detector:/opt/ros/jazzy DEBUGINFOD_URLS=https://debuginfod.ubuntu.com /usr/bin/cmake --install /home/abyan/Documents/FOR_ALTAIR/ALTAIR-vision/build/altair_calibration
