[1.608s] Invoking command in '/home/abyan/Documents/FOR_ALTAIR/ALTAIR-vision/build/temp_ball_detector': CMAKE_PREFIX_PATH=${CMAKE_PREFIX_PATH}:/opt/ros/jazzy DEBUGINFOD_URLS=https://debuginfod.ubuntu.com /usr/bin/cmake --build /home/abyan/Documents/FOR_ALTAIR/ALTAIR-vision/build/temp_ball_detector -- -j16 -l16
[1.722s] [  2%] Built target temp_ball_detector__rosidl_generator_type_description
[1.749s] [  2%] Built target ament_cmake_python_copy_temp_ball_detector
[1.774s] [  5%] Built target temp_ball_detector__cpp
[1.790s] [ 20%] Built target temp_ball_detector__rosidl_generator_c
[1.850s] [ 29%] Built target temp_ball_detector__rosidl_typesupport_fastrtps_cpp
[1.850s] [ 38%] Built target temp_ball_detector__rosidl_typesupport_cpp
[1.851s] [ 47%] Built target temp_ball_detector__rosidl_typesupport_introspection_cpp
[1.852s] [ 55%] Built target temp_ball_detector__rosidl_typesupport_c
[1.857s] [ 64%] Built target temp_ball_detector__rosidl_typesupport_introspection_c
[1.865s] [ 73%] Built target temp_ball_detector__rosidl_typesupport_fastrtps_c
[1.917s] [ 73%] Built target temp_ball_detector
[1.978s] [ 76%] Built target temp_ball_detector__py
[2.053s] [ 82%] Built target temp_ball_detector__rosidl_generator_py
[2.120s] [ 88%] Built target temp_ball_detector_s__rosidl_typesupport_introspection_c
[2.125s] [ 94%] Built target temp_ball_detector_s__rosidl_typesupport_c
[2.132s] [100%] Built target temp_ball_detector_s__rosidl_typesupport_fastrtps_c
[2.341s] running egg_info
[2.390s] writing temp_ball_detector.egg-info/PKG-INFO
[2.391s] writing dependency_links to temp_ball_detector.egg-info/dependency_links.txt
[2.392s] writing top-level names to temp_ball_detector.egg-info/top_level.txt
[2.504s] reading manifest file 'temp_ball_detector.egg-info/SOURCES.txt'
[2.505s] writing manifest file 'temp_ball_detector.egg-info/SOURCES.txt'
[2.580s] [100%] Built target ament_cmake_python_build_temp_ball_detector_egg
