running egg_info
writing ../../build/soccer_ipm/soccer_ipm.egg-info/PKG-INFO
writing dependency_links to ../../build/soccer_ipm/soccer_ipm.egg-info/dependency_links.txt
writing entry points to ../../build/soccer_ipm/soccer_ipm.egg-info/entry_points.txt
writing requirements to ../../build/soccer_ipm/soccer_ipm.egg-info/requires.txt
writing top-level names to ../../build/soccer_ipm/soccer_ipm.egg-info/top_level.txt
reading manifest file '../../build/soccer_ipm/soccer_ipm.egg-info/SOURCES.txt'
writing manifest file '../../build/soccer_ipm/soccer_ipm.egg-info/SOURCES.txt'
running build
running build_py
copying soccer_ipm/soccer_ipm.py -> /home/abyan/Documents/FOR_ALTAIR/ALTAIR-vision/build/soccer_ipm/build/lib/soccer_ipm
running install
running install_lib
copying /home/abyan/Documents/FOR_ALTAIR/ALTAIR-vision/build/soccer_ipm/build/lib/soccer_ipm/soccer_ipm.py -> /home/abyan/Documents/FOR_ALTAIR/ALTAIR-vision/install/soccer_ipm/lib/python3.12/site-packages/soccer_ipm
byte-compiling /home/abyan/Documents/FOR_ALTAIR/ALTAIR-vision/install/soccer_ipm/lib/python3.12/site-packages/soccer_ipm/soccer_ipm.py to soccer_ipm.cpython-312.pyc
running install_data
running install_egg_info
removing '/home/abyan/Documents/FOR_ALTAIR/ALTAIR-vision/install/soccer_ipm/lib/python3.12/site-packages/soccer_ipm-0.0.0-py3.12.egg-info' (and everything under it)
Copying ../../build/soccer_ipm/soccer_ipm.egg-info to /home/abyan/Documents/FOR_ALTAIR/ALTAIR-vision/install/soccer_ipm/lib/python3.12/site-packages/soccer_ipm-0.0.0-py3.12.egg-info
running install_scripts
Installing ipm script to /home/abyan/Documents/FOR_ALTAIR/ALTAIR-vision/install/soccer_ipm/lib/soccer_ipm
writing list of installed files to '/home/abyan/Documents/FOR_ALTAIR/ALTAIR-vision/build/soccer_ipm/install.log'
