[0.984s] Invoking command in '/home/abyan/Documents/FOR_ALTAIR/ALTAIR-vision/src/soccer_ipm': CONDA_PROMPT_MODIFIER=(base) DEBUGINFOD_URLS=https://debuginfod.ubuntu.com PYTHONPATH=/home/abyan/Documents/FOR_ALTAIR/ALTAIR-vision/build/soccer_ipm/prefix_override:/usr/lib/python3/dist-packages/colcon_core/task/python/colcon_distutils_commands:/home/abyan/Documents/FOR_ALTAIR/ALTAIR-vision/install/soccer_ipm/lib/python3.12/site-packages:${PYTHONPATH} /usr/bin/python3 -W ignore:setup.py install is deprecated -W ignore:easy_install command is deprecated setup.py egg_info --egg-base ../../build/soccer_ipm build --build-base /home/abyan/Documents/FOR_ALTAIR/ALTAIR-vision/build/soccer_ipm/build install --record /home/abyan/Documents/FOR_ALTAIR/ALTAIR-vision/build/soccer_ipm/install.log --single-version-externally-managed install_data
[1.254s] running egg_info
[1.268s] writing ../../build/soccer_ipm/soccer_ipm.egg-info/PKG-INFO
[1.268s] writing dependency_links to ../../build/soccer_ipm/soccer_ipm.egg-info/dependency_links.txt
[1.268s] writing entry points to ../../build/soccer_ipm/soccer_ipm.egg-info/entry_points.txt
[1.268s] writing requirements to ../../build/soccer_ipm/soccer_ipm.egg-info/requires.txt
[1.268s] writing top-level names to ../../build/soccer_ipm/soccer_ipm.egg-info/top_level.txt
[1.299s] reading manifest file '../../build/soccer_ipm/soccer_ipm.egg-info/SOURCES.txt'
[1.300s] writing manifest file '../../build/soccer_ipm/soccer_ipm.egg-info/SOURCES.txt'
[1.300s] running build
[1.300s] running build_py
[1.300s] copying soccer_ipm/soccer_ipm.py -> /home/abyan/Documents/FOR_ALTAIR/ALTAIR-vision/build/soccer_ipm/build/lib/soccer_ipm
[1.301s] running install
[1.307s] running install_lib
[1.323s] copying /home/abyan/Documents/FOR_ALTAIR/ALTAIR-vision/build/soccer_ipm/build/lib/soccer_ipm/soccer_ipm.py -> /home/abyan/Documents/FOR_ALTAIR/ALTAIR-vision/install/soccer_ipm/lib/python3.12/site-packages/soccer_ipm
[1.324s] byte-compiling /home/abyan/Documents/FOR_ALTAIR/ALTAIR-vision/install/soccer_ipm/lib/python3.12/site-packages/soccer_ipm/soccer_ipm.py to soccer_ipm.cpython-312.pyc
[1.325s] running install_data
[1.326s] running install_egg_info
[1.350s] removing '/home/abyan/Documents/FOR_ALTAIR/ALTAIR-vision/install/soccer_ipm/lib/python3.12/site-packages/soccer_ipm-0.0.0-py3.12.egg-info' (and everything under it)
[1.351s] Copying ../../build/soccer_ipm/soccer_ipm.egg-info to /home/abyan/Documents/FOR_ALTAIR/ALTAIR-vision/install/soccer_ipm/lib/python3.12/site-packages/soccer_ipm-0.0.0-py3.12.egg-info
[1.351s] running install_scripts
[1.471s] Installing ipm script to /home/abyan/Documents/FOR_ALTAIR/ALTAIR-vision/install/soccer_ipm/lib/soccer_ipm
[1.471s] writing list of installed files to '/home/abyan/Documents/FOR_ALTAIR/ALTAIR-vision/build/soccer_ipm/install.log'
[1.499s] Invoked command in '/home/abyan/Documents/FOR_ALTAIR/ALTAIR-vision/src/soccer_ipm' returned '0': CONDA_PROMPT_MODIFIER=(base) DEBUGINFOD_URLS=https://debuginfod.ubuntu.com PYTHONPATH=/home/abyan/Documents/FOR_ALTAIR/ALTAIR-vision/build/soccer_ipm/prefix_override:/usr/lib/python3/dist-packages/colcon_core/task/python/colcon_distutils_commands:/home/abyan/Documents/FOR_ALTAIR/ALTAIR-vision/install/soccer_ipm/lib/python3.12/site-packages:${PYTHONPATH} /usr/bin/python3 -W ignore:setup.py install is deprecated -W ignore:easy_install command is deprecated setup.py egg_info --egg-base ../../build/soccer_ipm build --build-base /home/abyan/Documents/FOR_ALTAIR/ALTAIR-vision/build/soccer_ipm/build install --record /home/abyan/Documents/FOR_ALTAIR/ALTAIR-vision/build/soccer_ipm/install.log --single-version-externally-managed install_data
