[0.012s] Invoking command in '/home/altair/Documents/ALTAIR-vision/build/ball-detector': CMAKE_PREFIX_PATH=${CMAKE_PREFIX_PATH}:/opt/ros/jazzy DEBUGINFOD_URLS=https://debuginfod.ubuntu.com /usr/bin/cmake /home/altair/Documents/ALTAIR-vision/src/ball-detector -DCMAKE_INSTALL_PREFIX=/home/altair/Documents/ALTAIR-vision/install/ball-detector
[0.031s] -- Found ament_cmake: 2.5.2 (/opt/ros/jazzy/share/ament_cmake/cmake)
[0.356s] -- Found rclpy: 7.1.2 (/opt/ros/jazzy/share/rclpy/cmake)
[0.356s] -- Found rosidl_default_generators: 1.6.0 (/opt/ros/jazzy/share/rosidl_default_generators/cmake)
[0.359s] -- Using all available rosidl_typesupport_c: rosidl_typesupport_fastrtps_c;rosidl_typesupport_introspection_c
[0.400s] -- Using all available rosidl_typesupport_cpp: rosidl_typesupport_fastrtps_cpp;rosidl_typesupport_introspection_cpp
[0.437s] -- Found rosidl_adapter: 4.6.4 (/opt/ros/jazzy/share/rosidl_adapter/cmake)
[0.439s] -- Found std_msgs: 5.3.5 (/opt/ros/jazzy/share/std_msgs/cmake)
[0.844s] [31mCMake Error at /opt/ros/jazzy/share/rosidl_adapter/cmake/rosidl_adapt_interfaces.cmake:57 (message):
[0.844s]   execute_process(/usr/bin/python3 -m rosidl_adapter --package-name
[0.844s]   ball-detector --arguments-file
[0.844s]   /home/altair/Documents/ALTAIR-vision/build/ball-detector/rosidl_adapter__arguments__ball-detector.json
[0.844s]   --output-dir
[0.845s]   /home/altair/Documents/ALTAIR-vision/build/ball-detector/rosidl_adapter/ball-detector
[0.845s]   --output-file
[0.845s]   /home/altair/Documents/ALTAIR-vision/build/ball-detector/rosidl_adapter/ball-detector.idls)
[0.845s]   returned error code 1:
[0.845s] 
[0.845s]   Error processing 'float jaraknya_jing' of 'ball-detector/ball-detector':
[0.845s]   ''ball-detector' is an invalid package name.  It should have the pattern
[0.845s]   '^(?!.*__)(?!.*_$)[a-z][a-z0-9_]*$''
[0.845s] 
[0.845s]   Traceback (most recent call last):
[0.845s] 
[0.845s]     File "<frozen runpy>", line 198, in _run_module_as_main
[0.845s]     File "<frozen runpy>", line 88, in _run_code
[0.845s]     File "/opt/ros/jazzy/lib/python3.12/site-packages/rosidl_adapter/__main__.py", line 19, in <module>
[0.845s]       sys.exit(main())
[0.845s]                ^^^^^^
[0.845s]     File "/opt/ros/jazzy/lib/python3.12/site-packages/rosidl_adapter/main.py", line 53, in main
[0.846s]       abs_idl_file = convert_to_idl(
[0.846s]                      ^^^^^^^^^^^^^^^
[0.846s]     File "/opt/ros/jazzy/lib/python3.12/site-packages/rosidl_adapter/__init__.py", line 19, in convert_to_idl
[0.846s]       return convert_msg_to_idl(
[0.846s]              ^^^^^^^^^^^^^^^^^^^
[0.846s]     File "/opt/ros/jazzy/lib/python3.12/site-packages/rosidl_adapter/msg/__init__.py", line 28, in convert_msg_to_idl
[0.846s]       msg = parse_message_string(package_name, input_file.stem, content)
[0.846s]             ^^^^^^^^^^^^^^^^^^^^^^^^^^^^^^^^^^^^^^^^^^^^^^^^^^^^^^^^^^^^
[0.846s]     File "/opt/ros/jazzy/lib/python3.12/site-packages/rosidl_adapter/parser.py", line 521, in parse_message_string
[0.846s]       Type(type_string, context_package_name=pkg_name),
[0.846s]       ^^^^^^^^^^^^^^^^^^^^^^^^^^^^^^^^^^^^^^^^^^^^^^^^
[0.846s]     File "/opt/ros/jazzy/lib/python3.12/site-packages/rosidl_adapter/parser.py", line 278, in __init__
[0.846s]       super(Type, self).__init__(
[0.846s]     File "/opt/ros/jazzy/lib/python3.12/site-packages/rosidl_adapter/parser.py", line 202, in __init__
[0.846s]       raise InvalidResourceName(
[0.846s] 
[0.846s]   rosidl_adapter.parser.InvalidResourceName: 'ball-detector' is an invalid
[0.846s]   package name.  It should have the pattern
[0.847s]   '^(?!.*__)(?!.*_$)[a-z][a-z0-9_]*$'
[0.847s] 
[0.847s] Call Stack (most recent call first):
[0.847s]   /opt/ros/jazzy/share/rosidl_cmake/cmake/rosidl_generate_interfaces.cmake:132 (rosidl_adapt_interfaces)
[0.847s]   CMakeLists.txt:30 (rosidl_generate_interfaces)
[0.847s] 
[0.847s] [0m
[0.847s] -- Configuring incomplete, errors occurred!
[0.850s] Invoked command in '/home/altair/Documents/ALTAIR-vision/build/ball-detector' returned '1': CMAKE_PREFIX_PATH=${CMAKE_PREFIX_PATH}:/opt/ros/jazzy DEBUGINFOD_URLS=https://debuginfod.ubuntu.com /usr/bin/cmake /home/altair/Documents/ALTAIR-vision/src/ball-detector -DCMAKE_INSTALL_PREFIX=/home/altair/Documents/ALTAIR-vision/install/ball-detector
