[0.978s] Invoking command in '/home/abyan/Documents/FOR_ALTAIR/ALTAIR-vision/src/ball_detector': DEBUGINFOD_URLS=https://debuginfod.ubuntu.com PYTHONPATH=/home/abyan/Documents/FOR_ALTAIR/ALTAIR-vision/build/ball_detector/prefix_override:/usr/lib/python3/dist-packages/colcon_core/task/python/colcon_distutils_commands:/home/abyan/Documents/FOR_ALTAIR/ALTAIR-vision/install/ball_detector/lib/python3.12/site-packages:${PYTHONPATH} /usr/bin/python3 -W ignore:setup.py install is deprecated -W ignore:easy_install command is deprecated setup.py egg_info --egg-base ../../build/ball_detector build --build-base /home/abyan/Documents/FOR_ALTAIR/ALTAIR-vision/build/ball_detector/build install --record /home/abyan/Documents/FOR_ALTAIR/ALTAIR-vision/build/ball_detector/install.log --single-version-externally-managed install_data
[1.146s] running egg_info
[1.146s] creating ../../build/ball_detector/ball_detector.egg-info
[1.156s] writing ../../build/ball_detector/ball_detector.egg-info/PKG-INFO
[1.156s] writing dependency_links to ../../build/ball_detector/ball_detector.egg-info/dependency_links.txt
[1.156s] writing entry points to ../../build/ball_detector/ball_detector.egg-info/entry_points.txt
[1.156s] writing requirements to ../../build/ball_detector/ball_detector.egg-info/requires.txt
[1.156s] writing top-level names to ../../build/ball_detector/ball_detector.egg-info/top_level.txt
[1.156s] writing manifest file '../../build/ball_detector/ball_detector.egg-info/SOURCES.txt'
[1.180s] reading manifest file '../../build/ball_detector/ball_detector.egg-info/SOURCES.txt'
[1.180s] writing manifest file '../../build/ball_detector/ball_detector.egg-info/SOURCES.txt'
[1.180s] running build
[1.180s] running build_py
[1.181s] creating /home/abyan/Documents/FOR_ALTAIR/ALTAIR-vision/build/ball_detector/build
[1.181s] creating /home/abyan/Documents/FOR_ALTAIR/ALTAIR-vision/build/ball_detector/build/lib
[1.181s] creating /home/abyan/Documents/FOR_ALTAIR/ALTAIR-vision/build/ball_detector/build/lib/ball_detector
[1.181s] copying ball_detector/__init__.py -> /home/abyan/Documents/FOR_ALTAIR/ALTAIR-vision/build/ball_detector/build/lib/ball_detector
[1.181s] copying ball_detector/ball_detector.py -> /home/abyan/Documents/FOR_ALTAIR/ALTAIR-vision/build/ball_detector/build/lib/ball_detector
[1.181s] running install
[1.187s] running install_lib
[1.197s] creating /home/abyan/Documents/FOR_ALTAIR/ALTAIR-vision/install/ball_detector/lib/python3.12/site-packages/ball_detector
[1.197s] copying /home/abyan/Documents/FOR_ALTAIR/ALTAIR-vision/build/ball_detector/build/lib/ball_detector/__init__.py -> /home/abyan/Documents/FOR_ALTAIR/ALTAIR-vision/install/ball_detector/lib/python3.12/site-packages/ball_detector
[1.198s] copying /home/abyan/Documents/FOR_ALTAIR/ALTAIR-vision/build/ball_detector/build/lib/ball_detector/ball_detector.py -> /home/abyan/Documents/FOR_ALTAIR/ALTAIR-vision/install/ball_detector/lib/python3.12/site-packages/ball_detector
[1.198s] byte-compiling /home/abyan/Documents/FOR_ALTAIR/ALTAIR-vision/install/ball_detector/lib/python3.12/site-packages/ball_detector/__init__.py to __init__.cpython-312.pyc
[1.198s] byte-compiling /home/abyan/Documents/FOR_ALTAIR/ALTAIR-vision/install/ball_detector/lib/python3.12/site-packages/ball_detector/ball_detector.py to ball_detector.cpython-312.pyc
[1.199s] running install_data
[1.199s] creating /home/abyan/Documents/FOR_ALTAIR/ALTAIR-vision/install/ball_detector/share/ament_index
[1.199s] creating /home/abyan/Documents/FOR_ALTAIR/ALTAIR-vision/install/ball_detector/share/ament_index/resource_index
[1.199s] creating /home/abyan/Documents/FOR_ALTAIR/ALTAIR-vision/install/ball_detector/share/ament_index/resource_index/packages
[1.199s] copying resource/ball_detector -> /home/abyan/Documents/FOR_ALTAIR/ALTAIR-vision/install/ball_detector/share/ament_index/resource_index/packages
[1.199s] copying package.xml -> /home/abyan/Documents/FOR_ALTAIR/ALTAIR-vision/install/ball_detector/share/ball_detector
[1.199s] running install_egg_info
[1.212s] Copying ../../build/ball_detector/ball_detector.egg-info to /home/abyan/Documents/FOR_ALTAIR/ALTAIR-vision/install/ball_detector/lib/python3.12/site-packages/ball_detector-0.0.0-py3.12.egg-info
[1.212s] running install_scripts
[1.290s] Installing ball_detector script to /home/abyan/Documents/FOR_ALTAIR/ALTAIR-vision/install/ball_detector/lib/ball_detector
[1.290s] writing list of installed files to '/home/abyan/Documents/FOR_ALTAIR/ALTAIR-vision/build/ball_detector/install.log'
[1.318s] Invoked command in '/home/abyan/Documents/FOR_ALTAIR/ALTAIR-vision/src/ball_detector' returned '0': DEBUGINFOD_URLS=https://debuginfod.ubuntu.com PYTHONPATH=/home/abyan/Documents/FOR_ALTAIR/ALTAIR-vision/build/ball_detector/prefix_override:/usr/lib/python3/dist-packages/colcon_core/task/python/colcon_distutils_commands:/home/abyan/Documents/FOR_ALTAIR/ALTAIR-vision/install/ball_detector/lib/python3.12/site-packages:${PYTHONPATH} /usr/bin/python3 -W ignore:setup.py install is deprecated -W ignore:easy_install command is deprecated setup.py egg_info --egg-base ../../build/ball_detector build --build-base /home/abyan/Documents/FOR_ALTAIR/ALTAIR-vision/build/ball_detector/build install --record /home/abyan/Documents/FOR_ALTAIR/ALTAIR-vision/build/ball_detector/install.log --single-version-externally-managed install_data
