[0.374s] Invoking command in '/home/abyan/Documents/FOR_ALTAIR/ALTAIR-vision/build/usb_cam': CMAKE_PREFIX_PATH=${CMAKE_PREFIX_PATH}:/home/abyan/Documents/FOR_ALTAIR/ALTAIR-vision/install/video_subscriber:/home/abyan/Documents/FOR_ALTAIR/ALTAIR-vision/install/soccer_field_map_generator:/home/abyan/Documents/FOR_ALTAIR/ALTAIR-vision/install/camera_calibration:/home/abyan/Documents/FOR_ALTAIR/ALTAIR-vision/install/ball_detector:/opt/ros/jazzy CONDA_PROMPT_MODIFIER=(base) DEBUGINFOD_URLS=https://debuginfod.ubuntu.com /usr/bin/cmake --build /home/abyan/Documents/FOR_ALTAIR/ALTAIR-vision/build/usb_cam -- -j16 -l16
[0.398s] -- Found ament_cmake_auto: 2.5.3 (/opt/ros/jazzy/share/ament_cmake_auto/cmake)
[0.789s] -- Found rosidl_generator_c: 4.6.5 (/opt/ros/jazzy/share/rosidl_generator_c/cmake)
[0.794s] -- Found rosidl_generator_cpp: 4.6.5 (/opt/ros/jazzy/share/rosidl_generator_cpp/cmake)
[0.801s] -- Using all available rosidl_typesupport_c: rosidl_typesupport_fastrtps_c;rosidl_typesupport_introspection_c
[0.809s] -- Using all available rosidl_typesupport_cpp: rosidl_typesupport_fastrtps_cpp;rosidl_typesupport_introspection_cpp
[0.846s] -- Found rmw_implementation_cmake: 7.3.2 (/opt/ros/jazzy/share/rmw_implementation_cmake/cmake)
[0.847s] -- Found rmw_fastrtps_cpp: 8.4.2 (/opt/ros/jazzy/share/rmw_fastrtps_cpp/cmake)
[0.895s] -- Using RMW implementation 'rmw_fastrtps_cpp' as default
[1.057s] -- Setting yaml-cpp_DIR to: '/opt/ros/jazzy/share/yaml_cpp_vendor/cmake/../../../opt/yaml_cpp_vendor/share/cmake/yaml-cpp'
[1.153s] -- Found rosidl_adapter: 4.6.5 (/opt/ros/jazzy/share/rosidl_adapter/cmake)
[1.169s] -- Found ament_lint_auto: 0.17.2 (/opt/ros/jazzy/share/ament_lint_auto/cmake)
[1.174s] -- Found gtest sources under '/opt/ros/jazzy/src/gtest_vendor': C++ tests using 'Google Test' will be built
[1.188s] -- Added test 'copyright' to check source files copyright and LICENSE
[1.190s] -- Added test 'cppcheck' to perform static code analysis on C / C++ code
[1.190s] -- Configured cppcheck include dirs: /home/abyan/Documents/FOR_ALTAIR/ALTAIR-vision/src/usb_cam/include
[1.190s] -- Configured cppcheck exclude dirs and/or files: 
[1.193s] -- Added test 'cpplint' to check C / C++ code against the Google style
[1.193s] -- Configured cpplint exclude dirs and/or files: 
[1.194s] -- Added test 'flake8' to check Python code syntax and style conventions
[1.194s] -- Configured 'flake8' exclude dirs and/or files: 
[1.195s] -- Added test 'lint_cmake' to check CMake code style
[1.195s] -- Added test 'pep257' to check Python code against some of the docstring style conventions in PEP 257
[1.198s] -- Added test 'uncrustify' to check C / C++ code style
[1.198s] -- Configured uncrustify additional arguments: 
[1.198s] -- Added test 'xmllint' to check XML markup files
[1.202s] -- Configuring done (0.8s)
[1.238s] -- Generating done (0.0s)
[1.248s] -- Build files have been written to: /home/abyan/Documents/FOR_ALTAIR/ALTAIR-vision/build/usb_cam
[1.295s] [ 42%] Built target gtest_main
[1.295s] [ 42%] Built target usb_cam
[1.295s] [ 42%] Built target gtest
[1.305s] [ 50%] [32mBuilding CXX object CMakeFiles/usb_cam_node_exe.dir/rclcpp_components/node_main_usb_cam_node_exe.cpp.o[0m
[1.323s] [ 78%] Built target test_pixel_formats
[1.324s] [ 78%] Built target test_usb_cam_utils
[1.335s] [ 85%] [32mBuilding CXX object CMakeFiles/usb_cam_node.dir/src/usb_cam_node.cpp.o[0m
[3.778s] [ 92%] [32m[1mLinking CXX executable usb_cam_node_exe[0m
[3.931s] [ 92%] Built target usb_cam_node_exe
[6.708s] [100%] [32m[1mLinking CXX shared library libusb_cam_node.so[0m
[6.948s] [100%] Built target usb_cam_node
[6.958s] Invoked command in '/home/abyan/Documents/FOR_ALTAIR/ALTAIR-vision/build/usb_cam' returned '0': CMAKE_PREFIX_PATH=${CMAKE_PREFIX_PATH}:/home/abyan/Documents/FOR_ALTAIR/ALTAIR-vision/install/video_subscriber:/home/abyan/Documents/FOR_ALTAIR/ALTAIR-vision/install/soccer_field_map_generator:/home/abyan/Documents/FOR_ALTAIR/ALTAIR-vision/install/camera_calibration:/home/abyan/Documents/FOR_ALTAIR/ALTAIR-vision/install/ball_detector:/opt/ros/jazzy CONDA_PROMPT_MODIFIER=(base) DEBUGINFOD_URLS=https://debuginfod.ubuntu.com /usr/bin/cmake --build /home/abyan/Documents/FOR_ALTAIR/ALTAIR-vision/build/usb_cam -- -j16 -l16
[6.959s] Invoking command in '/home/abyan/Documents/FOR_ALTAIR/ALTAIR-vision/build/usb_cam': CMAKE_PREFIX_PATH=${CMAKE_PREFIX_PATH}:/home/abyan/Documents/FOR_ALTAIR/ALTAIR-vision/install/video_subscriber:/home/abyan/Documents/FOR_ALTAIR/ALTAIR-vision/install/soccer_field_map_generator:/home/abyan/Documents/FOR_ALTAIR/ALTAIR-vision/install/camera_calibration:/home/abyan/Documents/FOR_ALTAIR/ALTAIR-vision/install/ball_detector:/opt/ros/jazzy CONDA_PROMPT_MODIFIER=(base) DEBUGINFOD_URLS=https://debuginfod.ubuntu.com /usr/bin/cmake --install /home/abyan/Documents/FOR_ALTAIR/ALTAIR-vision/build/usb_cam
[6.965s] -- Install configuration: ""
[6.965s] -- Installing: /home/abyan/Documents/FOR_ALTAIR/ALTAIR-vision/install/usb_cam/share/usb_cam/environment/library_path.sh
[6.965s] -- Up-to-date: /home/abyan/Documents/FOR_ALTAIR/ALTAIR-vision/install/usb_cam/share/usb_cam/environment/library_path.dsv
[6.965s] -- Installing: /home/abyan/Documents/FOR_ALTAIR/ALTAIR-vision/install/usb_cam/lib/usb_cam/usb_cam_node_exe
[6.966s] -- Set non-toolchain portion of runtime path of "/home/abyan/Documents/FOR_ALTAIR/ALTAIR-vision/install/usb_cam/lib/usb_cam/usb_cam_node_exe" to ""
[6.966s] -- Up-to-date: /home/abyan/Documents/FOR_ALTAIR/ALTAIR-vision/install/usb_cam/lib/usb_cam/show_image.py
[6.966s] -- Up-to-date: /home/abyan/Documents/FOR_ALTAIR/ALTAIR-vision/install/usb_cam/lib/libusb_cam.so
[6.966s] -- Installing: /home/abyan/Documents/FOR_ALTAIR/ALTAIR-vision/install/usb_cam/lib/libusb_cam_node.so
[6.968s] -- Set non-toolchain portion of runtime path of "/home/abyan/Documents/FOR_ALTAIR/ALTAIR-vision/install/usb_cam/lib/libusb_cam_node.so" to ""
[6.968s] -- Up-to-date: /home/abyan/Documents/FOR_ALTAIR/ALTAIR-vision/install/usb_cam/include
[6.969s] -- Up-to-date: /home/abyan/Documents/FOR_ALTAIR/ALTAIR-vision/install/usb_cam/include/usb_cam
[6.969s] -- Up-to-date: /home/abyan/Documents/FOR_ALTAIR/ALTAIR-vision/install/usb_cam/include/usb_cam/usb_cam_node.hpp
[6.969s] -- Up-to-date: /home/abyan/Documents/FOR_ALTAIR/ALTAIR-vision/install/usb_cam/include/usb_cam/constants.hpp
[6.969s] -- Up-to-date: /home/abyan/Documents/FOR_ALTAIR/ALTAIR-vision/install/usb_cam/include/usb_cam/formats
[6.969s] -- Up-to-date: /home/abyan/Documents/FOR_ALTAIR/ALTAIR-vision/install/usb_cam/include/usb_cam/formats/yuyv.hpp
[6.969s] -- Up-to-date: /home/abyan/Documents/FOR_ALTAIR/ALTAIR-vision/install/usb_cam/include/usb_cam/formats/mjpeg.hpp
[6.969s] -- Up-to-date: /home/abyan/Documents/FOR_ALTAIR/ALTAIR-vision/install/usb_cam/include/usb_cam/formats/uyvy.hpp
[6.969s] -- Up-to-date: /home/abyan/Documents/FOR_ALTAIR/ALTAIR-vision/install/usb_cam/include/usb_cam/formats/m420.hpp
[6.969s] -- Up-to-date: /home/abyan/Documents/FOR_ALTAIR/ALTAIR-vision/install/usb_cam/include/usb_cam/formats/pixel_format_base.hpp
[6.969s] -- Up-to-date: /home/abyan/Documents/FOR_ALTAIR/ALTAIR-vision/install/usb_cam/include/usb_cam/formats/av_pixel_format_helper.hpp
[6.969s] -- Up-to-date: /home/abyan/Documents/FOR_ALTAIR/ALTAIR-vision/install/usb_cam/include/usb_cam/formats/mono.hpp
[6.969s] -- Up-to-date: /home/abyan/Documents/FOR_ALTAIR/ALTAIR-vision/install/usb_cam/include/usb_cam/formats/rgb.hpp
[6.970s] -- Up-to-date: /home/abyan/Documents/FOR_ALTAIR/ALTAIR-vision/install/usb_cam/include/usb_cam/formats/utils.hpp
[6.970s] -- Up-to-date: /home/abyan/Documents/FOR_ALTAIR/ALTAIR-vision/install/usb_cam/include/usb_cam/usb_cam.hpp
[6.970s] -- Up-to-date: /home/abyan/Documents/FOR_ALTAIR/ALTAIR-vision/install/usb_cam/include/usb_cam/conversions.hpp
[6.970s] -- Up-to-date: /home/abyan/Documents/FOR_ALTAIR/ALTAIR-vision/install/usb_cam/include/usb_cam/utils.hpp
[6.970s] -- Up-to-date: /home/abyan/Documents/FOR_ALTAIR/ALTAIR-vision/install/usb_cam/lib/libusb_cam_node.so
[6.970s] -- Up-to-date: /home/abyan/Documents/FOR_ALTAIR/ALTAIR-vision/install/usb_cam/share/usb_cam/launch
[6.970s] -- Up-to-date: /home/abyan/Documents/FOR_ALTAIR/ALTAIR-vision/install/usb_cam/share/usb_cam/launch/camera.launch.py
[6.970s] -- Up-to-date: /home/abyan/Documents/FOR_ALTAIR/ALTAIR-vision/install/usb_cam/share/usb_cam/launch/camera_config.py
[6.970s] -- Up-to-date: /home/abyan/Documents/FOR_ALTAIR/ALTAIR-vision/install/usb_cam/share/usb_cam/launch/__init__.py
[6.970s] -- Up-to-date: /home/abyan/Documents/FOR_ALTAIR/ALTAIR-vision/install/usb_cam/share/usb_cam/config
[6.971s] -- Up-to-date: /home/abyan/Documents/FOR_ALTAIR/ALTAIR-vision/install/usb_cam/share/usb_cam/config/camera_info.yaml
[6.971s] -- Up-to-date: /home/abyan/Documents/FOR_ALTAIR/ALTAIR-vision/install/usb_cam/share/usb_cam/config/params_1.yaml
[6.971s] -- Up-to-date: /home/abyan/Documents/FOR_ALTAIR/ALTAIR-vision/install/usb_cam/share/usb_cam/config/params_2.yaml
[6.971s] -- Up-to-date: /home/abyan/Documents/FOR_ALTAIR/ALTAIR-vision/install/usb_cam/share/ament_index/resource_index/package_run_dependencies/usb_cam
[6.971s] -- Installing: /home/abyan/Documents/FOR_ALTAIR/ALTAIR-vision/install/usb_cam/share/ament_index/resource_index/parent_prefix_path/usb_cam
[6.971s] -- Up-to-date: /home/abyan/Documents/FOR_ALTAIR/ALTAIR-vision/install/usb_cam/share/usb_cam/environment/ament_prefix_path.sh
[6.971s] -- Up-to-date: /home/abyan/Documents/FOR_ALTAIR/ALTAIR-vision/install/usb_cam/share/usb_cam/environment/ament_prefix_path.dsv
[6.971s] -- Up-to-date: /home/abyan/Documents/FOR_ALTAIR/ALTAIR-vision/install/usb_cam/share/usb_cam/environment/path.sh
[6.971s] -- Up-to-date: /home/abyan/Documents/FOR_ALTAIR/ALTAIR-vision/install/usb_cam/share/usb_cam/environment/path.dsv
[6.971s] -- Up-to-date: /home/abyan/Documents/FOR_ALTAIR/ALTAIR-vision/install/usb_cam/share/usb_cam/local_setup.bash
[6.971s] -- Up-to-date: /home/abyan/Documents/FOR_ALTAIR/ALTAIR-vision/install/usb_cam/share/usb_cam/local_setup.sh
[6.971s] -- Up-to-date: /home/abyan/Documents/FOR_ALTAIR/ALTAIR-vision/install/usb_cam/share/usb_cam/local_setup.zsh
[6.972s] -- Up-to-date: /home/abyan/Documents/FOR_ALTAIR/ALTAIR-vision/install/usb_cam/share/usb_cam/local_setup.dsv
[6.972s] -- Installing: /home/abyan/Documents/FOR_ALTAIR/ALTAIR-vision/install/usb_cam/share/usb_cam/package.dsv
[6.972s] -- Up-to-date: /home/abyan/Documents/FOR_ALTAIR/ALTAIR-vision/install/usb_cam/share/ament_index/resource_index/packages/usb_cam
[6.972s] -- Up-to-date: /home/abyan/Documents/FOR_ALTAIR/ALTAIR-vision/install/usb_cam/share/ament_index/resource_index/rclcpp_components/usb_cam
[6.972s] -- Up-to-date: /home/abyan/Documents/FOR_ALTAIR/ALTAIR-vision/install/usb_cam/share/usb_cam/cmake/ament_cmake_export_libraries-extras.cmake
[6.972s] -- Up-to-date: /home/abyan/Documents/FOR_ALTAIR/ALTAIR-vision/install/usb_cam/share/usb_cam/cmake/ament_cmake_export_dependencies-extras.cmake
[6.972s] -- Up-to-date: /home/abyan/Documents/FOR_ALTAIR/ALTAIR-vision/install/usb_cam/share/usb_cam/cmake/ament_cmake_export_include_directories-extras.cmake
[6.972s] -- Up-to-date: /home/abyan/Documents/FOR_ALTAIR/ALTAIR-vision/install/usb_cam/share/usb_cam/cmake/usb_camConfig.cmake
[6.973s] -- Up-to-date: /home/abyan/Documents/FOR_ALTAIR/ALTAIR-vision/install/usb_cam/share/usb_cam/cmake/usb_camConfig-version.cmake
[6.973s] -- Up-to-date: /home/abyan/Documents/FOR_ALTAIR/ALTAIR-vision/install/usb_cam/share/usb_cam/package.xml
[6.973s] Invoked command in '/home/abyan/Documents/FOR_ALTAIR/ALTAIR-vision/build/usb_cam' returned '0': CMAKE_PREFIX_PATH=${CMAKE_PREFIX_PATH}:/home/abyan/Documents/FOR_ALTAIR/ALTAIR-vision/install/video_subscriber:/home/abyan/Documents/FOR_ALTAIR/ALTAIR-vision/install/soccer_field_map_generator:/home/abyan/Documents/FOR_ALTAIR/ALTAIR-vision/install/camera_calibration:/home/abyan/Documents/FOR_ALTAIR/ALTAIR-vision/install/ball_detector:/opt/ros/jazzy CONDA_PROMPT_MODIFIER=(base) DEBUGINFOD_URLS=https://debuginfod.ubuntu.com /usr/bin/cmake --install /home/abyan/Documents/FOR_ALTAIR/ALTAIR-vision/build/usb_cam
