[0.996s] Invoking command in '/home/abyan/Documents/FOR_ALTAIR/ALTAIR-vision/src/soccer_ipm': CONDA_PROMPT_MODIFIER=(base) DEBUGINFOD_URLS=https://debuginfod.ubuntu.com PYTHONPATH=/home/abyan/Documents/FOR_ALTAIR/ALTAIR-vision/build/soccer_ipm/prefix_override:/usr/lib/python3/dist-packages/colcon_core/task/python/colcon_distutils_commands:/home/abyan/Documents/FOR_ALTAIR/ALTAIR-vision/install/soccer_ipm/lib/python3.12/site-packages:${PYTHONPATH} /usr/bin/python3 -W ignore:setup.py install is deprecated -W ignore:easy_install command is deprecated setup.py egg_info --egg-base ../../build/soccer_ipm build --build-base /home/abyan/Documents/FOR_ALTAIR/ALTAIR-vision/build/soccer_ipm/build install --record /home/abyan/Documents/FOR_ALTAIR/ALTAIR-vision/build/soccer_ipm/install.log --single-version-externally-managed install_data
[1.228s] running egg_info
[1.228s] creating ../../build/soccer_ipm/soccer_ipm.egg-info
[1.251s] writing ../../build/soccer_ipm/soccer_ipm.egg-info/PKG-INFO
[1.252s] writing dependency_links to ../../build/soccer_ipm/soccer_ipm.egg-info/dependency_links.txt
[1.252s] writing entry points to ../../build/soccer_ipm/soccer_ipm.egg-info/entry_points.txt
[1.252s] writing requirements to ../../build/soccer_ipm/soccer_ipm.egg-info/requires.txt
[1.252s] writing top-level names to ../../build/soccer_ipm/soccer_ipm.egg-info/top_level.txt
[1.253s] writing manifest file '../../build/soccer_ipm/soccer_ipm.egg-info/SOURCES.txt'
[1.300s] reading manifest file '../../build/soccer_ipm/soccer_ipm.egg-info/SOURCES.txt'
[1.301s] writing manifest file '../../build/soccer_ipm/soccer_ipm.egg-info/SOURCES.txt'
[1.301s] running build
[1.301s] running build_py
[1.301s] creating /home/abyan/Documents/FOR_ALTAIR/ALTAIR-vision/build/soccer_ipm/build
[1.301s] creating /home/abyan/Documents/FOR_ALTAIR/ALTAIR-vision/build/soccer_ipm/build/lib
[1.301s] creating /home/abyan/Documents/FOR_ALTAIR/ALTAIR-vision/build/soccer_ipm/build/lib/soccer_ipm
[1.302s] copying soccer_ipm/soccer_ipm.py -> /home/abyan/Documents/FOR_ALTAIR/ALTAIR-vision/build/soccer_ipm/build/lib/soccer_ipm
[1.302s] copying soccer_ipm/utils.py -> /home/abyan/Documents/FOR_ALTAIR/ALTAIR-vision/build/soccer_ipm/build/lib/soccer_ipm
[1.302s] copying soccer_ipm/__init__.py -> /home/abyan/Documents/FOR_ALTAIR/ALTAIR-vision/build/soccer_ipm/build/lib/soccer_ipm
[1.302s] creating /home/abyan/Documents/FOR_ALTAIR/ALTAIR-vision/build/soccer_ipm/build/lib/soccer_ipm/msgs
[1.302s] copying soccer_ipm/msgs/ball.py -> /home/abyan/Documents/FOR_ALTAIR/ALTAIR-vision/build/soccer_ipm/build/lib/soccer_ipm/msgs
[1.302s] copying soccer_ipm/msgs/obstacles.py -> /home/abyan/Documents/FOR_ALTAIR/ALTAIR-vision/build/soccer_ipm/build/lib/soccer_ipm/msgs
[1.302s] copying soccer_ipm/msgs/markings.py -> /home/abyan/Documents/FOR_ALTAIR/ALTAIR-vision/build/soccer_ipm/build/lib/soccer_ipm/msgs
[1.302s] copying soccer_ipm/msgs/__init__.py -> /home/abyan/Documents/FOR_ALTAIR/ALTAIR-vision/build/soccer_ipm/build/lib/soccer_ipm/msgs
[1.302s] copying soccer_ipm/msgs/goalpost.py -> /home/abyan/Documents/FOR_ALTAIR/ALTAIR-vision/build/soccer_ipm/build/lib/soccer_ipm/msgs
[1.302s] copying soccer_ipm/msgs/robots.py -> /home/abyan/Documents/FOR_ALTAIR/ALTAIR-vision/build/soccer_ipm/build/lib/soccer_ipm/msgs
[1.302s] copying soccer_ipm/msgs/field_boundary.py -> /home/abyan/Documents/FOR_ALTAIR/ALTAIR-vision/build/soccer_ipm/build/lib/soccer_ipm/msgs
[1.302s] running install
[1.308s] running install_lib
[1.325s] creating /home/abyan/Documents/FOR_ALTAIR/ALTAIR-vision/install/soccer_ipm/lib/python3.12/site-packages/soccer_ipm
[1.325s] copying /home/abyan/Documents/FOR_ALTAIR/ALTAIR-vision/build/soccer_ipm/build/lib/soccer_ipm/soccer_ipm.py -> /home/abyan/Documents/FOR_ALTAIR/ALTAIR-vision/install/soccer_ipm/lib/python3.12/site-packages/soccer_ipm
[1.326s] copying /home/abyan/Documents/FOR_ALTAIR/ALTAIR-vision/build/soccer_ipm/build/lib/soccer_ipm/utils.py -> /home/abyan/Documents/FOR_ALTAIR/ALTAIR-vision/install/soccer_ipm/lib/python3.12/site-packages/soccer_ipm
[1.326s] copying /home/abyan/Documents/FOR_ALTAIR/ALTAIR-vision/build/soccer_ipm/build/lib/soccer_ipm/__init__.py -> /home/abyan/Documents/FOR_ALTAIR/ALTAIR-vision/install/soccer_ipm/lib/python3.12/site-packages/soccer_ipm
[1.326s] creating /home/abyan/Documents/FOR_ALTAIR/ALTAIR-vision/install/soccer_ipm/lib/python3.12/site-packages/soccer_ipm/msgs
[1.326s] copying /home/abyan/Documents/FOR_ALTAIR/ALTAIR-vision/build/soccer_ipm/build/lib/soccer_ipm/msgs/ball.py -> /home/abyan/Documents/FOR_ALTAIR/ALTAIR-vision/install/soccer_ipm/lib/python3.12/site-packages/soccer_ipm/msgs
[1.326s] copying /home/abyan/Documents/FOR_ALTAIR/ALTAIR-vision/build/soccer_ipm/build/lib/soccer_ipm/msgs/obstacles.py -> /home/abyan/Documents/FOR_ALTAIR/ALTAIR-vision/install/soccer_ipm/lib/python3.12/site-packages/soccer_ipm/msgs
[1.326s] copying /home/abyan/Documents/FOR_ALTAIR/ALTAIR-vision/build/soccer_ipm/build/lib/soccer_ipm/msgs/markings.py -> /home/abyan/Documents/FOR_ALTAIR/ALTAIR-vision/install/soccer_ipm/lib/python3.12/site-packages/soccer_ipm/msgs
[1.326s] copying /home/abyan/Documents/FOR_ALTAIR/ALTAIR-vision/build/soccer_ipm/build/lib/soccer_ipm/msgs/__init__.py -> /home/abyan/Documents/FOR_ALTAIR/ALTAIR-vision/install/soccer_ipm/lib/python3.12/site-packages/soccer_ipm/msgs
[1.326s] copying /home/abyan/Documents/FOR_ALTAIR/ALTAIR-vision/build/soccer_ipm/build/lib/soccer_ipm/msgs/goalpost.py -> /home/abyan/Documents/FOR_ALTAIR/ALTAIR-vision/install/soccer_ipm/lib/python3.12/site-packages/soccer_ipm/msgs
[1.326s] copying /home/abyan/Documents/FOR_ALTAIR/ALTAIR-vision/build/soccer_ipm/build/lib/soccer_ipm/msgs/robots.py -> /home/abyan/Documents/FOR_ALTAIR/ALTAIR-vision/install/soccer_ipm/lib/python3.12/site-packages/soccer_ipm/msgs
[1.326s] copying /home/abyan/Documents/FOR_ALTAIR/ALTAIR-vision/build/soccer_ipm/build/lib/soccer_ipm/msgs/field_boundary.py -> /home/abyan/Documents/FOR_ALTAIR/ALTAIR-vision/install/soccer_ipm/lib/python3.12/site-packages/soccer_ipm/msgs
[1.326s] byte-compiling /home/abyan/Documents/FOR_ALTAIR/ALTAIR-vision/install/soccer_ipm/lib/python3.12/site-packages/soccer_ipm/soccer_ipm.py to soccer_ipm.cpython-312.pyc
[1.328s] byte-compiling /home/abyan/Documents/FOR_ALTAIR/ALTAIR-vision/install/soccer_ipm/lib/python3.12/site-packages/soccer_ipm/utils.py to utils.cpython-312.pyc
[1.329s] byte-compiling /home/abyan/Documents/FOR_ALTAIR/ALTAIR-vision/install/soccer_ipm/lib/python3.12/site-packages/soccer_ipm/__init__.py to __init__.cpython-312.pyc
[1.329s] byte-compiling /home/abyan/Documents/FOR_ALTAIR/ALTAIR-vision/install/soccer_ipm/lib/python3.12/site-packages/soccer_ipm/msgs/ball.py to ball.cpython-312.pyc
[1.329s] byte-compiling /home/abyan/Documents/FOR_ALTAIR/ALTAIR-vision/install/soccer_ipm/lib/python3.12/site-packages/soccer_ipm/msgs/obstacles.py to obstacles.cpython-312.pyc
[1.330s] byte-compiling /home/abyan/Documents/FOR_ALTAIR/ALTAIR-vision/install/soccer_ipm/lib/python3.12/site-packages/soccer_ipm/msgs/markings.py to markings.cpython-312.pyc
[1.331s] byte-compiling /home/abyan/Documents/FOR_ALTAIR/ALTAIR-vision/install/soccer_ipm/lib/python3.12/site-packages/soccer_ipm/msgs/__init__.py to __init__.cpython-312.pyc
[1.331s] byte-compiling /home/abyan/Documents/FOR_ALTAIR/ALTAIR-vision/install/soccer_ipm/lib/python3.12/site-packages/soccer_ipm/msgs/goalpost.py to goalpost.cpython-312.pyc
[1.332s] byte-compiling /home/abyan/Documents/FOR_ALTAIR/ALTAIR-vision/install/soccer_ipm/lib/python3.12/site-packages/soccer_ipm/msgs/robots.py to robots.cpython-312.pyc
[1.332s] byte-compiling /home/abyan/Documents/FOR_ALTAIR/ALTAIR-vision/install/soccer_ipm/lib/python3.12/site-packages/soccer_ipm/msgs/field_boundary.py to field_boundary.cpython-312.pyc
[1.333s] running install_data
[1.333s] creating /home/abyan/Documents/FOR_ALTAIR/ALTAIR-vision/install/soccer_ipm/share/ament_index
[1.333s] creating /home/abyan/Documents/FOR_ALTAIR/ALTAIR-vision/install/soccer_ipm/share/ament_index/resource_index
[1.333s] creating /home/abyan/Documents/FOR_ALTAIR/ALTAIR-vision/install/soccer_ipm/share/ament_index/resource_index/packages
[1.333s] copying resource/soccer_ipm -> /home/abyan/Documents/FOR_ALTAIR/ALTAIR-vision/install/soccer_ipm/share/ament_index/resource_index/packages
[1.333s] copying package.xml -> /home/abyan/Documents/FOR_ALTAIR/ALTAIR-vision/install/soccer_ipm/share/soccer_ipm
[1.333s] creating /home/abyan/Documents/FOR_ALTAIR/ALTAIR-vision/install/soccer_ipm/share/soccer_ipm/config
[1.333s] copying config/hl_kid.yaml -> /home/abyan/Documents/FOR_ALTAIR/ALTAIR-vision/install/soccer_ipm/share/soccer_ipm/config
[1.333s] running install_egg_info
[1.349s] Copying ../../build/soccer_ipm/soccer_ipm.egg-info to /home/abyan/Documents/FOR_ALTAIR/ALTAIR-vision/install/soccer_ipm/lib/python3.12/site-packages/soccer_ipm-0.0.0-py3.12.egg-info
[1.350s] running install_scripts
[1.470s] Installing ipm script to /home/abyan/Documents/FOR_ALTAIR/ALTAIR-vision/install/soccer_ipm/lib/soccer_ipm
[1.470s] writing list of installed files to '/home/abyan/Documents/FOR_ALTAIR/ALTAIR-vision/build/soccer_ipm/install.log'
[1.500s] Invoked command in '/home/abyan/Documents/FOR_ALTAIR/ALTAIR-vision/src/soccer_ipm' returned '0': CONDA_PROMPT_MODIFIER=(base) DEBUGINFOD_URLS=https://debuginfod.ubuntu.com PYTHONPATH=/home/abyan/Documents/FOR_ALTAIR/ALTAIR-vision/build/soccer_ipm/prefix_override:/usr/lib/python3/dist-packages/colcon_core/task/python/colcon_distutils_commands:/home/abyan/Documents/FOR_ALTAIR/ALTAIR-vision/install/soccer_ipm/lib/python3.12/site-packages:${PYTHONPATH} /usr/bin/python3 -W ignore:setup.py install is deprecated -W ignore:easy_install command is deprecated setup.py egg_info --egg-base ../../build/soccer_ipm build --build-base /home/abyan/Documents/FOR_ALTAIR/ALTAIR-vision/build/soccer_ipm/build install --record /home/abyan/Documents/FOR_ALTAIR/ALTAIR-vision/build/soccer_ipm/install.log --single-version-externally-managed install_data
