-- CMAKE_CURRENT_SOURCE_DIR: /home/abyan/Documents/FOR_ALTAIR/ALTAIR-vision/src/ball_detect
-- Found ament_cmake: 2.5.3 (/opt/ros/jazzy/share/ament_cmake/cmake)
-- Found rclcpp: 28.1.6 (/opt/ros/jazzy/share/rclcpp/cmake)
-- Found rosidl_generator_c: 4.6.5 (/opt/ros/jazzy/share/rosidl_generator_c/cmake)
-- Found rosidl_generator_cpp: 4.6.5 (/opt/ros/jazzy/share/rosidl_generator_cpp/cmake)
-- Using all available rosidl_typesupport_c: rosidl_typesupport_fastrtps_c;rosidl_typesupport_introspection_c
-- Using all available rosidl_typesupport_cpp: rosidl_typesupport_fastrtps_cpp;rosidl_typesupport_introspection_cpp
-- Found rmw_implementation_cmake: 7.3.1 (/opt/ros/jazzy/share/rmw_implementation_cmake/cmake)
-- Found rmw_fastrtps_cpp: 8.4.1 (/opt/ros/jazzy/share/rmw_fastrtps_cpp/cmake)
-- Using RMW implementation 'rmw_fastrtps_cpp' as default
-- Found sensor_msgs: 5.3.5 (/opt/ros/jazzy/share/sensor_msgs/cmake)
-- Found cv_bridge: 4.1.0 (/opt/ros/jazzy/share/cv_bridge/cmake)
-- Found image_transport: 5.1.5 (/opt/ros/jazzy/share/image_transport/cmake)
-- Found ament_lint_auto: 0.17.1 (/opt/ros/jazzy/share/ament_lint_auto/cmake)
-- Added test 'cppcheck' to perform static code analysis on C / C++ code
-- Configured cppcheck include dirs: /home/abyan/Documents/FOR_ALTAIR/ALTAIR-vision/src/ball_detect/include
-- Configured cppcheck exclude dirs and/or files: 
-- Added test 'lint_cmake' to check CMake code style
-- Added test 'uncrustify' to check C / C++ code style
-- Configured uncrustify additional arguments: 
-- Added test 'xmllint' to check XML markup files
-- Configuring done (0.5s)
-- Generating done (0.0s)
-- Build files have been written to: /home/abyan/Documents/FOR_ALTAIR/ALTAIR-vision/build/ball_detect
[ 33%] [32mBuilding CXX object CMakeFiles/ball_det.dir/src/ball_detect.cpp.o[0m
[ 66%] [32mBuilding CXX object CMakeFiles/ball_det.dir/src/ball_detector_node.cpp.o[0m
In file included from [01m[K/home/abyan/Documents/FOR_ALTAIR/ALTAIR-vision/src/ball_detect/src/ball_detect.cpp:1[m[K:
[01m[K/home/abyan/Documents/FOR_ALTAIR/ALTAIR-vision/src/ball_detect/include/ball_detect/ball_detect.hpp:11:10:[m[K [01;31m[Kfatal error: [m[Kcv_bridge/cv_bridge.h: No such file or directory
   11 | #include [01;31m[K"cv_bridge/cv_bridge.h"[m[K
      |          [01;31m[K^~~~~~~~~~~~~~~~~~~~~~~[m[K
compilation terminated.
gmake[2]: *** [CMakeFiles/ball_det.dir/build.make:76: CMakeFiles/ball_det.dir/src/ball_detect.cpp.o] Error 1
gmake[2]: *** Waiting for unfinished jobs....
In file included from [01m[K/home/abyan/Documents/FOR_ALTAIR/ALTAIR-vision/src/ball_detect/src/ball_detector_node.cpp:1[m[K:
[01m[K/home/abyan/Documents/FOR_ALTAIR/ALTAIR-vision/src/ball_detect/include/ball_detect/ball_detect.hpp:11:10:[m[K [01;31m[Kfatal error: [m[Kcv_bridge/cv_bridge.h: No such file or directory
   11 | #include [01;31m[K"cv_bridge/cv_bridge.h"[m[K
      |          [01;31m[K^~~~~~~~~~~~~~~~~~~~~~~[m[K
compilation terminated.
gmake[2]: *** [CMakeFiles/ball_det.dir/build.make:90: CMakeFiles/ball_det.dir/src/ball_detector_node.cpp.o] Error 1
gmake[1]: *** [CMakeFiles/Makefile2:137: CMakeFiles/ball_det.dir/all] Error 2
gmake: *** [Makefile:146: all] Error 2
