[0.012s] Invoking command in '/home/altair/Documents/ALTAIR-vision/build/ball_detector': CMAKE_PREFIX_PATH=${CMAKE_PREFIX_PATH}:/opt/ros/jazzy DEBUGINFOD_URLS=https://debuginfod.ubuntu.com /usr/bin/cmake /home/altair/Documents/ALTAIR-vision/src/ball_detector -DCMAKE_INSTALL_PREFIX=/home/altair/Documents/ALTAIR-vision/install/ball_detector
[0.096s] -- The C compiler identification is GNU 13.2.0
[0.183s] -- The CXX compiler identification is GNU 13.2.0
[0.208s] -- Detecting C compiler ABI info
[0.341s] -- Detecting C compiler ABI info - done
[0.357s] -- Check for working C compiler: /usr/bin/cc - skipped
[0.357s] -- Detecting C compile features
[0.359s] -- Detecting C compile features - done
[0.376s] -- Detecting CXX compiler ABI info
[0.541s] -- Detecting CXX compiler ABI info - done
[0.556s] -- Check for working CXX compiler: /usr/bin/c++ - skipped
[0.556s] -- Detecting CXX compile features
[0.557s] -- Detecting CXX compile features - done
[0.560s] -- Found ament_cmake: 2.5.2 (/opt/ros/jazzy/share/ament_cmake/cmake)
[0.768s] -- Found Python3: /usr/bin/python3 (found version "3.12.3") found components: Interpreter 
[0.902s] -- Found rclpy: 7.1.2 (/opt/ros/jazzy/share/rclpy/cmake)
[0.904s] -- Found rosidl_default_generators: 1.6.0 (/opt/ros/jazzy/share/rosidl_default_generators/cmake)
[0.911s] -- Using all available rosidl_typesupport_c: rosidl_typesupport_fastrtps_c;rosidl_typesupport_introspection_c
[0.972s] -- Using all available rosidl_typesupport_cpp: rosidl_typesupport_fastrtps_cpp;rosidl_typesupport_introspection_cpp
[1.021s] -- Found rosidl_adapter: 4.6.4 (/opt/ros/jazzy/share/rosidl_adapter/cmake)
[1.025s] -- Found std_msgs: 5.3.5 (/opt/ros/jazzy/share/std_msgs/cmake)
[2.125s] -- Found ament_cmake_ros: 0.12.0 (/opt/ros/jazzy/share/ament_cmake_ros/cmake)
[2.792s] -- Using all available rosidl_typesupport_c: rosidl_typesupport_fastrtps_c;rosidl_typesupport_introspection_c
[3.668s] -- Using all available rosidl_typesupport_cpp: rosidl_typesupport_fastrtps_cpp;rosidl_typesupport_introspection_cpp
[3.671s] -- Found python_cmake_module: 0.11.1 (/opt/ros/jazzy/share/python_cmake_module/cmake)
[3.864s] -- Found PythonExtra: /usr/bin/python3  
[4.462s] -- Found Python3: /usr/bin/python3 (found version "3.12.3") found components: Interpreter Development NumPy Development.Module Development.Embed 
[4.524s] -- Found ament_lint_auto: 0.17.1 (/opt/ros/jazzy/share/ament_lint_auto/cmake)
[4.545s] -- Added test 'flake8' to check Python code syntax and style conventions
[4.545s] -- Configured 'flake8' exclude dirs and/or files: 
[4.546s] -- Added test 'lint_cmake' to check CMake code style
[4.547s] -- Added test 'pep257' to check Python code against some of the docstring style conventions in PEP 257
[4.549s] -- Added test 'xmllint' to check XML markup files
[4.552s] -- Configuring done (4.5s)
[4.600s] -- Generating done (0.0s)
[4.604s] -- Build files have been written to: /home/altair/Documents/ALTAIR-vision/build/ball_detector
[4.616s] Invoked command in '/home/altair/Documents/ALTAIR-vision/build/ball_detector' returned '0': CMAKE_PREFIX_PATH=${CMAKE_PREFIX_PATH}:/opt/ros/jazzy DEBUGINFOD_URLS=https://debuginfod.ubuntu.com /usr/bin/cmake /home/altair/Documents/ALTAIR-vision/src/ball_detector -DCMAKE_INSTALL_PREFIX=/home/altair/Documents/ALTAIR-vision/install/ball_detector
[4.619s] Invoking command in '/home/altair/Documents/ALTAIR-vision/build/ball_detector': CMAKE_PREFIX_PATH=${CMAKE_PREFIX_PATH}:/opt/ros/jazzy DEBUGINFOD_URLS=https://debuginfod.ubuntu.com /usr/bin/cmake --build /home/altair/Documents/ALTAIR-vision/build/ball_detector -- -j16 -l16
[4.693s] [  2%] [34m[1mGenerating type hashes for ROS interfaces[0m
[4.703s] [  2%] Built target ament_cmake_python_copy_ball_detector
[5.009s] [  2%] Built target ball_detector__rosidl_generator_type_description
[5.026s] [  5%] [34m[1mGenerating C code for ROS interfaces[0m
[5.048s] [  8%] [34m[1mGenerating C++ code for ROS interfaces[0m
[5.056s] running egg_info
[5.057s] creating ball_detector.egg-info
[5.090s] writing ball_detector.egg-info/PKG-INFO
[5.090s] writing dependency_links to ball_detector.egg-info/dependency_links.txt
[5.091s] writing top-level names to ball_detector.egg-info/top_level.txt
[5.091s] writing manifest file 'ball_detector.egg-info/SOURCES.txt'
[5.184s] reading manifest file 'ball_detector.egg-info/SOURCES.txt'
[5.185s] writing manifest file 'ball_detector.egg-info/SOURCES.txt'
[5.235s] [  8%] Built target ament_cmake_python_build_ball_detector_egg
[5.428s] [  8%] Built target ball_detector__cpp
[5.460s] [ 11%] [32mBuilding C object CMakeFiles/ball_detector__rosidl_generator_c.dir/rosidl_generator_c/ball_detector/msg/detail/ball_distance__type_support.c.o[0m
[5.462s] [ 14%] [32mBuilding C object CMakeFiles/ball_detector__rosidl_generator_c.dir/rosidl_generator_c/ball_detector/msg/detail/ball_distance__description.c.o[0m
[5.462s] [ 17%] [32mBuilding C object CMakeFiles/ball_detector__rosidl_generator_c.dir/rosidl_generator_c/ball_detector/msg/detail/ball_distance__functions.c.o[0m
[5.551s] [ 20%] [32m[1mLinking C shared library libball_detector__rosidl_generator_c.so[0m
[5.612s] [ 20%] Built target ball_detector__rosidl_generator_c
[5.629s] [ 23%] [34m[1mGenerating C type support for eProsima Fast-RTPS[0m
[5.630s] [ 26%] [34m[1mGenerating C type support dispatch for ROS interfaces[0m
[5.630s] [ 29%] [34m[1mGenerating C++ introspection for ROS interfaces[0m
[5.630s] [ 32%] [34m[1mGenerating C introspection for ROS interfaces[0m
[5.631s] [ 35%] [34m[1mGenerating C++ type support dispatch for ROS interfaces[0m
[5.634s] [ 38%] [34m[1mGenerating C++ type support for eProsima Fast-RTPS[0m
[6.060s] [ 41%] [32mBuilding CXX object CMakeFiles/ball_detector__rosidl_typesupport_cpp.dir/rosidl_typesupport_cpp/ball_detector/msg/ball_distance__type_support.cpp.o[0m
[6.062s] [ 44%] [32mBuilding CXX object CMakeFiles/ball_detector__rosidl_typesupport_c.dir/rosidl_typesupport_c/ball_detector/msg/ball_distance__type_support.cpp.o[0m
[6.080s] [ 47%] [32mBuilding CXX object CMakeFiles/ball_detector__rosidl_typesupport_introspection_cpp.dir/rosidl_typesupport_introspection_cpp/ball_detector/msg/detail/ball_distance__type_support.cpp.o[0m
[6.097s] [ 50%] [32mBuilding C object CMakeFiles/ball_detector__rosidl_typesupport_introspection_c.dir/rosidl_typesupport_introspection_c/ball_detector/msg/detail/ball_distance__type_support.c.o[0m
[6.117s] [ 52%] [32mBuilding CXX object CMakeFiles/ball_detector__rosidl_typesupport_fastrtps_cpp.dir/rosidl_typesupport_fastrtps_cpp/ball_detector/msg/detail/dds_fastrtps/ball_distance__type_support.cpp.o[0m
[6.143s] [ 55%] [32mBuilding CXX object CMakeFiles/ball_detector__rosidl_typesupport_fastrtps_c.dir/rosidl_typesupport_fastrtps_c/ball_detector/msg/detail/ball_distance__type_support_c.cpp.o[0m
[6.155s] [ 58%] [32m[1mLinking CXX shared library libball_detector__rosidl_typesupport_c.so[0m
[6.173s] [ 61%] [32m[1mLinking C shared library libball_detector__rosidl_typesupport_introspection_c.so[0m
[6.236s] [ 61%] Built target ball_detector__rosidl_typesupport_c
[6.241s] [ 61%] Built target ball_detector__rosidl_typesupport_introspection_c
[6.666s] [ 64%] [32m[1mLinking CXX shared library libball_detector__rosidl_typesupport_cpp.so[0m
[6.677s] [ 67%] [32m[1mLinking CXX shared library libball_detector__rosidl_typesupport_introspection_cpp.so[0m
[6.742s] [ 67%] Built target ball_detector__rosidl_typesupport_cpp
[6.750s] [ 67%] Built target ball_detector__rosidl_typesupport_introspection_cpp
[6.981s] [ 70%] [32m[1mLinking CXX shared library libball_detector__rosidl_typesupport_fastrtps_c.so[0m
[6.993s] [ 73%] [32m[1mLinking CXX shared library libball_detector__rosidl_typesupport_fastrtps_cpp.so[0m
[7.063s] [ 73%] Built target ball_detector__rosidl_typesupport_fastrtps_c
[7.078s] [ 73%] Built target ball_detector__rosidl_typesupport_fastrtps_cpp
[7.108s] [ 73%] Built target ball_detector
[7.138s] [ 76%] [34m[1mGenerating Python code for ROS interfaces[0m
[7.467s] [ 76%] Built target ball_detector__py
[7.496s] [ 79%] [32mBuilding C object CMakeFiles/ball_detector__rosidl_generator_py.dir/rosidl_generator_py/ball_detector/msg/_ball_distance_s.c.o[0m
[7.671s] [ 82%] [32m[1mLinking C shared library libball_detector__rosidl_generator_py.so[0m
[7.731s] [ 82%] Built target ball_detector__rosidl_generator_py
[7.764s] [ 85%] [32mBuilding C object CMakeFiles/ball_detector_s__rosidl_typesupport_fastrtps_c.dir/rosidl_generator_py/ball_detector/_ball_detector_s.ep.rosidl_typesupport_fastrtps_c.c.o[0m
[7.769s] [ 88%] [32mBuilding C object CMakeFiles/ball_detector_s__rosidl_typesupport_c.dir/rosidl_generator_py/ball_detector/_ball_detector_s.ep.rosidl_typesupport_c.c.o[0m
[7.769s] [ 91%] [32mBuilding C object CMakeFiles/ball_detector_s__rosidl_typesupport_introspection_c.dir/rosidl_generator_py/ball_detector/_ball_detector_s.ep.rosidl_typesupport_introspection_c.c.o[0m
[7.953s] [ 94%] [32m[1mLinking C shared module rosidl_generator_py/ball_detector/ball_detector_s__rosidl_typesupport_c.so[0m
[7.955s] [ 97%] [32m[1mLinking C shared module rosidl_generator_py/ball_detector/ball_detector_s__rosidl_typesupport_introspection_c.so[0m
[7.958s] [100%] [32m[1mLinking C shared module rosidl_generator_py/ball_detector/ball_detector_s__rosidl_typesupport_fastrtps_c.so[0m
[8.006s] [100%] Built target ball_detector_s__rosidl_typesupport_c
[8.015s] [100%] Built target ball_detector_s__rosidl_typesupport_introspection_c
[8.017s] [100%] Built target ball_detector_s__rosidl_typesupport_fastrtps_c
[8.036s] Invoked command in '/home/altair/Documents/ALTAIR-vision/build/ball_detector' returned '0': CMAKE_PREFIX_PATH=${CMAKE_PREFIX_PATH}:/opt/ros/jazzy DEBUGINFOD_URLS=https://debuginfod.ubuntu.com /usr/bin/cmake --build /home/altair/Documents/ALTAIR-vision/build/ball_detector -- -j16 -l16
[8.149s] Invoking command in '/home/altair/Documents/ALTAIR-vision/build/ball_detector': CMAKE_PREFIX_PATH=${CMAKE_PREFIX_PATH}:/opt/ros/jazzy DEBUGINFOD_URLS=https://debuginfod.ubuntu.com /usr/bin/cmake --install /home/altair/Documents/ALTAIR-vision/build/ball_detector
[8.165s] -- Install configuration: ""
[8.166s] -- Installing: /home/altair/Documents/ALTAIR-vision/install/ball_detector/share/ament_index/resource_index/rosidl_interfaces/ball_detector
[8.166s] -- Installing: /home/altair/Documents/ALTAIR-vision/install/ball_detector/share/ball_detector/msg/BallDistance.json
[8.167s] -- Installing: /home/altair/Documents/ALTAIR-vision/install/ball_detector/include/ball_detector/ball_detector
[8.167s] -- Installing: /home/altair/Documents/ALTAIR-vision/install/ball_detector/include/ball_detector/ball_detector/msg
[8.168s] -- Installing: /home/altair/Documents/ALTAIR-vision/install/ball_detector/include/ball_detector/ball_detector/msg/detail
[8.168s] -- Installing: /home/altair/Documents/ALTAIR-vision/install/ball_detector/include/ball_detector/ball_detector/msg/detail/ball_distance__description.c
[8.169s] -- Installing: /home/altair/Documents/ALTAIR-vision/install/ball_detector/include/ball_detector/ball_detector/msg/detail/ball_distance__type_support.h
[8.169s] -- Installing: /home/altair/Documents/ALTAIR-vision/install/ball_detector/include/ball_detector/ball_detector/msg/detail/ball_distance__functions.c
[8.169s] -- Installing: /home/altair/Documents/ALTAIR-vision/install/ball_detector/include/ball_detector/ball_detector/msg/detail/ball_distance__type_support.c
[8.170s] -- Installing: /home/altair/Documents/ALTAIR-vision/install/ball_detector/include/ball_detector/ball_detector/msg/detail/ball_distance__struct.h
[8.170s] -- Installing: /home/altair/Documents/ALTAIR-vision/install/ball_detector/include/ball_detector/ball_detector/msg/detail/ball_distance__functions.h
[8.170s] -- Installing: /home/altair/Documents/ALTAIR-vision/install/ball_detector/include/ball_detector/ball_detector/msg/rosidl_generator_c__visibility_control.h
[8.171s] -- Installing: /home/altair/Documents/ALTAIR-vision/install/ball_detector/include/ball_detector/ball_detector/msg/ball_distance.h
[8.171s] -- Installing: /home/altair/Documents/ALTAIR-vision/install/ball_detector/share/ball_detector/environment/library_path.sh
[8.172s] -- Installing: /home/altair/Documents/ALTAIR-vision/install/ball_detector/share/ball_detector/environment/library_path.dsv
[8.172s] -- Installing: /home/altair/Documents/ALTAIR-vision/install/ball_detector/lib/libball_detector__rosidl_generator_c.so
[8.172s] -- Set non-toolchain portion of runtime path of "/home/altair/Documents/ALTAIR-vision/install/ball_detector/lib/libball_detector__rosidl_generator_c.so" to ""
[8.173s] -- Up-to-date: /home/altair/Documents/ALTAIR-vision/install/ball_detector/include/ball_detector/ball_detector
[8.173s] -- Up-to-date: /home/altair/Documents/ALTAIR-vision/install/ball_detector/include/ball_detector/ball_detector/msg
[8.173s] -- Up-to-date: /home/altair/Documents/ALTAIR-vision/install/ball_detector/include/ball_detector/ball_detector/msg/detail
[8.173s] -- Installing: /home/altair/Documents/ALTAIR-vision/install/ball_detector/include/ball_detector/ball_detector/msg/detail/ball_distance__rosidl_typesupport_fastrtps_c.h
[8.174s] -- Installing: /home/altair/Documents/ALTAIR-vision/install/ball_detector/include/ball_detector/ball_detector/msg/rosidl_typesupport_fastrtps_c__visibility_control.h
[8.174s] -- Installing: /home/altair/Documents/ALTAIR-vision/install/ball_detector/lib/libball_detector__rosidl_typesupport_fastrtps_c.so
[8.174s] -- Set non-toolchain portion of runtime path of "/home/altair/Documents/ALTAIR-vision/install/ball_detector/lib/libball_detector__rosidl_typesupport_fastrtps_c.so" to ""
[8.174s] -- Up-to-date: /home/altair/Documents/ALTAIR-vision/install/ball_detector/include/ball_detector/ball_detector
[8.175s] -- Up-to-date: /home/altair/Documents/ALTAIR-vision/install/ball_detector/include/ball_detector/ball_detector/msg
[8.175s] -- Up-to-date: /home/altair/Documents/ALTAIR-vision/install/ball_detector/include/ball_detector/ball_detector/msg/detail
[8.175s] -- Installing: /home/altair/Documents/ALTAIR-vision/install/ball_detector/include/ball_detector/ball_detector/msg/detail/ball_distance__rosidl_typesupport_introspection_c.h
[8.175s] -- Up-to-date: /home/altair/Documents/ALTAIR-vision/install/ball_detector/include/ball_detector/ball_detector/msg/detail/ball_distance__type_support.c
[8.175s] -- Installing: /home/altair/Documents/ALTAIR-vision/install/ball_detector/include/ball_detector/ball_detector/msg/rosidl_typesupport_introspection_c__visibility_control.h
[8.176s] -- Installing: /home/altair/Documents/ALTAIR-vision/install/ball_detector/lib/libball_detector__rosidl_typesupport_introspection_c.so
[8.176s] -- Set non-toolchain portion of runtime path of "/home/altair/Documents/ALTAIR-vision/install/ball_detector/lib/libball_detector__rosidl_typesupport_introspection_c.so" to ""
[8.176s] -- Installing: /home/altair/Documents/ALTAIR-vision/install/ball_detector/lib/libball_detector__rosidl_typesupport_c.so
[8.176s] -- Set non-toolchain portion of runtime path of "/home/altair/Documents/ALTAIR-vision/install/ball_detector/lib/libball_detector__rosidl_typesupport_c.so" to ""
[8.177s] -- Up-to-date: /home/altair/Documents/ALTAIR-vision/install/ball_detector/include/ball_detector/ball_detector
[8.177s] -- Up-to-date: /home/altair/Documents/ALTAIR-vision/install/ball_detector/include/ball_detector/ball_detector/msg
[8.177s] -- Up-to-date: /home/altair/Documents/ALTAIR-vision/install/ball_detector/include/ball_detector/ball_detector/msg/detail
[8.177s] -- Installing: /home/altair/Documents/ALTAIR-vision/install/ball_detector/include/ball_detector/ball_detector/msg/detail/ball_distance__traits.hpp
[8.177s] -- Installing: /home/altair/Documents/ALTAIR-vision/install/ball_detector/include/ball_detector/ball_detector/msg/detail/ball_distance__type_support.hpp
[8.178s] -- Installing: /home/altair/Documents/ALTAIR-vision/install/ball_detector/include/ball_detector/ball_detector/msg/detail/ball_distance__builder.hpp
[8.178s] -- Installing: /home/altair/Documents/ALTAIR-vision/install/ball_detector/include/ball_detector/ball_detector/msg/detail/ball_distance__struct.hpp
[8.178s] -- Installing: /home/altair/Documents/ALTAIR-vision/install/ball_detector/include/ball_detector/ball_detector/msg/ball_distance.hpp
[8.178s] -- Installing: /home/altair/Documents/ALTAIR-vision/install/ball_detector/include/ball_detector/ball_detector/msg/rosidl_generator_cpp__visibility_control.hpp
[8.179s] -- Up-to-date: /home/altair/Documents/ALTAIR-vision/install/ball_detector/include/ball_detector/ball_detector
[8.179s] -- Up-to-date: /home/altair/Documents/ALTAIR-vision/install/ball_detector/include/ball_detector/ball_detector/msg
[8.179s] -- Up-to-date: /home/altair/Documents/ALTAIR-vision/install/ball_detector/include/ball_detector/ball_detector/msg/detail
[8.179s] -- Installing: /home/altair/Documents/ALTAIR-vision/install/ball_detector/include/ball_detector/ball_detector/msg/detail/ball_distance__rosidl_typesupport_fastrtps_cpp.hpp
[8.179s] -- Installing: /home/altair/Documents/ALTAIR-vision/install/ball_detector/include/ball_detector/ball_detector/msg/detail/dds_fastrtps
[8.179s] -- Installing: /home/altair/Documents/ALTAIR-vision/install/ball_detector/include/ball_detector/ball_detector/msg/rosidl_typesupport_fastrtps_cpp__visibility_control.h
[8.179s] -- Installing: /home/altair/Documents/ALTAIR-vision/install/ball_detector/lib/libball_detector__rosidl_typesupport_fastrtps_cpp.so
[8.179s] -- Set non-toolchain portion of runtime path of "/home/altair/Documents/ALTAIR-vision/install/ball_detector/lib/libball_detector__rosidl_typesupport_fastrtps_cpp.so" to ""
[8.179s] -- Up-to-date: /home/altair/Documents/ALTAIR-vision/install/ball_detector/include/ball_detector/ball_detector
[8.180s] -- Up-to-date: /home/altair/Documents/ALTAIR-vision/install/ball_detector/include/ball_detector/ball_detector/msg
[8.180s] -- Up-to-date: /home/altair/Documents/ALTAIR-vision/install/ball_detector/include/ball_detector/ball_detector/msg/detail
[8.180s] -- Installing: /home/altair/Documents/ALTAIR-vision/install/ball_detector/include/ball_detector/ball_detector/msg/detail/ball_distance__type_support.cpp
[8.180s] -- Installing: /home/altair/Documents/ALTAIR-vision/install/ball_detector/include/ball_detector/ball_detector/msg/detail/ball_distance__rosidl_typesupport_introspection_cpp.hpp
[8.180s] -- Installing: /home/altair/Documents/ALTAIR-vision/install/ball_detector/lib/libball_detector__rosidl_typesupport_introspection_cpp.so
[8.180s] -- Set non-toolchain portion of runtime path of "/home/altair/Documents/ALTAIR-vision/install/ball_detector/lib/libball_detector__rosidl_typesupport_introspection_cpp.so" to ""
[8.180s] -- Installing: /home/altair/Documents/ALTAIR-vision/install/ball_detector/lib/libball_detector__rosidl_typesupport_cpp.so
[8.180s] -- Set non-toolchain portion of runtime path of "/home/altair/Documents/ALTAIR-vision/install/ball_detector/lib/libball_detector__rosidl_typesupport_cpp.so" to ""
[8.180s] -- Installing: /home/altair/Documents/ALTAIR-vision/install/ball_detector/share/ball_detector/environment/pythonpath.sh
[8.180s] -- Installing: /home/altair/Documents/ALTAIR-vision/install/ball_detector/share/ball_detector/environment/pythonpath.dsv
[8.181s] -- Installing: /home/altair/Documents/ALTAIR-vision/install/ball_detector/lib/python3.12/site-packages/ball_detector-0.0.0-py3.12.egg-info
[8.181s] -- Installing: /home/altair/Documents/ALTAIR-vision/install/ball_detector/lib/python3.12/site-packages/ball_detector-0.0.0-py3.12.egg-info/SOURCES.txt
[8.181s] -- Installing: /home/altair/Documents/ALTAIR-vision/install/ball_detector/lib/python3.12/site-packages/ball_detector-0.0.0-py3.12.egg-info/PKG-INFO
[8.181s] -- Installing: /home/altair/Documents/ALTAIR-vision/install/ball_detector/lib/python3.12/site-packages/ball_detector-0.0.0-py3.12.egg-info/top_level.txt
[8.181s] -- Installing: /home/altair/Documents/ALTAIR-vision/install/ball_detector/lib/python3.12/site-packages/ball_detector-0.0.0-py3.12.egg-info/dependency_links.txt
[8.181s] -- Installing: /home/altair/Documents/ALTAIR-vision/install/ball_detector/lib/python3.12/site-packages/ball_detector
[8.181s] -- Installing: /home/altair/Documents/ALTAIR-vision/install/ball_detector/lib/python3.12/site-packages/ball_detector/ball_detector_s__rosidl_typesupport_introspection_c.so
[8.181s] -- Installing: /home/altair/Documents/ALTAIR-vision/install/ball_detector/lib/python3.12/site-packages/ball_detector/_ball_detector_s.ep.rosidl_typesupport_fastrtps_c.c
[8.181s] -- Installing: /home/altair/Documents/ALTAIR-vision/install/ball_detector/lib/python3.12/site-packages/ball_detector/ball_detector_s__rosidl_typesupport_fastrtps_c.so
[8.181s] -- Installing: /home/altair/Documents/ALTAIR-vision/install/ball_detector/lib/python3.12/site-packages/ball_detector/_ball_detector_s.ep.rosidl_typesupport_introspection_c.c
[8.182s] -- Installing: /home/altair/Documents/ALTAIR-vision/install/ball_detector/lib/python3.12/site-packages/ball_detector/ball_detector_s__rosidl_typesupport_c.so
[8.182s] -- Installing: /home/altair/Documents/ALTAIR-vision/install/ball_detector/lib/python3.12/site-packages/ball_detector/msg
[8.182s] -- Installing: /home/altair/Documents/ALTAIR-vision/install/ball_detector/lib/python3.12/site-packages/ball_detector/msg/_ball_distance.py
[8.182s] -- Installing: /home/altair/Documents/ALTAIR-vision/install/ball_detector/lib/python3.12/site-packages/ball_detector/msg/_ball_distance_s.c
[8.182s] -- Installing: /home/altair/Documents/ALTAIR-vision/install/ball_detector/lib/python3.12/site-packages/ball_detector/msg/__init__.py
[8.182s] -- Installing: /home/altair/Documents/ALTAIR-vision/install/ball_detector/lib/python3.12/site-packages/ball_detector/_ball_detector_s.ep.rosidl_typesupport_c.c
[8.182s] -- Installing: /home/altair/Documents/ALTAIR-vision/install/ball_detector/lib/python3.12/site-packages/ball_detector/__init__.py
[8.248s] Listing '/home/altair/Documents/ALTAIR-vision/install/ball_detector/lib/python3.12/site-packages/ball_detector'...
[8.248s] Compiling '/home/altair/Documents/ALTAIR-vision/install/ball_detector/lib/python3.12/site-packages/ball_detector/__init__.py'...
[8.248s] Listing '/home/altair/Documents/ALTAIR-vision/install/ball_detector/lib/python3.12/site-packages/ball_detector/msg'...
[8.249s] Compiling '/home/altair/Documents/ALTAIR-vision/install/ball_detector/lib/python3.12/site-packages/ball_detector/msg/__init__.py'...
[8.249s] Compiling '/home/altair/Documents/ALTAIR-vision/install/ball_detector/lib/python3.12/site-packages/ball_detector/msg/_ball_distance.py'...
[8.257s] -- Installing: /home/altair/Documents/ALTAIR-vision/install/ball_detector/lib/python3.12/site-packages/ball_detector/ball_detector_s__rosidl_typesupport_fastrtps_c.so
[8.257s] -- Set non-toolchain portion of runtime path of "/home/altair/Documents/ALTAIR-vision/install/ball_detector/lib/python3.12/site-packages/ball_detector/ball_detector_s__rosidl_typesupport_fastrtps_c.so" to ""
[8.257s] -- Installing: /home/altair/Documents/ALTAIR-vision/install/ball_detector/lib/python3.12/site-packages/ball_detector/ball_detector_s__rosidl_typesupport_introspection_c.so
[8.257s] -- Set non-toolchain portion of runtime path of "/home/altair/Documents/ALTAIR-vision/install/ball_detector/lib/python3.12/site-packages/ball_detector/ball_detector_s__rosidl_typesupport_introspection_c.so" to ""
[8.258s] -- Installing: /home/altair/Documents/ALTAIR-vision/install/ball_detector/lib/python3.12/site-packages/ball_detector/ball_detector_s__rosidl_typesupport_c.so
[8.258s] -- Set non-toolchain portion of runtime path of "/home/altair/Documents/ALTAIR-vision/install/ball_detector/lib/python3.12/site-packages/ball_detector/ball_detector_s__rosidl_typesupport_c.so" to ""
[8.258s] -- Installing: /home/altair/Documents/ALTAIR-vision/install/ball_detector/lib/libball_detector__rosidl_generator_py.so
[8.258s] -- Set non-toolchain portion of runtime path of "/home/altair/Documents/ALTAIR-vision/install/ball_detector/lib/libball_detector__rosidl_generator_py.so" to ""
[8.258s] -- Installing: /home/altair/Documents/ALTAIR-vision/install/ball_detector/share/ball_detector/msg/BallDistance.idl
[8.258s] -- Installing: /home/altair/Documents/ALTAIR-vision/install/ball_detector/share/ball_detector/msg/BallDistance.msg
[8.259s] -- Installing: /home/altair/Documents/ALTAIR-vision/install/ball_detector/share/ament_index/resource_index/package_run_dependencies/ball_detector
[8.259s] -- Installing: /home/altair/Documents/ALTAIR-vision/install/ball_detector/share/ament_index/resource_index/parent_prefix_path/ball_detector
[8.259s] -- Installing: /home/altair/Documents/ALTAIR-vision/install/ball_detector/share/ball_detector/environment/ament_prefix_path.sh
[8.259s] -- Installing: /home/altair/Documents/ALTAIR-vision/install/ball_detector/share/ball_detector/environment/ament_prefix_path.dsv
[8.259s] -- Installing: /home/altair/Documents/ALTAIR-vision/install/ball_detector/share/ball_detector/environment/path.sh
[8.259s] -- Installing: /home/altair/Documents/ALTAIR-vision/install/ball_detector/share/ball_detector/environment/path.dsv
[8.259s] -- Installing: /home/altair/Documents/ALTAIR-vision/install/ball_detector/share/ball_detector/local_setup.bash
[8.259s] -- Installing: /home/altair/Documents/ALTAIR-vision/install/ball_detector/share/ball_detector/local_setup.sh
[8.259s] -- Installing: /home/altair/Documents/ALTAIR-vision/install/ball_detector/share/ball_detector/local_setup.zsh
[8.259s] -- Installing: /home/altair/Documents/ALTAIR-vision/install/ball_detector/share/ball_detector/local_setup.dsv
[8.260s] -- Installing: /home/altair/Documents/ALTAIR-vision/install/ball_detector/share/ball_detector/package.dsv
[8.260s] -- Installing: /home/altair/Documents/ALTAIR-vision/install/ball_detector/share/ament_index/resource_index/packages/ball_detector
[8.260s] -- Installing: /home/altair/Documents/ALTAIR-vision/install/ball_detector/share/ball_detector/cmake/export_ball_detector__rosidl_generator_cExport.cmake
[8.260s] -- Installing: /home/altair/Documents/ALTAIR-vision/install/ball_detector/share/ball_detector/cmake/export_ball_detector__rosidl_generator_cExport-noconfig.cmake
[8.260s] -- Installing: /home/altair/Documents/ALTAIR-vision/install/ball_detector/share/ball_detector/cmake/export_ball_detector__rosidl_typesupport_fastrtps_cExport.cmake
[8.260s] -- Installing: /home/altair/Documents/ALTAIR-vision/install/ball_detector/share/ball_detector/cmake/export_ball_detector__rosidl_typesupport_fastrtps_cExport-noconfig.cmake
[8.260s] -- Installing: /home/altair/Documents/ALTAIR-vision/install/ball_detector/share/ball_detector/cmake/ball_detector__rosidl_typesupport_introspection_cExport.cmake
[8.260s] -- Installing: /home/altair/Documents/ALTAIR-vision/install/ball_detector/share/ball_detector/cmake/ball_detector__rosidl_typesupport_introspection_cExport-noconfig.cmake
[8.260s] -- Installing: /home/altair/Documents/ALTAIR-vision/install/ball_detector/share/ball_detector/cmake/ball_detector__rosidl_typesupport_cExport.cmake
[8.260s] -- Installing: /home/altair/Documents/ALTAIR-vision/install/ball_detector/share/ball_detector/cmake/ball_detector__rosidl_typesupport_cExport-noconfig.cmake
[8.261s] -- Installing: /home/altair/Documents/ALTAIR-vision/install/ball_detector/share/ball_detector/cmake/export_ball_detector__rosidl_generator_cppExport.cmake
[8.261s] -- Installing: /home/altair/Documents/ALTAIR-vision/install/ball_detector/share/ball_detector/cmake/export_ball_detector__rosidl_typesupport_fastrtps_cppExport.cmake
[8.261s] -- Installing: /home/altair/Documents/ALTAIR-vision/install/ball_detector/share/ball_detector/cmake/export_ball_detector__rosidl_typesupport_fastrtps_cppExport-noconfig.cmake
[8.261s] -- Installing: /home/altair/Documents/ALTAIR-vision/install/ball_detector/share/ball_detector/cmake/ball_detector__rosidl_typesupport_introspection_cppExport.cmake
[8.261s] -- Installing: /home/altair/Documents/ALTAIR-vision/install/ball_detector/share/ball_detector/cmake/ball_detector__rosidl_typesupport_introspection_cppExport-noconfig.cmake
[8.261s] -- Installing: /home/altair/Documents/ALTAIR-vision/install/ball_detector/share/ball_detector/cmake/ball_detector__rosidl_typesupport_cppExport.cmake
[8.261s] -- Installing: /home/altair/Documents/ALTAIR-vision/install/ball_detector/share/ball_detector/cmake/ball_detector__rosidl_typesupport_cppExport-noconfig.cmake
[8.261s] -- Installing: /home/altair/Documents/ALTAIR-vision/install/ball_detector/share/ball_detector/cmake/export_ball_detector__rosidl_generator_pyExport.cmake
[8.261s] -- Installing: /home/altair/Documents/ALTAIR-vision/install/ball_detector/share/ball_detector/cmake/export_ball_detector__rosidl_generator_pyExport-noconfig.cmake
[8.262s] -- Installing: /home/altair/Documents/ALTAIR-vision/install/ball_detector/share/ball_detector/cmake/rosidl_cmake-extras.cmake
[8.262s] -- Installing: /home/altair/Documents/ALTAIR-vision/install/ball_detector/share/ball_detector/cmake/ament_cmake_export_dependencies-extras.cmake
[8.262s] -- Installing: /home/altair/Documents/ALTAIR-vision/install/ball_detector/share/ball_detector/cmake/ament_cmake_export_include_directories-extras.cmake
[8.262s] -- Installing: /home/altair/Documents/ALTAIR-vision/install/ball_detector/share/ball_detector/cmake/ament_cmake_export_libraries-extras.cmake
[8.262s] -- Installing: /home/altair/Documents/ALTAIR-vision/install/ball_detector/share/ball_detector/cmake/ament_cmake_export_targets-extras.cmake
[8.262s] -- Installing: /home/altair/Documents/ALTAIR-vision/install/ball_detector/share/ball_detector/cmake/rosidl_cmake_export_typesupport_targets-extras.cmake
[8.262s] -- Installing: /home/altair/Documents/ALTAIR-vision/install/ball_detector/share/ball_detector/cmake/rosidl_cmake_export_typesupport_libraries-extras.cmake
[8.262s] -- Installing: /home/altair/Documents/ALTAIR-vision/install/ball_detector/share/ball_detector/cmake/ball_detectorConfig.cmake
[8.262s] -- Installing: /home/altair/Documents/ALTAIR-vision/install/ball_detector/share/ball_detector/cmake/ball_detectorConfig-version.cmake
[8.262s] -- Installing: /home/altair/Documents/ALTAIR-vision/install/ball_detector/share/ball_detector/package.xml
[8.265s] Invoked command in '/home/altair/Documents/ALTAIR-vision/build/ball_detector' returned '0': CMAKE_PREFIX_PATH=${CMAKE_PREFIX_PATH}:/opt/ros/jazzy DEBUGINFOD_URLS=https://debuginfod.ubuntu.com /usr/bin/cmake --install /home/altair/Documents/ALTAIR-vision/build/ball_detector
