[  2%] Built target ball_detect__rosidl_generator_type_description
[  2%] Built target ament_cmake_python_copy_ball_detect
[  5%] Built target ball_detect__cpp
[ 18%] Built target ball_detect__rosidl_generator_c
[ 27%] Built target ball_detect__rosidl_typesupport_introspection_c
[ 35%] Built target ball_detect__rosidl_typesupport_c
[ 43%] Built target ball_detect__rosidl_typesupport_cpp
[ 51%] Built target ball_detect__rosidl_typesupport_fastrtps_c
[ 59%] Built target ball_detect__rosidl_typesupport_fastrtps_cpp
[ 67%] Built target ball_detect__rosidl_typesupport_introspection_cpp
[ 67%] Built target ball_detect
[ 70%] [32mBuilding CXX object CMakeFiles/ball_det.dir/src/ball_detect.cpp.o[0m
[ 72%] Built target ball_detect__py
[ 78%] Built target ball_detect__rosidl_generator_py
[ 83%] Built target ball_detect_s__rosidl_typesupport_fastrtps_c
[ 89%] Built target ball_detect_s__rosidl_typesupport_introspection_c
[ 94%] Built target ball_detect_s__rosidl_typesupport_c
running egg_info
writing ball_detect.egg-info/PKG-INFO
writing dependency_links to ball_detect.egg-info/dependency_links.txt
writing top-level names to ball_detect.egg-info/top_level.txt
reading manifest file 'ball_detect.egg-info/SOURCES.txt'
writing manifest file 'ball_detect.egg-info/SOURCES.txt'
[ 94%] Built target ament_cmake_python_build_ball_detect_egg
