[0.100s] DEBUG:colcon:Command line arguments: ['/usr/bin/colcon', 'build']
[0.100s] DEBUG:colcon:Parsed command line arguments: Namespace(log_base=None, log_level=None, verb_name='build', build_base='build', install_base='install', merge_install=False, symlink_install=False, test_result_base=None, continue_on_error=False, executor='parallel', parallel_workers=16, event_handlers=None, ignore_user_meta=False, metas=['./colcon.meta'], base_paths=['.'], packages_ignore=None, packages_ignore_regex=None, paths=None, packages_up_to=None, packages_up_to_regex=None, packages_above=None, packages_above_and_dependencies=None, packages_above_depth=None, packages_select_by_dep=None, packages_skip_by_dep=None, packages_skip_up_to=None, packages_select_build_failed=False, packages_skip_build_finished=False, packages_select_test_failures=False, packages_skip_test_passed=False, packages_select=None, packages_skip=None, packages_select_regex=None, packages_skip_regex=None, packages_start=None, packages_end=None, allow_overriding=[], cmake_args=None, cmake_target=None, cmake_target_skip_unavailable=False, cmake_clean_cache=False, cmake_clean_first=False, cmake_force_configure=False, ament_cmake_args=None, catkin_cmake_args=None, catkin_skip_building_tests=False, verb_parser=<colcon_defaults.argument_parser.defaults.DefaultArgumentsDecorator object at 0x74d8814710a0>, verb_extension=<colcon_core.verb.build.BuildVerb object at 0x74d881470830>, main=<bound method BuildVerb.main of <colcon_core.verb.build.BuildVerb object at 0x74d881470830>>)
[0.139s] Level 1:colcon.colcon_core.package_discovery:discover_packages(colcon_meta) check parameters
[0.140s] Level 1:colcon.colcon_core.package_discovery:discover_packages(recursive) check parameters
[0.140s] Level 1:colcon.colcon_core.package_discovery:discover_packages(ignore) check parameters
[0.140s] Level 1:colcon.colcon_core.package_discovery:discover_packages(path) check parameters
[0.140s] Level 1:colcon.colcon_core.package_discovery:discover_packages(colcon_meta) discover
[0.140s] Level 1:colcon.colcon_core.package_discovery:discover_packages(recursive) discover
[0.140s] INFO:colcon.colcon_core.package_discovery:Crawling recursively for packages in '/home/abyan/Documents/ALTAIR-vision'
[0.140s] Level 1:colcon.colcon_core.package_identification:_identify(.) by extensions ['ignore', 'ignore_ament_install']
[0.140s] Level 1:colcon.colcon_core.package_identification:_identify(.) by extension 'ignore'
[0.140s] Level 1:colcon.colcon_core.package_identification:_identify(.) by extension 'ignore_ament_install'
[0.140s] Level 1:colcon.colcon_core.package_identification:_identify(.) by extensions ['colcon_pkg']
[0.140s] Level 1:colcon.colcon_core.package_identification:_identify(.) by extension 'colcon_pkg'
[0.140s] Level 1:colcon.colcon_core.package_identification:_identify(.) by extensions ['colcon_meta']
[0.140s] Level 1:colcon.colcon_core.package_identification:_identify(.) by extension 'colcon_meta'
[0.140s] Level 1:colcon.colcon_core.package_identification:_identify(.) by extensions ['ros']
[0.140s] Level 1:colcon.colcon_core.package_identification:_identify(.) by extension 'ros'
[0.168s] Level 1:colcon.colcon_core.package_identification:_identify(.) by extensions ['cmake', 'python']
[0.168s] Level 1:colcon.colcon_core.package_identification:_identify(.) by extension 'cmake'
[0.168s] Level 1:colcon.colcon_core.package_identification:_identify(.) by extension 'python'
[0.168s] Level 1:colcon.colcon_core.package_identification:_identify(.) by extensions ['python_setup_py']
[0.168s] Level 1:colcon.colcon_core.package_identification:_identify(.) by extension 'python_setup_py'
[0.168s] Level 1:colcon.colcon_core.package_identification:_identify(build) by extensions ['ignore', 'ignore_ament_install']
[0.168s] Level 1:colcon.colcon_core.package_identification:_identify(build) by extension 'ignore'
[0.168s] Level 1:colcon.colcon_core.package_identification:_identify(build) ignored
[0.168s] Level 1:colcon.colcon_core.package_identification:_identify(install) by extensions ['ignore', 'ignore_ament_install']
[0.168s] Level 1:colcon.colcon_core.package_identification:_identify(install) by extension 'ignore'
[0.168s] Level 1:colcon.colcon_core.package_identification:_identify(install) ignored
[0.169s] Level 1:colcon.colcon_core.package_identification:_identify(log) by extensions ['ignore', 'ignore_ament_install']
[0.169s] Level 1:colcon.colcon_core.package_identification:_identify(log) by extension 'ignore'
[0.169s] Level 1:colcon.colcon_core.package_identification:_identify(log) ignored
[0.169s] Level 1:colcon.colcon_core.package_identification:_identify(src) by extensions ['ignore', 'ignore_ament_install']
[0.169s] Level 1:colcon.colcon_core.package_identification:_identify(src) by extension 'ignore'
[0.169s] Level 1:colcon.colcon_core.package_identification:_identify(src) by extension 'ignore_ament_install'
[0.169s] Level 1:colcon.colcon_core.package_identification:_identify(src) by extensions ['colcon_pkg']
[0.169s] Level 1:colcon.colcon_core.package_identification:_identify(src) by extension 'colcon_pkg'
[0.169s] Level 1:colcon.colcon_core.package_identification:_identify(src) by extensions ['colcon_meta']
[0.169s] Level 1:colcon.colcon_core.package_identification:_identify(src) by extension 'colcon_meta'
[0.169s] Level 1:colcon.colcon_core.package_identification:_identify(src) by extensions ['ros']
[0.169s] Level 1:colcon.colcon_core.package_identification:_identify(src) by extension 'ros'
[0.169s] Level 1:colcon.colcon_core.package_identification:_identify(src) by extensions ['cmake', 'python']
[0.169s] Level 1:colcon.colcon_core.package_identification:_identify(src) by extension 'cmake'
[0.169s] Level 1:colcon.colcon_core.package_identification:_identify(src) by extension 'python'
[0.169s] Level 1:colcon.colcon_core.package_identification:_identify(src) by extensions ['python_setup_py']
[0.169s] Level 1:colcon.colcon_core.package_identification:_identify(src) by extension 'python_setup_py'
[0.169s] Level 1:colcon.colcon_core.package_identification:_identify(src/ball_detector) by extensions ['ignore', 'ignore_ament_install']
[0.169s] Level 1:colcon.colcon_core.package_identification:_identify(src/ball_detector) by extension 'ignore'
[0.169s] Level 1:colcon.colcon_core.package_identification:_identify(src/ball_detector) by extension 'ignore_ament_install'
[0.169s] Level 1:colcon.colcon_core.package_identification:_identify(src/ball_detector) by extensions ['colcon_pkg']
[0.169s] Level 1:colcon.colcon_core.package_identification:_identify(src/ball_detector) by extension 'colcon_pkg'
[0.170s] Level 1:colcon.colcon_core.package_identification:_identify(src/ball_detector) by extensions ['colcon_meta']
[0.170s] Level 1:colcon.colcon_core.package_identification:_identify(src/ball_detector) by extension 'colcon_meta'
[0.170s] Level 1:colcon.colcon_core.package_identification:_identify(src/ball_detector) by extensions ['ros']
[0.170s] Level 1:colcon.colcon_core.package_identification:_identify(src/ball_detector) by extension 'ros'
[0.172s] DEBUG:colcon.colcon_core.package_identification:Package 'src/ball_detector' with type 'ros.ament_python' and name 'ball_detector'
[0.172s] Level 1:colcon.colcon_core.package_identification:_identify(src/sample_program) by extensions ['ignore', 'ignore_ament_install']
[0.172s] Level 1:colcon.colcon_core.package_identification:_identify(src/sample_program) by extension 'ignore'
[0.173s] Level 1:colcon.colcon_core.package_identification:_identify(src/sample_program) by extension 'ignore_ament_install'
[0.173s] Level 1:colcon.colcon_core.package_identification:_identify(src/sample_program) by extensions ['colcon_pkg']
[0.173s] Level 1:colcon.colcon_core.package_identification:_identify(src/sample_program) by extension 'colcon_pkg'
[0.173s] Level 1:colcon.colcon_core.package_identification:_identify(src/sample_program) by extensions ['colcon_meta']
[0.173s] Level 1:colcon.colcon_core.package_identification:_identify(src/sample_program) by extension 'colcon_meta'
[0.173s] Level 1:colcon.colcon_core.package_identification:_identify(src/sample_program) by extensions ['ros']
[0.173s] Level 1:colcon.colcon_core.package_identification:_identify(src/sample_program) by extension 'ros'
[0.173s] Level 1:colcon.colcon_core.package_identification:_identify(src/sample_program) by extensions ['cmake', 'python']
[0.173s] Level 1:colcon.colcon_core.package_identification:_identify(src/sample_program) by extension 'cmake'
[0.173s] Level 1:colcon.colcon_core.package_identification:_identify(src/sample_program) by extension 'python'
[0.173s] Level 1:colcon.colcon_core.package_identification:_identify(src/sample_program) by extensions ['python_setup_py']
[0.173s] Level 1:colcon.colcon_core.package_identification:_identify(src/sample_program) by extension 'python_setup_py'
[0.173s] Level 1:colcon.colcon_core.package_identification:_identify(src/sample_program/Ball_det_cpp) by extensions ['ignore', 'ignore_ament_install']
[0.173s] Level 1:colcon.colcon_core.package_identification:_identify(src/sample_program/Ball_det_cpp) by extension 'ignore'
[0.173s] Level 1:colcon.colcon_core.package_identification:_identify(src/sample_program/Ball_det_cpp) by extension 'ignore_ament_install'
[0.173s] Level 1:colcon.colcon_core.package_identification:_identify(src/sample_program/Ball_det_cpp) by extensions ['colcon_pkg']
[0.173s] Level 1:colcon.colcon_core.package_identification:_identify(src/sample_program/Ball_det_cpp) by extension 'colcon_pkg'
[0.173s] Level 1:colcon.colcon_core.package_identification:_identify(src/sample_program/Ball_det_cpp) by extensions ['colcon_meta']
[0.173s] Level 1:colcon.colcon_core.package_identification:_identify(src/sample_program/Ball_det_cpp) by extension 'colcon_meta'
[0.173s] Level 1:colcon.colcon_core.package_identification:_identify(src/sample_program/Ball_det_cpp) by extensions ['ros']
[0.173s] Level 1:colcon.colcon_core.package_identification:_identify(src/sample_program/Ball_det_cpp) by extension 'ros'
[0.173s] Level 1:colcon.colcon_core.package_identification:_identify(src/sample_program/Ball_det_cpp) by extensions ['cmake', 'python']
[0.173s] Level 1:colcon.colcon_core.package_identification:_identify(src/sample_program/Ball_det_cpp) by extension 'cmake'
[0.173s] Level 1:colcon.colcon_core.package_identification:_identify(src/sample_program/Ball_det_cpp) by extension 'python'
[0.173s] Level 1:colcon.colcon_core.package_identification:_identify(src/sample_program/Ball_det_cpp) by extensions ['python_setup_py']
[0.174s] Level 1:colcon.colcon_core.package_identification:_identify(src/sample_program/Ball_det_cpp) by extension 'python_setup_py'
[0.174s] Level 1:colcon.colcon_core.package_identification:_identify(src/sample_program/FieldDetBy) by extensions ['ignore', 'ignore_ament_install']
[0.174s] Level 1:colcon.colcon_core.package_identification:_identify(src/sample_program/FieldDetBy) by extension 'ignore'
[0.174s] Level 1:colcon.colcon_core.package_identification:_identify(src/sample_program/FieldDetBy) by extension 'ignore_ament_install'
[0.174s] Level 1:colcon.colcon_core.package_identification:_identify(src/sample_program/FieldDetBy) by extensions ['colcon_pkg']
[0.174s] Level 1:colcon.colcon_core.package_identification:_identify(src/sample_program/FieldDetBy) by extension 'colcon_pkg'
[0.174s] Level 1:colcon.colcon_core.package_identification:_identify(src/sample_program/FieldDetBy) by extensions ['colcon_meta']
[0.174s] Level 1:colcon.colcon_core.package_identification:_identify(src/sample_program/FieldDetBy) by extension 'colcon_meta'
[0.174s] Level 1:colcon.colcon_core.package_identification:_identify(src/sample_program/FieldDetBy) by extensions ['ros']
[0.174s] Level 1:colcon.colcon_core.package_identification:_identify(src/sample_program/FieldDetBy) by extension 'ros'
[0.174s] Level 1:colcon.colcon_core.package_identification:_identify(src/sample_program/FieldDetBy) by extensions ['cmake', 'python']
[0.174s] Level 1:colcon.colcon_core.package_identification:_identify(src/sample_program/FieldDetBy) by extension 'cmake'
[0.174s] Level 1:colcon.colcon_core.package_identification:_identify(src/sample_program/FieldDetBy) by extension 'python'
[0.174s] Level 1:colcon.colcon_core.package_identification:_identify(src/sample_program/FieldDetBy) by extensions ['python_setup_py']
[0.174s] Level 1:colcon.colcon_core.package_identification:_identify(src/sample_program/FieldDetBy) by extension 'python_setup_py'
[0.174s] Level 1:colcon.colcon_core.package_identification:_identify(src/sample_program/forFieldDet) by extensions ['ignore', 'ignore_ament_install']
[0.174s] Level 1:colcon.colcon_core.package_identification:_identify(src/sample_program/forFieldDet) by extension 'ignore'
[0.174s] Level 1:colcon.colcon_core.package_identification:_identify(src/sample_program/forFieldDet) by extension 'ignore_ament_install'
[0.174s] Level 1:colcon.colcon_core.package_identification:_identify(src/sample_program/forFieldDet) by extensions ['colcon_pkg']
[0.174s] Level 1:colcon.colcon_core.package_identification:_identify(src/sample_program/forFieldDet) by extension 'colcon_pkg'
[0.174s] Level 1:colcon.colcon_core.package_identification:_identify(src/sample_program/forFieldDet) by extensions ['colcon_meta']
[0.174s] Level 1:colcon.colcon_core.package_identification:_identify(src/sample_program/forFieldDet) by extension 'colcon_meta'
[0.174s] Level 1:colcon.colcon_core.package_identification:_identify(src/sample_program/forFieldDet) by extensions ['ros']
[0.174s] Level 1:colcon.colcon_core.package_identification:_identify(src/sample_program/forFieldDet) by extension 'ros'
[0.175s] Level 1:colcon.colcon_core.package_identification:_identify(src/sample_program/forFieldDet) by extensions ['cmake', 'python']
[0.175s] Level 1:colcon.colcon_core.package_identification:_identify(src/sample_program/forFieldDet) by extension 'cmake'
[0.175s] Level 1:colcon.colcon_core.package_identification:_identify(src/sample_program/forFieldDet) by extension 'python'
[0.175s] Level 1:colcon.colcon_core.package_identification:_identify(src/sample_program/forFieldDet) by extensions ['python_setup_py']
[0.175s] Level 1:colcon.colcon_core.package_identification:_identify(src/sample_program/forFieldDet) by extension 'python_setup_py'
[0.175s] Level 1:colcon.colcon_core.package_identification:_identify(src/sample_program/samplesIMG) by extensions ['ignore', 'ignore_ament_install']
[0.175s] Level 1:colcon.colcon_core.package_identification:_identify(src/sample_program/samplesIMG) by extension 'ignore'
[0.175s] Level 1:colcon.colcon_core.package_identification:_identify(src/sample_program/samplesIMG) by extension 'ignore_ament_install'
[0.175s] Level 1:colcon.colcon_core.package_identification:_identify(src/sample_program/samplesIMG) by extensions ['colcon_pkg']
[0.175s] Level 1:colcon.colcon_core.package_identification:_identify(src/sample_program/samplesIMG) by extension 'colcon_pkg'
[0.175s] Level 1:colcon.colcon_core.package_identification:_identify(src/sample_program/samplesIMG) by extensions ['colcon_meta']
[0.175s] Level 1:colcon.colcon_core.package_identification:_identify(src/sample_program/samplesIMG) by extension 'colcon_meta'
[0.175s] Level 1:colcon.colcon_core.package_identification:_identify(src/sample_program/samplesIMG) by extensions ['ros']
[0.175s] Level 1:colcon.colcon_core.package_identification:_identify(src/sample_program/samplesIMG) by extension 'ros'
[0.175s] Level 1:colcon.colcon_core.package_identification:_identify(src/sample_program/samplesIMG) by extensions ['cmake', 'python']
[0.175s] Level 1:colcon.colcon_core.package_identification:_identify(src/sample_program/samplesIMG) by extension 'cmake'
[0.175s] Level 1:colcon.colcon_core.package_identification:_identify(src/sample_program/samplesIMG) by extension 'python'
[0.175s] Level 1:colcon.colcon_core.package_identification:_identify(src/sample_program/samplesIMG) by extensions ['python_setup_py']
[0.175s] Level 1:colcon.colcon_core.package_identification:_identify(src/sample_program/samplesIMG) by extension 'python_setup_py'
[0.175s] Level 1:colcon.colcon_core.package_identification:_identify(src/soccer_field_map_generator) by extensions ['ignore', 'ignore_ament_install']
[0.175s] Level 1:colcon.colcon_core.package_identification:_identify(src/soccer_field_map_generator) by extension 'ignore'
[0.175s] Level 1:colcon.colcon_core.package_identification:_identify(src/soccer_field_map_generator) by extension 'ignore_ament_install'
[0.175s] Level 1:colcon.colcon_core.package_identification:_identify(src/soccer_field_map_generator) by extensions ['colcon_pkg']
[0.175s] Level 1:colcon.colcon_core.package_identification:_identify(src/soccer_field_map_generator) by extension 'colcon_pkg'
[0.175s] Level 1:colcon.colcon_core.package_identification:_identify(src/soccer_field_map_generator) by extensions ['colcon_meta']
[0.176s] Level 1:colcon.colcon_core.package_identification:_identify(src/soccer_field_map_generator) by extension 'colcon_meta'
[0.176s] Level 1:colcon.colcon_core.package_identification:_identify(src/soccer_field_map_generator) by extensions ['ros']
[0.176s] Level 1:colcon.colcon_core.package_identification:_identify(src/soccer_field_map_generator) by extension 'ros'
[0.176s] Level 1:colcon.colcon_core.package_identification:_identify(src/soccer_field_map_generator) by extensions ['cmake', 'python']
[0.176s] Level 1:colcon.colcon_core.package_identification:_identify(src/soccer_field_map_generator) by extension 'cmake'
[0.176s] Level 1:colcon.colcon_core.package_identification:_identify(src/soccer_field_map_generator) by extension 'python'
[0.176s] Level 1:colcon.colcon_core.package_identification:_identify(src/soccer_field_map_generator) by extensions ['python_setup_py']
[0.176s] Level 1:colcon.colcon_core.package_identification:_identify(src/soccer_field_map_generator) by extension 'python_setup_py'
[0.176s] Level 1:colcon.colcon_core.package_identification:_identify(src/soccer_field_map_generator/soccer_field_map_generator) by extensions ['ignore', 'ignore_ament_install']
[0.176s] Level 1:colcon.colcon_core.package_identification:_identify(src/soccer_field_map_generator/soccer_field_map_generator) by extension 'ignore'
[0.176s] Level 1:colcon.colcon_core.package_identification:_identify(src/soccer_field_map_generator/soccer_field_map_generator) by extension 'ignore_ament_install'
[0.176s] Level 1:colcon.colcon_core.package_identification:_identify(src/soccer_field_map_generator/soccer_field_map_generator) by extensions ['colcon_pkg']
[0.176s] Level 1:colcon.colcon_core.package_identification:_identify(src/soccer_field_map_generator/soccer_field_map_generator) by extension 'colcon_pkg'
[0.176s] Level 1:colcon.colcon_core.package_identification:_identify(src/soccer_field_map_generator/soccer_field_map_generator) by extensions ['colcon_meta']
[0.176s] Level 1:colcon.colcon_core.package_identification:_identify(src/soccer_field_map_generator/soccer_field_map_generator) by extension 'colcon_meta'
[0.176s] Level 1:colcon.colcon_core.package_identification:_identify(src/soccer_field_map_generator/soccer_field_map_generator) by extensions ['ros']
[0.176s] Level 1:colcon.colcon_core.package_identification:_identify(src/soccer_field_map_generator/soccer_field_map_generator) by extension 'ros'
[0.177s] DEBUG:colcon.colcon_core.package_identification:Package 'src/soccer_field_map_generator/soccer_field_map_generator' with type 'ros.ament_python' and name 'soccer_field_map_generator'
[0.177s] Level 1:colcon.colcon_core.package_identification:_identify(src/temp_ball_detector) by extensions ['ignore', 'ignore_ament_install']
[0.177s] Level 1:colcon.colcon_core.package_identification:_identify(src/temp_ball_detector) by extension 'ignore'
[0.177s] Level 1:colcon.colcon_core.package_identification:_identify(src/temp_ball_detector) by extension 'ignore_ament_install'
[0.177s] Level 1:colcon.colcon_core.package_identification:_identify(src/temp_ball_detector) by extensions ['colcon_pkg']
[0.177s] Level 1:colcon.colcon_core.package_identification:_identify(src/temp_ball_detector) by extension 'colcon_pkg'
[0.177s] Level 1:colcon.colcon_core.package_identification:_identify(src/temp_ball_detector) by extensions ['colcon_meta']
[0.177s] Level 1:colcon.colcon_core.package_identification:_identify(src/temp_ball_detector) by extension 'colcon_meta'
[0.177s] Level 1:colcon.colcon_core.package_identification:_identify(src/temp_ball_detector) by extensions ['ros']
[0.177s] Level 1:colcon.colcon_core.package_identification:_identify(src/temp_ball_detector) by extension 'ros'
[0.178s] DEBUG:colcon.colcon_core.package_identification:Package 'src/temp_ball_detector' with type 'ros.ament_cmake' and name 'temp_ball_detector'
[0.178s] Level 1:colcon.colcon_core.package_identification:_identify(src/usb_cam) by extensions ['ignore', 'ignore_ament_install']
[0.178s] Level 1:colcon.colcon_core.package_identification:_identify(src/usb_cam) by extension 'ignore'
[0.178s] Level 1:colcon.colcon_core.package_identification:_identify(src/usb_cam) by extension 'ignore_ament_install'
[0.178s] Level 1:colcon.colcon_core.package_identification:_identify(src/usb_cam) by extensions ['colcon_pkg']
[0.178s] Level 1:colcon.colcon_core.package_identification:_identify(src/usb_cam) by extension 'colcon_pkg'
[0.178s] Level 1:colcon.colcon_core.package_identification:_identify(src/usb_cam) by extensions ['colcon_meta']
[0.178s] Level 1:colcon.colcon_core.package_identification:_identify(src/usb_cam) by extension 'colcon_meta'
[0.178s] Level 1:colcon.colcon_core.package_identification:_identify(src/usb_cam) by extensions ['ros']
[0.178s] Level 1:colcon.colcon_core.package_identification:_identify(src/usb_cam) by extension 'ros'
[0.180s] DEBUG:colcon.colcon_core.package_identification:Package 'src/usb_cam' with type 'ros.ament_cmake' and name 'usb_cam'
[0.180s] Level 1:colcon.colcon_core.package_identification:_identify(src/video_subscriber) by extensions ['ignore', 'ignore_ament_install']
[0.180s] Level 1:colcon.colcon_core.package_identification:_identify(src/video_subscriber) by extension 'ignore'
[0.180s] Level 1:colcon.colcon_core.package_identification:_identify(src/video_subscriber) by extension 'ignore_ament_install'
[0.180s] Level 1:colcon.colcon_core.package_identification:_identify(src/video_subscriber) by extensions ['colcon_pkg']
[0.180s] Level 1:colcon.colcon_core.package_identification:_identify(src/video_subscriber) by extension 'colcon_pkg'
[0.180s] Level 1:colcon.colcon_core.package_identification:_identify(src/video_subscriber) by extensions ['colcon_meta']
[0.180s] Level 1:colcon.colcon_core.package_identification:_identify(src/video_subscriber) by extension 'colcon_meta'
[0.180s] Level 1:colcon.colcon_core.package_identification:_identify(src/video_subscriber) by extensions ['ros']
[0.180s] Level 1:colcon.colcon_core.package_identification:_identify(src/video_subscriber) by extension 'ros'
[0.180s] DEBUG:colcon.colcon_core.package_identification:Package 'src/video_subscriber' with type 'ros.ament_python' and name 'video_subscriber'
[0.180s] Level 1:colcon.colcon_core.package_identification:_identify(src/vision_msg) by extensions ['ignore', 'ignore_ament_install']
[0.181s] Level 1:colcon.colcon_core.package_identification:_identify(src/vision_msg) by extension 'ignore'
[0.181s] Level 1:colcon.colcon_core.package_identification:_identify(src/vision_msg) by extension 'ignore_ament_install'
[0.181s] Level 1:colcon.colcon_core.package_identification:_identify(src/vision_msg) by extensions ['colcon_pkg']
[0.181s] Level 1:colcon.colcon_core.package_identification:_identify(src/vision_msg) by extension 'colcon_pkg'
[0.181s] Level 1:colcon.colcon_core.package_identification:_identify(src/vision_msg) by extensions ['colcon_meta']
[0.181s] Level 1:colcon.colcon_core.package_identification:_identify(src/vision_msg) by extension 'colcon_meta'
[0.181s] Level 1:colcon.colcon_core.package_identification:_identify(src/vision_msg) by extensions ['ros']
[0.181s] Level 1:colcon.colcon_core.package_identification:_identify(src/vision_msg) by extension 'ros'
[0.181s] Level 1:colcon.colcon_core.package_identification:_identify(src/vision_msg) by extensions ['cmake', 'python']
[0.181s] Level 1:colcon.colcon_core.package_identification:_identify(src/vision_msg) by extension 'cmake'
[0.182s] Level 1:colcon.colcon_core.package_identification:_identify(src/vision_msg) by extension 'python'
[0.182s] DEBUG:colcon.colcon_core.package_identification:Package 'src/vision_msg' with type 'cmake' and name 'vision_msg'
[0.182s] Level 1:colcon.colcon_core.package_identification:_identify(vision-dashboard) by extensions ['ignore', 'ignore_ament_install']
[0.182s] Level 1:colcon.colcon_core.package_identification:_identify(vision-dashboard) by extension 'ignore'
[0.182s] Level 1:colcon.colcon_core.package_identification:_identify(vision-dashboard) by extension 'ignore_ament_install'
[0.182s] Level 1:colcon.colcon_core.package_identification:_identify(vision-dashboard) by extensions ['colcon_pkg']
[0.182s] Level 1:colcon.colcon_core.package_identification:_identify(vision-dashboard) by extension 'colcon_pkg'
[0.182s] Level 1:colcon.colcon_core.package_identification:_identify(vision-dashboard) by extensions ['colcon_meta']
[0.182s] Level 1:colcon.colcon_core.package_identification:_identify(vision-dashboard) by extension 'colcon_meta'
[0.182s] Level 1:colcon.colcon_core.package_identification:_identify(vision-dashboard) by extensions ['ros']
[0.182s] Level 1:colcon.colcon_core.package_identification:_identify(vision-dashboard) by extension 'ros'
[0.182s] Level 1:colcon.colcon_core.package_identification:_identify(vision-dashboard) by extensions ['cmake', 'python']
[0.182s] Level 1:colcon.colcon_core.package_identification:_identify(vision-dashboard) by extension 'cmake'
[0.182s] Level 1:colcon.colcon_core.package_identification:_identify(vision-dashboard) by extension 'python'
[0.182s] Level 1:colcon.colcon_core.package_identification:_identify(vision-dashboard) by extensions ['python_setup_py']
[0.182s] Level 1:colcon.colcon_core.package_identification:_identify(vision-dashboard) by extension 'python_setup_py'
[0.182s] Level 1:colcon.colcon_core.package_identification:_identify(vision-dashboard/app) by extensions ['ignore', 'ignore_ament_install']
[0.183s] Level 1:colcon.colcon_core.package_identification:_identify(vision-dashboard/app) by extension 'ignore'
[0.183s] Level 1:colcon.colcon_core.package_identification:_identify(vision-dashboard/app) by extension 'ignore_ament_install'
[0.183s] Level 1:colcon.colcon_core.package_identification:_identify(vision-dashboard/app) by extensions ['colcon_pkg']
[0.183s] Level 1:colcon.colcon_core.package_identification:_identify(vision-dashboard/app) by extension 'colcon_pkg'
[0.183s] Level 1:colcon.colcon_core.package_identification:_identify(vision-dashboard/app) by extensions ['colcon_meta']
[0.183s] Level 1:colcon.colcon_core.package_identification:_identify(vision-dashboard/app) by extension 'colcon_meta'
[0.183s] Level 1:colcon.colcon_core.package_identification:_identify(vision-dashboard/app) by extensions ['ros']
[0.183s] Level 1:colcon.colcon_core.package_identification:_identify(vision-dashboard/app) by extension 'ros'
[0.183s] Level 1:colcon.colcon_core.package_identification:_identify(vision-dashboard/app) by extensions ['cmake', 'python']
[0.183s] Level 1:colcon.colcon_core.package_identification:_identify(vision-dashboard/app) by extension 'cmake'
[0.183s] Level 1:colcon.colcon_core.package_identification:_identify(vision-dashboard/app) by extension 'python'
[0.183s] Level 1:colcon.colcon_core.package_identification:_identify(vision-dashboard/app) by extensions ['python_setup_py']
[0.183s] Level 1:colcon.colcon_core.package_identification:_identify(vision-dashboard/app) by extension 'python_setup_py'
[0.183s] Level 1:colcon.colcon_core.package_identification:_identify(vision-dashboard/app/components) by extensions ['ignore', 'ignore_ament_install']
[0.183s] Level 1:colcon.colcon_core.package_identification:_identify(vision-dashboard/app/components) by extension 'ignore'
[0.183s] Level 1:colcon.colcon_core.package_identification:_identify(vision-dashboard/app/components) by extension 'ignore_ament_install'
[0.183s] Level 1:colcon.colcon_core.package_identification:_identify(vision-dashboard/app/components) by extensions ['colcon_pkg']
[0.183s] Level 1:colcon.colcon_core.package_identification:_identify(vision-dashboard/app/components) by extension 'colcon_pkg'
[0.183s] Level 1:colcon.colcon_core.package_identification:_identify(vision-dashboard/app/components) by extensions ['colcon_meta']
[0.183s] Level 1:colcon.colcon_core.package_identification:_identify(vision-dashboard/app/components) by extension 'colcon_meta'
[0.183s] Level 1:colcon.colcon_core.package_identification:_identify(vision-dashboard/app/components) by extensions ['ros']
[0.183s] Level 1:colcon.colcon_core.package_identification:_identify(vision-dashboard/app/components) by extension 'ros'
[0.183s] Level 1:colcon.colcon_core.package_identification:_identify(vision-dashboard/app/components) by extensions ['cmake', 'python']
[0.183s] Level 1:colcon.colcon_core.package_identification:_identify(vision-dashboard/app/components) by extension 'cmake'
[0.183s] Level 1:colcon.colcon_core.package_identification:_identify(vision-dashboard/app/components) by extension 'python'
[0.184s] Level 1:colcon.colcon_core.package_identification:_identify(vision-dashboard/app/components) by extensions ['python_setup_py']
[0.184s] Level 1:colcon.colcon_core.package_identification:_identify(vision-dashboard/app/components) by extension 'python_setup_py'
[0.184s] Level 1:colcon.colcon_core.package_identification:_identify(vision-dashboard/public) by extensions ['ignore', 'ignore_ament_install']
[0.184s] Level 1:colcon.colcon_core.package_identification:_identify(vision-dashboard/public) by extension 'ignore'
[0.184s] Level 1:colcon.colcon_core.package_identification:_identify(vision-dashboard/public) by extension 'ignore_ament_install'
[0.184s] Level 1:colcon.colcon_core.package_identification:_identify(vision-dashboard/public) by extensions ['colcon_pkg']
[0.184s] Level 1:colcon.colcon_core.package_identification:_identify(vision-dashboard/public) by extension 'colcon_pkg'
[0.184s] Level 1:colcon.colcon_core.package_identification:_identify(vision-dashboard/public) by extensions ['colcon_meta']
[0.184s] Level 1:colcon.colcon_core.package_identification:_identify(vision-dashboard/public) by extension 'colcon_meta'
[0.184s] Level 1:colcon.colcon_core.package_identification:_identify(vision-dashboard/public) by extensions ['ros']
[0.184s] Level 1:colcon.colcon_core.package_identification:_identify(vision-dashboard/public) by extension 'ros'
[0.184s] Level 1:colcon.colcon_core.package_identification:_identify(vision-dashboard/public) by extensions ['cmake', 'python']
[0.184s] Level 1:colcon.colcon_core.package_identification:_identify(vision-dashboard/public) by extension 'cmake'
[0.184s] Level 1:colcon.colcon_core.package_identification:_identify(vision-dashboard/public) by extension 'python'
[0.184s] Level 1:colcon.colcon_core.package_identification:_identify(vision-dashboard/public) by extensions ['python_setup_py']
[0.184s] Level 1:colcon.colcon_core.package_identification:_identify(vision-dashboard/public) by extension 'python_setup_py'
[0.184s] Level 1:colcon.colcon_core.package_discovery:discover_packages(recursive) using defaults
[0.184s] Level 1:colcon.colcon_core.package_discovery:discover_packages(ignore) discover
[0.184s] Level 1:colcon.colcon_core.package_discovery:discover_packages(ignore) using defaults
[0.184s] Level 1:colcon.colcon_core.package_discovery:discover_packages(path) discover
[0.184s] Level 1:colcon.colcon_core.package_discovery:discover_packages(path) using defaults
[0.203s] Level 1:colcon.colcon_core.package_discovery:discover_packages(prefix_path) check parameters
[0.204s] Level 1:colcon.colcon_core.package_discovery:discover_packages(prefix_path) discover
[0.206s] DEBUG:colcon.colcon_installed_package_information.package_discovery:Found 292 installed packages in /opt/ros/jazzy
[0.207s] Level 1:colcon.colcon_core.package_discovery:discover_packages(prefix_path) using defaults
[0.243s] Level 5:colcon.colcon_core.verb:set package 'ball_detector' build argument 'cmake_args' from command line to 'None'
[0.243s] Level 5:colcon.colcon_core.verb:set package 'ball_detector' build argument 'cmake_target' from command line to 'None'
[0.243s] Level 5:colcon.colcon_core.verb:set package 'ball_detector' build argument 'cmake_target_skip_unavailable' from command line to 'False'
[0.243s] Level 5:colcon.colcon_core.verb:set package 'ball_detector' build argument 'cmake_clean_cache' from command line to 'False'
[0.243s] Level 5:colcon.colcon_core.verb:set package 'ball_detector' build argument 'cmake_clean_first' from command line to 'False'
[0.243s] Level 5:colcon.colcon_core.verb:set package 'ball_detector' build argument 'cmake_force_configure' from command line to 'False'
[0.244s] Level 5:colcon.colcon_core.verb:set package 'ball_detector' build argument 'ament_cmake_args' from command line to 'None'
[0.244s] Level 5:colcon.colcon_core.verb:set package 'ball_detector' build argument 'catkin_cmake_args' from command line to 'None'
[0.244s] Level 5:colcon.colcon_core.verb:set package 'ball_detector' build argument 'catkin_skip_building_tests' from command line to 'False'
[0.244s] DEBUG:colcon.colcon_core.verb:Building package 'ball_detector' with the following arguments: {'ament_cmake_args': None, 'build_base': '/home/abyan/Documents/ALTAIR-vision/build/ball_detector', 'catkin_cmake_args': None, 'catkin_skip_building_tests': False, 'cmake_args': None, 'cmake_clean_cache': False, 'cmake_clean_first': False, 'cmake_force_configure': False, 'cmake_target': None, 'cmake_target_skip_unavailable': False, 'install_base': '/home/abyan/Documents/ALTAIR-vision/install/ball_detector', 'merge_install': False, 'path': '/home/abyan/Documents/ALTAIR-vision/src/ball_detector', 'symlink_install': False, 'test_result_base': None}
[0.244s] Level 5:colcon.colcon_core.verb:set package 'soccer_field_map_generator' build argument 'cmake_args' from command line to 'None'
[0.244s] Level 5:colcon.colcon_core.verb:set package 'soccer_field_map_generator' build argument 'cmake_target' from command line to 'None'
[0.244s] Level 5:colcon.colcon_core.verb:set package 'soccer_field_map_generator' build argument 'cmake_target_skip_unavailable' from command line to 'False'
[0.244s] Level 5:colcon.colcon_core.verb:set package 'soccer_field_map_generator' build argument 'cmake_clean_cache' from command line to 'False'
[0.244s] Level 5:colcon.colcon_core.verb:set package 'soccer_field_map_generator' build argument 'cmake_clean_first' from command line to 'False'
[0.244s] Level 5:colcon.colcon_core.verb:set package 'soccer_field_map_generator' build argument 'cmake_force_configure' from command line to 'False'
[0.244s] Level 5:colcon.colcon_core.verb:set package 'soccer_field_map_generator' build argument 'ament_cmake_args' from command line to 'None'
[0.244s] Level 5:colcon.colcon_core.verb:set package 'soccer_field_map_generator' build argument 'catkin_cmake_args' from command line to 'None'
[0.244s] Level 5:colcon.colcon_core.verb:set package 'soccer_field_map_generator' build argument 'catkin_skip_building_tests' from command line to 'False'
[0.244s] DEBUG:colcon.colcon_core.verb:Building package 'soccer_field_map_generator' with the following arguments: {'ament_cmake_args': None, 'build_base': '/home/abyan/Documents/ALTAIR-vision/build/soccer_field_map_generator', 'catkin_cmake_args': None, 'catkin_skip_building_tests': False, 'cmake_args': None, 'cmake_clean_cache': False, 'cmake_clean_first': False, 'cmake_force_configure': False, 'cmake_target': None, 'cmake_target_skip_unavailable': False, 'install_base': '/home/abyan/Documents/ALTAIR-vision/install/soccer_field_map_generator', 'merge_install': False, 'path': '/home/abyan/Documents/ALTAIR-vision/src/soccer_field_map_generator/soccer_field_map_generator', 'symlink_install': False, 'test_result_base': None}
[0.244s] Level 5:colcon.colcon_core.verb:set package 'temp_ball_detector' build argument 'cmake_args' from command line to 'None'
[0.244s] Level 5:colcon.colcon_core.verb:set package 'temp_ball_detector' build argument 'cmake_target' from command line to 'None'
[0.244s] Level 5:colcon.colcon_core.verb:set package 'temp_ball_detector' build argument 'cmake_target_skip_unavailable' from command line to 'False'
[0.244s] Level 5:colcon.colcon_core.verb:set package 'temp_ball_detector' build argument 'cmake_clean_cache' from command line to 'False'
[0.244s] Level 5:colcon.colcon_core.verb:set package 'temp_ball_detector' build argument 'cmake_clean_first' from command line to 'False'
[0.244s] Level 5:colcon.colcon_core.verb:set package 'temp_ball_detector' build argument 'cmake_force_configure' from command line to 'False'
[0.244s] Level 5:colcon.colcon_core.verb:set package 'temp_ball_detector' build argument 'ament_cmake_args' from command line to 'None'
[0.244s] Level 5:colcon.colcon_core.verb:set package 'temp_ball_detector' build argument 'catkin_cmake_args' from command line to 'None'
[0.244s] Level 5:colcon.colcon_core.verb:set package 'temp_ball_detector' build argument 'catkin_skip_building_tests' from command line to 'False'
[0.244s] DEBUG:colcon.colcon_core.verb:Building package 'temp_ball_detector' with the following arguments: {'ament_cmake_args': None, 'build_base': '/home/abyan/Documents/ALTAIR-vision/build/temp_ball_detector', 'catkin_cmake_args': None, 'catkin_skip_building_tests': False, 'cmake_args': None, 'cmake_clean_cache': False, 'cmake_clean_first': False, 'cmake_force_configure': False, 'cmake_target': None, 'cmake_target_skip_unavailable': False, 'install_base': '/home/abyan/Documents/ALTAIR-vision/install/temp_ball_detector', 'merge_install': False, 'path': '/home/abyan/Documents/ALTAIR-vision/src/temp_ball_detector', 'symlink_install': False, 'test_result_base': None}
[0.245s] Level 5:colcon.colcon_core.verb:set package 'usb_cam' build argument 'cmake_args' from command line to 'None'
[0.245s] Level 5:colcon.colcon_core.verb:set package 'usb_cam' build argument 'cmake_target' from command line to 'None'
[0.245s] Level 5:colcon.colcon_core.verb:set package 'usb_cam' build argument 'cmake_target_skip_unavailable' from command line to 'False'
[0.245s] Level 5:colcon.colcon_core.verb:set package 'usb_cam' build argument 'cmake_clean_cache' from command line to 'False'
[0.245s] Level 5:colcon.colcon_core.verb:set package 'usb_cam' build argument 'cmake_clean_first' from command line to 'False'
[0.245s] Level 5:colcon.colcon_core.verb:set package 'usb_cam' build argument 'cmake_force_configure' from command line to 'False'
[0.245s] Level 5:colcon.colcon_core.verb:set package 'usb_cam' build argument 'ament_cmake_args' from command line to 'None'
[0.245s] Level 5:colcon.colcon_core.verb:set package 'usb_cam' build argument 'catkin_cmake_args' from command line to 'None'
[0.245s] Level 5:colcon.colcon_core.verb:set package 'usb_cam' build argument 'catkin_skip_building_tests' from command line to 'False'
[0.245s] DEBUG:colcon.colcon_core.verb:Building package 'usb_cam' with the following arguments: {'ament_cmake_args': None, 'build_base': '/home/abyan/Documents/ALTAIR-vision/build/usb_cam', 'catkin_cmake_args': None, 'catkin_skip_building_tests': False, 'cmake_args': None, 'cmake_clean_cache': False, 'cmake_clean_first': False, 'cmake_force_configure': False, 'cmake_target': None, 'cmake_target_skip_unavailable': False, 'install_base': '/home/abyan/Documents/ALTAIR-vision/install/usb_cam', 'merge_install': False, 'path': '/home/abyan/Documents/ALTAIR-vision/src/usb_cam', 'symlink_install': False, 'test_result_base': None}
[0.245s] Level 5:colcon.colcon_core.verb:set package 'video_subscriber' build argument 'cmake_args' from command line to 'None'
[0.245s] Level 5:colcon.colcon_core.verb:set package 'video_subscriber' build argument 'cmake_target' from command line to 'None'
[0.245s] Level 5:colcon.colcon_core.verb:set package 'video_subscriber' build argument 'cmake_target_skip_unavailable' from command line to 'False'
[0.245s] Level 5:colcon.colcon_core.verb:set package 'video_subscriber' build argument 'cmake_clean_cache' from command line to 'False'
[0.245s] Level 5:colcon.colcon_core.verb:set package 'video_subscriber' build argument 'cmake_clean_first' from command line to 'False'
[0.245s] Level 5:colcon.colcon_core.verb:set package 'video_subscriber' build argument 'cmake_force_configure' from command line to 'False'
[0.245s] Level 5:colcon.colcon_core.verb:set package 'video_subscriber' build argument 'ament_cmake_args' from command line to 'None'
[0.245s] Level 5:colcon.colcon_core.verb:set package 'video_subscriber' build argument 'catkin_cmake_args' from command line to 'None'
[0.245s] Level 5:colcon.colcon_core.verb:set package 'video_subscriber' build argument 'catkin_skip_building_tests' from command line to 'False'
[0.245s] DEBUG:colcon.colcon_core.verb:Building package 'video_subscriber' with the following arguments: {'ament_cmake_args': None, 'build_base': '/home/abyan/Documents/ALTAIR-vision/build/video_subscriber', 'catkin_cmake_args': None, 'catkin_skip_building_tests': False, 'cmake_args': None, 'cmake_clean_cache': False, 'cmake_clean_first': False, 'cmake_force_configure': False, 'cmake_target': None, 'cmake_target_skip_unavailable': False, 'install_base': '/home/abyan/Documents/ALTAIR-vision/install/video_subscriber', 'merge_install': False, 'path': '/home/abyan/Documents/ALTAIR-vision/src/video_subscriber', 'symlink_install': False, 'test_result_base': None}
[0.245s] Level 5:colcon.colcon_core.verb:set package 'vision_msg' build argument 'cmake_args' from command line to 'None'
[0.245s] Level 5:colcon.colcon_core.verb:set package 'vision_msg' build argument 'cmake_target' from command line to 'None'
[0.245s] Level 5:colcon.colcon_core.verb:set package 'vision_msg' build argument 'cmake_target_skip_unavailable' from command line to 'False'
[0.245s] Level 5:colcon.colcon_core.verb:set package 'vision_msg' build argument 'cmake_clean_cache' from command line to 'False'
[0.245s] Level 5:colcon.colcon_core.verb:set package 'vision_msg' build argument 'cmake_clean_first' from command line to 'False'
[0.245s] Level 5:colcon.colcon_core.verb:set package 'vision_msg' build argument 'cmake_force_configure' from command line to 'False'
[0.245s] Level 5:colcon.colcon_core.verb:set package 'vision_msg' build argument 'ament_cmake_args' from command line to 'None'
[0.246s] Level 5:colcon.colcon_core.verb:set package 'vision_msg' build argument 'catkin_cmake_args' from command line to 'None'
[0.246s] Level 5:colcon.colcon_core.verb:set package 'vision_msg' build argument 'catkin_skip_building_tests' from command line to 'False'
[0.246s] DEBUG:colcon.colcon_core.verb:Building package 'vision_msg' with the following arguments: {'ament_cmake_args': None, 'build_base': '/home/abyan/Documents/ALTAIR-vision/build/vision_msg', 'catkin_cmake_args': None, 'catkin_skip_building_tests': False, 'cmake_args': None, 'cmake_clean_cache': False, 'cmake_clean_first': False, 'cmake_force_configure': False, 'cmake_target': None, 'cmake_target_skip_unavailable': False, 'install_base': '/home/abyan/Documents/ALTAIR-vision/install/vision_msg', 'merge_install': False, 'path': '/home/abyan/Documents/ALTAIR-vision/src/vision_msg', 'symlink_install': False, 'test_result_base': None}
[0.246s] INFO:colcon.colcon_core.executor:Executing jobs using 'parallel' executor
[0.247s] DEBUG:colcon.colcon_parallel_executor.executor.parallel:run_until_complete
[0.247s] INFO:colcon.colcon_ros.task.ament_python.build:Building ROS package in '/home/abyan/Documents/ALTAIR-vision/src/ball_detector' with build type 'ament_python'
[0.247s] Level 1:colcon.colcon_core.shell:create_environment_hook('ball_detector', 'ament_prefix_path')
[0.249s] INFO:colcon.colcon_core.plugin_system:Skipping extension 'colcon_core.shell.bat': Not used on non-Windows systems
[0.249s] INFO:colcon.colcon_core.shell:Creating environment hook '/home/abyan/Documents/ALTAIR-vision/install/ball_detector/share/ball_detector/hook/ament_prefix_path.ps1'
[0.250s] INFO:colcon.colcon_core.shell:Creating environment descriptor '/home/abyan/Documents/ALTAIR-vision/install/ball_detector/share/ball_detector/hook/ament_prefix_path.dsv'
[0.250s] INFO:colcon.colcon_core.shell:Creating environment hook '/home/abyan/Documents/ALTAIR-vision/install/ball_detector/share/ball_detector/hook/ament_prefix_path.sh'
[0.251s] INFO:colcon.colcon_core.shell:Skip shell extension 'powershell' for command environment: Not usable outside of PowerShell
[0.251s] DEBUG:colcon.colcon_core.shell:Skip shell extension 'dsv' for command environment
[0.254s] INFO:colcon.colcon_ros.task.ament_python.build:Building ROS package in '/home/abyan/Documents/ALTAIR-vision/src/soccer_field_map_generator/soccer_field_map_generator' with build type 'ament_python'
[0.254s] Level 1:colcon.colcon_core.shell:create_environment_hook('soccer_field_map_generator', 'ament_prefix_path')
[0.254s] INFO:colcon.colcon_core.shell:Creating environment hook '/home/abyan/Documents/ALTAIR-vision/install/soccer_field_map_generator/share/soccer_field_map_generator/hook/ament_prefix_path.ps1'
[0.255s] INFO:colcon.colcon_core.shell:Creating environment descriptor '/home/abyan/Documents/ALTAIR-vision/install/soccer_field_map_generator/share/soccer_field_map_generator/hook/ament_prefix_path.dsv'
[0.255s] INFO:colcon.colcon_core.shell:Creating environment hook '/home/abyan/Documents/ALTAIR-vision/install/soccer_field_map_generator/share/soccer_field_map_generator/hook/ament_prefix_path.sh'
[0.256s] INFO:colcon.colcon_core.shell:Skip shell extension 'powershell' for command environment: Not usable outside of PowerShell
[0.256s] DEBUG:colcon.colcon_core.shell:Skip shell extension 'dsv' for command environment
[0.258s] INFO:colcon.colcon_ros.task.ament_cmake.build:Building ROS package in '/home/abyan/Documents/ALTAIR-vision/src/temp_ball_detector' with build type 'ament_cmake'
[0.258s] INFO:colcon.colcon_cmake.task.cmake.build:Building CMake package in '/home/abyan/Documents/ALTAIR-vision/src/temp_ball_detector'
[0.258s] INFO:colcon.colcon_core.shell:Skip shell extension 'powershell' for command environment: Not usable outside of PowerShell
[0.258s] DEBUG:colcon.colcon_core.shell:Skip shell extension 'dsv' for command environment
[0.261s] INFO:colcon.colcon_ros.task.ament_cmake.build:Building ROS package in '/home/abyan/Documents/ALTAIR-vision/src/usb_cam' with build type 'ament_cmake'
[0.261s] INFO:colcon.colcon_cmake.task.cmake.build:Building CMake package in '/home/abyan/Documents/ALTAIR-vision/src/usb_cam'
[0.261s] INFO:colcon.colcon_core.shell:Skip shell extension 'powershell' for command environment: Not usable outside of PowerShell
[0.261s] DEBUG:colcon.colcon_core.shell:Skip shell extension 'dsv' for command environment
[0.264s] INFO:colcon.colcon_ros.task.ament_python.build:Building ROS package in '/home/abyan/Documents/ALTAIR-vision/src/video_subscriber' with build type 'ament_python'
[0.264s] Level 1:colcon.colcon_core.shell:create_environment_hook('video_subscriber', 'ament_prefix_path')
[0.264s] INFO:colcon.colcon_core.shell:Creating environment hook '/home/abyan/Documents/ALTAIR-vision/install/video_subscriber/share/video_subscriber/hook/ament_prefix_path.ps1'
[0.265s] INFO:colcon.colcon_core.shell:Creating environment descriptor '/home/abyan/Documents/ALTAIR-vision/install/video_subscriber/share/video_subscriber/hook/ament_prefix_path.dsv'
[0.265s] INFO:colcon.colcon_core.shell:Creating environment hook '/home/abyan/Documents/ALTAIR-vision/install/video_subscriber/share/video_subscriber/hook/ament_prefix_path.sh'
[0.265s] INFO:colcon.colcon_core.shell:Skip shell extension 'powershell' for command environment: Not usable outside of PowerShell
[0.265s] DEBUG:colcon.colcon_core.shell:Skip shell extension 'dsv' for command environment
[0.267s] INFO:colcon.colcon_cmake.task.cmake.build:Building CMake package in '/home/abyan/Documents/ALTAIR-vision/src/vision_msg'
[0.267s] INFO:colcon.colcon_core.shell:Skip shell extension 'powershell' for command environment: Not usable outside of PowerShell
[0.267s] DEBUG:colcon.colcon_core.shell:Skip shell extension 'dsv' for command environment
[0.442s] INFO:colcon.colcon_core.task.python.build:Building Python package in '/home/abyan/Documents/ALTAIR-vision/src/ball_detector'
[0.442s] INFO:colcon.colcon_core.shell:Skip shell extension 'powershell' for command environment: Not usable outside of PowerShell
[0.442s] DEBUG:colcon.colcon_core.shell:Skip shell extension 'dsv' for command environment
[0.647s] INFO:colcon.colcon_core.task.python.build:Building Python package in '/home/abyan/Documents/ALTAIR-vision/src/soccer_field_map_generator/soccer_field_map_generator'
[0.647s] INFO:colcon.colcon_core.shell:Skip shell extension 'powershell' for command environment: Not usable outside of PowerShell
[0.647s] DEBUG:colcon.colcon_core.shell:Skip shell extension 'dsv' for command environment
[0.652s] DEBUG:colcon.colcon_core.event_handler.log_command:Invoking command in '/home/abyan/Documents/ALTAIR-vision/build/temp_ball_detector': CMAKE_PREFIX_PATH=${CMAKE_PREFIX_PATH}:/opt/ros/jazzy DEBUGINFOD_URLS=https://debuginfod.ubuntu.com /usr/bin/cmake /home/abyan/Documents/ALTAIR-vision/src/temp_ball_detector -DCMAKE_INSTALL_PREFIX=/home/abyan/Documents/ALTAIR-vision/install/temp_ball_detector
[0.653s] DEBUG:colcon.colcon_core.event_handler.log_command:Invoking command in '/home/abyan/Documents/ALTAIR-vision/build/usb_cam': CMAKE_PREFIX_PATH=${CMAKE_PREFIX_PATH}:/opt/ros/jazzy DEBUGINFOD_URLS=https://debuginfod.ubuntu.com /usr/bin/cmake /home/abyan/Documents/ALTAIR-vision/src/usb_cam -DCMAKE_INSTALL_PREFIX=/home/abyan/Documents/ALTAIR-vision/install/usb_cam
[0.868s] INFO:colcon.colcon_core.task.python.build:Building Python package in '/home/abyan/Documents/ALTAIR-vision/src/video_subscriber'
[0.868s] INFO:colcon.colcon_core.shell:Skip shell extension 'powershell' for command environment: Not usable outside of PowerShell
[0.868s] DEBUG:colcon.colcon_core.shell:Skip shell extension 'dsv' for command environment
[0.876s] DEBUG:colcon.colcon_core.event_handler.log_command:Invoking command in '/home/abyan/Documents/ALTAIR-vision/build/vision_msg': DEBUGINFOD_URLS=https://debuginfod.ubuntu.com /usr/bin/cmake /home/abyan/Documents/ALTAIR-vision/src/vision_msg -DCMAKE_INSTALL_PREFIX=/home/abyan/Documents/ALTAIR-vision/install/vision_msg
[1.254s] DEBUG:colcon.colcon_core.event_handler.log_command:Invoked command in '/home/abyan/Documents/ALTAIR-vision/build/vision_msg' returned '0': DEBUGINFOD_URLS=https://debuginfod.ubuntu.com /usr/bin/cmake /home/abyan/Documents/ALTAIR-vision/src/vision_msg -DCMAKE_INSTALL_PREFIX=/home/abyan/Documents/ALTAIR-vision/install/vision_msg
[1.255s] DEBUG:colcon.colcon_core.event_handler.log_command:Invoking command in '/home/abyan/Documents/ALTAIR-vision/build/vision_msg': DEBUGINFOD_URLS=https://debuginfod.ubuntu.com /usr/bin/cmake --build /home/abyan/Documents/ALTAIR-vision/build/vision_msg -- -j16 -l16
[1.293s] DEBUG:colcon.colcon_core.event_handler.log_command:Invoked command in '/home/abyan/Documents/ALTAIR-vision/build/vision_msg' returned '0': DEBUGINFOD_URLS=https://debuginfod.ubuntu.com /usr/bin/cmake --build /home/abyan/Documents/ALTAIR-vision/build/vision_msg -- -j16 -l16
[1.293s] WARNING:colcon.colcon_cmake.task.cmake.build:Could not run installation step for package 'vision_msg' because it has no 'install' target
[1.293s] Level 1:colcon.colcon_core.environment:create_environment_scripts_only(vision_msg)
[1.296s] Level 1:colcon.colcon_core.environment:checking '/home/abyan/Documents/ALTAIR-vision/install/vision_msg' for CMake module files
[1.296s] Level 1:colcon.colcon_core.environment:checking '/home/abyan/Documents/ALTAIR-vision/install/vision_msg' for CMake config files
[1.297s] Level 1:colcon.colcon_core.environment:checking '/home/abyan/Documents/ALTAIR-vision/install/vision_msg/bin'
[1.297s] Level 1:colcon.colcon_core.environment:checking '/home/abyan/Documents/ALTAIR-vision/install/vision_msg/lib/pkgconfig/vision_msg.pc'
[1.297s] Level 1:colcon.colcon_core.environment:checking '/home/abyan/Documents/ALTAIR-vision/install/vision_msg/lib/python3.12/site-packages'
[1.297s] Level 1:colcon.colcon_core.environment:checking '/home/abyan/Documents/ALTAIR-vision/install/vision_msg/bin'
[1.298s] INFO:colcon.colcon_core.shell:Creating package script '/home/abyan/Documents/ALTAIR-vision/install/vision_msg/share/vision_msg/package.ps1'
[1.298s] INFO:colcon.colcon_core.shell:Creating package descriptor '/home/abyan/Documents/ALTAIR-vision/install/vision_msg/share/vision_msg/package.dsv'
[1.299s] INFO:colcon.colcon_core.shell:Creating package script '/home/abyan/Documents/ALTAIR-vision/install/vision_msg/share/vision_msg/package.sh'
[1.299s] INFO:colcon.colcon_core.shell:Creating package script '/home/abyan/Documents/ALTAIR-vision/install/vision_msg/share/vision_msg/package.bash'
[1.299s] INFO:colcon.colcon_core.shell:Creating package script '/home/abyan/Documents/ALTAIR-vision/install/vision_msg/share/vision_msg/package.zsh'
[1.300s] Level 1:colcon.colcon_core.environment:create_file_with_runtime_dependencies(/home/abyan/Documents/ALTAIR-vision/install/vision_msg/share/colcon-core/packages/vision_msg)
[1.350s] DEBUG:colcon.colcon_core.event_handler.log_command:Invoking command in '/home/abyan/Documents/ALTAIR-vision/src/video_subscriber': DEBUGINFOD_URLS=https://debuginfod.ubuntu.com PYTHONPATH=/home/abyan/Documents/ALTAIR-vision/build/video_subscriber/prefix_override:/usr/lib/python3/dist-packages/colcon_core/task/python/colcon_distutils_commands:/home/abyan/Documents/ALTAIR-vision/install/video_subscriber/lib/python3.12/site-packages:${PYTHONPATH} /usr/bin/python3 -W ignore:setup.py install is deprecated -W ignore:easy_install command is deprecated setup.py egg_info --egg-base ../../build/video_subscriber build --build-base /home/abyan/Documents/ALTAIR-vision/build/video_subscriber/build install --record /home/abyan/Documents/ALTAIR-vision/build/video_subscriber/install.log --single-version-externally-managed install_data
[1.353s] DEBUG:colcon.colcon_core.event_handler.log_command:Invoking command in '/home/abyan/Documents/ALTAIR-vision/src/soccer_field_map_generator/soccer_field_map_generator': DEBUGINFOD_URLS=https://debuginfod.ubuntu.com PYTHONPATH=/home/abyan/Documents/ALTAIR-vision/build/soccer_field_map_generator/prefix_override:/usr/lib/python3/dist-packages/colcon_core/task/python/colcon_distutils_commands:/home/abyan/Documents/ALTAIR-vision/install/soccer_field_map_generator/lib/python3.12/site-packages:${PYTHONPATH} /usr/bin/python3 -W ignore:setup.py install is deprecated -W ignore:easy_install command is deprecated setup.py egg_info --egg-base ../../../build/soccer_field_map_generator build --build-base /home/abyan/Documents/ALTAIR-vision/build/soccer_field_map_generator/build install --record /home/abyan/Documents/ALTAIR-vision/build/soccer_field_map_generator/install.log --single-version-externally-managed install_data
[1.456s] DEBUG:colcon.colcon_core.event_handler.log_command:Invoking command in '/home/abyan/Documents/ALTAIR-vision/src/ball_detector': DEBUGINFOD_URLS=https://debuginfod.ubuntu.com PYTHONPATH=/home/abyan/Documents/ALTAIR-vision/build/ball_detector/prefix_override:/usr/lib/python3/dist-packages/colcon_core/task/python/colcon_distutils_commands:/home/abyan/Documents/ALTAIR-vision/install/ball_detector/lib/python3.12/site-packages:${PYTHONPATH} /usr/bin/python3 -W ignore:setup.py install is deprecated -W ignore:easy_install command is deprecated setup.py egg_info --egg-base ../../build/ball_detector build --build-base /home/abyan/Documents/ALTAIR-vision/build/ball_detector/build install --record /home/abyan/Documents/ALTAIR-vision/build/ball_detector/install.log --single-version-externally-managed install_data
[2.394s] Level 1:colcon.colcon_core.environment:checking '/home/abyan/Documents/ALTAIR-vision/install/video_subscriber' for CMake module files
[2.395s] DEBUG:colcon.colcon_core.event_handler.log_command:Invoked command in '/home/abyan/Documents/ALTAIR-vision/src/video_subscriber' returned '0': DEBUGINFOD_URLS=https://debuginfod.ubuntu.com PYTHONPATH=/home/abyan/Documents/ALTAIR-vision/build/video_subscriber/prefix_override:/usr/lib/python3/dist-packages/colcon_core/task/python/colcon_distutils_commands:/home/abyan/Documents/ALTAIR-vision/install/video_subscriber/lib/python3.12/site-packages:${PYTHONPATH} /usr/bin/python3 -W ignore:setup.py install is deprecated -W ignore:easy_install command is deprecated setup.py egg_info --egg-base ../../build/video_subscriber build --build-base /home/abyan/Documents/ALTAIR-vision/build/video_subscriber/build install --record /home/abyan/Documents/ALTAIR-vision/build/video_subscriber/install.log --single-version-externally-managed install_data
[2.396s] Level 1:colcon.colcon_core.environment:checking '/home/abyan/Documents/ALTAIR-vision/install/video_subscriber' for CMake config files
[2.397s] Level 1:colcon.colcon_core.environment:checking '/home/abyan/Documents/ALTAIR-vision/install/video_subscriber/lib'
[2.397s] Level 1:colcon.colcon_core.environment:checking '/home/abyan/Documents/ALTAIR-vision/install/video_subscriber/bin'
[2.397s] Level 1:colcon.colcon_core.environment:checking '/home/abyan/Documents/ALTAIR-vision/install/video_subscriber/lib/pkgconfig/video_subscriber.pc'
[2.398s] Level 1:colcon.colcon_core.environment:checking '/home/abyan/Documents/ALTAIR-vision/install/video_subscriber/lib/python3.12/site-packages'
[2.398s] Level 1:colcon.colcon_core.shell:create_environment_hook('video_subscriber', 'pythonpath')
[2.399s] INFO:colcon.colcon_core.shell:Creating environment hook '/home/abyan/Documents/ALTAIR-vision/install/video_subscriber/share/video_subscriber/hook/pythonpath.ps1'
[2.400s] INFO:colcon.colcon_core.shell:Creating environment descriptor '/home/abyan/Documents/ALTAIR-vision/install/video_subscriber/share/video_subscriber/hook/pythonpath.dsv'
[2.400s] INFO:colcon.colcon_core.shell:Creating environment hook '/home/abyan/Documents/ALTAIR-vision/install/video_subscriber/share/video_subscriber/hook/pythonpath.sh'
[2.401s] Level 1:colcon.colcon_core.environment:checking '/home/abyan/Documents/ALTAIR-vision/install/video_subscriber/bin'
[2.402s] Level 1:colcon.colcon_core.environment:create_environment_scripts_only(video_subscriber)
[2.402s] INFO:colcon.colcon_core.shell:Creating package script '/home/abyan/Documents/ALTAIR-vision/install/video_subscriber/share/video_subscriber/package.ps1'
[2.403s] INFO:colcon.colcon_core.shell:Creating package descriptor '/home/abyan/Documents/ALTAIR-vision/install/video_subscriber/share/video_subscriber/package.dsv'
[2.404s] INFO:colcon.colcon_core.shell:Creating package script '/home/abyan/Documents/ALTAIR-vision/install/video_subscriber/share/video_subscriber/package.sh'
[2.405s] INFO:colcon.colcon_core.shell:Creating package script '/home/abyan/Documents/ALTAIR-vision/install/video_subscriber/share/video_subscriber/package.bash'
[2.405s] INFO:colcon.colcon_core.shell:Creating package script '/home/abyan/Documents/ALTAIR-vision/install/video_subscriber/share/video_subscriber/package.zsh'
[2.406s] Level 1:colcon.colcon_core.environment:create_file_with_runtime_dependencies(/home/abyan/Documents/ALTAIR-vision/install/video_subscriber/share/colcon-core/packages/video_subscriber)
[2.409s] Level 1:colcon.colcon_core.environment:checking '/home/abyan/Documents/ALTAIR-vision/install/soccer_field_map_generator' for CMake module files
[2.410s] DEBUG:colcon.colcon_core.event_handler.log_command:Invoked command in '/home/abyan/Documents/ALTAIR-vision/src/soccer_field_map_generator/soccer_field_map_generator' returned '0': DEBUGINFOD_URLS=https://debuginfod.ubuntu.com PYTHONPATH=/home/abyan/Documents/ALTAIR-vision/build/soccer_field_map_generator/prefix_override:/usr/lib/python3/dist-packages/colcon_core/task/python/colcon_distutils_commands:/home/abyan/Documents/ALTAIR-vision/install/soccer_field_map_generator/lib/python3.12/site-packages:${PYTHONPATH} /usr/bin/python3 -W ignore:setup.py install is deprecated -W ignore:easy_install command is deprecated setup.py egg_info --egg-base ../../../build/soccer_field_map_generator build --build-base /home/abyan/Documents/ALTAIR-vision/build/soccer_field_map_generator/build install --record /home/abyan/Documents/ALTAIR-vision/build/soccer_field_map_generator/install.log --single-version-externally-managed install_data
[2.411s] Level 1:colcon.colcon_core.environment:checking '/home/abyan/Documents/ALTAIR-vision/install/soccer_field_map_generator' for CMake config files
[2.412s] Level 1:colcon.colcon_core.environment:checking '/home/abyan/Documents/ALTAIR-vision/install/soccer_field_map_generator/lib'
[2.412s] Level 1:colcon.colcon_core.environment:checking '/home/abyan/Documents/ALTAIR-vision/install/soccer_field_map_generator/bin'
[2.412s] Level 1:colcon.colcon_core.environment:checking '/home/abyan/Documents/ALTAIR-vision/install/soccer_field_map_generator/lib/pkgconfig/soccer_field_map_generator.pc'
[2.413s] Level 1:colcon.colcon_core.environment:checking '/home/abyan/Documents/ALTAIR-vision/install/soccer_field_map_generator/lib/python3.12/site-packages'
[2.413s] Level 1:colcon.colcon_core.shell:create_environment_hook('soccer_field_map_generator', 'pythonpath')
[2.414s] INFO:colcon.colcon_core.shell:Creating environment hook '/home/abyan/Documents/ALTAIR-vision/install/soccer_field_map_generator/share/soccer_field_map_generator/hook/pythonpath.ps1'
[2.415s] INFO:colcon.colcon_core.shell:Creating environment descriptor '/home/abyan/Documents/ALTAIR-vision/install/soccer_field_map_generator/share/soccer_field_map_generator/hook/pythonpath.dsv'
[2.415s] INFO:colcon.colcon_core.shell:Creating environment hook '/home/abyan/Documents/ALTAIR-vision/install/soccer_field_map_generator/share/soccer_field_map_generator/hook/pythonpath.sh'
[2.417s] Level 1:colcon.colcon_core.environment:checking '/home/abyan/Documents/ALTAIR-vision/install/soccer_field_map_generator/bin'
[2.417s] Level 1:colcon.colcon_core.environment:create_environment_scripts_only(soccer_field_map_generator)
[2.417s] INFO:colcon.colcon_core.shell:Creating package script '/home/abyan/Documents/ALTAIR-vision/install/soccer_field_map_generator/share/soccer_field_map_generator/package.ps1'
[2.418s] INFO:colcon.colcon_core.shell:Creating package descriptor '/home/abyan/Documents/ALTAIR-vision/install/soccer_field_map_generator/share/soccer_field_map_generator/package.dsv'
[2.419s] INFO:colcon.colcon_core.shell:Creating package script '/home/abyan/Documents/ALTAIR-vision/install/soccer_field_map_generator/share/soccer_field_map_generator/package.sh'
[2.420s] INFO:colcon.colcon_core.shell:Creating package script '/home/abyan/Documents/ALTAIR-vision/install/soccer_field_map_generator/share/soccer_field_map_generator/package.bash'
[2.421s] INFO:colcon.colcon_core.shell:Creating package script '/home/abyan/Documents/ALTAIR-vision/install/soccer_field_map_generator/share/soccer_field_map_generator/package.zsh'
[2.422s] Level 1:colcon.colcon_core.environment:create_file_with_runtime_dependencies(/home/abyan/Documents/ALTAIR-vision/install/soccer_field_map_generator/share/colcon-core/packages/soccer_field_map_generator)
[2.519s] Level 1:colcon.colcon_core.environment:checking '/home/abyan/Documents/ALTAIR-vision/install/ball_detector' for CMake module files
[2.521s] DEBUG:colcon.colcon_core.event_handler.log_command:Invoked command in '/home/abyan/Documents/ALTAIR-vision/src/ball_detector' returned '0': DEBUGINFOD_URLS=https://debuginfod.ubuntu.com PYTHONPATH=/home/abyan/Documents/ALTAIR-vision/build/ball_detector/prefix_override:/usr/lib/python3/dist-packages/colcon_core/task/python/colcon_distutils_commands:/home/abyan/Documents/ALTAIR-vision/install/ball_detector/lib/python3.12/site-packages:${PYTHONPATH} /usr/bin/python3 -W ignore:setup.py install is deprecated -W ignore:easy_install command is deprecated setup.py egg_info --egg-base ../../build/ball_detector build --build-base /home/abyan/Documents/ALTAIR-vision/build/ball_detector/build install --record /home/abyan/Documents/ALTAIR-vision/build/ball_detector/install.log --single-version-externally-managed install_data
[2.522s] Level 1:colcon.colcon_core.environment:checking '/home/abyan/Documents/ALTAIR-vision/install/ball_detector' for CMake config files
[2.523s] Level 1:colcon.colcon_core.environment:checking '/home/abyan/Documents/ALTAIR-vision/install/ball_detector/lib'
[2.523s] Level 1:colcon.colcon_core.environment:checking '/home/abyan/Documents/ALTAIR-vision/install/ball_detector/bin'
[2.523s] Level 1:colcon.colcon_core.environment:checking '/home/abyan/Documents/ALTAIR-vision/install/ball_detector/lib/pkgconfig/ball_detector.pc'
[2.524s] Level 1:colcon.colcon_core.environment:checking '/home/abyan/Documents/ALTAIR-vision/install/ball_detector/lib/python3.12/site-packages'
[2.524s] Level 1:colcon.colcon_core.shell:create_environment_hook('ball_detector', 'pythonpath')
[2.525s] INFO:colcon.colcon_core.shell:Creating environment hook '/home/abyan/Documents/ALTAIR-vision/install/ball_detector/share/ball_detector/hook/pythonpath.ps1'
[2.526s] INFO:colcon.colcon_core.shell:Creating environment descriptor '/home/abyan/Documents/ALTAIR-vision/install/ball_detector/share/ball_detector/hook/pythonpath.dsv'
[2.526s] INFO:colcon.colcon_core.shell:Creating environment hook '/home/abyan/Documents/ALTAIR-vision/install/ball_detector/share/ball_detector/hook/pythonpath.sh'
[2.527s] Level 1:colcon.colcon_core.environment:checking '/home/abyan/Documents/ALTAIR-vision/install/ball_detector/bin'
[2.528s] Level 1:colcon.colcon_core.environment:create_environment_scripts_only(ball_detector)
[2.528s] INFO:colcon.colcon_core.shell:Creating package script '/home/abyan/Documents/ALTAIR-vision/install/ball_detector/share/ball_detector/package.ps1'
[2.529s] INFO:colcon.colcon_core.shell:Creating package descriptor '/home/abyan/Documents/ALTAIR-vision/install/ball_detector/share/ball_detector/package.dsv'
[2.530s] INFO:colcon.colcon_core.shell:Creating package script '/home/abyan/Documents/ALTAIR-vision/install/ball_detector/share/ball_detector/package.sh'
[2.531s] INFO:colcon.colcon_core.shell:Creating package script '/home/abyan/Documents/ALTAIR-vision/install/ball_detector/share/ball_detector/package.bash'
[2.531s] INFO:colcon.colcon_core.shell:Creating package script '/home/abyan/Documents/ALTAIR-vision/install/ball_detector/share/ball_detector/package.zsh'
[2.532s] Level 1:colcon.colcon_core.environment:create_file_with_runtime_dependencies(/home/abyan/Documents/ALTAIR-vision/install/ball_detector/share/colcon-core/packages/ball_detector)
[3.725s] DEBUG:colcon.colcon_core.event_handler.log_command:Invoked command in '/home/abyan/Documents/ALTAIR-vision/build/usb_cam' returned '0': CMAKE_PREFIX_PATH=${CMAKE_PREFIX_PATH}:/opt/ros/jazzy DEBUGINFOD_URLS=https://debuginfod.ubuntu.com /usr/bin/cmake /home/abyan/Documents/ALTAIR-vision/src/usb_cam -DCMAKE_INSTALL_PREFIX=/home/abyan/Documents/ALTAIR-vision/install/usb_cam
[3.726s] DEBUG:colcon.colcon_core.event_handler.log_command:Invoking command in '/home/abyan/Documents/ALTAIR-vision/build/usb_cam': CMAKE_PREFIX_PATH=${CMAKE_PREFIX_PATH}:/opt/ros/jazzy DEBUGINFOD_URLS=https://debuginfod.ubuntu.com /usr/bin/cmake --build /home/abyan/Documents/ALTAIR-vision/build/usb_cam -- -j16 -l16
[6.985s] DEBUG:colcon.colcon_core.event_handler.log_command:Invoked command in '/home/abyan/Documents/ALTAIR-vision/build/temp_ball_detector' returned '0': CMAKE_PREFIX_PATH=${CMAKE_PREFIX_PATH}:/opt/ros/jazzy DEBUGINFOD_URLS=https://debuginfod.ubuntu.com /usr/bin/cmake /home/abyan/Documents/ALTAIR-vision/src/temp_ball_detector -DCMAKE_INSTALL_PREFIX=/home/abyan/Documents/ALTAIR-vision/install/temp_ball_detector
[6.987s] DEBUG:colcon.colcon_core.event_handler.log_command:Invoking command in '/home/abyan/Documents/ALTAIR-vision/build/temp_ball_detector': CMAKE_PREFIX_PATH=${CMAKE_PREFIX_PATH}:/opt/ros/jazzy DEBUGINFOD_URLS=https://debuginfod.ubuntu.com /usr/bin/cmake --build /home/abyan/Documents/ALTAIR-vision/build/temp_ball_detector -- -j16 -l16
[11.569s] DEBUG:colcon.colcon_core.event_handler.log_command:Invoked command in '/home/abyan/Documents/ALTAIR-vision/build/temp_ball_detector' returned '0': CMAKE_PREFIX_PATH=${CMAKE_PREFIX_PATH}:/opt/ros/jazzy DEBUGINFOD_URLS=https://debuginfod.ubuntu.com /usr/bin/cmake --build /home/abyan/Documents/ALTAIR-vision/build/temp_ball_detector -- -j16 -l16
[11.587s] DEBUG:colcon.colcon_core.event_handler.log_command:Invoking command in '/home/abyan/Documents/ALTAIR-vision/build/temp_ball_detector': CMAKE_PREFIX_PATH=${CMAKE_PREFIX_PATH}:/opt/ros/jazzy DEBUGINFOD_URLS=https://debuginfod.ubuntu.com /usr/bin/cmake --install /home/abyan/Documents/ALTAIR-vision/build/temp_ball_detector
[11.721s] Level 1:colcon.colcon_core.environment:create_environment_scripts_only(temp_ball_detector)
[11.721s] Level 1:colcon.colcon_core.environment:checking '/home/abyan/Documents/ALTAIR-vision/install/temp_ball_detector' for CMake module files
[11.722s] DEBUG:colcon.colcon_core.event_handler.log_command:Invoked command in '/home/abyan/Documents/ALTAIR-vision/build/temp_ball_detector' returned '0': CMAKE_PREFIX_PATH=${CMAKE_PREFIX_PATH}:/opt/ros/jazzy DEBUGINFOD_URLS=https://debuginfod.ubuntu.com /usr/bin/cmake --install /home/abyan/Documents/ALTAIR-vision/build/temp_ball_detector
[11.723s] Level 1:colcon.colcon_core.environment:checking '/home/abyan/Documents/ALTAIR-vision/install/temp_ball_detector' for CMake config files
[11.724s] Level 1:colcon.colcon_core.shell:create_environment_hook('temp_ball_detector', 'cmake_prefix_path')
[11.725s] INFO:colcon.colcon_core.shell:Creating environment hook '/home/abyan/Documents/ALTAIR-vision/install/temp_ball_detector/share/temp_ball_detector/hook/cmake_prefix_path.ps1'
[11.725s] INFO:colcon.colcon_core.shell:Creating environment descriptor '/home/abyan/Documents/ALTAIR-vision/install/temp_ball_detector/share/temp_ball_detector/hook/cmake_prefix_path.dsv'
[11.726s] INFO:colcon.colcon_core.shell:Creating environment hook '/home/abyan/Documents/ALTAIR-vision/install/temp_ball_detector/share/temp_ball_detector/hook/cmake_prefix_path.sh'
[11.727s] Level 1:colcon.colcon_core.environment:checking '/home/abyan/Documents/ALTAIR-vision/install/temp_ball_detector/lib'
[11.727s] Level 1:colcon.colcon_core.shell:create_environment_hook('temp_ball_detector', 'ld_library_path_lib')
[11.727s] INFO:colcon.colcon_core.shell:Creating environment hook '/home/abyan/Documents/ALTAIR-vision/install/temp_ball_detector/share/temp_ball_detector/hook/ld_library_path_lib.ps1'
[11.728s] INFO:colcon.colcon_core.shell:Creating environment descriptor '/home/abyan/Documents/ALTAIR-vision/install/temp_ball_detector/share/temp_ball_detector/hook/ld_library_path_lib.dsv'
[11.728s] INFO:colcon.colcon_core.shell:Creating environment hook '/home/abyan/Documents/ALTAIR-vision/install/temp_ball_detector/share/temp_ball_detector/hook/ld_library_path_lib.sh'
[11.729s] Level 1:colcon.colcon_core.environment:checking '/home/abyan/Documents/ALTAIR-vision/install/temp_ball_detector/bin'
[11.729s] Level 1:colcon.colcon_core.environment:checking '/home/abyan/Documents/ALTAIR-vision/install/temp_ball_detector/lib/pkgconfig/temp_ball_detector.pc'
[11.729s] Level 1:colcon.colcon_core.environment:checking '/home/abyan/Documents/ALTAIR-vision/install/temp_ball_detector/lib/python3.12/site-packages'
[11.730s] Level 1:colcon.colcon_core.shell:create_environment_hook('temp_ball_detector', 'pythonpath')
[11.730s] INFO:colcon.colcon_core.shell:Creating environment hook '/home/abyan/Documents/ALTAIR-vision/install/temp_ball_detector/share/temp_ball_detector/hook/pythonpath.ps1'
[11.730s] INFO:colcon.colcon_core.shell:Creating environment descriptor '/home/abyan/Documents/ALTAIR-vision/install/temp_ball_detector/share/temp_ball_detector/hook/pythonpath.dsv'
[11.731s] INFO:colcon.colcon_core.shell:Creating environment hook '/home/abyan/Documents/ALTAIR-vision/install/temp_ball_detector/share/temp_ball_detector/hook/pythonpath.sh'
[11.732s] Level 1:colcon.colcon_core.environment:checking '/home/abyan/Documents/ALTAIR-vision/install/temp_ball_detector/bin'
[11.732s] INFO:colcon.colcon_core.shell:Creating package script '/home/abyan/Documents/ALTAIR-vision/install/temp_ball_detector/share/temp_ball_detector/package.ps1'
[11.733s] INFO:colcon.colcon_core.shell:Creating package descriptor '/home/abyan/Documents/ALTAIR-vision/install/temp_ball_detector/share/temp_ball_detector/package.dsv'
[11.734s] INFO:colcon.colcon_core.shell:Creating package script '/home/abyan/Documents/ALTAIR-vision/install/temp_ball_detector/share/temp_ball_detector/package.sh'
[11.735s] INFO:colcon.colcon_core.shell:Creating package script '/home/abyan/Documents/ALTAIR-vision/install/temp_ball_detector/share/temp_ball_detector/package.bash'
[11.735s] INFO:colcon.colcon_core.shell:Creating package script '/home/abyan/Documents/ALTAIR-vision/install/temp_ball_detector/share/temp_ball_detector/package.zsh'
[11.736s] Level 1:colcon.colcon_core.environment:create_file_with_runtime_dependencies(/home/abyan/Documents/ALTAIR-vision/install/temp_ball_detector/share/colcon-core/packages/temp_ball_detector)
[11.736s] Level 1:colcon.colcon_core.environment:create_environment_scripts_only(temp_ball_detector)
[11.737s] Level 1:colcon.colcon_core.environment:checking '/home/abyan/Documents/ALTAIR-vision/install/temp_ball_detector' for CMake module files
[11.738s] Level 1:colcon.colcon_core.environment:checking '/home/abyan/Documents/ALTAIR-vision/install/temp_ball_detector' for CMake config files
[11.739s] Level 1:colcon.colcon_core.shell:create_environment_hook('temp_ball_detector', 'cmake_prefix_path')
[11.739s] INFO:colcon.colcon_core.shell:Creating environment hook '/home/abyan/Documents/ALTAIR-vision/install/temp_ball_detector/share/temp_ball_detector/hook/cmake_prefix_path.ps1'
[11.739s] INFO:colcon.colcon_core.shell:Creating environment descriptor '/home/abyan/Documents/ALTAIR-vision/install/temp_ball_detector/share/temp_ball_detector/hook/cmake_prefix_path.dsv'
[11.740s] INFO:colcon.colcon_core.shell:Creating environment hook '/home/abyan/Documents/ALTAIR-vision/install/temp_ball_detector/share/temp_ball_detector/hook/cmake_prefix_path.sh'
[11.741s] Level 1:colcon.colcon_core.environment:checking '/home/abyan/Documents/ALTAIR-vision/install/temp_ball_detector/lib'
[11.741s] Level 1:colcon.colcon_core.shell:create_environment_hook('temp_ball_detector', 'ld_library_path_lib')
[11.741s] INFO:colcon.colcon_core.shell:Creating environment hook '/home/abyan/Documents/ALTAIR-vision/install/temp_ball_detector/share/temp_ball_detector/hook/ld_library_path_lib.ps1'
[11.742s] INFO:colcon.colcon_core.shell:Creating environment descriptor '/home/abyan/Documents/ALTAIR-vision/install/temp_ball_detector/share/temp_ball_detector/hook/ld_library_path_lib.dsv'
[11.743s] INFO:colcon.colcon_core.shell:Creating environment hook '/home/abyan/Documents/ALTAIR-vision/install/temp_ball_detector/share/temp_ball_detector/hook/ld_library_path_lib.sh'
[11.743s] Level 1:colcon.colcon_core.environment:checking '/home/abyan/Documents/ALTAIR-vision/install/temp_ball_detector/bin'
[11.743s] Level 1:colcon.colcon_core.environment:checking '/home/abyan/Documents/ALTAIR-vision/install/temp_ball_detector/lib/pkgconfig/temp_ball_detector.pc'
[11.744s] Level 1:colcon.colcon_core.environment:checking '/home/abyan/Documents/ALTAIR-vision/install/temp_ball_detector/lib/python3.12/site-packages'
[11.744s] Level 1:colcon.colcon_core.shell:create_environment_hook('temp_ball_detector', 'pythonpath')
[11.744s] INFO:colcon.colcon_core.shell:Creating environment hook '/home/abyan/Documents/ALTAIR-vision/install/temp_ball_detector/share/temp_ball_detector/hook/pythonpath.ps1'
[11.745s] INFO:colcon.colcon_core.shell:Creating environment descriptor '/home/abyan/Documents/ALTAIR-vision/install/temp_ball_detector/share/temp_ball_detector/hook/pythonpath.dsv'
[11.745s] INFO:colcon.colcon_core.shell:Creating environment hook '/home/abyan/Documents/ALTAIR-vision/install/temp_ball_detector/share/temp_ball_detector/hook/pythonpath.sh'
[11.746s] Level 1:colcon.colcon_core.environment:checking '/home/abyan/Documents/ALTAIR-vision/install/temp_ball_detector/bin'
[11.747s] INFO:colcon.colcon_core.shell:Creating package script '/home/abyan/Documents/ALTAIR-vision/install/temp_ball_detector/share/temp_ball_detector/package.ps1'
[11.748s] INFO:colcon.colcon_core.shell:Creating package descriptor '/home/abyan/Documents/ALTAIR-vision/install/temp_ball_detector/share/temp_ball_detector/package.dsv'
[11.748s] INFO:colcon.colcon_core.shell:Creating package script '/home/abyan/Documents/ALTAIR-vision/install/temp_ball_detector/share/temp_ball_detector/package.sh'
[11.749s] INFO:colcon.colcon_core.shell:Creating package script '/home/abyan/Documents/ALTAIR-vision/install/temp_ball_detector/share/temp_ball_detector/package.bash'
[11.750s] INFO:colcon.colcon_core.shell:Creating package script '/home/abyan/Documents/ALTAIR-vision/install/temp_ball_detector/share/temp_ball_detector/package.zsh'
[11.750s] Level 1:colcon.colcon_core.environment:create_file_with_runtime_dependencies(/home/abyan/Documents/ALTAIR-vision/install/temp_ball_detector/share/colcon-core/packages/temp_ball_detector)
[19.770s] DEBUG:colcon.colcon_core.event_handler.log_command:Invoked command in '/home/abyan/Documents/ALTAIR-vision/build/usb_cam' returned '0': CMAKE_PREFIX_PATH=${CMAKE_PREFIX_PATH}:/opt/ros/jazzy DEBUGINFOD_URLS=https://debuginfod.ubuntu.com /usr/bin/cmake --build /home/abyan/Documents/ALTAIR-vision/build/usb_cam -- -j16 -l16
[19.771s] DEBUG:colcon.colcon_core.event_handler.log_command:Invoking command in '/home/abyan/Documents/ALTAIR-vision/build/usb_cam': CMAKE_PREFIX_PATH=${CMAKE_PREFIX_PATH}:/opt/ros/jazzy DEBUGINFOD_URLS=https://debuginfod.ubuntu.com /usr/bin/cmake --install /home/abyan/Documents/ALTAIR-vision/build/usb_cam
[19.787s] Level 1:colcon.colcon_core.environment:create_environment_scripts_only(usb_cam)
[19.788s] Level 1:colcon.colcon_core.environment:checking '/home/abyan/Documents/ALTAIR-vision/install/usb_cam' for CMake module files
[19.788s] DEBUG:colcon.colcon_core.event_handler.log_command:Invoked command in '/home/abyan/Documents/ALTAIR-vision/build/usb_cam' returned '0': CMAKE_PREFIX_PATH=${CMAKE_PREFIX_PATH}:/opt/ros/jazzy DEBUGINFOD_URLS=https://debuginfod.ubuntu.com /usr/bin/cmake --install /home/abyan/Documents/ALTAIR-vision/build/usb_cam
[19.788s] Level 1:colcon.colcon_core.environment:checking '/home/abyan/Documents/ALTAIR-vision/install/usb_cam' for CMake config files
[19.789s] Level 1:colcon.colcon_core.shell:create_environment_hook('usb_cam', 'cmake_prefix_path')
[19.789s] INFO:colcon.colcon_core.shell:Creating environment hook '/home/abyan/Documents/ALTAIR-vision/install/usb_cam/share/usb_cam/hook/cmake_prefix_path.ps1'
[19.789s] INFO:colcon.colcon_core.shell:Creating environment descriptor '/home/abyan/Documents/ALTAIR-vision/install/usb_cam/share/usb_cam/hook/cmake_prefix_path.dsv'
[19.789s] INFO:colcon.colcon_core.shell:Creating environment hook '/home/abyan/Documents/ALTAIR-vision/install/usb_cam/share/usb_cam/hook/cmake_prefix_path.sh'
[19.790s] Level 1:colcon.colcon_core.environment:checking '/home/abyan/Documents/ALTAIR-vision/install/usb_cam/lib'
[19.790s] Level 1:colcon.colcon_core.shell:create_environment_hook('usb_cam', 'ld_library_path_lib')
[19.790s] INFO:colcon.colcon_core.shell:Creating environment hook '/home/abyan/Documents/ALTAIR-vision/install/usb_cam/share/usb_cam/hook/ld_library_path_lib.ps1'
[19.790s] INFO:colcon.colcon_core.shell:Creating environment descriptor '/home/abyan/Documents/ALTAIR-vision/install/usb_cam/share/usb_cam/hook/ld_library_path_lib.dsv'
[19.791s] INFO:colcon.colcon_core.shell:Creating environment hook '/home/abyan/Documents/ALTAIR-vision/install/usb_cam/share/usb_cam/hook/ld_library_path_lib.sh'
[19.791s] Level 1:colcon.colcon_core.environment:checking '/home/abyan/Documents/ALTAIR-vision/install/usb_cam/bin'
[19.791s] Level 1:colcon.colcon_core.environment:checking '/home/abyan/Documents/ALTAIR-vision/install/usb_cam/lib/pkgconfig/usb_cam.pc'
[19.791s] Level 1:colcon.colcon_core.environment:checking '/home/abyan/Documents/ALTAIR-vision/install/usb_cam/lib/python3.12/site-packages'
[19.791s] Level 1:colcon.colcon_core.environment:checking '/home/abyan/Documents/ALTAIR-vision/install/usb_cam/bin'
[19.791s] INFO:colcon.colcon_core.shell:Creating package script '/home/abyan/Documents/ALTAIR-vision/install/usb_cam/share/usb_cam/package.ps1'
[19.792s] INFO:colcon.colcon_core.shell:Creating package descriptor '/home/abyan/Documents/ALTAIR-vision/install/usb_cam/share/usb_cam/package.dsv'
[19.792s] INFO:colcon.colcon_core.shell:Creating package script '/home/abyan/Documents/ALTAIR-vision/install/usb_cam/share/usb_cam/package.sh'
[19.793s] INFO:colcon.colcon_core.shell:Creating package script '/home/abyan/Documents/ALTAIR-vision/install/usb_cam/share/usb_cam/package.bash'
[19.793s] INFO:colcon.colcon_core.shell:Creating package script '/home/abyan/Documents/ALTAIR-vision/install/usb_cam/share/usb_cam/package.zsh'
[19.793s] Level 1:colcon.colcon_core.environment:create_file_with_runtime_dependencies(/home/abyan/Documents/ALTAIR-vision/install/usb_cam/share/colcon-core/packages/usb_cam)
[19.793s] Level 1:colcon.colcon_core.environment:create_environment_scripts_only(usb_cam)
[19.793s] Level 1:colcon.colcon_core.environment:checking '/home/abyan/Documents/ALTAIR-vision/install/usb_cam' for CMake module files
[19.794s] Level 1:colcon.colcon_core.environment:checking '/home/abyan/Documents/ALTAIR-vision/install/usb_cam' for CMake config files
[19.794s] Level 1:colcon.colcon_core.shell:create_environment_hook('usb_cam', 'cmake_prefix_path')
[19.794s] INFO:colcon.colcon_core.shell:Creating environment hook '/home/abyan/Documents/ALTAIR-vision/install/usb_cam/share/usb_cam/hook/cmake_prefix_path.ps1'
[19.795s] INFO:colcon.colcon_core.shell:Creating environment descriptor '/home/abyan/Documents/ALTAIR-vision/install/usb_cam/share/usb_cam/hook/cmake_prefix_path.dsv'
[19.795s] INFO:colcon.colcon_core.shell:Creating environment hook '/home/abyan/Documents/ALTAIR-vision/install/usb_cam/share/usb_cam/hook/cmake_prefix_path.sh'
[19.795s] Level 1:colcon.colcon_core.environment:checking '/home/abyan/Documents/ALTAIR-vision/install/usb_cam/lib'
[19.795s] Level 1:colcon.colcon_core.shell:create_environment_hook('usb_cam', 'ld_library_path_lib')
[19.795s] INFO:colcon.colcon_core.shell:Creating environment hook '/home/abyan/Documents/ALTAIR-vision/install/usb_cam/share/usb_cam/hook/ld_library_path_lib.ps1'
[19.796s] INFO:colcon.colcon_core.shell:Creating environment descriptor '/home/abyan/Documents/ALTAIR-vision/install/usb_cam/share/usb_cam/hook/ld_library_path_lib.dsv'
[19.796s] INFO:colcon.colcon_core.shell:Creating environment hook '/home/abyan/Documents/ALTAIR-vision/install/usb_cam/share/usb_cam/hook/ld_library_path_lib.sh'
[19.796s] Level 1:colcon.colcon_core.environment:checking '/home/abyan/Documents/ALTAIR-vision/install/usb_cam/bin'
[19.796s] Level 1:colcon.colcon_core.environment:checking '/home/abyan/Documents/ALTAIR-vision/install/usb_cam/lib/pkgconfig/usb_cam.pc'
[19.796s] Level 1:colcon.colcon_core.environment:checking '/home/abyan/Documents/ALTAIR-vision/install/usb_cam/lib/python3.12/site-packages'
[19.797s] Level 1:colcon.colcon_core.environment:checking '/home/abyan/Documents/ALTAIR-vision/install/usb_cam/bin'
[19.797s] INFO:colcon.colcon_core.shell:Creating package script '/home/abyan/Documents/ALTAIR-vision/install/usb_cam/share/usb_cam/package.ps1'
[19.797s] INFO:colcon.colcon_core.shell:Creating package descriptor '/home/abyan/Documents/ALTAIR-vision/install/usb_cam/share/usb_cam/package.dsv'
[19.798s] INFO:colcon.colcon_core.shell:Creating package script '/home/abyan/Documents/ALTAIR-vision/install/usb_cam/share/usb_cam/package.sh'
[19.798s] INFO:colcon.colcon_core.shell:Creating package script '/home/abyan/Documents/ALTAIR-vision/install/usb_cam/share/usb_cam/package.bash'
[19.798s] INFO:colcon.colcon_core.shell:Creating package script '/home/abyan/Documents/ALTAIR-vision/install/usb_cam/share/usb_cam/package.zsh'
[19.799s] Level 1:colcon.colcon_core.environment:create_file_with_runtime_dependencies(/home/abyan/Documents/ALTAIR-vision/install/usb_cam/share/colcon-core/packages/usb_cam)
[19.799s] DEBUG:colcon.colcon_parallel_executor.executor.parallel:closing loop
[19.799s] DEBUG:colcon.colcon_parallel_executor.executor.parallel:loop closed
[19.799s] DEBUG:colcon.colcon_parallel_executor.executor.parallel:run_until_complete finished with '0'
[19.799s] DEBUG:colcon.colcon_core.event_reactor:joining thread
[19.805s] INFO:colcon.colcon_core.plugin_system:Skipping extension 'colcon_notification.desktop_notification.terminal_notifier': Not used on non-Darwin systems
[19.805s] INFO:colcon.colcon_core.plugin_system:Skipping extension 'colcon_notification.desktop_notification.win32': Not used on non-Windows systems
[19.805s] INFO:colcon.colcon_notification.desktop_notification:Sending desktop notification using 'notify2'
[19.819s] DEBUG:colcon.colcon_core.event_reactor:joined thread
[19.819s] INFO:colcon.colcon_core.shell:Creating prefix script '/home/abyan/Documents/ALTAIR-vision/install/local_setup.ps1'
[19.820s] INFO:colcon.colcon_core.shell:Creating prefix util module '/home/abyan/Documents/ALTAIR-vision/install/_local_setup_util_ps1.py'
[19.821s] INFO:colcon.colcon_core.shell:Creating prefix chain script '/home/abyan/Documents/ALTAIR-vision/install/setup.ps1'
[19.821s] INFO:colcon.colcon_core.shell:Creating prefix script '/home/abyan/Documents/ALTAIR-vision/install/local_setup.sh'
[19.822s] INFO:colcon.colcon_core.shell:Creating prefix util module '/home/abyan/Documents/ALTAIR-vision/install/_local_setup_util_sh.py'
[19.822s] INFO:colcon.colcon_core.shell:Creating prefix chain script '/home/abyan/Documents/ALTAIR-vision/install/setup.sh'
[19.823s] INFO:colcon.colcon_core.shell:Creating prefix script '/home/abyan/Documents/ALTAIR-vision/install/local_setup.bash'
[19.823s] INFO:colcon.colcon_core.shell:Creating prefix chain script '/home/abyan/Documents/ALTAIR-vision/install/setup.bash'
[19.824s] INFO:colcon.colcon_core.shell:Creating prefix script '/home/abyan/Documents/ALTAIR-vision/install/local_setup.zsh'
[19.824s] INFO:colcon.colcon_core.shell:Creating prefix chain script '/home/abyan/Documents/ALTAIR-vision/install/setup.zsh'
