[1.808s] Invoking command in '/home/abyan/Documents/FOR_ALTAIR/ALTAIR-vision/build/temp_ball_detector': CMAKE_PREFIX_PATH=${CMAKE_PREFIX_PATH}:/opt/ros/jazzy DEBUGINFOD_URLS=https://debuginfod.ubuntu.com /usr/bin/cmake --build /home/abyan/Documents/FOR_ALTAIR/ALTAIR-vision/build/temp_ball_detector -- -j16 -l16
[2.463s] [  2%] Built target temp_ball_detector__rosidl_generator_type_description
[2.463s] [  2%] Built target ament_cmake_python_copy_temp_ball_detector
[2.464s] [  5%] Built target temp_ball_detector__cpp
[2.464s] [ 20%] Built target temp_ball_detector__rosidl_generator_c
[2.464s] [ 29%] Built target temp_ball_detector__rosidl_typesupport_c
[2.464s] [ 38%] Built target temp_ball_detector__rosidl_typesupport_introspection_cpp
[2.464s] [ 52%] Built target temp_ball_detector__rosidl_typesupport_introspection_c
[2.464s] [ 55%] Built target temp_ball_detector__rosidl_typesupport_fastrtps_c
[2.464s] [ 64%] Built target temp_ball_detector__rosidl_typesupport_fastrtps_cpp
[2.465s] [ 73%] Built target temp_ball_detector__rosidl_typesupport_cpp
[2.465s] [ 73%] Built target temp_ball_detector
[2.465s] [ 76%] Built target temp_ball_detector__py
[2.465s] [ 82%] Built target temp_ball_detector__rosidl_generator_py
[2.465s] [ 88%] Built target temp_ball_detector_s__rosidl_typesupport_c
[2.465s] [ 94%] Built target temp_ball_detector_s__rosidl_typesupport_fastrtps_c
[2.465s] [100%] Built target temp_ball_detector_s__rosidl_typesupport_introspection_c
[2.541s] running egg_info
[2.592s] writing temp_ball_detector.egg-info/PKG-INFO
[2.593s] writing dependency_links to temp_ball_detector.egg-info/dependency_links.txt
[2.596s] writing top-level names to temp_ball_detector.egg-info/top_level.txt
[2.790s] reading manifest file 'temp_ball_detector.egg-info/SOURCES.txt'
[2.791s] writing manifest file 'temp_ball_detector.egg-info/SOURCES.txt'
[2.876s] [100%] Built target ament_cmake_python_build_temp_ball_detector_egg
[2.909s] Invoked command in '/home/abyan/Documents/FOR_ALTAIR/ALTAIR-vision/build/temp_ball_detector' returned '0': CMAKE_PREFIX_PATH=${CMAKE_PREFIX_PATH}:/opt/ros/jazzy DEBUGINFOD_URLS=https://debuginfod.ubuntu.com /usr/bin/cmake --build /home/abyan/Documents/FOR_ALTAIR/ALTAIR-vision/build/temp_ball_detector -- -j16 -l16
[2.913s] Invoking command in '/home/abyan/Documents/FOR_ALTAIR/ALTAIR-vision/build/temp_ball_detector': CMAKE_PREFIX_PATH=${CMAKE_PREFIX_PATH}:/opt/ros/jazzy DEBUGINFOD_URLS=https://debuginfod.ubuntu.com /usr/bin/cmake --install /home/abyan/Documents/FOR_ALTAIR/ALTAIR-vision/build/temp_ball_detector
[2.940s] -- Install configuration: ""
[2.941s] -- Up-to-date: /home/abyan/Documents/FOR_ALTAIR/ALTAIR-vision/install/temp_ball_detector/share/ament_index/resource_index/rosidl_interfaces/temp_ball_detector
[2.941s] -- Up-to-date: /home/abyan/Documents/FOR_ALTAIR/ALTAIR-vision/install/temp_ball_detector/share/temp_ball_detector/msg/BallDistance.json
[2.941s] -- Up-to-date: /home/abyan/Documents/FOR_ALTAIR/ALTAIR-vision/install/temp_ball_detector/include/temp_ball_detector/temp_ball_detector
[2.941s] -- Up-to-date: /home/abyan/Documents/FOR_ALTAIR/ALTAIR-vision/install/temp_ball_detector/include/temp_ball_detector/temp_ball_detector/msg
[2.942s] -- Up-to-date: /home/abyan/Documents/FOR_ALTAIR/ALTAIR-vision/install/temp_ball_detector/include/temp_ball_detector/temp_ball_detector/msg/detail
[2.942s] -- Up-to-date: /home/abyan/Documents/FOR_ALTAIR/ALTAIR-vision/install/temp_ball_detector/include/temp_ball_detector/temp_ball_detector/msg/detail/ball_distance__description.c
[2.943s] -- Up-to-date: /home/abyan/Documents/FOR_ALTAIR/ALTAIR-vision/install/temp_ball_detector/include/temp_ball_detector/temp_ball_detector/msg/detail/ball_distance__functions.c
[2.943s] -- Up-to-date: /home/abyan/Documents/FOR_ALTAIR/ALTAIR-vision/install/temp_ball_detector/include/temp_ball_detector/temp_ball_detector/msg/detail/ball_distance__type_support.h
[2.943s] -- Up-to-date: /home/abyan/Documents/FOR_ALTAIR/ALTAIR-vision/install/temp_ball_detector/include/temp_ball_detector/temp_ball_detector/msg/detail/ball_distance__struct.h
[2.944s] -- Installing: /home/abyan/Documents/FOR_ALTAIR/ALTAIR-vision/install/temp_ball_detector/include/temp_ball_detector/temp_ball_detector/msg/detail/ball_distance__type_support.c
[2.944s] -- Up-to-date: /home/abyan/Documents/FOR_ALTAIR/ALTAIR-vision/install/temp_ball_detector/include/temp_ball_detector/temp_ball_detector/msg/detail/ball_distance__functions.h
[2.944s] -- Up-to-date: /home/abyan/Documents/FOR_ALTAIR/ALTAIR-vision/install/temp_ball_detector/include/temp_ball_detector/temp_ball_detector/msg/ball_distance.h
[2.944s] -- Up-to-date: /home/abyan/Documents/FOR_ALTAIR/ALTAIR-vision/install/temp_ball_detector/include/temp_ball_detector/temp_ball_detector/msg/rosidl_generator_c__visibility_control.h
[2.945s] -- Up-to-date: /home/abyan/Documents/FOR_ALTAIR/ALTAIR-vision/install/temp_ball_detector/share/temp_ball_detector/environment/library_path.sh
[2.945s] -- Up-to-date: /home/abyan/Documents/FOR_ALTAIR/ALTAIR-vision/install/temp_ball_detector/share/temp_ball_detector/environment/library_path.dsv
[2.945s] -- Up-to-date: /home/abyan/Documents/FOR_ALTAIR/ALTAIR-vision/install/temp_ball_detector/lib/libtemp_ball_detector__rosidl_generator_c.so
[2.945s] -- Up-to-date: /home/abyan/Documents/FOR_ALTAIR/ALTAIR-vision/install/temp_ball_detector/include/temp_ball_detector/temp_ball_detector
[2.946s] -- Up-to-date: /home/abyan/Documents/FOR_ALTAIR/ALTAIR-vision/install/temp_ball_detector/include/temp_ball_detector/temp_ball_detector/msg
[2.946s] -- Up-to-date: /home/abyan/Documents/FOR_ALTAIR/ALTAIR-vision/install/temp_ball_detector/include/temp_ball_detector/temp_ball_detector/msg/detail
[2.947s] -- Up-to-date: /home/abyan/Documents/FOR_ALTAIR/ALTAIR-vision/install/temp_ball_detector/include/temp_ball_detector/temp_ball_detector/msg/detail/ball_distance__rosidl_typesupport_fastrtps_c.h
[2.947s] -- Up-to-date: /home/abyan/Documents/FOR_ALTAIR/ALTAIR-vision/install/temp_ball_detector/include/temp_ball_detector/temp_ball_detector/msg/rosidl_typesupport_fastrtps_c__visibility_control.h
[2.947s] -- Up-to-date: /home/abyan/Documents/FOR_ALTAIR/ALTAIR-vision/install/temp_ball_detector/lib/libtemp_ball_detector__rosidl_typesupport_fastrtps_c.so
[2.947s] -- Up-to-date: /home/abyan/Documents/FOR_ALTAIR/ALTAIR-vision/install/temp_ball_detector/include/temp_ball_detector/temp_ball_detector
[2.948s] -- Up-to-date: /home/abyan/Documents/FOR_ALTAIR/ALTAIR-vision/install/temp_ball_detector/include/temp_ball_detector/temp_ball_detector/msg
[2.948s] -- Up-to-date: /home/abyan/Documents/FOR_ALTAIR/ALTAIR-vision/install/temp_ball_detector/include/temp_ball_detector/temp_ball_detector/msg/rosidl_typesupport_introspection_c__visibility_control.h
[2.948s] -- Up-to-date: /home/abyan/Documents/FOR_ALTAIR/ALTAIR-vision/install/temp_ball_detector/include/temp_ball_detector/temp_ball_detector/msg/detail
[2.948s] -- Up-to-date: /home/abyan/Documents/FOR_ALTAIR/ALTAIR-vision/install/temp_ball_detector/include/temp_ball_detector/temp_ball_detector/msg/detail/ball_distance__rosidl_typesupport_introspection_c.h
[2.949s] -- Installing: /home/abyan/Documents/FOR_ALTAIR/ALTAIR-vision/install/temp_ball_detector/include/temp_ball_detector/temp_ball_detector/msg/detail/ball_distance__type_support.c
[2.949s] -- Up-to-date: /home/abyan/Documents/FOR_ALTAIR/ALTAIR-vision/install/temp_ball_detector/lib/libtemp_ball_detector__rosidl_typesupport_introspection_c.so
[2.949s] -- Up-to-date: /home/abyan/Documents/FOR_ALTAIR/ALTAIR-vision/install/temp_ball_detector/lib/libtemp_ball_detector__rosidl_typesupport_c.so
[2.949s] -- Up-to-date: /home/abyan/Documents/FOR_ALTAIR/ALTAIR-vision/install/temp_ball_detector/include/temp_ball_detector/temp_ball_detector
[2.950s] -- Up-to-date: /home/abyan/Documents/FOR_ALTAIR/ALTAIR-vision/install/temp_ball_detector/include/temp_ball_detector/temp_ball_detector/msg
[2.950s] -- Up-to-date: /home/abyan/Documents/FOR_ALTAIR/ALTAIR-vision/install/temp_ball_detector/include/temp_ball_detector/temp_ball_detector/msg/detail
[2.950s] -- Up-to-date: /home/abyan/Documents/FOR_ALTAIR/ALTAIR-vision/install/temp_ball_detector/include/temp_ball_detector/temp_ball_detector/msg/detail/ball_distance__traits.hpp
[2.951s] -- Up-to-date: /home/abyan/Documents/FOR_ALTAIR/ALTAIR-vision/install/temp_ball_detector/include/temp_ball_detector/temp_ball_detector/msg/detail/ball_distance__builder.hpp
[2.951s] -- Up-to-date: /home/abyan/Documents/FOR_ALTAIR/ALTAIR-vision/install/temp_ball_detector/include/temp_ball_detector/temp_ball_detector/msg/detail/ball_distance__type_support.hpp
[2.951s] -- Up-to-date: /home/abyan/Documents/FOR_ALTAIR/ALTAIR-vision/install/temp_ball_detector/include/temp_ball_detector/temp_ball_detector/msg/detail/ball_distance__struct.hpp
[2.951s] -- Up-to-date: /home/abyan/Documents/FOR_ALTAIR/ALTAIR-vision/install/temp_ball_detector/include/temp_ball_detector/temp_ball_detector/msg/ball_distance.hpp
[2.952s] -- Up-to-date: /home/abyan/Documents/FOR_ALTAIR/ALTAIR-vision/install/temp_ball_detector/include/temp_ball_detector/temp_ball_detector/msg/rosidl_generator_cpp__visibility_control.hpp
[2.952s] -- Up-to-date: /home/abyan/Documents/FOR_ALTAIR/ALTAIR-vision/install/temp_ball_detector/include/temp_ball_detector/temp_ball_detector
[2.952s] -- Up-to-date: /home/abyan/Documents/FOR_ALTAIR/ALTAIR-vision/install/temp_ball_detector/include/temp_ball_detector/temp_ball_detector/msg
[2.952s] -- Up-to-date: /home/abyan/Documents/FOR_ALTAIR/ALTAIR-vision/install/temp_ball_detector/include/temp_ball_detector/temp_ball_detector/msg/detail
[2.953s] -- Up-to-date: /home/abyan/Documents/FOR_ALTAIR/ALTAIR-vision/install/temp_ball_detector/include/temp_ball_detector/temp_ball_detector/msg/detail/ball_distance__rosidl_typesupport_fastrtps_cpp.hpp
[2.953s] -- Up-to-date: /home/abyan/Documents/FOR_ALTAIR/ALTAIR-vision/install/temp_ball_detector/include/temp_ball_detector/temp_ball_detector/msg/detail/dds_fastrtps
[2.953s] -- Up-to-date: /home/abyan/Documents/FOR_ALTAIR/ALTAIR-vision/install/temp_ball_detector/include/temp_ball_detector/temp_ball_detector/msg/rosidl_typesupport_fastrtps_cpp__visibility_control.h
[2.954s] -- Up-to-date: /home/abyan/Documents/FOR_ALTAIR/ALTAIR-vision/install/temp_ball_detector/lib/libtemp_ball_detector__rosidl_typesupport_fastrtps_cpp.so
[2.954s] -- Up-to-date: /home/abyan/Documents/FOR_ALTAIR/ALTAIR-vision/install/temp_ball_detector/include/temp_ball_detector/temp_ball_detector
[2.954s] -- Up-to-date: /home/abyan/Documents/FOR_ALTAIR/ALTAIR-vision/install/temp_ball_detector/include/temp_ball_detector/temp_ball_detector/msg
[2.954s] -- Up-to-date: /home/abyan/Documents/FOR_ALTAIR/ALTAIR-vision/install/temp_ball_detector/include/temp_ball_detector/temp_ball_detector/msg/detail
[2.955s] -- Up-to-date: /home/abyan/Documents/FOR_ALTAIR/ALTAIR-vision/install/temp_ball_detector/include/temp_ball_detector/temp_ball_detector/msg/detail/ball_distance__rosidl_typesupport_introspection_cpp.hpp
[2.955s] -- Up-to-date: /home/abyan/Documents/FOR_ALTAIR/ALTAIR-vision/install/temp_ball_detector/include/temp_ball_detector/temp_ball_detector/msg/detail/ball_distance__type_support.cpp
[2.955s] -- Up-to-date: /home/abyan/Documents/FOR_ALTAIR/ALTAIR-vision/install/temp_ball_detector/lib/libtemp_ball_detector__rosidl_typesupport_introspection_cpp.so
[2.955s] -- Up-to-date: /home/abyan/Documents/FOR_ALTAIR/ALTAIR-vision/install/temp_ball_detector/lib/libtemp_ball_detector__rosidl_typesupport_cpp.so
[2.956s] -- Up-to-date: /home/abyan/Documents/FOR_ALTAIR/ALTAIR-vision/install/temp_ball_detector/share/temp_ball_detector/environment/pythonpath.sh
[2.956s] -- Up-to-date: /home/abyan/Documents/FOR_ALTAIR/ALTAIR-vision/install/temp_ball_detector/share/temp_ball_detector/environment/pythonpath.dsv
[2.956s] -- Up-to-date: /home/abyan/Documents/FOR_ALTAIR/ALTAIR-vision/install/temp_ball_detector/lib/python3.12/site-packages/temp_ball_detector-0.0.0-py3.12.egg-info
[2.956s] -- Installing: /home/abyan/Documents/FOR_ALTAIR/ALTAIR-vision/install/temp_ball_detector/lib/python3.12/site-packages/temp_ball_detector-0.0.0-py3.12.egg-info/SOURCES.txt
[2.957s] -- Installing: /home/abyan/Documents/FOR_ALTAIR/ALTAIR-vision/install/temp_ball_detector/lib/python3.12/site-packages/temp_ball_detector-0.0.0-py3.12.egg-info/dependency_links.txt
[2.957s] -- Installing: /home/abyan/Documents/FOR_ALTAIR/ALTAIR-vision/install/temp_ball_detector/lib/python3.12/site-packages/temp_ball_detector-0.0.0-py3.12.egg-info/top_level.txt
[2.957s] -- Installing: /home/abyan/Documents/FOR_ALTAIR/ALTAIR-vision/install/temp_ball_detector/lib/python3.12/site-packages/temp_ball_detector-0.0.0-py3.12.egg-info/PKG-INFO
[2.957s] -- Up-to-date: /home/abyan/Documents/FOR_ALTAIR/ALTAIR-vision/install/temp_ball_detector/lib/python3.12/site-packages/temp_ball_detector
[2.958s] -- Up-to-date: /home/abyan/Documents/FOR_ALTAIR/ALTAIR-vision/install/temp_ball_detector/lib/python3.12/site-packages/temp_ball_detector/_temp_ball_detector_s.ep.rosidl_typesupport_introspection_c.c
[2.958s] -- Up-to-date: /home/abyan/Documents/FOR_ALTAIR/ALTAIR-vision/install/temp_ball_detector/lib/python3.12/site-packages/temp_ball_detector/_temp_ball_detector_s.ep.rosidl_typesupport_c.c
[2.958s] -- Up-to-date: /home/abyan/Documents/FOR_ALTAIR/ALTAIR-vision/install/temp_ball_detector/lib/python3.12/site-packages/temp_ball_detector/msg
[2.958s] -- Up-to-date: /home/abyan/Documents/FOR_ALTAIR/ALTAIR-vision/install/temp_ball_detector/lib/python3.12/site-packages/temp_ball_detector/msg/_ball_distance_s.c
[2.959s] -- Up-to-date: /home/abyan/Documents/FOR_ALTAIR/ALTAIR-vision/install/temp_ball_detector/lib/python3.12/site-packages/temp_ball_detector/msg/_ball_distance.py
[2.959s] -- Up-to-date: /home/abyan/Documents/FOR_ALTAIR/ALTAIR-vision/install/temp_ball_detector/lib/python3.12/site-packages/temp_ball_detector/msg/__init__.py
[2.959s] -- Up-to-date: /home/abyan/Documents/FOR_ALTAIR/ALTAIR-vision/install/temp_ball_detector/lib/python3.12/site-packages/temp_ball_detector/temp_ball_detector_s__rosidl_typesupport_fastrtps_c.so
[2.959s] -- Up-to-date: /home/abyan/Documents/FOR_ALTAIR/ALTAIR-vision/install/temp_ball_detector/lib/python3.12/site-packages/temp_ball_detector/__init__.py
[2.960s] -- Up-to-date: /home/abyan/Documents/FOR_ALTAIR/ALTAIR-vision/install/temp_ball_detector/lib/python3.12/site-packages/temp_ball_detector/temp_ball_detector_s__rosidl_typesupport_c.so
[2.960s] -- Up-to-date: /home/abyan/Documents/FOR_ALTAIR/ALTAIR-vision/install/temp_ball_detector/lib/python3.12/site-packages/temp_ball_detector/temp_ball_detector_s__rosidl_typesupport_introspection_c.so
[2.960s] -- Up-to-date: /home/abyan/Documents/FOR_ALTAIR/ALTAIR-vision/install/temp_ball_detector/lib/python3.12/site-packages/temp_ball_detector/_temp_ball_detector_s.ep.rosidl_typesupport_fastrtps_c.c
[3.049s] Listing '/home/abyan/Documents/FOR_ALTAIR/ALTAIR-vision/install/temp_ball_detector/lib/python3.12/site-packages/temp_ball_detector'...
[3.050s] Listing '/home/abyan/Documents/FOR_ALTAIR/ALTAIR-vision/install/temp_ball_detector/lib/python3.12/site-packages/temp_ball_detector/msg'...
[3.065s] -- Up-to-date: /home/abyan/Documents/FOR_ALTAIR/ALTAIR-vision/install/temp_ball_detector/lib/python3.12/site-packages/temp_ball_detector/temp_ball_detector_s__rosidl_typesupport_fastrtps_c.so
[3.066s] -- Up-to-date: /home/abyan/Documents/FOR_ALTAIR/ALTAIR-vision/install/temp_ball_detector/lib/python3.12/site-packages/temp_ball_detector/temp_ball_detector_s__rosidl_typesupport_introspection_c.so
[3.066s] -- Up-to-date: /home/abyan/Documents/FOR_ALTAIR/ALTAIR-vision/install/temp_ball_detector/lib/python3.12/site-packages/temp_ball_detector/temp_ball_detector_s__rosidl_typesupport_c.so
[3.067s] -- Up-to-date: /home/abyan/Documents/FOR_ALTAIR/ALTAIR-vision/install/temp_ball_detector/lib/libtemp_ball_detector__rosidl_generator_py.so
[3.068s] -- Up-to-date: /home/abyan/Documents/FOR_ALTAIR/ALTAIR-vision/install/temp_ball_detector/share/temp_ball_detector/msg/BallDistance.idl
[3.069s] -- Up-to-date: /home/abyan/Documents/FOR_ALTAIR/ALTAIR-vision/install/temp_ball_detector/share/temp_ball_detector/msg/BallDistance.msg
[3.069s] -- Up-to-date: /home/abyan/Documents/FOR_ALTAIR/ALTAIR-vision/install/temp_ball_detector/lib/temp_ball_detector/ball_detection.py
[3.069s] -- Up-to-date: /home/abyan/Documents/FOR_ALTAIR/ALTAIR-vision/install/temp_ball_detector/share/ament_index/resource_index/package_run_dependencies/temp_ball_detector
[3.070s] -- Up-to-date: /home/abyan/Documents/FOR_ALTAIR/ALTAIR-vision/install/temp_ball_detector/share/ament_index/resource_index/parent_prefix_path/temp_ball_detector
[3.070s] -- Up-to-date: /home/abyan/Documents/FOR_ALTAIR/ALTAIR-vision/install/temp_ball_detector/share/temp_ball_detector/environment/ament_prefix_path.sh
[3.071s] -- Up-to-date: /home/abyan/Documents/FOR_ALTAIR/ALTAIR-vision/install/temp_ball_detector/share/temp_ball_detector/environment/ament_prefix_path.dsv
[3.071s] -- Up-to-date: /home/abyan/Documents/FOR_ALTAIR/ALTAIR-vision/install/temp_ball_detector/share/temp_ball_detector/environment/path.sh
[3.071s] -- Up-to-date: /home/abyan/Documents/FOR_ALTAIR/ALTAIR-vision/install/temp_ball_detector/share/temp_ball_detector/environment/path.dsv
[3.072s] -- Up-to-date: /home/abyan/Documents/FOR_ALTAIR/ALTAIR-vision/install/temp_ball_detector/share/temp_ball_detector/local_setup.bash
[3.072s] -- Up-to-date: /home/abyan/Documents/FOR_ALTAIR/ALTAIR-vision/install/temp_ball_detector/share/temp_ball_detector/local_setup.sh
[3.072s] -- Up-to-date: /home/abyan/Documents/FOR_ALTAIR/ALTAIR-vision/install/temp_ball_detector/share/temp_ball_detector/local_setup.zsh
[3.073s] -- Up-to-date: /home/abyan/Documents/FOR_ALTAIR/ALTAIR-vision/install/temp_ball_detector/share/temp_ball_detector/local_setup.dsv
[3.073s] -- Installing: /home/abyan/Documents/FOR_ALTAIR/ALTAIR-vision/install/temp_ball_detector/share/temp_ball_detector/package.dsv
[3.073s] -- Up-to-date: /home/abyan/Documents/FOR_ALTAIR/ALTAIR-vision/install/temp_ball_detector/share/ament_index/resource_index/packages/temp_ball_detector
[3.074s] -- Up-to-date: /home/abyan/Documents/FOR_ALTAIR/ALTAIR-vision/install/temp_ball_detector/share/temp_ball_detector/cmake/export_temp_ball_detector__rosidl_generator_cExport.cmake
[3.074s] -- Up-to-date: /home/abyan/Documents/FOR_ALTAIR/ALTAIR-vision/install/temp_ball_detector/share/temp_ball_detector/cmake/export_temp_ball_detector__rosidl_generator_cExport-noconfig.cmake
[3.075s] -- Up-to-date: /home/abyan/Documents/FOR_ALTAIR/ALTAIR-vision/install/temp_ball_detector/share/temp_ball_detector/cmake/export_temp_ball_detector__rosidl_typesupport_fastrtps_cExport.cmake
[3.075s] -- Up-to-date: /home/abyan/Documents/FOR_ALTAIR/ALTAIR-vision/install/temp_ball_detector/share/temp_ball_detector/cmake/export_temp_ball_detector__rosidl_typesupport_fastrtps_cExport-noconfig.cmake
[3.075s] -- Up-to-date: /home/abyan/Documents/FOR_ALTAIR/ALTAIR-vision/install/temp_ball_detector/share/temp_ball_detector/cmake/temp_ball_detector__rosidl_typesupport_introspection_cExport.cmake
[3.076s] -- Up-to-date: /home/abyan/Documents/FOR_ALTAIR/ALTAIR-vision/install/temp_ball_detector/share/temp_ball_detector/cmake/temp_ball_detector__rosidl_typesupport_introspection_cExport-noconfig.cmake
[3.076s] -- Up-to-date: /home/abyan/Documents/FOR_ALTAIR/ALTAIR-vision/install/temp_ball_detector/share/temp_ball_detector/cmake/temp_ball_detector__rosidl_typesupport_cExport.cmake
[3.076s] -- Up-to-date: /home/abyan/Documents/FOR_ALTAIR/ALTAIR-vision/install/temp_ball_detector/share/temp_ball_detector/cmake/temp_ball_detector__rosidl_typesupport_cExport-noconfig.cmake
[3.077s] -- Up-to-date: /home/abyan/Documents/FOR_ALTAIR/ALTAIR-vision/install/temp_ball_detector/share/temp_ball_detector/cmake/export_temp_ball_detector__rosidl_generator_cppExport.cmake
[3.077s] -- Up-to-date: /home/abyan/Documents/FOR_ALTAIR/ALTAIR-vision/install/temp_ball_detector/share/temp_ball_detector/cmake/export_temp_ball_detector__rosidl_typesupport_fastrtps_cppExport.cmake
[3.077s] -- Up-to-date: /home/abyan/Documents/FOR_ALTAIR/ALTAIR-vision/install/temp_ball_detector/share/temp_ball_detector/cmake/export_temp_ball_detector__rosidl_typesupport_fastrtps_cppExport-noconfig.cmake
[3.078s] -- Up-to-date: /home/abyan/Documents/FOR_ALTAIR/ALTAIR-vision/install/temp_ball_detector/share/temp_ball_detector/cmake/temp_ball_detector__rosidl_typesupport_introspection_cppExport.cmake
[3.078s] -- Up-to-date: /home/abyan/Documents/FOR_ALTAIR/ALTAIR-vision/install/temp_ball_detector/share/temp_ball_detector/cmake/temp_ball_detector__rosidl_typesupport_introspection_cppExport-noconfig.cmake
[3.078s] -- Up-to-date: /home/abyan/Documents/FOR_ALTAIR/ALTAIR-vision/install/temp_ball_detector/share/temp_ball_detector/cmake/temp_ball_detector__rosidl_typesupport_cppExport.cmake
[3.078s] -- Up-to-date: /home/abyan/Documents/FOR_ALTAIR/ALTAIR-vision/install/temp_ball_detector/share/temp_ball_detector/cmake/temp_ball_detector__rosidl_typesupport_cppExport-noconfig.cmake
[3.079s] -- Up-to-date: /home/abyan/Documents/FOR_ALTAIR/ALTAIR-vision/install/temp_ball_detector/share/temp_ball_detector/cmake/export_temp_ball_detector__rosidl_generator_pyExport.cmake
[3.079s] -- Up-to-date: /home/abyan/Documents/FOR_ALTAIR/ALTAIR-vision/install/temp_ball_detector/share/temp_ball_detector/cmake/export_temp_ball_detector__rosidl_generator_pyExport-noconfig.cmake
[3.079s] -- Up-to-date: /home/abyan/Documents/FOR_ALTAIR/ALTAIR-vision/install/temp_ball_detector/share/temp_ball_detector/cmake/rosidl_cmake-extras.cmake
[3.080s] -- Up-to-date: /home/abyan/Documents/FOR_ALTAIR/ALTAIR-vision/install/temp_ball_detector/share/temp_ball_detector/cmake/ament_cmake_export_dependencies-extras.cmake
[3.081s] -- Up-to-date: /home/abyan/Documents/FOR_ALTAIR/ALTAIR-vision/install/temp_ball_detector/share/temp_ball_detector/cmake/ament_cmake_export_include_directories-extras.cmake
[3.081s] -- Up-to-date: /home/abyan/Documents/FOR_ALTAIR/ALTAIR-vision/install/temp_ball_detector/share/temp_ball_detector/cmake/ament_cmake_export_libraries-extras.cmake
[3.081s] -- Up-to-date: /home/abyan/Documents/FOR_ALTAIR/ALTAIR-vision/install/temp_ball_detector/share/temp_ball_detector/cmake/ament_cmake_export_targets-extras.cmake
[3.081s] -- Up-to-date: /home/abyan/Documents/FOR_ALTAIR/ALTAIR-vision/install/temp_ball_detector/share/temp_ball_detector/cmake/rosidl_cmake_export_typesupport_targets-extras.cmake
[3.082s] -- Up-to-date: /home/abyan/Documents/FOR_ALTAIR/ALTAIR-vision/install/temp_ball_detector/share/temp_ball_detector/cmake/rosidl_cmake_export_typesupport_libraries-extras.cmake
[3.082s] -- Up-to-date: /home/abyan/Documents/FOR_ALTAIR/ALTAIR-vision/install/temp_ball_detector/share/temp_ball_detector/cmake/temp_ball_detectorConfig.cmake
[3.082s] -- Up-to-date: /home/abyan/Documents/FOR_ALTAIR/ALTAIR-vision/install/temp_ball_detector/share/temp_ball_detector/cmake/temp_ball_detectorConfig-version.cmake
[3.082s] -- Up-to-date: /home/abyan/Documents/FOR_ALTAIR/ALTAIR-vision/install/temp_ball_detector/share/temp_ball_detector/package.xml
[3.086s] Invoked command in '/home/abyan/Documents/FOR_ALTAIR/ALTAIR-vision/build/temp_ball_detector' returned '0': CMAKE_PREFIX_PATH=${CMAKE_PREFIX_PATH}:/opt/ros/jazzy DEBUGINFOD_URLS=https://debuginfod.ubuntu.com /usr/bin/cmake --install /home/abyan/Documents/FOR_ALTAIR/ALTAIR-vision/build/temp_ball_detector
