[0.148s] Invoking command in '/home/abyan/Documents/FOR_ALTAIR/ALTAIR-vision/build/ipm_interfaces': CMAKE_PREFIX_PATH=${CMAKE_PREFIX_PATH}:/home/abyan/Documents/FOR_ALTAIR/ALTAIR-vision/install/soccer_ipm:/home/abyan/Documents/FOR_ALTAIR/ALTAIR-vision/install/video_subscriber:/home/abyan/Documents/FOR_ALTAIR/ALTAIR-vision/install/soccer_field_map_generator:/home/abyan/Documents/FOR_ALTAIR/ALTAIR-vision/install/camera_calibration:/home/abyan/Documents/FOR_ALTAIR/ALTAIR-vision/install/ball_detector:/opt/ros/jazzy DEBUGINFOD_URLS=https://debuginfod.ubuntu.com /usr/bin/cmake /home/abyan/Documents/FOR_ALTAIR/ALTAIR-vision/src/ipm_interfaces -DCMAKE_INSTALL_PREFIX=/home/abyan/Documents/FOR_ALTAIR/ALTAIR-vision/install/ipm_interfaces
[2.331s] -- The C compiler identification is GNU 13.3.0
[2.335s] -- The CXX compiler identification is GNU 13.3.0
[2.338s] -- Detecting C compiler ABI info
[2.338s] -- Detecting C compiler ABI info - done
[2.339s] -- Check for working C compiler: /usr/bin/cc - skipped
[2.342s] -- Detecting C compile features
[2.342s] -- Detecting C compile features - done
[2.343s] -- Detecting CXX compiler ABI info
[2.343s] -- Detecting CXX compiler ABI info - done
[2.344s] -- Check for working CXX compiler: /usr/bin/c++ - skipped
[2.344s] -- Detecting CXX compile features
[2.344s] -- Detecting CXX compile features - done
[2.345s] -- Found ament_cmake: 2.5.3 (/opt/ros/jazzy/share/ament_cmake/cmake)
[2.347s] -- Found Python3: /usr/bin/python3 (found version "3.12.3") found components: Interpreter 
[2.347s] -- Found builtin_interfaces: 2.0.2 (/opt/ros/jazzy/share/builtin_interfaces/cmake)
[2.449s] -- Found rosidl_generator_c: 4.6.5 (/opt/ros/jazzy/share/rosidl_generator_c/cmake)
[2.500s] -- Found rosidl_generator_cpp: 4.6.5 (/opt/ros/jazzy/share/rosidl_generator_cpp/cmake)
[2.570s] -- Using all available rosidl_typesupport_c: rosidl_typesupport_fastrtps_c;rosidl_typesupport_introspection_c
[2.657s] -- Using all available rosidl_typesupport_cpp: rosidl_typesupport_fastrtps_cpp;rosidl_typesupport_introspection_cpp
[2.734s] -- Found geometry_msgs: 5.3.6 (/opt/ros/jazzy/share/geometry_msgs/cmake)
[2.885s] -- Found rosidl_default_generators: 1.6.0 (/opt/ros/jazzy/share/rosidl_default_generators/cmake)
[2.935s] -- Found rosidl_adapter: 4.6.5 (/opt/ros/jazzy/share/rosidl_adapter/cmake)
[2.950s] -- Found sensor_msgs: 5.3.6 (/opt/ros/jazzy/share/sensor_msgs/cmake)
[3.107s] -- Found shape_msgs: 5.3.6 (/opt/ros/jazzy/share/shape_msgs/cmake)
[3.206s] -- Found ament_lint_auto: 0.17.2 (/opt/ros/jazzy/share/ament_lint_auto/cmake)
[4.794s] [31mCMake Error at /opt/ros/jazzy/share/rosidl_cmake/cmake/rosidl_generate_interfaces.cmake:192 (message):
[4.794s]   rosidl_generate_interfaces() the passed dependency 'vision_msgs' has not
[4.794s]   been found before using find_package()
[4.795s] Call Stack (most recent call first):
[4.795s]   CMakeLists.txt:22 (rosidl_generate_interfaces)
[4.795s] 
[4.797s] [0m
[4.798s] -- Configuring incomplete, errors occurred!
[4.823s] Invoked command in '/home/abyan/Documents/FOR_ALTAIR/ALTAIR-vision/build/ipm_interfaces' returned '1': CMAKE_PREFIX_PATH=${CMAKE_PREFIX_PATH}:/home/abyan/Documents/FOR_ALTAIR/ALTAIR-vision/install/soccer_ipm:/home/abyan/Documents/FOR_ALTAIR/ALTAIR-vision/install/video_subscriber:/home/abyan/Documents/FOR_ALTAIR/ALTAIR-vision/install/soccer_field_map_generator:/home/abyan/Documents/FOR_ALTAIR/ALTAIR-vision/install/camera_calibration:/home/abyan/Documents/FOR_ALTAIR/ALTAIR-vision/install/ball_detector:/opt/ros/jazzy DEBUGINFOD_URLS=https://debuginfod.ubuntu.com /usr/bin/cmake /home/abyan/Documents/FOR_ALTAIR/ALTAIR-vision/src/ipm_interfaces -DCMAKE_INSTALL_PREFIX=/home/abyan/Documents/FOR_ALTAIR/ALTAIR-vision/install/ipm_interfaces
