[0.393s] Invoking command in '/home/abyan/Documents/ALTAIR-vision/build/temp_ball_detector': CMAKE_PREFIX_PATH=${CMAKE_PREFIX_PATH}:/opt/ros/jazzy DEBUGINFOD_URLS=https://debuginfod.ubuntu.com /usr/bin/cmake /home/abyan/Documents/ALTAIR-vision/src/temp_ball_detector -DCMAKE_INSTALL_PREFIX=/home/abyan/Documents/ALTAIR-vision/install/temp_ball_detector
[0.615s] -- The C compiler identification is GNU 13.3.0
[0.653s] -- The CXX compiler identification is GNU 13.3.0
[0.670s] -- Detecting C compiler ABI info
[0.758s] -- Detecting C compiler ABI info - done
[0.768s] -- Check for working C compiler: /usr/bin/cc - skipped
[0.768s] -- Detecting C compile features
[0.768s] -- Detecting C compile features - done
[0.777s] -- Detecting CXX compiler ABI info
[0.874s] -- Detecting CXX compiler ABI info - done
[0.886s] -- Check for working CXX compiler: /usr/bin/c++ - skipped
[0.886s] -- Detecting CXX compile features
[0.886s] -- Detecting CXX compile features - done
[0.888s] -- Found ament_cmake: 2.5.3 (/opt/ros/jazzy/share/ament_cmake/cmake)
[1.039s] -- Found Python3: /usr/bin/python3 (found version "3.12.3") found components: Interpreter 
[1.198s] -- Found rclpy: 7.1.3 (/opt/ros/jazzy/share/rclpy/cmake)
[1.199s] -- Found rosidl_default_generators: 1.6.0 (/opt/ros/jazzy/share/rosidl_default_generators/cmake)
[1.212s] -- Using all available rosidl_typesupport_c: rosidl_typesupport_fastrtps_c;rosidl_typesupport_introspection_c
[1.325s] -- Using all available rosidl_typesupport_cpp: rosidl_typesupport_fastrtps_cpp;rosidl_typesupport_introspection_cpp
[1.415s] -- Found rosidl_adapter: 4.6.5 (/opt/ros/jazzy/share/rosidl_adapter/cmake)
[1.422s] -- Found std_msgs: 5.3.5 (/opt/ros/jazzy/share/std_msgs/cmake)
[2.754s] -- Found ament_cmake_ros: 0.12.0 (/opt/ros/jazzy/share/ament_cmake_ros/cmake)
[3.628s] -- Using all available rosidl_typesupport_c: rosidl_typesupport_fastrtps_c;rosidl_typesupport_introspection_c
[5.081s] -- Using all available rosidl_typesupport_cpp: rosidl_typesupport_fastrtps_cpp;rosidl_typesupport_introspection_cpp
[5.089s] -- Found python_cmake_module: 0.11.1 (/opt/ros/jazzy/share/python_cmake_module/cmake)
[5.425s] -- Found PythonExtra: /usr/bin/python3  
[6.468s] -- Found Python3: /usr/bin/python3 (found version "3.12.3") found components: Interpreter Development NumPy Development.Module Development.Embed 
[6.569s] -- Found ament_lint_auto: 0.17.1 (/opt/ros/jazzy/share/ament_lint_auto/cmake)
[6.604s] -- Added test 'flake8' to check Python code syntax and style conventions
[6.604s] -- Configured 'flake8' exclude dirs and/or files: 
[6.605s] -- Added test 'lint_cmake' to check CMake code style
[6.607s] -- Added test 'pep257' to check Python code against some of the docstring style conventions in PEP 257
[6.609s] -- Added test 'xmllint' to check XML markup files
[6.614s] -- Configuring done (6.2s)
[6.684s] -- Generating done (0.1s)
[6.708s] -- Build files have been written to: /home/abyan/Documents/ALTAIR-vision/build/temp_ball_detector
[6.726s] Invoked command in '/home/abyan/Documents/ALTAIR-vision/build/temp_ball_detector' returned '0': CMAKE_PREFIX_PATH=${CMAKE_PREFIX_PATH}:/opt/ros/jazzy DEBUGINFOD_URLS=https://debuginfod.ubuntu.com /usr/bin/cmake /home/abyan/Documents/ALTAIR-vision/src/temp_ball_detector -DCMAKE_INSTALL_PREFIX=/home/abyan/Documents/ALTAIR-vision/install/temp_ball_detector
[6.728s] Invoking command in '/home/abyan/Documents/ALTAIR-vision/build/temp_ball_detector': CMAKE_PREFIX_PATH=${CMAKE_PREFIX_PATH}:/opt/ros/jazzy DEBUGINFOD_URLS=https://debuginfod.ubuntu.com /usr/bin/cmake --build /home/abyan/Documents/ALTAIR-vision/build/temp_ball_detector -- -j16 -l16
[6.834s] [  2%] [34m[1mGenerating type hashes for ROS interfaces[0m
[6.849s] [  2%] Built target ament_cmake_python_copy_temp_ball_detector
[7.273s] [  2%] Built target temp_ball_detector__rosidl_generator_type_description
[7.300s] [  5%] [34m[1mGenerating C code for ROS interfaces[0m
[7.309s] running egg_info
[7.311s] creating temp_ball_detector.egg-info
[7.326s] [  8%] [34m[1mGenerating C++ code for ROS interfaces[0m
[7.352s] writing temp_ball_detector.egg-info/PKG-INFO
[7.352s] writing dependency_links to temp_ball_detector.egg-info/dependency_links.txt
[7.353s] writing top-level names to temp_ball_detector.egg-info/top_level.txt
[7.353s] writing manifest file 'temp_ball_detector.egg-info/SOURCES.txt'
[7.463s] reading manifest file 'temp_ball_detector.egg-info/SOURCES.txt'
[7.465s] writing manifest file 'temp_ball_detector.egg-info/SOURCES.txt'
[7.532s] [  8%] Built target ament_cmake_python_build_temp_ball_detector_egg
[7.846s] [  8%] Built target temp_ball_detector__cpp
[7.888s] [ 11%] [32mBuilding C object CMakeFiles/temp_ball_detector__rosidl_generator_c.dir/rosidl_generator_c/temp_ball_detector/msg/detail/ball_distance__type_support.c.o[0m
[7.891s] [ 14%] [32mBuilding C object CMakeFiles/temp_ball_detector__rosidl_generator_c.dir/rosidl_generator_c/temp_ball_detector/msg/detail/ball_distance__description.c.o[0m
[7.891s] [ 17%] [32mBuilding C object CMakeFiles/temp_ball_detector__rosidl_generator_c.dir/rosidl_generator_c/temp_ball_detector/msg/detail/ball_distance__functions.c.o[0m
[8.000s] [ 20%] [32m[1mLinking C shared library libtemp_ball_detector__rosidl_generator_c.so[0m
[8.081s] [ 20%] Built target temp_ball_detector__rosidl_generator_c
[8.103s] [ 23%] [34m[1mGenerating C type support dispatch for ROS interfaces[0m
[8.104s] [ 29%] [34m[1mGenerating C++ introspection for ROS interfaces[0m
[8.104s] [ 29%] [34m[1mGenerating C++ type support for eProsima Fast-RTPS[0m
[8.105s] [ 32%] [34m[1mGenerating C++ type support dispatch for ROS interfaces[0m
[8.112s] [ 35%] [34m[1mGenerating C type support for eProsima Fast-RTPS[0m
[8.113s] [ 38%] [34m[1mGenerating C introspection for ROS interfaces[0m
[8.640s] [ 44%] [32mBuilding CXX object CMakeFiles/temp_ball_detector__rosidl_typesupport_c.dir/rosidl_typesupport_c/temp_ball_detector/msg/ball_distance__type_support.cpp.o[0m
[8.640s] [ 44%] [32mBuilding CXX object CMakeFiles/temp_ball_detector__rosidl_typesupport_cpp.dir/rosidl_typesupport_cpp/temp_ball_detector/msg/ball_distance__type_support.cpp.o[0m
[8.685s] [ 47%] [32mBuilding CXX object CMakeFiles/temp_ball_detector__rosidl_typesupport_introspection_cpp.dir/rosidl_typesupport_introspection_cpp/temp_ball_detector/msg/detail/ball_distance__type_support.cpp.o[0m
[8.726s] [ 50%] [32mBuilding CXX object CMakeFiles/temp_ball_detector__rosidl_typesupport_fastrtps_cpp.dir/rosidl_typesupport_fastrtps_cpp/temp_ball_detector/msg/detail/dds_fastrtps/ball_distance__type_support.cpp.o[0m
[8.747s] [ 52%] [32m[1mLinking CXX shared library libtemp_ball_detector__rosidl_typesupport_c.so[0m
[8.784s] [ 55%] [32mBuilding C object CMakeFiles/temp_ball_detector__rosidl_typesupport_introspection_c.dir/rosidl_typesupport_introspection_c/temp_ball_detector/msg/detail/ball_distance__type_support.c.o[0m
[8.846s] [ 55%] Built target temp_ball_detector__rosidl_typesupport_c
[8.892s] [ 58%] [32mBuilding CXX object CMakeFiles/temp_ball_detector__rosidl_typesupport_fastrtps_c.dir/rosidl_typesupport_fastrtps_c/temp_ball_detector/msg/detail/ball_distance__type_support_c.cpp.o[0m
[8.896s] [ 61%] [32m[1mLinking C shared library libtemp_ball_detector__rosidl_typesupport_introspection_c.so[0m
[8.978s] [ 61%] Built target temp_ball_detector__rosidl_typesupport_introspection_c
[9.338s] [ 64%] [32m[1mLinking CXX shared library libtemp_ball_detector__rosidl_typesupport_cpp.so[0m
[9.371s] [ 67%] [32m[1mLinking CXX shared library libtemp_ball_detector__rosidl_typesupport_introspection_cpp.so[0m
[9.439s] [ 67%] Built target temp_ball_detector__rosidl_typesupport_cpp
[9.477s] [ 67%] Built target temp_ball_detector__rosidl_typesupport_introspection_cpp
[9.774s] [ 70%] [32m[1mLinking CXX shared library libtemp_ball_detector__rosidl_typesupport_fastrtps_cpp.so[0m
[9.869s] [ 73%] [32m[1mLinking CXX shared library libtemp_ball_detector__rosidl_typesupport_fastrtps_c.so[0m
[9.883s] [ 73%] Built target temp_ball_detector__rosidl_typesupport_fastrtps_cpp
[9.971s] [ 73%] Built target temp_ball_detector__rosidl_typesupport_fastrtps_c
[10.012s] [ 73%] Built target temp_ball_detector
[10.055s] [ 76%] [34m[1mGenerating Python code for ROS interfaces[0m
[10.587s] [ 76%] Built target temp_ball_detector__py
[10.635s] [ 79%] [32mBuilding C object CMakeFiles/temp_ball_detector__rosidl_generator_py.dir/rosidl_generator_py/temp_ball_detector/msg/_ball_distance_s.c.o[0m
[10.881s] [ 82%] [32m[1mLinking C shared library libtemp_ball_detector__rosidl_generator_py.so[0m
[10.967s] [ 82%] Built target temp_ball_detector__rosidl_generator_py
[11.008s] [ 85%] [32mBuilding C object CMakeFiles/temp_ball_detector_s__rosidl_typesupport_c.dir/rosidl_generator_py/temp_ball_detector/_temp_ball_detector_s.ep.rosidl_typesupport_c.c.o[0m
[11.011s] [ 88%] [32mBuilding C object CMakeFiles/temp_ball_detector_s__rosidl_typesupport_fastrtps_c.dir/rosidl_generator_py/temp_ball_detector/_temp_ball_detector_s.ep.rosidl_typesupport_fastrtps_c.c.o[0m
[11.011s] [ 91%] [32mBuilding C object CMakeFiles/temp_ball_detector_s__rosidl_typesupport_introspection_c.dir/rosidl_generator_py/temp_ball_detector/_temp_ball_detector_s.ep.rosidl_typesupport_introspection_c.c.o[0m
[11.217s] [ 94%] [32m[1mLinking C shared module rosidl_generator_py/temp_ball_detector/temp_ball_detector_s__rosidl_typesupport_introspection_c.so[0m
[11.221s] [ 97%] [32m[1mLinking C shared module rosidl_generator_py/temp_ball_detector/temp_ball_detector_s__rosidl_typesupport_fastrtps_c.so[0m
[11.221s] [100%] [32m[1mLinking C shared module rosidl_generator_py/temp_ball_detector/temp_ball_detector_s__rosidl_typesupport_c.so[0m
[11.282s] [100%] Built target temp_ball_detector_s__rosidl_typesupport_introspection_c
[11.284s] [100%] Built target temp_ball_detector_s__rosidl_typesupport_c
[11.288s] [100%] Built target temp_ball_detector_s__rosidl_typesupport_fastrtps_c
[11.310s] Invoked command in '/home/abyan/Documents/ALTAIR-vision/build/temp_ball_detector' returned '0': CMAKE_PREFIX_PATH=${CMAKE_PREFIX_PATH}:/opt/ros/jazzy DEBUGINFOD_URLS=https://debuginfod.ubuntu.com /usr/bin/cmake --build /home/abyan/Documents/ALTAIR-vision/build/temp_ball_detector -- -j16 -l16
[11.328s] Invoking command in '/home/abyan/Documents/ALTAIR-vision/build/temp_ball_detector': CMAKE_PREFIX_PATH=${CMAKE_PREFIX_PATH}:/opt/ros/jazzy DEBUGINFOD_URLS=https://debuginfod.ubuntu.com /usr/bin/cmake --install /home/abyan/Documents/ALTAIR-vision/build/temp_ball_detector
[11.346s] -- Install configuration: ""
[11.347s] -- Installing: /home/abyan/Documents/ALTAIR-vision/install/temp_ball_detector/share/ament_index/resource_index/rosidl_interfaces/temp_ball_detector
[11.347s] -- Installing: /home/abyan/Documents/ALTAIR-vision/install/temp_ball_detector/share/temp_ball_detector/msg/BallDistance.json
[11.348s] -- Installing: /home/abyan/Documents/ALTAIR-vision/install/temp_ball_detector/include/temp_ball_detector/temp_ball_detector
[11.348s] -- Installing: /home/abyan/Documents/ALTAIR-vision/install/temp_ball_detector/include/temp_ball_detector/temp_ball_detector/msg
[11.348s] -- Installing: /home/abyan/Documents/ALTAIR-vision/install/temp_ball_detector/include/temp_ball_detector/temp_ball_detector/msg/detail
[11.348s] -- Installing: /home/abyan/Documents/ALTAIR-vision/install/temp_ball_detector/include/temp_ball_detector/temp_ball_detector/msg/detail/ball_distance__description.c
[11.349s] -- Installing: /home/abyan/Documents/ALTAIR-vision/install/temp_ball_detector/include/temp_ball_detector/temp_ball_detector/msg/detail/ball_distance__functions.c
[11.349s] -- Installing: /home/abyan/Documents/ALTAIR-vision/install/temp_ball_detector/include/temp_ball_detector/temp_ball_detector/msg/detail/ball_distance__type_support.h
[11.349s] -- Installing: /home/abyan/Documents/ALTAIR-vision/install/temp_ball_detector/include/temp_ball_detector/temp_ball_detector/msg/detail/ball_distance__struct.h
[11.349s] -- Installing: /home/abyan/Documents/ALTAIR-vision/install/temp_ball_detector/include/temp_ball_detector/temp_ball_detector/msg/detail/ball_distance__type_support.c
[11.349s] -- Installing: /home/abyan/Documents/ALTAIR-vision/install/temp_ball_detector/include/temp_ball_detector/temp_ball_detector/msg/detail/ball_distance__functions.h
[11.350s] -- Installing: /home/abyan/Documents/ALTAIR-vision/install/temp_ball_detector/include/temp_ball_detector/temp_ball_detector/msg/ball_distance.h
[11.350s] -- Installing: /home/abyan/Documents/ALTAIR-vision/install/temp_ball_detector/include/temp_ball_detector/temp_ball_detector/msg/rosidl_generator_c__visibility_control.h
[11.350s] -- Installing: /home/abyan/Documents/ALTAIR-vision/install/temp_ball_detector/share/temp_ball_detector/environment/library_path.sh
[11.350s] -- Installing: /home/abyan/Documents/ALTAIR-vision/install/temp_ball_detector/share/temp_ball_detector/environment/library_path.dsv
[11.351s] -- Installing: /home/abyan/Documents/ALTAIR-vision/install/temp_ball_detector/lib/libtemp_ball_detector__rosidl_generator_c.so
[11.351s] -- Set non-toolchain portion of runtime path of "/home/abyan/Documents/ALTAIR-vision/install/temp_ball_detector/lib/libtemp_ball_detector__rosidl_generator_c.so" to ""
[11.351s] -- Up-to-date: /home/abyan/Documents/ALTAIR-vision/install/temp_ball_detector/include/temp_ball_detector/temp_ball_detector
[11.351s] -- Up-to-date: /home/abyan/Documents/ALTAIR-vision/install/temp_ball_detector/include/temp_ball_detector/temp_ball_detector/msg
[11.351s] -- Up-to-date: /home/abyan/Documents/ALTAIR-vision/install/temp_ball_detector/include/temp_ball_detector/temp_ball_detector/msg/detail
[11.352s] -- Installing: /home/abyan/Documents/ALTAIR-vision/install/temp_ball_detector/include/temp_ball_detector/temp_ball_detector/msg/detail/ball_distance__rosidl_typesupport_fastrtps_c.h
[11.352s] -- Installing: /home/abyan/Documents/ALTAIR-vision/install/temp_ball_detector/include/temp_ball_detector/temp_ball_detector/msg/rosidl_typesupport_fastrtps_c__visibility_control.h
[11.352s] -- Installing: /home/abyan/Documents/ALTAIR-vision/install/temp_ball_detector/lib/libtemp_ball_detector__rosidl_typesupport_fastrtps_c.so
[11.352s] -- Set non-toolchain portion of runtime path of "/home/abyan/Documents/ALTAIR-vision/install/temp_ball_detector/lib/libtemp_ball_detector__rosidl_typesupport_fastrtps_c.so" to ""
[11.352s] -- Up-to-date: /home/abyan/Documents/ALTAIR-vision/install/temp_ball_detector/include/temp_ball_detector/temp_ball_detector
[11.353s] -- Up-to-date: /home/abyan/Documents/ALTAIR-vision/install/temp_ball_detector/include/temp_ball_detector/temp_ball_detector/msg
[11.353s] -- Installing: /home/abyan/Documents/ALTAIR-vision/install/temp_ball_detector/include/temp_ball_detector/temp_ball_detector/msg/rosidl_typesupport_introspection_c__visibility_control.h
[11.353s] -- Up-to-date: /home/abyan/Documents/ALTAIR-vision/install/temp_ball_detector/include/temp_ball_detector/temp_ball_detector/msg/detail
[11.353s] -- Installing: /home/abyan/Documents/ALTAIR-vision/install/temp_ball_detector/include/temp_ball_detector/temp_ball_detector/msg/detail/ball_distance__rosidl_typesupport_introspection_c.h
[11.354s] -- Up-to-date: /home/abyan/Documents/ALTAIR-vision/install/temp_ball_detector/include/temp_ball_detector/temp_ball_detector/msg/detail/ball_distance__type_support.c
[11.354s] -- Installing: /home/abyan/Documents/ALTAIR-vision/install/temp_ball_detector/lib/libtemp_ball_detector__rosidl_typesupport_introspection_c.so
[11.354s] -- Set non-toolchain portion of runtime path of "/home/abyan/Documents/ALTAIR-vision/install/temp_ball_detector/lib/libtemp_ball_detector__rosidl_typesupport_introspection_c.so" to ""
[11.354s] -- Installing: /home/abyan/Documents/ALTAIR-vision/install/temp_ball_detector/lib/libtemp_ball_detector__rosidl_typesupport_c.so
[11.354s] -- Set non-toolchain portion of runtime path of "/home/abyan/Documents/ALTAIR-vision/install/temp_ball_detector/lib/libtemp_ball_detector__rosidl_typesupport_c.so" to ""
[11.355s] -- Up-to-date: /home/abyan/Documents/ALTAIR-vision/install/temp_ball_detector/include/temp_ball_detector/temp_ball_detector
[11.355s] -- Up-to-date: /home/abyan/Documents/ALTAIR-vision/install/temp_ball_detector/include/temp_ball_detector/temp_ball_detector/msg
[11.355s] -- Up-to-date: /home/abyan/Documents/ALTAIR-vision/install/temp_ball_detector/include/temp_ball_detector/temp_ball_detector/msg/detail
[11.355s] -- Installing: /home/abyan/Documents/ALTAIR-vision/install/temp_ball_detector/include/temp_ball_detector/temp_ball_detector/msg/detail/ball_distance__traits.hpp
[11.356s] -- Installing: /home/abyan/Documents/ALTAIR-vision/install/temp_ball_detector/include/temp_ball_detector/temp_ball_detector/msg/detail/ball_distance__builder.hpp
[11.356s] -- Installing: /home/abyan/Documents/ALTAIR-vision/install/temp_ball_detector/include/temp_ball_detector/temp_ball_detector/msg/detail/ball_distance__type_support.hpp
[11.356s] -- Installing: /home/abyan/Documents/ALTAIR-vision/install/temp_ball_detector/include/temp_ball_detector/temp_ball_detector/msg/detail/ball_distance__struct.hpp
[11.356s] -- Installing: /home/abyan/Documents/ALTAIR-vision/install/temp_ball_detector/include/temp_ball_detector/temp_ball_detector/msg/ball_distance.hpp
[11.356s] -- Installing: /home/abyan/Documents/ALTAIR-vision/install/temp_ball_detector/include/temp_ball_detector/temp_ball_detector/msg/rosidl_generator_cpp__visibility_control.hpp
[11.357s] -- Up-to-date: /home/abyan/Documents/ALTAIR-vision/install/temp_ball_detector/include/temp_ball_detector/temp_ball_detector
[11.357s] -- Up-to-date: /home/abyan/Documents/ALTAIR-vision/install/temp_ball_detector/include/temp_ball_detector/temp_ball_detector/msg
[11.357s] -- Up-to-date: /home/abyan/Documents/ALTAIR-vision/install/temp_ball_detector/include/temp_ball_detector/temp_ball_detector/msg/detail
[11.357s] -- Installing: /home/abyan/Documents/ALTAIR-vision/install/temp_ball_detector/include/temp_ball_detector/temp_ball_detector/msg/detail/ball_distance__rosidl_typesupport_fastrtps_cpp.hpp
[11.357s] -- Installing: /home/abyan/Documents/ALTAIR-vision/install/temp_ball_detector/include/temp_ball_detector/temp_ball_detector/msg/detail/dds_fastrtps
[11.358s] -- Installing: /home/abyan/Documents/ALTAIR-vision/install/temp_ball_detector/include/temp_ball_detector/temp_ball_detector/msg/rosidl_typesupport_fastrtps_cpp__visibility_control.h
[11.358s] -- Installing: /home/abyan/Documents/ALTAIR-vision/install/temp_ball_detector/lib/libtemp_ball_detector__rosidl_typesupport_fastrtps_cpp.so
[11.358s] -- Set non-toolchain portion of runtime path of "/home/abyan/Documents/ALTAIR-vision/install/temp_ball_detector/lib/libtemp_ball_detector__rosidl_typesupport_fastrtps_cpp.so" to ""
[11.358s] -- Up-to-date: /home/abyan/Documents/ALTAIR-vision/install/temp_ball_detector/include/temp_ball_detector/temp_ball_detector
[11.359s] -- Up-to-date: /home/abyan/Documents/ALTAIR-vision/install/temp_ball_detector/include/temp_ball_detector/temp_ball_detector/msg
[11.359s] -- Up-to-date: /home/abyan/Documents/ALTAIR-vision/install/temp_ball_detector/include/temp_ball_detector/temp_ball_detector/msg/detail
[11.359s] -- Installing: /home/abyan/Documents/ALTAIR-vision/install/temp_ball_detector/include/temp_ball_detector/temp_ball_detector/msg/detail/ball_distance__rosidl_typesupport_introspection_cpp.hpp
[11.360s] -- Installing: /home/abyan/Documents/ALTAIR-vision/install/temp_ball_detector/include/temp_ball_detector/temp_ball_detector/msg/detail/ball_distance__type_support.cpp
[11.360s] -- Installing: /home/abyan/Documents/ALTAIR-vision/install/temp_ball_detector/lib/libtemp_ball_detector__rosidl_typesupport_introspection_cpp.so
[11.360s] -- Set non-toolchain portion of runtime path of "/home/abyan/Documents/ALTAIR-vision/install/temp_ball_detector/lib/libtemp_ball_detector__rosidl_typesupport_introspection_cpp.so" to ""
[11.360s] -- Installing: /home/abyan/Documents/ALTAIR-vision/install/temp_ball_detector/lib/libtemp_ball_detector__rosidl_typesupport_cpp.so
[11.360s] -- Set non-toolchain portion of runtime path of "/home/abyan/Documents/ALTAIR-vision/install/temp_ball_detector/lib/libtemp_ball_detector__rosidl_typesupport_cpp.so" to ""
[11.360s] -- Installing: /home/abyan/Documents/ALTAIR-vision/install/temp_ball_detector/share/temp_ball_detector/environment/pythonpath.sh
[11.360s] -- Installing: /home/abyan/Documents/ALTAIR-vision/install/temp_ball_detector/share/temp_ball_detector/environment/pythonpath.dsv
[11.360s] -- Installing: /home/abyan/Documents/ALTAIR-vision/install/temp_ball_detector/lib/python3.12/site-packages/temp_ball_detector-0.0.0-py3.12.egg-info
[11.360s] -- Installing: /home/abyan/Documents/ALTAIR-vision/install/temp_ball_detector/lib/python3.12/site-packages/temp_ball_detector-0.0.0-py3.12.egg-info/SOURCES.txt
[11.361s] -- Installing: /home/abyan/Documents/ALTAIR-vision/install/temp_ball_detector/lib/python3.12/site-packages/temp_ball_detector-0.0.0-py3.12.egg-info/dependency_links.txt
[11.361s] -- Installing: /home/abyan/Documents/ALTAIR-vision/install/temp_ball_detector/lib/python3.12/site-packages/temp_ball_detector-0.0.0-py3.12.egg-info/top_level.txt
[11.361s] -- Installing: /home/abyan/Documents/ALTAIR-vision/install/temp_ball_detector/lib/python3.12/site-packages/temp_ball_detector-0.0.0-py3.12.egg-info/PKG-INFO
[11.361s] -- Installing: /home/abyan/Documents/ALTAIR-vision/install/temp_ball_detector/lib/python3.12/site-packages/temp_ball_detector
[11.361s] -- Installing: /home/abyan/Documents/ALTAIR-vision/install/temp_ball_detector/lib/python3.12/site-packages/temp_ball_detector/_temp_ball_detector_s.ep.rosidl_typesupport_introspection_c.c
[11.361s] -- Installing: /home/abyan/Documents/ALTAIR-vision/install/temp_ball_detector/lib/python3.12/site-packages/temp_ball_detector/_temp_ball_detector_s.ep.rosidl_typesupport_c.c
[11.361s] -- Installing: /home/abyan/Documents/ALTAIR-vision/install/temp_ball_detector/lib/python3.12/site-packages/temp_ball_detector/msg
[11.361s] -- Installing: /home/abyan/Documents/ALTAIR-vision/install/temp_ball_detector/lib/python3.12/site-packages/temp_ball_detector/msg/_ball_distance_s.c
[11.361s] -- Installing: /home/abyan/Documents/ALTAIR-vision/install/temp_ball_detector/lib/python3.12/site-packages/temp_ball_detector/msg/_ball_distance.py
[11.362s] -- Installing: /home/abyan/Documents/ALTAIR-vision/install/temp_ball_detector/lib/python3.12/site-packages/temp_ball_detector/msg/__init__.py
[11.362s] -- Installing: /home/abyan/Documents/ALTAIR-vision/install/temp_ball_detector/lib/python3.12/site-packages/temp_ball_detector/temp_ball_detector_s__rosidl_typesupport_fastrtps_c.so
[11.362s] -- Installing: /home/abyan/Documents/ALTAIR-vision/install/temp_ball_detector/lib/python3.12/site-packages/temp_ball_detector/__init__.py
[11.362s] -- Installing: /home/abyan/Documents/ALTAIR-vision/install/temp_ball_detector/lib/python3.12/site-packages/temp_ball_detector/temp_ball_detector_s__rosidl_typesupport_c.so
[11.362s] -- Installing: /home/abyan/Documents/ALTAIR-vision/install/temp_ball_detector/lib/python3.12/site-packages/temp_ball_detector/temp_ball_detector_s__rosidl_typesupport_introspection_c.so
[11.362s] -- Installing: /home/abyan/Documents/ALTAIR-vision/install/temp_ball_detector/lib/python3.12/site-packages/temp_ball_detector/_temp_ball_detector_s.ep.rosidl_typesupport_fastrtps_c.c
[11.438s] Listing '/home/abyan/Documents/ALTAIR-vision/install/temp_ball_detector/lib/python3.12/site-packages/temp_ball_detector'...
[11.438s] Compiling '/home/abyan/Documents/ALTAIR-vision/install/temp_ball_detector/lib/python3.12/site-packages/temp_ball_detector/__init__.py'...
[11.438s] Listing '/home/abyan/Documents/ALTAIR-vision/install/temp_ball_detector/lib/python3.12/site-packages/temp_ball_detector/msg'...
[11.438s] Compiling '/home/abyan/Documents/ALTAIR-vision/install/temp_ball_detector/lib/python3.12/site-packages/temp_ball_detector/msg/__init__.py'...
[11.439s] Compiling '/home/abyan/Documents/ALTAIR-vision/install/temp_ball_detector/lib/python3.12/site-packages/temp_ball_detector/msg/_ball_distance.py'...
[11.450s] -- Installing: /home/abyan/Documents/ALTAIR-vision/install/temp_ball_detector/lib/python3.12/site-packages/temp_ball_detector/temp_ball_detector_s__rosidl_typesupport_fastrtps_c.so
[11.451s] -- Set non-toolchain portion of runtime path of "/home/abyan/Documents/ALTAIR-vision/install/temp_ball_detector/lib/python3.12/site-packages/temp_ball_detector/temp_ball_detector_s__rosidl_typesupport_fastrtps_c.so" to ""
[11.451s] -- Installing: /home/abyan/Documents/ALTAIR-vision/install/temp_ball_detector/lib/python3.12/site-packages/temp_ball_detector/temp_ball_detector_s__rosidl_typesupport_introspection_c.so
[11.451s] -- Set non-toolchain portion of runtime path of "/home/abyan/Documents/ALTAIR-vision/install/temp_ball_detector/lib/python3.12/site-packages/temp_ball_detector/temp_ball_detector_s__rosidl_typesupport_introspection_c.so" to ""
[11.451s] -- Installing: /home/abyan/Documents/ALTAIR-vision/install/temp_ball_detector/lib/python3.12/site-packages/temp_ball_detector/temp_ball_detector_s__rosidl_typesupport_c.so
[11.452s] -- Set non-toolchain portion of runtime path of "/home/abyan/Documents/ALTAIR-vision/install/temp_ball_detector/lib/python3.12/site-packages/temp_ball_detector/temp_ball_detector_s__rosidl_typesupport_c.so" to ""
[11.452s] -- Installing: /home/abyan/Documents/ALTAIR-vision/install/temp_ball_detector/lib/libtemp_ball_detector__rosidl_generator_py.so
[11.452s] -- Set non-toolchain portion of runtime path of "/home/abyan/Documents/ALTAIR-vision/install/temp_ball_detector/lib/libtemp_ball_detector__rosidl_generator_py.so" to ""
[11.452s] -- Installing: /home/abyan/Documents/ALTAIR-vision/install/temp_ball_detector/share/temp_ball_detector/msg/BallDistance.idl
[11.453s] -- Installing: /home/abyan/Documents/ALTAIR-vision/install/temp_ball_detector/share/temp_ball_detector/msg/BallDistance.msg
[11.453s] -- Installing: /home/abyan/Documents/ALTAIR-vision/install/temp_ball_detector/lib/temp_ball_detector/ball_detection.py
[11.453s] -- Installing: /home/abyan/Documents/ALTAIR-vision/install/temp_ball_detector/share/ament_index/resource_index/package_run_dependencies/temp_ball_detector
[11.453s] -- Installing: /home/abyan/Documents/ALTAIR-vision/install/temp_ball_detector/share/ament_index/resource_index/parent_prefix_path/temp_ball_detector
[11.453s] -- Installing: /home/abyan/Documents/ALTAIR-vision/install/temp_ball_detector/share/temp_ball_detector/environment/ament_prefix_path.sh
[11.453s] -- Installing: /home/abyan/Documents/ALTAIR-vision/install/temp_ball_detector/share/temp_ball_detector/environment/ament_prefix_path.dsv
[11.453s] -- Installing: /home/abyan/Documents/ALTAIR-vision/install/temp_ball_detector/share/temp_ball_detector/environment/path.sh
[11.454s] -- Installing: /home/abyan/Documents/ALTAIR-vision/install/temp_ball_detector/share/temp_ball_detector/environment/path.dsv
[11.454s] -- Installing: /home/abyan/Documents/ALTAIR-vision/install/temp_ball_detector/share/temp_ball_detector/local_setup.bash
[11.454s] -- Installing: /home/abyan/Documents/ALTAIR-vision/install/temp_ball_detector/share/temp_ball_detector/local_setup.sh
[11.454s] -- Installing: /home/abyan/Documents/ALTAIR-vision/install/temp_ball_detector/share/temp_ball_detector/local_setup.zsh
[11.454s] -- Installing: /home/abyan/Documents/ALTAIR-vision/install/temp_ball_detector/share/temp_ball_detector/local_setup.dsv
[11.454s] -- Installing: /home/abyan/Documents/ALTAIR-vision/install/temp_ball_detector/share/temp_ball_detector/package.dsv
[11.454s] -- Installing: /home/abyan/Documents/ALTAIR-vision/install/temp_ball_detector/share/ament_index/resource_index/packages/temp_ball_detector
[11.455s] -- Installing: /home/abyan/Documents/ALTAIR-vision/install/temp_ball_detector/share/temp_ball_detector/cmake/export_temp_ball_detector__rosidl_generator_cExport.cmake
[11.455s] -- Installing: /home/abyan/Documents/ALTAIR-vision/install/temp_ball_detector/share/temp_ball_detector/cmake/export_temp_ball_detector__rosidl_generator_cExport-noconfig.cmake
[11.455s] -- Installing: /home/abyan/Documents/ALTAIR-vision/install/temp_ball_detector/share/temp_ball_detector/cmake/export_temp_ball_detector__rosidl_typesupport_fastrtps_cExport.cmake
[11.455s] -- Installing: /home/abyan/Documents/ALTAIR-vision/install/temp_ball_detector/share/temp_ball_detector/cmake/export_temp_ball_detector__rosidl_typesupport_fastrtps_cExport-noconfig.cmake
[11.455s] -- Installing: /home/abyan/Documents/ALTAIR-vision/install/temp_ball_detector/share/temp_ball_detector/cmake/temp_ball_detector__rosidl_typesupport_introspection_cExport.cmake
[11.455s] -- Installing: /home/abyan/Documents/ALTAIR-vision/install/temp_ball_detector/share/temp_ball_detector/cmake/temp_ball_detector__rosidl_typesupport_introspection_cExport-noconfig.cmake
[11.455s] -- Installing: /home/abyan/Documents/ALTAIR-vision/install/temp_ball_detector/share/temp_ball_detector/cmake/temp_ball_detector__rosidl_typesupport_cExport.cmake
[11.456s] -- Installing: /home/abyan/Documents/ALTAIR-vision/install/temp_ball_detector/share/temp_ball_detector/cmake/temp_ball_detector__rosidl_typesupport_cExport-noconfig.cmake
[11.456s] -- Installing: /home/abyan/Documents/ALTAIR-vision/install/temp_ball_detector/share/temp_ball_detector/cmake/export_temp_ball_detector__rosidl_generator_cppExport.cmake
[11.456s] -- Installing: /home/abyan/Documents/ALTAIR-vision/install/temp_ball_detector/share/temp_ball_detector/cmake/export_temp_ball_detector__rosidl_typesupport_fastrtps_cppExport.cmake
[11.456s] -- Installing: /home/abyan/Documents/ALTAIR-vision/install/temp_ball_detector/share/temp_ball_detector/cmake/export_temp_ball_detector__rosidl_typesupport_fastrtps_cppExport-noconfig.cmake
[11.456s] -- Installing: /home/abyan/Documents/ALTAIR-vision/install/temp_ball_detector/share/temp_ball_detector/cmake/temp_ball_detector__rosidl_typesupport_introspection_cppExport.cmake
[11.456s] -- Installing: /home/abyan/Documents/ALTAIR-vision/install/temp_ball_detector/share/temp_ball_detector/cmake/temp_ball_detector__rosidl_typesupport_introspection_cppExport-noconfig.cmake
[11.456s] -- Installing: /home/abyan/Documents/ALTAIR-vision/install/temp_ball_detector/share/temp_ball_detector/cmake/temp_ball_detector__rosidl_typesupport_cppExport.cmake
[11.457s] -- Installing: /home/abyan/Documents/ALTAIR-vision/install/temp_ball_detector/share/temp_ball_detector/cmake/temp_ball_detector__rosidl_typesupport_cppExport-noconfig.cmake
[11.457s] -- Installing: /home/abyan/Documents/ALTAIR-vision/install/temp_ball_detector/share/temp_ball_detector/cmake/export_temp_ball_detector__rosidl_generator_pyExport.cmake
[11.457s] -- Installing: /home/abyan/Documents/ALTAIR-vision/install/temp_ball_detector/share/temp_ball_detector/cmake/export_temp_ball_detector__rosidl_generator_pyExport-noconfig.cmake
[11.457s] -- Installing: /home/abyan/Documents/ALTAIR-vision/install/temp_ball_detector/share/temp_ball_detector/cmake/rosidl_cmake-extras.cmake
[11.457s] -- Installing: /home/abyan/Documents/ALTAIR-vision/install/temp_ball_detector/share/temp_ball_detector/cmake/ament_cmake_export_dependencies-extras.cmake
[11.457s] -- Installing: /home/abyan/Documents/ALTAIR-vision/install/temp_ball_detector/share/temp_ball_detector/cmake/ament_cmake_export_include_directories-extras.cmake
[11.457s] -- Installing: /home/abyan/Documents/ALTAIR-vision/install/temp_ball_detector/share/temp_ball_detector/cmake/ament_cmake_export_libraries-extras.cmake
[11.458s] -- Installing: /home/abyan/Documents/ALTAIR-vision/install/temp_ball_detector/share/temp_ball_detector/cmake/ament_cmake_export_targets-extras.cmake
[11.458s] -- Installing: /home/abyan/Documents/ALTAIR-vision/install/temp_ball_detector/share/temp_ball_detector/cmake/rosidl_cmake_export_typesupport_targets-extras.cmake
[11.458s] -- Installing: /home/abyan/Documents/ALTAIR-vision/install/temp_ball_detector/share/temp_ball_detector/cmake/rosidl_cmake_export_typesupport_libraries-extras.cmake
[11.459s] -- Installing: /home/abyan/Documents/ALTAIR-vision/install/temp_ball_detector/share/temp_ball_detector/cmake/temp_ball_detectorConfig.cmake
[11.459s] -- Installing: /home/abyan/Documents/ALTAIR-vision/install/temp_ball_detector/share/temp_ball_detector/cmake/temp_ball_detectorConfig-version.cmake
[11.459s] -- Installing: /home/abyan/Documents/ALTAIR-vision/install/temp_ball_detector/share/temp_ball_detector/package.xml
[11.463s] Invoked command in '/home/abyan/Documents/ALTAIR-vision/build/temp_ball_detector' returned '0': CMAKE_PREFIX_PATH=${CMAKE_PREFIX_PATH}:/opt/ros/jazzy DEBUGINFOD_URLS=https://debuginfod.ubuntu.com /usr/bin/cmake --install /home/abyan/Documents/ALTAIR-vision/build/temp_ball_detector
