[0.290s] Invoking command in '/home/abyan/Documents/FOR_ALTAIR/ALTAIR-vision/build/usb_cam': CMAKE_PREFIX_PATH=${CMAKE_PREFIX_PATH}:/home/abyan/Documents/FOR_ALTAIR/ALTAIR-vision/install/video_subscriber:/home/abyan/Documents/FOR_ALTAIR/ALTAIR-vision/install/soccer_field_map_generator:/home/abyan/Documents/FOR_ALTAIR/ALTAIR-vision/install/ball_detector:/opt/ros/jazzy DEBUGINFOD_URLS=https://debuginfod.ubuntu.com /usr/bin/cmake /home/abyan/Documents/FOR_ALTAIR/ALTAIR-vision/src/usb_cam -DCMAKE_INSTALL_PREFIX=/home/abyan/Documents/FOR_ALTAIR/ALTAIR-vision/install/usb_cam
[0.442s] -- The C compiler identification is GNU 13.3.0
[0.442s] -- The CXX compiler identification is GNU 13.3.0
[0.442s] -- Detecting C compiler ABI info
[0.446s] -- Detecting C compiler ABI info - done
[0.454s] -- Check for working C compiler: /usr/bin/cc - skipped
[0.455s] -- Detecting C compile features
[0.455s] -- Detecting C compile features - done
[0.462s] -- Detecting CXX compiler ABI info
[0.536s] -- Detecting CXX compiler ABI info - done
[0.545s] -- Check for working CXX compiler: /usr/bin/c++ - skipped
[0.545s] -- Detecting CXX compile features
[0.546s] -- Detecting CXX compile features - done
[0.548s] -- Found ament_cmake_auto: 2.5.3 (/opt/ros/jazzy/share/ament_cmake_auto/cmake)
[0.669s] -- Found Python3: /usr/bin/python3 (found version "3.12.3") found components: Interpreter 
[0.870s] -- Found rosidl_generator_c: 4.6.5 (/opt/ros/jazzy/share/rosidl_generator_c/cmake)
[0.883s] -- Found rosidl_generator_cpp: 4.6.5 (/opt/ros/jazzy/share/rosidl_generator_cpp/cmake)
[0.895s] -- Using all available rosidl_typesupport_c: rosidl_typesupport_fastrtps_c;rosidl_typesupport_introspection_c
[0.908s] -- Using all available rosidl_typesupport_cpp: rosidl_typesupport_fastrtps_cpp;rosidl_typesupport_introspection_cpp
[1.001s] -- Found rmw_implementation_cmake: 7.3.1 (/opt/ros/jazzy/share/rmw_implementation_cmake/cmake)
[1.004s] -- Found rmw_fastrtps_cpp: 8.4.1 (/opt/ros/jazzy/share/rmw_fastrtps_cpp/cmake)
[1.080s] -- Found OpenSSL: /usr/lib/x86_64-linux-gnu/libcrypto.so (found version "3.0.13")  
[1.102s] -- Found FastRTPS: /opt/ros/jazzy/include (Required is at least version "2.13") 
[1.128s] -- Using RMW implementation 'rmw_fastrtps_cpp' as default
[1.316s] -- Setting yaml-cpp_DIR to: '/opt/ros/jazzy/share/yaml_cpp_vendor/cmake/../../../opt/yaml_cpp_vendor/share/cmake/yaml-cpp'
[1.400s] -- Found rosidl_adapter: 4.6.5 (/opt/ros/jazzy/share/rosidl_adapter/cmake)
[1.406s] -- Found OpenCV: /usr/local (found version "4.12.0") 
[1.410s] -- Found PkgConfig: /usr/bin/pkg-config (found version "1.8.1") 
[1.411s] -- Checking for module 'libavcodec'
[1.424s] --   Found libavcodec, version 60.31.102
[1.451s] -- Checking for module 'libavutil'
[1.462s] --   Found libavutil, version 58.29.100
[1.489s] -- Checking for module 'libswscale'
[1.502s] --   Found libswscale, version 7.5.100
[1.536s] -- Found ament_lint_auto: 0.17.1 (/opt/ros/jazzy/share/ament_lint_auto/cmake)
[1.552s] -- Found gtest sources under '/opt/ros/jazzy/src/gtest_vendor': C++ tests using 'Google Test' will be built
[1.555s] -- Performing Test CMAKE_HAVE_LIBC_PTHREAD
[1.647s] -- Performing Test CMAKE_HAVE_LIBC_PTHREAD - Success
[1.648s] -- Found Threads: TRUE  
[1.654s] -- Added test 'copyright' to check source files copyright and LICENSE
[1.655s] -- Added test 'cppcheck' to perform static code analysis on C / C++ code
[1.656s] -- Configured cppcheck include dirs: /home/abyan/Documents/FOR_ALTAIR/ALTAIR-vision/src/usb_cam/include
[1.656s] -- Configured cppcheck exclude dirs and/or files: 
[1.657s] -- Added test 'cpplint' to check C / C++ code against the Google style
[1.658s] -- Configured cpplint exclude dirs and/or files: 
[1.658s] -- Added test 'flake8' to check Python code syntax and style conventions
[1.658s] -- Configured 'flake8' exclude dirs and/or files: 
[1.659s] -- Added test 'lint_cmake' to check CMake code style
[1.659s] -- Added test 'pep257' to check Python code against some of the docstring style conventions in PEP 257
[1.661s] -- Added test 'uncrustify' to check C / C++ code style
[1.661s] -- Configured uncrustify additional arguments: 
[1.661s] -- Added test 'xmllint' to check XML markup files
[1.665s] -- Configuring done (1.4s)
[1.689s] -- Generating done (0.0s)
[1.696s] -- Build files have been written to: /home/abyan/Documents/FOR_ALTAIR/ALTAIR-vision/build/usb_cam
[1.709s] Invoked command in '/home/abyan/Documents/FOR_ALTAIR/ALTAIR-vision/build/usb_cam' returned '0': CMAKE_PREFIX_PATH=${CMAKE_PREFIX_PATH}:/home/abyan/Documents/FOR_ALTAIR/ALTAIR-vision/install/video_subscriber:/home/abyan/Documents/FOR_ALTAIR/ALTAIR-vision/install/soccer_field_map_generator:/home/abyan/Documents/FOR_ALTAIR/ALTAIR-vision/install/ball_detector:/opt/ros/jazzy DEBUGINFOD_URLS=https://debuginfod.ubuntu.com /usr/bin/cmake /home/abyan/Documents/FOR_ALTAIR/ALTAIR-vision/src/usb_cam -DCMAKE_INSTALL_PREFIX=/home/abyan/Documents/FOR_ALTAIR/ALTAIR-vision/install/usb_cam
[1.710s] Invoking command in '/home/abyan/Documents/FOR_ALTAIR/ALTAIR-vision/build/usb_cam': CMAKE_PREFIX_PATH=${CMAKE_PREFIX_PATH}:/home/abyan/Documents/FOR_ALTAIR/ALTAIR-vision/install/video_subscriber:/home/abyan/Documents/FOR_ALTAIR/ALTAIR-vision/install/soccer_field_map_generator:/home/abyan/Documents/FOR_ALTAIR/ALTAIR-vision/install/ball_detector:/opt/ros/jazzy DEBUGINFOD_URLS=https://debuginfod.ubuntu.com /usr/bin/cmake --build /home/abyan/Documents/FOR_ALTAIR/ALTAIR-vision/build/usb_cam -- -j16 -l16
[1.748s] [ 14%] [32mBuilding CXX object CMakeFiles/usb_cam_node_exe.dir/rclcpp_components/node_main_usb_cam_node_exe.cpp.o[0m
[1.748s] [ 14%] [32mBuilding CXX object gtest/CMakeFiles/gtest.dir/src/gtest-all.cc.o[0m
[1.749s] [ 21%] [32mBuilding CXX object gtest/CMakeFiles/gtest_main.dir/src/gtest_main.cc.o[0m
[1.751s] [ 28%] [32mBuilding CXX object CMakeFiles/usb_cam.dir/src/usb_cam.cpp.o[0m
[2.438s] [ 35%] [32m[1mLinking CXX static library libgtest_main.a[0m
[2.495s] [ 35%] Built target gtest_main
[3.232s] [ 42%] [32m[1mLinking CXX shared library libusb_cam.so[0m
[3.406s] [ 42%] Built target usb_cam
[3.426s] [ 50%] [32mBuilding CXX object CMakeFiles/usb_cam_node.dir/src/usb_cam_node.cpp.o[0m
[4.550s] [ 57%] [32m[1mLinking CXX executable usb_cam_node_exe[0m
[4.763s] [ 57%] Built target usb_cam_node_exe
[5.118s] [ 64%] [32m[1mLinking CXX static library libgtest.a[0m
[5.186s] [ 64%] Built target gtest
[5.205s] [ 71%] [32mBuilding CXX object CMakeFiles/test_usb_cam_utils.dir/test/test_usb_cam_utils.cpp.o[0m
[5.205s] [ 78%] [32mBuilding CXX object CMakeFiles/test_pixel_formats.dir/test/test_pixel_formats.cpp.o[0m
[6.083s] [ 85%] [32m[1mLinking CXX executable test_usb_cam_utils[0m
[6.227s] [ 92%] [32m[1mLinking CXX executable test_pixel_formats[0m
[6.242s] [ 92%] Built target test_usb_cam_utils
[6.380s] [ 92%] Built target test_pixel_formats
[9.069s] [100%] [32m[1mLinking CXX shared library libusb_cam_node.so[0m
[9.331s] [100%] Built target usb_cam_node
[9.340s] Invoked command in '/home/abyan/Documents/FOR_ALTAIR/ALTAIR-vision/build/usb_cam' returned '0': CMAKE_PREFIX_PATH=${CMAKE_PREFIX_PATH}:/home/abyan/Documents/FOR_ALTAIR/ALTAIR-vision/install/video_subscriber:/home/abyan/Documents/FOR_ALTAIR/ALTAIR-vision/install/soccer_field_map_generator:/home/abyan/Documents/FOR_ALTAIR/ALTAIR-vision/install/ball_detector:/opt/ros/jazzy DEBUGINFOD_URLS=https://debuginfod.ubuntu.com /usr/bin/cmake --build /home/abyan/Documents/FOR_ALTAIR/ALTAIR-vision/build/usb_cam -- -j16 -l16
[9.341s] Invoking command in '/home/abyan/Documents/FOR_ALTAIR/ALTAIR-vision/build/usb_cam': CMAKE_PREFIX_PATH=${CMAKE_PREFIX_PATH}:/home/abyan/Documents/FOR_ALTAIR/ALTAIR-vision/install/video_subscriber:/home/abyan/Documents/FOR_ALTAIR/ALTAIR-vision/install/soccer_field_map_generator:/home/abyan/Documents/FOR_ALTAIR/ALTAIR-vision/install/ball_detector:/opt/ros/jazzy DEBUGINFOD_URLS=https://debuginfod.ubuntu.com /usr/bin/cmake --install /home/abyan/Documents/FOR_ALTAIR/ALTAIR-vision/build/usb_cam
[9.349s] -- Install configuration: ""
[9.349s] -- Installing: /home/abyan/Documents/FOR_ALTAIR/ALTAIR-vision/install/usb_cam/share/usb_cam/environment/library_path.sh
[9.349s] -- Installing: /home/abyan/Documents/FOR_ALTAIR/ALTAIR-vision/install/usb_cam/share/usb_cam/environment/library_path.dsv
[9.349s] -- Installing: /home/abyan/Documents/FOR_ALTAIR/ALTAIR-vision/install/usb_cam/lib/usb_cam/usb_cam_node_exe
[9.349s] -- Set non-toolchain portion of runtime path of "/home/abyan/Documents/FOR_ALTAIR/ALTAIR-vision/install/usb_cam/lib/usb_cam/usb_cam_node_exe" to ""
[9.349s] -- Installing: /home/abyan/Documents/FOR_ALTAIR/ALTAIR-vision/install/usb_cam/lib/usb_cam/show_image.py
[9.350s] -- Installing: /home/abyan/Documents/FOR_ALTAIR/ALTAIR-vision/install/usb_cam/lib/libusb_cam.so
[9.350s] -- Set non-toolchain portion of runtime path of "/home/abyan/Documents/FOR_ALTAIR/ALTAIR-vision/install/usb_cam/lib/libusb_cam.so" to ""
[9.350s] -- Installing: /home/abyan/Documents/FOR_ALTAIR/ALTAIR-vision/install/usb_cam/lib/libusb_cam_node.so
[9.353s] -- Set non-toolchain portion of runtime path of "/home/abyan/Documents/FOR_ALTAIR/ALTAIR-vision/install/usb_cam/lib/libusb_cam_node.so" to ""
[9.353s] -- Installing: /home/abyan/Documents/FOR_ALTAIR/ALTAIR-vision/install/usb_cam/include
[9.353s] -- Installing: /home/abyan/Documents/FOR_ALTAIR/ALTAIR-vision/install/usb_cam/include/usb_cam
[9.353s] -- Installing: /home/abyan/Documents/FOR_ALTAIR/ALTAIR-vision/install/usb_cam/include/usb_cam/usb_cam_node.hpp
[9.353s] -- Installing: /home/abyan/Documents/FOR_ALTAIR/ALTAIR-vision/install/usb_cam/include/usb_cam/constants.hpp
[9.353s] -- Installing: /home/abyan/Documents/FOR_ALTAIR/ALTAIR-vision/install/usb_cam/include/usb_cam/formats
[9.353s] -- Installing: /home/abyan/Documents/FOR_ALTAIR/ALTAIR-vision/install/usb_cam/include/usb_cam/formats/yuyv.hpp
[9.353s] -- Installing: /home/abyan/Documents/FOR_ALTAIR/ALTAIR-vision/install/usb_cam/include/usb_cam/formats/mjpeg.hpp
[9.353s] -- Installing: /home/abyan/Documents/FOR_ALTAIR/ALTAIR-vision/install/usb_cam/include/usb_cam/formats/uyvy.hpp
[9.353s] -- Installing: /home/abyan/Documents/FOR_ALTAIR/ALTAIR-vision/install/usb_cam/include/usb_cam/formats/m420.hpp
[9.354s] -- Installing: /home/abyan/Documents/FOR_ALTAIR/ALTAIR-vision/install/usb_cam/include/usb_cam/formats/pixel_format_base.hpp
[9.354s] -- Installing: /home/abyan/Documents/FOR_ALTAIR/ALTAIR-vision/install/usb_cam/include/usb_cam/formats/av_pixel_format_helper.hpp
[9.354s] -- Installing: /home/abyan/Documents/FOR_ALTAIR/ALTAIR-vision/install/usb_cam/include/usb_cam/formats/mono.hpp
[9.354s] -- Installing: /home/abyan/Documents/FOR_ALTAIR/ALTAIR-vision/install/usb_cam/include/usb_cam/formats/rgb.hpp
[9.354s] -- Installing: /home/abyan/Documents/FOR_ALTAIR/ALTAIR-vision/install/usb_cam/include/usb_cam/formats/utils.hpp
[9.354s] -- Installing: /home/abyan/Documents/FOR_ALTAIR/ALTAIR-vision/install/usb_cam/include/usb_cam/usb_cam.hpp
[9.354s] -- Installing: /home/abyan/Documents/FOR_ALTAIR/ALTAIR-vision/install/usb_cam/include/usb_cam/conversions.hpp
[9.354s] -- Installing: /home/abyan/Documents/FOR_ALTAIR/ALTAIR-vision/install/usb_cam/include/usb_cam/utils.hpp
[9.354s] -- Up-to-date: /home/abyan/Documents/FOR_ALTAIR/ALTAIR-vision/install/usb_cam/lib/libusb_cam_node.so
[9.354s] -- Installing: /home/abyan/Documents/FOR_ALTAIR/ALTAIR-vision/install/usb_cam/share/usb_cam/launch
[9.355s] -- Installing: /home/abyan/Documents/FOR_ALTAIR/ALTAIR-vision/install/usb_cam/share/usb_cam/launch/camera.launch.py
[9.355s] -- Installing: /home/abyan/Documents/FOR_ALTAIR/ALTAIR-vision/install/usb_cam/share/usb_cam/launch/camera_config.py
[9.355s] -- Installing: /home/abyan/Documents/FOR_ALTAIR/ALTAIR-vision/install/usb_cam/share/usb_cam/launch/__init__.py
[9.355s] -- Installing: /home/abyan/Documents/FOR_ALTAIR/ALTAIR-vision/install/usb_cam/share/usb_cam/config
[9.355s] -- Installing: /home/abyan/Documents/FOR_ALTAIR/ALTAIR-vision/install/usb_cam/share/usb_cam/config/camera_info.yaml
[9.355s] -- Installing: /home/abyan/Documents/FOR_ALTAIR/ALTAIR-vision/install/usb_cam/share/usb_cam/config/params_1.yaml
[9.355s] -- Installing: /home/abyan/Documents/FOR_ALTAIR/ALTAIR-vision/install/usb_cam/share/usb_cam/config/params_2.yaml
[9.355s] -- Installing: /home/abyan/Documents/FOR_ALTAIR/ALTAIR-vision/install/usb_cam/share/ament_index/resource_index/package_run_dependencies/usb_cam
[9.355s] -- Installing: /home/abyan/Documents/FOR_ALTAIR/ALTAIR-vision/install/usb_cam/share/ament_index/resource_index/parent_prefix_path/usb_cam
[9.355s] -- Installing: /home/abyan/Documents/FOR_ALTAIR/ALTAIR-vision/install/usb_cam/share/usb_cam/environment/ament_prefix_path.sh
[9.355s] -- Installing: /home/abyan/Documents/FOR_ALTAIR/ALTAIR-vision/install/usb_cam/share/usb_cam/environment/ament_prefix_path.dsv
[9.356s] -- Installing: /home/abyan/Documents/FOR_ALTAIR/ALTAIR-vision/install/usb_cam/share/usb_cam/environment/path.sh
[9.356s] -- Installing: /home/abyan/Documents/FOR_ALTAIR/ALTAIR-vision/install/usb_cam/share/usb_cam/environment/path.dsv
[9.356s] -- Installing: /home/abyan/Documents/FOR_ALTAIR/ALTAIR-vision/install/usb_cam/share/usb_cam/local_setup.bash
[9.356s] -- Installing: /home/abyan/Documents/FOR_ALTAIR/ALTAIR-vision/install/usb_cam/share/usb_cam/local_setup.sh
[9.356s] -- Installing: /home/abyan/Documents/FOR_ALTAIR/ALTAIR-vision/install/usb_cam/share/usb_cam/local_setup.zsh
[9.356s] -- Installing: /home/abyan/Documents/FOR_ALTAIR/ALTAIR-vision/install/usb_cam/share/usb_cam/local_setup.dsv
[9.356s] -- Installing: /home/abyan/Documents/FOR_ALTAIR/ALTAIR-vision/install/usb_cam/share/usb_cam/package.dsv
[9.356s] -- Installing: /home/abyan/Documents/FOR_ALTAIR/ALTAIR-vision/install/usb_cam/share/ament_index/resource_index/packages/usb_cam
[9.356s] -- Installing: /home/abyan/Documents/FOR_ALTAIR/ALTAIR-vision/install/usb_cam/share/ament_index/resource_index/rclcpp_components/usb_cam
[9.356s] -- Installing: /home/abyan/Documents/FOR_ALTAIR/ALTAIR-vision/install/usb_cam/share/usb_cam/cmake/ament_cmake_export_libraries-extras.cmake
[9.356s] -- Installing: /home/abyan/Documents/FOR_ALTAIR/ALTAIR-vision/install/usb_cam/share/usb_cam/cmake/ament_cmake_export_dependencies-extras.cmake
[9.357s] -- Installing: /home/abyan/Documents/FOR_ALTAIR/ALTAIR-vision/install/usb_cam/share/usb_cam/cmake/ament_cmake_export_include_directories-extras.cmake
[9.357s] -- Installing: /home/abyan/Documents/FOR_ALTAIR/ALTAIR-vision/install/usb_cam/share/usb_cam/cmake/usb_camConfig.cmake
[9.357s] -- Installing: /home/abyan/Documents/FOR_ALTAIR/ALTAIR-vision/install/usb_cam/share/usb_cam/cmake/usb_camConfig-version.cmake
[9.357s] -- Installing: /home/abyan/Documents/FOR_ALTAIR/ALTAIR-vision/install/usb_cam/share/usb_cam/package.xml
[9.358s] Invoked command in '/home/abyan/Documents/FOR_ALTAIR/ALTAIR-vision/build/usb_cam' returned '0': CMAKE_PREFIX_PATH=${CMAKE_PREFIX_PATH}:/home/abyan/Documents/FOR_ALTAIR/ALTAIR-vision/install/video_subscriber:/home/abyan/Documents/FOR_ALTAIR/ALTAIR-vision/install/soccer_field_map_generator:/home/abyan/Documents/FOR_ALTAIR/ALTAIR-vision/install/ball_detector:/opt/ros/jazzy DEBUGINFOD_URLS=https://debuginfod.ubuntu.com /usr/bin/cmake --install /home/abyan/Documents/FOR_ALTAIR/ALTAIR-vision/build/usb_cam
