[0.451s] Invoking command in '/home/abyan/Documents/FOR_ALTAIR/ALTAIR-vision/build/vision_msg': DEBUGINFOD_URLS=https://debuginfod.ubuntu.com /usr/bin/cmake /home/abyan/Documents/FOR_ALTAIR/ALTAIR-vision/src/vision_msg -DCMAKE_INSTALL_PREFIX=/home/abyan/Documents/FOR_ALTAIR/ALTAIR-vision/install/vision_msg
[0.457s] [33mCMake Warning (dev) in CMakeLists.txt:
[0.457s]   No project() command is present.  The top-level CMakeLists.txt file must
[0.457s]   contain a literal, direct call to the project() command.  Add a line of
[0.457s]   code such as
[0.457s] 
[0.457s]     project(ProjectName)
[0.457s] 
[0.458s]   near the top of the file, but after cmake_minimum_required().
[0.458s] 
[0.458s]   CMake is pretending there is a "project(Project)" command on the first
[0.458s]   line.
[0.458s] This warning is for project developers.  Use -Wno-dev to suppress it.
[0.458s] [0m
[0.458s] [33mCMake Warning (dev) in CMakeLists.txt:
[0.458s]   cmake_minimum_required() should be called prior to this top-level project()
[0.458s]   call.  Please see the cmake-commands(7) manual for usage documentation of
[0.459s]   both commands.
[0.459s] This warning is for project developers.  Use -Wno-dev to suppress it.
[0.459s] [0m
[0.499s] -- The C compiler identification is GNU 13.3.0
[0.557s] -- The CXX compiler identification is GNU 13.3.0
[0.574s] -- Detecting C compiler ABI info
[0.652s] -- Detecting C compiler ABI info - done
[0.662s] -- Check for working C compiler: /usr/bin/cc - skipped
[0.663s] -- Detecting C compile features
[0.663s] -- Detecting C compile features - done
[0.673s] -- Detecting CXX compiler ABI info
[0.762s] -- Detecting CXX compiler ABI info - done
[0.771s] -- Check for working CXX compiler: /usr/bin/c++ - skipped
[0.771s] -- Detecting CXX compile features
[0.772s] -- Detecting CXX compile features - done
[0.773s] -- Configuring done (0.3s)
[0.773s] -- Generating done (0.0s)
[0.774s] -- Build files have been written to: /home/abyan/Documents/FOR_ALTAIR/ALTAIR-vision/build/vision_msg
[0.777s] Invoked command in '/home/abyan/Documents/FOR_ALTAIR/ALTAIR-vision/build/vision_msg' returned '0': DEBUGINFOD_URLS=https://debuginfod.ubuntu.com /usr/bin/cmake /home/abyan/Documents/FOR_ALTAIR/ALTAIR-vision/src/vision_msg -DCMAKE_INSTALL_PREFIX=/home/abyan/Documents/FOR_ALTAIR/ALTAIR-vision/install/vision_msg
[0.778s] Invoking command in '/home/abyan/Documents/FOR_ALTAIR/ALTAIR-vision/build/vision_msg': DEBUGINFOD_URLS=https://debuginfod.ubuntu.com /usr/bin/cmake --build /home/abyan/Documents/FOR_ALTAIR/ALTAIR-vision/build/vision_msg -- -j16 -l16
[0.810s] Invoked command in '/home/abyan/Documents/FOR_ALTAIR/ALTAIR-vision/build/vision_msg' returned '0': DEBUGINFOD_URLS=https://debuginfod.ubuntu.com /usr/bin/cmake --build /home/abyan/Documents/FOR_ALTAIR/ALTAIR-vision/build/vision_msg -- -j16 -l16
