/home/abyan/Documents/ALTAIR-vision/install/soccer_field_map_generator/lib/python3.12/site-packages/soccer_field_map_generator/generator.py
/home/abyan/Documents/ALTAIR-vision/install/soccer_field_map_generator/lib/python3.12/site-packages/soccer_field_map_generator/tooltip.py
/home/abyan/Documents/ALTAIR-vision/install/soccer_field_map_generator/lib/python3.12/site-packages/soccer_field_map_generator/cli.py
/home/abyan/Documents/ALTAIR-vision/install/soccer_field_map_generator/lib/python3.12/site-packages/soccer_field_map_generator/__init__.py
/home/abyan/Documents/ALTAIR-vision/install/soccer_field_map_generator/lib/python3.12/site-packages/soccer_field_map_generator/gui.py
/home/abyan/Documents/ALTAIR-vision/install/soccer_field_map_generator/lib/python3.12/site-packages/soccer_field_map_generator/__pycache__/generator.cpython-312.pyc
/home/abyan/Documents/ALTAIR-vision/install/soccer_field_map_generator/lib/python3.12/site-packages/soccer_field_map_generator/__pycache__/tooltip.cpython-312.pyc
/home/abyan/Documents/ALTAIR-vision/install/soccer_field_map_generator/lib/python3.12/site-packages/soccer_field_map_generator/__pycache__/cli.cpython-312.pyc
/home/abyan/Documents/ALTAIR-vision/install/soccer_field_map_generator/lib/python3.12/site-packages/soccer_field_map_generator/__pycache__/__init__.cpython-312.pyc
/home/abyan/Documents/ALTAIR-vision/install/soccer_field_map_generator/lib/python3.12/site-packages/soccer_field_map_generator/__pycache__/gui.cpython-312.pyc
/home/abyan/Documents/ALTAIR-vision/install/soccer_field_map_generator/share/ament_index/resource_index/packages/soccer_field_map_generator
/home/abyan/Documents/ALTAIR-vision/install/soccer_field_map_generator/share/soccer_field_map_generator/package.xml
/home/abyan/Documents/ALTAIR-vision/install/soccer_field_map_generator/lib/python3.12/site-packages/soccer_field_map_generator-0.0.0-py3.12.egg-info/requires.txt
/home/abyan/Documents/ALTAIR-vision/install/soccer_field_map_generator/lib/python3.12/site-packages/soccer_field_map_generator-0.0.0-py3.12.egg-info/SOURCES.txt
/home/abyan/Documents/ALTAIR-vision/install/soccer_field_map_generator/lib/python3.12/site-packages/soccer_field_map_generator-0.0.0-py3.12.egg-info/entry_points.txt
/home/abyan/Documents/ALTAIR-vision/install/soccer_field_map_generator/lib/python3.12/site-packages/soccer_field_map_generator-0.0.0-py3.12.egg-info/dependency_links.txt
/home/abyan/Documents/ALTAIR-vision/install/soccer_field_map_generator/lib/python3.12/site-packages/soccer_field_map_generator-0.0.0-py3.12.egg-info/top_level.txt
/home/abyan/Documents/ALTAIR-vision/install/soccer_field_map_generator/lib/python3.12/site-packages/soccer_field_map_generator-0.0.0-py3.12.egg-info/zip-safe
/home/abyan/Documents/ALTAIR-vision/install/soccer_field_map_generator/lib/python3.12/site-packages/soccer_field_map_generator-0.0.0-py3.12.egg-info/PKG-INFO
/home/abyan/Documents/ALTAIR-vision/install/soccer_field_map_generator/lib/soccer_field_map_generator/cli
/home/abyan/Documents/ALTAIR-vision/install/soccer_field_map_generator/lib/soccer_field_map_generator/gui
