[0.379s] Invoking command in '/home/abyan/Documents/ALTAIR-vision/build/temp_ball_detector': CMAKE_PREFIX_PATH=${CMAKE_PREFIX_PATH}:/opt/ros/jazzy DEBUGINFOD_URLS=https://debuginfod.ubuntu.com /usr/bin/cmake --build /home/abyan/Documents/ALTAIR-vision/build/temp_ball_detector -- -j16 -l16
[0.577s] [  2%] Built target temp_ball_detector__rosidl_generator_type_description
[0.578s] [  2%] Built target ament_cmake_python_copy_temp_ball_detector
[0.578s] [  5%] Built target temp_ball_detector__cpp
[0.578s] [ 20%] Built target temp_ball_detector__rosidl_generator_c
[0.578s] [ 29%] Built target temp_ball_detector__rosidl_typesupport_c
[0.578s] [ 47%] Built target temp_ball_detector__rosidl_typesupport_introspection_c
[0.578s] [ 47%] Built target temp_ball_detector__rosidl_typesupport_fastrtps_c
[0.578s] [ 55%] Built target temp_ball_detector__rosidl_typesupport_cpp
[0.578s] [ 64%] Built target temp_ball_detector__rosidl_typesupport_introspection_cpp
[0.578s] [ 73%] Built target temp_ball_detector__rosidl_typesupport_fastrtps_cpp
[0.578s] [ 73%] Built target temp_ball_detector
[0.578s] [ 76%] Built target temp_ball_detector__py
[0.578s] [ 82%] Built target temp_ball_detector__rosidl_generator_py
[0.595s] [ 94%] Built target temp_ball_detector_s__rosidl_typesupport_c
[0.595s] [ 94%] Built target temp_ball_detector_s__rosidl_typesupport_introspection_c
[0.595s] [100%] Built target temp_ball_detector_s__rosidl_typesupport_fastrtps_c
[0.762s] running egg_info
[0.800s] writing temp_ball_detector.egg-info/PKG-INFO
[0.801s] writing dependency_links to temp_ball_detector.egg-info/dependency_links.txt
[0.801s] writing top-level names to temp_ball_detector.egg-info/top_level.txt
[0.899s] reading manifest file 'temp_ball_detector.egg-info/SOURCES.txt'
[0.900s] writing manifest file 'temp_ball_detector.egg-info/SOURCES.txt'
[0.962s] [100%] Built target ament_cmake_python_build_temp_ball_detector_egg
[0.988s] Invoked command in '/home/abyan/Documents/ALTAIR-vision/build/temp_ball_detector' returned '0': CMAKE_PREFIX_PATH=${CMAKE_PREFIX_PATH}:/opt/ros/jazzy DEBUGINFOD_URLS=https://debuginfod.ubuntu.com /usr/bin/cmake --build /home/abyan/Documents/ALTAIR-vision/build/temp_ball_detector -- -j16 -l16
[0.992s] Invoking command in '/home/abyan/Documents/ALTAIR-vision/build/temp_ball_detector': CMAKE_PREFIX_PATH=${CMAKE_PREFIX_PATH}:/opt/ros/jazzy DEBUGINFOD_URLS=https://debuginfod.ubuntu.com /usr/bin/cmake --install /home/abyan/Documents/ALTAIR-vision/build/temp_ball_detector
[1.009s] -- Install configuration: ""
[1.010s] -- Up-to-date: /home/abyan/Documents/ALTAIR-vision/install/temp_ball_detector/share/ament_index/resource_index/rosidl_interfaces/temp_ball_detector
[1.011s] -- Up-to-date: /home/abyan/Documents/ALTAIR-vision/install/temp_ball_detector/share/temp_ball_detector/msg/BallDistance.json
[1.011s] -- Up-to-date: /home/abyan/Documents/ALTAIR-vision/install/temp_ball_detector/include/temp_ball_detector/temp_ball_detector
[1.011s] -- Up-to-date: /home/abyan/Documents/ALTAIR-vision/install/temp_ball_detector/include/temp_ball_detector/temp_ball_detector/msg
[1.011s] -- Up-to-date: /home/abyan/Documents/ALTAIR-vision/install/temp_ball_detector/include/temp_ball_detector/temp_ball_detector/msg/detail
[1.011s] -- Up-to-date: /home/abyan/Documents/ALTAIR-vision/install/temp_ball_detector/include/temp_ball_detector/temp_ball_detector/msg/detail/ball_distance__description.c
[1.012s] -- Up-to-date: /home/abyan/Documents/ALTAIR-vision/install/temp_ball_detector/include/temp_ball_detector/temp_ball_detector/msg/detail/ball_distance__functions.c
[1.012s] -- Up-to-date: /home/abyan/Documents/ALTAIR-vision/install/temp_ball_detector/include/temp_ball_detector/temp_ball_detector/msg/detail/ball_distance__type_support.h
[1.012s] -- Up-to-date: /home/abyan/Documents/ALTAIR-vision/install/temp_ball_detector/include/temp_ball_detector/temp_ball_detector/msg/detail/ball_distance__struct.h
[1.012s] -- Up-to-date: /home/abyan/Documents/ALTAIR-vision/install/temp_ball_detector/include/temp_ball_detector/temp_ball_detector/msg/detail/ball_distance__type_support.c
[1.012s] -- Up-to-date: /home/abyan/Documents/ALTAIR-vision/install/temp_ball_detector/include/temp_ball_detector/temp_ball_detector/msg/detail/ball_distance__functions.h
[1.012s] -- Up-to-date: /home/abyan/Documents/ALTAIR-vision/install/temp_ball_detector/include/temp_ball_detector/temp_ball_detector/msg/ball_distance.h
[1.012s] -- Up-to-date: /home/abyan/Documents/ALTAIR-vision/install/temp_ball_detector/include/temp_ball_detector/temp_ball_detector/msg/rosidl_generator_c__visibility_control.h
[1.012s] -- Up-to-date: /home/abyan/Documents/ALTAIR-vision/install/temp_ball_detector/share/temp_ball_detector/environment/library_path.sh
[1.013s] -- Up-to-date: /home/abyan/Documents/ALTAIR-vision/install/temp_ball_detector/share/temp_ball_detector/environment/library_path.dsv
[1.013s] -- Up-to-date: /home/abyan/Documents/ALTAIR-vision/install/temp_ball_detector/lib/libtemp_ball_detector__rosidl_generator_c.so
[1.013s] -- Up-to-date: /home/abyan/Documents/ALTAIR-vision/install/temp_ball_detector/include/temp_ball_detector/temp_ball_detector
[1.013s] -- Up-to-date: /home/abyan/Documents/ALTAIR-vision/install/temp_ball_detector/include/temp_ball_detector/temp_ball_detector/msg
[1.013s] -- Up-to-date: /home/abyan/Documents/ALTAIR-vision/install/temp_ball_detector/include/temp_ball_detector/temp_ball_detector/msg/detail
[1.013s] -- Up-to-date: /home/abyan/Documents/ALTAIR-vision/install/temp_ball_detector/include/temp_ball_detector/temp_ball_detector/msg/detail/ball_distance__rosidl_typesupport_fastrtps_c.h
[1.013s] -- Up-to-date: /home/abyan/Documents/ALTAIR-vision/install/temp_ball_detector/include/temp_ball_detector/temp_ball_detector/msg/rosidl_typesupport_fastrtps_c__visibility_control.h
[1.014s] -- Up-to-date: /home/abyan/Documents/ALTAIR-vision/install/temp_ball_detector/lib/libtemp_ball_detector__rosidl_typesupport_fastrtps_c.so
[1.014s] -- Up-to-date: /home/abyan/Documents/ALTAIR-vision/install/temp_ball_detector/include/temp_ball_detector/temp_ball_detector
[1.014s] -- Up-to-date: /home/abyan/Documents/ALTAIR-vision/install/temp_ball_detector/include/temp_ball_detector/temp_ball_detector/msg
[1.014s] -- Up-to-date: /home/abyan/Documents/ALTAIR-vision/install/temp_ball_detector/include/temp_ball_detector/temp_ball_detector/msg/rosidl_typesupport_introspection_c__visibility_control.h
[1.014s] -- Up-to-date: /home/abyan/Documents/ALTAIR-vision/install/temp_ball_detector/include/temp_ball_detector/temp_ball_detector/msg/detail
[1.014s] -- Up-to-date: /home/abyan/Documents/ALTAIR-vision/install/temp_ball_detector/include/temp_ball_detector/temp_ball_detector/msg/detail/ball_distance__rosidl_typesupport_introspection_c.h
[1.014s] -- Up-to-date: /home/abyan/Documents/ALTAIR-vision/install/temp_ball_detector/include/temp_ball_detector/temp_ball_detector/msg/detail/ball_distance__type_support.c
[1.015s] -- Up-to-date: /home/abyan/Documents/ALTAIR-vision/install/temp_ball_detector/lib/libtemp_ball_detector__rosidl_typesupport_introspection_c.so
[1.015s] -- Up-to-date: /home/abyan/Documents/ALTAIR-vision/install/temp_ball_detector/lib/libtemp_ball_detector__rosidl_typesupport_c.so
[1.015s] -- Up-to-date: /home/abyan/Documents/ALTAIR-vision/install/temp_ball_detector/include/temp_ball_detector/temp_ball_detector
[1.015s] -- Up-to-date: /home/abyan/Documents/ALTAIR-vision/install/temp_ball_detector/include/temp_ball_detector/temp_ball_detector/msg
[1.015s] -- Up-to-date: /home/abyan/Documents/ALTAIR-vision/install/temp_ball_detector/include/temp_ball_detector/temp_ball_detector/msg/detail
[1.015s] -- Up-to-date: /home/abyan/Documents/ALTAIR-vision/install/temp_ball_detector/include/temp_ball_detector/temp_ball_detector/msg/detail/ball_distance__traits.hpp
[1.016s] -- Up-to-date: /home/abyan/Documents/ALTAIR-vision/install/temp_ball_detector/include/temp_ball_detector/temp_ball_detector/msg/detail/ball_distance__builder.hpp
[1.016s] -- Up-to-date: /home/abyan/Documents/ALTAIR-vision/install/temp_ball_detector/include/temp_ball_detector/temp_ball_detector/msg/detail/ball_distance__type_support.hpp
[1.016s] -- Up-to-date: /home/abyan/Documents/ALTAIR-vision/install/temp_ball_detector/include/temp_ball_detector/temp_ball_detector/msg/detail/ball_distance__struct.hpp
[1.016s] -- Up-to-date: /home/abyan/Documents/ALTAIR-vision/install/temp_ball_detector/include/temp_ball_detector/temp_ball_detector/msg/ball_distance.hpp
[1.016s] -- Up-to-date: /home/abyan/Documents/ALTAIR-vision/install/temp_ball_detector/include/temp_ball_detector/temp_ball_detector/msg/rosidl_generator_cpp__visibility_control.hpp
[1.016s] -- Up-to-date: /home/abyan/Documents/ALTAIR-vision/install/temp_ball_detector/include/temp_ball_detector/temp_ball_detector
[1.016s] -- Up-to-date: /home/abyan/Documents/ALTAIR-vision/install/temp_ball_detector/include/temp_ball_detector/temp_ball_detector/msg
[1.017s] -- Up-to-date: /home/abyan/Documents/ALTAIR-vision/install/temp_ball_detector/include/temp_ball_detector/temp_ball_detector/msg/detail
[1.017s] -- Up-to-date: /home/abyan/Documents/ALTAIR-vision/install/temp_ball_detector/include/temp_ball_detector/temp_ball_detector/msg/detail/ball_distance__rosidl_typesupport_fastrtps_cpp.hpp
[1.017s] -- Up-to-date: /home/abyan/Documents/ALTAIR-vision/install/temp_ball_detector/include/temp_ball_detector/temp_ball_detector/msg/detail/dds_fastrtps
[1.017s] -- Up-to-date: /home/abyan/Documents/ALTAIR-vision/install/temp_ball_detector/include/temp_ball_detector/temp_ball_detector/msg/rosidl_typesupport_fastrtps_cpp__visibility_control.h
[1.017s] -- Up-to-date: /home/abyan/Documents/ALTAIR-vision/install/temp_ball_detector/lib/libtemp_ball_detector__rosidl_typesupport_fastrtps_cpp.so
[1.017s] -- Up-to-date: /home/abyan/Documents/ALTAIR-vision/install/temp_ball_detector/include/temp_ball_detector/temp_ball_detector
[1.017s] -- Up-to-date: /home/abyan/Documents/ALTAIR-vision/install/temp_ball_detector/include/temp_ball_detector/temp_ball_detector/msg
[1.017s] -- Up-to-date: /home/abyan/Documents/ALTAIR-vision/install/temp_ball_detector/include/temp_ball_detector/temp_ball_detector/msg/detail
[1.018s] -- Up-to-date: /home/abyan/Documents/ALTAIR-vision/install/temp_ball_detector/include/temp_ball_detector/temp_ball_detector/msg/detail/ball_distance__rosidl_typesupport_introspection_cpp.hpp
[1.018s] -- Up-to-date: /home/abyan/Documents/ALTAIR-vision/install/temp_ball_detector/include/temp_ball_detector/temp_ball_detector/msg/detail/ball_distance__type_support.cpp
[1.018s] -- Up-to-date: /home/abyan/Documents/ALTAIR-vision/install/temp_ball_detector/lib/libtemp_ball_detector__rosidl_typesupport_introspection_cpp.so
[1.018s] -- Up-to-date: /home/abyan/Documents/ALTAIR-vision/install/temp_ball_detector/lib/libtemp_ball_detector__rosidl_typesupport_cpp.so
[1.018s] -- Up-to-date: /home/abyan/Documents/ALTAIR-vision/install/temp_ball_detector/share/temp_ball_detector/environment/pythonpath.sh
[1.018s] -- Up-to-date: /home/abyan/Documents/ALTAIR-vision/install/temp_ball_detector/share/temp_ball_detector/environment/pythonpath.dsv
[1.018s] -- Up-to-date: /home/abyan/Documents/ALTAIR-vision/install/temp_ball_detector/lib/python3.12/site-packages/temp_ball_detector-0.0.0-py3.12.egg-info
[1.019s] -- Installing: /home/abyan/Documents/ALTAIR-vision/install/temp_ball_detector/lib/python3.12/site-packages/temp_ball_detector-0.0.0-py3.12.egg-info/SOURCES.txt
[1.019s] -- Installing: /home/abyan/Documents/ALTAIR-vision/install/temp_ball_detector/lib/python3.12/site-packages/temp_ball_detector-0.0.0-py3.12.egg-info/dependency_links.txt
[1.019s] -- Installing: /home/abyan/Documents/ALTAIR-vision/install/temp_ball_detector/lib/python3.12/site-packages/temp_ball_detector-0.0.0-py3.12.egg-info/top_level.txt
[1.019s] -- Installing: /home/abyan/Documents/ALTAIR-vision/install/temp_ball_detector/lib/python3.12/site-packages/temp_ball_detector-0.0.0-py3.12.egg-info/PKG-INFO
[1.019s] -- Up-to-date: /home/abyan/Documents/ALTAIR-vision/install/temp_ball_detector/lib/python3.12/site-packages/temp_ball_detector
[1.019s] -- Up-to-date: /home/abyan/Documents/ALTAIR-vision/install/temp_ball_detector/lib/python3.12/site-packages/temp_ball_detector/_temp_ball_detector_s.ep.rosidl_typesupport_introspection_c.c
[1.020s] -- Up-to-date: /home/abyan/Documents/ALTAIR-vision/install/temp_ball_detector/lib/python3.12/site-packages/temp_ball_detector/_temp_ball_detector_s.ep.rosidl_typesupport_c.c
[1.020s] -- Up-to-date: /home/abyan/Documents/ALTAIR-vision/install/temp_ball_detector/lib/python3.12/site-packages/temp_ball_detector/msg
[1.020s] -- Up-to-date: /home/abyan/Documents/ALTAIR-vision/install/temp_ball_detector/lib/python3.12/site-packages/temp_ball_detector/msg/_ball_distance_s.c
[1.020s] -- Up-to-date: /home/abyan/Documents/ALTAIR-vision/install/temp_ball_detector/lib/python3.12/site-packages/temp_ball_detector/msg/_ball_distance.py
[1.020s] -- Up-to-date: /home/abyan/Documents/ALTAIR-vision/install/temp_ball_detector/lib/python3.12/site-packages/temp_ball_detector/msg/__init__.py
[1.020s] -- Up-to-date: /home/abyan/Documents/ALTAIR-vision/install/temp_ball_detector/lib/python3.12/site-packages/temp_ball_detector/temp_ball_detector_s__rosidl_typesupport_fastrtps_c.so
[1.020s] -- Up-to-date: /home/abyan/Documents/ALTAIR-vision/install/temp_ball_detector/lib/python3.12/site-packages/temp_ball_detector/__init__.py
[1.021s] -- Up-to-date: /home/abyan/Documents/ALTAIR-vision/install/temp_ball_detector/lib/python3.12/site-packages/temp_ball_detector/temp_ball_detector_s__rosidl_typesupport_c.so
[1.021s] -- Up-to-date: /home/abyan/Documents/ALTAIR-vision/install/temp_ball_detector/lib/python3.12/site-packages/temp_ball_detector/temp_ball_detector_s__rosidl_typesupport_introspection_c.so
[1.021s] -- Up-to-date: /home/abyan/Documents/ALTAIR-vision/install/temp_ball_detector/lib/python3.12/site-packages/temp_ball_detector/_temp_ball_detector_s.ep.rosidl_typesupport_fastrtps_c.c
[1.099s] Listing '/home/abyan/Documents/ALTAIR-vision/install/temp_ball_detector/lib/python3.12/site-packages/temp_ball_detector'...
[1.099s] Listing '/home/abyan/Documents/ALTAIR-vision/install/temp_ball_detector/lib/python3.12/site-packages/temp_ball_detector/msg'...
[1.112s] -- Up-to-date: /home/abyan/Documents/ALTAIR-vision/install/temp_ball_detector/lib/python3.12/site-packages/temp_ball_detector/temp_ball_detector_s__rosidl_typesupport_fastrtps_c.so
[1.112s] -- Up-to-date: /home/abyan/Documents/ALTAIR-vision/install/temp_ball_detector/lib/python3.12/site-packages/temp_ball_detector/temp_ball_detector_s__rosidl_typesupport_introspection_c.so
[1.113s] -- Up-to-date: /home/abyan/Documents/ALTAIR-vision/install/temp_ball_detector/lib/python3.12/site-packages/temp_ball_detector/temp_ball_detector_s__rosidl_typesupport_c.so
[1.114s] -- Up-to-date: /home/abyan/Documents/ALTAIR-vision/install/temp_ball_detector/lib/libtemp_ball_detector__rosidl_generator_py.so
[1.114s] -- Up-to-date: /home/abyan/Documents/ALTAIR-vision/install/temp_ball_detector/share/temp_ball_detector/msg/BallDistance.idl
[1.114s] -- Up-to-date: /home/abyan/Documents/ALTAIR-vision/install/temp_ball_detector/share/temp_ball_detector/msg/BallDistance.msg
[1.114s] -- Up-to-date: /home/abyan/Documents/ALTAIR-vision/install/temp_ball_detector/lib/temp_ball_detector/ball_detection.py
[1.114s] -- Up-to-date: /home/abyan/Documents/ALTAIR-vision/install/temp_ball_detector/share/ament_index/resource_index/package_run_dependencies/temp_ball_detector
[1.115s] -- Up-to-date: /home/abyan/Documents/ALTAIR-vision/install/temp_ball_detector/share/ament_index/resource_index/parent_prefix_path/temp_ball_detector
[1.115s] -- Up-to-date: /home/abyan/Documents/ALTAIR-vision/install/temp_ball_detector/share/temp_ball_detector/environment/ament_prefix_path.sh
[1.115s] -- Up-to-date: /home/abyan/Documents/ALTAIR-vision/install/temp_ball_detector/share/temp_ball_detector/environment/ament_prefix_path.dsv
[1.115s] -- Up-to-date: /home/abyan/Documents/ALTAIR-vision/install/temp_ball_detector/share/temp_ball_detector/environment/path.sh
[1.115s] -- Up-to-date: /home/abyan/Documents/ALTAIR-vision/install/temp_ball_detector/share/temp_ball_detector/environment/path.dsv
[1.115s] -- Up-to-date: /home/abyan/Documents/ALTAIR-vision/install/temp_ball_detector/share/temp_ball_detector/local_setup.bash
[1.115s] -- Up-to-date: /home/abyan/Documents/ALTAIR-vision/install/temp_ball_detector/share/temp_ball_detector/local_setup.sh
[1.115s] -- Up-to-date: /home/abyan/Documents/ALTAIR-vision/install/temp_ball_detector/share/temp_ball_detector/local_setup.zsh
[1.115s] -- Up-to-date: /home/abyan/Documents/ALTAIR-vision/install/temp_ball_detector/share/temp_ball_detector/local_setup.dsv
[1.116s] -- Installing: /home/abyan/Documents/ALTAIR-vision/install/temp_ball_detector/share/temp_ball_detector/package.dsv
[1.116s] -- Up-to-date: /home/abyan/Documents/ALTAIR-vision/install/temp_ball_detector/share/ament_index/resource_index/packages/temp_ball_detector
[1.116s] -- Up-to-date: /home/abyan/Documents/ALTAIR-vision/install/temp_ball_detector/share/temp_ball_detector/cmake/export_temp_ball_detector__rosidl_generator_cExport.cmake
[1.116s] -- Up-to-date: /home/abyan/Documents/ALTAIR-vision/install/temp_ball_detector/share/temp_ball_detector/cmake/export_temp_ball_detector__rosidl_generator_cExport-noconfig.cmake
[1.116s] -- Up-to-date: /home/abyan/Documents/ALTAIR-vision/install/temp_ball_detector/share/temp_ball_detector/cmake/export_temp_ball_detector__rosidl_typesupport_fastrtps_cExport.cmake
[1.116s] -- Up-to-date: /home/abyan/Documents/ALTAIR-vision/install/temp_ball_detector/share/temp_ball_detector/cmake/export_temp_ball_detector__rosidl_typesupport_fastrtps_cExport-noconfig.cmake
[1.117s] -- Up-to-date: /home/abyan/Documents/ALTAIR-vision/install/temp_ball_detector/share/temp_ball_detector/cmake/temp_ball_detector__rosidl_typesupport_introspection_cExport.cmake
[1.117s] -- Up-to-date: /home/abyan/Documents/ALTAIR-vision/install/temp_ball_detector/share/temp_ball_detector/cmake/temp_ball_detector__rosidl_typesupport_introspection_cExport-noconfig.cmake
[1.117s] -- Up-to-date: /home/abyan/Documents/ALTAIR-vision/install/temp_ball_detector/share/temp_ball_detector/cmake/temp_ball_detector__rosidl_typesupport_cExport.cmake
[1.117s] -- Up-to-date: /home/abyan/Documents/ALTAIR-vision/install/temp_ball_detector/share/temp_ball_detector/cmake/temp_ball_detector__rosidl_typesupport_cExport-noconfig.cmake
[1.118s] -- Up-to-date: /home/abyan/Documents/ALTAIR-vision/install/temp_ball_detector/share/temp_ball_detector/cmake/export_temp_ball_detector__rosidl_generator_cppExport.cmake
[1.118s] -- Up-to-date: /home/abyan/Documents/ALTAIR-vision/install/temp_ball_detector/share/temp_ball_detector/cmake/export_temp_ball_detector__rosidl_typesupport_fastrtps_cppExport.cmake
[1.118s] -- Up-to-date: /home/abyan/Documents/ALTAIR-vision/install/temp_ball_detector/share/temp_ball_detector/cmake/export_temp_ball_detector__rosidl_typesupport_fastrtps_cppExport-noconfig.cmake
[1.118s] -- Up-to-date: /home/abyan/Documents/ALTAIR-vision/install/temp_ball_detector/share/temp_ball_detector/cmake/temp_ball_detector__rosidl_typesupport_introspection_cppExport.cmake
[1.118s] -- Up-to-date: /home/abyan/Documents/ALTAIR-vision/install/temp_ball_detector/share/temp_ball_detector/cmake/temp_ball_detector__rosidl_typesupport_introspection_cppExport-noconfig.cmake
[1.119s] -- Up-to-date: /home/abyan/Documents/ALTAIR-vision/install/temp_ball_detector/share/temp_ball_detector/cmake/temp_ball_detector__rosidl_typesupport_cppExport.cmake
[1.119s] -- Up-to-date: /home/abyan/Documents/ALTAIR-vision/install/temp_ball_detector/share/temp_ball_detector/cmake/temp_ball_detector__rosidl_typesupport_cppExport-noconfig.cmake
[1.119s] -- Up-to-date: /home/abyan/Documents/ALTAIR-vision/install/temp_ball_detector/share/temp_ball_detector/cmake/export_temp_ball_detector__rosidl_generator_pyExport.cmake
[1.119s] -- Up-to-date: /home/abyan/Documents/ALTAIR-vision/install/temp_ball_detector/share/temp_ball_detector/cmake/export_temp_ball_detector__rosidl_generator_pyExport-noconfig.cmake
[1.119s] -- Up-to-date: /home/abyan/Documents/ALTAIR-vision/install/temp_ball_detector/share/temp_ball_detector/cmake/rosidl_cmake-extras.cmake
[1.119s] -- Up-to-date: /home/abyan/Documents/ALTAIR-vision/install/temp_ball_detector/share/temp_ball_detector/cmake/ament_cmake_export_dependencies-extras.cmake
[1.120s] -- Up-to-date: /home/abyan/Documents/ALTAIR-vision/install/temp_ball_detector/share/temp_ball_detector/cmake/ament_cmake_export_include_directories-extras.cmake
[1.120s] -- Up-to-date: /home/abyan/Documents/ALTAIR-vision/install/temp_ball_detector/share/temp_ball_detector/cmake/ament_cmake_export_libraries-extras.cmake
[1.120s] -- Up-to-date: /home/abyan/Documents/ALTAIR-vision/install/temp_ball_detector/share/temp_ball_detector/cmake/ament_cmake_export_targets-extras.cmake
[1.120s] -- Up-to-date: /home/abyan/Documents/ALTAIR-vision/install/temp_ball_detector/share/temp_ball_detector/cmake/rosidl_cmake_export_typesupport_targets-extras.cmake
[1.120s] -- Up-to-date: /home/abyan/Documents/ALTAIR-vision/install/temp_ball_detector/share/temp_ball_detector/cmake/rosidl_cmake_export_typesupport_libraries-extras.cmake
[1.120s] -- Up-to-date: /home/abyan/Documents/ALTAIR-vision/install/temp_ball_detector/share/temp_ball_detector/cmake/temp_ball_detectorConfig.cmake
[1.120s] -- Up-to-date: /home/abyan/Documents/ALTAIR-vision/install/temp_ball_detector/share/temp_ball_detector/cmake/temp_ball_detectorConfig-version.cmake
[1.121s] -- Up-to-date: /home/abyan/Documents/ALTAIR-vision/install/temp_ball_detector/share/temp_ball_detector/package.xml
[1.125s] Invoked command in '/home/abyan/Documents/ALTAIR-vision/build/temp_ball_detector' returned '0': CMAKE_PREFIX_PATH=${CMAKE_PREFIX_PATH}:/opt/ros/jazzy DEBUGINFOD_URLS=https://debuginfod.ubuntu.com /usr/bin/cmake --install /home/abyan/Documents/ALTAIR-vision/build/temp_ball_detector
