[ 33%] [32mBuilding CXX object CMakeFiles/ball_det.dir/src/ball_detect.cpp.o[0m
[01m[K/home/abyan/Documents/FOR_ALTAIR/ALTAIR-vision/src/ball_detect/src/ball_detect.cpp:[m[K In lambda function:
[01m[K/home/abyan/Documents/FOR_ALTAIR/ALTAIR-vision/src/ball_detect/src/ball_detect.cpp:36:59:[m[K [01;35m[Kwarning: [m[Kunused parameter ‘[01m[Kinfo[m[K’ [[01;35m[K]8;;https://gcc.gnu.org/onlinedocs/gcc/Warning-Options.html#index-Wunused-parameter-Wunused-parameter]8;;[m[K]
   36 |       [01;35m[Kconst sensor_msgs::msg::CameraInfo::ConstSharedPtr& info[m[K) {image_callback(img);}, "raw", rmw_qos_profile_sensor_data);
      |       [01;35m[K~~~~~~~~~~~~~~~~~~~~~~~~~~~~~~~~~~~~~~~~~~~~~~~~~~~~^~~~[m[K
[ 66%] [32m[1mLinking CXX executable ball_det[0m
/usr/bin/ld: warning: libopencv_imgcodecs.so.406, needed by /opt/ros/jazzy/lib/libcv_bridge.so, may conflict with libopencv_imgcodecs.so.412
/usr/bin/ld: warning: libopencv_imgproc.so.406, needed by /opt/ros/jazzy/lib/libcv_bridge.so, may conflict with libopencv_imgproc.so.412
/usr/bin/ld: warning: libopencv_core.so.406, needed by /opt/ros/jazzy/lib/libcv_bridge.so, may conflict with libopencv_core.so.412
[100%] Built target ball_det
-- Install configuration: ""
-- Installing: /home/abyan/Documents/FOR_ALTAIR/ALTAIR-vision/install/ball_detect/lib/ball_detect/ball_det
-- Set non-toolchain portion of runtime path of "/home/abyan/Documents/FOR_ALTAIR/ALTAIR-vision/install/ball_detect/lib/ball_detect/ball_det" to ""
-- Up-to-date: /home/abyan/Documents/FOR_ALTAIR/ALTAIR-vision/install/ball_detect/share/ament_index/resource_index/package_run_dependencies/ball_detect
-- Up-to-date: /home/abyan/Documents/FOR_ALTAIR/ALTAIR-vision/install/ball_detect/share/ament_index/resource_index/parent_prefix_path/ball_detect
-- Up-to-date: /home/abyan/Documents/FOR_ALTAIR/ALTAIR-vision/install/ball_detect/share/ball_detect/environment/ament_prefix_path.sh
-- Up-to-date: /home/abyan/Documents/FOR_ALTAIR/ALTAIR-vision/install/ball_detect/share/ball_detect/environment/ament_prefix_path.dsv
-- Up-to-date: /home/abyan/Documents/FOR_ALTAIR/ALTAIR-vision/install/ball_detect/share/ball_detect/environment/path.sh
-- Up-to-date: /home/abyan/Documents/FOR_ALTAIR/ALTAIR-vision/install/ball_detect/share/ball_detect/environment/path.dsv
-- Up-to-date: /home/abyan/Documents/FOR_ALTAIR/ALTAIR-vision/install/ball_detect/share/ball_detect/local_setup.bash
-- Up-to-date: /home/abyan/Documents/FOR_ALTAIR/ALTAIR-vision/install/ball_detect/share/ball_detect/local_setup.sh
-- Up-to-date: /home/abyan/Documents/FOR_ALTAIR/ALTAIR-vision/install/ball_detect/share/ball_detect/local_setup.zsh
-- Up-to-date: /home/abyan/Documents/FOR_ALTAIR/ALTAIR-vision/install/ball_detect/share/ball_detect/local_setup.dsv
-- Installing: /home/abyan/Documents/FOR_ALTAIR/ALTAIR-vision/install/ball_detect/share/ball_detect/package.dsv
-- Up-to-date: /home/abyan/Documents/FOR_ALTAIR/ALTAIR-vision/install/ball_detect/share/ament_index/resource_index/packages/ball_detect
-- Up-to-date: /home/abyan/Documents/FOR_ALTAIR/ALTAIR-vision/install/ball_detect/share/ball_detect/cmake/ball_detectConfig.cmake
-- Up-to-date: /home/abyan/Documents/FOR_ALTAIR/ALTAIR-vision/install/ball_detect/share/ball_detect/cmake/ball_detectConfig-version.cmake
-- Up-to-date: /home/abyan/Documents/FOR_ALTAIR/ALTAIR-vision/install/ball_detect/share/ball_detect/package.xml
