[0.163s] DEBUG:colcon:Command line arguments: ['/usr/bin/colcon', 'build']
[0.163s] DEBUG:colcon:Parsed command line arguments: Namespace(log_base=None, log_level=None, verb_name='build', build_base='build', install_base='install', merge_install=False, symlink_install=False, test_result_base=None, continue_on_error=False, executor='parallel', parallel_workers=16, event_handlers=None, ignore_user_meta=False, metas=['./colcon.meta'], base_paths=['.'], packages_ignore=None, packages_ignore_regex=None, paths=None, packages_up_to=None, packages_up_to_regex=None, packages_above=None, packages_above_and_dependencies=None, packages_above_depth=None, packages_select_by_dep=None, packages_skip_by_dep=None, packages_skip_up_to=None, packages_select_build_failed=False, packages_skip_build_finished=False, packages_select_test_failures=False, packages_skip_test_passed=False, packages_select=None, packages_skip=None, packages_select_regex=None, packages_skip_regex=None, packages_start=None, packages_end=None, allow_overriding=[], cmake_args=None, cmake_target=None, cmake_target_skip_unavailable=False, cmake_clean_cache=False, cmake_clean_first=False, cmake_force_configure=False, ament_cmake_args=None, catkin_cmake_args=None, catkin_skip_building_tests=False, verb_parser=<colcon_defaults.argument_parser.defaults.DefaultArgumentsDecorator object at 0x7407d886a600>, verb_extension=<colcon_core.verb.build.BuildVerb object at 0x7407d8869d60>, main=<bound method BuildVerb.main of <colcon_core.verb.build.BuildVerb object at 0x7407d8869d60>>)
[0.209s] Level 1:colcon.colcon_core.package_discovery:discover_packages(colcon_meta) check parameters
[0.209s] Level 1:colcon.colcon_core.package_discovery:discover_packages(recursive) check parameters
[0.209s] Level 1:colcon.colcon_core.package_discovery:discover_packages(ignore) check parameters
[0.209s] Level 1:colcon.colcon_core.package_discovery:discover_packages(path) check parameters
[0.209s] Level 1:colcon.colcon_core.package_discovery:discover_packages(colcon_meta) discover
[0.210s] Level 1:colcon.colcon_core.package_discovery:discover_packages(recursive) discover
[0.210s] INFO:colcon.colcon_core.package_discovery:Crawling recursively for packages in '/home/abyan/Documents/FOR_ALTAIR/ALTAIR-vision'
[0.210s] Level 1:colcon.colcon_core.package_identification:_identify(.) by extensions ['ignore', 'ignore_ament_install']
[0.210s] Level 1:colcon.colcon_core.package_identification:_identify(.) by extension 'ignore'
[0.210s] Level 1:colcon.colcon_core.package_identification:_identify(.) by extension 'ignore_ament_install'
[0.210s] Level 1:colcon.colcon_core.package_identification:_identify(.) by extensions ['colcon_pkg']
[0.210s] Level 1:colcon.colcon_core.package_identification:_identify(.) by extension 'colcon_pkg'
[0.210s] Level 1:colcon.colcon_core.package_identification:_identify(.) by extensions ['colcon_meta']
[0.210s] Level 1:colcon.colcon_core.package_identification:_identify(.) by extension 'colcon_meta'
[0.210s] Level 1:colcon.colcon_core.package_identification:_identify(.) by extensions ['ros']
[0.210s] Level 1:colcon.colcon_core.package_identification:_identify(.) by extension 'ros'
[0.258s] Level 1:colcon.colcon_core.package_identification:_identify(.) by extensions ['cmake', 'python']
[0.258s] Level 1:colcon.colcon_core.package_identification:_identify(.) by extension 'cmake'
[0.258s] Level 1:colcon.colcon_core.package_identification:_identify(.) by extension 'python'
[0.258s] Level 1:colcon.colcon_core.package_identification:_identify(.) by extensions ['python_setup_py']
[0.258s] Level 1:colcon.colcon_core.package_identification:_identify(.) by extension 'python_setup_py'
[0.258s] Level 1:colcon.colcon_core.package_identification:_identify(backup) by extensions ['ignore', 'ignore_ament_install']
[0.258s] Level 1:colcon.colcon_core.package_identification:_identify(backup) by extension 'ignore'
[0.258s] Level 1:colcon.colcon_core.package_identification:_identify(backup) by extension 'ignore_ament_install'
[0.258s] Level 1:colcon.colcon_core.package_identification:_identify(backup) by extensions ['colcon_pkg']
[0.258s] Level 1:colcon.colcon_core.package_identification:_identify(backup) by extension 'colcon_pkg'
[0.259s] Level 1:colcon.colcon_core.package_identification:_identify(backup) by extensions ['colcon_meta']
[0.259s] Level 1:colcon.colcon_core.package_identification:_identify(backup) by extension 'colcon_meta'
[0.259s] Level 1:colcon.colcon_core.package_identification:_identify(backup) by extensions ['ros']
[0.259s] Level 1:colcon.colcon_core.package_identification:_identify(backup) by extension 'ros'
[0.259s] Level 1:colcon.colcon_core.package_identification:_identify(backup) by extensions ['cmake', 'python']
[0.259s] Level 1:colcon.colcon_core.package_identification:_identify(backup) by extension 'cmake'
[0.259s] Level 1:colcon.colcon_core.package_identification:_identify(backup) by extension 'python'
[0.259s] Level 1:colcon.colcon_core.package_identification:_identify(backup) by extensions ['python_setup_py']
[0.259s] Level 1:colcon.colcon_core.package_identification:_identify(backup) by extension 'python_setup_py'
[0.259s] Level 1:colcon.colcon_core.package_identification:_identify(build) by extensions ['ignore', 'ignore_ament_install']
[0.259s] Level 1:colcon.colcon_core.package_identification:_identify(build) by extension 'ignore'
[0.259s] Level 1:colcon.colcon_core.package_identification:_identify(build) ignored
[0.259s] Level 1:colcon.colcon_core.package_identification:_identify(install) by extensions ['ignore', 'ignore_ament_install']
[0.259s] Level 1:colcon.colcon_core.package_identification:_identify(install) by extension 'ignore'
[0.259s] Level 1:colcon.colcon_core.package_identification:_identify(install) ignored
[0.259s] Level 1:colcon.colcon_core.package_identification:_identify(log) by extensions ['ignore', 'ignore_ament_install']
[0.259s] Level 1:colcon.colcon_core.package_identification:_identify(log) by extension 'ignore'
[0.259s] Level 1:colcon.colcon_core.package_identification:_identify(log) ignored
[0.260s] Level 1:colcon.colcon_core.package_identification:_identify(src) by extensions ['ignore', 'ignore_ament_install']
[0.260s] Level 1:colcon.colcon_core.package_identification:_identify(src) by extension 'ignore'
[0.260s] Level 1:colcon.colcon_core.package_identification:_identify(src) by extension 'ignore_ament_install'
[0.260s] Level 1:colcon.colcon_core.package_identification:_identify(src) by extensions ['colcon_pkg']
[0.260s] Level 1:colcon.colcon_core.package_identification:_identify(src) by extension 'colcon_pkg'
[0.260s] Level 1:colcon.colcon_core.package_identification:_identify(src) by extensions ['colcon_meta']
[0.260s] Level 1:colcon.colcon_core.package_identification:_identify(src) by extension 'colcon_meta'
[0.260s] Level 1:colcon.colcon_core.package_identification:_identify(src) by extensions ['ros']
[0.260s] Level 1:colcon.colcon_core.package_identification:_identify(src) by extension 'ros'
[0.260s] Level 1:colcon.colcon_core.package_identification:_identify(src) by extensions ['cmake', 'python']
[0.260s] Level 1:colcon.colcon_core.package_identification:_identify(src) by extension 'cmake'
[0.260s] Level 1:colcon.colcon_core.package_identification:_identify(src) by extension 'python'
[0.260s] Level 1:colcon.colcon_core.package_identification:_identify(src) by extensions ['python_setup_py']
[0.260s] Level 1:colcon.colcon_core.package_identification:_identify(src) by extension 'python_setup_py'
[0.260s] Level 1:colcon.colcon_core.package_identification:_identify(src/altair_calibration) by extensions ['ignore', 'ignore_ament_install']
[0.260s] Level 1:colcon.colcon_core.package_identification:_identify(src/altair_calibration) by extension 'ignore'
[0.260s] Level 1:colcon.colcon_core.package_identification:_identify(src/altair_calibration) by extension 'ignore_ament_install'
[0.260s] Level 1:colcon.colcon_core.package_identification:_identify(src/altair_calibration) by extensions ['colcon_pkg']
[0.260s] Level 1:colcon.colcon_core.package_identification:_identify(src/altair_calibration) by extension 'colcon_pkg'
[0.260s] Level 1:colcon.colcon_core.package_identification:_identify(src/altair_calibration) by extensions ['colcon_meta']
[0.260s] Level 1:colcon.colcon_core.package_identification:_identify(src/altair_calibration) by extension 'colcon_meta'
[0.260s] Level 1:colcon.colcon_core.package_identification:_identify(src/altair_calibration) by extensions ['ros']
[0.260s] Level 1:colcon.colcon_core.package_identification:_identify(src/altair_calibration) by extension 'ros'
[0.264s] DEBUG:colcon.colcon_core.package_identification:Package 'src/altair_calibration' with type 'ros.ament_cmake' and name 'altair_calibration'
[0.264s] Level 1:colcon.colcon_core.package_identification:_identify(src/ball_detect) by extensions ['ignore', 'ignore_ament_install']
[0.264s] Level 1:colcon.colcon_core.package_identification:_identify(src/ball_detect) by extension 'ignore'
[0.264s] Level 1:colcon.colcon_core.package_identification:_identify(src/ball_detect) by extension 'ignore_ament_install'
[0.264s] Level 1:colcon.colcon_core.package_identification:_identify(src/ball_detect) by extensions ['colcon_pkg']
[0.264s] Level 1:colcon.colcon_core.package_identification:_identify(src/ball_detect) by extension 'colcon_pkg'
[0.264s] Level 1:colcon.colcon_core.package_identification:_identify(src/ball_detect) by extensions ['colcon_meta']
[0.264s] Level 1:colcon.colcon_core.package_identification:_identify(src/ball_detect) by extension 'colcon_meta'
[0.264s] Level 1:colcon.colcon_core.package_identification:_identify(src/ball_detect) by extensions ['ros']
[0.264s] Level 1:colcon.colcon_core.package_identification:_identify(src/ball_detect) by extension 'ros'
[0.265s] DEBUG:colcon.colcon_core.package_identification:Package 'src/ball_detect' with type 'ros.ament_cmake' and name 'ball_detect'
[0.265s] Level 1:colcon.colcon_core.package_identification:_identify(src/ball_detector) by extensions ['ignore', 'ignore_ament_install']
[0.265s] Level 1:colcon.colcon_core.package_identification:_identify(src/ball_detector) by extension 'ignore'
[0.265s] Level 1:colcon.colcon_core.package_identification:_identify(src/ball_detector) by extension 'ignore_ament_install'
[0.265s] Level 1:colcon.colcon_core.package_identification:_identify(src/ball_detector) by extensions ['colcon_pkg']
[0.265s] Level 1:colcon.colcon_core.package_identification:_identify(src/ball_detector) by extension 'colcon_pkg'
[0.266s] Level 1:colcon.colcon_core.package_identification:_identify(src/ball_detector) by extensions ['colcon_meta']
[0.266s] Level 1:colcon.colcon_core.package_identification:_identify(src/ball_detector) by extension 'colcon_meta'
[0.266s] Level 1:colcon.colcon_core.package_identification:_identify(src/ball_detector) by extensions ['ros']
[0.266s] Level 1:colcon.colcon_core.package_identification:_identify(src/ball_detector) by extension 'ros'
[0.266s] DEBUG:colcon.colcon_core.package_identification:Package 'src/ball_detector' with type 'ros.ament_python' and name 'ball_detector'
[0.266s] Level 1:colcon.colcon_core.package_identification:_identify(src/camera_calibration) by extensions ['ignore', 'ignore_ament_install']
[0.266s] Level 1:colcon.colcon_core.package_identification:_identify(src/camera_calibration) by extension 'ignore'
[0.267s] Level 1:colcon.colcon_core.package_identification:_identify(src/camera_calibration) by extension 'ignore_ament_install'
[0.267s] Level 1:colcon.colcon_core.package_identification:_identify(src/camera_calibration) by extensions ['colcon_pkg']
[0.267s] Level 1:colcon.colcon_core.package_identification:_identify(src/camera_calibration) by extension 'colcon_pkg'
[0.267s] Level 1:colcon.colcon_core.package_identification:_identify(src/camera_calibration) by extensions ['colcon_meta']
[0.267s] Level 1:colcon.colcon_core.package_identification:_identify(src/camera_calibration) by extension 'colcon_meta'
[0.267s] Level 1:colcon.colcon_core.package_identification:_identify(src/camera_calibration) by extensions ['ros']
[0.267s] Level 1:colcon.colcon_core.package_identification:_identify(src/camera_calibration) by extension 'ros'
[0.268s] DEBUG:colcon.colcon_core.package_identification:Package 'src/camera_calibration' with type 'ros.ament_python' and name 'camera_calibration'
[0.268s] Level 1:colcon.colcon_core.package_identification:_identify(src/ipm_interfaces) by extensions ['ignore', 'ignore_ament_install']
[0.268s] Level 1:colcon.colcon_core.package_identification:_identify(src/ipm_interfaces) by extension 'ignore'
[0.268s] Level 1:colcon.colcon_core.package_identification:_identify(src/ipm_interfaces) by extension 'ignore_ament_install'
[0.268s] Level 1:colcon.colcon_core.package_identification:_identify(src/ipm_interfaces) by extensions ['colcon_pkg']
[0.268s] Level 1:colcon.colcon_core.package_identification:_identify(src/ipm_interfaces) by extension 'colcon_pkg'
[0.268s] Level 1:colcon.colcon_core.package_identification:_identify(src/ipm_interfaces) by extensions ['colcon_meta']
[0.268s] Level 1:colcon.colcon_core.package_identification:_identify(src/ipm_interfaces) by extension 'colcon_meta'
[0.268s] Level 1:colcon.colcon_core.package_identification:_identify(src/ipm_interfaces) by extensions ['ros']
[0.268s] Level 1:colcon.colcon_core.package_identification:_identify(src/ipm_interfaces) by extension 'ros'
[0.269s] DEBUG:colcon.colcon_core.package_identification:Package 'src/ipm_interfaces' with type 'ros.ament_cmake' and name 'ipm_interfaces'
[0.269s] Level 1:colcon.colcon_core.package_identification:_identify(src/ipm_library) by extensions ['ignore', 'ignore_ament_install']
[0.269s] Level 1:colcon.colcon_core.package_identification:_identify(src/ipm_library) by extension 'ignore'
[0.269s] Level 1:colcon.colcon_core.package_identification:_identify(src/ipm_library) by extension 'ignore_ament_install'
[0.269s] Level 1:colcon.colcon_core.package_identification:_identify(src/ipm_library) by extensions ['colcon_pkg']
[0.269s] Level 1:colcon.colcon_core.package_identification:_identify(src/ipm_library) by extension 'colcon_pkg'
[0.269s] Level 1:colcon.colcon_core.package_identification:_identify(src/ipm_library) by extensions ['colcon_meta']
[0.269s] Level 1:colcon.colcon_core.package_identification:_identify(src/ipm_library) by extension 'colcon_meta'
[0.270s] Level 1:colcon.colcon_core.package_identification:_identify(src/ipm_library) by extensions ['ros']
[0.270s] Level 1:colcon.colcon_core.package_identification:_identify(src/ipm_library) by extension 'ros'
[0.271s] DEBUG:colcon.colcon_core.package_identification:Package 'src/ipm_library' with type 'ros.ament_python' and name 'ipm_library'
[0.271s] Level 1:colcon.colcon_core.package_identification:_identify(src/sample_program) by extensions ['ignore', 'ignore_ament_install']
[0.271s] Level 1:colcon.colcon_core.package_identification:_identify(src/sample_program) by extension 'ignore'
[0.271s] Level 1:colcon.colcon_core.package_identification:_identify(src/sample_program) by extension 'ignore_ament_install'
[0.271s] Level 1:colcon.colcon_core.package_identification:_identify(src/sample_program) by extensions ['colcon_pkg']
[0.271s] Level 1:colcon.colcon_core.package_identification:_identify(src/sample_program) by extension 'colcon_pkg'
[0.271s] Level 1:colcon.colcon_core.package_identification:_identify(src/sample_program) by extensions ['colcon_meta']
[0.271s] Level 1:colcon.colcon_core.package_identification:_identify(src/sample_program) by extension 'colcon_meta'
[0.271s] Level 1:colcon.colcon_core.package_identification:_identify(src/sample_program) by extensions ['ros']
[0.271s] Level 1:colcon.colcon_core.package_identification:_identify(src/sample_program) by extension 'ros'
[0.271s] Level 1:colcon.colcon_core.package_identification:_identify(src/sample_program) by extensions ['cmake', 'python']
[0.271s] Level 1:colcon.colcon_core.package_identification:_identify(src/sample_program) by extension 'cmake'
[0.271s] Level 1:colcon.colcon_core.package_identification:_identify(src/sample_program) by extension 'python'
[0.271s] Level 1:colcon.colcon_core.package_identification:_identify(src/sample_program) by extensions ['python_setup_py']
[0.271s] Level 1:colcon.colcon_core.package_identification:_identify(src/sample_program) by extension 'python_setup_py'
[0.271s] Level 1:colcon.colcon_core.package_identification:_identify(src/sample_program/FieldDetBy) by extensions ['ignore', 'ignore_ament_install']
[0.271s] Level 1:colcon.colcon_core.package_identification:_identify(src/sample_program/FieldDetBy) by extension 'ignore'
[0.271s] Level 1:colcon.colcon_core.package_identification:_identify(src/sample_program/FieldDetBy) by extension 'ignore_ament_install'
[0.272s] Level 1:colcon.colcon_core.package_identification:_identify(src/sample_program/FieldDetBy) by extensions ['colcon_pkg']
[0.272s] Level 1:colcon.colcon_core.package_identification:_identify(src/sample_program/FieldDetBy) by extension 'colcon_pkg'
[0.272s] Level 1:colcon.colcon_core.package_identification:_identify(src/sample_program/FieldDetBy) by extensions ['colcon_meta']
[0.272s] Level 1:colcon.colcon_core.package_identification:_identify(src/sample_program/FieldDetBy) by extension 'colcon_meta'
[0.272s] Level 1:colcon.colcon_core.package_identification:_identify(src/sample_program/FieldDetBy) by extensions ['ros']
[0.272s] Level 1:colcon.colcon_core.package_identification:_identify(src/sample_program/FieldDetBy) by extension 'ros'
[0.272s] Level 1:colcon.colcon_core.package_identification:_identify(src/sample_program/FieldDetBy) by extensions ['cmake', 'python']
[0.272s] Level 1:colcon.colcon_core.package_identification:_identify(src/sample_program/FieldDetBy) by extension 'cmake'
[0.272s] Level 1:colcon.colcon_core.package_identification:_identify(src/sample_program/FieldDetBy) by extension 'python'
[0.272s] Level 1:colcon.colcon_core.package_identification:_identify(src/sample_program/FieldDetBy) by extensions ['python_setup_py']
[0.272s] Level 1:colcon.colcon_core.package_identification:_identify(src/sample_program/FieldDetBy) by extension 'python_setup_py'
[0.272s] Level 1:colcon.colcon_core.package_identification:_identify(src/sample_program/ball_detection) by extensions ['ignore', 'ignore_ament_install']
[0.272s] Level 1:colcon.colcon_core.package_identification:_identify(src/sample_program/ball_detection) by extension 'ignore'
[0.272s] Level 1:colcon.colcon_core.package_identification:_identify(src/sample_program/ball_detection) by extension 'ignore_ament_install'
[0.272s] Level 1:colcon.colcon_core.package_identification:_identify(src/sample_program/ball_detection) by extensions ['colcon_pkg']
[0.272s] Level 1:colcon.colcon_core.package_identification:_identify(src/sample_program/ball_detection) by extension 'colcon_pkg'
[0.272s] Level 1:colcon.colcon_core.package_identification:_identify(src/sample_program/ball_detection) by extensions ['colcon_meta']
[0.272s] Level 1:colcon.colcon_core.package_identification:_identify(src/sample_program/ball_detection) by extension 'colcon_meta'
[0.272s] Level 1:colcon.colcon_core.package_identification:_identify(src/sample_program/ball_detection) by extensions ['ros']
[0.272s] Level 1:colcon.colcon_core.package_identification:_identify(src/sample_program/ball_detection) by extension 'ros'
[0.272s] Level 1:colcon.colcon_core.package_identification:_identify(src/sample_program/ball_detection) by extensions ['cmake', 'python']
[0.272s] Level 1:colcon.colcon_core.package_identification:_identify(src/sample_program/ball_detection) by extension 'cmake'
[0.275s] Level 1:colcon.colcon_core.package_identification:_identify(src/sample_program/ball_detection) by extension 'python'
[0.275s] DEBUG:colcon.colcon_core.package_identification:Package 'src/sample_program/ball_detection' with type 'cmake' and name 'ball_detection'
[0.275s] Level 1:colcon.colcon_core.package_identification:_identify(src/sample_program/forFieldDet) by extensions ['ignore', 'ignore_ament_install']
[0.275s] Level 1:colcon.colcon_core.package_identification:_identify(src/sample_program/forFieldDet) by extension 'ignore'
[0.275s] Level 1:colcon.colcon_core.package_identification:_identify(src/sample_program/forFieldDet) by extension 'ignore_ament_install'
[0.275s] Level 1:colcon.colcon_core.package_identification:_identify(src/sample_program/forFieldDet) by extensions ['colcon_pkg']
[0.275s] Level 1:colcon.colcon_core.package_identification:_identify(src/sample_program/forFieldDet) by extension 'colcon_pkg'
[0.275s] Level 1:colcon.colcon_core.package_identification:_identify(src/sample_program/forFieldDet) by extensions ['colcon_meta']
[0.276s] Level 1:colcon.colcon_core.package_identification:_identify(src/sample_program/forFieldDet) by extension 'colcon_meta'
[0.276s] Level 1:colcon.colcon_core.package_identification:_identify(src/sample_program/forFieldDet) by extensions ['ros']
[0.276s] Level 1:colcon.colcon_core.package_identification:_identify(src/sample_program/forFieldDet) by extension 'ros'
[0.276s] Level 1:colcon.colcon_core.package_identification:_identify(src/sample_program/forFieldDet) by extensions ['cmake', 'python']
[0.276s] Level 1:colcon.colcon_core.package_identification:_identify(src/sample_program/forFieldDet) by extension 'cmake'
[0.276s] Level 1:colcon.colcon_core.package_identification:_identify(src/sample_program/forFieldDet) by extension 'python'
[0.276s] Level 1:colcon.colcon_core.package_identification:_identify(src/sample_program/forFieldDet) by extensions ['python_setup_py']
[0.276s] Level 1:colcon.colcon_core.package_identification:_identify(src/sample_program/forFieldDet) by extension 'python_setup_py'
[0.276s] Level 1:colcon.colcon_core.package_identification:_identify(src/sample_program/samplesIMG) by extensions ['ignore', 'ignore_ament_install']
[0.276s] Level 1:colcon.colcon_core.package_identification:_identify(src/sample_program/samplesIMG) by extension 'ignore'
[0.276s] Level 1:colcon.colcon_core.package_identification:_identify(src/sample_program/samplesIMG) by extension 'ignore_ament_install'
[0.276s] Level 1:colcon.colcon_core.package_identification:_identify(src/sample_program/samplesIMG) by extensions ['colcon_pkg']
[0.276s] Level 1:colcon.colcon_core.package_identification:_identify(src/sample_program/samplesIMG) by extension 'colcon_pkg'
[0.276s] Level 1:colcon.colcon_core.package_identification:_identify(src/sample_program/samplesIMG) by extensions ['colcon_meta']
[0.276s] Level 1:colcon.colcon_core.package_identification:_identify(src/sample_program/samplesIMG) by extension 'colcon_meta'
[0.276s] Level 1:colcon.colcon_core.package_identification:_identify(src/sample_program/samplesIMG) by extensions ['ros']
[0.276s] Level 1:colcon.colcon_core.package_identification:_identify(src/sample_program/samplesIMG) by extension 'ros'
[0.276s] Level 1:colcon.colcon_core.package_identification:_identify(src/sample_program/samplesIMG) by extensions ['cmake', 'python']
[0.276s] Level 1:colcon.colcon_core.package_identification:_identify(src/sample_program/samplesIMG) by extension 'cmake'
[0.276s] Level 1:colcon.colcon_core.package_identification:_identify(src/sample_program/samplesIMG) by extension 'python'
[0.276s] Level 1:colcon.colcon_core.package_identification:_identify(src/sample_program/samplesIMG) by extensions ['python_setup_py']
[0.276s] Level 1:colcon.colcon_core.package_identification:_identify(src/sample_program/samplesIMG) by extension 'python_setup_py'
[0.276s] Level 1:colcon.colcon_core.package_identification:_identify(src/soccer_field_map_generator) by extensions ['ignore', 'ignore_ament_install']
[0.277s] Level 1:colcon.colcon_core.package_identification:_identify(src/soccer_field_map_generator) by extension 'ignore'
[0.277s] Level 1:colcon.colcon_core.package_identification:_identify(src/soccer_field_map_generator) by extension 'ignore_ament_install'
[0.277s] Level 1:colcon.colcon_core.package_identification:_identify(src/soccer_field_map_generator) by extensions ['colcon_pkg']
[0.277s] Level 1:colcon.colcon_core.package_identification:_identify(src/soccer_field_map_generator) by extension 'colcon_pkg'
[0.277s] Level 1:colcon.colcon_core.package_identification:_identify(src/soccer_field_map_generator) by extensions ['colcon_meta']
[0.277s] Level 1:colcon.colcon_core.package_identification:_identify(src/soccer_field_map_generator) by extension 'colcon_meta'
[0.277s] Level 1:colcon.colcon_core.package_identification:_identify(src/soccer_field_map_generator) by extensions ['ros']
[0.277s] Level 1:colcon.colcon_core.package_identification:_identify(src/soccer_field_map_generator) by extension 'ros'
[0.277s] Level 1:colcon.colcon_core.package_identification:_identify(src/soccer_field_map_generator) by extensions ['cmake', 'python']
[0.277s] Level 1:colcon.colcon_core.package_identification:_identify(src/soccer_field_map_generator) by extension 'cmake'
[0.277s] Level 1:colcon.colcon_core.package_identification:_identify(src/soccer_field_map_generator) by extension 'python'
[0.277s] Level 1:colcon.colcon_core.package_identification:_identify(src/soccer_field_map_generator) by extensions ['python_setup_py']
[0.277s] Level 1:colcon.colcon_core.package_identification:_identify(src/soccer_field_map_generator) by extension 'python_setup_py'
[0.277s] Level 1:colcon.colcon_core.package_identification:_identify(src/soccer_field_map_generator/soccer_field_map_generator) by extensions ['ignore', 'ignore_ament_install']
[0.277s] Level 1:colcon.colcon_core.package_identification:_identify(src/soccer_field_map_generator/soccer_field_map_generator) by extension 'ignore'
[0.277s] Level 1:colcon.colcon_core.package_identification:_identify(src/soccer_field_map_generator/soccer_field_map_generator) by extension 'ignore_ament_install'
[0.277s] Level 1:colcon.colcon_core.package_identification:_identify(src/soccer_field_map_generator/soccer_field_map_generator) by extensions ['colcon_pkg']
[0.277s] Level 1:colcon.colcon_core.package_identification:_identify(src/soccer_field_map_generator/soccer_field_map_generator) by extension 'colcon_pkg'
[0.277s] Level 1:colcon.colcon_core.package_identification:_identify(src/soccer_field_map_generator/soccer_field_map_generator) by extensions ['colcon_meta']
[0.277s] Level 1:colcon.colcon_core.package_identification:_identify(src/soccer_field_map_generator/soccer_field_map_generator) by extension 'colcon_meta'
[0.277s] Level 1:colcon.colcon_core.package_identification:_identify(src/soccer_field_map_generator/soccer_field_map_generator) by extensions ['ros']
[0.277s] Level 1:colcon.colcon_core.package_identification:_identify(src/soccer_field_map_generator/soccer_field_map_generator) by extension 'ros'
[0.278s] DEBUG:colcon.colcon_core.package_identification:Package 'src/soccer_field_map_generator/soccer_field_map_generator' with type 'ros.ament_python' and name 'soccer_field_map_generator'
[0.278s] Level 1:colcon.colcon_core.package_identification:_identify(src/soccer_ipm) by extensions ['ignore', 'ignore_ament_install']
[0.278s] Level 1:colcon.colcon_core.package_identification:_identify(src/soccer_ipm) by extension 'ignore'
[0.279s] Level 1:colcon.colcon_core.package_identification:_identify(src/soccer_ipm) by extension 'ignore_ament_install'
[0.279s] Level 1:colcon.colcon_core.package_identification:_identify(src/soccer_ipm) by extensions ['colcon_pkg']
[0.279s] Level 1:colcon.colcon_core.package_identification:_identify(src/soccer_ipm) by extension 'colcon_pkg'
[0.279s] Level 1:colcon.colcon_core.package_identification:_identify(src/soccer_ipm) by extensions ['colcon_meta']
[0.279s] Level 1:colcon.colcon_core.package_identification:_identify(src/soccer_ipm) by extension 'colcon_meta'
[0.279s] Level 1:colcon.colcon_core.package_identification:_identify(src/soccer_ipm) by extensions ['ros']
[0.279s] Level 1:colcon.colcon_core.package_identification:_identify(src/soccer_ipm) by extension 'ros'
[0.279s] DEBUG:colcon.colcon_core.package_identification:Package 'src/soccer_ipm' with type 'ros.ament_python' and name 'soccer_ipm'
[0.279s] Level 1:colcon.colcon_core.package_identification:_identify(src/temp_ball_detector) by extensions ['ignore', 'ignore_ament_install']
[0.279s] Level 1:colcon.colcon_core.package_identification:_identify(src/temp_ball_detector) by extension 'ignore'
[0.280s] Level 1:colcon.colcon_core.package_identification:_identify(src/temp_ball_detector) by extension 'ignore_ament_install'
[0.280s] Level 1:colcon.colcon_core.package_identification:_identify(src/temp_ball_detector) by extensions ['colcon_pkg']
[0.280s] Level 1:colcon.colcon_core.package_identification:_identify(src/temp_ball_detector) by extension 'colcon_pkg'
[0.280s] Level 1:colcon.colcon_core.package_identification:_identify(src/temp_ball_detector) by extensions ['colcon_meta']
[0.280s] Level 1:colcon.colcon_core.package_identification:_identify(src/temp_ball_detector) by extension 'colcon_meta'
[0.280s] Level 1:colcon.colcon_core.package_identification:_identify(src/temp_ball_detector) by extensions ['ros']
[0.280s] Level 1:colcon.colcon_core.package_identification:_identify(src/temp_ball_detector) by extension 'ros'
[0.280s] DEBUG:colcon.colcon_core.package_identification:Package 'src/temp_ball_detector' with type 'ros.ament_cmake' and name 'temp_ball_detector'
[0.280s] Level 1:colcon.colcon_core.package_identification:_identify(src/usb_cam) by extensions ['ignore', 'ignore_ament_install']
[0.281s] Level 1:colcon.colcon_core.package_identification:_identify(src/usb_cam) by extension 'ignore'
[0.281s] Level 1:colcon.colcon_core.package_identification:_identify(src/usb_cam) by extension 'ignore_ament_install'
[0.281s] Level 1:colcon.colcon_core.package_identification:_identify(src/usb_cam) by extensions ['colcon_pkg']
[0.281s] Level 1:colcon.colcon_core.package_identification:_identify(src/usb_cam) by extension 'colcon_pkg'
[0.281s] Level 1:colcon.colcon_core.package_identification:_identify(src/usb_cam) by extensions ['colcon_meta']
[0.281s] Level 1:colcon.colcon_core.package_identification:_identify(src/usb_cam) by extension 'colcon_meta'
[0.281s] Level 1:colcon.colcon_core.package_identification:_identify(src/usb_cam) by extensions ['ros']
[0.281s] Level 1:colcon.colcon_core.package_identification:_identify(src/usb_cam) by extension 'ros'
[0.282s] DEBUG:colcon.colcon_core.package_identification:Package 'src/usb_cam' with type 'ros.ament_cmake' and name 'usb_cam'
[0.282s] Level 1:colcon.colcon_core.package_identification:_identify(src/video_subscriber) by extensions ['ignore', 'ignore_ament_install']
[0.282s] Level 1:colcon.colcon_core.package_identification:_identify(src/video_subscriber) by extension 'ignore'
[0.282s] Level 1:colcon.colcon_core.package_identification:_identify(src/video_subscriber) by extension 'ignore_ament_install'
[0.282s] Level 1:colcon.colcon_core.package_identification:_identify(src/video_subscriber) by extensions ['colcon_pkg']
[0.283s] Level 1:colcon.colcon_core.package_identification:_identify(src/video_subscriber) by extension 'colcon_pkg'
[0.283s] Level 1:colcon.colcon_core.package_identification:_identify(src/video_subscriber) by extensions ['colcon_meta']
[0.283s] Level 1:colcon.colcon_core.package_identification:_identify(src/video_subscriber) by extension 'colcon_meta'
[0.283s] Level 1:colcon.colcon_core.package_identification:_identify(src/video_subscriber) by extensions ['ros']
[0.283s] Level 1:colcon.colcon_core.package_identification:_identify(src/video_subscriber) by extension 'ros'
[0.283s] DEBUG:colcon.colcon_core.package_identification:Package 'src/video_subscriber' with type 'ros.ament_python' and name 'video_subscriber'
[0.283s] Level 1:colcon.colcon_core.package_identification:_identify(vision-dashboard) by extensions ['ignore', 'ignore_ament_install']
[0.283s] Level 1:colcon.colcon_core.package_identification:_identify(vision-dashboard) by extension 'ignore'
[0.283s] Level 1:colcon.colcon_core.package_identification:_identify(vision-dashboard) by extension 'ignore_ament_install'
[0.283s] Level 1:colcon.colcon_core.package_identification:_identify(vision-dashboard) by extensions ['colcon_pkg']
[0.283s] Level 1:colcon.colcon_core.package_identification:_identify(vision-dashboard) by extension 'colcon_pkg'
[0.283s] Level 1:colcon.colcon_core.package_identification:_identify(vision-dashboard) by extensions ['colcon_meta']
[0.283s] Level 1:colcon.colcon_core.package_identification:_identify(vision-dashboard) by extension 'colcon_meta'
[0.283s] Level 1:colcon.colcon_core.package_identification:_identify(vision-dashboard) by extensions ['ros']
[0.284s] Level 1:colcon.colcon_core.package_identification:_identify(vision-dashboard) by extension 'ros'
[0.284s] Level 1:colcon.colcon_core.package_identification:_identify(vision-dashboard) by extensions ['cmake', 'python']
[0.284s] Level 1:colcon.colcon_core.package_identification:_identify(vision-dashboard) by extension 'cmake'
[0.284s] Level 1:colcon.colcon_core.package_identification:_identify(vision-dashboard) by extension 'python'
[0.284s] Level 1:colcon.colcon_core.package_identification:_identify(vision-dashboard) by extensions ['python_setup_py']
[0.284s] Level 1:colcon.colcon_core.package_identification:_identify(vision-dashboard) by extension 'python_setup_py'
[0.284s] Level 1:colcon.colcon_core.package_identification:_identify(vision-dashboard/app) by extensions ['ignore', 'ignore_ament_install']
[0.284s] Level 1:colcon.colcon_core.package_identification:_identify(vision-dashboard/app) by extension 'ignore'
[0.284s] Level 1:colcon.colcon_core.package_identification:_identify(vision-dashboard/app) by extension 'ignore_ament_install'
[0.284s] Level 1:colcon.colcon_core.package_identification:_identify(vision-dashboard/app) by extensions ['colcon_pkg']
[0.284s] Level 1:colcon.colcon_core.package_identification:_identify(vision-dashboard/app) by extension 'colcon_pkg'
[0.284s] Level 1:colcon.colcon_core.package_identification:_identify(vision-dashboard/app) by extensions ['colcon_meta']
[0.284s] Level 1:colcon.colcon_core.package_identification:_identify(vision-dashboard/app) by extension 'colcon_meta'
[0.284s] Level 1:colcon.colcon_core.package_identification:_identify(vision-dashboard/app) by extensions ['ros']
[0.284s] Level 1:colcon.colcon_core.package_identification:_identify(vision-dashboard/app) by extension 'ros'
[0.284s] Level 1:colcon.colcon_core.package_identification:_identify(vision-dashboard/app) by extensions ['cmake', 'python']
[0.284s] Level 1:colcon.colcon_core.package_identification:_identify(vision-dashboard/app) by extension 'cmake'
[0.284s] Level 1:colcon.colcon_core.package_identification:_identify(vision-dashboard/app) by extension 'python'
[0.284s] Level 1:colcon.colcon_core.package_identification:_identify(vision-dashboard/app) by extensions ['python_setup_py']
[0.284s] Level 1:colcon.colcon_core.package_identification:_identify(vision-dashboard/app) by extension 'python_setup_py'
[0.284s] Level 1:colcon.colcon_core.package_identification:_identify(vision-dashboard/app/components) by extensions ['ignore', 'ignore_ament_install']
[0.284s] Level 1:colcon.colcon_core.package_identification:_identify(vision-dashboard/app/components) by extension 'ignore'
[0.285s] Level 1:colcon.colcon_core.package_identification:_identify(vision-dashboard/app/components) by extension 'ignore_ament_install'
[0.285s] Level 1:colcon.colcon_core.package_identification:_identify(vision-dashboard/app/components) by extensions ['colcon_pkg']
[0.285s] Level 1:colcon.colcon_core.package_identification:_identify(vision-dashboard/app/components) by extension 'colcon_pkg'
[0.285s] Level 1:colcon.colcon_core.package_identification:_identify(vision-dashboard/app/components) by extensions ['colcon_meta']
[0.285s] Level 1:colcon.colcon_core.package_identification:_identify(vision-dashboard/app/components) by extension 'colcon_meta'
[0.285s] Level 1:colcon.colcon_core.package_identification:_identify(vision-dashboard/app/components) by extensions ['ros']
[0.285s] Level 1:colcon.colcon_core.package_identification:_identify(vision-dashboard/app/components) by extension 'ros'
[0.285s] Level 1:colcon.colcon_core.package_identification:_identify(vision-dashboard/app/components) by extensions ['cmake', 'python']
[0.285s] Level 1:colcon.colcon_core.package_identification:_identify(vision-dashboard/app/components) by extension 'cmake'
[0.285s] Level 1:colcon.colcon_core.package_identification:_identify(vision-dashboard/app/components) by extension 'python'
[0.285s] Level 1:colcon.colcon_core.package_identification:_identify(vision-dashboard/app/components) by extensions ['python_setup_py']
[0.285s] Level 1:colcon.colcon_core.package_identification:_identify(vision-dashboard/app/components) by extension 'python_setup_py'
[0.285s] Level 1:colcon.colcon_core.package_identification:_identify(vision-dashboard/public) by extensions ['ignore', 'ignore_ament_install']
[0.285s] Level 1:colcon.colcon_core.package_identification:_identify(vision-dashboard/public) by extension 'ignore'
[0.285s] Level 1:colcon.colcon_core.package_identification:_identify(vision-dashboard/public) by extension 'ignore_ament_install'
[0.285s] Level 1:colcon.colcon_core.package_identification:_identify(vision-dashboard/public) by extensions ['colcon_pkg']
[0.285s] Level 1:colcon.colcon_core.package_identification:_identify(vision-dashboard/public) by extension 'colcon_pkg'
[0.285s] Level 1:colcon.colcon_core.package_identification:_identify(vision-dashboard/public) by extensions ['colcon_meta']
[0.285s] Level 1:colcon.colcon_core.package_identification:_identify(vision-dashboard/public) by extension 'colcon_meta'
[0.285s] Level 1:colcon.colcon_core.package_identification:_identify(vision-dashboard/public) by extensions ['ros']
[0.285s] Level 1:colcon.colcon_core.package_identification:_identify(vision-dashboard/public) by extension 'ros'
[0.285s] Level 1:colcon.colcon_core.package_identification:_identify(vision-dashboard/public) by extensions ['cmake', 'python']
[0.285s] Level 1:colcon.colcon_core.package_identification:_identify(vision-dashboard/public) by extension 'cmake'
[0.285s] Level 1:colcon.colcon_core.package_identification:_identify(vision-dashboard/public) by extension 'python'
[0.286s] Level 1:colcon.colcon_core.package_identification:_identify(vision-dashboard/public) by extensions ['python_setup_py']
[0.286s] Level 1:colcon.colcon_core.package_identification:_identify(vision-dashboard/public) by extension 'python_setup_py'
[0.286s] Level 1:colcon.colcon_core.package_discovery:discover_packages(recursive) using defaults
[0.286s] Level 1:colcon.colcon_core.package_discovery:discover_packages(ignore) discover
[0.286s] Level 1:colcon.colcon_core.package_discovery:discover_packages(ignore) using defaults
[0.286s] Level 1:colcon.colcon_core.package_discovery:discover_packages(path) discover
[0.286s] Level 1:colcon.colcon_core.package_discovery:discover_packages(path) using defaults
[0.331s] Level 1:colcon.colcon_core.package_discovery:discover_packages(prefix_path) check parameters
[0.331s] Level 1:colcon.colcon_core.package_discovery:discover_packages(prefix_path) discover
[0.332s] WARNING:colcon.colcon_ros.prefix_path.ament:The path '/home/abyan/Documents/FOR_ALTAIR/ALTAIR-vision/install/soccer_ipm' in the environment variable AMENT_PREFIX_PATH doesn't exist
[0.332s] WARNING:colcon.colcon_ros.prefix_path.ament:The path '/home/abyan/Documents/FOR_ALTAIR/ALTAIR-vision/install/video_subscriber' in the environment variable AMENT_PREFIX_PATH doesn't exist
[0.332s] WARNING:colcon.colcon_ros.prefix_path.ament:The path '/home/abyan/Documents/FOR_ALTAIR/ALTAIR-vision/install/usb_cam' in the environment variable AMENT_PREFIX_PATH doesn't exist
[0.332s] WARNING:colcon.colcon_ros.prefix_path.ament:The path '/home/abyan/Documents/FOR_ALTAIR/ALTAIR-vision/install/temp_ball_detector' in the environment variable AMENT_PREFIX_PATH doesn't exist
[0.332s] WARNING:colcon.colcon_ros.prefix_path.ament:The path '/home/abyan/Documents/FOR_ALTAIR/ALTAIR-vision/install/soccer_field_map_generator' in the environment variable AMENT_PREFIX_PATH doesn't exist
[0.332s] WARNING:colcon.colcon_ros.prefix_path.ament:The path '/home/abyan/Documents/FOR_ALTAIR/ALTAIR-vision/install/camera_calibration' in the environment variable AMENT_PREFIX_PATH doesn't exist
[0.332s] WARNING:colcon.colcon_ros.prefix_path.ament:The path '/home/abyan/Documents/FOR_ALTAIR/ALTAIR-vision/install/ball_detector' in the environment variable AMENT_PREFIX_PATH doesn't exist
[0.332s] WARNING:colcon.colcon_ros.prefix_path.ament:The path '/home/abyan/Documents/FOR_ALTAIR/ALTAIR-vision/install/ball_detect' in the environment variable AMENT_PREFIX_PATH doesn't exist
[0.332s] WARNING:colcon.colcon_ros.prefix_path.ament:The path '/home/abyan/Documents/FOR_ALTAIR/ALTAIR-vision/install/altair_calibration' in the environment variable AMENT_PREFIX_PATH doesn't exist
[0.332s] WARNING:colcon.colcon_ros.prefix_path.catkin:The path '/home/abyan/Documents/FOR_ALTAIR/ALTAIR-vision/install/usb_cam' in the environment variable CMAKE_PREFIX_PATH doesn't exist
[0.332s] WARNING:colcon.colcon_ros.prefix_path.catkin:The path '/home/abyan/Documents/FOR_ALTAIR/ALTAIR-vision/install/temp_ball_detector' in the environment variable CMAKE_PREFIX_PATH doesn't exist
[0.333s] WARNING:colcon.colcon_ros.prefix_path.catkin:The path '/home/abyan/Documents/FOR_ALTAIR/ALTAIR-vision/install/ball_detect' in the environment variable CMAKE_PREFIX_PATH doesn't exist
[0.333s] WARNING:colcon.colcon_ros.prefix_path.catkin:The path '/home/abyan/Documents/FOR_ALTAIR/ALTAIR-vision/install/altair_calibration' in the environment variable CMAKE_PREFIX_PATH doesn't exist
[0.333s] DEBUG:colcon.colcon_installed_package_information.package_discovery:Found 0 installed packages in /home/abyan/Documents/FOR_ALTAIR/ALTAIR-vision/install
[0.335s] DEBUG:colcon.colcon_installed_package_information.package_discovery:Found 308 installed packages in /opt/ros/jazzy
[0.336s] Level 1:colcon.colcon_core.package_discovery:discover_packages(prefix_path) using defaults
[0.393s] WARNING:colcon.colcon_core.package_selection:Some selected packages are already built in one or more underlay workspaces:
	'camera_calibration' is in: /opt/ros/jazzy
If a package in a merged underlay workspace is overridden and it installs headers, then all packages in the overlay must sort their include directories by workspace order. Failure to do so may result in build failures or undefined behavior at run time.
If the overridden package is used by another package in any underlay, then the overriding package in the overlay must be API and ABI compatible or undefined behavior at run time may occur.

If you understand the risks and want to override a package anyways, add the following to the command line:
	--allow-overriding camera_calibration

This may be promoted to an error in a future release of colcon-override-check.
[0.394s] Level 5:colcon.colcon_core.verb:set package 'altair_calibration' build argument 'cmake_args' from command line to 'None'
[0.394s] Level 5:colcon.colcon_core.verb:set package 'altair_calibration' build argument 'cmake_target' from command line to 'None'
[0.394s] Level 5:colcon.colcon_core.verb:set package 'altair_calibration' build argument 'cmake_target_skip_unavailable' from command line to 'False'
[0.394s] Level 5:colcon.colcon_core.verb:set package 'altair_calibration' build argument 'cmake_clean_cache' from command line to 'False'
[0.395s] Level 5:colcon.colcon_core.verb:set package 'altair_calibration' build argument 'cmake_clean_first' from command line to 'False'
[0.395s] Level 5:colcon.colcon_core.verb:set package 'altair_calibration' build argument 'cmake_force_configure' from command line to 'False'
[0.395s] Level 5:colcon.colcon_core.verb:set package 'altair_calibration' build argument 'ament_cmake_args' from command line to 'None'
[0.395s] Level 5:colcon.colcon_core.verb:set package 'altair_calibration' build argument 'catkin_cmake_args' from command line to 'None'
[0.395s] Level 5:colcon.colcon_core.verb:set package 'altair_calibration' build argument 'catkin_skip_building_tests' from command line to 'False'
[0.395s] DEBUG:colcon.colcon_core.verb:Building package 'altair_calibration' with the following arguments: {'ament_cmake_args': None, 'build_base': '/home/abyan/Documents/FOR_ALTAIR/ALTAIR-vision/build/altair_calibration', 'catkin_cmake_args': None, 'catkin_skip_building_tests': False, 'cmake_args': None, 'cmake_clean_cache': False, 'cmake_clean_first': False, 'cmake_force_configure': False, 'cmake_target': None, 'cmake_target_skip_unavailable': False, 'install_base': '/home/abyan/Documents/FOR_ALTAIR/ALTAIR-vision/install/altair_calibration', 'merge_install': False, 'path': '/home/abyan/Documents/FOR_ALTAIR/ALTAIR-vision/src/altair_calibration', 'symlink_install': False, 'test_result_base': None}
[0.395s] Level 5:colcon.colcon_core.verb:set package 'ball_detect' build argument 'cmake_args' from command line to 'None'
[0.395s] Level 5:colcon.colcon_core.verb:set package 'ball_detect' build argument 'cmake_target' from command line to 'None'
[0.395s] Level 5:colcon.colcon_core.verb:set package 'ball_detect' build argument 'cmake_target_skip_unavailable' from command line to 'False'
[0.395s] Level 5:colcon.colcon_core.verb:set package 'ball_detect' build argument 'cmake_clean_cache' from command line to 'False'
[0.395s] Level 5:colcon.colcon_core.verb:set package 'ball_detect' build argument 'cmake_clean_first' from command line to 'False'
[0.395s] Level 5:colcon.colcon_core.verb:set package 'ball_detect' build argument 'cmake_force_configure' from command line to 'False'
[0.395s] Level 5:colcon.colcon_core.verb:set package 'ball_detect' build argument 'ament_cmake_args' from command line to 'None'
[0.395s] Level 5:colcon.colcon_core.verb:set package 'ball_detect' build argument 'catkin_cmake_args' from command line to 'None'
[0.395s] Level 5:colcon.colcon_core.verb:set package 'ball_detect' build argument 'catkin_skip_building_tests' from command line to 'False'
[0.395s] DEBUG:colcon.colcon_core.verb:Building package 'ball_detect' with the following arguments: {'ament_cmake_args': None, 'build_base': '/home/abyan/Documents/FOR_ALTAIR/ALTAIR-vision/build/ball_detect', 'catkin_cmake_args': None, 'catkin_skip_building_tests': False, 'cmake_args': None, 'cmake_clean_cache': False, 'cmake_clean_first': False, 'cmake_force_configure': False, 'cmake_target': None, 'cmake_target_skip_unavailable': False, 'install_base': '/home/abyan/Documents/FOR_ALTAIR/ALTAIR-vision/install/ball_detect', 'merge_install': False, 'path': '/home/abyan/Documents/FOR_ALTAIR/ALTAIR-vision/src/ball_detect', 'symlink_install': False, 'test_result_base': None}
[0.396s] Level 5:colcon.colcon_core.verb:set package 'ball_detection' build argument 'cmake_args' from command line to 'None'
[0.396s] Level 5:colcon.colcon_core.verb:set package 'ball_detection' build argument 'cmake_target' from command line to 'None'
[0.396s] Level 5:colcon.colcon_core.verb:set package 'ball_detection' build argument 'cmake_target_skip_unavailable' from command line to 'False'
[0.396s] Level 5:colcon.colcon_core.verb:set package 'ball_detection' build argument 'cmake_clean_cache' from command line to 'False'
[0.396s] Level 5:colcon.colcon_core.verb:set package 'ball_detection' build argument 'cmake_clean_first' from command line to 'False'
[0.396s] Level 5:colcon.colcon_core.verb:set package 'ball_detection' build argument 'cmake_force_configure' from command line to 'False'
[0.396s] Level 5:colcon.colcon_core.verb:set package 'ball_detection' build argument 'ament_cmake_args' from command line to 'None'
[0.396s] Level 5:colcon.colcon_core.verb:set package 'ball_detection' build argument 'catkin_cmake_args' from command line to 'None'
[0.396s] Level 5:colcon.colcon_core.verb:set package 'ball_detection' build argument 'catkin_skip_building_tests' from command line to 'False'
[0.396s] DEBUG:colcon.colcon_core.verb:Building package 'ball_detection' with the following arguments: {'ament_cmake_args': None, 'build_base': '/home/abyan/Documents/FOR_ALTAIR/ALTAIR-vision/build/ball_detection', 'catkin_cmake_args': None, 'catkin_skip_building_tests': False, 'cmake_args': None, 'cmake_clean_cache': False, 'cmake_clean_first': False, 'cmake_force_configure': False, 'cmake_target': None, 'cmake_target_skip_unavailable': False, 'install_base': '/home/abyan/Documents/FOR_ALTAIR/ALTAIR-vision/install/ball_detection', 'merge_install': False, 'path': '/home/abyan/Documents/FOR_ALTAIR/ALTAIR-vision/src/sample_program/ball_detection', 'symlink_install': False, 'test_result_base': None}
[0.396s] Level 5:colcon.colcon_core.verb:set package 'ball_detector' build argument 'cmake_args' from command line to 'None'
[0.396s] Level 5:colcon.colcon_core.verb:set package 'ball_detector' build argument 'cmake_target' from command line to 'None'
[0.396s] Level 5:colcon.colcon_core.verb:set package 'ball_detector' build argument 'cmake_target_skip_unavailable' from command line to 'False'
[0.396s] Level 5:colcon.colcon_core.verb:set package 'ball_detector' build argument 'cmake_clean_cache' from command line to 'False'
[0.396s] Level 5:colcon.colcon_core.verb:set package 'ball_detector' build argument 'cmake_clean_first' from command line to 'False'
[0.396s] Level 5:colcon.colcon_core.verb:set package 'ball_detector' build argument 'cmake_force_configure' from command line to 'False'
[0.396s] Level 5:colcon.colcon_core.verb:set package 'ball_detector' build argument 'ament_cmake_args' from command line to 'None'
[0.396s] Level 5:colcon.colcon_core.verb:set package 'ball_detector' build argument 'catkin_cmake_args' from command line to 'None'
[0.396s] Level 5:colcon.colcon_core.verb:set package 'ball_detector' build argument 'catkin_skip_building_tests' from command line to 'False'
[0.396s] DEBUG:colcon.colcon_core.verb:Building package 'ball_detector' with the following arguments: {'ament_cmake_args': None, 'build_base': '/home/abyan/Documents/FOR_ALTAIR/ALTAIR-vision/build/ball_detector', 'catkin_cmake_args': None, 'catkin_skip_building_tests': False, 'cmake_args': None, 'cmake_clean_cache': False, 'cmake_clean_first': False, 'cmake_force_configure': False, 'cmake_target': None, 'cmake_target_skip_unavailable': False, 'install_base': '/home/abyan/Documents/FOR_ALTAIR/ALTAIR-vision/install/ball_detector', 'merge_install': False, 'path': '/home/abyan/Documents/FOR_ALTAIR/ALTAIR-vision/src/ball_detector', 'symlink_install': False, 'test_result_base': None}
[0.397s] Level 5:colcon.colcon_core.verb:set package 'camera_calibration' build argument 'cmake_args' from command line to 'None'
[0.397s] Level 5:colcon.colcon_core.verb:set package 'camera_calibration' build argument 'cmake_target' from command line to 'None'
[0.397s] Level 5:colcon.colcon_core.verb:set package 'camera_calibration' build argument 'cmake_target_skip_unavailable' from command line to 'False'
[0.397s] Level 5:colcon.colcon_core.verb:set package 'camera_calibration' build argument 'cmake_clean_cache' from command line to 'False'
[0.397s] Level 5:colcon.colcon_core.verb:set package 'camera_calibration' build argument 'cmake_clean_first' from command line to 'False'
[0.397s] Level 5:colcon.colcon_core.verb:set package 'camera_calibration' build argument 'cmake_force_configure' from command line to 'False'
[0.397s] Level 5:colcon.colcon_core.verb:set package 'camera_calibration' build argument 'ament_cmake_args' from command line to 'None'
[0.397s] Level 5:colcon.colcon_core.verb:set package 'camera_calibration' build argument 'catkin_cmake_args' from command line to 'None'
[0.397s] Level 5:colcon.colcon_core.verb:set package 'camera_calibration' build argument 'catkin_skip_building_tests' from command line to 'False'
[0.397s] DEBUG:colcon.colcon_core.verb:Building package 'camera_calibration' with the following arguments: {'ament_cmake_args': None, 'build_base': '/home/abyan/Documents/FOR_ALTAIR/ALTAIR-vision/build/camera_calibration', 'catkin_cmake_args': None, 'catkin_skip_building_tests': False, 'cmake_args': None, 'cmake_clean_cache': False, 'cmake_clean_first': False, 'cmake_force_configure': False, 'cmake_target': None, 'cmake_target_skip_unavailable': False, 'install_base': '/home/abyan/Documents/FOR_ALTAIR/ALTAIR-vision/install/camera_calibration', 'merge_install': False, 'path': '/home/abyan/Documents/FOR_ALTAIR/ALTAIR-vision/src/camera_calibration', 'symlink_install': False, 'test_result_base': None}
[0.397s] Level 5:colcon.colcon_core.verb:set package 'ipm_interfaces' build argument 'cmake_args' from command line to 'None'
[0.397s] Level 5:colcon.colcon_core.verb:set package 'ipm_interfaces' build argument 'cmake_target' from command line to 'None'
[0.397s] Level 5:colcon.colcon_core.verb:set package 'ipm_interfaces' build argument 'cmake_target_skip_unavailable' from command line to 'False'
[0.397s] Level 5:colcon.colcon_core.verb:set package 'ipm_interfaces' build argument 'cmake_clean_cache' from command line to 'False'
[0.397s] Level 5:colcon.colcon_core.verb:set package 'ipm_interfaces' build argument 'cmake_clean_first' from command line to 'False'
[0.397s] Level 5:colcon.colcon_core.verb:set package 'ipm_interfaces' build argument 'cmake_force_configure' from command line to 'False'
[0.397s] Level 5:colcon.colcon_core.verb:set package 'ipm_interfaces' build argument 'ament_cmake_args' from command line to 'None'
[0.397s] Level 5:colcon.colcon_core.verb:set package 'ipm_interfaces' build argument 'catkin_cmake_args' from command line to 'None'
[0.397s] Level 5:colcon.colcon_core.verb:set package 'ipm_interfaces' build argument 'catkin_skip_building_tests' from command line to 'False'
[0.398s] DEBUG:colcon.colcon_core.verb:Building package 'ipm_interfaces' with the following arguments: {'ament_cmake_args': None, 'build_base': '/home/abyan/Documents/FOR_ALTAIR/ALTAIR-vision/build/ipm_interfaces', 'catkin_cmake_args': None, 'catkin_skip_building_tests': False, 'cmake_args': None, 'cmake_clean_cache': False, 'cmake_clean_first': False, 'cmake_force_configure': False, 'cmake_target': None, 'cmake_target_skip_unavailable': False, 'install_base': '/home/abyan/Documents/FOR_ALTAIR/ALTAIR-vision/install/ipm_interfaces', 'merge_install': False, 'path': '/home/abyan/Documents/FOR_ALTAIR/ALTAIR-vision/src/ipm_interfaces', 'symlink_install': False, 'test_result_base': None}
[0.398s] Level 5:colcon.colcon_core.verb:set package 'soccer_field_map_generator' build argument 'cmake_args' from command line to 'None'
[0.398s] Level 5:colcon.colcon_core.verb:set package 'soccer_field_map_generator' build argument 'cmake_target' from command line to 'None'
[0.398s] Level 5:colcon.colcon_core.verb:set package 'soccer_field_map_generator' build argument 'cmake_target_skip_unavailable' from command line to 'False'
[0.398s] Level 5:colcon.colcon_core.verb:set package 'soccer_field_map_generator' build argument 'cmake_clean_cache' from command line to 'False'
[0.398s] Level 5:colcon.colcon_core.verb:set package 'soccer_field_map_generator' build argument 'cmake_clean_first' from command line to 'False'
[0.398s] Level 5:colcon.colcon_core.verb:set package 'soccer_field_map_generator' build argument 'cmake_force_configure' from command line to 'False'
[0.398s] Level 5:colcon.colcon_core.verb:set package 'soccer_field_map_generator' build argument 'ament_cmake_args' from command line to 'None'
[0.398s] Level 5:colcon.colcon_core.verb:set package 'soccer_field_map_generator' build argument 'catkin_cmake_args' from command line to 'None'
[0.398s] Level 5:colcon.colcon_core.verb:set package 'soccer_field_map_generator' build argument 'catkin_skip_building_tests' from command line to 'False'
[0.398s] DEBUG:colcon.colcon_core.verb:Building package 'soccer_field_map_generator' with the following arguments: {'ament_cmake_args': None, 'build_base': '/home/abyan/Documents/FOR_ALTAIR/ALTAIR-vision/build/soccer_field_map_generator', 'catkin_cmake_args': None, 'catkin_skip_building_tests': False, 'cmake_args': None, 'cmake_clean_cache': False, 'cmake_clean_first': False, 'cmake_force_configure': False, 'cmake_target': None, 'cmake_target_skip_unavailable': False, 'install_base': '/home/abyan/Documents/FOR_ALTAIR/ALTAIR-vision/install/soccer_field_map_generator', 'merge_install': False, 'path': '/home/abyan/Documents/FOR_ALTAIR/ALTAIR-vision/src/soccer_field_map_generator/soccer_field_map_generator', 'symlink_install': False, 'test_result_base': None}
[0.398s] Level 5:colcon.colcon_core.verb:set package 'temp_ball_detector' build argument 'cmake_args' from command line to 'None'
[0.398s] Level 5:colcon.colcon_core.verb:set package 'temp_ball_detector' build argument 'cmake_target' from command line to 'None'
[0.398s] Level 5:colcon.colcon_core.verb:set package 'temp_ball_detector' build argument 'cmake_target_skip_unavailable' from command line to 'False'
[0.398s] Level 5:colcon.colcon_core.verb:set package 'temp_ball_detector' build argument 'cmake_clean_cache' from command line to 'False'
[0.398s] Level 5:colcon.colcon_core.verb:set package 'temp_ball_detector' build argument 'cmake_clean_first' from command line to 'False'
[0.398s] Level 5:colcon.colcon_core.verb:set package 'temp_ball_detector' build argument 'cmake_force_configure' from command line to 'False'
[0.399s] Level 5:colcon.colcon_core.verb:set package 'temp_ball_detector' build argument 'ament_cmake_args' from command line to 'None'
[0.399s] Level 5:colcon.colcon_core.verb:set package 'temp_ball_detector' build argument 'catkin_cmake_args' from command line to 'None'
[0.399s] Level 5:colcon.colcon_core.verb:set package 'temp_ball_detector' build argument 'catkin_skip_building_tests' from command line to 'False'
[0.399s] DEBUG:colcon.colcon_core.verb:Building package 'temp_ball_detector' with the following arguments: {'ament_cmake_args': None, 'build_base': '/home/abyan/Documents/FOR_ALTAIR/ALTAIR-vision/build/temp_ball_detector', 'catkin_cmake_args': None, 'catkin_skip_building_tests': False, 'cmake_args': None, 'cmake_clean_cache': False, 'cmake_clean_first': False, 'cmake_force_configure': False, 'cmake_target': None, 'cmake_target_skip_unavailable': False, 'install_base': '/home/abyan/Documents/FOR_ALTAIR/ALTAIR-vision/install/temp_ball_detector', 'merge_install': False, 'path': '/home/abyan/Documents/FOR_ALTAIR/ALTAIR-vision/src/temp_ball_detector', 'symlink_install': False, 'test_result_base': None}
[0.399s] Level 5:colcon.colcon_core.verb:set package 'usb_cam' build argument 'cmake_args' from command line to 'None'
[0.399s] Level 5:colcon.colcon_core.verb:set package 'usb_cam' build argument 'cmake_target' from command line to 'None'
[0.399s] Level 5:colcon.colcon_core.verb:set package 'usb_cam' build argument 'cmake_target_skip_unavailable' from command line to 'False'
[0.399s] Level 5:colcon.colcon_core.verb:set package 'usb_cam' build argument 'cmake_clean_cache' from command line to 'False'
[0.399s] Level 5:colcon.colcon_core.verb:set package 'usb_cam' build argument 'cmake_clean_first' from command line to 'False'
[0.399s] Level 5:colcon.colcon_core.verb:set package 'usb_cam' build argument 'cmake_force_configure' from command line to 'False'
[0.399s] Level 5:colcon.colcon_core.verb:set package 'usb_cam' build argument 'ament_cmake_args' from command line to 'None'
[0.399s] Level 5:colcon.colcon_core.verb:set package 'usb_cam' build argument 'catkin_cmake_args' from command line to 'None'
[0.399s] Level 5:colcon.colcon_core.verb:set package 'usb_cam' build argument 'catkin_skip_building_tests' from command line to 'False'
[0.399s] DEBUG:colcon.colcon_core.verb:Building package 'usb_cam' with the following arguments: {'ament_cmake_args': None, 'build_base': '/home/abyan/Documents/FOR_ALTAIR/ALTAIR-vision/build/usb_cam', 'catkin_cmake_args': None, 'catkin_skip_building_tests': False, 'cmake_args': None, 'cmake_clean_cache': False, 'cmake_clean_first': False, 'cmake_force_configure': False, 'cmake_target': None, 'cmake_target_skip_unavailable': False, 'install_base': '/home/abyan/Documents/FOR_ALTAIR/ALTAIR-vision/install/usb_cam', 'merge_install': False, 'path': '/home/abyan/Documents/FOR_ALTAIR/ALTAIR-vision/src/usb_cam', 'symlink_install': False, 'test_result_base': None}
[0.400s] Level 5:colcon.colcon_core.verb:set package 'video_subscriber' build argument 'cmake_args' from command line to 'None'
[0.400s] Level 5:colcon.colcon_core.verb:set package 'video_subscriber' build argument 'cmake_target' from command line to 'None'
[0.400s] Level 5:colcon.colcon_core.verb:set package 'video_subscriber' build argument 'cmake_target_skip_unavailable' from command line to 'False'
[0.400s] Level 5:colcon.colcon_core.verb:set package 'video_subscriber' build argument 'cmake_clean_cache' from command line to 'False'
[0.400s] Level 5:colcon.colcon_core.verb:set package 'video_subscriber' build argument 'cmake_clean_first' from command line to 'False'
[0.400s] Level 5:colcon.colcon_core.verb:set package 'video_subscriber' build argument 'cmake_force_configure' from command line to 'False'
[0.400s] Level 5:colcon.colcon_core.verb:set package 'video_subscriber' build argument 'ament_cmake_args' from command line to 'None'
[0.400s] Level 5:colcon.colcon_core.verb:set package 'video_subscriber' build argument 'catkin_cmake_args' from command line to 'None'
[0.400s] Level 5:colcon.colcon_core.verb:set package 'video_subscriber' build argument 'catkin_skip_building_tests' from command line to 'False'
[0.400s] DEBUG:colcon.colcon_core.verb:Building package 'video_subscriber' with the following arguments: {'ament_cmake_args': None, 'build_base': '/home/abyan/Documents/FOR_ALTAIR/ALTAIR-vision/build/video_subscriber', 'catkin_cmake_args': None, 'catkin_skip_building_tests': False, 'cmake_args': None, 'cmake_clean_cache': False, 'cmake_clean_first': False, 'cmake_force_configure': False, 'cmake_target': None, 'cmake_target_skip_unavailable': False, 'install_base': '/home/abyan/Documents/FOR_ALTAIR/ALTAIR-vision/install/video_subscriber', 'merge_install': False, 'path': '/home/abyan/Documents/FOR_ALTAIR/ALTAIR-vision/src/video_subscriber', 'symlink_install': False, 'test_result_base': None}
[0.400s] Level 5:colcon.colcon_core.verb:set package 'ipm_library' build argument 'cmake_args' from command line to 'None'
[0.400s] Level 5:colcon.colcon_core.verb:set package 'ipm_library' build argument 'cmake_target' from command line to 'None'
[0.400s] Level 5:colcon.colcon_core.verb:set package 'ipm_library' build argument 'cmake_target_skip_unavailable' from command line to 'False'
[0.400s] Level 5:colcon.colcon_core.verb:set package 'ipm_library' build argument 'cmake_clean_cache' from command line to 'False'
[0.400s] Level 5:colcon.colcon_core.verb:set package 'ipm_library' build argument 'cmake_clean_first' from command line to 'False'
[0.400s] Level 5:colcon.colcon_core.verb:set package 'ipm_library' build argument 'cmake_force_configure' from command line to 'False'
[0.400s] Level 5:colcon.colcon_core.verb:set package 'ipm_library' build argument 'ament_cmake_args' from command line to 'None'
[0.400s] Level 5:colcon.colcon_core.verb:set package 'ipm_library' build argument 'catkin_cmake_args' from command line to 'None'
[0.400s] Level 5:colcon.colcon_core.verb:set package 'ipm_library' build argument 'catkin_skip_building_tests' from command line to 'False'
[0.401s] DEBUG:colcon.colcon_core.verb:Building package 'ipm_library' with the following arguments: {'ament_cmake_args': None, 'build_base': '/home/abyan/Documents/FOR_ALTAIR/ALTAIR-vision/build/ipm_library', 'catkin_cmake_args': None, 'catkin_skip_building_tests': False, 'cmake_args': None, 'cmake_clean_cache': False, 'cmake_clean_first': False, 'cmake_force_configure': False, 'cmake_target': None, 'cmake_target_skip_unavailable': False, 'install_base': '/home/abyan/Documents/FOR_ALTAIR/ALTAIR-vision/install/ipm_library', 'merge_install': False, 'path': '/home/abyan/Documents/FOR_ALTAIR/ALTAIR-vision/src/ipm_library', 'symlink_install': False, 'test_result_base': None}
[0.401s] Level 5:colcon.colcon_core.verb:set package 'soccer_ipm' build argument 'cmake_args' from command line to 'None'
[0.401s] Level 5:colcon.colcon_core.verb:set package 'soccer_ipm' build argument 'cmake_target' from command line to 'None'
[0.401s] Level 5:colcon.colcon_core.verb:set package 'soccer_ipm' build argument 'cmake_target_skip_unavailable' from command line to 'False'
[0.401s] Level 5:colcon.colcon_core.verb:set package 'soccer_ipm' build argument 'cmake_clean_cache' from command line to 'False'
[0.401s] Level 5:colcon.colcon_core.verb:set package 'soccer_ipm' build argument 'cmake_clean_first' from command line to 'False'
[0.401s] Level 5:colcon.colcon_core.verb:set package 'soccer_ipm' build argument 'cmake_force_configure' from command line to 'False'
[0.401s] Level 5:colcon.colcon_core.verb:set package 'soccer_ipm' build argument 'ament_cmake_args' from command line to 'None'
[0.401s] Level 5:colcon.colcon_core.verb:set package 'soccer_ipm' build argument 'catkin_cmake_args' from command line to 'None'
[0.401s] Level 5:colcon.colcon_core.verb:set package 'soccer_ipm' build argument 'catkin_skip_building_tests' from command line to 'False'
[0.401s] DEBUG:colcon.colcon_core.verb:Building package 'soccer_ipm' with the following arguments: {'ament_cmake_args': None, 'build_base': '/home/abyan/Documents/FOR_ALTAIR/ALTAIR-vision/build/soccer_ipm', 'catkin_cmake_args': None, 'catkin_skip_building_tests': False, 'cmake_args': None, 'cmake_clean_cache': False, 'cmake_clean_first': False, 'cmake_force_configure': False, 'cmake_target': None, 'cmake_target_skip_unavailable': False, 'install_base': '/home/abyan/Documents/FOR_ALTAIR/ALTAIR-vision/install/soccer_ipm', 'merge_install': False, 'path': '/home/abyan/Documents/FOR_ALTAIR/ALTAIR-vision/src/soccer_ipm', 'symlink_install': False, 'test_result_base': None}
[0.401s] INFO:colcon.colcon_core.executor:Executing jobs using 'parallel' executor
[0.403s] DEBUG:colcon.colcon_parallel_executor.executor.parallel:run_until_complete
[0.403s] INFO:colcon.colcon_ros.task.ament_cmake.build:Building ROS package in '/home/abyan/Documents/FOR_ALTAIR/ALTAIR-vision/src/ipm_interfaces' with build type 'ament_cmake'
[0.403s] INFO:colcon.colcon_cmake.task.cmake.build:Building CMake package in '/home/abyan/Documents/FOR_ALTAIR/ALTAIR-vision/src/ipm_interfaces'
[0.409s] INFO:colcon.colcon_core.plugin_system:Skipping extension 'colcon_core.shell.bat': Not used on non-Windows systems
[0.410s] INFO:colcon.colcon_core.shell:Skip shell extension 'powershell' for command environment: Not usable outside of PowerShell
[0.411s] DEBUG:colcon.colcon_core.shell:Skip shell extension 'dsv' for command environment
[0.422s] INFO:colcon.colcon_ros.task.ament_cmake.build:Building ROS package in '/home/abyan/Documents/FOR_ALTAIR/ALTAIR-vision/src/altair_calibration' with build type 'ament_cmake'
[0.423s] INFO:colcon.colcon_cmake.task.cmake.build:Building CMake package in '/home/abyan/Documents/FOR_ALTAIR/ALTAIR-vision/src/altair_calibration'
[0.423s] INFO:colcon.colcon_core.shell:Skip shell extension 'powershell' for command environment: Not usable outside of PowerShell
[0.424s] DEBUG:colcon.colcon_core.shell:Skip shell extension 'dsv' for command environment
[0.433s] INFO:colcon.colcon_ros.task.ament_cmake.build:Building ROS package in '/home/abyan/Documents/FOR_ALTAIR/ALTAIR-vision/src/ball_detect' with build type 'ament_cmake'
[0.433s] INFO:colcon.colcon_cmake.task.cmake.build:Building CMake package in '/home/abyan/Documents/FOR_ALTAIR/ALTAIR-vision/src/ball_detect'
[0.434s] INFO:colcon.colcon_core.shell:Skip shell extension 'powershell' for command environment: Not usable outside of PowerShell
[0.434s] DEBUG:colcon.colcon_core.shell:Skip shell extension 'dsv' for command environment
[0.442s] INFO:colcon.colcon_cmake.task.cmake.build:Building CMake package in '/home/abyan/Documents/FOR_ALTAIR/ALTAIR-vision/src/sample_program/ball_detection'
[0.443s] INFO:colcon.colcon_core.shell:Skip shell extension 'powershell' for command environment: Not usable outside of PowerShell
[0.444s] DEBUG:colcon.colcon_core.shell:Skip shell extension 'dsv' for command environment
[0.454s] INFO:colcon.colcon_ros.task.ament_python.build:Building ROS package in '/home/abyan/Documents/FOR_ALTAIR/ALTAIR-vision/src/ball_detector' with build type 'ament_python'
[0.455s] Level 1:colcon.colcon_core.shell:create_environment_hook('ball_detector', 'ament_prefix_path')
[0.455s] INFO:colcon.colcon_core.shell:Creating environment hook '/home/abyan/Documents/FOR_ALTAIR/ALTAIR-vision/install/ball_detector/share/ball_detector/hook/ament_prefix_path.ps1'
[0.458s] INFO:colcon.colcon_core.shell:Creating environment descriptor '/home/abyan/Documents/FOR_ALTAIR/ALTAIR-vision/install/ball_detector/share/ball_detector/hook/ament_prefix_path.dsv'
[0.460s] INFO:colcon.colcon_core.shell:Creating environment hook '/home/abyan/Documents/FOR_ALTAIR/ALTAIR-vision/install/ball_detector/share/ball_detector/hook/ament_prefix_path.sh'
[0.463s] INFO:colcon.colcon_core.shell:Skip shell extension 'powershell' for command environment: Not usable outside of PowerShell
[0.463s] DEBUG:colcon.colcon_core.shell:Skip shell extension 'dsv' for command environment
[0.472s] INFO:colcon.colcon_ros.task.ament_python.build:Building ROS package in '/home/abyan/Documents/FOR_ALTAIR/ALTAIR-vision/src/camera_calibration' with build type 'ament_python'
[0.472s] Level 1:colcon.colcon_core.shell:create_environment_hook('camera_calibration', 'ament_prefix_path')
[0.472s] INFO:colcon.colcon_core.shell:Creating environment hook '/home/abyan/Documents/FOR_ALTAIR/ALTAIR-vision/install/camera_calibration/share/camera_calibration/hook/ament_prefix_path.ps1'
[0.474s] INFO:colcon.colcon_core.shell:Creating environment descriptor '/home/abyan/Documents/FOR_ALTAIR/ALTAIR-vision/install/camera_calibration/share/camera_calibration/hook/ament_prefix_path.dsv'
[0.475s] INFO:colcon.colcon_core.shell:Creating environment hook '/home/abyan/Documents/FOR_ALTAIR/ALTAIR-vision/install/camera_calibration/share/camera_calibration/hook/ament_prefix_path.sh'
[0.477s] INFO:colcon.colcon_core.shell:Skip shell extension 'powershell' for command environment: Not usable outside of PowerShell
[0.477s] DEBUG:colcon.colcon_core.shell:Skip shell extension 'dsv' for command environment
[0.485s] INFO:colcon.colcon_ros.task.ament_python.build:Building ROS package in '/home/abyan/Documents/FOR_ALTAIR/ALTAIR-vision/src/soccer_field_map_generator/soccer_field_map_generator' with build type 'ament_python'
[0.486s] Level 1:colcon.colcon_core.shell:create_environment_hook('soccer_field_map_generator', 'ament_prefix_path')
[0.486s] INFO:colcon.colcon_core.shell:Creating environment hook '/home/abyan/Documents/FOR_ALTAIR/ALTAIR-vision/install/soccer_field_map_generator/share/soccer_field_map_generator/hook/ament_prefix_path.ps1'
[0.488s] INFO:colcon.colcon_core.shell:Creating environment descriptor '/home/abyan/Documents/FOR_ALTAIR/ALTAIR-vision/install/soccer_field_map_generator/share/soccer_field_map_generator/hook/ament_prefix_path.dsv'
[0.489s] INFO:colcon.colcon_core.shell:Creating environment hook '/home/abyan/Documents/FOR_ALTAIR/ALTAIR-vision/install/soccer_field_map_generator/share/soccer_field_map_generator/hook/ament_prefix_path.sh'
[0.490s] INFO:colcon.colcon_core.shell:Skip shell extension 'powershell' for command environment: Not usable outside of PowerShell
[0.490s] DEBUG:colcon.colcon_core.shell:Skip shell extension 'dsv' for command environment
[0.498s] INFO:colcon.colcon_ros.task.ament_cmake.build:Building ROS package in '/home/abyan/Documents/FOR_ALTAIR/ALTAIR-vision/src/temp_ball_detector' with build type 'ament_cmake'
[0.499s] INFO:colcon.colcon_cmake.task.cmake.build:Building CMake package in '/home/abyan/Documents/FOR_ALTAIR/ALTAIR-vision/src/temp_ball_detector'
[0.499s] INFO:colcon.colcon_core.shell:Skip shell extension 'powershell' for command environment: Not usable outside of PowerShell
[0.499s] DEBUG:colcon.colcon_core.shell:Skip shell extension 'dsv' for command environment
[0.510s] INFO:colcon.colcon_ros.task.ament_cmake.build:Building ROS package in '/home/abyan/Documents/FOR_ALTAIR/ALTAIR-vision/src/usb_cam' with build type 'ament_cmake'
[0.511s] INFO:colcon.colcon_cmake.task.cmake.build:Building CMake package in '/home/abyan/Documents/FOR_ALTAIR/ALTAIR-vision/src/usb_cam'
[0.511s] INFO:colcon.colcon_core.shell:Skip shell extension 'powershell' for command environment: Not usable outside of PowerShell
[0.511s] DEBUG:colcon.colcon_core.shell:Skip shell extension 'dsv' for command environment
[0.521s] INFO:colcon.colcon_ros.task.ament_python.build:Building ROS package in '/home/abyan/Documents/FOR_ALTAIR/ALTAIR-vision/src/video_subscriber' with build type 'ament_python'
[0.522s] Level 1:colcon.colcon_core.shell:create_environment_hook('video_subscriber', 'ament_prefix_path')
[0.523s] INFO:colcon.colcon_core.shell:Creating environment hook '/home/abyan/Documents/FOR_ALTAIR/ALTAIR-vision/install/video_subscriber/share/video_subscriber/hook/ament_prefix_path.ps1'
[0.525s] INFO:colcon.colcon_core.shell:Creating environment descriptor '/home/abyan/Documents/FOR_ALTAIR/ALTAIR-vision/install/video_subscriber/share/video_subscriber/hook/ament_prefix_path.dsv'
[0.527s] INFO:colcon.colcon_core.shell:Creating environment hook '/home/abyan/Documents/FOR_ALTAIR/ALTAIR-vision/install/video_subscriber/share/video_subscriber/hook/ament_prefix_path.sh'
[0.528s] INFO:colcon.colcon_core.shell:Skip shell extension 'powershell' for command environment: Not usable outside of PowerShell
[0.528s] DEBUG:colcon.colcon_core.shell:Skip shell extension 'dsv' for command environment
[0.554s] DEBUG:colcon.colcon_core.event_handler.log_command:Invoking command in '/home/abyan/Documents/FOR_ALTAIR/ALTAIR-vision/build/ipm_interfaces': CMAKE_PREFIX_PATH=${CMAKE_PREFIX_PATH}:/home/abyan/Documents/FOR_ALTAIR/ALTAIR-vision/install/soccer_ipm:/home/abyan/Documents/FOR_ALTAIR/ALTAIR-vision/install/video_subscriber:/home/abyan/Documents/FOR_ALTAIR/ALTAIR-vision/install/soccer_field_map_generator:/home/abyan/Documents/FOR_ALTAIR/ALTAIR-vision/install/camera_calibration:/home/abyan/Documents/FOR_ALTAIR/ALTAIR-vision/install/ball_detector:/opt/ros/jazzy DEBUGINFOD_URLS=https://debuginfod.ubuntu.com /usr/bin/cmake /home/abyan/Documents/FOR_ALTAIR/ALTAIR-vision/src/ipm_interfaces -DCMAKE_INSTALL_PREFIX=/home/abyan/Documents/FOR_ALTAIR/ALTAIR-vision/install/ipm_interfaces
[0.561s] DEBUG:colcon.colcon_core.event_handler.log_command:Invoking command in '/home/abyan/Documents/FOR_ALTAIR/ALTAIR-vision/build/altair_calibration': CMAKE_PREFIX_PATH=${CMAKE_PREFIX_PATH}:/home/abyan/Documents/FOR_ALTAIR/ALTAIR-vision/install/soccer_ipm:/home/abyan/Documents/FOR_ALTAIR/ALTAIR-vision/install/video_subscriber:/home/abyan/Documents/FOR_ALTAIR/ALTAIR-vision/install/soccer_field_map_generator:/home/abyan/Documents/FOR_ALTAIR/ALTAIR-vision/install/camera_calibration:/home/abyan/Documents/FOR_ALTAIR/ALTAIR-vision/install/ball_detector:/opt/ros/jazzy DEBUGINFOD_URLS=https://debuginfod.ubuntu.com /usr/bin/cmake /home/abyan/Documents/FOR_ALTAIR/ALTAIR-vision/src/altair_calibration -DCMAKE_INSTALL_PREFIX=/home/abyan/Documents/FOR_ALTAIR/ALTAIR-vision/install/altair_calibration
[0.568s] DEBUG:colcon.colcon_core.event_handler.log_command:Invoking command in '/home/abyan/Documents/FOR_ALTAIR/ALTAIR-vision/build/ball_detect': CMAKE_PREFIX_PATH=${CMAKE_PREFIX_PATH}:/home/abyan/Documents/FOR_ALTAIR/ALTAIR-vision/install/soccer_ipm:/home/abyan/Documents/FOR_ALTAIR/ALTAIR-vision/install/video_subscriber:/home/abyan/Documents/FOR_ALTAIR/ALTAIR-vision/install/soccer_field_map_generator:/home/abyan/Documents/FOR_ALTAIR/ALTAIR-vision/install/camera_calibration:/home/abyan/Documents/FOR_ALTAIR/ALTAIR-vision/install/ball_detector:/opt/ros/jazzy DEBUGINFOD_URLS=https://debuginfod.ubuntu.com /usr/bin/cmake /home/abyan/Documents/FOR_ALTAIR/ALTAIR-vision/src/ball_detect -DCMAKE_INSTALL_PREFIX=/home/abyan/Documents/FOR_ALTAIR/ALTAIR-vision/install/ball_detect
[0.573s] DEBUG:colcon.colcon_core.event_handler.log_command:Invoking command in '/home/abyan/Documents/FOR_ALTAIR/ALTAIR-vision/build/ball_detection': DEBUGINFOD_URLS=https://debuginfod.ubuntu.com /usr/bin/cmake /home/abyan/Documents/FOR_ALTAIR/ALTAIR-vision/src/sample_program/ball_detection -DCMAKE_INSTALL_PREFIX=/home/abyan/Documents/FOR_ALTAIR/ALTAIR-vision/install/ball_detection
[1.307s] INFO:colcon.colcon_core.task.python.build:Building Python package in '/home/abyan/Documents/FOR_ALTAIR/ALTAIR-vision/src/ball_detector'
[1.308s] INFO:colcon.colcon_core.shell:Skip shell extension 'powershell' for command environment: Not usable outside of PowerShell
[1.308s] DEBUG:colcon.colcon_core.shell:Skip shell extension 'dsv' for command environment
[2.029s] INFO:colcon.colcon_core.task.python.build:Building Python package in '/home/abyan/Documents/FOR_ALTAIR/ALTAIR-vision/src/camera_calibration'
[2.030s] INFO:colcon.colcon_core.shell:Skip shell extension 'powershell' for command environment: Not usable outside of PowerShell
[2.030s] DEBUG:colcon.colcon_core.shell:Skip shell extension 'dsv' for command environment
[2.706s] INFO:colcon.colcon_core.task.python.build:Building Python package in '/home/abyan/Documents/FOR_ALTAIR/ALTAIR-vision/src/soccer_field_map_generator/soccer_field_map_generator'
[2.707s] INFO:colcon.colcon_core.shell:Skip shell extension 'powershell' for command environment: Not usable outside of PowerShell
[2.707s] DEBUG:colcon.colcon_core.shell:Skip shell extension 'dsv' for command environment
[2.724s] DEBUG:colcon.colcon_core.event_handler.log_command:Invoking command in '/home/abyan/Documents/FOR_ALTAIR/ALTAIR-vision/build/temp_ball_detector': CMAKE_PREFIX_PATH=${CMAKE_PREFIX_PATH}:/home/abyan/Documents/FOR_ALTAIR/ALTAIR-vision/install/soccer_ipm:/home/abyan/Documents/FOR_ALTAIR/ALTAIR-vision/install/video_subscriber:/home/abyan/Documents/FOR_ALTAIR/ALTAIR-vision/install/soccer_field_map_generator:/home/abyan/Documents/FOR_ALTAIR/ALTAIR-vision/install/camera_calibration:/home/abyan/Documents/FOR_ALTAIR/ALTAIR-vision/install/ball_detector:/opt/ros/jazzy DEBUGINFOD_URLS=https://debuginfod.ubuntu.com /usr/bin/cmake /home/abyan/Documents/FOR_ALTAIR/ALTAIR-vision/src/temp_ball_detector -DCMAKE_INSTALL_PREFIX=/home/abyan/Documents/FOR_ALTAIR/ALTAIR-vision/install/temp_ball_detector
[2.731s] DEBUG:colcon.colcon_core.event_handler.log_command:Invoking command in '/home/abyan/Documents/FOR_ALTAIR/ALTAIR-vision/build/usb_cam': CMAKE_PREFIX_PATH=${CMAKE_PREFIX_PATH}:/home/abyan/Documents/FOR_ALTAIR/ALTAIR-vision/install/soccer_ipm:/home/abyan/Documents/FOR_ALTAIR/ALTAIR-vision/install/video_subscriber:/home/abyan/Documents/FOR_ALTAIR/ALTAIR-vision/install/soccer_field_map_generator:/home/abyan/Documents/FOR_ALTAIR/ALTAIR-vision/install/camera_calibration:/home/abyan/Documents/FOR_ALTAIR/ALTAIR-vision/install/ball_detector:/opt/ros/jazzy DEBUGINFOD_URLS=https://debuginfod.ubuntu.com /usr/bin/cmake /home/abyan/Documents/FOR_ALTAIR/ALTAIR-vision/src/usb_cam -DCMAKE_INSTALL_PREFIX=/home/abyan/Documents/FOR_ALTAIR/ALTAIR-vision/install/usb_cam
[3.448s] INFO:colcon.colcon_core.task.python.build:Building Python package in '/home/abyan/Documents/FOR_ALTAIR/ALTAIR-vision/src/video_subscriber'
[3.449s] INFO:colcon.colcon_core.shell:Skip shell extension 'powershell' for command environment: Not usable outside of PowerShell
[3.449s] DEBUG:colcon.colcon_core.shell:Skip shell extension 'dsv' for command environment
[3.465s] DEBUG:colcon.colcon_core.event_handler.log_command:Invoked command in '/home/abyan/Documents/FOR_ALTAIR/ALTAIR-vision/build/ball_detection' returned '0': DEBUGINFOD_URLS=https://debuginfod.ubuntu.com /usr/bin/cmake /home/abyan/Documents/FOR_ALTAIR/ALTAIR-vision/src/sample_program/ball_detection -DCMAKE_INSTALL_PREFIX=/home/abyan/Documents/FOR_ALTAIR/ALTAIR-vision/install/ball_detection
[3.469s] DEBUG:colcon.colcon_core.event_handler.log_command:Invoking command in '/home/abyan/Documents/FOR_ALTAIR/ALTAIR-vision/build/ball_detection': DEBUGINFOD_URLS=https://debuginfod.ubuntu.com /usr/bin/cmake --build /home/abyan/Documents/FOR_ALTAIR/ALTAIR-vision/build/ball_detection -- -j16 -l16
[5.229s] DEBUG:colcon.colcon_core.event_handler.log_command:Invoked command in '/home/abyan/Documents/FOR_ALTAIR/ALTAIR-vision/build/ipm_interfaces' returned '1': CMAKE_PREFIX_PATH=${CMAKE_PREFIX_PATH}:/home/abyan/Documents/FOR_ALTAIR/ALTAIR-vision/install/soccer_ipm:/home/abyan/Documents/FOR_ALTAIR/ALTAIR-vision/install/video_subscriber:/home/abyan/Documents/FOR_ALTAIR/ALTAIR-vision/install/soccer_field_map_generator:/home/abyan/Documents/FOR_ALTAIR/ALTAIR-vision/install/camera_calibration:/home/abyan/Documents/FOR_ALTAIR/ALTAIR-vision/install/ball_detector:/opt/ros/jazzy DEBUGINFOD_URLS=https://debuginfod.ubuntu.com /usr/bin/cmake /home/abyan/Documents/FOR_ALTAIR/ALTAIR-vision/src/ipm_interfaces -DCMAKE_INSTALL_PREFIX=/home/abyan/Documents/FOR_ALTAIR/ALTAIR-vision/install/ipm_interfaces
[5.267s] Level 1:colcon.colcon_core.environment:create_environment_scripts_only(ipm_interfaces)
[5.274s] Level 1:colcon.colcon_core.environment:checking '/home/abyan/Documents/FOR_ALTAIR/ALTAIR-vision/install/ipm_interfaces' for CMake module files
[5.276s] Level 1:colcon.colcon_core.environment:checking '/home/abyan/Documents/FOR_ALTAIR/ALTAIR-vision/install/ipm_interfaces' for CMake config files
[5.278s] Level 1:colcon.colcon_core.environment:checking '/home/abyan/Documents/FOR_ALTAIR/ALTAIR-vision/install/ipm_interfaces/bin'
[5.278s] Level 1:colcon.colcon_core.environment:checking '/home/abyan/Documents/FOR_ALTAIR/ALTAIR-vision/install/ipm_interfaces/lib/pkgconfig/ipm_interfaces.pc'
[5.279s] Level 1:colcon.colcon_core.environment:checking '/home/abyan/Documents/FOR_ALTAIR/ALTAIR-vision/install/ipm_interfaces/lib/python3.12/site-packages'
[5.280s] Level 1:colcon.colcon_core.environment:checking '/home/abyan/Documents/FOR_ALTAIR/ALTAIR-vision/install/ipm_interfaces/bin'
[5.280s] INFO:colcon.colcon_core.shell:Creating package script '/home/abyan/Documents/FOR_ALTAIR/ALTAIR-vision/install/ipm_interfaces/share/ipm_interfaces/package.ps1'
[5.283s] INFO:colcon.colcon_core.shell:Creating package descriptor '/home/abyan/Documents/FOR_ALTAIR/ALTAIR-vision/install/ipm_interfaces/share/ipm_interfaces/package.dsv'
[5.284s] INFO:colcon.colcon_core.shell:Creating package script '/home/abyan/Documents/FOR_ALTAIR/ALTAIR-vision/install/ipm_interfaces/share/ipm_interfaces/package.sh'
[5.286s] INFO:colcon.colcon_core.shell:Creating package script '/home/abyan/Documents/FOR_ALTAIR/ALTAIR-vision/install/ipm_interfaces/share/ipm_interfaces/package.bash'
[5.288s] INFO:colcon.colcon_core.shell:Creating package script '/home/abyan/Documents/FOR_ALTAIR/ALTAIR-vision/install/ipm_interfaces/share/ipm_interfaces/package.zsh'
[5.290s] Level 1:colcon.colcon_core.environment:create_file_with_runtime_dependencies(/home/abyan/Documents/FOR_ALTAIR/ALTAIR-vision/install/ipm_interfaces/share/colcon-core/packages/ipm_interfaces)
[14.036s] DEBUG:colcon.colcon_parallel_executor.executor.parallel:closing loop
[14.037s] DEBUG:colcon.colcon_parallel_executor.executor.parallel:loop closed
[14.037s] DEBUG:colcon.colcon_parallel_executor.executor.parallel:run_until_complete finished with '1'
[14.037s] DEBUG:colcon.colcon_core.event_reactor:joining thread
[14.056s] INFO:colcon.colcon_core.plugin_system:Skipping extension 'colcon_notification.desktop_notification.terminal_notifier': Not used on non-Darwin systems
[14.056s] INFO:colcon.colcon_core.plugin_system:Skipping extension 'colcon_notification.desktop_notification.win32': Not used on non-Windows systems
[14.057s] INFO:colcon.colcon_notification.desktop_notification:Sending desktop notification using 'notify2'
[14.094s] DEBUG:colcon.colcon_core.event_reactor:joined thread
[14.095s] INFO:colcon.colcon_core.shell:Creating prefix script '/home/abyan/Documents/FOR_ALTAIR/ALTAIR-vision/install/local_setup.ps1'
[14.098s] INFO:colcon.colcon_core.shell:Creating prefix util module '/home/abyan/Documents/FOR_ALTAIR/ALTAIR-vision/install/_local_setup_util_ps1.py'
[14.101s] INFO:colcon.colcon_core.shell:Creating prefix chain script '/home/abyan/Documents/FOR_ALTAIR/ALTAIR-vision/install/setup.ps1'
[14.103s] INFO:colcon.colcon_core.shell:Creating prefix script '/home/abyan/Documents/FOR_ALTAIR/ALTAIR-vision/install/local_setup.sh'
[14.104s] INFO:colcon.colcon_core.shell:Creating prefix util module '/home/abyan/Documents/FOR_ALTAIR/ALTAIR-vision/install/_local_setup_util_sh.py'
[14.106s] INFO:colcon.colcon_core.shell:Creating prefix chain script '/home/abyan/Documents/FOR_ALTAIR/ALTAIR-vision/install/setup.sh'
[14.108s] INFO:colcon.colcon_core.shell:Creating prefix script '/home/abyan/Documents/FOR_ALTAIR/ALTAIR-vision/install/local_setup.bash'
[14.109s] INFO:colcon.colcon_core.shell:Creating prefix chain script '/home/abyan/Documents/FOR_ALTAIR/ALTAIR-vision/install/setup.bash'
[14.111s] INFO:colcon.colcon_core.shell:Creating prefix script '/home/abyan/Documents/FOR_ALTAIR/ALTAIR-vision/install/local_setup.zsh'
[14.112s] INFO:colcon.colcon_core.shell:Creating prefix chain script '/home/abyan/Documents/FOR_ALTAIR/ALTAIR-vision/install/setup.zsh'
