[0.011s] Invoking command in '/home/altair/Documents/ALTAIR-vision/build/ball_detector': CMAKE_PREFIX_PATH=${CMAKE_PREFIX_PATH}:/opt/ros/jazzy DEBUGINFOD_URLS=https://debuginfod.ubuntu.com /usr/bin/cmake /home/altair/Documents/ALTAIR-vision/src/ball_detector -DCMAKE_INSTALL_PREFIX=/home/altair/Documents/ALTAIR-vision/install/ball_detector
[0.027s] -- Found ament_cmake: 2.5.2 (/opt/ros/jazzy/share/ament_cmake/cmake)
[0.346s] -- Found rclpy: 7.1.2 (/opt/ros/jazzy/share/rclpy/cmake)
[0.346s] -- Found rosidl_default_generators: 1.6.0 (/opt/ros/jazzy/share/rosidl_default_generators/cmake)
[0.349s] -- Using all available rosidl_typesupport_c: rosidl_typesupport_fastrtps_c;rosidl_typesupport_introspection_c
[0.396s] -- Using all available rosidl_typesupport_cpp: rosidl_typesupport_fastrtps_cpp;rosidl_typesupport_introspection_cpp
[0.430s] -- Found rosidl_adapter: 4.6.4 (/opt/ros/jazzy/share/rosidl_adapter/cmake)
[0.432s] -- Found std_msgs: 5.3.5 (/opt/ros/jazzy/share/std_msgs/cmake)
[1.376s] -- Found ament_cmake_ros: 0.12.0 (/opt/ros/jazzy/share/ament_cmake_ros/cmake)
[2.119s] -- Using all available rosidl_typesupport_c: rosidl_typesupport_fastrtps_c;rosidl_typesupport_introspection_c
[3.091s] -- Using all available rosidl_typesupport_cpp: rosidl_typesupport_fastrtps_cpp;rosidl_typesupport_introspection_cpp
[3.095s] -- Found python_cmake_module: 0.11.1 (/opt/ros/jazzy/share/python_cmake_module/cmake)
[3.320s] -- Found PythonExtra: /usr/bin/python3  
[4.010s] -- Found Python3: /usr/bin/python3 (found version "3.12.3") found components: Interpreter Development NumPy Development.Module Development.Embed 
[4.088s] [31mCMake Error at CMakeLists.txt:38 (install):
[4.089s]   install TARGETS given target "ball_detector" which is not an executable,
[4.089s]   library, or module.
[4.089s] 
[4.089s] [0m
[4.091s] -- Found ament_lint_auto: 0.17.1 (/opt/ros/jazzy/share/ament_lint_auto/cmake)
[4.142s] -- Added test 'flake8' to check Python code syntax and style conventions
[4.142s] -- Configured 'flake8' exclude dirs and/or files: 
[4.143s] -- Added test 'lint_cmake' to check CMake code style
[4.145s] -- Added test 'pep257' to check Python code against some of the docstring style conventions in PEP 257
[4.148s] -- Added test 'xmllint' to check XML markup files
[4.154s] -- Configuring incomplete, errors occurred!
[4.164s] Invoked command in '/home/altair/Documents/ALTAIR-vision/build/ball_detector' returned '1': CMAKE_PREFIX_PATH=${CMAKE_PREFIX_PATH}:/opt/ros/jazzy DEBUGINFOD_URLS=https://debuginfod.ubuntu.com /usr/bin/cmake /home/altair/Documents/ALTAIR-vision/src/ball_detector -DCMAKE_INSTALL_PREFIX=/home/altair/Documents/ALTAIR-vision/install/ball_detector
