[0.912s] Invoking command in '/home/abyan/Documents/FOR_ALTAIR/ALTAIR-vision/src/ball_detector': DEBUGINFOD_URLS=https://debuginfod.ubuntu.com PYTHONPATH=/home/abyan/Documents/FOR_ALTAIR/ALTAIR-vision/build/ball_detector/prefix_override:/usr/lib/python3/dist-packages/colcon_core/task/python/colcon_distutils_commands:/home/abyan/Documents/FOR_ALTAIR/ALTAIR-vision/install/ball_detector/lib/python3.12/site-packages:${PYTHONPATH} /usr/bin/python3 -W ignore:setup.py install is deprecated -W ignore:easy_install command is deprecated setup.py egg_info --egg-base ../../build/ball_detector build --build-base /home/abyan/Documents/FOR_ALTAIR/ALTAIR-vision/build/ball_detector/build install --record /home/abyan/Documents/FOR_ALTAIR/ALTAIR-vision/build/ball_detector/install.log --single-version-externally-managed install_data
[1.119s] running egg_info
[1.119s] creating ../../build/ball_detector/ball_detector.egg-info
[1.132s] writing ../../build/ball_detector/ball_detector.egg-info/PKG-INFO
[1.132s] writing dependency_links to ../../build/ball_detector/ball_detector.egg-info/dependency_links.txt
[1.132s] writing entry points to ../../build/ball_detector/ball_detector.egg-info/entry_points.txt
[1.132s] writing requirements to ../../build/ball_detector/ball_detector.egg-info/requires.txt
[1.133s] writing top-level names to ../../build/ball_detector/ball_detector.egg-info/top_level.txt
[1.133s] writing manifest file '../../build/ball_detector/ball_detector.egg-info/SOURCES.txt'
[1.158s] reading manifest file '../../build/ball_detector/ball_detector.egg-info/SOURCES.txt'
[1.159s] writing manifest file '../../build/ball_detector/ball_detector.egg-info/SOURCES.txt'
[1.159s] running build
[1.159s] running build_py
[1.159s] creating /home/abyan/Documents/FOR_ALTAIR/ALTAIR-vision/build/ball_detector/build
[1.159s] creating /home/abyan/Documents/FOR_ALTAIR/ALTAIR-vision/build/ball_detector/build/lib
[1.160s] creating /home/abyan/Documents/FOR_ALTAIR/ALTAIR-vision/build/ball_detector/build/lib/ball_detector
[1.160s] copying ball_detector/__init__.py -> /home/abyan/Documents/FOR_ALTAIR/ALTAIR-vision/build/ball_detector/build/lib/ball_detector
[1.160s] copying ball_detector/ball_detector.py -> /home/abyan/Documents/FOR_ALTAIR/ALTAIR-vision/build/ball_detector/build/lib/ball_detector
[1.160s] running install
[1.165s] running install_lib
[1.178s] creating /home/abyan/Documents/FOR_ALTAIR/ALTAIR-vision/install/ball_detector/lib/python3.12/site-packages/ball_detector
[1.178s] copying /home/abyan/Documents/FOR_ALTAIR/ALTAIR-vision/build/ball_detector/build/lib/ball_detector/__init__.py -> /home/abyan/Documents/FOR_ALTAIR/ALTAIR-vision/install/ball_detector/lib/python3.12/site-packages/ball_detector
[1.178s] copying /home/abyan/Documents/FOR_ALTAIR/ALTAIR-vision/build/ball_detector/build/lib/ball_detector/ball_detector.py -> /home/abyan/Documents/FOR_ALTAIR/ALTAIR-vision/install/ball_detector/lib/python3.12/site-packages/ball_detector
[1.179s] byte-compiling /home/abyan/Documents/FOR_ALTAIR/ALTAIR-vision/install/ball_detector/lib/python3.12/site-packages/ball_detector/__init__.py to __init__.cpython-312.pyc
[1.179s] byte-compiling /home/abyan/Documents/FOR_ALTAIR/ALTAIR-vision/install/ball_detector/lib/python3.12/site-packages/ball_detector/ball_detector.py to ball_detector.cpython-312.pyc
[1.180s] running install_data
[1.180s] creating /home/abyan/Documents/FOR_ALTAIR/ALTAIR-vision/install/ball_detector/share/ament_index
[1.180s] creating /home/abyan/Documents/FOR_ALTAIR/ALTAIR-vision/install/ball_detector/share/ament_index/resource_index
[1.180s] creating /home/abyan/Documents/FOR_ALTAIR/ALTAIR-vision/install/ball_detector/share/ament_index/resource_index/packages
[1.180s] copying resource/ball_detector -> /home/abyan/Documents/FOR_ALTAIR/ALTAIR-vision/install/ball_detector/share/ament_index/resource_index/packages
[1.181s] copying package.xml -> /home/abyan/Documents/FOR_ALTAIR/ALTAIR-vision/install/ball_detector/share/ball_detector
[1.181s] running install_egg_info
[1.195s] Copying ../../build/ball_detector/ball_detector.egg-info to /home/abyan/Documents/FOR_ALTAIR/ALTAIR-vision/install/ball_detector/lib/python3.12/site-packages/ball_detector-0.0.0-py3.12.egg-info
[1.195s] running install_scripts
[1.292s] Installing ball_detector script to /home/abyan/Documents/FOR_ALTAIR/ALTAIR-vision/install/ball_detector/lib/ball_detector
[1.292s] writing list of installed files to '/home/abyan/Documents/FOR_ALTAIR/ALTAIR-vision/build/ball_detector/install.log'
[1.323s] Invoked command in '/home/abyan/Documents/FOR_ALTAIR/ALTAIR-vision/src/ball_detector' returned '0': DEBUGINFOD_URLS=https://debuginfod.ubuntu.com PYTHONPATH=/home/abyan/Documents/FOR_ALTAIR/ALTAIR-vision/build/ball_detector/prefix_override:/usr/lib/python3/dist-packages/colcon_core/task/python/colcon_distutils_commands:/home/abyan/Documents/FOR_ALTAIR/ALTAIR-vision/install/ball_detector/lib/python3.12/site-packages:${PYTHONPATH} /usr/bin/python3 -W ignore:setup.py install is deprecated -W ignore:easy_install command is deprecated setup.py egg_info --egg-base ../../build/ball_detector build --build-base /home/abyan/Documents/FOR_ALTAIR/ALTAIR-vision/build/ball_detector/build install --record /home/abyan/Documents/FOR_ALTAIR/ALTAIR-vision/build/ball_detector/install.log --single-version-externally-managed install_data
