[  2%] Built target ball_detect__rosidl_generator_type_description
[  2%] Built target ament_cmake_python_copy_ball_detect
[  5%] [32mBuilding CXX object CMakeFiles/ball_det.dir/src/ball_detect.cpp.o[0m
[  8%] [32mBuilding CXX object CMakeFiles/ball_det.dir/src/ball_detector_node.cpp.o[0m
[ 10%] Built target ball_detect__cpp
[ 24%] Built target ball_detect__rosidl_generator_c
[ 27%] [34m[1mGenerating C type support dispatch for ROS interfaces[0m
[ 29%] [34m[1mGenerating C introspection for ROS interfaces[0m
[ 32%] [34m[1mGenerating C++ type support dispatch for ROS interfaces[0m
[ 35%] [34m[1mGenerating C type support for eProsima Fast-RTPS[0m
[ 37%] [34m[1mGenerating C++ type support for eProsima Fast-RTPS[0m
[ 40%] [34m[1mGenerating C++ introspection for ROS interfaces[0m
running egg_info
writing ball_detect.egg-info/PKG-INFO
writing dependency_links to ball_detect.egg-info/dependency_links.txt
writing top-level names to ball_detect.egg-info/top_level.txt
[ 43%] [32mBuilding CXX object CMakeFiles/ball_detect__rosidl_typesupport_cpp.dir/rosidl_typesupport_cpp/ball_detect/msg/ball_info__type_support.cpp.o[0m
[ 45%] [32mBuilding CXX object CMakeFiles/ball_detect__rosidl_typesupport_c.dir/rosidl_typesupport_c/ball_detect/msg/ball_info__type_support.cpp.o[0m
[ 48%] [32mBuilding CXX object CMakeFiles/ball_detect__rosidl_typesupport_introspection_cpp.dir/rosidl_typesupport_introspection_cpp/ball_detect/msg/detail/ball_info__type_support.cpp.o[0m
reading manifest file 'ball_detect.egg-info/SOURCES.txt'
writing manifest file 'ball_detect.egg-info/SOURCES.txt'
[ 51%] [32mBuilding CXX object CMakeFiles/ball_detect__rosidl_typesupport_fastrtps_cpp.dir/rosidl_typesupport_fastrtps_cpp/ball_detect/msg/detail/dds_fastrtps/ball_info__type_support.cpp.o[0m
[ 54%] [32m[1mLinking CXX shared library libball_detect__rosidl_typesupport_c.so[0m
[ 56%] [32mBuilding CXX object CMakeFiles/ball_detect__rosidl_typesupport_fastrtps_c.dir/rosidl_typesupport_fastrtps_c/ball_detect/msg/detail/ball_info__type_support_c.cpp.o[0m
[ 59%] [32mBuilding C object CMakeFiles/ball_detect__rosidl_typesupport_introspection_c.dir/rosidl_typesupport_introspection_c/ball_detect/msg/detail/ball_info__type_support.c.o[0m
[ 59%] Built target ament_cmake_python_build_ball_detect_egg
[ 62%] [32m[1mLinking C shared library libball_detect__rosidl_typesupport_introspection_c.so[0m
[ 62%] Built target ball_detect__rosidl_typesupport_c
[ 62%] Built target ball_detect__rosidl_typesupport_introspection_c
[ 64%] [32m[1mLinking CXX shared library libball_detect__rosidl_typesupport_cpp.so[0m
[ 67%] [32m[1mLinking CXX shared library libball_detect__rosidl_typesupport_introspection_cpp.so[0m
[ 67%] Built target ball_detect__rosidl_typesupport_cpp
[ 67%] Built target ball_detect__rosidl_typesupport_introspection_cpp
[ 70%] [32m[1mLinking CXX shared library libball_detect__rosidl_typesupport_fastrtps_cpp.so[0m
[ 72%] [32m[1mLinking CXX shared library libball_detect__rosidl_typesupport_fastrtps_c.so[0m
[ 72%] Built target ball_detect__rosidl_typesupport_fastrtps_cpp
[ 72%] Built target ball_detect__rosidl_typesupport_fastrtps_c
