[0.158s] Invoking command in '/home/abyan/Documents/FOR_ALTAIR/ALTAIR-vision/build/ball_detect': CMAKE_PREFIX_PATH=${CMAKE_PREFIX_PATH}:/opt/ros/jazzy DEBUGINFOD_URLS=https://debuginfod.ubuntu.com /usr/bin/cmake --build /home/abyan/Documents/FOR_ALTAIR/ALTAIR-vision/build/ball_detect -- -j16 -l16
[2.636s] [  2%] Built target ball_detect__rosidl_generator_type_description
[2.639s] [  2%] Built target ament_cmake_python_copy_ball_detect
[2.639s] [  5%] [32mBuilding CXX object CMakeFiles/ball_det.dir/src/ball_detect.cpp.o[0m
[2.640s] [  8%] [32mBuilding CXX object CMakeFiles/ball_det.dir/src/ball_detector_node.cpp.o[0m
[2.640s] [ 10%] Built target ball_detect__cpp
[2.640s] [ 24%] Built target ball_detect__rosidl_generator_c
[2.641s] [ 27%] [34m[1mGenerating C type support dispatch for ROS interfaces[0m
[2.641s] [ 29%] [34m[1mGenerating C introspection for ROS interfaces[0m
[2.641s] [ 32%] [34m[1mGenerating C++ type support dispatch for ROS interfaces[0m
[2.642s] [ 35%] [34m[1mGenerating C type support for eProsima Fast-RTPS[0m
[2.642s] [ 37%] [34m[1mGenerating C++ type support for eProsima Fast-RTPS[0m
[2.643s] [ 40%] [34m[1mGenerating C++ introspection for ROS interfaces[0m
[2.643s] running egg_info
[2.643s] writing ball_detect.egg-info/PKG-INFO
[2.643s] writing dependency_links to ball_detect.egg-info/dependency_links.txt
[2.643s] writing top-level names to ball_detect.egg-info/top_level.txt
[2.644s] [ 43%] [32mBuilding CXX object CMakeFiles/ball_detect__rosidl_typesupport_cpp.dir/rosidl_typesupport_cpp/ball_detect/msg/ball_info__type_support.cpp.o[0m
[2.644s] [ 45%] [32mBuilding CXX object CMakeFiles/ball_detect__rosidl_typesupport_c.dir/rosidl_typesupport_c/ball_detect/msg/ball_info__type_support.cpp.o[0m
[2.644s] [ 48%] [32mBuilding CXX object CMakeFiles/ball_detect__rosidl_typesupport_introspection_cpp.dir/rosidl_typesupport_introspection_cpp/ball_detect/msg/detail/ball_info__type_support.cpp.o[0m
[2.644s] reading manifest file 'ball_detect.egg-info/SOURCES.txt'
[2.645s] writing manifest file 'ball_detect.egg-info/SOURCES.txt'
[2.645s] [ 51%] [32mBuilding CXX object CMakeFiles/ball_detect__rosidl_typesupport_fastrtps_cpp.dir/rosidl_typesupport_fastrtps_cpp/ball_detect/msg/detail/dds_fastrtps/ball_info__type_support.cpp.o[0m
[2.645s] [ 54%] [32m[1mLinking CXX shared library libball_detect__rosidl_typesupport_c.so[0m
[2.645s] [ 56%] [32mBuilding CXX object CMakeFiles/ball_detect__rosidl_typesupport_fastrtps_c.dir/rosidl_typesupport_fastrtps_c/ball_detect/msg/detail/ball_info__type_support_c.cpp.o[0m
[2.645s] [ 59%] [32mBuilding C object CMakeFiles/ball_detect__rosidl_typesupport_introspection_c.dir/rosidl_typesupport_introspection_c/ball_detect/msg/detail/ball_info__type_support.c.o[0m
[2.646s] [ 59%] Built target ament_cmake_python_build_ball_detect_egg
[2.646s] [ 62%] [32m[1mLinking C shared library libball_detect__rosidl_typesupport_introspection_c.so[0m
[2.647s] [ 62%] Built target ball_detect__rosidl_typesupport_c
[2.647s] [ 62%] Built target ball_detect__rosidl_typesupport_introspection_c
[2.647s] [ 64%] [32m[1mLinking CXX shared library libball_detect__rosidl_typesupport_cpp.so[0m
[2.650s] In file included from [01m[K/home/abyan/Documents/FOR_ALTAIR/ALTAIR-vision/src/ball_detect/src/ball_detect.cpp:1[m[K:
[2.651s] [01m[K/home/abyan/Documents/FOR_ALTAIR/ALTAIR-vision/src/ball_detect/include/ball_detect/ball_detect.hpp:23:10:[m[K [01;31m[Kfatal error: [m[Kball_detect/msg/BallInfo.msg: No such file or directory
[2.651s]    23 | #include [01;31m[K"ball_detect/msg/BallInfo.msg"[m[K
[2.652s]       |          [01;31m[K^~~~~~~~~~~~~~~~~~~~~~~~~~~~~~[m[K
[2.652s] compilation terminated.
[2.652s] gmake[2]: *** [CMakeFiles/ball_det.dir/build.make:76: CMakeFiles/ball_det.dir/src/ball_detect.cpp.o] Error 1
[2.653s] gmake[2]: *** Waiting for unfinished jobs....
[2.654s] In file included from [01m[K/home/abyan/Documents/FOR_ALTAIR/ALTAIR-vision/src/ball_detect/src/ball_detector_node.cpp:1[m[K:
[2.654s] [01m[K/home/abyan/Documents/FOR_ALTAIR/ALTAIR-vision/src/ball_detect/include/ball_detect/ball_detect.hpp:23:10:[m[K [01;31m[Kfatal error: [m[Kball_detect/msg/BallInfo.msg: No such file or directory
[2.654s]    23 | #include [01;31m[K"ball_detect/msg/BallInfo.msg"[m[K
[2.655s]       |          [01;31m[K^~~~~~~~~~~~~~~~~~~~~~~~~~~~~~[m[K
[2.655s] compilation terminated.
[2.655s] gmake[2]: *** [CMakeFiles/ball_det.dir/build.make:90: CMakeFiles/ball_det.dir/src/ball_detector_node.cpp.o] Error 1
[2.656s] gmake[1]: *** [CMakeFiles/Makefile2:183: CMakeFiles/ball_det.dir/all] Error 2
[2.656s] gmake[1]: *** Waiting for unfinished jobs....
[2.656s] [ 67%] [32m[1mLinking CXX shared library libball_detect__rosidl_typesupport_introspection_cpp.so[0m
[2.726s] [ 67%] Built target ball_detect__rosidl_typesupport_cpp
[2.857s] [ 67%] Built target ball_detect__rosidl_typesupport_introspection_cpp
[3.191s] [ 70%] [32m[1mLinking CXX shared library libball_detect__rosidl_typesupport_fastrtps_cpp.so[0m
[3.203s] [ 72%] [32m[1mLinking CXX shared library libball_detect__rosidl_typesupport_fastrtps_c.so[0m
[3.354s] [ 72%] Built target ball_detect__rosidl_typesupport_fastrtps_cpp
[3.367s] [ 72%] Built target ball_detect__rosidl_typesupport_fastrtps_c
[3.370s] gmake: *** [Makefile:146: all] Error 2
[3.553s] Invoked command in '/home/abyan/Documents/FOR_ALTAIR/ALTAIR-vision/build/ball_detect' returned '2': CMAKE_PREFIX_PATH=${CMAKE_PREFIX_PATH}:/opt/ros/jazzy DEBUGINFOD_URLS=https://debuginfod.ubuntu.com /usr/bin/cmake --build /home/abyan/Documents/FOR_ALTAIR/ALTAIR-vision/build/ball_detect -- -j16 -l16
