[0.015s] Invoking command in '/home/altair/Documents/ALTAIR-vision/build/ball_detector': CMAKE_PREFIX_PATH=${CMAKE_PREFIX_PATH}:/opt/ros/jazzy DEBUGINFOD_URLS=https://debuginfod.ubuntu.com /usr/bin/cmake /home/altair/Documents/ALTAIR-vision/src/ball_detector -DCMAKE_INSTALL_PREFIX=/home/altair/Documents/ALTAIR-vision/install/ball_detector
[0.100s] -- The C compiler identification is GNU 13.2.0
[0.191s] -- The CXX compiler identification is GNU 13.2.0
[0.216s] -- Detecting C compiler ABI info
[0.366s] -- Detecting C compiler ABI info - done
[0.381s] -- Check for working C compiler: /usr/bin/cc - skipped
[0.381s] -- Detecting C compile features
[0.382s] -- Detecting C compile features - done
[0.398s] -- Detecting CXX compiler ABI info
[0.571s] -- Detecting CXX compiler ABI info - done
[0.589s] -- Check for working CXX compiler: /usr/bin/c++ - skipped
[0.590s] -- Detecting CXX compile features
[0.591s] -- Detecting CXX compile features - done
[0.595s] -- Found ament_cmake: 2.5.2 (/opt/ros/jazzy/share/ament_cmake/cmake)
[0.813s] -- Found Python3: /usr/bin/python3 (found version "3.12.3") found components: Interpreter 
[0.962s] -- Found rclpy: 7.1.2 (/opt/ros/jazzy/share/rclpy/cmake)
[0.964s] -- Found rosidl_default_generators: 1.6.0 (/opt/ros/jazzy/share/rosidl_default_generators/cmake)
[0.970s] -- Using all available rosidl_typesupport_c: rosidl_typesupport_fastrtps_c;rosidl_typesupport_introspection_c
[1.040s] -- Using all available rosidl_typesupport_cpp: rosidl_typesupport_fastrtps_cpp;rosidl_typesupport_introspection_cpp
[1.093s] -- Found rosidl_adapter: 4.6.4 (/opt/ros/jazzy/share/rosidl_adapter/cmake)
[1.097s] -- Found std_msgs: 5.3.5 (/opt/ros/jazzy/share/std_msgs/cmake)
[2.095s] -- Found ament_cmake_ros: 0.12.0 (/opt/ros/jazzy/share/ament_cmake_ros/cmake)
[2.810s] -- Using all available rosidl_typesupport_c: rosidl_typesupport_fastrtps_c;rosidl_typesupport_introspection_c
[3.748s] -- Using all available rosidl_typesupport_cpp: rosidl_typesupport_fastrtps_cpp;rosidl_typesupport_introspection_cpp
[3.752s] -- Found python_cmake_module: 0.11.1 (/opt/ros/jazzy/share/python_cmake_module/cmake)
[3.982s] -- Found PythonExtra: /usr/bin/python3  
[4.622s] -- Found Python3: /usr/bin/python3 (found version "3.12.3") found components: Interpreter Development NumPy Development.Module Development.Embed 
[4.694s] -- Found ament_lint_auto: 0.17.1 (/opt/ros/jazzy/share/ament_lint_auto/cmake)
[4.727s] -- Added test 'flake8' to check Python code syntax and style conventions
[4.727s] -- Configured 'flake8' exclude dirs and/or files: 
[4.728s] -- Added test 'lint_cmake' to check CMake code style
[4.730s] -- Added test 'pep257' to check Python code against some of the docstring style conventions in PEP 257
[4.732s] -- Added test 'xmllint' to check XML markup files
[4.737s] -- Configuring done (4.7s)
[4.794s] -- Generating done (0.0s)
[4.798s] -- Build files have been written to: /home/altair/Documents/ALTAIR-vision/build/ball_detector
[4.813s] Invoked command in '/home/altair/Documents/ALTAIR-vision/build/ball_detector' returned '0': CMAKE_PREFIX_PATH=${CMAKE_PREFIX_PATH}:/opt/ros/jazzy DEBUGINFOD_URLS=https://debuginfod.ubuntu.com /usr/bin/cmake /home/altair/Documents/ALTAIR-vision/src/ball_detector -DCMAKE_INSTALL_PREFIX=/home/altair/Documents/ALTAIR-vision/install/ball_detector
[4.815s] Invoking command in '/home/altair/Documents/ALTAIR-vision/build/ball_detector': CMAKE_PREFIX_PATH=${CMAKE_PREFIX_PATH}:/opt/ros/jazzy DEBUGINFOD_URLS=https://debuginfod.ubuntu.com /usr/bin/cmake --build /home/altair/Documents/ALTAIR-vision/build/ball_detector -- -j16 -l16
[4.904s] [  2%] [34m[1mGenerating type hashes for ROS interfaces[0m
[4.919s] [  2%] Built target ament_cmake_python_copy_ball_detector
[5.232s] [  2%] Built target ball_detector__rosidl_generator_type_description
[5.256s] [  5%] [34m[1mGenerating C code for ROS interfaces[0m
[5.277s] [  8%] [34m[1mGenerating C++ code for ROS interfaces[0m
[5.291s] running egg_info
[5.293s] creating ball_detector.egg-info
[5.326s] writing ball_detector.egg-info/PKG-INFO
[5.327s] writing dependency_links to ball_detector.egg-info/dependency_links.txt
[5.327s] writing top-level names to ball_detector.egg-info/top_level.txt
[5.327s] writing manifest file 'ball_detector.egg-info/SOURCES.txt'
[5.424s] reading manifest file 'ball_detector.egg-info/SOURCES.txt'
[5.425s] writing manifest file 'ball_detector.egg-info/SOURCES.txt'
[5.479s] [  8%] Built target ament_cmake_python_build_ball_detector_egg
[5.685s] [  8%] Built target ball_detector__cpp
[5.709s] [ 11%] [32mBuilding C object CMakeFiles/ball_detector__rosidl_generator_c.dir/rosidl_generator_c/ball_detector/msg/detail/ball_distance__type_support.c.o[0m
[5.710s] [ 14%] [32mBuilding C object CMakeFiles/ball_detector__rosidl_generator_c.dir/rosidl_generator_c/ball_detector/msg/detail/ball_distance__description.c.o[0m
[5.710s] [ 17%] [32mBuilding C object CMakeFiles/ball_detector__rosidl_generator_c.dir/rosidl_generator_c/ball_detector/msg/detail/ball_distance__functions.c.o[0m
[5.805s] [ 20%] [32m[1mLinking C shared library libball_detector__rosidl_generator_c.so[0m
[5.869s] [ 20%] Built target ball_detector__rosidl_generator_c
[5.887s] [ 23%] [34m[1mGenerating C++ type support dispatch for ROS interfaces[0m
[5.889s] [ 26%] [34m[1mGenerating C introspection for ROS interfaces[0m
[5.889s] [ 32%] [34m[1mGenerating C++ type support for eProsima Fast-RTPS[0m
[5.890s] [ 32%] [34m[1mGenerating C type support for eProsima Fast-RTPS[0m
[5.890s] [ 38%] [34m[1mGenerating C++ introspection for ROS interfaces[0m
[5.890s] [ 38%] [34m[1mGenerating C type support dispatch for ROS interfaces[0m
[6.326s] [ 41%] [32mBuilding CXX object CMakeFiles/ball_detector__rosidl_typesupport_c.dir/rosidl_typesupport_c/ball_detector/msg/ball_distance__type_support.cpp.o[0m
[6.339s] [ 44%] [32mBuilding CXX object CMakeFiles/ball_detector__rosidl_typesupport_cpp.dir/rosidl_typesupport_cpp/ball_detector/msg/ball_distance__type_support.cpp.o[0m
[6.352s] [ 47%] [32mBuilding C object CMakeFiles/ball_detector__rosidl_typesupport_introspection_c.dir/rosidl_typesupport_introspection_c/ball_detector/msg/detail/ball_distance__type_support.c.o[0m
[6.361s] [ 50%] [32mBuilding CXX object CMakeFiles/ball_detector__rosidl_typesupport_introspection_cpp.dir/rosidl_typesupport_introspection_cpp/ball_detector/msg/detail/ball_distance__type_support.cpp.o[0m
[6.376s] [ 52%] [32mBuilding CXX object CMakeFiles/ball_detector__rosidl_typesupport_fastrtps_cpp.dir/rosidl_typesupport_fastrtps_cpp/ball_detector/msg/detail/dds_fastrtps/ball_distance__type_support.cpp.o[0m
[6.392s] [ 55%] [32mBuilding CXX object CMakeFiles/ball_detector__rosidl_typesupport_fastrtps_c.dir/rosidl_typesupport_fastrtps_c/ball_detector/msg/detail/ball_distance__type_support_c.cpp.o[0m
[6.418s] [ 58%] [32m[1mLinking CXX shared library libball_detector__rosidl_typesupport_c.so[0m
[6.429s] [ 61%] [32m[1mLinking C shared library libball_detector__rosidl_typesupport_introspection_c.so[0m
[6.500s] [ 61%] Built target ball_detector__rosidl_typesupport_c
[6.500s] [ 61%] Built target ball_detector__rosidl_typesupport_introspection_c
[6.958s] [ 64%] [32m[1mLinking CXX shared library libball_detector__rosidl_typesupport_cpp.so[0m
[6.958s] [ 67%] [32m[1mLinking CXX shared library libball_detector__rosidl_typesupport_introspection_cpp.so[0m
[7.037s] [ 67%] Built target ball_detector__rosidl_typesupport_introspection_cpp
[7.038s] [ 67%] Built target ball_detector__rosidl_typesupport_cpp
[7.253s] [ 70%] [32m[1mLinking CXX shared library libball_detector__rosidl_typesupport_fastrtps_cpp.so[0m
[7.282s] [ 73%] [32m[1mLinking CXX shared library libball_detector__rosidl_typesupport_fastrtps_c.so[0m
[7.341s] [ 73%] Built target ball_detector__rosidl_typesupport_fastrtps_cpp
[7.371s] [ 73%] Built target ball_detector__rosidl_typesupport_fastrtps_c
[7.403s] [ 73%] Built target ball_detector
[7.433s] [ 76%] [34m[1mGenerating Python code for ROS interfaces[0m
[7.783s] [ 76%] Built target ball_detector__py
[7.818s] [ 79%] [32mBuilding C object CMakeFiles/ball_detector__rosidl_generator_py.dir/rosidl_generator_py/ball_detector/msg/_ball_distance_s.c.o[0m
[8.013s] [ 82%] [32m[1mLinking C shared library libball_detector__rosidl_generator_py.so[0m
[8.079s] [ 82%] Built target ball_detector__rosidl_generator_py
[8.114s] [ 85%] [32mBuilding C object CMakeFiles/ball_detector_s__rosidl_typesupport_introspection_c.dir/rosidl_generator_py/ball_detector/_ball_detector_s.ep.rosidl_typesupport_introspection_c.c.o[0m
[8.114s] [ 88%] [32mBuilding C object CMakeFiles/ball_detector_s__rosidl_typesupport_fastrtps_c.dir/rosidl_generator_py/ball_detector/_ball_detector_s.ep.rosidl_typesupport_fastrtps_c.c.o[0m
[8.119s] [ 91%] [32mBuilding C object CMakeFiles/ball_detector_s__rosidl_typesupport_c.dir/rosidl_generator_py/ball_detector/_ball_detector_s.ep.rosidl_typesupport_c.c.o[0m
[8.303s] [ 94%] [32m[1mLinking C shared module rosidl_generator_py/ball_detector/ball_detector_s__rosidl_typesupport_introspection_c.so[0m
[8.307s] [ 97%] [32m[1mLinking C shared module rosidl_generator_py/ball_detector/ball_detector_s__rosidl_typesupport_fastrtps_c.so[0m
[8.308s] [100%] [32m[1mLinking C shared module rosidl_generator_py/ball_detector/ball_detector_s__rosidl_typesupport_c.so[0m
[8.360s] [100%] Built target ball_detector_s__rosidl_typesupport_introspection_c
[8.366s] [100%] Built target ball_detector_s__rosidl_typesupport_c
[8.368s] [100%] Built target ball_detector_s__rosidl_typesupport_fastrtps_c
[8.387s] Invoked command in '/home/altair/Documents/ALTAIR-vision/build/ball_detector' returned '0': CMAKE_PREFIX_PATH=${CMAKE_PREFIX_PATH}:/opt/ros/jazzy DEBUGINFOD_URLS=https://debuginfod.ubuntu.com /usr/bin/cmake --build /home/altair/Documents/ALTAIR-vision/build/ball_detector -- -j16 -l16
[8.516s] Invoking command in '/home/altair/Documents/ALTAIR-vision/build/ball_detector': CMAKE_PREFIX_PATH=${CMAKE_PREFIX_PATH}:/opt/ros/jazzy DEBUGINFOD_URLS=https://debuginfod.ubuntu.com /usr/bin/cmake --install /home/altair/Documents/ALTAIR-vision/build/ball_detector
[8.527s] -- Install configuration: ""
[8.527s] -- Installing: /home/altair/Documents/ALTAIR-vision/install/ball_detector/share/ament_index/resource_index/rosidl_interfaces/ball_detector
[8.527s] -- Installing: /home/altair/Documents/ALTAIR-vision/install/ball_detector/share/ball_detector/msg/BallDistance.json
[8.528s] -- Installing: /home/altair/Documents/ALTAIR-vision/install/ball_detector/include/ball_detector/ball_detector
[8.528s] -- Installing: /home/altair/Documents/ALTAIR-vision/install/ball_detector/include/ball_detector/ball_detector/msg
[8.528s] -- Installing: /home/altair/Documents/ALTAIR-vision/install/ball_detector/include/ball_detector/ball_detector/msg/detail
[8.528s] -- Installing: /home/altair/Documents/ALTAIR-vision/install/ball_detector/include/ball_detector/ball_detector/msg/detail/ball_distance__description.c
[8.528s] -- Installing: /home/altair/Documents/ALTAIR-vision/install/ball_detector/include/ball_detector/ball_detector/msg/detail/ball_distance__type_support.h
[8.528s] -- Installing: /home/altair/Documents/ALTAIR-vision/install/ball_detector/include/ball_detector/ball_detector/msg/detail/ball_distance__functions.c
[8.528s] -- Installing: /home/altair/Documents/ALTAIR-vision/install/ball_detector/include/ball_detector/ball_detector/msg/detail/ball_distance__type_support.c
[8.528s] -- Installing: /home/altair/Documents/ALTAIR-vision/install/ball_detector/include/ball_detector/ball_detector/msg/detail/ball_distance__struct.h
[8.529s] -- Installing: /home/altair/Documents/ALTAIR-vision/install/ball_detector/include/ball_detector/ball_detector/msg/detail/ball_distance__functions.h
[8.529s] -- Installing: /home/altair/Documents/ALTAIR-vision/install/ball_detector/include/ball_detector/ball_detector/msg/rosidl_generator_c__visibility_control.h
[8.529s] -- Installing: /home/altair/Documents/ALTAIR-vision/install/ball_detector/include/ball_detector/ball_detector/msg/ball_distance.h
[8.529s] -- Installing: /home/altair/Documents/ALTAIR-vision/install/ball_detector/share/ball_detector/environment/library_path.sh
[8.529s] -- Installing: /home/altair/Documents/ALTAIR-vision/install/ball_detector/share/ball_detector/environment/library_path.dsv
[8.529s] -- Installing: /home/altair/Documents/ALTAIR-vision/install/ball_detector/lib/libball_detector__rosidl_generator_c.so
[8.530s] -- Set non-toolchain portion of runtime path of "/home/altair/Documents/ALTAIR-vision/install/ball_detector/lib/libball_detector__rosidl_generator_c.so" to ""
[8.530s] -- Up-to-date: /home/altair/Documents/ALTAIR-vision/install/ball_detector/include/ball_detector/ball_detector
[8.530s] -- Up-to-date: /home/altair/Documents/ALTAIR-vision/install/ball_detector/include/ball_detector/ball_detector/msg
[8.530s] -- Up-to-date: /home/altair/Documents/ALTAIR-vision/install/ball_detector/include/ball_detector/ball_detector/msg/detail
[8.530s] -- Installing: /home/altair/Documents/ALTAIR-vision/install/ball_detector/include/ball_detector/ball_detector/msg/detail/ball_distance__rosidl_typesupport_fastrtps_c.h
[8.530s] -- Installing: /home/altair/Documents/ALTAIR-vision/install/ball_detector/include/ball_detector/ball_detector/msg/rosidl_typesupport_fastrtps_c__visibility_control.h
[8.530s] -- Installing: /home/altair/Documents/ALTAIR-vision/install/ball_detector/lib/libball_detector__rosidl_typesupport_fastrtps_c.so
[8.530s] -- Set non-toolchain portion of runtime path of "/home/altair/Documents/ALTAIR-vision/install/ball_detector/lib/libball_detector__rosidl_typesupport_fastrtps_c.so" to ""
[8.530s] -- Up-to-date: /home/altair/Documents/ALTAIR-vision/install/ball_detector/include/ball_detector/ball_detector
[8.531s] -- Up-to-date: /home/altair/Documents/ALTAIR-vision/install/ball_detector/include/ball_detector/ball_detector/msg
[8.531s] -- Up-to-date: /home/altair/Documents/ALTAIR-vision/install/ball_detector/include/ball_detector/ball_detector/msg/detail
[8.531s] -- Installing: /home/altair/Documents/ALTAIR-vision/install/ball_detector/include/ball_detector/ball_detector/msg/detail/ball_distance__rosidl_typesupport_introspection_c.h
[8.531s] -- Installing: /home/altair/Documents/ALTAIR-vision/install/ball_detector/include/ball_detector/ball_detector/msg/detail/ball_distance__type_support.c
[8.531s] -- Installing: /home/altair/Documents/ALTAIR-vision/install/ball_detector/include/ball_detector/ball_detector/msg/rosidl_typesupport_introspection_c__visibility_control.h
[8.531s] -- Installing: /home/altair/Documents/ALTAIR-vision/install/ball_detector/lib/libball_detector__rosidl_typesupport_introspection_c.so
[8.531s] -- Set non-toolchain portion of runtime path of "/home/altair/Documents/ALTAIR-vision/install/ball_detector/lib/libball_detector__rosidl_typesupport_introspection_c.so" to ""
[8.531s] -- Installing: /home/altair/Documents/ALTAIR-vision/install/ball_detector/lib/libball_detector__rosidl_typesupport_c.so
[8.532s] -- Set non-toolchain portion of runtime path of "/home/altair/Documents/ALTAIR-vision/install/ball_detector/lib/libball_detector__rosidl_typesupport_c.so" to ""
[8.532s] -- Up-to-date: /home/altair/Documents/ALTAIR-vision/install/ball_detector/include/ball_detector/ball_detector
[8.532s] -- Up-to-date: /home/altair/Documents/ALTAIR-vision/install/ball_detector/include/ball_detector/ball_detector/msg
[8.532s] -- Up-to-date: /home/altair/Documents/ALTAIR-vision/install/ball_detector/include/ball_detector/ball_detector/msg/detail
[8.532s] -- Installing: /home/altair/Documents/ALTAIR-vision/install/ball_detector/include/ball_detector/ball_detector/msg/detail/ball_distance__traits.hpp
[8.532s] -- Installing: /home/altair/Documents/ALTAIR-vision/install/ball_detector/include/ball_detector/ball_detector/msg/detail/ball_distance__type_support.hpp
[8.532s] -- Installing: /home/altair/Documents/ALTAIR-vision/install/ball_detector/include/ball_detector/ball_detector/msg/detail/ball_distance__builder.hpp
[8.532s] -- Installing: /home/altair/Documents/ALTAIR-vision/install/ball_detector/include/ball_detector/ball_detector/msg/detail/ball_distance__struct.hpp
[8.533s] -- Installing: /home/altair/Documents/ALTAIR-vision/install/ball_detector/include/ball_detector/ball_detector/msg/ball_distance.hpp
[8.533s] -- Installing: /home/altair/Documents/ALTAIR-vision/install/ball_detector/include/ball_detector/ball_detector/msg/rosidl_generator_cpp__visibility_control.hpp
[8.533s] -- Up-to-date: /home/altair/Documents/ALTAIR-vision/install/ball_detector/include/ball_detector/ball_detector
[8.533s] -- Up-to-date: /home/altair/Documents/ALTAIR-vision/install/ball_detector/include/ball_detector/ball_detector/msg
[8.533s] -- Up-to-date: /home/altair/Documents/ALTAIR-vision/install/ball_detector/include/ball_detector/ball_detector/msg/detail
[8.534s] -- Installing: /home/altair/Documents/ALTAIR-vision/install/ball_detector/include/ball_detector/ball_detector/msg/detail/ball_distance__rosidl_typesupport_fastrtps_cpp.hpp
[8.534s] -- Installing: /home/altair/Documents/ALTAIR-vision/install/ball_detector/include/ball_detector/ball_detector/msg/detail/dds_fastrtps
[8.534s] -- Installing: /home/altair/Documents/ALTAIR-vision/install/ball_detector/include/ball_detector/ball_detector/msg/rosidl_typesupport_fastrtps_cpp__visibility_control.h
[8.534s] -- Installing: /home/altair/Documents/ALTAIR-vision/install/ball_detector/lib/libball_detector__rosidl_typesupport_fastrtps_cpp.so
[8.534s] -- Set non-toolchain portion of runtime path of "/home/altair/Documents/ALTAIR-vision/install/ball_detector/lib/libball_detector__rosidl_typesupport_fastrtps_cpp.so" to ""
[8.534s] -- Up-to-date: /home/altair/Documents/ALTAIR-vision/install/ball_detector/include/ball_detector/ball_detector
[8.534s] -- Up-to-date: /home/altair/Documents/ALTAIR-vision/install/ball_detector/include/ball_detector/ball_detector/msg
[8.534s] -- Up-to-date: /home/altair/Documents/ALTAIR-vision/install/ball_detector/include/ball_detector/ball_detector/msg/detail
[8.534s] -- Installing: /home/altair/Documents/ALTAIR-vision/install/ball_detector/include/ball_detector/ball_detector/msg/detail/ball_distance__type_support.cpp
[8.534s] -- Installing: /home/altair/Documents/ALTAIR-vision/install/ball_detector/include/ball_detector/ball_detector/msg/detail/ball_distance__rosidl_typesupport_introspection_cpp.hpp
[8.535s] -- Installing: /home/altair/Documents/ALTAIR-vision/install/ball_detector/lib/libball_detector__rosidl_typesupport_introspection_cpp.so
[8.535s] -- Set non-toolchain portion of runtime path of "/home/altair/Documents/ALTAIR-vision/install/ball_detector/lib/libball_detector__rosidl_typesupport_introspection_cpp.so" to ""
[8.535s] -- Installing: /home/altair/Documents/ALTAIR-vision/install/ball_detector/lib/libball_detector__rosidl_typesupport_cpp.so
[8.535s] -- Set non-toolchain portion of runtime path of "/home/altair/Documents/ALTAIR-vision/install/ball_detector/lib/libball_detector__rosidl_typesupport_cpp.so" to ""
[8.535s] -- Installing: /home/altair/Documents/ALTAIR-vision/install/ball_detector/share/ball_detector/environment/pythonpath.sh
[8.535s] -- Installing: /home/altair/Documents/ALTAIR-vision/install/ball_detector/share/ball_detector/environment/pythonpath.dsv
[8.536s] -- Installing: /home/altair/Documents/ALTAIR-vision/install/ball_detector/lib/python3.12/site-packages/ball_detector-0.0.0-py3.12.egg-info
[8.536s] -- Installing: /home/altair/Documents/ALTAIR-vision/install/ball_detector/lib/python3.12/site-packages/ball_detector-0.0.0-py3.12.egg-info/SOURCES.txt
[8.536s] -- Installing: /home/altair/Documents/ALTAIR-vision/install/ball_detector/lib/python3.12/site-packages/ball_detector-0.0.0-py3.12.egg-info/PKG-INFO
[8.536s] -- Installing: /home/altair/Documents/ALTAIR-vision/install/ball_detector/lib/python3.12/site-packages/ball_detector-0.0.0-py3.12.egg-info/top_level.txt
[8.536s] -- Installing: /home/altair/Documents/ALTAIR-vision/install/ball_detector/lib/python3.12/site-packages/ball_detector-0.0.0-py3.12.egg-info/dependency_links.txt
[8.536s] -- Installing: /home/altair/Documents/ALTAIR-vision/install/ball_detector/lib/python3.12/site-packages/ball_detector
[8.536s] -- Installing: /home/altair/Documents/ALTAIR-vision/install/ball_detector/lib/python3.12/site-packages/ball_detector/ball_detector_s__rosidl_typesupport_introspection_c.so
[8.536s] -- Installing: /home/altair/Documents/ALTAIR-vision/install/ball_detector/lib/python3.12/site-packages/ball_detector/_ball_detector_s.ep.rosidl_typesupport_fastrtps_c.c
[8.537s] -- Installing: /home/altair/Documents/ALTAIR-vision/install/ball_detector/lib/python3.12/site-packages/ball_detector/ball_detector_s__rosidl_typesupport_fastrtps_c.so
[8.537s] -- Installing: /home/altair/Documents/ALTAIR-vision/install/ball_detector/lib/python3.12/site-packages/ball_detector/_ball_detector_s.ep.rosidl_typesupport_introspection_c.c
[8.537s] -- Installing: /home/altair/Documents/ALTAIR-vision/install/ball_detector/lib/python3.12/site-packages/ball_detector/ball_detector_s__rosidl_typesupport_c.so
[8.537s] -- Installing: /home/altair/Documents/ALTAIR-vision/install/ball_detector/lib/python3.12/site-packages/ball_detector/msg
[8.537s] -- Installing: /home/altair/Documents/ALTAIR-vision/install/ball_detector/lib/python3.12/site-packages/ball_detector/msg/_ball_distance.py
[8.537s] -- Installing: /home/altair/Documents/ALTAIR-vision/install/ball_detector/lib/python3.12/site-packages/ball_detector/msg/_ball_distance_s.c
[8.537s] -- Installing: /home/altair/Documents/ALTAIR-vision/install/ball_detector/lib/python3.12/site-packages/ball_detector/msg/__init__.py
[8.537s] -- Installing: /home/altair/Documents/ALTAIR-vision/install/ball_detector/lib/python3.12/site-packages/ball_detector/_ball_detector_s.ep.rosidl_typesupport_c.c
[8.538s] -- Installing: /home/altair/Documents/ALTAIR-vision/install/ball_detector/lib/python3.12/site-packages/ball_detector/__init__.py
[8.600s] Listing '/home/altair/Documents/ALTAIR-vision/install/ball_detector/lib/python3.12/site-packages/ball_detector'...
[8.600s] Compiling '/home/altair/Documents/ALTAIR-vision/install/ball_detector/lib/python3.12/site-packages/ball_detector/__init__.py'...
[8.600s] Listing '/home/altair/Documents/ALTAIR-vision/install/ball_detector/lib/python3.12/site-packages/ball_detector/msg'...
[8.600s] Compiling '/home/altair/Documents/ALTAIR-vision/install/ball_detector/lib/python3.12/site-packages/ball_detector/msg/__init__.py'...
[8.600s] Compiling '/home/altair/Documents/ALTAIR-vision/install/ball_detector/lib/python3.12/site-packages/ball_detector/msg/_ball_distance.py'...
[8.607s] -- Installing: /home/altair/Documents/ALTAIR-vision/install/ball_detector/lib/python3.12/site-packages/ball_detector/ball_detector_s__rosidl_typesupport_fastrtps_c.so
[8.608s] -- Set non-toolchain portion of runtime path of "/home/altair/Documents/ALTAIR-vision/install/ball_detector/lib/python3.12/site-packages/ball_detector/ball_detector_s__rosidl_typesupport_fastrtps_c.so" to ""
[8.608s] -- Installing: /home/altair/Documents/ALTAIR-vision/install/ball_detector/lib/python3.12/site-packages/ball_detector/ball_detector_s__rosidl_typesupport_introspection_c.so
[8.608s] -- Set non-toolchain portion of runtime path of "/home/altair/Documents/ALTAIR-vision/install/ball_detector/lib/python3.12/site-packages/ball_detector/ball_detector_s__rosidl_typesupport_introspection_c.so" to ""
[8.609s] -- Installing: /home/altair/Documents/ALTAIR-vision/install/ball_detector/lib/python3.12/site-packages/ball_detector/ball_detector_s__rosidl_typesupport_c.so
[8.609s] -- Set non-toolchain portion of runtime path of "/home/altair/Documents/ALTAIR-vision/install/ball_detector/lib/python3.12/site-packages/ball_detector/ball_detector_s__rosidl_typesupport_c.so" to ""
[8.609s] -- Installing: /home/altair/Documents/ALTAIR-vision/install/ball_detector/lib/libball_detector__rosidl_generator_py.so
[8.609s] -- Set non-toolchain portion of runtime path of "/home/altair/Documents/ALTAIR-vision/install/ball_detector/lib/libball_detector__rosidl_generator_py.so" to ""
[8.609s] -- Installing: /home/altair/Documents/ALTAIR-vision/install/ball_detector/share/ball_detector/msg/BallDistance.idl
[8.609s] -- Installing: /home/altair/Documents/ALTAIR-vision/install/ball_detector/share/ball_detector/msg/BallDistance.msg
[8.610s] -- Installing: /home/altair/Documents/ALTAIR-vision/install/ball_detector/share/ament_index/resource_index/package_run_dependencies/ball_detector
[8.610s] -- Installing: /home/altair/Documents/ALTAIR-vision/install/ball_detector/share/ament_index/resource_index/parent_prefix_path/ball_detector
[8.610s] -- Installing: /home/altair/Documents/ALTAIR-vision/install/ball_detector/share/ball_detector/environment/ament_prefix_path.sh
[8.610s] -- Installing: /home/altair/Documents/ALTAIR-vision/install/ball_detector/share/ball_detector/environment/ament_prefix_path.dsv
[8.610s] -- Installing: /home/altair/Documents/ALTAIR-vision/install/ball_detector/share/ball_detector/environment/path.sh
[8.610s] -- Installing: /home/altair/Documents/ALTAIR-vision/install/ball_detector/share/ball_detector/environment/path.dsv
[8.610s] -- Installing: /home/altair/Documents/ALTAIR-vision/install/ball_detector/share/ball_detector/local_setup.bash
[8.610s] -- Installing: /home/altair/Documents/ALTAIR-vision/install/ball_detector/share/ball_detector/local_setup.sh
[8.610s] -- Installing: /home/altair/Documents/ALTAIR-vision/install/ball_detector/share/ball_detector/local_setup.zsh
[8.610s] -- Installing: /home/altair/Documents/ALTAIR-vision/install/ball_detector/share/ball_detector/local_setup.dsv
[8.611s] -- Installing: /home/altair/Documents/ALTAIR-vision/install/ball_detector/share/ball_detector/package.dsv
[8.611s] -- Installing: /home/altair/Documents/ALTAIR-vision/install/ball_detector/share/ament_index/resource_index/packages/ball_detector
[8.611s] -- Installing: /home/altair/Documents/ALTAIR-vision/install/ball_detector/share/ball_detector/cmake/export_ball_detector__rosidl_generator_cExport.cmake
[8.611s] -- Installing: /home/altair/Documents/ALTAIR-vision/install/ball_detector/share/ball_detector/cmake/export_ball_detector__rosidl_generator_cExport-noconfig.cmake
[8.611s] -- Installing: /home/altair/Documents/ALTAIR-vision/install/ball_detector/share/ball_detector/cmake/export_ball_detector__rosidl_typesupport_fastrtps_cExport.cmake
[8.611s] -- Installing: /home/altair/Documents/ALTAIR-vision/install/ball_detector/share/ball_detector/cmake/export_ball_detector__rosidl_typesupport_fastrtps_cExport-noconfig.cmake
[8.612s] -- Installing: /home/altair/Documents/ALTAIR-vision/install/ball_detector/share/ball_detector/cmake/ball_detector__rosidl_typesupport_introspection_cExport.cmake
[8.612s] -- Installing: /home/altair/Documents/ALTAIR-vision/install/ball_detector/share/ball_detector/cmake/ball_detector__rosidl_typesupport_introspection_cExport-noconfig.cmake
[8.612s] -- Installing: /home/altair/Documents/ALTAIR-vision/install/ball_detector/share/ball_detector/cmake/ball_detector__rosidl_typesupport_cExport.cmake
[8.612s] -- Installing: /home/altair/Documents/ALTAIR-vision/install/ball_detector/share/ball_detector/cmake/ball_detector__rosidl_typesupport_cExport-noconfig.cmake
[8.612s] -- Installing: /home/altair/Documents/ALTAIR-vision/install/ball_detector/share/ball_detector/cmake/export_ball_detector__rosidl_generator_cppExport.cmake
[8.612s] -- Installing: /home/altair/Documents/ALTAIR-vision/install/ball_detector/share/ball_detector/cmake/export_ball_detector__rosidl_typesupport_fastrtps_cppExport.cmake
[8.613s] -- Installing: /home/altair/Documents/ALTAIR-vision/install/ball_detector/share/ball_detector/cmake/export_ball_detector__rosidl_typesupport_fastrtps_cppExport-noconfig.cmake
[8.613s] -- Installing: /home/altair/Documents/ALTAIR-vision/install/ball_detector/share/ball_detector/cmake/ball_detector__rosidl_typesupport_introspection_cppExport.cmake
[8.613s] -- Installing: /home/altair/Documents/ALTAIR-vision/install/ball_detector/share/ball_detector/cmake/ball_detector__rosidl_typesupport_introspection_cppExport-noconfig.cmake
[8.613s] -- Installing: /home/altair/Documents/ALTAIR-vision/install/ball_detector/share/ball_detector/cmake/ball_detector__rosidl_typesupport_cppExport.cmake
[8.613s] -- Installing: /home/altair/Documents/ALTAIR-vision/install/ball_detector/share/ball_detector/cmake/ball_detector__rosidl_typesupport_cppExport-noconfig.cmake
[8.613s] -- Installing: /home/altair/Documents/ALTAIR-vision/install/ball_detector/share/ball_detector/cmake/export_ball_detector__rosidl_generator_pyExport.cmake
[8.613s] -- Installing: /home/altair/Documents/ALTAIR-vision/install/ball_detector/share/ball_detector/cmake/export_ball_detector__rosidl_generator_pyExport-noconfig.cmake
[8.613s] -- Installing: /home/altair/Documents/ALTAIR-vision/install/ball_detector/share/ball_detector/cmake/rosidl_cmake-extras.cmake
[8.614s] -- Installing: /home/altair/Documents/ALTAIR-vision/install/ball_detector/share/ball_detector/cmake/ament_cmake_export_dependencies-extras.cmake
[8.614s] -- Installing: /home/altair/Documents/ALTAIR-vision/install/ball_detector/share/ball_detector/cmake/ament_cmake_export_include_directories-extras.cmake
[8.614s] -- Installing: /home/altair/Documents/ALTAIR-vision/install/ball_detector/share/ball_detector/cmake/ament_cmake_export_libraries-extras.cmake
[8.614s] -- Installing: /home/altair/Documents/ALTAIR-vision/install/ball_detector/share/ball_detector/cmake/ament_cmake_export_targets-extras.cmake
[8.614s] -- Installing: /home/altair/Documents/ALTAIR-vision/install/ball_detector/share/ball_detector/cmake/rosidl_cmake_export_typesupport_targets-extras.cmake
[8.614s] -- Installing: /home/altair/Documents/ALTAIR-vision/install/ball_detector/share/ball_detector/cmake/rosidl_cmake_export_typesupport_libraries-extras.cmake
[8.614s] -- Installing: /home/altair/Documents/ALTAIR-vision/install/ball_detector/share/ball_detector/cmake/ball_detectorConfig.cmake
[8.614s] -- Installing: /home/altair/Documents/ALTAIR-vision/install/ball_detector/share/ball_detector/cmake/ball_detectorConfig-version.cmake
[8.614s] -- Installing: /home/altair/Documents/ALTAIR-vision/install/ball_detector/share/ball_detector/package.xml
[8.618s] Invoked command in '/home/altair/Documents/ALTAIR-vision/build/ball_detector' returned '0': CMAKE_PREFIX_PATH=${CMAKE_PREFIX_PATH}:/opt/ros/jazzy DEBUGINFOD_URLS=https://debuginfod.ubuntu.com /usr/bin/cmake --install /home/altair/Documents/ALTAIR-vision/build/ball_detector
