running egg_info
creating ../../build/camera_calibration/camera_calibration.egg-info
writing ../../build/camera_calibration/camera_calibration.egg-info/PKG-INFO
writing dependency_links to ../../build/camera_calibration/camera_calibration.egg-info/dependency_links.txt
writing entry points to ../../build/camera_calibration/camera_calibration.egg-info/entry_points.txt
writing requirements to ../../build/camera_calibration/camera_calibration.egg-info/requires.txt
writing top-level names to ../../build/camera_calibration/camera_calibration.egg-info/top_level.txt
writing manifest file '../../build/camera_calibration/camera_calibration.egg-info/SOURCES.txt'
reading manifest file '../../build/camera_calibration/camera_calibration.egg-info/SOURCES.txt'
writing manifest file '../../build/camera_calibration/camera_calibration.egg-info/SOURCES.txt'
running build
running build_py
creating /home/abyan/Documents/FOR_ALTAIR/ALTAIR-vision/build/camera_calibration/build
creating /home/abyan/Documents/FOR_ALTAIR/ALTAIR-vision/build/camera_calibration/build/lib
creating /home/abyan/Documents/FOR_ALTAIR/ALTAIR-vision/build/camera_calibration/build/lib/camera_calibration
copying src/camera_calibration/mono_calibrator.py -> /home/abyan/Documents/FOR_ALTAIR/ALTAIR-vision/build/camera_calibration/build/lib/camera_calibration
copying src/camera_calibration/stereo_calibrator.py -> /home/abyan/Documents/FOR_ALTAIR/ALTAIR-vision/build/camera_calibration/build/lib/camera_calibration
copying src/camera_calibration/camera_checker.py -> /home/abyan/Documents/FOR_ALTAIR/ALTAIR-vision/build/camera_calibration/build/lib/camera_calibration
copying src/camera_calibration/__init__.py -> /home/abyan/Documents/FOR_ALTAIR/ALTAIR-vision/build/camera_calibration/build/lib/camera_calibration
copying src/camera_calibration/calibrator.py -> /home/abyan/Documents/FOR_ALTAIR/ALTAIR-vision/build/camera_calibration/build/lib/camera_calibration
copying src/camera_calibration/camera_calibrator.py -> /home/abyan/Documents/FOR_ALTAIR/ALTAIR-vision/build/camera_calibration/build/lib/camera_calibration
creating /home/abyan/Documents/FOR_ALTAIR/ALTAIR-vision/build/camera_calibration/build/lib/camera_calibration/nodes
copying src/camera_calibration/nodes/cameracheck.py -> /home/abyan/Documents/FOR_ALTAIR/ALTAIR-vision/build/camera_calibration/build/lib/camera_calibration/nodes
copying src/camera_calibration/nodes/tarfile_calibration.py -> /home/abyan/Documents/FOR_ALTAIR/ALTAIR-vision/build/camera_calibration/build/lib/camera_calibration/nodes
copying src/camera_calibration/nodes/cameracalibrator.py -> /home/abyan/Documents/FOR_ALTAIR/ALTAIR-vision/build/camera_calibration/build/lib/camera_calibration/nodes
copying src/camera_calibration/nodes/__init__.py -> /home/abyan/Documents/FOR_ALTAIR/ALTAIR-vision/build/camera_calibration/build/lib/camera_calibration/nodes
running install
running install_lib
creating /home/abyan/Documents/FOR_ALTAIR/ALTAIR-vision/install/camera_calibration/lib/python3.12/site-packages/camera_calibration
copying /home/abyan/Documents/FOR_ALTAIR/ALTAIR-vision/build/camera_calibration/build/lib/camera_calibration/mono_calibrator.py -> /home/abyan/Documents/FOR_ALTAIR/ALTAIR-vision/install/camera_calibration/lib/python3.12/site-packages/camera_calibration
copying /home/abyan/Documents/FOR_ALTAIR/ALTAIR-vision/build/camera_calibration/build/lib/camera_calibration/stereo_calibrator.py -> /home/abyan/Documents/FOR_ALTAIR/ALTAIR-vision/install/camera_calibration/lib/python3.12/site-packages/camera_calibration
copying /home/abyan/Documents/FOR_ALTAIR/ALTAIR-vision/build/camera_calibration/build/lib/camera_calibration/camera_checker.py -> /home/abyan/Documents/FOR_ALTAIR/ALTAIR-vision/install/camera_calibration/lib/python3.12/site-packages/camera_calibration
copying /home/abyan/Documents/FOR_ALTAIR/ALTAIR-vision/build/camera_calibration/build/lib/camera_calibration/__init__.py -> /home/abyan/Documents/FOR_ALTAIR/ALTAIR-vision/install/camera_calibration/lib/python3.12/site-packages/camera_calibration
copying /home/abyan/Documents/FOR_ALTAIR/ALTAIR-vision/build/camera_calibration/build/lib/camera_calibration/calibrator.py -> /home/abyan/Documents/FOR_ALTAIR/ALTAIR-vision/install/camera_calibration/lib/python3.12/site-packages/camera_calibration
copying /home/abyan/Documents/FOR_ALTAIR/ALTAIR-vision/build/camera_calibration/build/lib/camera_calibration/camera_calibrator.py -> /home/abyan/Documents/FOR_ALTAIR/ALTAIR-vision/install/camera_calibration/lib/python3.12/site-packages/camera_calibration
creating /home/abyan/Documents/FOR_ALTAIR/ALTAIR-vision/install/camera_calibration/lib/python3.12/site-packages/camera_calibration/nodes
copying /home/abyan/Documents/FOR_ALTAIR/ALTAIR-vision/build/camera_calibration/build/lib/camera_calibration/nodes/cameracheck.py -> /home/abyan/Documents/FOR_ALTAIR/ALTAIR-vision/install/camera_calibration/lib/python3.12/site-packages/camera_calibration/nodes
copying /home/abyan/Documents/FOR_ALTAIR/ALTAIR-vision/build/camera_calibration/build/lib/camera_calibration/nodes/tarfile_calibration.py -> /home/abyan/Documents/FOR_ALTAIR/ALTAIR-vision/install/camera_calibration/lib/python3.12/site-packages/camera_calibration/nodes
copying /home/abyan/Documents/FOR_ALTAIR/ALTAIR-vision/build/camera_calibration/build/lib/camera_calibration/nodes/cameracalibrator.py -> /home/abyan/Documents/FOR_ALTAIR/ALTAIR-vision/install/camera_calibration/lib/python3.12/site-packages/camera_calibration/nodes
copying /home/abyan/Documents/FOR_ALTAIR/ALTAIR-vision/build/camera_calibration/build/lib/camera_calibration/nodes/__init__.py -> /home/abyan/Documents/FOR_ALTAIR/ALTAIR-vision/install/camera_calibration/lib/python3.12/site-packages/camera_calibration/nodes
byte-compiling /home/abyan/Documents/FOR_ALTAIR/ALTAIR-vision/install/camera_calibration/lib/python3.12/site-packages/camera_calibration/mono_calibrator.py to mono_calibrator.cpython-312.pyc
byte-compiling /home/abyan/Documents/FOR_ALTAIR/ALTAIR-vision/install/camera_calibration/lib/python3.12/site-packages/camera_calibration/stereo_calibrator.py to stereo_calibrator.cpython-312.pyc
byte-compiling /home/abyan/Documents/FOR_ALTAIR/ALTAIR-vision/install/camera_calibration/lib/python3.12/site-packages/camera_calibration/camera_checker.py to camera_checker.cpython-312.pyc
byte-compiling /home/abyan/Documents/FOR_ALTAIR/ALTAIR-vision/install/camera_calibration/lib/python3.12/site-packages/camera_calibration/__init__.py to __init__.cpython-312.pyc
byte-compiling /home/abyan/Documents/FOR_ALTAIR/ALTAIR-vision/install/camera_calibration/lib/python3.12/site-packages/camera_calibration/calibrator.py to calibrator.cpython-312.pyc
byte-compiling /home/abyan/Documents/FOR_ALTAIR/ALTAIR-vision/install/camera_calibration/lib/python3.12/site-packages/camera_calibration/camera_calibrator.py to camera_calibrator.cpython-312.pyc
byte-compiling /home/abyan/Documents/FOR_ALTAIR/ALTAIR-vision/install/camera_calibration/lib/python3.12/site-packages/camera_calibration/nodes/cameracheck.py to cameracheck.cpython-312.pyc
byte-compiling /home/abyan/Documents/FOR_ALTAIR/ALTAIR-vision/install/camera_calibration/lib/python3.12/site-packages/camera_calibration/nodes/tarfile_calibration.py to tarfile_calibration.cpython-312.pyc
byte-compiling /home/abyan/Documents/FOR_ALTAIR/ALTAIR-vision/install/camera_calibration/lib/python3.12/site-packages/camera_calibration/nodes/cameracalibrator.py to cameracalibrator.cpython-312.pyc
byte-compiling /home/abyan/Documents/FOR_ALTAIR/ALTAIR-vision/install/camera_calibration/lib/python3.12/site-packages/camera_calibration/nodes/__init__.py to __init__.cpython-312.pyc
running install_data
creating /home/abyan/Documents/FOR_ALTAIR/ALTAIR-vision/install/camera_calibration/share/ament_index
creating /home/abyan/Documents/FOR_ALTAIR/ALTAIR-vision/install/camera_calibration/share/ament_index/resource_index
creating /home/abyan/Documents/FOR_ALTAIR/ALTAIR-vision/install/camera_calibration/share/ament_index/resource_index/packages
copying resource/camera_calibration -> /home/abyan/Documents/FOR_ALTAIR/ALTAIR-vision/install/camera_calibration/share/ament_index/resource_index/packages
copying package.xml -> /home/abyan/Documents/FOR_ALTAIR/ALTAIR-vision/install/camera_calibration/share/camera_calibration
running install_egg_info
Copying ../../build/camera_calibration/camera_calibration.egg-info to /home/abyan/Documents/FOR_ALTAIR/ALTAIR-vision/install/camera_calibration/lib/python3.12/site-packages/camera_calibration-6.0.10-py3.12.egg-info
running install_scripts
Installing cameracalibrator script to /home/abyan/Documents/FOR_ALTAIR/ALTAIR-vision/install/camera_calibration/lib/camera_calibration
Installing cameracheck script to /home/abyan/Documents/FOR_ALTAIR/ALTAIR-vision/install/camera_calibration/lib/camera_calibration
Installing tarfile_calibration script to /home/abyan/Documents/FOR_ALTAIR/ALTAIR-vision/install/camera_calibration/lib/camera_calibration
writing list of installed files to '/home/abyan/Documents/FOR_ALTAIR/ALTAIR-vision/build/camera_calibration/install.log'
