[6.147s] Invoking command in '/home/abyan/Documents/FOR_ALTAIR/ALTAIR-vision/src/camera_calibration': DEBUGINFOD_URLS=https://debuginfod.ubuntu.com PYTHONPATH=/home/abyan/Documents/FOR_ALTAIR/ALTAIR-vision/build/camera_calibration/prefix_override:/usr/lib/python3/dist-packages/colcon_core/task/python/colcon_distutils_commands:/home/abyan/Documents/FOR_ALTAIR/ALTAIR-vision/install/camera_calibration/lib/python3.12/site-packages:${PYTHONPATH} /usr/bin/python3 -W ignore:setup.py install is deprecated -W ignore:easy_install command is deprecated setup.py egg_info --egg-base ../../build/camera_calibration build --build-base /home/abyan/Documents/FOR_ALTAIR/ALTAIR-vision/build/camera_calibration/build install --record /home/abyan/Documents/FOR_ALTAIR/ALTAIR-vision/build/camera_calibration/install.log --single-version-externally-managed install_data
[7.428s] running egg_info
[7.429s] creating ../../build/camera_calibration/camera_calibration.egg-info
[7.515s] writing ../../build/camera_calibration/camera_calibration.egg-info/PKG-INFO
[7.515s] writing dependency_links to ../../build/camera_calibration/camera_calibration.egg-info/dependency_links.txt
[7.516s] writing entry points to ../../build/camera_calibration/camera_calibration.egg-info/entry_points.txt
[7.516s] writing requirements to ../../build/camera_calibration/camera_calibration.egg-info/requires.txt
[7.516s] writing top-level names to ../../build/camera_calibration/camera_calibration.egg-info/top_level.txt
[7.516s] writing manifest file '../../build/camera_calibration/camera_calibration.egg-info/SOURCES.txt'
[7.913s] reading manifest file '../../build/camera_calibration/camera_calibration.egg-info/SOURCES.txt'
[7.920s] writing manifest file '../../build/camera_calibration/camera_calibration.egg-info/SOURCES.txt'
[7.926s] running build
[7.926s] running build_py
[7.929s] creating /home/abyan/Documents/FOR_ALTAIR/ALTAIR-vision/build/camera_calibration/build
[7.929s] creating /home/abyan/Documents/FOR_ALTAIR/ALTAIR-vision/build/camera_calibration/build/lib
[7.929s] creating /home/abyan/Documents/FOR_ALTAIR/ALTAIR-vision/build/camera_calibration/build/lib/camera_calibration
[7.930s] copying src/camera_calibration/mono_calibrator.py -> /home/abyan/Documents/FOR_ALTAIR/ALTAIR-vision/build/camera_calibration/build/lib/camera_calibration
[7.937s] copying src/camera_calibration/stereo_calibrator.py -> /home/abyan/Documents/FOR_ALTAIR/ALTAIR-vision/build/camera_calibration/build/lib/camera_calibration
[7.937s] copying src/camera_calibration/camera_checker.py -> /home/abyan/Documents/FOR_ALTAIR/ALTAIR-vision/build/camera_calibration/build/lib/camera_calibration
[7.938s] copying src/camera_calibration/__init__.py -> /home/abyan/Documents/FOR_ALTAIR/ALTAIR-vision/build/camera_calibration/build/lib/camera_calibration
[7.939s] copying src/camera_calibration/calibrator.py -> /home/abyan/Documents/FOR_ALTAIR/ALTAIR-vision/build/camera_calibration/build/lib/camera_calibration
[7.939s] copying src/camera_calibration/camera_calibrator.py -> /home/abyan/Documents/FOR_ALTAIR/ALTAIR-vision/build/camera_calibration/build/lib/camera_calibration
[7.940s] creating /home/abyan/Documents/FOR_ALTAIR/ALTAIR-vision/build/camera_calibration/build/lib/camera_calibration/nodes
[7.940s] copying src/camera_calibration/nodes/cameracheck.py -> /home/abyan/Documents/FOR_ALTAIR/ALTAIR-vision/build/camera_calibration/build/lib/camera_calibration/nodes
[7.943s] copying src/camera_calibration/nodes/tarfile_calibration.py -> /home/abyan/Documents/FOR_ALTAIR/ALTAIR-vision/build/camera_calibration/build/lib/camera_calibration/nodes
[7.946s] copying src/camera_calibration/nodes/cameracalibrator.py -> /home/abyan/Documents/FOR_ALTAIR/ALTAIR-vision/build/camera_calibration/build/lib/camera_calibration/nodes
[7.946s] copying src/camera_calibration/nodes/__init__.py -> /home/abyan/Documents/FOR_ALTAIR/ALTAIR-vision/build/camera_calibration/build/lib/camera_calibration/nodes
[7.947s] running install
[8.016s] running install_lib
[8.101s] creating /home/abyan/Documents/FOR_ALTAIR/ALTAIR-vision/install/camera_calibration/lib/python3.12/site-packages/camera_calibration
[8.102s] copying /home/abyan/Documents/FOR_ALTAIR/ALTAIR-vision/build/camera_calibration/build/lib/camera_calibration/mono_calibrator.py -> /home/abyan/Documents/FOR_ALTAIR/ALTAIR-vision/install/camera_calibration/lib/python3.12/site-packages/camera_calibration
[8.102s] copying /home/abyan/Documents/FOR_ALTAIR/ALTAIR-vision/build/camera_calibration/build/lib/camera_calibration/stereo_calibrator.py -> /home/abyan/Documents/FOR_ALTAIR/ALTAIR-vision/install/camera_calibration/lib/python3.12/site-packages/camera_calibration
[8.102s] copying /home/abyan/Documents/FOR_ALTAIR/ALTAIR-vision/build/camera_calibration/build/lib/camera_calibration/camera_checker.py -> /home/abyan/Documents/FOR_ALTAIR/ALTAIR-vision/install/camera_calibration/lib/python3.12/site-packages/camera_calibration
[8.104s] copying /home/abyan/Documents/FOR_ALTAIR/ALTAIR-vision/build/camera_calibration/build/lib/camera_calibration/__init__.py -> /home/abyan/Documents/FOR_ALTAIR/ALTAIR-vision/install/camera_calibration/lib/python3.12/site-packages/camera_calibration
[8.113s] copying /home/abyan/Documents/FOR_ALTAIR/ALTAIR-vision/build/camera_calibration/build/lib/camera_calibration/calibrator.py -> /home/abyan/Documents/FOR_ALTAIR/ALTAIR-vision/install/camera_calibration/lib/python3.12/site-packages/camera_calibration
[8.114s] copying /home/abyan/Documents/FOR_ALTAIR/ALTAIR-vision/build/camera_calibration/build/lib/camera_calibration/camera_calibrator.py -> /home/abyan/Documents/FOR_ALTAIR/ALTAIR-vision/install/camera_calibration/lib/python3.12/site-packages/camera_calibration
[8.119s] creating /home/abyan/Documents/FOR_ALTAIR/ALTAIR-vision/install/camera_calibration/lib/python3.12/site-packages/camera_calibration/nodes
[8.120s] copying /home/abyan/Documents/FOR_ALTAIR/ALTAIR-vision/build/camera_calibration/build/lib/camera_calibration/nodes/cameracheck.py -> /home/abyan/Documents/FOR_ALTAIR/ALTAIR-vision/install/camera_calibration/lib/python3.12/site-packages/camera_calibration/nodes
[8.120s] copying /home/abyan/Documents/FOR_ALTAIR/ALTAIR-vision/build/camera_calibration/build/lib/camera_calibration/nodes/tarfile_calibration.py -> /home/abyan/Documents/FOR_ALTAIR/ALTAIR-vision/install/camera_calibration/lib/python3.12/site-packages/camera_calibration/nodes
[8.120s] copying /home/abyan/Documents/FOR_ALTAIR/ALTAIR-vision/build/camera_calibration/build/lib/camera_calibration/nodes/cameracalibrator.py -> /home/abyan/Documents/FOR_ALTAIR/ALTAIR-vision/install/camera_calibration/lib/python3.12/site-packages/camera_calibration/nodes
[8.121s] copying /home/abyan/Documents/FOR_ALTAIR/ALTAIR-vision/build/camera_calibration/build/lib/camera_calibration/nodes/__init__.py -> /home/abyan/Documents/FOR_ALTAIR/ALTAIR-vision/install/camera_calibration/lib/python3.12/site-packages/camera_calibration/nodes
[8.126s] byte-compiling /home/abyan/Documents/FOR_ALTAIR/ALTAIR-vision/install/camera_calibration/lib/python3.12/site-packages/camera_calibration/mono_calibrator.py to mono_calibrator.cpython-312.pyc
[8.141s] byte-compiling /home/abyan/Documents/FOR_ALTAIR/ALTAIR-vision/install/camera_calibration/lib/python3.12/site-packages/camera_calibration/stereo_calibrator.py to stereo_calibrator.cpython-312.pyc
[8.165s] byte-compiling /home/abyan/Documents/FOR_ALTAIR/ALTAIR-vision/install/camera_calibration/lib/python3.12/site-packages/camera_calibration/camera_checker.py to camera_checker.cpython-312.pyc
[8.170s] byte-compiling /home/abyan/Documents/FOR_ALTAIR/ALTAIR-vision/install/camera_calibration/lib/python3.12/site-packages/camera_calibration/__init__.py to __init__.cpython-312.pyc
[8.175s] byte-compiling /home/abyan/Documents/FOR_ALTAIR/ALTAIR-vision/install/camera_calibration/lib/python3.12/site-packages/camera_calibration/calibrator.py to calibrator.cpython-312.pyc
[8.207s] byte-compiling /home/abyan/Documents/FOR_ALTAIR/ALTAIR-vision/install/camera_calibration/lib/python3.12/site-packages/camera_calibration/camera_calibrator.py to camera_calibrator.cpython-312.pyc
[8.238s] byte-compiling /home/abyan/Documents/FOR_ALTAIR/ALTAIR-vision/install/camera_calibration/lib/python3.12/site-packages/camera_calibration/nodes/cameracheck.py to cameracheck.cpython-312.pyc
[8.240s] byte-compiling /home/abyan/Documents/FOR_ALTAIR/ALTAIR-vision/install/camera_calibration/lib/python3.12/site-packages/camera_calibration/nodes/tarfile_calibration.py to tarfile_calibration.cpython-312.pyc
[8.261s] byte-compiling /home/abyan/Documents/FOR_ALTAIR/ALTAIR-vision/install/camera_calibration/lib/python3.12/site-packages/camera_calibration/nodes/cameracalibrator.py to cameracalibrator.cpython-312.pyc
[8.270s] byte-compiling /home/abyan/Documents/FOR_ALTAIR/ALTAIR-vision/install/camera_calibration/lib/python3.12/site-packages/camera_calibration/nodes/__init__.py to __init__.cpython-312.pyc
[8.271s] running install_data
[8.273s] creating /home/abyan/Documents/FOR_ALTAIR/ALTAIR-vision/install/camera_calibration/share/ament_index
[8.274s] creating /home/abyan/Documents/FOR_ALTAIR/ALTAIR-vision/install/camera_calibration/share/ament_index/resource_index
[8.276s] creating /home/abyan/Documents/FOR_ALTAIR/ALTAIR-vision/install/camera_calibration/share/ament_index/resource_index/packages
[8.278s] copying resource/camera_calibration -> /home/abyan/Documents/FOR_ALTAIR/ALTAIR-vision/install/camera_calibration/share/ament_index/resource_index/packages
[8.279s] copying package.xml -> /home/abyan/Documents/FOR_ALTAIR/ALTAIR-vision/install/camera_calibration/share/camera_calibration
[8.279s] running install_egg_info
[8.387s] Copying ../../build/camera_calibration/camera_calibration.egg-info to /home/abyan/Documents/FOR_ALTAIR/ALTAIR-vision/install/camera_calibration/lib/python3.12/site-packages/camera_calibration-6.0.10-py3.12.egg-info
[8.396s] running install_scripts
[9.026s] Installing cameracalibrator script to /home/abyan/Documents/FOR_ALTAIR/ALTAIR-vision/install/camera_calibration/lib/camera_calibration
[9.027s] Installing cameracheck script to /home/abyan/Documents/FOR_ALTAIR/ALTAIR-vision/install/camera_calibration/lib/camera_calibration
[9.027s] Installing tarfile_calibration script to /home/abyan/Documents/FOR_ALTAIR/ALTAIR-vision/install/camera_calibration/lib/camera_calibration
[9.033s] writing list of installed files to '/home/abyan/Documents/FOR_ALTAIR/ALTAIR-vision/build/camera_calibration/install.log'
[9.192s] Invoked command in '/home/abyan/Documents/FOR_ALTAIR/ALTAIR-vision/src/camera_calibration' returned '0': DEBUGINFOD_URLS=https://debuginfod.ubuntu.com PYTHONPATH=/home/abyan/Documents/FOR_ALTAIR/ALTAIR-vision/build/camera_calibration/prefix_override:/usr/lib/python3/dist-packages/colcon_core/task/python/colcon_distutils_commands:/home/abyan/Documents/FOR_ALTAIR/ALTAIR-vision/install/camera_calibration/lib/python3.12/site-packages:${PYTHONPATH} /usr/bin/python3 -W ignore:setup.py install is deprecated -W ignore:easy_install command is deprecated setup.py egg_info --egg-base ../../build/camera_calibration build --build-base /home/abyan/Documents/FOR_ALTAIR/ALTAIR-vision/build/camera_calibration/build install --record /home/abyan/Documents/FOR_ALTAIR/ALTAIR-vision/build/camera_calibration/install.log --single-version-externally-managed install_data
