[0.612s] Invoking command in '/home/abyan/Documents/FOR_ALTAIR/ALTAIR-vision/build/vision_msg': DEBUGINFOD_URLS=https://debuginfod.ubuntu.com /usr/bin/cmake --build /home/abyan/Documents/FOR_ALTAIR/ALTAIR-vision/build/vision_msg -- -j16 -l16
[0.631s] [33mCMake Warning (dev) in CMakeLists.txt:
[0.631s]   No project() command is present.  The top-level CMakeLists.txt file must
[0.632s]   contain a literal, direct call to the project() command.  Add a line of
[0.632s]   code such as
[0.632s] 
[0.632s]     project(ProjectName)
[0.632s] 
[0.632s]   near the top of the file, but after cmake_minimum_required().
[0.632s] 
[0.632s]   CMake is pretending there is a "project(Project)" command on the first
[0.632s]   line.
[0.633s] This warning is for project developers.  Use -Wno-dev to suppress it.
[0.633s] [0m
[0.633s] [33mCMake Warning (dev) in CMakeLists.txt:
[0.633s]   cmake_minimum_required() should be called prior to this top-level project()
[0.633s]   call.  Please see the cmake-commands(7) manual for usage documentation of
[0.633s]   both commands.
[0.633s] This warning is for project developers.  Use -Wno-dev to suppress it.
[0.633s] [0m
[0.638s] -- Configuring done (0.0s)
[0.638s] -- Generating done (0.0s)
[0.639s] -- Build files have been written to: /home/abyan/Documents/FOR_ALTAIR/ALTAIR-vision/build/vision_msg
[0.658s] Invoked command in '/home/abyan/Documents/FOR_ALTAIR/ALTAIR-vision/build/vision_msg' returned '0': DEBUGINFOD_URLS=https://debuginfod.ubuntu.com /usr/bin/cmake --build /home/abyan/Documents/FOR_ALTAIR/ALTAIR-vision/build/vision_msg -- -j16 -l16
