[1.915s] Invoking command in '/home/abyan/Documents/FOR_ALTAIR/ALTAIR-vision/src/soccer_ipm': AMENT_PREFIX_PATH=/home/abyan/Documents/FOR_ALTAIR/ALTAIR-vision/install/ipm_library:/home/abyan/Documents/FOR_ALTAIR/ALTAIR-vision/install/ipm_interfaces:${AMENT_PREFIX_PATH} CMAKE_PREFIX_PATH=/home/abyan/Documents/FOR_ALTAIR/ALTAIR-vision/install/ipm_interfaces:${CMAKE_PREFIX_PATH} DEBUGINFOD_URLS=https://debuginfod.ubuntu.com LD_LIBRARY_PATH=/home/abyan/Documents/FOR_ALTAIR/ALTAIR-vision/install/ipm_interfaces/lib:${LD_LIBRARY_PATH} PYTHONPATH=/home/abyan/Documents/FOR_ALTAIR/ALTAIR-vision/build/soccer_ipm/prefix_override:/usr/lib/python3/dist-packages/colcon_core/task/python/colcon_distutils_commands:/home/abyan/Documents/FOR_ALTAIR/ALTAIR-vision/install/soccer_ipm/lib/python3.12/site-packages:/home/abyan/Documents/FOR_ALTAIR/ALTAIR-vision/install/ipm_library/lib/python3.12/site-packages:/home/abyan/Documents/FOR_ALTAIR/ALTAIR-vision/install/ipm_interfaces/lib/python3.12/site-packages:${PYTHONPATH} /usr/bin/python3 -W ignore:setup.py install is deprecated -W ignore:easy_install command is deprecated setup.py egg_info --egg-base ../../build/soccer_ipm build --build-base /home/abyan/Documents/FOR_ALTAIR/ALTAIR-vision/build/soccer_ipm/build install --record /home/abyan/Documents/FOR_ALTAIR/ALTAIR-vision/build/soccer_ipm/install.log --single-version-externally-managed install_data
[2.621s] running egg_info
[2.621s] creating ../../build/soccer_ipm/soccer_ipm.egg-info
[2.661s] writing ../../build/soccer_ipm/soccer_ipm.egg-info/PKG-INFO
[2.661s] writing dependency_links to ../../build/soccer_ipm/soccer_ipm.egg-info/dependency_links.txt
[2.662s] writing entry points to ../../build/soccer_ipm/soccer_ipm.egg-info/entry_points.txt
[2.662s] writing requirements to ../../build/soccer_ipm/soccer_ipm.egg-info/requires.txt
[2.662s] writing top-level names to ../../build/soccer_ipm/soccer_ipm.egg-info/top_level.txt
[2.663s] writing manifest file '../../build/soccer_ipm/soccer_ipm.egg-info/SOURCES.txt'
[2.775s] reading manifest file '../../build/soccer_ipm/soccer_ipm.egg-info/SOURCES.txt'
[2.777s] writing manifest file '../../build/soccer_ipm/soccer_ipm.egg-info/SOURCES.txt'
[2.778s] running build
[2.778s] running build_py
[2.779s] creating /home/abyan/Documents/FOR_ALTAIR/ALTAIR-vision/build/soccer_ipm/build
[2.779s] creating /home/abyan/Documents/FOR_ALTAIR/ALTAIR-vision/build/soccer_ipm/build/lib
[2.779s] creating /home/abyan/Documents/FOR_ALTAIR/ALTAIR-vision/build/soccer_ipm/build/lib/soccer_ipm
[2.780s] copying soccer_ipm/soccer_ipm.py -> /home/abyan/Documents/FOR_ALTAIR/ALTAIR-vision/build/soccer_ipm/build/lib/soccer_ipm
[2.780s] copying soccer_ipm/utils.py -> /home/abyan/Documents/FOR_ALTAIR/ALTAIR-vision/build/soccer_ipm/build/lib/soccer_ipm
[2.780s] copying soccer_ipm/__init__.py -> /home/abyan/Documents/FOR_ALTAIR/ALTAIR-vision/build/soccer_ipm/build/lib/soccer_ipm
[2.781s] creating /home/abyan/Documents/FOR_ALTAIR/ALTAIR-vision/build/soccer_ipm/build/lib/soccer_ipm/msgs
[2.781s] copying soccer_ipm/msgs/ball.py -> /home/abyan/Documents/FOR_ALTAIR/ALTAIR-vision/build/soccer_ipm/build/lib/soccer_ipm/msgs
[2.782s] copying soccer_ipm/msgs/obstacles.py -> /home/abyan/Documents/FOR_ALTAIR/ALTAIR-vision/build/soccer_ipm/build/lib/soccer_ipm/msgs
[2.782s] copying soccer_ipm/msgs/markings.py -> /home/abyan/Documents/FOR_ALTAIR/ALTAIR-vision/build/soccer_ipm/build/lib/soccer_ipm/msgs
[2.782s] copying soccer_ipm/msgs/__init__.py -> /home/abyan/Documents/FOR_ALTAIR/ALTAIR-vision/build/soccer_ipm/build/lib/soccer_ipm/msgs
[2.783s] copying soccer_ipm/msgs/goalpost.py -> /home/abyan/Documents/FOR_ALTAIR/ALTAIR-vision/build/soccer_ipm/build/lib/soccer_ipm/msgs
[2.784s] copying soccer_ipm/msgs/robots.py -> /home/abyan/Documents/FOR_ALTAIR/ALTAIR-vision/build/soccer_ipm/build/lib/soccer_ipm/msgs
[2.784s] copying soccer_ipm/msgs/field_boundary.py -> /home/abyan/Documents/FOR_ALTAIR/ALTAIR-vision/build/soccer_ipm/build/lib/soccer_ipm/msgs
[2.784s] running install
[2.809s] running install_lib
[2.870s] creating /home/abyan/Documents/FOR_ALTAIR/ALTAIR-vision/install/soccer_ipm/lib/python3.12/site-packages/soccer_ipm
[2.871s] copying /home/abyan/Documents/FOR_ALTAIR/ALTAIR-vision/build/soccer_ipm/build/lib/soccer_ipm/soccer_ipm.py -> /home/abyan/Documents/FOR_ALTAIR/ALTAIR-vision/install/soccer_ipm/lib/python3.12/site-packages/soccer_ipm
[2.871s] copying /home/abyan/Documents/FOR_ALTAIR/ALTAIR-vision/build/soccer_ipm/build/lib/soccer_ipm/utils.py -> /home/abyan/Documents/FOR_ALTAIR/ALTAIR-vision/install/soccer_ipm/lib/python3.12/site-packages/soccer_ipm
[2.871s] copying /home/abyan/Documents/FOR_ALTAIR/ALTAIR-vision/build/soccer_ipm/build/lib/soccer_ipm/__init__.py -> /home/abyan/Documents/FOR_ALTAIR/ALTAIR-vision/install/soccer_ipm/lib/python3.12/site-packages/soccer_ipm
[2.872s] creating /home/abyan/Documents/FOR_ALTAIR/ALTAIR-vision/install/soccer_ipm/lib/python3.12/site-packages/soccer_ipm/msgs
[2.872s] copying /home/abyan/Documents/FOR_ALTAIR/ALTAIR-vision/build/soccer_ipm/build/lib/soccer_ipm/msgs/ball.py -> /home/abyan/Documents/FOR_ALTAIR/ALTAIR-vision/install/soccer_ipm/lib/python3.12/site-packages/soccer_ipm/msgs
[2.873s] copying /home/abyan/Documents/FOR_ALTAIR/ALTAIR-vision/build/soccer_ipm/build/lib/soccer_ipm/msgs/obstacles.py -> /home/abyan/Documents/FOR_ALTAIR/ALTAIR-vision/install/soccer_ipm/lib/python3.12/site-packages/soccer_ipm/msgs
[2.873s] copying /home/abyan/Documents/FOR_ALTAIR/ALTAIR-vision/build/soccer_ipm/build/lib/soccer_ipm/msgs/markings.py -> /home/abyan/Documents/FOR_ALTAIR/ALTAIR-vision/install/soccer_ipm/lib/python3.12/site-packages/soccer_ipm/msgs
[2.873s] copying /home/abyan/Documents/FOR_ALTAIR/ALTAIR-vision/build/soccer_ipm/build/lib/soccer_ipm/msgs/__init__.py -> /home/abyan/Documents/FOR_ALTAIR/ALTAIR-vision/install/soccer_ipm/lib/python3.12/site-packages/soccer_ipm/msgs
[2.873s] copying /home/abyan/Documents/FOR_ALTAIR/ALTAIR-vision/build/soccer_ipm/build/lib/soccer_ipm/msgs/goalpost.py -> /home/abyan/Documents/FOR_ALTAIR/ALTAIR-vision/install/soccer_ipm/lib/python3.12/site-packages/soccer_ipm/msgs
[2.873s] copying /home/abyan/Documents/FOR_ALTAIR/ALTAIR-vision/build/soccer_ipm/build/lib/soccer_ipm/msgs/robots.py -> /home/abyan/Documents/FOR_ALTAIR/ALTAIR-vision/install/soccer_ipm/lib/python3.12/site-packages/soccer_ipm/msgs
[2.873s] copying /home/abyan/Documents/FOR_ALTAIR/ALTAIR-vision/build/soccer_ipm/build/lib/soccer_ipm/msgs/field_boundary.py -> /home/abyan/Documents/FOR_ALTAIR/ALTAIR-vision/install/soccer_ipm/lib/python3.12/site-packages/soccer_ipm/msgs
[2.874s] byte-compiling /home/abyan/Documents/FOR_ALTAIR/ALTAIR-vision/install/soccer_ipm/lib/python3.12/site-packages/soccer_ipm/soccer_ipm.py to soccer_ipm.cpython-312.pyc
[2.875s] byte-compiling /home/abyan/Documents/FOR_ALTAIR/ALTAIR-vision/install/soccer_ipm/lib/python3.12/site-packages/soccer_ipm/utils.py to utils.cpython-312.pyc
[2.877s] byte-compiling /home/abyan/Documents/FOR_ALTAIR/ALTAIR-vision/install/soccer_ipm/lib/python3.12/site-packages/soccer_ipm/__init__.py to __init__.cpython-312.pyc
[2.878s] byte-compiling /home/abyan/Documents/FOR_ALTAIR/ALTAIR-vision/install/soccer_ipm/lib/python3.12/site-packages/soccer_ipm/msgs/ball.py to ball.cpython-312.pyc
[2.878s] byte-compiling /home/abyan/Documents/FOR_ALTAIR/ALTAIR-vision/install/soccer_ipm/lib/python3.12/site-packages/soccer_ipm/msgs/obstacles.py to obstacles.cpython-312.pyc
[2.880s] byte-compiling /home/abyan/Documents/FOR_ALTAIR/ALTAIR-vision/install/soccer_ipm/lib/python3.12/site-packages/soccer_ipm/msgs/markings.py to markings.cpython-312.pyc
[2.884s] byte-compiling /home/abyan/Documents/FOR_ALTAIR/ALTAIR-vision/install/soccer_ipm/lib/python3.12/site-packages/soccer_ipm/msgs/__init__.py to __init__.cpython-312.pyc
[2.884s] byte-compiling /home/abyan/Documents/FOR_ALTAIR/ALTAIR-vision/install/soccer_ipm/lib/python3.12/site-packages/soccer_ipm/msgs/goalpost.py to goalpost.cpython-312.pyc
[2.886s] byte-compiling /home/abyan/Documents/FOR_ALTAIR/ALTAIR-vision/install/soccer_ipm/lib/python3.12/site-packages/soccer_ipm/msgs/robots.py to robots.cpython-312.pyc
[2.887s] byte-compiling /home/abyan/Documents/FOR_ALTAIR/ALTAIR-vision/install/soccer_ipm/lib/python3.12/site-packages/soccer_ipm/msgs/field_boundary.py to field_boundary.cpython-312.pyc
[2.889s] running install_data
[2.889s] creating /home/abyan/Documents/FOR_ALTAIR/ALTAIR-vision/install/soccer_ipm/share/ament_index
[2.890s] creating /home/abyan/Documents/FOR_ALTAIR/ALTAIR-vision/install/soccer_ipm/share/ament_index/resource_index
[2.890s] creating /home/abyan/Documents/FOR_ALTAIR/ALTAIR-vision/install/soccer_ipm/share/ament_index/resource_index/packages
[2.890s] copying resource/soccer_ipm -> /home/abyan/Documents/FOR_ALTAIR/ALTAIR-vision/install/soccer_ipm/share/ament_index/resource_index/packages
[2.891s] copying package.xml -> /home/abyan/Documents/FOR_ALTAIR/ALTAIR-vision/install/soccer_ipm/share/soccer_ipm
[2.891s] creating /home/abyan/Documents/FOR_ALTAIR/ALTAIR-vision/install/soccer_ipm/share/soccer_ipm/config
[2.892s] copying config/hl_kid.yaml -> /home/abyan/Documents/FOR_ALTAIR/ALTAIR-vision/install/soccer_ipm/share/soccer_ipm/config
[2.892s] running install_egg_info
[2.950s] Copying ../../build/soccer_ipm/soccer_ipm.egg-info to /home/abyan/Documents/FOR_ALTAIR/ALTAIR-vision/install/soccer_ipm/lib/python3.12/site-packages/soccer_ipm-0.0.0-py3.12.egg-info
[2.951s] running install_scripts
[3.302s] Installing ipm script to /home/abyan/Documents/FOR_ALTAIR/ALTAIR-vision/install/soccer_ipm/lib/soccer_ipm
[3.304s] writing list of installed files to '/home/abyan/Documents/FOR_ALTAIR/ALTAIR-vision/build/soccer_ipm/install.log'
[3.383s] Invoked command in '/home/abyan/Documents/FOR_ALTAIR/ALTAIR-vision/src/soccer_ipm' returned '0': AMENT_PREFIX_PATH=/home/abyan/Documents/FOR_ALTAIR/ALTAIR-vision/install/ipm_library:/home/abyan/Documents/FOR_ALTAIR/ALTAIR-vision/install/ipm_interfaces:${AMENT_PREFIX_PATH} CMAKE_PREFIX_PATH=/home/abyan/Documents/FOR_ALTAIR/ALTAIR-vision/install/ipm_interfaces:${CMAKE_PREFIX_PATH} DEBUGINFOD_URLS=https://debuginfod.ubuntu.com LD_LIBRARY_PATH=/home/abyan/Documents/FOR_ALTAIR/ALTAIR-vision/install/ipm_interfaces/lib:${LD_LIBRARY_PATH} PYTHONPATH=/home/abyan/Documents/FOR_ALTAIR/ALTAIR-vision/build/soccer_ipm/prefix_override:/usr/lib/python3/dist-packages/colcon_core/task/python/colcon_distutils_commands:/home/abyan/Documents/FOR_ALTAIR/ALTAIR-vision/install/soccer_ipm/lib/python3.12/site-packages:/home/abyan/Documents/FOR_ALTAIR/ALTAIR-vision/install/ipm_library/lib/python3.12/site-packages:/home/abyan/Documents/FOR_ALTAIR/ALTAIR-vision/install/ipm_interfaces/lib/python3.12/site-packages:${PYTHONPATH} /usr/bin/python3 -W ignore:setup.py install is deprecated -W ignore:easy_install command is deprecated setup.py egg_info --egg-base ../../build/soccer_ipm build --build-base /home/abyan/Documents/FOR_ALTAIR/ALTAIR-vision/build/soccer_ipm/build install --record /home/abyan/Documents/FOR_ALTAIR/ALTAIR-vision/build/soccer_ipm/install.log --single-version-externally-managed install_data
