[0.342s] Invoking command in '/home/abyan/Documents/FOR_ALTAIR/ALTAIR-vision/build/usb_cam': CMAKE_PREFIX_PATH=${CMAKE_PREFIX_PATH}:/opt/ros/jazzy DEBUGINFOD_URLS=https://debuginfod.ubuntu.com /usr/bin/cmake /home/abyan/Documents/FOR_ALTAIR/ALTAIR-vision/src/usb_cam -DCMAKE_INSTALL_PREFIX=/home/abyan/Documents/FOR_ALTAIR/ALTAIR-vision/install/usb_cam
[0.490s] -- The C compiler identification is GNU 13.3.0
[0.490s] -- The CXX compiler identification is GNU 13.3.0
[0.490s] -- Detecting C compiler ABI info
[0.505s] -- Detecting C compiler ABI info - done
[0.516s] -- Check for working C compiler: /usr/bin/cc - skipped
[0.517s] -- Detecting C compile features
[0.517s] -- Detecting C compile features - done
[0.526s] -- Detecting CXX compiler ABI info
[0.618s] -- Detecting CXX compiler ABI info - done
[0.630s] -- Check for working CXX compiler: /usr/bin/c++ - skipped
[0.630s] -- Detecting CXX compile features
[0.630s] -- Detecting CXX compile features - done
[0.631s] -- Found ament_cmake_auto: 2.5.3 (/opt/ros/jazzy/share/ament_cmake_auto/cmake)
[0.759s] -- Found Python3: /usr/bin/python3 (found version "3.12.3") found components: Interpreter 
[0.955s] -- Found rosidl_generator_c: 4.6.5 (/opt/ros/jazzy/share/rosidl_generator_c/cmake)
[0.964s] -- Found rosidl_generator_cpp: 4.6.5 (/opt/ros/jazzy/share/rosidl_generator_cpp/cmake)
[0.974s] -- Using all available rosidl_typesupport_c: rosidl_typesupport_fastrtps_c;rosidl_typesupport_introspection_c
[0.987s] -- Using all available rosidl_typesupport_cpp: rosidl_typesupport_fastrtps_cpp;rosidl_typesupport_introspection_cpp
[1.047s] -- Found rmw_implementation_cmake: 7.3.1 (/opt/ros/jazzy/share/rmw_implementation_cmake/cmake)
[1.049s] -- Found rmw_fastrtps_cpp: 8.4.1 (/opt/ros/jazzy/share/rmw_fastrtps_cpp/cmake)
[1.107s] -- Found OpenSSL: /usr/lib/x86_64-linux-gnu/libcrypto.so (found version "3.0.13")  
[1.123s] -- Found FastRTPS: /opt/ros/jazzy/include (Required is at least version "2.13") 
[1.145s] -- Using RMW implementation 'rmw_fastrtps_cpp' as default
[1.366s] -- Setting yaml-cpp_DIR to: '/opt/ros/jazzy/share/yaml_cpp_vendor/cmake/../../../opt/yaml_cpp_vendor/share/cmake/yaml-cpp'
[1.435s] -- Found rosidl_adapter: 4.6.5 (/opt/ros/jazzy/share/rosidl_adapter/cmake)
[1.439s] -- Found OpenCV: /usr/local (found version "4.12.0") 
[1.442s] -- Found PkgConfig: /usr/bin/pkg-config (found version "1.8.1") 
[1.443s] -- Checking for module 'libavcodec'
[1.457s] --   Found libavcodec, version 60.31.102
[1.491s] -- Checking for module 'libavutil'
[1.504s] --   Found libavutil, version 58.29.100
[1.532s] -- Checking for module 'libswscale'
[1.543s] --   Found libswscale, version 7.5.100
[1.574s] -- Found ament_lint_auto: 0.17.1 (/opt/ros/jazzy/share/ament_lint_auto/cmake)
[1.590s] -- Found gtest sources under '/opt/ros/jazzy/src/gtest_vendor': C++ tests using 'Google Test' will be built
[1.593s] -- Performing Test CMAKE_HAVE_LIBC_PTHREAD
[1.667s] -- Performing Test CMAKE_HAVE_LIBC_PTHREAD - Success
[1.668s] -- Found Threads: TRUE  
[1.673s] -- Added test 'copyright' to check source files copyright and LICENSE
[1.676s] -- Added test 'cppcheck' to perform static code analysis on C / C++ code
[1.676s] -- Configured cppcheck include dirs: /home/abyan/Documents/FOR_ALTAIR/ALTAIR-vision/src/usb_cam/include
[1.676s] -- Configured cppcheck exclude dirs and/or files: 
[1.678s] -- Added test 'cpplint' to check C / C++ code against the Google style
[1.678s] -- Configured cpplint exclude dirs and/or files: 
[1.678s] -- Added test 'flake8' to check Python code syntax and style conventions
[1.679s] -- Configured 'flake8' exclude dirs and/or files: 
[1.679s] -- Added test 'lint_cmake' to check CMake code style
[1.680s] -- Added test 'pep257' to check Python code against some of the docstring style conventions in PEP 257
[1.682s] -- Added test 'uncrustify' to check C / C++ code style
[1.682s] -- Configured uncrustify additional arguments: 
[1.682s] -- Added test 'xmllint' to check XML markup files
[1.684s] -- Configuring done (1.3s)
[1.714s] -- Generating done (0.0s)
[1.722s] -- Build files have been written to: /home/abyan/Documents/FOR_ALTAIR/ALTAIR-vision/build/usb_cam
