[0.026s] Invoking command in '/home/abyan/Documents/FOR_ALTAIR/ALTAIR-vision/build/ball_detect': CMAKE_PREFIX_PATH=${CMAKE_PREFIX_PATH}:/home/abyan/Documents/FOR_ALTAIR/ALTAIR-vision/install/video_subscriber:/home/abyan/Documents/FOR_ALTAIR/ALTAIR-vision/install/soccer_field_map_generator:/home/abyan/Documents/FOR_ALTAIR/ALTAIR-vision/install/ball_detector:/opt/ros/jazzy DEBUGINFOD_URLS=https://debuginfod.ubuntu.com /usr/bin/cmake /home/abyan/Documents/FOR_ALTAIR/ALTAIR-vision/src/ball_detect -DCMAKE_INSTALL_PREFIX=/home/abyan/Documents/FOR_ALTAIR/ALTAIR-vision/install/ball_detect
[0.455s] -- The C compiler identification is GNU 13.3.0
[0.456s] -- The CXX compiler identification is GNU 13.3.0
[0.456s] -- Detecting C compiler ABI info
[0.456s] -- Detecting C compiler ABI info - done
[0.458s] -- Check for working C compiler: /usr/bin/cc - skipped
[0.458s] -- Detecting C compile features
[0.458s] -- Detecting C compile features - done
[0.465s] -- Detecting CXX compiler ABI info
[0.543s] -- Detecting CXX compiler ABI info - done
[0.552s] -- Check for working CXX compiler: /usr/bin/c++ - skipped
[0.553s] -- Detecting CXX compile features
[0.553s] -- Detecting CXX compile features - done
[0.553s] -- CMAKE_CURRENT_SOURCE_DIR: /home/abyan/Documents/FOR_ALTAIR/ALTAIR-vision/src/ball_detect
[0.559s] -- Found ament_cmake: 2.5.3 (/opt/ros/jazzy/share/ament_cmake/cmake)
[0.678s] -- Found Python3: /usr/bin/python3 (found version "3.12.3") found components: Interpreter 
[0.761s] -- Found rclcpp: 28.1.6 (/opt/ros/jazzy/share/rclcpp/cmake)
[0.792s] -- Found rosidl_generator_c: 4.6.5 (/opt/ros/jazzy/share/rosidl_generator_c/cmake)
[0.808s] -- Found rosidl_generator_cpp: 4.6.5 (/opt/ros/jazzy/share/rosidl_generator_cpp/cmake)
[0.828s] -- Using all available rosidl_typesupport_c: rosidl_typesupport_fastrtps_c;rosidl_typesupport_introspection_c
[0.844s] -- Using all available rosidl_typesupport_cpp: rosidl_typesupport_fastrtps_cpp;rosidl_typesupport_introspection_cpp
[0.900s] -- Found rmw_implementation_cmake: 7.3.1 (/opt/ros/jazzy/share/rmw_implementation_cmake/cmake)
[0.902s] -- Found rmw_fastrtps_cpp: 8.4.1 (/opt/ros/jazzy/share/rmw_fastrtps_cpp/cmake)
[0.987s] -- Found OpenSSL: /usr/lib/x86_64-linux-gnu/libcrypto.so (found version "3.0.13")  
[1.005s] -- Found FastRTPS: /opt/ros/jazzy/include (Required is at least version "2.13") 
[1.024s] -- Using RMW implementation 'rmw_fastrtps_cpp' as default
[1.080s] -- Found sensor_msgs: 5.3.5 (/opt/ros/jazzy/share/sensor_msgs/cmake)
[1.124s] -- Found cv_bridge: 4.1.0 (/opt/ros/jazzy/share/cv_bridge/cmake)
[1.135s] -- Found image_transport: 5.1.5 (/opt/ros/jazzy/share/image_transport/cmake)
[1.155s] -- Found OpenCV: /usr/local (found version "4.12.0") 
[1.158s] -- Found ament_lint_auto: 0.17.1 (/opt/ros/jazzy/share/ament_lint_auto/cmake)
[1.243s] -- Added test 'cppcheck' to perform static code analysis on C / C++ code
[1.243s] -- Configured cppcheck include dirs: /home/abyan/Documents/FOR_ALTAIR/ALTAIR-vision/src/ball_detect/include
[1.243s] -- Configured cppcheck exclude dirs and/or files: 
[1.244s] -- Added test 'lint_cmake' to check CMake code style
[1.245s] -- Added test 'uncrustify' to check C / C++ code style
[1.245s] -- Configured uncrustify additional arguments: 
[1.246s] -- Added test 'xmllint' to check XML markup files
[1.247s] -- Configuring done (1.2s)
[1.258s] -- Generating done (0.0s)
[1.261s] -- Build files have been written to: /home/abyan/Documents/FOR_ALTAIR/ALTAIR-vision/build/ball_detect
[1.269s] Invoked command in '/home/abyan/Documents/FOR_ALTAIR/ALTAIR-vision/build/ball_detect' returned '0': CMAKE_PREFIX_PATH=${CMAKE_PREFIX_PATH}:/home/abyan/Documents/FOR_ALTAIR/ALTAIR-vision/install/video_subscriber:/home/abyan/Documents/FOR_ALTAIR/ALTAIR-vision/install/soccer_field_map_generator:/home/abyan/Documents/FOR_ALTAIR/ALTAIR-vision/install/ball_detector:/opt/ros/jazzy DEBUGINFOD_URLS=https://debuginfod.ubuntu.com /usr/bin/cmake /home/abyan/Documents/FOR_ALTAIR/ALTAIR-vision/src/ball_detect -DCMAKE_INSTALL_PREFIX=/home/abyan/Documents/FOR_ALTAIR/ALTAIR-vision/install/ball_detect
[1.270s] Invoking command in '/home/abyan/Documents/FOR_ALTAIR/ALTAIR-vision/build/ball_detect': CMAKE_PREFIX_PATH=${CMAKE_PREFIX_PATH}:/home/abyan/Documents/FOR_ALTAIR/ALTAIR-vision/install/video_subscriber:/home/abyan/Documents/FOR_ALTAIR/ALTAIR-vision/install/soccer_field_map_generator:/home/abyan/Documents/FOR_ALTAIR/ALTAIR-vision/install/ball_detector:/opt/ros/jazzy DEBUGINFOD_URLS=https://debuginfod.ubuntu.com /usr/bin/cmake --build /home/abyan/Documents/FOR_ALTAIR/ALTAIR-vision/build/ball_detect -- -j16 -l16
[1.313s] [ 33%] [32mBuilding CXX object CMakeFiles/ball_det.dir/src/ball_detect.cpp.o[0m
[1.315s] [ 66%] [32mBuilding CXX object CMakeFiles/ball_det.dir/src/ball_detector_node.cpp.o[0m
[6.699s] [100%] [32m[1mLinking CXX executable ball_det[0m
[6.887s] [100%] Built target ball_det
[6.898s] Invoked command in '/home/abyan/Documents/FOR_ALTAIR/ALTAIR-vision/build/ball_detect' returned '0': CMAKE_PREFIX_PATH=${CMAKE_PREFIX_PATH}:/home/abyan/Documents/FOR_ALTAIR/ALTAIR-vision/install/video_subscriber:/home/abyan/Documents/FOR_ALTAIR/ALTAIR-vision/install/soccer_field_map_generator:/home/abyan/Documents/FOR_ALTAIR/ALTAIR-vision/install/ball_detector:/opt/ros/jazzy DEBUGINFOD_URLS=https://debuginfod.ubuntu.com /usr/bin/cmake --build /home/abyan/Documents/FOR_ALTAIR/ALTAIR-vision/build/ball_detect -- -j16 -l16
[6.899s] Invoking command in '/home/abyan/Documents/FOR_ALTAIR/ALTAIR-vision/build/ball_detect': CMAKE_PREFIX_PATH=${CMAKE_PREFIX_PATH}:/home/abyan/Documents/FOR_ALTAIR/ALTAIR-vision/install/video_subscriber:/home/abyan/Documents/FOR_ALTAIR/ALTAIR-vision/install/soccer_field_map_generator:/home/abyan/Documents/FOR_ALTAIR/ALTAIR-vision/install/ball_detector:/opt/ros/jazzy DEBUGINFOD_URLS=https://debuginfod.ubuntu.com /usr/bin/cmake --install /home/abyan/Documents/FOR_ALTAIR/ALTAIR-vision/build/ball_detect
[6.905s] -- Install configuration: ""
[6.905s] -- Installing: /home/abyan/Documents/FOR_ALTAIR/ALTAIR-vision/install/ball_detect/share/ament_index/resource_index/package_run_dependencies/ball_detect
[6.905s] -- Installing: /home/abyan/Documents/FOR_ALTAIR/ALTAIR-vision/install/ball_detect/share/ament_index/resource_index/parent_prefix_path/ball_detect
[6.906s] -- Installing: /home/abyan/Documents/FOR_ALTAIR/ALTAIR-vision/install/ball_detect/share/ball_detect/environment/ament_prefix_path.sh
[6.906s] -- Installing: /home/abyan/Documents/FOR_ALTAIR/ALTAIR-vision/install/ball_detect/share/ball_detect/environment/ament_prefix_path.dsv
[6.906s] -- Installing: /home/abyan/Documents/FOR_ALTAIR/ALTAIR-vision/install/ball_detect/share/ball_detect/environment/path.sh
[6.906s] -- Installing: /home/abyan/Documents/FOR_ALTAIR/ALTAIR-vision/install/ball_detect/share/ball_detect/environment/path.dsv
[6.906s] -- Installing: /home/abyan/Documents/FOR_ALTAIR/ALTAIR-vision/install/ball_detect/share/ball_detect/local_setup.bash
[6.906s] -- Installing: /home/abyan/Documents/FOR_ALTAIR/ALTAIR-vision/install/ball_detect/share/ball_detect/local_setup.sh
[6.906s] -- Installing: /home/abyan/Documents/FOR_ALTAIR/ALTAIR-vision/install/ball_detect/share/ball_detect/local_setup.zsh
[6.906s] -- Installing: /home/abyan/Documents/FOR_ALTAIR/ALTAIR-vision/install/ball_detect/share/ball_detect/local_setup.dsv
[6.906s] -- Installing: /home/abyan/Documents/FOR_ALTAIR/ALTAIR-vision/install/ball_detect/share/ball_detect/package.dsv
[6.906s] -- Installing: /home/abyan/Documents/FOR_ALTAIR/ALTAIR-vision/install/ball_detect/share/ament_index/resource_index/packages/ball_detect
[6.906s] -- Installing: /home/abyan/Documents/FOR_ALTAIR/ALTAIR-vision/install/ball_detect/share/ball_detect/cmake/ball_detectConfig.cmake
[6.906s] -- Installing: /home/abyan/Documents/FOR_ALTAIR/ALTAIR-vision/install/ball_detect/share/ball_detect/cmake/ball_detectConfig-version.cmake
[6.906s] -- Installing: /home/abyan/Documents/FOR_ALTAIR/ALTAIR-vision/install/ball_detect/share/ball_detect/package.xml
[6.907s] Invoked command in '/home/abyan/Documents/FOR_ALTAIR/ALTAIR-vision/build/ball_detect' returned '0': CMAKE_PREFIX_PATH=${CMAKE_PREFIX_PATH}:/home/abyan/Documents/FOR_ALTAIR/ALTAIR-vision/install/video_subscriber:/home/abyan/Documents/FOR_ALTAIR/ALTAIR-vision/install/soccer_field_map_generator:/home/abyan/Documents/FOR_ALTAIR/ALTAIR-vision/install/ball_detector:/opt/ros/jazzy DEBUGINFOD_URLS=https://debuginfod.ubuntu.com /usr/bin/cmake --install /home/abyan/Documents/FOR_ALTAIR/ALTAIR-vision/build/ball_detect
