[1.565s] Invoking command in '/home/abyan/Documents/FOR_ALTAIR/ALTAIR-vision/build/temp_ball_detector': CMAKE_PREFIX_PATH=${CMAKE_PREFIX_PATH}:/home/abyan/Documents/FOR_ALTAIR/ALTAIR-vision/install/video_subscriber:/home/abyan/Documents/FOR_ALTAIR/ALTAIR-vision/install/soccer_field_map_generator:/home/abyan/Documents/FOR_ALTAIR/ALTAIR-vision/install/camera_calibration:/home/abyan/Documents/FOR_ALTAIR/ALTAIR-vision/install/ball_detector:/opt/ros/jazzy DEBUGINFOD_URLS=https://debuginfod.ubuntu.com /usr/bin/cmake --build /home/abyan/Documents/FOR_ALTAIR/ALTAIR-vision/build/temp_ball_detector -- -j16 -l16
[1.695s] [  2%] Built target temp_ball_detector__rosidl_generator_type_description
[1.715s] [  2%] Built target ament_cmake_python_copy_temp_ball_detector
[1.748s] [  5%] Built target temp_ball_detector__cpp
[1.761s] [ 20%] Built target temp_ball_detector__rosidl_generator_c
[1.829s] [ 29%] Built target temp_ball_detector__rosidl_typesupport_introspection_cpp
[1.832s] [ 41%] Built target temp_ball_detector__rosidl_typesupport_fastrtps_c
[1.832s] [ 47%] Built target temp_ball_detector__rosidl_typesupport_cpp
[1.833s] [ 55%] Built target temp_ball_detector__rosidl_typesupport_c
[1.836s] [ 64%] Built target temp_ball_detector__rosidl_typesupport_fastrtps_cpp
[1.838s] [ 73%] Built target temp_ball_detector__rosidl_typesupport_introspection_c
[1.889s] [ 73%] Built target temp_ball_detector
[1.939s] [ 76%] Built target temp_ball_detector__py
[1.998s] [ 82%] Built target temp_ball_detector__rosidl_generator_py
[2.053s] [ 88%] Built target temp_ball_detector_s__rosidl_typesupport_c
[2.059s] [ 94%] Built target temp_ball_detector_s__rosidl_typesupport_introspection_c
[2.064s] [100%] Built target temp_ball_detector_s__rosidl_typesupport_fastrtps_c
[2.482s] running egg_info
[2.547s] writing temp_ball_detector.egg-info/PKG-INFO
[2.548s] writing dependency_links to temp_ball_detector.egg-info/dependency_links.txt
[2.548s] writing top-level names to temp_ball_detector.egg-info/top_level.txt
[2.753s] reading manifest file 'temp_ball_detector.egg-info/SOURCES.txt'
[2.756s] writing manifest file 'temp_ball_detector.egg-info/SOURCES.txt'
[2.847s] [100%] Built target ament_cmake_python_build_temp_ball_detector_egg
[2.879s] Invoked command in '/home/abyan/Documents/FOR_ALTAIR/ALTAIR-vision/build/temp_ball_detector' returned '0': CMAKE_PREFIX_PATH=${CMAKE_PREFIX_PATH}:/home/abyan/Documents/FOR_ALTAIR/ALTAIR-vision/install/video_subscriber:/home/abyan/Documents/FOR_ALTAIR/ALTAIR-vision/install/soccer_field_map_generator:/home/abyan/Documents/FOR_ALTAIR/ALTAIR-vision/install/camera_calibration:/home/abyan/Documents/FOR_ALTAIR/ALTAIR-vision/install/ball_detector:/opt/ros/jazzy DEBUGINFOD_URLS=https://debuginfod.ubuntu.com /usr/bin/cmake --build /home/abyan/Documents/FOR_ALTAIR/ALTAIR-vision/build/temp_ball_detector -- -j16 -l16
[2.883s] Invoking command in '/home/abyan/Documents/FOR_ALTAIR/ALTAIR-vision/build/temp_ball_detector': CMAKE_PREFIX_PATH=${CMAKE_PREFIX_PATH}:/home/abyan/Documents/FOR_ALTAIR/ALTAIR-vision/install/video_subscriber:/home/abyan/Documents/FOR_ALTAIR/ALTAIR-vision/install/soccer_field_map_generator:/home/abyan/Documents/FOR_ALTAIR/ALTAIR-vision/install/camera_calibration:/home/abyan/Documents/FOR_ALTAIR/ALTAIR-vision/install/ball_detector:/opt/ros/jazzy DEBUGINFOD_URLS=https://debuginfod.ubuntu.com /usr/bin/cmake --install /home/abyan/Documents/FOR_ALTAIR/ALTAIR-vision/build/temp_ball_detector
[2.902s] -- Install configuration: ""
[2.902s] -- Up-to-date: /home/abyan/Documents/FOR_ALTAIR/ALTAIR-vision/install/temp_ball_detector/share/ament_index/resource_index/rosidl_interfaces/temp_ball_detector
[2.903s] -- Up-to-date: /home/abyan/Documents/FOR_ALTAIR/ALTAIR-vision/install/temp_ball_detector/share/temp_ball_detector/msg/BallDistance.json
[2.903s] -- Up-to-date: /home/abyan/Documents/FOR_ALTAIR/ALTAIR-vision/install/temp_ball_detector/include/temp_ball_detector/temp_ball_detector
[2.904s] -- Up-to-date: /home/abyan/Documents/FOR_ALTAIR/ALTAIR-vision/install/temp_ball_detector/include/temp_ball_detector/temp_ball_detector/msg
[2.904s] -- Up-to-date: /home/abyan/Documents/FOR_ALTAIR/ALTAIR-vision/install/temp_ball_detector/include/temp_ball_detector/temp_ball_detector/msg/detail
[2.905s] -- Up-to-date: /home/abyan/Documents/FOR_ALTAIR/ALTAIR-vision/install/temp_ball_detector/include/temp_ball_detector/temp_ball_detector/msg/detail/ball_distance__description.c
[2.905s] -- Up-to-date: /home/abyan/Documents/FOR_ALTAIR/ALTAIR-vision/install/temp_ball_detector/include/temp_ball_detector/temp_ball_detector/msg/detail/ball_distance__functions.c
[2.905s] -- Up-to-date: /home/abyan/Documents/FOR_ALTAIR/ALTAIR-vision/install/temp_ball_detector/include/temp_ball_detector/temp_ball_detector/msg/detail/ball_distance__type_support.h
[2.906s] -- Up-to-date: /home/abyan/Documents/FOR_ALTAIR/ALTAIR-vision/install/temp_ball_detector/include/temp_ball_detector/temp_ball_detector/msg/detail/ball_distance__struct.h
[2.906s] -- Installing: /home/abyan/Documents/FOR_ALTAIR/ALTAIR-vision/install/temp_ball_detector/include/temp_ball_detector/temp_ball_detector/msg/detail/ball_distance__type_support.c
[2.906s] -- Up-to-date: /home/abyan/Documents/FOR_ALTAIR/ALTAIR-vision/install/temp_ball_detector/include/temp_ball_detector/temp_ball_detector/msg/detail/ball_distance__functions.h
[2.907s] -- Up-to-date: /home/abyan/Documents/FOR_ALTAIR/ALTAIR-vision/install/temp_ball_detector/include/temp_ball_detector/temp_ball_detector/msg/ball_distance.h
[2.907s] -- Up-to-date: /home/abyan/Documents/FOR_ALTAIR/ALTAIR-vision/install/temp_ball_detector/include/temp_ball_detector/temp_ball_detector/msg/rosidl_generator_c__visibility_control.h
[2.908s] -- Up-to-date: /home/abyan/Documents/FOR_ALTAIR/ALTAIR-vision/install/temp_ball_detector/share/temp_ball_detector/environment/library_path.sh
[2.908s] -- Up-to-date: /home/abyan/Documents/FOR_ALTAIR/ALTAIR-vision/install/temp_ball_detector/share/temp_ball_detector/environment/library_path.dsv
[2.908s] -- Up-to-date: /home/abyan/Documents/FOR_ALTAIR/ALTAIR-vision/install/temp_ball_detector/lib/libtemp_ball_detector__rosidl_generator_c.so
[2.908s] -- Up-to-date: /home/abyan/Documents/FOR_ALTAIR/ALTAIR-vision/install/temp_ball_detector/include/temp_ball_detector/temp_ball_detector
[2.909s] -- Up-to-date: /home/abyan/Documents/FOR_ALTAIR/ALTAIR-vision/install/temp_ball_detector/include/temp_ball_detector/temp_ball_detector/msg
[2.909s] -- Up-to-date: /home/abyan/Documents/FOR_ALTAIR/ALTAIR-vision/install/temp_ball_detector/include/temp_ball_detector/temp_ball_detector/msg/detail
[2.910s] -- Up-to-date: /home/abyan/Documents/FOR_ALTAIR/ALTAIR-vision/install/temp_ball_detector/include/temp_ball_detector/temp_ball_detector/msg/detail/ball_distance__rosidl_typesupport_fastrtps_c.h
[2.910s] -- Up-to-date: /home/abyan/Documents/FOR_ALTAIR/ALTAIR-vision/install/temp_ball_detector/include/temp_ball_detector/temp_ball_detector/msg/rosidl_typesupport_fastrtps_c__visibility_control.h
[2.910s] -- Up-to-date: /home/abyan/Documents/FOR_ALTAIR/ALTAIR-vision/install/temp_ball_detector/lib/libtemp_ball_detector__rosidl_typesupport_fastrtps_c.so
[2.911s] -- Up-to-date: /home/abyan/Documents/FOR_ALTAIR/ALTAIR-vision/install/temp_ball_detector/include/temp_ball_detector/temp_ball_detector
[2.911s] -- Up-to-date: /home/abyan/Documents/FOR_ALTAIR/ALTAIR-vision/install/temp_ball_detector/include/temp_ball_detector/temp_ball_detector/msg
[2.911s] -- Up-to-date: /home/abyan/Documents/FOR_ALTAIR/ALTAIR-vision/install/temp_ball_detector/include/temp_ball_detector/temp_ball_detector/msg/rosidl_typesupport_introspection_c__visibility_control.h
[2.911s] -- Up-to-date: /home/abyan/Documents/FOR_ALTAIR/ALTAIR-vision/install/temp_ball_detector/include/temp_ball_detector/temp_ball_detector/msg/detail
[2.912s] -- Up-to-date: /home/abyan/Documents/FOR_ALTAIR/ALTAIR-vision/install/temp_ball_detector/include/temp_ball_detector/temp_ball_detector/msg/detail/ball_distance__rosidl_typesupport_introspection_c.h
[2.912s] -- Installing: /home/abyan/Documents/FOR_ALTAIR/ALTAIR-vision/install/temp_ball_detector/include/temp_ball_detector/temp_ball_detector/msg/detail/ball_distance__type_support.c
[2.912s] -- Up-to-date: /home/abyan/Documents/FOR_ALTAIR/ALTAIR-vision/install/temp_ball_detector/lib/libtemp_ball_detector__rosidl_typesupport_introspection_c.so
[2.912s] -- Up-to-date: /home/abyan/Documents/FOR_ALTAIR/ALTAIR-vision/install/temp_ball_detector/lib/libtemp_ball_detector__rosidl_typesupport_c.so
[2.913s] -- Up-to-date: /home/abyan/Documents/FOR_ALTAIR/ALTAIR-vision/install/temp_ball_detector/include/temp_ball_detector/temp_ball_detector
[2.913s] -- Up-to-date: /home/abyan/Documents/FOR_ALTAIR/ALTAIR-vision/install/temp_ball_detector/include/temp_ball_detector/temp_ball_detector/msg
[2.913s] -- Up-to-date: /home/abyan/Documents/FOR_ALTAIR/ALTAIR-vision/install/temp_ball_detector/include/temp_ball_detector/temp_ball_detector/msg/detail
[2.913s] -- Up-to-date: /home/abyan/Documents/FOR_ALTAIR/ALTAIR-vision/install/temp_ball_detector/include/temp_ball_detector/temp_ball_detector/msg/detail/ball_distance__traits.hpp
[2.914s] -- Up-to-date: /home/abyan/Documents/FOR_ALTAIR/ALTAIR-vision/install/temp_ball_detector/include/temp_ball_detector/temp_ball_detector/msg/detail/ball_distance__builder.hpp
[2.914s] -- Up-to-date: /home/abyan/Documents/FOR_ALTAIR/ALTAIR-vision/install/temp_ball_detector/include/temp_ball_detector/temp_ball_detector/msg/detail/ball_distance__type_support.hpp
[2.914s] -- Up-to-date: /home/abyan/Documents/FOR_ALTAIR/ALTAIR-vision/install/temp_ball_detector/include/temp_ball_detector/temp_ball_detector/msg/detail/ball_distance__struct.hpp
[2.915s] -- Up-to-date: /home/abyan/Documents/FOR_ALTAIR/ALTAIR-vision/install/temp_ball_detector/include/temp_ball_detector/temp_ball_detector/msg/ball_distance.hpp
[2.915s] -- Up-to-date: /home/abyan/Documents/FOR_ALTAIR/ALTAIR-vision/install/temp_ball_detector/include/temp_ball_detector/temp_ball_detector/msg/rosidl_generator_cpp__visibility_control.hpp
[2.915s] -- Up-to-date: /home/abyan/Documents/FOR_ALTAIR/ALTAIR-vision/install/temp_ball_detector/include/temp_ball_detector/temp_ball_detector
[2.915s] -- Up-to-date: /home/abyan/Documents/FOR_ALTAIR/ALTAIR-vision/install/temp_ball_detector/include/temp_ball_detector/temp_ball_detector/msg
[2.916s] -- Up-to-date: /home/abyan/Documents/FOR_ALTAIR/ALTAIR-vision/install/temp_ball_detector/include/temp_ball_detector/temp_ball_detector/msg/detail
[2.916s] -- Up-to-date: /home/abyan/Documents/FOR_ALTAIR/ALTAIR-vision/install/temp_ball_detector/include/temp_ball_detector/temp_ball_detector/msg/detail/ball_distance__rosidl_typesupport_fastrtps_cpp.hpp
[2.916s] -- Up-to-date: /home/abyan/Documents/FOR_ALTAIR/ALTAIR-vision/install/temp_ball_detector/include/temp_ball_detector/temp_ball_detector/msg/detail/dds_fastrtps
[2.916s] -- Up-to-date: /home/abyan/Documents/FOR_ALTAIR/ALTAIR-vision/install/temp_ball_detector/include/temp_ball_detector/temp_ball_detector/msg/rosidl_typesupport_fastrtps_cpp__visibility_control.h
[2.917s] -- Up-to-date: /home/abyan/Documents/FOR_ALTAIR/ALTAIR-vision/install/temp_ball_detector/lib/libtemp_ball_detector__rosidl_typesupport_fastrtps_cpp.so
[2.917s] -- Up-to-date: /home/abyan/Documents/FOR_ALTAIR/ALTAIR-vision/install/temp_ball_detector/include/temp_ball_detector/temp_ball_detector
[2.917s] -- Up-to-date: /home/abyan/Documents/FOR_ALTAIR/ALTAIR-vision/install/temp_ball_detector/include/temp_ball_detector/temp_ball_detector/msg
[2.918s] -- Up-to-date: /home/abyan/Documents/FOR_ALTAIR/ALTAIR-vision/install/temp_ball_detector/include/temp_ball_detector/temp_ball_detector/msg/detail
[2.918s] -- Up-to-date: /home/abyan/Documents/FOR_ALTAIR/ALTAIR-vision/install/temp_ball_detector/include/temp_ball_detector/temp_ball_detector/msg/detail/ball_distance__rosidl_typesupport_introspection_cpp.hpp
[2.918s] -- Up-to-date: /home/abyan/Documents/FOR_ALTAIR/ALTAIR-vision/install/temp_ball_detector/include/temp_ball_detector/temp_ball_detector/msg/detail/ball_distance__type_support.cpp
[2.918s] -- Up-to-date: /home/abyan/Documents/FOR_ALTAIR/ALTAIR-vision/install/temp_ball_detector/lib/libtemp_ball_detector__rosidl_typesupport_introspection_cpp.so
[2.919s] -- Up-to-date: /home/abyan/Documents/FOR_ALTAIR/ALTAIR-vision/install/temp_ball_detector/lib/libtemp_ball_detector__rosidl_typesupport_cpp.so
[2.919s] -- Up-to-date: /home/abyan/Documents/FOR_ALTAIR/ALTAIR-vision/install/temp_ball_detector/share/temp_ball_detector/environment/pythonpath.sh
[2.919s] -- Up-to-date: /home/abyan/Documents/FOR_ALTAIR/ALTAIR-vision/install/temp_ball_detector/share/temp_ball_detector/environment/pythonpath.dsv
[2.920s] -- Up-to-date: /home/abyan/Documents/FOR_ALTAIR/ALTAIR-vision/install/temp_ball_detector/lib/python3.12/site-packages/temp_ball_detector-0.0.0-py3.12.egg-info
[2.920s] -- Installing: /home/abyan/Documents/FOR_ALTAIR/ALTAIR-vision/install/temp_ball_detector/lib/python3.12/site-packages/temp_ball_detector-0.0.0-py3.12.egg-info/SOURCES.txt
[2.920s] -- Installing: /home/abyan/Documents/FOR_ALTAIR/ALTAIR-vision/install/temp_ball_detector/lib/python3.12/site-packages/temp_ball_detector-0.0.0-py3.12.egg-info/dependency_links.txt
[2.920s] -- Installing: /home/abyan/Documents/FOR_ALTAIR/ALTAIR-vision/install/temp_ball_detector/lib/python3.12/site-packages/temp_ball_detector-0.0.0-py3.12.egg-info/top_level.txt
[2.921s] -- Installing: /home/abyan/Documents/FOR_ALTAIR/ALTAIR-vision/install/temp_ball_detector/lib/python3.12/site-packages/temp_ball_detector-0.0.0-py3.12.egg-info/PKG-INFO
[2.921s] -- Up-to-date: /home/abyan/Documents/FOR_ALTAIR/ALTAIR-vision/install/temp_ball_detector/lib/python3.12/site-packages/temp_ball_detector
[2.921s] -- Up-to-date: /home/abyan/Documents/FOR_ALTAIR/ALTAIR-vision/install/temp_ball_detector/lib/python3.12/site-packages/temp_ball_detector/_temp_ball_detector_s.ep.rosidl_typesupport_introspection_c.c
[2.922s] -- Up-to-date: /home/abyan/Documents/FOR_ALTAIR/ALTAIR-vision/install/temp_ball_detector/lib/python3.12/site-packages/temp_ball_detector/_temp_ball_detector_s.ep.rosidl_typesupport_c.c
[2.922s] -- Up-to-date: /home/abyan/Documents/FOR_ALTAIR/ALTAIR-vision/install/temp_ball_detector/lib/python3.12/site-packages/temp_ball_detector/msg
[2.922s] -- Up-to-date: /home/abyan/Documents/FOR_ALTAIR/ALTAIR-vision/install/temp_ball_detector/lib/python3.12/site-packages/temp_ball_detector/msg/_ball_distance_s.c
[2.922s] -- Up-to-date: /home/abyan/Documents/FOR_ALTAIR/ALTAIR-vision/install/temp_ball_detector/lib/python3.12/site-packages/temp_ball_detector/msg/_ball_distance.py
[2.923s] -- Up-to-date: /home/abyan/Documents/FOR_ALTAIR/ALTAIR-vision/install/temp_ball_detector/lib/python3.12/site-packages/temp_ball_detector/msg/__init__.py
[2.923s] -- Up-to-date: /home/abyan/Documents/FOR_ALTAIR/ALTAIR-vision/install/temp_ball_detector/lib/python3.12/site-packages/temp_ball_detector/temp_ball_detector_s__rosidl_typesupport_fastrtps_c.so
[2.923s] -- Up-to-date: /home/abyan/Documents/FOR_ALTAIR/ALTAIR-vision/install/temp_ball_detector/lib/python3.12/site-packages/temp_ball_detector/__init__.py
[2.924s] -- Up-to-date: /home/abyan/Documents/FOR_ALTAIR/ALTAIR-vision/install/temp_ball_detector/lib/python3.12/site-packages/temp_ball_detector/temp_ball_detector_s__rosidl_typesupport_c.so
[2.924s] -- Up-to-date: /home/abyan/Documents/FOR_ALTAIR/ALTAIR-vision/install/temp_ball_detector/lib/python3.12/site-packages/temp_ball_detector/temp_ball_detector_s__rosidl_typesupport_introspection_c.so
[2.924s] -- Up-to-date: /home/abyan/Documents/FOR_ALTAIR/ALTAIR-vision/install/temp_ball_detector/lib/python3.12/site-packages/temp_ball_detector/_temp_ball_detector_s.ep.rosidl_typesupport_fastrtps_c.c
[3.018s] Listing '/home/abyan/Documents/FOR_ALTAIR/ALTAIR-vision/install/temp_ball_detector/lib/python3.12/site-packages/temp_ball_detector'...
[3.019s] Listing '/home/abyan/Documents/FOR_ALTAIR/ALTAIR-vision/install/temp_ball_detector/lib/python3.12/site-packages/temp_ball_detector/msg'...
[3.034s] -- Up-to-date: /home/abyan/Documents/FOR_ALTAIR/ALTAIR-vision/install/temp_ball_detector/lib/python3.12/site-packages/temp_ball_detector/temp_ball_detector_s__rosidl_typesupport_fastrtps_c.so
[3.035s] -- Up-to-date: /home/abyan/Documents/FOR_ALTAIR/ALTAIR-vision/install/temp_ball_detector/lib/python3.12/site-packages/temp_ball_detector/temp_ball_detector_s__rosidl_typesupport_introspection_c.so
[3.036s] -- Up-to-date: /home/abyan/Documents/FOR_ALTAIR/ALTAIR-vision/install/temp_ball_detector/lib/python3.12/site-packages/temp_ball_detector/temp_ball_detector_s__rosidl_typesupport_c.so
[3.036s] -- Up-to-date: /home/abyan/Documents/FOR_ALTAIR/ALTAIR-vision/install/temp_ball_detector/lib/libtemp_ball_detector__rosidl_generator_py.so
[3.037s] -- Up-to-date: /home/abyan/Documents/FOR_ALTAIR/ALTAIR-vision/install/temp_ball_detector/share/temp_ball_detector/msg/BallDistance.idl
[3.038s] -- Up-to-date: /home/abyan/Documents/FOR_ALTAIR/ALTAIR-vision/install/temp_ball_detector/share/temp_ball_detector/msg/BallDistance.msg
[3.038s] -- Up-to-date: /home/abyan/Documents/FOR_ALTAIR/ALTAIR-vision/install/temp_ball_detector/lib/temp_ball_detector/ball_detection.py
[3.038s] -- Up-to-date: /home/abyan/Documents/FOR_ALTAIR/ALTAIR-vision/install/temp_ball_detector/share/ament_index/resource_index/package_run_dependencies/temp_ball_detector
[3.039s] -- Up-to-date: /home/abyan/Documents/FOR_ALTAIR/ALTAIR-vision/install/temp_ball_detector/share/ament_index/resource_index/parent_prefix_path/temp_ball_detector
[3.039s] -- Up-to-date: /home/abyan/Documents/FOR_ALTAIR/ALTAIR-vision/install/temp_ball_detector/share/temp_ball_detector/environment/ament_prefix_path.sh
[3.039s] -- Up-to-date: /home/abyan/Documents/FOR_ALTAIR/ALTAIR-vision/install/temp_ball_detector/share/temp_ball_detector/environment/ament_prefix_path.dsv
[3.040s] -- Up-to-date: /home/abyan/Documents/FOR_ALTAIR/ALTAIR-vision/install/temp_ball_detector/share/temp_ball_detector/environment/path.sh
[3.040s] -- Up-to-date: /home/abyan/Documents/FOR_ALTAIR/ALTAIR-vision/install/temp_ball_detector/share/temp_ball_detector/environment/path.dsv
[3.040s] -- Up-to-date: /home/abyan/Documents/FOR_ALTAIR/ALTAIR-vision/install/temp_ball_detector/share/temp_ball_detector/local_setup.bash
[3.040s] -- Up-to-date: /home/abyan/Documents/FOR_ALTAIR/ALTAIR-vision/install/temp_ball_detector/share/temp_ball_detector/local_setup.sh
[3.041s] -- Up-to-date: /home/abyan/Documents/FOR_ALTAIR/ALTAIR-vision/install/temp_ball_detector/share/temp_ball_detector/local_setup.zsh
[3.041s] -- Up-to-date: /home/abyan/Documents/FOR_ALTAIR/ALTAIR-vision/install/temp_ball_detector/share/temp_ball_detector/local_setup.dsv
[3.041s] -- Installing: /home/abyan/Documents/FOR_ALTAIR/ALTAIR-vision/install/temp_ball_detector/share/temp_ball_detector/package.dsv
[3.042s] -- Up-to-date: /home/abyan/Documents/FOR_ALTAIR/ALTAIR-vision/install/temp_ball_detector/share/ament_index/resource_index/packages/temp_ball_detector
[3.042s] -- Up-to-date: /home/abyan/Documents/FOR_ALTAIR/ALTAIR-vision/install/temp_ball_detector/share/temp_ball_detector/cmake/export_temp_ball_detector__rosidl_generator_cExport.cmake
[3.042s] -- Up-to-date: /home/abyan/Documents/FOR_ALTAIR/ALTAIR-vision/install/temp_ball_detector/share/temp_ball_detector/cmake/export_temp_ball_detector__rosidl_generator_cExport-noconfig.cmake
[3.043s] -- Up-to-date: /home/abyan/Documents/FOR_ALTAIR/ALTAIR-vision/install/temp_ball_detector/share/temp_ball_detector/cmake/export_temp_ball_detector__rosidl_typesupport_fastrtps_cExport.cmake
[3.043s] -- Up-to-date: /home/abyan/Documents/FOR_ALTAIR/ALTAIR-vision/install/temp_ball_detector/share/temp_ball_detector/cmake/export_temp_ball_detector__rosidl_typesupport_fastrtps_cExport-noconfig.cmake
[3.043s] -- Up-to-date: /home/abyan/Documents/FOR_ALTAIR/ALTAIR-vision/install/temp_ball_detector/share/temp_ball_detector/cmake/temp_ball_detector__rosidl_typesupport_introspection_cExport.cmake
[3.044s] -- Up-to-date: /home/abyan/Documents/FOR_ALTAIR/ALTAIR-vision/install/temp_ball_detector/share/temp_ball_detector/cmake/temp_ball_detector__rosidl_typesupport_introspection_cExport-noconfig.cmake
[3.044s] -- Up-to-date: /home/abyan/Documents/FOR_ALTAIR/ALTAIR-vision/install/temp_ball_detector/share/temp_ball_detector/cmake/temp_ball_detector__rosidl_typesupport_cExport.cmake
[3.044s] -- Up-to-date: /home/abyan/Documents/FOR_ALTAIR/ALTAIR-vision/install/temp_ball_detector/share/temp_ball_detector/cmake/temp_ball_detector__rosidl_typesupport_cExport-noconfig.cmake
[3.045s] -- Up-to-date: /home/abyan/Documents/FOR_ALTAIR/ALTAIR-vision/install/temp_ball_detector/share/temp_ball_detector/cmake/export_temp_ball_detector__rosidl_generator_cppExport.cmake
[3.046s] -- Up-to-date: /home/abyan/Documents/FOR_ALTAIR/ALTAIR-vision/install/temp_ball_detector/share/temp_ball_detector/cmake/export_temp_ball_detector__rosidl_typesupport_fastrtps_cppExport.cmake
[3.046s] -- Up-to-date: /home/abyan/Documents/FOR_ALTAIR/ALTAIR-vision/install/temp_ball_detector/share/temp_ball_detector/cmake/export_temp_ball_detector__rosidl_typesupport_fastrtps_cppExport-noconfig.cmake
[3.047s] -- Up-to-date: /home/abyan/Documents/FOR_ALTAIR/ALTAIR-vision/install/temp_ball_detector/share/temp_ball_detector/cmake/temp_ball_detector__rosidl_typesupport_introspection_cppExport.cmake
[3.047s] -- Up-to-date: /home/abyan/Documents/FOR_ALTAIR/ALTAIR-vision/install/temp_ball_detector/share/temp_ball_detector/cmake/temp_ball_detector__rosidl_typesupport_introspection_cppExport-noconfig.cmake
[3.047s] -- Up-to-date: /home/abyan/Documents/FOR_ALTAIR/ALTAIR-vision/install/temp_ball_detector/share/temp_ball_detector/cmake/temp_ball_detector__rosidl_typesupport_cppExport.cmake
[3.048s] -- Up-to-date: /home/abyan/Documents/FOR_ALTAIR/ALTAIR-vision/install/temp_ball_detector/share/temp_ball_detector/cmake/temp_ball_detector__rosidl_typesupport_cppExport-noconfig.cmake
[3.048s] -- Up-to-date: /home/abyan/Documents/FOR_ALTAIR/ALTAIR-vision/install/temp_ball_detector/share/temp_ball_detector/cmake/export_temp_ball_detector__rosidl_generator_pyExport.cmake
[3.048s] -- Up-to-date: /home/abyan/Documents/FOR_ALTAIR/ALTAIR-vision/install/temp_ball_detector/share/temp_ball_detector/cmake/export_temp_ball_detector__rosidl_generator_pyExport-noconfig.cmake
[3.048s] -- Up-to-date: /home/abyan/Documents/FOR_ALTAIR/ALTAIR-vision/install/temp_ball_detector/share/temp_ball_detector/cmake/rosidl_cmake-extras.cmake
[3.049s] -- Up-to-date: /home/abyan/Documents/FOR_ALTAIR/ALTAIR-vision/install/temp_ball_detector/share/temp_ball_detector/cmake/ament_cmake_export_dependencies-extras.cmake
[3.050s] -- Up-to-date: /home/abyan/Documents/FOR_ALTAIR/ALTAIR-vision/install/temp_ball_detector/share/temp_ball_detector/cmake/ament_cmake_export_include_directories-extras.cmake
[3.050s] -- Up-to-date: /home/abyan/Documents/FOR_ALTAIR/ALTAIR-vision/install/temp_ball_detector/share/temp_ball_detector/cmake/ament_cmake_export_libraries-extras.cmake
[3.051s] -- Up-to-date: /home/abyan/Documents/FOR_ALTAIR/ALTAIR-vision/install/temp_ball_detector/share/temp_ball_detector/cmake/ament_cmake_export_targets-extras.cmake
[3.051s] -- Up-to-date: /home/abyan/Documents/FOR_ALTAIR/ALTAIR-vision/install/temp_ball_detector/share/temp_ball_detector/cmake/rosidl_cmake_export_typesupport_targets-extras.cmake
[3.051s] -- Up-to-date: /home/abyan/Documents/FOR_ALTAIR/ALTAIR-vision/install/temp_ball_detector/share/temp_ball_detector/cmake/rosidl_cmake_export_typesupport_libraries-extras.cmake
[3.052s] -- Up-to-date: /home/abyan/Documents/FOR_ALTAIR/ALTAIR-vision/install/temp_ball_detector/share/temp_ball_detector/cmake/temp_ball_detectorConfig.cmake
[3.053s] -- Up-to-date: /home/abyan/Documents/FOR_ALTAIR/ALTAIR-vision/install/temp_ball_detector/share/temp_ball_detector/cmake/temp_ball_detectorConfig-version.cmake
[3.058s] -- Up-to-date: /home/abyan/Documents/FOR_ALTAIR/ALTAIR-vision/install/temp_ball_detector/share/temp_ball_detector/package.xml
[3.059s] Invoked command in '/home/abyan/Documents/FOR_ALTAIR/ALTAIR-vision/build/temp_ball_detector' returned '0': CMAKE_PREFIX_PATH=${CMAKE_PREFIX_PATH}:/home/abyan/Documents/FOR_ALTAIR/ALTAIR-vision/install/video_subscriber:/home/abyan/Documents/FOR_ALTAIR/ALTAIR-vision/install/soccer_field_map_generator:/home/abyan/Documents/FOR_ALTAIR/ALTAIR-vision/install/camera_calibration:/home/abyan/Documents/FOR_ALTAIR/ALTAIR-vision/install/ball_detector:/opt/ros/jazzy DEBUGINFOD_URLS=https://debuginfod.ubuntu.com /usr/bin/cmake --install /home/abyan/Documents/FOR_ALTAIR/ALTAIR-vision/build/temp_ball_detector
