[0.392s] Invoking command in '/home/abyan/Documents/ALTAIR-vision/build/usb_cam': CMAKE_PREFIX_PATH=${CMAKE_PREFIX_PATH}:/opt/ros/jazzy DEBUGINFOD_URLS=https://debuginfod.ubuntu.com /usr/bin/cmake /home/abyan/Documents/ALTAIR-vision/src/usb_cam -DCMAKE_INSTALL_PREFIX=/home/abyan/Documents/ALTAIR-vision/install/usb_cam
[0.612s] -- The C compiler identification is GNU 13.3.0
[0.647s] -- The CXX compiler identification is GNU 13.3.0
[0.665s] -- Detecting C compiler ABI info
[0.755s] -- Detecting C compiler ABI info - done
[0.765s] -- Check for working C compiler: /usr/bin/cc - skipped
[0.766s] -- Detecting C compile features
[0.766s] -- Detecting C compile features - done
[0.775s] -- Detecting CXX compiler ABI info
[0.867s] -- Detecting CXX compiler ABI info - done
[0.879s] -- Check for working CXX compiler: /usr/bin/c++ - skipped
[0.880s] -- Detecting CXX compile features
[0.880s] -- Detecting CXX compile features - done
[0.883s] -- Found ament_cmake_auto: 2.5.3 (/opt/ros/jazzy/share/ament_cmake_auto/cmake)
[1.040s] -- Found Python3: /usr/bin/python3 (found version "3.12.3") found components: Interpreter 
[1.530s] -- Found rosidl_generator_c: 4.6.5 (/opt/ros/jazzy/share/rosidl_generator_c/cmake)
[1.565s] -- Found rosidl_generator_cpp: 4.6.5 (/opt/ros/jazzy/share/rosidl_generator_cpp/cmake)
[1.608s] -- Using all available rosidl_typesupport_c: rosidl_typesupport_fastrtps_c;rosidl_typesupport_introspection_c
[1.657s] -- Using all available rosidl_typesupport_cpp: rosidl_typesupport_fastrtps_cpp;rosidl_typesupport_introspection_cpp
[1.901s] -- Found rmw_implementation_cmake: 7.3.1 (/opt/ros/jazzy/share/rmw_implementation_cmake/cmake)
[1.909s] -- Found rmw_fastrtps_cpp: 8.4.1 (/opt/ros/jazzy/share/rmw_fastrtps_cpp/cmake)
[2.120s] -- Found OpenSSL: /usr/lib/x86_64-linux-gnu/libcrypto.so (found version "3.0.13")  
[2.175s] -- Found FastRTPS: /opt/ros/jazzy/include (Required is at least version "2.13") 
[2.233s] -- Using RMW implementation 'rmw_fastrtps_cpp' as default
[2.650s] -- Setting yaml-cpp_DIR to: '/opt/ros/jazzy/share/yaml_cpp_vendor/cmake/../../../opt/yaml_cpp_vendor/share/cmake/yaml-cpp'
[2.828s] -- Found rosidl_adapter: 4.6.5 (/opt/ros/jazzy/share/rosidl_adapter/cmake)
[2.838s] -- Found OpenCV: /usr/local (found version "4.12.0") 
[2.845s] -- Found PkgConfig: /usr/bin/pkg-config (found version "1.8.1") 
[2.847s] -- Checking for module 'libavcodec'
[2.870s] --   Found libavcodec, version 60.31.102
[2.931s] -- Checking for module 'libavutil'
[2.953s] --   Found libavutil, version 58.29.100
[3.009s] -- Checking for module 'libswscale'
[3.034s] --   Found libswscale, version 7.5.100
[3.101s] -- Found ament_lint_auto: 0.17.1 (/opt/ros/jazzy/share/ament_lint_auto/cmake)
[3.139s] -- Found gtest sources under '/opt/ros/jazzy/src/gtest_vendor': C++ tests using 'Google Test' will be built
[3.146s] -- Performing Test CMAKE_HAVE_LIBC_PTHREAD
[3.319s] -- Performing Test CMAKE_HAVE_LIBC_PTHREAD - Success
[3.321s] -- Found Threads: TRUE  
[3.334s] -- Added test 'copyright' to check source files copyright and LICENSE
[3.343s] -- Added test 'cppcheck' to perform static code analysis on C / C++ code
[3.343s] -- Configured cppcheck include dirs: /home/abyan/Documents/ALTAIR-vision/src/usb_cam/include
[3.343s] -- Configured cppcheck exclude dirs and/or files: 
[3.349s] -- Added test 'cpplint' to check C / C++ code against the Google style
[3.349s] -- Configured cpplint exclude dirs and/or files: 
[3.351s] -- Added test 'flake8' to check Python code syntax and style conventions
[3.351s] -- Configured 'flake8' exclude dirs and/or files: 
[3.353s] -- Added test 'lint_cmake' to check CMake code style
[3.355s] -- Added test 'pep257' to check Python code against some of the docstring style conventions in PEP 257
[3.361s] -- Added test 'uncrustify' to check C / C++ code style
[3.361s] -- Configured uncrustify additional arguments: 
[3.363s] -- Added test 'xmllint' to check XML markup files
[3.368s] -- Configuring done (3.0s)
[3.424s] -- Generating done (0.0s)
[3.440s] -- Build files have been written to: /home/abyan/Documents/ALTAIR-vision/build/usb_cam
[3.463s] Invoked command in '/home/abyan/Documents/ALTAIR-vision/build/usb_cam' returned '0': CMAKE_PREFIX_PATH=${CMAKE_PREFIX_PATH}:/opt/ros/jazzy DEBUGINFOD_URLS=https://debuginfod.ubuntu.com /usr/bin/cmake /home/abyan/Documents/ALTAIR-vision/src/usb_cam -DCMAKE_INSTALL_PREFIX=/home/abyan/Documents/ALTAIR-vision/install/usb_cam
[3.464s] Invoking command in '/home/abyan/Documents/ALTAIR-vision/build/usb_cam': CMAKE_PREFIX_PATH=${CMAKE_PREFIX_PATH}:/opt/ros/jazzy DEBUGINFOD_URLS=https://debuginfod.ubuntu.com /usr/bin/cmake --build /home/abyan/Documents/ALTAIR-vision/build/usb_cam -- -j16 -l16
[3.561s] [  7%] [32mBuilding CXX object gtest/CMakeFiles/gtest_main.dir/src/gtest_main.cc.o[0m
[3.563s] [ 14%] [32mBuilding CXX object CMakeFiles/usb_cam.dir/src/usb_cam.cpp.o[0m
[3.564s] [ 21%] [32mBuilding CXX object gtest/CMakeFiles/gtest.dir/src/gtest-all.cc.o[0m
[3.565s] [ 28%] [32mBuilding CXX object CMakeFiles/usb_cam_node_exe.dir/rclcpp_components/node_main_usb_cam_node_exe.cpp.o[0m
[5.356s] [ 35%] [32m[1mLinking CXX static library libgtest_main.a[0m
[5.576s] [ 35%] Built target gtest_main
[7.554s] [ 42%] [32m[1mLinking CXX shared library libusb_cam.so[0m
[8.059s] [ 42%] Built target usb_cam
[8.110s] [ 50%] [32mBuilding CXX object CMakeFiles/usb_cam_node.dir/src/usb_cam_node.cpp.o[0m
[10.172s] [ 57%] [32m[1mLinking CXX executable usb_cam_node_exe[0m
[10.657s] [ 57%] Built target usb_cam_node_exe
[11.965s] [ 64%] [32m[1mLinking CXX static library libgtest.a[0m
[12.110s] [ 64%] Built target gtest
[12.150s] [ 71%] [32mBuilding CXX object CMakeFiles/test_usb_cam_utils.dir/test/test_usb_cam_utils.cpp.o[0m
[12.151s] [ 78%] [32mBuilding CXX object CMakeFiles/test_pixel_formats.dir/test/test_pixel_formats.cpp.o[0m
[14.468s] [ 85%] [32m[1mLinking CXX executable test_usb_cam_utils[0m
[14.830s] [ 92%] [32m[1mLinking CXX executable test_pixel_formats[0m
[14.904s] [ 92%] Built target test_usb_cam_utils
[15.216s] [ 92%] Built target test_pixel_formats
[18.982s] [100%] [32m[1mLinking CXX shared library libusb_cam_node.so[0m
[19.497s] [100%] Built target usb_cam_node
[19.508s] Invoked command in '/home/abyan/Documents/ALTAIR-vision/build/usb_cam' returned '0': CMAKE_PREFIX_PATH=${CMAKE_PREFIX_PATH}:/opt/ros/jazzy DEBUGINFOD_URLS=https://debuginfod.ubuntu.com /usr/bin/cmake --build /home/abyan/Documents/ALTAIR-vision/build/usb_cam -- -j16 -l16
[19.510s] Invoking command in '/home/abyan/Documents/ALTAIR-vision/build/usb_cam': CMAKE_PREFIX_PATH=${CMAKE_PREFIX_PATH}:/opt/ros/jazzy DEBUGINFOD_URLS=https://debuginfod.ubuntu.com /usr/bin/cmake --install /home/abyan/Documents/ALTAIR-vision/build/usb_cam
[19.517s] -- Install configuration: ""
[19.517s] -- Installing: /home/abyan/Documents/ALTAIR-vision/install/usb_cam/share/usb_cam/environment/library_path.sh
[19.517s] -- Installing: /home/abyan/Documents/ALTAIR-vision/install/usb_cam/share/usb_cam/environment/library_path.dsv
[19.517s] -- Installing: /home/abyan/Documents/ALTAIR-vision/install/usb_cam/lib/usb_cam/usb_cam_node_exe
[19.518s] -- Set non-toolchain portion of runtime path of "/home/abyan/Documents/ALTAIR-vision/install/usb_cam/lib/usb_cam/usb_cam_node_exe" to ""
[19.518s] -- Installing: /home/abyan/Documents/ALTAIR-vision/install/usb_cam/lib/usb_cam/show_image.py
[19.518s] -- Installing: /home/abyan/Documents/ALTAIR-vision/install/usb_cam/lib/libusb_cam.so
[19.519s] -- Set non-toolchain portion of runtime path of "/home/abyan/Documents/ALTAIR-vision/install/usb_cam/lib/libusb_cam.so" to ""
[19.519s] -- Installing: /home/abyan/Documents/ALTAIR-vision/install/usb_cam/lib/libusb_cam_node.so
[19.521s] -- Set non-toolchain portion of runtime path of "/home/abyan/Documents/ALTAIR-vision/install/usb_cam/lib/libusb_cam_node.so" to ""
[19.521s] -- Installing: /home/abyan/Documents/ALTAIR-vision/install/usb_cam/include
[19.521s] -- Installing: /home/abyan/Documents/ALTAIR-vision/install/usb_cam/include/usb_cam
[19.522s] -- Installing: /home/abyan/Documents/ALTAIR-vision/install/usb_cam/include/usb_cam/usb_cam_node.hpp
[19.522s] -- Installing: /home/abyan/Documents/ALTAIR-vision/install/usb_cam/include/usb_cam/constants.hpp
[19.522s] -- Installing: /home/abyan/Documents/ALTAIR-vision/install/usb_cam/include/usb_cam/formats
[19.522s] -- Installing: /home/abyan/Documents/ALTAIR-vision/install/usb_cam/include/usb_cam/formats/yuyv.hpp
[19.522s] -- Installing: /home/abyan/Documents/ALTAIR-vision/install/usb_cam/include/usb_cam/formats/mjpeg.hpp
[19.522s] -- Installing: /home/abyan/Documents/ALTAIR-vision/install/usb_cam/include/usb_cam/formats/uyvy.hpp
[19.522s] -- Installing: /home/abyan/Documents/ALTAIR-vision/install/usb_cam/include/usb_cam/formats/m420.hpp
[19.522s] -- Installing: /home/abyan/Documents/ALTAIR-vision/install/usb_cam/include/usb_cam/formats/pixel_format_base.hpp
[19.522s] -- Installing: /home/abyan/Documents/ALTAIR-vision/install/usb_cam/include/usb_cam/formats/av_pixel_format_helper.hpp
[19.522s] -- Installing: /home/abyan/Documents/ALTAIR-vision/install/usb_cam/include/usb_cam/formats/mono.hpp
[19.522s] -- Installing: /home/abyan/Documents/ALTAIR-vision/install/usb_cam/include/usb_cam/formats/rgb.hpp
[19.523s] -- Installing: /home/abyan/Documents/ALTAIR-vision/install/usb_cam/include/usb_cam/formats/utils.hpp
[19.523s] -- Installing: /home/abyan/Documents/ALTAIR-vision/install/usb_cam/include/usb_cam/usb_cam.hpp
[19.523s] -- Installing: /home/abyan/Documents/ALTAIR-vision/install/usb_cam/include/usb_cam/conversions.hpp
[19.523s] -- Installing: /home/abyan/Documents/ALTAIR-vision/install/usb_cam/include/usb_cam/utils.hpp
[19.523s] -- Up-to-date: /home/abyan/Documents/ALTAIR-vision/install/usb_cam/lib/libusb_cam_node.so
[19.523s] -- Installing: /home/abyan/Documents/ALTAIR-vision/install/usb_cam/share/usb_cam/launch
[19.523s] -- Installing: /home/abyan/Documents/ALTAIR-vision/install/usb_cam/share/usb_cam/launch/camera.launch.py
[19.523s] -- Installing: /home/abyan/Documents/ALTAIR-vision/install/usb_cam/share/usb_cam/launch/camera_config.py
[19.523s] -- Installing: /home/abyan/Documents/ALTAIR-vision/install/usb_cam/share/usb_cam/launch/__init__.py
[19.524s] -- Installing: /home/abyan/Documents/ALTAIR-vision/install/usb_cam/share/usb_cam/config
[19.524s] -- Installing: /home/abyan/Documents/ALTAIR-vision/install/usb_cam/share/usb_cam/config/camera_info.yaml
[19.524s] -- Installing: /home/abyan/Documents/ALTAIR-vision/install/usb_cam/share/usb_cam/config/params_1.yaml
[19.524s] -- Installing: /home/abyan/Documents/ALTAIR-vision/install/usb_cam/share/usb_cam/config/params_2.yaml
[19.524s] -- Installing: /home/abyan/Documents/ALTAIR-vision/install/usb_cam/share/ament_index/resource_index/package_run_dependencies/usb_cam
[19.524s] -- Installing: /home/abyan/Documents/ALTAIR-vision/install/usb_cam/share/ament_index/resource_index/parent_prefix_path/usb_cam
[19.524s] -- Installing: /home/abyan/Documents/ALTAIR-vision/install/usb_cam/share/usb_cam/environment/ament_prefix_path.sh
[19.524s] -- Installing: /home/abyan/Documents/ALTAIR-vision/install/usb_cam/share/usb_cam/environment/ament_prefix_path.dsv
[19.524s] -- Installing: /home/abyan/Documents/ALTAIR-vision/install/usb_cam/share/usb_cam/environment/path.sh
[19.524s] -- Installing: /home/abyan/Documents/ALTAIR-vision/install/usb_cam/share/usb_cam/environment/path.dsv
[19.524s] -- Installing: /home/abyan/Documents/ALTAIR-vision/install/usb_cam/share/usb_cam/local_setup.bash
[19.525s] -- Installing: /home/abyan/Documents/ALTAIR-vision/install/usb_cam/share/usb_cam/local_setup.sh
[19.525s] -- Installing: /home/abyan/Documents/ALTAIR-vision/install/usb_cam/share/usb_cam/local_setup.zsh
[19.525s] -- Installing: /home/abyan/Documents/ALTAIR-vision/install/usb_cam/share/usb_cam/local_setup.dsv
[19.525s] -- Installing: /home/abyan/Documents/ALTAIR-vision/install/usb_cam/share/usb_cam/package.dsv
[19.525s] -- Installing: /home/abyan/Documents/ALTAIR-vision/install/usb_cam/share/ament_index/resource_index/packages/usb_cam
[19.525s] -- Installing: /home/abyan/Documents/ALTAIR-vision/install/usb_cam/share/ament_index/resource_index/rclcpp_components/usb_cam
[19.525s] -- Installing: /home/abyan/Documents/ALTAIR-vision/install/usb_cam/share/usb_cam/cmake/ament_cmake_export_libraries-extras.cmake
[19.525s] -- Installing: /home/abyan/Documents/ALTAIR-vision/install/usb_cam/share/usb_cam/cmake/ament_cmake_export_dependencies-extras.cmake
[19.525s] -- Installing: /home/abyan/Documents/ALTAIR-vision/install/usb_cam/share/usb_cam/cmake/ament_cmake_export_include_directories-extras.cmake
[19.525s] -- Installing: /home/abyan/Documents/ALTAIR-vision/install/usb_cam/share/usb_cam/cmake/usb_camConfig.cmake
[19.525s] -- Installing: /home/abyan/Documents/ALTAIR-vision/install/usb_cam/share/usb_cam/cmake/usb_camConfig-version.cmake
[19.525s] -- Installing: /home/abyan/Documents/ALTAIR-vision/install/usb_cam/share/usb_cam/package.xml
[19.527s] Invoked command in '/home/abyan/Documents/ALTAIR-vision/build/usb_cam' returned '0': CMAKE_PREFIX_PATH=${CMAKE_PREFIX_PATH}:/opt/ros/jazzy DEBUGINFOD_URLS=https://debuginfod.ubuntu.com /usr/bin/cmake --install /home/abyan/Documents/ALTAIR-vision/build/usb_cam
