[ 21%] [32mBuilding CXX object CMakeFiles/usb_cam_node_exe.dir/rclcpp_components/node_main_usb_cam_node_exe.cpp.o[0m
[ 21%] [32mBuilding CXX object gtest/CMakeFiles/gtest.dir/src/gtest-all.cc.o[0m
[ 21%] [32mBuilding CXX object CMakeFiles/usb_cam.dir/src/usb_cam.cpp.o[0m
[ 28%] [32mBuilding CXX object gtest/CMakeFiles/gtest_main.dir/src/gtest_main.cc.o[0m
[ 35%] [32m[1mLinking CXX static library libgtest_main.a[0m
[ 35%] Built target gtest_main
[ 42%] [32m[1mLinking CXX shared library libusb_cam.so[0m
[ 42%] Built target usb_cam
[ 50%] [32mBuilding CXX object CMakeFiles/usb_cam_node.dir/src/usb_cam_node.cpp.o[0m
[ 57%] [32m[1mLinking CXX executable usb_cam_node_exe[0m
[ 57%] Built target usb_cam_node_exe
[ 64%] [32m[1mLinking CXX static library libgtest.a[0m
[ 64%] Built target gtest
[ 78%] [32mBuilding CXX object CMakeFiles/test_pixel_formats.dir/test/test_pixel_formats.cpp.o[0m
[ 78%] [32mBuilding CXX object CMakeFiles/test_usb_cam_utils.dir/test/test_usb_cam_utils.cpp.o[0m
[ 85%] [32m[1mLinking CXX executable test_usb_cam_utils[0m
[ 85%] Built target test_usb_cam_utils
[ 92%] [32m[1mLinking CXX executable test_pixel_formats[0m
[ 92%] Built target test_pixel_formats
[100%] [32m[1mLinking CXX shared library libusb_cam_node.so[0m
[100%] Built target usb_cam_node
