[0.358s] Invoking command in '/home/abyan/Documents/FOR_ALTAIR/ALTAIR-vision/build/usb_cam': CMAKE_PREFIX_PATH=${CMAKE_PREFIX_PATH}:/opt/ros/jazzy DEBUGINFOD_URLS=https://debuginfod.ubuntu.com /usr/bin/cmake --build /home/abyan/Documents/FOR_ALTAIR/ALTAIR-vision/build/usb_cam -- -j16 -l16
[0.559s] [ 21%] [32mBuilding CXX object CMakeFiles/usb_cam_node_exe.dir/rclcpp_components/node_main_usb_cam_node_exe.cpp.o[0m
[0.559s] [ 21%] [32mBuilding CXX object gtest/CMakeFiles/gtest.dir/src/gtest-all.cc.o[0m
[0.560s] [ 21%] [32mBuilding CXX object CMakeFiles/usb_cam.dir/src/usb_cam.cpp.o[0m
[0.560s] [ 28%] [32mBuilding CXX object gtest/CMakeFiles/gtest_main.dir/src/gtest_main.cc.o[0m
[1.198s] [ 35%] [32m[1mLinking CXX static library libgtest_main.a[0m
[1.255s] [ 35%] Built target gtest_main
[1.848s] [ 42%] [32m[1mLinking CXX shared library libusb_cam.so[0m
[2.003s] [ 42%] Built target usb_cam
[2.022s] [ 50%] [32mBuilding CXX object CMakeFiles/usb_cam_node.dir/src/usb_cam_node.cpp.o[0m
[2.735s] [ 57%] [32m[1mLinking CXX executable usb_cam_node_exe[0m
[2.888s] [ 57%] Built target usb_cam_node_exe
[3.407s] [ 64%] [32m[1mLinking CXX static library libgtest.a[0m
[3.475s] [ 64%] Built target gtest
[3.491s] [ 78%] [32mBuilding CXX object CMakeFiles/test_pixel_formats.dir/test/test_pixel_formats.cpp.o[0m
[3.491s] [ 78%] [32mBuilding CXX object CMakeFiles/test_usb_cam_utils.dir/test/test_usb_cam_utils.cpp.o[0m
[4.308s] [ 85%] [32m[1mLinking CXX executable test_usb_cam_utils[0m
[4.469s] [ 85%] Built target test_usb_cam_utils
[4.508s] [ 92%] [32m[1mLinking CXX executable test_pixel_formats[0m
[4.686s] [ 92%] Built target test_pixel_formats
[7.953s] [100%] [32m[1mLinking CXX shared library libusb_cam_node.so[0m
[8.257s] [100%] Built target usb_cam_node
