[0.088s] Invoking command in '/home/abyan/Documents/FOR_ALTAIR/ALTAIR-vision/build/ball_detect': CMAKE_PREFIX_PATH=${CMAKE_PREFIX_PATH}:/home/abyan/Documents/FOR_ALTAIR/ALTAIR-vision/install/video_subscriber:/home/abyan/Documents/FOR_ALTAIR/ALTAIR-vision/install/soccer_field_map_generator:/home/abyan/Documents/FOR_ALTAIR/ALTAIR-vision/install/camera_calibration:/home/abyan/Documents/FOR_ALTAIR/ALTAIR-vision/install/ball_detector:/opt/ros/jazzy DEBUGINFOD_URLS=https://debuginfod.ubuntu.com /usr/bin/cmake --build /home/abyan/Documents/FOR_ALTAIR/ALTAIR-vision/build/ball_detect -- -j16 -l16
[1.289s] [  2%] Built target ball_detect__rosidl_generator_type_description
[1.289s] [  2%] Built target ament_cmake_python_copy_ball_detect
[1.289s] [  5%] Built target ball_detect__cpp
[1.290s] [ 18%] Built target ball_detect__rosidl_generator_c
[1.290s] [ 27%] Built target ball_detect__rosidl_typesupport_introspection_c
[1.290s] [ 35%] Built target ball_detect__rosidl_typesupport_introspection_cpp
[1.290s] [ 43%] Built target ball_detect__rosidl_typesupport_fastrtps_c
[1.290s] [ 59%] Built target ball_detect__rosidl_typesupport_cpp
[1.290s] [ 59%] Built target ball_detect__rosidl_typesupport_fastrtps_cpp
[1.290s] [ 67%] Built target ball_detect__rosidl_typesupport_c
[1.290s] [ 67%] Built target ball_detect
[1.290s] [ 75%] Built target ball_det
[1.290s] [ 78%] Built target ball_detect__py
[1.290s] [ 83%] Built target ball_detect__rosidl_generator_py
[1.290s] [ 89%] Built target ball_detect_s__rosidl_typesupport_c
[1.290s] [ 94%] Built target ball_detect_s__rosidl_typesupport_introspection_c
[1.290s] [100%] Built target ball_detect_s__rosidl_typesupport_fastrtps_c
[1.290s] running egg_info
[1.290s] writing ball_detect.egg-info/PKG-INFO
[1.291s] writing dependency_links to ball_detect.egg-info/dependency_links.txt
[1.291s] writing top-level names to ball_detect.egg-info/top_level.txt
[1.291s] reading manifest file 'ball_detect.egg-info/SOURCES.txt'
[1.291s] writing manifest file 'ball_detect.egg-info/SOURCES.txt'
[1.291s] [100%] Built target ament_cmake_python_build_ball_detect_egg
[1.505s] Invoked command in '/home/abyan/Documents/FOR_ALTAIR/ALTAIR-vision/build/ball_detect' returned '0': CMAKE_PREFIX_PATH=${CMAKE_PREFIX_PATH}:/home/abyan/Documents/FOR_ALTAIR/ALTAIR-vision/install/video_subscriber:/home/abyan/Documents/FOR_ALTAIR/ALTAIR-vision/install/soccer_field_map_generator:/home/abyan/Documents/FOR_ALTAIR/ALTAIR-vision/install/camera_calibration:/home/abyan/Documents/FOR_ALTAIR/ALTAIR-vision/install/ball_detector:/opt/ros/jazzy DEBUGINFOD_URLS=https://debuginfod.ubuntu.com /usr/bin/cmake --build /home/abyan/Documents/FOR_ALTAIR/ALTAIR-vision/build/ball_detect -- -j16 -l16
[1.506s] Invoking command in '/home/abyan/Documents/FOR_ALTAIR/ALTAIR-vision/build/ball_detect': CMAKE_PREFIX_PATH=${CMAKE_PREFIX_PATH}:/home/abyan/Documents/FOR_ALTAIR/ALTAIR-vision/install/video_subscriber:/home/abyan/Documents/FOR_ALTAIR/ALTAIR-vision/install/soccer_field_map_generator:/home/abyan/Documents/FOR_ALTAIR/ALTAIR-vision/install/camera_calibration:/home/abyan/Documents/FOR_ALTAIR/ALTAIR-vision/install/ball_detector:/opt/ros/jazzy DEBUGINFOD_URLS=https://debuginfod.ubuntu.com /usr/bin/cmake --install /home/abyan/Documents/FOR_ALTAIR/ALTAIR-vision/build/ball_detect
[1.520s] -- Install configuration: ""
[1.522s] -- Up-to-date: /home/abyan/Documents/FOR_ALTAIR/ALTAIR-vision/install/ball_detect/share/ament_index/resource_index/rosidl_interfaces/ball_detect
[1.522s] -- Up-to-date: /home/abyan/Documents/FOR_ALTAIR/ALTAIR-vision/install/ball_detect/share/ball_detect/msg/BallInfo.json
[1.522s] -- Up-to-date: /home/abyan/Documents/FOR_ALTAIR/ALTAIR-vision/install/ball_detect/include/ball_detect/ball_detect
[1.522s] -- Up-to-date: /home/abyan/Documents/FOR_ALTAIR/ALTAIR-vision/install/ball_detect/include/ball_detect/ball_detect/msg
[1.522s] -- Up-to-date: /home/abyan/Documents/FOR_ALTAIR/ALTAIR-vision/install/ball_detect/include/ball_detect/ball_detect/msg/detail
[1.522s] -- Up-to-date: /home/abyan/Documents/FOR_ALTAIR/ALTAIR-vision/install/ball_detect/include/ball_detect/ball_detect/msg/detail/ball_info__functions.c
[1.523s] -- Up-to-date: /home/abyan/Documents/FOR_ALTAIR/ALTAIR-vision/install/ball_detect/include/ball_detect/ball_detect/msg/detail/ball_info__functions.h
[1.523s] -- Up-to-date: /home/abyan/Documents/FOR_ALTAIR/ALTAIR-vision/install/ball_detect/include/ball_detect/ball_detect/msg/detail/ball_info__description.c
[1.523s] -- Up-to-date: /home/abyan/Documents/FOR_ALTAIR/ALTAIR-vision/install/ball_detect/include/ball_detect/ball_detect/msg/detail/ball_info__type_support.h
[1.523s] -- Up-to-date: /home/abyan/Documents/FOR_ALTAIR/ALTAIR-vision/install/ball_detect/include/ball_detect/ball_detect/msg/detail/ball_info__struct.h
[1.523s] -- Installing: /home/abyan/Documents/FOR_ALTAIR/ALTAIR-vision/install/ball_detect/include/ball_detect/ball_detect/msg/detail/ball_info__type_support.c
[1.523s] -- Up-to-date: /home/abyan/Documents/FOR_ALTAIR/ALTAIR-vision/install/ball_detect/include/ball_detect/ball_detect/msg/ball_info.h
[1.524s] -- Up-to-date: /home/abyan/Documents/FOR_ALTAIR/ALTAIR-vision/install/ball_detect/include/ball_detect/ball_detect/msg/rosidl_generator_c__visibility_control.h
[1.525s] -- Up-to-date: /home/abyan/Documents/FOR_ALTAIR/ALTAIR-vision/install/ball_detect/share/ball_detect/environment/library_path.sh
[1.525s] -- Up-to-date: /home/abyan/Documents/FOR_ALTAIR/ALTAIR-vision/install/ball_detect/share/ball_detect/environment/library_path.dsv
[1.525s] -- Up-to-date: /home/abyan/Documents/FOR_ALTAIR/ALTAIR-vision/install/ball_detect/lib/libball_detect__rosidl_generator_c.so
[1.525s] -- Up-to-date: /home/abyan/Documents/FOR_ALTAIR/ALTAIR-vision/install/ball_detect/include/ball_detect/ball_detect
[1.526s] -- Up-to-date: /home/abyan/Documents/FOR_ALTAIR/ALTAIR-vision/install/ball_detect/include/ball_detect/ball_detect/msg
[1.527s] -- Up-to-date: /home/abyan/Documents/FOR_ALTAIR/ALTAIR-vision/install/ball_detect/include/ball_detect/ball_detect/msg/detail
[1.527s] -- Up-to-date: /home/abyan/Documents/FOR_ALTAIR/ALTAIR-vision/install/ball_detect/include/ball_detect/ball_detect/msg/detail/ball_info__rosidl_typesupport_fastrtps_c.h
[1.527s] -- Up-to-date: /home/abyan/Documents/FOR_ALTAIR/ALTAIR-vision/install/ball_detect/include/ball_detect/ball_detect/msg/rosidl_typesupport_fastrtps_c__visibility_control.h
[1.535s] -- Up-to-date: /home/abyan/Documents/FOR_ALTAIR/ALTAIR-vision/install/ball_detect/lib/libball_detect__rosidl_typesupport_fastrtps_c.so
[1.535s] -- Up-to-date: /home/abyan/Documents/FOR_ALTAIR/ALTAIR-vision/install/ball_detect/include/ball_detect/ball_detect
[1.536s] -- Up-to-date: /home/abyan/Documents/FOR_ALTAIR/ALTAIR-vision/install/ball_detect/include/ball_detect/ball_detect/msg
[1.536s] -- Up-to-date: /home/abyan/Documents/FOR_ALTAIR/ALTAIR-vision/install/ball_detect/include/ball_detect/ball_detect/msg/detail
[1.536s] -- Up-to-date: /home/abyan/Documents/FOR_ALTAIR/ALTAIR-vision/install/ball_detect/include/ball_detect/ball_detect/msg/detail/ball_info__type_support.hpp
[1.536s] -- Up-to-date: /home/abyan/Documents/FOR_ALTAIR/ALTAIR-vision/install/ball_detect/include/ball_detect/ball_detect/msg/detail/ball_info__traits.hpp
[1.536s] -- Up-to-date: /home/abyan/Documents/FOR_ALTAIR/ALTAIR-vision/install/ball_detect/include/ball_detect/ball_detect/msg/detail/ball_info__struct.hpp
[1.536s] -- Up-to-date: /home/abyan/Documents/FOR_ALTAIR/ALTAIR-vision/install/ball_detect/include/ball_detect/ball_detect/msg/detail/ball_info__builder.hpp
[1.537s] -- Up-to-date: /home/abyan/Documents/FOR_ALTAIR/ALTAIR-vision/install/ball_detect/include/ball_detect/ball_detect/msg/ball_info.hpp
[1.537s] -- Up-to-date: /home/abyan/Documents/FOR_ALTAIR/ALTAIR-vision/install/ball_detect/include/ball_detect/ball_detect/msg/rosidl_generator_cpp__visibility_control.hpp
[1.537s] -- Up-to-date: /home/abyan/Documents/FOR_ALTAIR/ALTAIR-vision/install/ball_detect/include/ball_detect/ball_detect
[1.537s] -- Up-to-date: /home/abyan/Documents/FOR_ALTAIR/ALTAIR-vision/install/ball_detect/include/ball_detect/ball_detect/msg
[1.538s] -- Up-to-date: /home/abyan/Documents/FOR_ALTAIR/ALTAIR-vision/install/ball_detect/include/ball_detect/ball_detect/msg/detail
[1.540s] -- Up-to-date: /home/abyan/Documents/FOR_ALTAIR/ALTAIR-vision/install/ball_detect/include/ball_detect/ball_detect/msg/detail/dds_fastrtps
[1.540s] -- Up-to-date: /home/abyan/Documents/FOR_ALTAIR/ALTAIR-vision/install/ball_detect/include/ball_detect/ball_detect/msg/detail/ball_info__rosidl_typesupport_fastrtps_cpp.hpp
[1.540s] -- Up-to-date: /home/abyan/Documents/FOR_ALTAIR/ALTAIR-vision/install/ball_detect/include/ball_detect/ball_detect/msg/rosidl_typesupport_fastrtps_cpp__visibility_control.h
[1.541s] -- Up-to-date: /home/abyan/Documents/FOR_ALTAIR/ALTAIR-vision/install/ball_detect/lib/libball_detect__rosidl_typesupport_fastrtps_cpp.so
[1.541s] -- Up-to-date: /home/abyan/Documents/FOR_ALTAIR/ALTAIR-vision/install/ball_detect/include/ball_detect/ball_detect
[1.541s] -- Up-to-date: /home/abyan/Documents/FOR_ALTAIR/ALTAIR-vision/install/ball_detect/include/ball_detect/ball_detect/msg
[1.541s] -- Up-to-date: /home/abyan/Documents/FOR_ALTAIR/ALTAIR-vision/install/ball_detect/include/ball_detect/ball_detect/msg/rosidl_typesupport_introspection_c__visibility_control.h
[1.542s] -- Up-to-date: /home/abyan/Documents/FOR_ALTAIR/ALTAIR-vision/install/ball_detect/include/ball_detect/ball_detect/msg/detail
[1.542s] -- Up-to-date: /home/abyan/Documents/FOR_ALTAIR/ALTAIR-vision/install/ball_detect/include/ball_detect/ball_detect/msg/detail/ball_info__rosidl_typesupport_introspection_c.h
[1.542s] -- Installing: /home/abyan/Documents/FOR_ALTAIR/ALTAIR-vision/install/ball_detect/include/ball_detect/ball_detect/msg/detail/ball_info__type_support.c
[1.542s] -- Up-to-date: /home/abyan/Documents/FOR_ALTAIR/ALTAIR-vision/install/ball_detect/lib/libball_detect__rosidl_typesupport_introspection_c.so
[1.543s] -- Up-to-date: /home/abyan/Documents/FOR_ALTAIR/ALTAIR-vision/install/ball_detect/lib/libball_detect__rosidl_typesupport_c.so
[1.543s] -- Up-to-date: /home/abyan/Documents/FOR_ALTAIR/ALTAIR-vision/install/ball_detect/include/ball_detect/ball_detect
[1.543s] -- Up-to-date: /home/abyan/Documents/FOR_ALTAIR/ALTAIR-vision/install/ball_detect/include/ball_detect/ball_detect/msg
[1.543s] -- Up-to-date: /home/abyan/Documents/FOR_ALTAIR/ALTAIR-vision/install/ball_detect/include/ball_detect/ball_detect/msg/detail
[1.544s] -- Up-to-date: /home/abyan/Documents/FOR_ALTAIR/ALTAIR-vision/install/ball_detect/include/ball_detect/ball_detect/msg/detail/ball_info__type_support.cpp
[1.544s] -- Up-to-date: /home/abyan/Documents/FOR_ALTAIR/ALTAIR-vision/install/ball_detect/include/ball_detect/ball_detect/msg/detail/ball_info__rosidl_typesupport_introspection_cpp.hpp
[1.544s] -- Up-to-date: /home/abyan/Documents/FOR_ALTAIR/ALTAIR-vision/install/ball_detect/lib/libball_detect__rosidl_typesupport_introspection_cpp.so
[1.544s] -- Up-to-date: /home/abyan/Documents/FOR_ALTAIR/ALTAIR-vision/install/ball_detect/lib/libball_detect__rosidl_typesupport_cpp.so
[1.545s] -- Up-to-date: /home/abyan/Documents/FOR_ALTAIR/ALTAIR-vision/install/ball_detect/share/ball_detect/environment/pythonpath.sh
[1.545s] -- Up-to-date: /home/abyan/Documents/FOR_ALTAIR/ALTAIR-vision/install/ball_detect/share/ball_detect/environment/pythonpath.dsv
[1.545s] -- Up-to-date: /home/abyan/Documents/FOR_ALTAIR/ALTAIR-vision/install/ball_detect/lib/python3.12/site-packages/ball_detect-0.0.0-py3.12.egg-info
[1.545s] -- Installing: /home/abyan/Documents/FOR_ALTAIR/ALTAIR-vision/install/ball_detect/lib/python3.12/site-packages/ball_detect-0.0.0-py3.12.egg-info/SOURCES.txt
[1.546s] -- Installing: /home/abyan/Documents/FOR_ALTAIR/ALTAIR-vision/install/ball_detect/lib/python3.12/site-packages/ball_detect-0.0.0-py3.12.egg-info/dependency_links.txt
[1.546s] -- Installing: /home/abyan/Documents/FOR_ALTAIR/ALTAIR-vision/install/ball_detect/lib/python3.12/site-packages/ball_detect-0.0.0-py3.12.egg-info/top_level.txt
[1.546s] -- Installing: /home/abyan/Documents/FOR_ALTAIR/ALTAIR-vision/install/ball_detect/lib/python3.12/site-packages/ball_detect-0.0.0-py3.12.egg-info/PKG-INFO
[1.546s] -- Up-to-date: /home/abyan/Documents/FOR_ALTAIR/ALTAIR-vision/install/ball_detect/lib/python3.12/site-packages/ball_detect
[1.547s] -- Up-to-date: /home/abyan/Documents/FOR_ALTAIR/ALTAIR-vision/install/ball_detect/lib/python3.12/site-packages/ball_detect/_ball_detect_s.ep.rosidl_typesupport_c.c
[1.547s] -- Up-to-date: /home/abyan/Documents/FOR_ALTAIR/ALTAIR-vision/install/ball_detect/lib/python3.12/site-packages/ball_detect/ball_detect_s__rosidl_typesupport_introspection_c.so
[1.547s] -- Up-to-date: /home/abyan/Documents/FOR_ALTAIR/ALTAIR-vision/install/ball_detect/lib/python3.12/site-packages/ball_detect/ball_detect_s__rosidl_typesupport_c.so
[1.548s] -- Up-to-date: /home/abyan/Documents/FOR_ALTAIR/ALTAIR-vision/install/ball_detect/lib/python3.12/site-packages/ball_detect/ball_detect_s__rosidl_typesupport_fastrtps_c.so
[1.548s] -- Up-to-date: /home/abyan/Documents/FOR_ALTAIR/ALTAIR-vision/install/ball_detect/lib/python3.12/site-packages/ball_detect/msg
[1.548s] -- Up-to-date: /home/abyan/Documents/FOR_ALTAIR/ALTAIR-vision/install/ball_detect/lib/python3.12/site-packages/ball_detect/msg/_ball_info.py
[1.548s] -- Up-to-date: /home/abyan/Documents/FOR_ALTAIR/ALTAIR-vision/install/ball_detect/lib/python3.12/site-packages/ball_detect/msg/__init__.py
[1.549s] -- Up-to-date: /home/abyan/Documents/FOR_ALTAIR/ALTAIR-vision/install/ball_detect/lib/python3.12/site-packages/ball_detect/msg/_ball_info_s.c
[1.550s] -- Up-to-date: /home/abyan/Documents/FOR_ALTAIR/ALTAIR-vision/install/ball_detect/lib/python3.12/site-packages/ball_detect/_ball_detect_s.ep.rosidl_typesupport_introspection_c.c
[1.552s] -- Up-to-date: /home/abyan/Documents/FOR_ALTAIR/ALTAIR-vision/install/ball_detect/lib/python3.12/site-packages/ball_detect/_ball_detect_s.ep.rosidl_typesupport_fastrtps_c.c
[1.556s] -- Up-to-date: /home/abyan/Documents/FOR_ALTAIR/ALTAIR-vision/install/ball_detect/lib/python3.12/site-packages/ball_detect/__init__.py
[1.633s] Listing '/home/abyan/Documents/FOR_ALTAIR/ALTAIR-vision/install/ball_detect/lib/python3.12/site-packages/ball_detect'...
[1.633s] Listing '/home/abyan/Documents/FOR_ALTAIR/ALTAIR-vision/install/ball_detect/lib/python3.12/site-packages/ball_detect/msg'...
[1.653s] -- Up-to-date: /home/abyan/Documents/FOR_ALTAIR/ALTAIR-vision/install/ball_detect/lib/python3.12/site-packages/ball_detect/ball_detect_s__rosidl_typesupport_fastrtps_c.so
[1.655s] -- Up-to-date: /home/abyan/Documents/FOR_ALTAIR/ALTAIR-vision/install/ball_detect/lib/python3.12/site-packages/ball_detect/ball_detect_s__rosidl_typesupport_introspection_c.so
[1.656s] -- Up-to-date: /home/abyan/Documents/FOR_ALTAIR/ALTAIR-vision/install/ball_detect/lib/python3.12/site-packages/ball_detect/ball_detect_s__rosidl_typesupport_c.so
[1.656s] -- Up-to-date: /home/abyan/Documents/FOR_ALTAIR/ALTAIR-vision/install/ball_detect/lib/libball_detect__rosidl_generator_py.so
[1.657s] -- Up-to-date: /home/abyan/Documents/FOR_ALTAIR/ALTAIR-vision/install/ball_detect/share/ball_detect/msg/BallInfo.idl
[1.658s] -- Up-to-date: /home/abyan/Documents/FOR_ALTAIR/ALTAIR-vision/install/ball_detect/share/ball_detect/msg/BallInfo.msg
[1.658s] -- Up-to-date: /home/abyan/Documents/FOR_ALTAIR/ALTAIR-vision/install/ball_detect/lib/ball_detect/ball_det
[1.658s] -- Up-to-date: /home/abyan/Documents/FOR_ALTAIR/ALTAIR-vision/install/ball_detect/share/ball_detect//launch
[1.659s] -- Installing: /home/abyan/Documents/FOR_ALTAIR/ALTAIR-vision/install/ball_detect/share/ball_detect//launch/ball_detect.launch.py
[1.660s] -- Up-to-date: /home/abyan/Documents/FOR_ALTAIR/ALTAIR-vision/install/ball_detect/share/ament_index/resource_index/package_run_dependencies/ball_detect
[1.661s] -- Up-to-date: /home/abyan/Documents/FOR_ALTAIR/ALTAIR-vision/install/ball_detect/share/ament_index/resource_index/parent_prefix_path/ball_detect
[1.663s] -- Up-to-date: /home/abyan/Documents/FOR_ALTAIR/ALTAIR-vision/install/ball_detect/share/ball_detect/environment/ament_prefix_path.sh
[1.663s] -- Up-to-date: /home/abyan/Documents/FOR_ALTAIR/ALTAIR-vision/install/ball_detect/share/ball_detect/environment/ament_prefix_path.dsv
[1.663s] -- Up-to-date: /home/abyan/Documents/FOR_ALTAIR/ALTAIR-vision/install/ball_detect/share/ball_detect/environment/path.sh
[1.664s] -- Up-to-date: /home/abyan/Documents/FOR_ALTAIR/ALTAIR-vision/install/ball_detect/share/ball_detect/environment/path.dsv
[1.664s] -- Up-to-date: /home/abyan/Documents/FOR_ALTAIR/ALTAIR-vision/install/ball_detect/share/ball_detect/local_setup.bash
[1.665s] -- Up-to-date: /home/abyan/Documents/FOR_ALTAIR/ALTAIR-vision/install/ball_detect/share/ball_detect/local_setup.sh
[1.665s] -- Up-to-date: /home/abyan/Documents/FOR_ALTAIR/ALTAIR-vision/install/ball_detect/share/ball_detect/local_setup.zsh
[1.666s] -- Up-to-date: /home/abyan/Documents/FOR_ALTAIR/ALTAIR-vision/install/ball_detect/share/ball_detect/local_setup.dsv
[1.666s] -- Installing: /home/abyan/Documents/FOR_ALTAIR/ALTAIR-vision/install/ball_detect/share/ball_detect/package.dsv
[1.666s] -- Up-to-date: /home/abyan/Documents/FOR_ALTAIR/ALTAIR-vision/install/ball_detect/share/ament_index/resource_index/packages/ball_detect
[1.667s] -- Up-to-date: /home/abyan/Documents/FOR_ALTAIR/ALTAIR-vision/install/ball_detect/share/ball_detect/cmake/export_ball_detect__rosidl_generator_cExport.cmake
[1.667s] -- Up-to-date: /home/abyan/Documents/FOR_ALTAIR/ALTAIR-vision/install/ball_detect/share/ball_detect/cmake/export_ball_detect__rosidl_generator_cExport-noconfig.cmake
[1.667s] -- Up-to-date: /home/abyan/Documents/FOR_ALTAIR/ALTAIR-vision/install/ball_detect/share/ball_detect/cmake/export_ball_detect__rosidl_typesupport_fastrtps_cExport.cmake
[1.668s] -- Up-to-date: /home/abyan/Documents/FOR_ALTAIR/ALTAIR-vision/install/ball_detect/share/ball_detect/cmake/export_ball_detect__rosidl_typesupport_fastrtps_cExport-noconfig.cmake
[1.668s] -- Up-to-date: /home/abyan/Documents/FOR_ALTAIR/ALTAIR-vision/install/ball_detect/share/ball_detect/cmake/export_ball_detect__rosidl_generator_cppExport.cmake
[1.670s] -- Up-to-date: /home/abyan/Documents/FOR_ALTAIR/ALTAIR-vision/install/ball_detect/share/ball_detect/cmake/export_ball_detect__rosidl_typesupport_fastrtps_cppExport.cmake
[1.671s] -- Up-to-date: /home/abyan/Documents/FOR_ALTAIR/ALTAIR-vision/install/ball_detect/share/ball_detect/cmake/export_ball_detect__rosidl_typesupport_fastrtps_cppExport-noconfig.cmake
[1.671s] -- Up-to-date: /home/abyan/Documents/FOR_ALTAIR/ALTAIR-vision/install/ball_detect/share/ball_detect/cmake/ball_detect__rosidl_typesupport_introspection_cExport.cmake
[1.672s] -- Up-to-date: /home/abyan/Documents/FOR_ALTAIR/ALTAIR-vision/install/ball_detect/share/ball_detect/cmake/ball_detect__rosidl_typesupport_introspection_cExport-noconfig.cmake
[1.673s] -- Up-to-date: /home/abyan/Documents/FOR_ALTAIR/ALTAIR-vision/install/ball_detect/share/ball_detect/cmake/ball_detect__rosidl_typesupport_cExport.cmake
[1.673s] -- Up-to-date: /home/abyan/Documents/FOR_ALTAIR/ALTAIR-vision/install/ball_detect/share/ball_detect/cmake/ball_detect__rosidl_typesupport_cExport-noconfig.cmake
[1.673s] -- Up-to-date: /home/abyan/Documents/FOR_ALTAIR/ALTAIR-vision/install/ball_detect/share/ball_detect/cmake/ball_detect__rosidl_typesupport_introspection_cppExport.cmake
[1.674s] -- Up-to-date: /home/abyan/Documents/FOR_ALTAIR/ALTAIR-vision/install/ball_detect/share/ball_detect/cmake/ball_detect__rosidl_typesupport_introspection_cppExport-noconfig.cmake
[1.674s] -- Up-to-date: /home/abyan/Documents/FOR_ALTAIR/ALTAIR-vision/install/ball_detect/share/ball_detect/cmake/ball_detect__rosidl_typesupport_cppExport.cmake
[1.674s] -- Up-to-date: /home/abyan/Documents/FOR_ALTAIR/ALTAIR-vision/install/ball_detect/share/ball_detect/cmake/ball_detect__rosidl_typesupport_cppExport-noconfig.cmake
[1.674s] -- Up-to-date: /home/abyan/Documents/FOR_ALTAIR/ALTAIR-vision/install/ball_detect/share/ball_detect/cmake/export_ball_detect__rosidl_generator_pyExport.cmake
[1.676s] -- Up-to-date: /home/abyan/Documents/FOR_ALTAIR/ALTAIR-vision/install/ball_detect/share/ball_detect/cmake/export_ball_detect__rosidl_generator_pyExport-noconfig.cmake
[1.676s] -- Up-to-date: /home/abyan/Documents/FOR_ALTAIR/ALTAIR-vision/install/ball_detect/share/ball_detect/cmake/rosidl_cmake-extras.cmake
[1.676s] -- Up-to-date: /home/abyan/Documents/FOR_ALTAIR/ALTAIR-vision/install/ball_detect/share/ball_detect/cmake/ament_cmake_export_dependencies-extras.cmake
[1.677s] -- Up-to-date: /home/abyan/Documents/FOR_ALTAIR/ALTAIR-vision/install/ball_detect/share/ball_detect/cmake/ament_cmake_export_include_directories-extras.cmake
[1.677s] -- Up-to-date: /home/abyan/Documents/FOR_ALTAIR/ALTAIR-vision/install/ball_detect/share/ball_detect/cmake/ament_cmake_export_libraries-extras.cmake
[1.678s] -- Up-to-date: /home/abyan/Documents/FOR_ALTAIR/ALTAIR-vision/install/ball_detect/share/ball_detect/cmake/ament_cmake_export_targets-extras.cmake
[1.678s] -- Up-to-date: /home/abyan/Documents/FOR_ALTAIR/ALTAIR-vision/install/ball_detect/share/ball_detect/cmake/rosidl_cmake_export_typesupport_targets-extras.cmake
[1.678s] -- Up-to-date: /home/abyan/Documents/FOR_ALTAIR/ALTAIR-vision/install/ball_detect/share/ball_detect/cmake/rosidl_cmake_export_typesupport_libraries-extras.cmake
[1.678s] -- Up-to-date: /home/abyan/Documents/FOR_ALTAIR/ALTAIR-vision/install/ball_detect/share/ball_detect/cmake/ball_detectConfig.cmake
[1.679s] -- Up-to-date: /home/abyan/Documents/FOR_ALTAIR/ALTAIR-vision/install/ball_detect/share/ball_detect/cmake/ball_detectConfig-version.cmake
[1.679s] -- Up-to-date: /home/abyan/Documents/FOR_ALTAIR/ALTAIR-vision/install/ball_detect/share/ball_detect/package.xml
[1.712s] Invoked command in '/home/abyan/Documents/FOR_ALTAIR/ALTAIR-vision/build/ball_detect' returned '0': CMAKE_PREFIX_PATH=${CMAKE_PREFIX_PATH}:/home/abyan/Documents/FOR_ALTAIR/ALTAIR-vision/install/video_subscriber:/home/abyan/Documents/FOR_ALTAIR/ALTAIR-vision/install/soccer_field_map_generator:/home/abyan/Documents/FOR_ALTAIR/ALTAIR-vision/install/camera_calibration:/home/abyan/Documents/FOR_ALTAIR/ALTAIR-vision/install/ball_detector:/opt/ros/jazzy DEBUGINFOD_URLS=https://debuginfod.ubuntu.com /usr/bin/cmake --install /home/abyan/Documents/FOR_ALTAIR/ALTAIR-vision/build/ball_detect
