[0.015s] Invoking command in '/home/altair/Documents/ALTAIR-vision/build/ball_detector': CMAKE_PREFIX_PATH=${CMAKE_PREFIX_PATH}:/opt/ros/jazzy DEBUGINFOD_URLS=https://debuginfod.ubuntu.com /usr/bin/cmake /home/altair/Documents/ALTAIR-vision/src/ball_detector -DCMAKE_INSTALL_PREFIX=/home/altair/Documents/ALTAIR-vision/install/ball_detector
[0.035s] -- Found ament_cmake: 2.5.2 (/opt/ros/jazzy/share/ament_cmake/cmake)
[0.074s] -- Found Python3: /usr/bin/python3 (found version "3.12.3") found components: Interpreter 
[0.177s] -- Found rclpy: 7.1.2 (/opt/ros/jazzy/share/rclpy/cmake)
[0.178s] -- Found rosidl_default_generators: 1.6.0 (/opt/ros/jazzy/share/rosidl_default_generators/cmake)
[0.180s] -- Using all available rosidl_typesupport_c: rosidl_typesupport_fastrtps_c;rosidl_typesupport_introspection_c
[0.230s] -- Using all available rosidl_typesupport_cpp: rosidl_typesupport_fastrtps_cpp;rosidl_typesupport_introspection_cpp
[0.264s] -- Found rosidl_adapter: 4.6.4 (/opt/ros/jazzy/share/rosidl_adapter/cmake)
[0.266s] -- Found std_msgs: 5.3.5 (/opt/ros/jazzy/share/std_msgs/cmake)
[0.656s] -- Found ament_cmake_ros: 0.12.0 (/opt/ros/jazzy/share/ament_cmake_ros/cmake)
[0.854s] -- Using all available rosidl_typesupport_c: rosidl_typesupport_fastrtps_c;rosidl_typesupport_introspection_c
[1.108s] -- Using all available rosidl_typesupport_cpp: rosidl_typesupport_fastrtps_cpp;rosidl_typesupport_introspection_cpp
[1.110s] -- Found python_cmake_module: 0.11.1 (/opt/ros/jazzy/share/python_cmake_module/cmake)
[1.465s] -- Found Python3: /usr/bin/python3 (found version "3.12.3") found components: Interpreter Development NumPy Development.Module Development.Embed 
[1.490s] -- Found ament_lint_auto: 0.17.1 (/opt/ros/jazzy/share/ament_lint_auto/cmake)
[1.500s] -- Added test 'flake8' to check Python code syntax and style conventions
[1.500s] -- Configured 'flake8' exclude dirs and/or files: 
[1.500s] -- Added test 'lint_cmake' to check CMake code style
[1.501s] -- Added test 'pep257' to check Python code against some of the docstring style conventions in PEP 257
[1.502s] -- Added test 'xmllint' to check XML markup files
[1.504s] -- Configuring done (1.5s)
[1.540s] -- Generating done (0.0s)
[1.543s] -- Build files have been written to: /home/altair/Documents/ALTAIR-vision/build/ball_detector
[1.551s] Invoked command in '/home/altair/Documents/ALTAIR-vision/build/ball_detector' returned '0': CMAKE_PREFIX_PATH=${CMAKE_PREFIX_PATH}:/opt/ros/jazzy DEBUGINFOD_URLS=https://debuginfod.ubuntu.com /usr/bin/cmake /home/altair/Documents/ALTAIR-vision/src/ball_detector -DCMAKE_INSTALL_PREFIX=/home/altair/Documents/ALTAIR-vision/install/ball_detector
[1.551s] Invoking command in '/home/altair/Documents/ALTAIR-vision/build/ball_detector': CMAKE_PREFIX_PATH=${CMAKE_PREFIX_PATH}:/opt/ros/jazzy DEBUGINFOD_URLS=https://debuginfod.ubuntu.com /usr/bin/cmake --build /home/altair/Documents/ALTAIR-vision/build/ball_detector -- -j16 -l16
[1.627s] [  2%] [34m[1mGenerating type hashes for ROS interfaces[0m
[1.641s] [  2%] Built target ament_cmake_python_copy_ball_detector
[1.888s] [  2%] Built target ball_detector__rosidl_generator_type_description
[1.902s] [  5%] [34m[1mGenerating C code for ROS interfaces[0m
[1.903s] running egg_info
[1.904s] creating ball_detector.egg-info
[1.916s] [  8%] [34m[1mGenerating C++ code for ROS interfaces[0m
[1.924s] writing ball_detector.egg-info/PKG-INFO
[1.924s] writing dependency_links to ball_detector.egg-info/dependency_links.txt
[1.924s] writing top-level names to ball_detector.egg-info/top_level.txt
[1.925s] writing manifest file 'ball_detector.egg-info/SOURCES.txt'
[1.983s] reading manifest file 'ball_detector.egg-info/SOURCES.txt'
[1.983s] writing manifest file 'ball_detector.egg-info/SOURCES.txt'
[2.017s] [  8%] Built target ament_cmake_python_build_ball_detector_egg
[2.171s] [  8%] Built target ball_detector__cpp
[2.202s] [ 11%] [32mBuilding C object CMakeFiles/ball_detector__rosidl_generator_c.dir/rosidl_generator_c/ball_detector/msg/detail/ball_distance__type_support.c.o[0m
[2.204s] [ 14%] [32mBuilding C object CMakeFiles/ball_detector__rosidl_generator_c.dir/rosidl_generator_c/ball_detector/msg/detail/ball_distance__description.c.o[0m
[2.207s] [ 17%] [32mBuilding C object CMakeFiles/ball_detector__rosidl_generator_c.dir/rosidl_generator_c/ball_detector/msg/detail/ball_distance__functions.c.o[0m
[2.297s] [ 20%] [32m[1mLinking C shared library libball_detector__rosidl_generator_c.so[0m
[2.362s] [ 20%] Built target ball_detector__rosidl_generator_c
[2.380s] [ 26%] [34m[1mGenerating C++ type support for eProsima Fast-RTPS[0m
[2.380s] [ 26%] [34m[1mGenerating C++ introspection for ROS interfaces[0m
[2.381s] [ 29%] [34m[1mGenerating C introspection for ROS interfaces[0m
[2.381s] [ 32%] [34m[1mGenerating C type support for eProsima Fast-RTPS[0m
[2.384s] [ 35%] [34m[1mGenerating C++ type support dispatch for ROS interfaces[0m
[2.385s] [ 38%] [34m[1mGenerating C type support dispatch for ROS interfaces[0m
[2.680s] [ 44%] [32mBuilding CXX object CMakeFiles/ball_detector__rosidl_typesupport_cpp.dir/rosidl_typesupport_cpp/ball_detector/msg/ball_distance__type_support.cpp.o[0m
[2.681s] [ 44%] [32mBuilding CXX object CMakeFiles/ball_detector__rosidl_typesupport_c.dir/rosidl_typesupport_c/ball_detector/msg/ball_distance__type_support.cpp.o[0m
[2.695s] [ 47%] [32mBuilding CXX object CMakeFiles/ball_detector__rosidl_typesupport_introspection_cpp.dir/rosidl_typesupport_introspection_cpp/ball_detector/msg/detail/ball_distance__type_support.cpp.o[0m
[2.698s] [ 50%] [32mBuilding C object CMakeFiles/ball_detector__rosidl_typesupport_introspection_c.dir/rosidl_typesupport_introspection_c/ball_detector/msg/detail/ball_distance__type_support.c.o[0m
[2.717s] [ 52%] [32mBuilding CXX object CMakeFiles/ball_detector__rosidl_typesupport_fastrtps_cpp.dir/rosidl_typesupport_fastrtps_cpp/ball_detector/msg/detail/dds_fastrtps/ball_distance__type_support.cpp.o[0m
[2.722s] [ 55%] [32mBuilding CXX object CMakeFiles/ball_detector__rosidl_typesupport_fastrtps_c.dir/rosidl_typesupport_fastrtps_c/ball_detector/msg/detail/ball_distance__type_support_c.cpp.o[0m
[2.739s] [ 58%] [32m[1mLinking CXX shared library libball_detector__rosidl_typesupport_c.so[0m
[2.744s] [ 61%] [32m[1mLinking C shared library libball_detector__rosidl_typesupport_introspection_c.so[0m
[2.782s] [ 61%] Built target ball_detector__rosidl_typesupport_introspection_c
[2.788s] [ 61%] Built target ball_detector__rosidl_typesupport_c
[3.057s] [ 64%] [32m[1mLinking CXX shared library libball_detector__rosidl_typesupport_cpp.so[0m
[3.071s] [ 67%] [32m[1mLinking CXX shared library libball_detector__rosidl_typesupport_introspection_cpp.so[0m
[3.105s] [ 67%] Built target ball_detector__rosidl_typesupport_cpp
[3.120s] [ 67%] Built target ball_detector__rosidl_typesupport_introspection_cpp
[3.255s] [ 70%] [32m[1mLinking CXX shared library libball_detector__rosidl_typesupport_fastrtps_c.so[0m
[3.274s] [ 73%] [32m[1mLinking CXX shared library libball_detector__rosidl_typesupport_fastrtps_cpp.so[0m
[3.322s] [ 73%] Built target ball_detector__rosidl_typesupport_fastrtps_c
[3.349s] [ 73%] Built target ball_detector__rosidl_typesupport_fastrtps_cpp
[3.381s] [ 73%] Built target ball_detector
[3.413s] [ 76%] [34m[1mGenerating Python code for ROS interfaces[0m
[3.720s] [ 76%] Built target ball_detector__py
[3.751s] [ 79%] [32mBuilding C object CMakeFiles/ball_detector__rosidl_generator_py.dir/rosidl_generator_py/ball_detector/msg/_ball_distance_s.c.o[0m
[3.991s] [ 82%] [32m[1mLinking C shared library libball_detector__rosidl_generator_py.so[0m
[4.059s] [ 82%] Built target ball_detector__rosidl_generator_py
[4.094s] [ 85%] [32mBuilding C object CMakeFiles/ball_detector_s__rosidl_typesupport_introspection_c.dir/rosidl_generator_py/ball_detector/_ball_detector_s.ep.rosidl_typesupport_introspection_c.c.o[0m
[4.096s] [ 88%] [32mBuilding C object CMakeFiles/ball_detector_s__rosidl_typesupport_fastrtps_c.dir/rosidl_generator_py/ball_detector/_ball_detector_s.ep.rosidl_typesupport_fastrtps_c.c.o[0m
[4.097s] [ 91%] [32mBuilding C object CMakeFiles/ball_detector_s__rosidl_typesupport_c.dir/rosidl_generator_py/ball_detector/_ball_detector_s.ep.rosidl_typesupport_c.c.o[0m
[4.230s] [ 94%] [32m[1mLinking C shared module rosidl_generator_py/ball_detector/ball_detector_s__rosidl_typesupport_c.so[0m
[4.231s] [ 97%] [32m[1mLinking C shared module rosidl_generator_py/ball_detector/ball_detector_s__rosidl_typesupport_fastrtps_c.so[0m
[4.232s] [100%] [32m[1mLinking C shared module rosidl_generator_py/ball_detector/ball_detector_s__rosidl_typesupport_introspection_c.so[0m
[4.266s] [100%] Built target ball_detector_s__rosidl_typesupport_c
[4.267s] [100%] Built target ball_detector_s__rosidl_typesupport_introspection_c
[4.267s] [100%] Built target ball_detector_s__rosidl_typesupport_fastrtps_c
[4.279s] Invoked command in '/home/altair/Documents/ALTAIR-vision/build/ball_detector' returned '0': CMAKE_PREFIX_PATH=${CMAKE_PREFIX_PATH}:/opt/ros/jazzy DEBUGINFOD_URLS=https://debuginfod.ubuntu.com /usr/bin/cmake --build /home/altair/Documents/ALTAIR-vision/build/ball_detector -- -j16 -l16
[4.405s] Invoking command in '/home/altair/Documents/ALTAIR-vision/build/ball_detector': CMAKE_PREFIX_PATH=${CMAKE_PREFIX_PATH}:/opt/ros/jazzy DEBUGINFOD_URLS=https://debuginfod.ubuntu.com /usr/bin/cmake --install /home/altair/Documents/ALTAIR-vision/build/ball_detector
[4.415s] -- Install configuration: ""
[4.415s] -- Installing: /home/altair/Documents/ALTAIR-vision/install/ball_detector/share/ament_index/resource_index/rosidl_interfaces/ball_detector
[4.415s] -- Installing: /home/altair/Documents/ALTAIR-vision/install/ball_detector/share/ball_detector/msg/BallDistance.json
[4.415s] -- Installing: /home/altair/Documents/ALTAIR-vision/install/ball_detector/include/ball_detector/ball_detector
[4.416s] -- Installing: /home/altair/Documents/ALTAIR-vision/install/ball_detector/include/ball_detector/ball_detector/msg
[4.416s] -- Installing: /home/altair/Documents/ALTAIR-vision/install/ball_detector/include/ball_detector/ball_detector/msg/detail
[4.416s] -- Installing: /home/altair/Documents/ALTAIR-vision/install/ball_detector/include/ball_detector/ball_detector/msg/detail/ball_distance__description.c
[4.416s] -- Installing: /home/altair/Documents/ALTAIR-vision/install/ball_detector/include/ball_detector/ball_detector/msg/detail/ball_distance__type_support.h
[4.416s] -- Installing: /home/altair/Documents/ALTAIR-vision/install/ball_detector/include/ball_detector/ball_detector/msg/detail/ball_distance__functions.c
[4.416s] -- Installing: /home/altair/Documents/ALTAIR-vision/install/ball_detector/include/ball_detector/ball_detector/msg/detail/ball_distance__type_support.c
[4.416s] -- Installing: /home/altair/Documents/ALTAIR-vision/install/ball_detector/include/ball_detector/ball_detector/msg/detail/ball_distance__struct.h
[4.416s] -- Installing: /home/altair/Documents/ALTAIR-vision/install/ball_detector/include/ball_detector/ball_detector/msg/detail/ball_distance__functions.h
[4.416s] -- Installing: /home/altair/Documents/ALTAIR-vision/install/ball_detector/include/ball_detector/ball_detector/msg/rosidl_generator_c__visibility_control.h
[4.416s] -- Installing: /home/altair/Documents/ALTAIR-vision/install/ball_detector/include/ball_detector/ball_detector/msg/ball_distance.h
[4.417s] -- Installing: /home/altair/Documents/ALTAIR-vision/install/ball_detector/share/ball_detector/environment/library_path.sh
[4.417s] -- Installing: /home/altair/Documents/ALTAIR-vision/install/ball_detector/share/ball_detector/environment/library_path.dsv
[4.417s] -- Installing: /home/altair/Documents/ALTAIR-vision/install/ball_detector/lib/libball_detector__rosidl_generator_c.so
[4.417s] -- Set non-toolchain portion of runtime path of "/home/altair/Documents/ALTAIR-vision/install/ball_detector/lib/libball_detector__rosidl_generator_c.so" to ""
[4.417s] -- Up-to-date: /home/altair/Documents/ALTAIR-vision/install/ball_detector/include/ball_detector/ball_detector
[4.418s] -- Up-to-date: /home/altair/Documents/ALTAIR-vision/install/ball_detector/include/ball_detector/ball_detector/msg
[4.418s] -- Up-to-date: /home/altair/Documents/ALTAIR-vision/install/ball_detector/include/ball_detector/ball_detector/msg/detail
[4.418s] -- Installing: /home/altair/Documents/ALTAIR-vision/install/ball_detector/include/ball_detector/ball_detector/msg/detail/ball_distance__rosidl_typesupport_fastrtps_c.h
[4.418s] -- Installing: /home/altair/Documents/ALTAIR-vision/install/ball_detector/include/ball_detector/ball_detector/msg/rosidl_typesupport_fastrtps_c__visibility_control.h
[4.419s] -- Installing: /home/altair/Documents/ALTAIR-vision/install/ball_detector/lib/libball_detector__rosidl_typesupport_fastrtps_c.so
[4.419s] -- Set non-toolchain portion of runtime path of "/home/altair/Documents/ALTAIR-vision/install/ball_detector/lib/libball_detector__rosidl_typesupport_fastrtps_c.so" to ""
[4.419s] -- Up-to-date: /home/altair/Documents/ALTAIR-vision/install/ball_detector/include/ball_detector/ball_detector
[4.419s] -- Up-to-date: /home/altair/Documents/ALTAIR-vision/install/ball_detector/include/ball_detector/ball_detector/msg
[4.419s] -- Up-to-date: /home/altair/Documents/ALTAIR-vision/install/ball_detector/include/ball_detector/ball_detector/msg/detail
[4.420s] -- Installing: /home/altair/Documents/ALTAIR-vision/install/ball_detector/include/ball_detector/ball_detector/msg/detail/ball_distance__rosidl_typesupport_introspection_c.h
[4.420s] -- Up-to-date: /home/altair/Documents/ALTAIR-vision/install/ball_detector/include/ball_detector/ball_detector/msg/detail/ball_distance__type_support.c
[4.420s] -- Installing: /home/altair/Documents/ALTAIR-vision/install/ball_detector/include/ball_detector/ball_detector/msg/rosidl_typesupport_introspection_c__visibility_control.h
[4.420s] -- Installing: /home/altair/Documents/ALTAIR-vision/install/ball_detector/lib/libball_detector__rosidl_typesupport_introspection_c.so
[4.420s] -- Set non-toolchain portion of runtime path of "/home/altair/Documents/ALTAIR-vision/install/ball_detector/lib/libball_detector__rosidl_typesupport_introspection_c.so" to ""
[4.420s] -- Installing: /home/altair/Documents/ALTAIR-vision/install/ball_detector/lib/libball_detector__rosidl_typesupport_c.so
[4.420s] -- Set non-toolchain portion of runtime path of "/home/altair/Documents/ALTAIR-vision/install/ball_detector/lib/libball_detector__rosidl_typesupport_c.so" to ""
[4.420s] -- Up-to-date: /home/altair/Documents/ALTAIR-vision/install/ball_detector/include/ball_detector/ball_detector
[4.420s] -- Up-to-date: /home/altair/Documents/ALTAIR-vision/install/ball_detector/include/ball_detector/ball_detector/msg
[4.420s] -- Up-to-date: /home/altair/Documents/ALTAIR-vision/install/ball_detector/include/ball_detector/ball_detector/msg/detail
[4.421s] -- Installing: /home/altair/Documents/ALTAIR-vision/install/ball_detector/include/ball_detector/ball_detector/msg/detail/ball_distance__traits.hpp
[4.421s] -- Installing: /home/altair/Documents/ALTAIR-vision/install/ball_detector/include/ball_detector/ball_detector/msg/detail/ball_distance__type_support.hpp
[4.421s] -- Installing: /home/altair/Documents/ALTAIR-vision/install/ball_detector/include/ball_detector/ball_detector/msg/detail/ball_distance__builder.hpp
[4.421s] -- Installing: /home/altair/Documents/ALTAIR-vision/install/ball_detector/include/ball_detector/ball_detector/msg/detail/ball_distance__struct.hpp
[4.421s] -- Installing: /home/altair/Documents/ALTAIR-vision/install/ball_detector/include/ball_detector/ball_detector/msg/ball_distance.hpp
[4.421s] -- Installing: /home/altair/Documents/ALTAIR-vision/install/ball_detector/include/ball_detector/ball_detector/msg/rosidl_generator_cpp__visibility_control.hpp
[4.421s] -- Up-to-date: /home/altair/Documents/ALTAIR-vision/install/ball_detector/include/ball_detector/ball_detector
[4.421s] -- Up-to-date: /home/altair/Documents/ALTAIR-vision/install/ball_detector/include/ball_detector/ball_detector/msg
[4.421s] -- Up-to-date: /home/altair/Documents/ALTAIR-vision/install/ball_detector/include/ball_detector/ball_detector/msg/detail
[4.421s] -- Installing: /home/altair/Documents/ALTAIR-vision/install/ball_detector/include/ball_detector/ball_detector/msg/detail/ball_distance__rosidl_typesupport_fastrtps_cpp.hpp
[4.422s] -- Installing: /home/altair/Documents/ALTAIR-vision/install/ball_detector/include/ball_detector/ball_detector/msg/detail/dds_fastrtps
[4.422s] -- Installing: /home/altair/Documents/ALTAIR-vision/install/ball_detector/include/ball_detector/ball_detector/msg/rosidl_typesupport_fastrtps_cpp__visibility_control.h
[4.422s] -- Installing: /home/altair/Documents/ALTAIR-vision/install/ball_detector/lib/libball_detector__rosidl_typesupport_fastrtps_cpp.so
[4.422s] -- Set non-toolchain portion of runtime path of "/home/altair/Documents/ALTAIR-vision/install/ball_detector/lib/libball_detector__rosidl_typesupport_fastrtps_cpp.so" to ""
[4.422s] -- Up-to-date: /home/altair/Documents/ALTAIR-vision/install/ball_detector/include/ball_detector/ball_detector
[4.422s] -- Up-to-date: /home/altair/Documents/ALTAIR-vision/install/ball_detector/include/ball_detector/ball_detector/msg
[4.423s] -- Up-to-date: /home/altair/Documents/ALTAIR-vision/install/ball_detector/include/ball_detector/ball_detector/msg/detail
[4.423s] -- Installing: /home/altair/Documents/ALTAIR-vision/install/ball_detector/include/ball_detector/ball_detector/msg/detail/ball_distance__type_support.cpp
[4.423s] -- Installing: /home/altair/Documents/ALTAIR-vision/install/ball_detector/include/ball_detector/ball_detector/msg/detail/ball_distance__rosidl_typesupport_introspection_cpp.hpp
[4.423s] -- Installing: /home/altair/Documents/ALTAIR-vision/install/ball_detector/lib/libball_detector__rosidl_typesupport_introspection_cpp.so
[4.423s] -- Set non-toolchain portion of runtime path of "/home/altair/Documents/ALTAIR-vision/install/ball_detector/lib/libball_detector__rosidl_typesupport_introspection_cpp.so" to ""
[4.423s] -- Installing: /home/altair/Documents/ALTAIR-vision/install/ball_detector/lib/libball_detector__rosidl_typesupport_cpp.so
[4.423s] -- Set non-toolchain portion of runtime path of "/home/altair/Documents/ALTAIR-vision/install/ball_detector/lib/libball_detector__rosidl_typesupport_cpp.so" to ""
[4.423s] -- Installing: /home/altair/Documents/ALTAIR-vision/install/ball_detector/share/ball_detector/environment/pythonpath.sh
[4.424s] -- Installing: /home/altair/Documents/ALTAIR-vision/install/ball_detector/share/ball_detector/environment/pythonpath.dsv
[4.424s] -- Installing: /home/altair/Documents/ALTAIR-vision/install/ball_detector/lib/python3.12/site-packages/ball_detector-0.0.0-py3.12.egg-info
[4.424s] -- Installing: /home/altair/Documents/ALTAIR-vision/install/ball_detector/lib/python3.12/site-packages/ball_detector-0.0.0-py3.12.egg-info/SOURCES.txt
[4.424s] -- Installing: /home/altair/Documents/ALTAIR-vision/install/ball_detector/lib/python3.12/site-packages/ball_detector-0.0.0-py3.12.egg-info/PKG-INFO
[4.424s] -- Installing: /home/altair/Documents/ALTAIR-vision/install/ball_detector/lib/python3.12/site-packages/ball_detector-0.0.0-py3.12.egg-info/top_level.txt
[4.424s] -- Installing: /home/altair/Documents/ALTAIR-vision/install/ball_detector/lib/python3.12/site-packages/ball_detector-0.0.0-py3.12.egg-info/dependency_links.txt
[4.424s] -- Installing: /home/altair/Documents/ALTAIR-vision/install/ball_detector/lib/python3.12/site-packages/ball_detector
[4.425s] -- Installing: /home/altair/Documents/ALTAIR-vision/install/ball_detector/lib/python3.12/site-packages/ball_detector/ball_detector_s__rosidl_typesupport_introspection_c.so
[4.425s] -- Installing: /home/altair/Documents/ALTAIR-vision/install/ball_detector/lib/python3.12/site-packages/ball_detector/_ball_detector_s.ep.rosidl_typesupport_fastrtps_c.c
[4.425s] -- Installing: /home/altair/Documents/ALTAIR-vision/install/ball_detector/lib/python3.12/site-packages/ball_detector/ball_detector_s__rosidl_typesupport_fastrtps_c.so
[4.425s] -- Installing: /home/altair/Documents/ALTAIR-vision/install/ball_detector/lib/python3.12/site-packages/ball_detector/_ball_detector_s.ep.rosidl_typesupport_introspection_c.c
[4.425s] -- Installing: /home/altair/Documents/ALTAIR-vision/install/ball_detector/lib/python3.12/site-packages/ball_detector/ball_detector_s__rosidl_typesupport_c.so
[4.426s] -- Installing: /home/altair/Documents/ALTAIR-vision/install/ball_detector/lib/python3.12/site-packages/ball_detector/msg
[4.426s] -- Installing: /home/altair/Documents/ALTAIR-vision/install/ball_detector/lib/python3.12/site-packages/ball_detector/msg/_ball_distance.py
[4.426s] -- Installing: /home/altair/Documents/ALTAIR-vision/install/ball_detector/lib/python3.12/site-packages/ball_detector/msg/_ball_distance_s.c
[4.426s] -- Installing: /home/altair/Documents/ALTAIR-vision/install/ball_detector/lib/python3.12/site-packages/ball_detector/msg/__init__.py
[4.426s] -- Installing: /home/altair/Documents/ALTAIR-vision/install/ball_detector/lib/python3.12/site-packages/ball_detector/_ball_detector_s.ep.rosidl_typesupport_c.c
[4.426s] -- Installing: /home/altair/Documents/ALTAIR-vision/install/ball_detector/lib/python3.12/site-packages/ball_detector/__init__.py
[4.503s] Listing '/home/altair/Documents/ALTAIR-vision/install/ball_detector/lib/python3.12/site-packages/ball_detector'...
[4.503s] Compiling '/home/altair/Documents/ALTAIR-vision/install/ball_detector/lib/python3.12/site-packages/ball_detector/__init__.py'...
[4.503s] Listing '/home/altair/Documents/ALTAIR-vision/install/ball_detector/lib/python3.12/site-packages/ball_detector/msg'...
[4.503s] Compiling '/home/altair/Documents/ALTAIR-vision/install/ball_detector/lib/python3.12/site-packages/ball_detector/msg/__init__.py'...
[4.503s] Compiling '/home/altair/Documents/ALTAIR-vision/install/ball_detector/lib/python3.12/site-packages/ball_detector/msg/_ball_distance.py'...
[4.511s] -- Installing: /home/altair/Documents/ALTAIR-vision/install/ball_detector/lib/python3.12/site-packages/ball_detector/ball_detector_s__rosidl_typesupport_fastrtps_c.so
[4.511s] -- Set non-toolchain portion of runtime path of "/home/altair/Documents/ALTAIR-vision/install/ball_detector/lib/python3.12/site-packages/ball_detector/ball_detector_s__rosidl_typesupport_fastrtps_c.so" to ""
[4.511s] -- Installing: /home/altair/Documents/ALTAIR-vision/install/ball_detector/lib/python3.12/site-packages/ball_detector/ball_detector_s__rosidl_typesupport_introspection_c.so
[4.512s] -- Set non-toolchain portion of runtime path of "/home/altair/Documents/ALTAIR-vision/install/ball_detector/lib/python3.12/site-packages/ball_detector/ball_detector_s__rosidl_typesupport_introspection_c.so" to ""
[4.512s] -- Installing: /home/altair/Documents/ALTAIR-vision/install/ball_detector/lib/python3.12/site-packages/ball_detector/ball_detector_s__rosidl_typesupport_c.so
[4.512s] -- Set non-toolchain portion of runtime path of "/home/altair/Documents/ALTAIR-vision/install/ball_detector/lib/python3.12/site-packages/ball_detector/ball_detector_s__rosidl_typesupport_c.so" to ""
[4.512s] -- Installing: /home/altair/Documents/ALTAIR-vision/install/ball_detector/lib/libball_detector__rosidl_generator_py.so
[4.512s] -- Set non-toolchain portion of runtime path of "/home/altair/Documents/ALTAIR-vision/install/ball_detector/lib/libball_detector__rosidl_generator_py.so" to ""
[4.512s] -- Installing: /home/altair/Documents/ALTAIR-vision/install/ball_detector/share/ball_detector/msg/BallDistance.idl
[4.512s] -- Installing: /home/altair/Documents/ALTAIR-vision/install/ball_detector/share/ball_detector/vision_msgs/BallDistance.msg
[4.513s] -- Installing: /home/altair/Documents/ALTAIR-vision/install/ball_detector/share/ament_index/resource_index/package_run_dependencies/ball_detector
[4.513s] -- Installing: /home/altair/Documents/ALTAIR-vision/install/ball_detector/share/ament_index/resource_index/parent_prefix_path/ball_detector
[4.513s] -- Installing: /home/altair/Documents/ALTAIR-vision/install/ball_detector/share/ball_detector/environment/ament_prefix_path.sh
[4.513s] -- Installing: /home/altair/Documents/ALTAIR-vision/install/ball_detector/share/ball_detector/environment/ament_prefix_path.dsv
[4.513s] -- Installing: /home/altair/Documents/ALTAIR-vision/install/ball_detector/share/ball_detector/environment/path.sh
[4.513s] -- Installing: /home/altair/Documents/ALTAIR-vision/install/ball_detector/share/ball_detector/environment/path.dsv
[4.513s] -- Installing: /home/altair/Documents/ALTAIR-vision/install/ball_detector/share/ball_detector/local_setup.bash
[4.513s] -- Installing: /home/altair/Documents/ALTAIR-vision/install/ball_detector/share/ball_detector/local_setup.sh
[4.513s] -- Installing: /home/altair/Documents/ALTAIR-vision/install/ball_detector/share/ball_detector/local_setup.zsh
[4.513s] -- Installing: /home/altair/Documents/ALTAIR-vision/install/ball_detector/share/ball_detector/local_setup.dsv
[4.513s] -- Installing: /home/altair/Documents/ALTAIR-vision/install/ball_detector/share/ball_detector/package.dsv
[4.514s] -- Installing: /home/altair/Documents/ALTAIR-vision/install/ball_detector/share/ament_index/resource_index/packages/ball_detector
[4.514s] -- Installing: /home/altair/Documents/ALTAIR-vision/install/ball_detector/share/ball_detector/cmake/export_ball_detector__rosidl_generator_cExport.cmake
[4.514s] -- Installing: /home/altair/Documents/ALTAIR-vision/install/ball_detector/share/ball_detector/cmake/export_ball_detector__rosidl_generator_cExport-noconfig.cmake
[4.514s] -- Installing: /home/altair/Documents/ALTAIR-vision/install/ball_detector/share/ball_detector/cmake/export_ball_detector__rosidl_typesupport_fastrtps_cExport.cmake
[4.514s] -- Installing: /home/altair/Documents/ALTAIR-vision/install/ball_detector/share/ball_detector/cmake/export_ball_detector__rosidl_typesupport_fastrtps_cExport-noconfig.cmake
[4.514s] -- Installing: /home/altair/Documents/ALTAIR-vision/install/ball_detector/share/ball_detector/cmake/ball_detector__rosidl_typesupport_introspection_cExport.cmake
[4.514s] -- Installing: /home/altair/Documents/ALTAIR-vision/install/ball_detector/share/ball_detector/cmake/ball_detector__rosidl_typesupport_introspection_cExport-noconfig.cmake
[4.514s] -- Installing: /home/altair/Documents/ALTAIR-vision/install/ball_detector/share/ball_detector/cmake/ball_detector__rosidl_typesupport_cExport.cmake
[4.515s] -- Installing: /home/altair/Documents/ALTAIR-vision/install/ball_detector/share/ball_detector/cmake/ball_detector__rosidl_typesupport_cExport-noconfig.cmake
[4.515s] -- Installing: /home/altair/Documents/ALTAIR-vision/install/ball_detector/share/ball_detector/cmake/export_ball_detector__rosidl_generator_cppExport.cmake
[4.515s] -- Installing: /home/altair/Documents/ALTAIR-vision/install/ball_detector/share/ball_detector/cmake/export_ball_detector__rosidl_typesupport_fastrtps_cppExport.cmake
[4.515s] -- Installing: /home/altair/Documents/ALTAIR-vision/install/ball_detector/share/ball_detector/cmake/export_ball_detector__rosidl_typesupport_fastrtps_cppExport-noconfig.cmake
[4.515s] -- Installing: /home/altair/Documents/ALTAIR-vision/install/ball_detector/share/ball_detector/cmake/ball_detector__rosidl_typesupport_introspection_cppExport.cmake
[4.515s] -- Installing: /home/altair/Documents/ALTAIR-vision/install/ball_detector/share/ball_detector/cmake/ball_detector__rosidl_typesupport_introspection_cppExport-noconfig.cmake
[4.515s] -- Installing: /home/altair/Documents/ALTAIR-vision/install/ball_detector/share/ball_detector/cmake/ball_detector__rosidl_typesupport_cppExport.cmake
[4.515s] -- Installing: /home/altair/Documents/ALTAIR-vision/install/ball_detector/share/ball_detector/cmake/ball_detector__rosidl_typesupport_cppExport-noconfig.cmake
[4.516s] -- Installing: /home/altair/Documents/ALTAIR-vision/install/ball_detector/share/ball_detector/cmake/export_ball_detector__rosidl_generator_pyExport.cmake
[4.516s] -- Installing: /home/altair/Documents/ALTAIR-vision/install/ball_detector/share/ball_detector/cmake/export_ball_detector__rosidl_generator_pyExport-noconfig.cmake
[4.516s] -- Installing: /home/altair/Documents/ALTAIR-vision/install/ball_detector/share/ball_detector/cmake/rosidl_cmake-extras.cmake
[4.516s] -- Installing: /home/altair/Documents/ALTAIR-vision/install/ball_detector/share/ball_detector/cmake/ament_cmake_export_dependencies-extras.cmake
[4.516s] -- Installing: /home/altair/Documents/ALTAIR-vision/install/ball_detector/share/ball_detector/cmake/ament_cmake_export_include_directories-extras.cmake
[4.516s] -- Installing: /home/altair/Documents/ALTAIR-vision/install/ball_detector/share/ball_detector/cmake/ament_cmake_export_libraries-extras.cmake
[4.516s] -- Installing: /home/altair/Documents/ALTAIR-vision/install/ball_detector/share/ball_detector/cmake/ament_cmake_export_targets-extras.cmake
[4.516s] -- Installing: /home/altair/Documents/ALTAIR-vision/install/ball_detector/share/ball_detector/cmake/rosidl_cmake_export_typesupport_targets-extras.cmake
[4.516s] -- Installing: /home/altair/Documents/ALTAIR-vision/install/ball_detector/share/ball_detector/cmake/rosidl_cmake_export_typesupport_libraries-extras.cmake
[4.517s] -- Installing: /home/altair/Documents/ALTAIR-vision/install/ball_detector/share/ball_detector/cmake/ball_detectorConfig.cmake
[4.517s] -- Installing: /home/altair/Documents/ALTAIR-vision/install/ball_detector/share/ball_detector/cmake/ball_detectorConfig-version.cmake
[4.517s] -- Installing: /home/altair/Documents/ALTAIR-vision/install/ball_detector/share/ball_detector/package.xml
[4.519s] Invoked command in '/home/altair/Documents/ALTAIR-vision/build/ball_detector' returned '0': CMAKE_PREFIX_PATH=${CMAKE_PREFIX_PATH}:/opt/ros/jazzy DEBUGINFOD_URLS=https://debuginfod.ubuntu.com /usr/bin/cmake --install /home/altair/Documents/ALTAIR-vision/build/ball_detector
