running egg_info
creating ../../build/ball_detector/ball_detector.egg-info
writing ../../build/ball_detector/ball_detector.egg-info/PKG-INFO
writing dependency_links to ../../build/ball_detector/ball_detector.egg-info/dependency_links.txt
writing entry points to ../../build/ball_detector/ball_detector.egg-info/entry_points.txt
writing requirements to ../../build/ball_detector/ball_detector.egg-info/requires.txt
writing top-level names to ../../build/ball_detector/ball_detector.egg-info/top_level.txt
writing manifest file '../../build/ball_detector/ball_detector.egg-info/SOURCES.txt'
reading manifest file '../../build/ball_detector/ball_detector.egg-info/SOURCES.txt'
writing manifest file '../../build/ball_detector/ball_detector.egg-info/SOURCES.txt'
running build
running build_py
creating /home/abyan/Documents/ALTAIR-vision/build/ball_detector/build
creating /home/abyan/Documents/ALTAIR-vision/build/ball_detector/build/lib
creating /home/abyan/Documents/ALTAIR-vision/build/ball_detector/build/lib/ball_detector
copying ball_detector/__init__.py -> /home/abyan/Documents/ALTAIR-vision/build/ball_detector/build/lib/ball_detector
copying ball_detector/ball_detector.py -> /home/abyan/Documents/ALTAIR-vision/build/ball_detector/build/lib/ball_detector
running install
running install_lib
creating /home/abyan/Documents/ALTAIR-vision/install/ball_detector/lib/python3.12/site-packages/ball_detector
copying /home/abyan/Documents/ALTAIR-vision/build/ball_detector/build/lib/ball_detector/__init__.py -> /home/abyan/Documents/ALTAIR-vision/install/ball_detector/lib/python3.12/site-packages/ball_detector
copying /home/abyan/Documents/ALTAIR-vision/build/ball_detector/build/lib/ball_detector/ball_detector.py -> /home/abyan/Documents/ALTAIR-vision/install/ball_detector/lib/python3.12/site-packages/ball_detector
byte-compiling /home/abyan/Documents/ALTAIR-vision/install/ball_detector/lib/python3.12/site-packages/ball_detector/__init__.py to __init__.cpython-312.pyc
byte-compiling /home/abyan/Documents/ALTAIR-vision/install/ball_detector/lib/python3.12/site-packages/ball_detector/ball_detector.py to ball_detector.cpython-312.pyc
running install_data
creating /home/abyan/Documents/ALTAIR-vision/install/ball_detector/share/ament_index
creating /home/abyan/Documents/ALTAIR-vision/install/ball_detector/share/ament_index/resource_index
creating /home/abyan/Documents/ALTAIR-vision/install/ball_detector/share/ament_index/resource_index/packages
copying resource/ball_detector -> /home/abyan/Documents/ALTAIR-vision/install/ball_detector/share/ament_index/resource_index/packages
copying package.xml -> /home/abyan/Documents/ALTAIR-vision/install/ball_detector/share/ball_detector
running install_egg_info
Copying ../../build/ball_detector/ball_detector.egg-info to /home/abyan/Documents/ALTAIR-vision/install/ball_detector/lib/python3.12/site-packages/ball_detector-0.0.0-py3.12.egg-info
running install_scripts
Installing ball_detector script to /home/abyan/Documents/ALTAIR-vision/install/ball_detector/lib/ball_detector
writing list of installed files to '/home/abyan/Documents/ALTAIR-vision/build/ball_detector/install.log'
