[1.209s] Invoking command in '/home/abyan/Documents/ALTAIR-vision/src/ball_detector': DEBUGINFOD_URLS=https://debuginfod.ubuntu.com PYTHONPATH=/home/abyan/Documents/ALTAIR-vision/build/ball_detector/prefix_override:/usr/lib/python3/dist-packages/colcon_core/task/python/colcon_distutils_commands:/home/abyan/Documents/ALTAIR-vision/install/ball_detector/lib/python3.12/site-packages:${PYTHONPATH} /usr/bin/python3 -W ignore:setup.py install is deprecated -W ignore:easy_install command is deprecated setup.py egg_info --egg-base ../../build/ball_detector build --build-base /home/abyan/Documents/ALTAIR-vision/build/ball_detector/build install --record /home/abyan/Documents/ALTAIR-vision/build/ball_detector/install.log --single-version-externally-managed install_data
[1.745s] running egg_info
[1.746s] creating ../../build/ball_detector/ball_detector.egg-info
[1.780s] writing ../../build/ball_detector/ball_detector.egg-info/PKG-INFO
[1.780s] writing dependency_links to ../../build/ball_detector/ball_detector.egg-info/dependency_links.txt
[1.781s] writing entry points to ../../build/ball_detector/ball_detector.egg-info/entry_points.txt
[1.781s] writing requirements to ../../build/ball_detector/ball_detector.egg-info/requires.txt
[1.781s] writing top-level names to ../../build/ball_detector/ball_detector.egg-info/top_level.txt
[1.782s] writing manifest file '../../build/ball_detector/ball_detector.egg-info/SOURCES.txt'
[1.851s] reading manifest file '../../build/ball_detector/ball_detector.egg-info/SOURCES.txt'
[1.853s] writing manifest file '../../build/ball_detector/ball_detector.egg-info/SOURCES.txt'
[1.853s] running build
[1.854s] running build_py
[1.854s] creating /home/abyan/Documents/ALTAIR-vision/build/ball_detector/build
[1.854s] creating /home/abyan/Documents/ALTAIR-vision/build/ball_detector/build/lib
[1.854s] creating /home/abyan/Documents/ALTAIR-vision/build/ball_detector/build/lib/ball_detector
[1.855s] copying ball_detector/__init__.py -> /home/abyan/Documents/ALTAIR-vision/build/ball_detector/build/lib/ball_detector
[1.855s] copying ball_detector/ball_detector.py -> /home/abyan/Documents/ALTAIR-vision/build/ball_detector/build/lib/ball_detector
[1.855s] running install
[1.870s] running install_lib
[1.904s] creating /home/abyan/Documents/ALTAIR-vision/install/ball_detector/lib/python3.12/site-packages/ball_detector
[1.905s] copying /home/abyan/Documents/ALTAIR-vision/build/ball_detector/build/lib/ball_detector/__init__.py -> /home/abyan/Documents/ALTAIR-vision/install/ball_detector/lib/python3.12/site-packages/ball_detector
[1.906s] copying /home/abyan/Documents/ALTAIR-vision/build/ball_detector/build/lib/ball_detector/ball_detector.py -> /home/abyan/Documents/ALTAIR-vision/install/ball_detector/lib/python3.12/site-packages/ball_detector
[1.906s] byte-compiling /home/abyan/Documents/ALTAIR-vision/install/ball_detector/lib/python3.12/site-packages/ball_detector/__init__.py to __init__.cpython-312.pyc
[1.906s] byte-compiling /home/abyan/Documents/ALTAIR-vision/install/ball_detector/lib/python3.12/site-packages/ball_detector/ball_detector.py to ball_detector.cpython-312.pyc
[1.910s] running install_data
[1.911s] creating /home/abyan/Documents/ALTAIR-vision/install/ball_detector/share/ament_index
[1.911s] creating /home/abyan/Documents/ALTAIR-vision/install/ball_detector/share/ament_index/resource_index
[1.912s] creating /home/abyan/Documents/ALTAIR-vision/install/ball_detector/share/ament_index/resource_index/packages
[1.912s] copying resource/ball_detector -> /home/abyan/Documents/ALTAIR-vision/install/ball_detector/share/ament_index/resource_index/packages
[1.912s] copying package.xml -> /home/abyan/Documents/ALTAIR-vision/install/ball_detector/share/ball_detector
[1.913s] running install_egg_info
[1.951s] Copying ../../build/ball_detector/ball_detector.egg-info to /home/abyan/Documents/ALTAIR-vision/install/ball_detector/lib/python3.12/site-packages/ball_detector-0.0.0-py3.12.egg-info
[1.952s] running install_scripts
[2.213s] Installing ball_detector script to /home/abyan/Documents/ALTAIR-vision/install/ball_detector/lib/ball_detector
[2.213s] writing list of installed files to '/home/abyan/Documents/ALTAIR-vision/build/ball_detector/install.log'
[2.273s] Invoked command in '/home/abyan/Documents/ALTAIR-vision/src/ball_detector' returned '0': DEBUGINFOD_URLS=https://debuginfod.ubuntu.com PYTHONPATH=/home/abyan/Documents/ALTAIR-vision/build/ball_detector/prefix_override:/usr/lib/python3/dist-packages/colcon_core/task/python/colcon_distutils_commands:/home/abyan/Documents/ALTAIR-vision/install/ball_detector/lib/python3.12/site-packages:${PYTHONPATH} /usr/bin/python3 -W ignore:setup.py install is deprecated -W ignore:easy_install command is deprecated setup.py egg_info --egg-base ../../build/ball_detector build --build-base /home/abyan/Documents/ALTAIR-vision/build/ball_detector/build install --record /home/abyan/Documents/ALTAIR-vision/build/ball_detector/install.log --single-version-externally-managed install_data
