[0.118s] DEBUG:colcon:Command line arguments: ['/usr/bin/colcon', 'build']
[0.118s] DEBUG:colcon:Parsed command line arguments: Namespace(log_base=None, log_level=None, verb_name='build', build_base='build', install_base='install', merge_install=False, symlink_install=False, test_result_base=None, continue_on_error=False, executor='parallel', parallel_workers=16, event_handlers=None, ignore_user_meta=False, metas=['./colcon.meta'], base_paths=['.'], packages_ignore=None, packages_ignore_regex=None, paths=None, packages_up_to=None, packages_up_to_regex=None, packages_above=None, packages_above_and_dependencies=None, packages_above_depth=None, packages_select_by_dep=None, packages_skip_by_dep=None, packages_skip_up_to=None, packages_select_build_failed=False, packages_skip_build_finished=False, packages_select_test_failures=False, packages_skip_test_passed=False, packages_select=None, packages_skip=None, packages_select_regex=None, packages_skip_regex=None, packages_start=None, packages_end=None, allow_overriding=[], cmake_args=None, cmake_target=None, cmake_target_skip_unavailable=False, cmake_clean_cache=False, cmake_clean_first=False, cmake_force_configure=False, ament_cmake_args=None, catkin_cmake_args=None, catkin_skip_building_tests=False, mixin_files=None, mixin=None, verb_parser=<colcon_mixin.mixin.mixin_argument.MixinArgumentDecorator object at 0x79a48f18a840>, verb_extension=<colcon_core.verb.build.BuildVerb object at 0x79a48f189d90>, main=<bound method BuildVerb.main of <colcon_core.verb.build.BuildVerb object at 0x79a48f189d90>>, mixin_verb=('build',))
[0.163s] Level 1:colcon.colcon_core.package_discovery:discover_packages(colcon_meta) check parameters
[0.163s] Level 1:colcon.colcon_core.package_discovery:discover_packages(recursive) check parameters
[0.163s] Level 1:colcon.colcon_core.package_discovery:discover_packages(ignore) check parameters
[0.163s] Level 1:colcon.colcon_core.package_discovery:discover_packages(path) check parameters
[0.163s] Level 1:colcon.colcon_core.package_discovery:discover_packages(colcon_meta) discover
[0.163s] Level 1:colcon.colcon_core.package_discovery:discover_packages(recursive) discover
[0.163s] INFO:colcon.colcon_core.package_discovery:Crawling recursively for packages in '/home/altair/Documents/ALTAIR-vision'
[0.163s] Level 1:colcon.colcon_core.package_identification:_identify(.) by extensions ['ignore', 'ignore_ament_install']
[0.163s] Level 1:colcon.colcon_core.package_identification:_identify(.) by extension 'ignore'
[0.163s] Level 1:colcon.colcon_core.package_identification:_identify(.) by extension 'ignore_ament_install'
[0.163s] Level 1:colcon.colcon_core.package_identification:_identify(.) by extensions ['colcon_pkg']
[0.163s] Level 1:colcon.colcon_core.package_identification:_identify(.) by extension 'colcon_pkg'
[0.163s] Level 1:colcon.colcon_core.package_identification:_identify(.) by extensions ['colcon_meta']
[0.163s] Level 1:colcon.colcon_core.package_identification:_identify(.) by extension 'colcon_meta'
[0.163s] Level 1:colcon.colcon_core.package_identification:_identify(.) by extensions ['ros']
[0.163s] Level 1:colcon.colcon_core.package_identification:_identify(.) by extension 'ros'
[0.193s] Level 1:colcon.colcon_core.package_identification:_identify(.) by extensions ['cmake', 'python']
[0.193s] Level 1:colcon.colcon_core.package_identification:_identify(.) by extension 'cmake'
[0.193s] Level 1:colcon.colcon_core.package_identification:_identify(.) by extension 'python'
[0.193s] Level 1:colcon.colcon_core.package_identification:_identify(.) by extensions ['python_setup_py']
[0.194s] Level 1:colcon.colcon_core.package_identification:_identify(.) by extension 'python_setup_py'
[0.194s] Level 1:colcon.colcon_core.package_identification:_identify(build) by extensions ['ignore', 'ignore_ament_install']
[0.194s] Level 1:colcon.colcon_core.package_identification:_identify(build) by extension 'ignore'
[0.194s] Level 1:colcon.colcon_core.package_identification:_identify(build) ignored
[0.194s] Level 1:colcon.colcon_core.package_identification:_identify(install) by extensions ['ignore', 'ignore_ament_install']
[0.194s] Level 1:colcon.colcon_core.package_identification:_identify(install) by extension 'ignore'
[0.194s] Level 1:colcon.colcon_core.package_identification:_identify(install) ignored
[0.194s] Level 1:colcon.colcon_core.package_identification:_identify(log) by extensions ['ignore', 'ignore_ament_install']
[0.194s] Level 1:colcon.colcon_core.package_identification:_identify(log) by extension 'ignore'
[0.194s] Level 1:colcon.colcon_core.package_identification:_identify(log) ignored
[0.194s] Level 1:colcon.colcon_core.package_identification:_identify(packages) by extensions ['ignore', 'ignore_ament_install']
[0.194s] Level 1:colcon.colcon_core.package_identification:_identify(packages) by extension 'ignore'
[0.195s] Level 1:colcon.colcon_core.package_identification:_identify(packages) by extension 'ignore_ament_install'
[0.195s] Level 1:colcon.colcon_core.package_identification:_identify(packages) by extensions ['colcon_pkg']
[0.195s] Level 1:colcon.colcon_core.package_identification:_identify(packages) by extension 'colcon_pkg'
[0.195s] Level 1:colcon.colcon_core.package_identification:_identify(packages) by extensions ['colcon_meta']
[0.195s] Level 1:colcon.colcon_core.package_identification:_identify(packages) by extension 'colcon_meta'
[0.195s] Level 1:colcon.colcon_core.package_identification:_identify(packages) by extensions ['ros']
[0.195s] Level 1:colcon.colcon_core.package_identification:_identify(packages) by extension 'ros'
[0.195s] Level 1:colcon.colcon_core.package_identification:_identify(packages) by extensions ['cmake', 'python']
[0.195s] Level 1:colcon.colcon_core.package_identification:_identify(packages) by extension 'cmake'
[0.195s] Level 1:colcon.colcon_core.package_identification:_identify(packages) by extension 'python'
[0.195s] Level 1:colcon.colcon_core.package_identification:_identify(packages) by extensions ['python_setup_py']
[0.195s] Level 1:colcon.colcon_core.package_identification:_identify(packages) by extension 'python_setup_py'
[0.195s] Level 1:colcon.colcon_core.package_identification:_identify(samples) by extensions ['ignore', 'ignore_ament_install']
[0.195s] Level 1:colcon.colcon_core.package_identification:_identify(samples) by extension 'ignore'
[0.195s] Level 1:colcon.colcon_core.package_identification:_identify(samples) by extension 'ignore_ament_install'
[0.195s] Level 1:colcon.colcon_core.package_identification:_identify(samples) by extensions ['colcon_pkg']
[0.195s] Level 1:colcon.colcon_core.package_identification:_identify(samples) by extension 'colcon_pkg'
[0.195s] Level 1:colcon.colcon_core.package_identification:_identify(samples) by extensions ['colcon_meta']
[0.195s] Level 1:colcon.colcon_core.package_identification:_identify(samples) by extension 'colcon_meta'
[0.195s] Level 1:colcon.colcon_core.package_identification:_identify(samples) by extensions ['ros']
[0.195s] Level 1:colcon.colcon_core.package_identification:_identify(samples) by extension 'ros'
[0.195s] Level 1:colcon.colcon_core.package_identification:_identify(samples) by extensions ['cmake', 'python']
[0.195s] Level 1:colcon.colcon_core.package_identification:_identify(samples) by extension 'cmake'
[0.196s] Level 1:colcon.colcon_core.package_identification:_identify(samples) by extension 'python'
[0.196s] Level 1:colcon.colcon_core.package_identification:_identify(samples) by extensions ['python_setup_py']
[0.196s] Level 1:colcon.colcon_core.package_identification:_identify(samples) by extension 'python_setup_py'
[0.196s] Level 1:colcon.colcon_core.package_identification:_identify(src) by extensions ['ignore', 'ignore_ament_install']
[0.196s] Level 1:colcon.colcon_core.package_identification:_identify(src) by extension 'ignore'
[0.196s] Level 1:colcon.colcon_core.package_identification:_identify(src) by extension 'ignore_ament_install'
[0.196s] Level 1:colcon.colcon_core.package_identification:_identify(src) by extensions ['colcon_pkg']
[0.196s] Level 1:colcon.colcon_core.package_identification:_identify(src) by extension 'colcon_pkg'
[0.196s] Level 1:colcon.colcon_core.package_identification:_identify(src) by extensions ['colcon_meta']
[0.196s] Level 1:colcon.colcon_core.package_identification:_identify(src) by extension 'colcon_meta'
[0.196s] Level 1:colcon.colcon_core.package_identification:_identify(src) by extensions ['ros']
[0.196s] Level 1:colcon.colcon_core.package_identification:_identify(src) by extension 'ros'
[0.196s] Level 1:colcon.colcon_core.package_identification:_identify(src) by extensions ['cmake', 'python']
[0.196s] Level 1:colcon.colcon_core.package_identification:_identify(src) by extension 'cmake'
[0.196s] Level 1:colcon.colcon_core.package_identification:_identify(src) by extension 'python'
[0.196s] Level 1:colcon.colcon_core.package_identification:_identify(src) by extensions ['python_setup_py']
[0.196s] Level 1:colcon.colcon_core.package_identification:_identify(src) by extension 'python_setup_py'
[0.196s] Level 1:colcon.colcon_core.package_identification:_identify(src/ball_detector) by extensions ['ignore', 'ignore_ament_install']
[0.196s] Level 1:colcon.colcon_core.package_identification:_identify(src/ball_detector) by extension 'ignore'
[0.196s] Level 1:colcon.colcon_core.package_identification:_identify(src/ball_detector) by extension 'ignore_ament_install'
[0.196s] Level 1:colcon.colcon_core.package_identification:_identify(src/ball_detector) by extensions ['colcon_pkg']
[0.196s] Level 1:colcon.colcon_core.package_identification:_identify(src/ball_detector) by extension 'colcon_pkg'
[0.196s] Level 1:colcon.colcon_core.package_identification:_identify(src/ball_detector) by extensions ['colcon_meta']
[0.197s] Level 1:colcon.colcon_core.package_identification:_identify(src/ball_detector) by extension 'colcon_meta'
[0.197s] Level 1:colcon.colcon_core.package_identification:_identify(src/ball_detector) by extensions ['ros']
[0.197s] Level 1:colcon.colcon_core.package_identification:_identify(src/ball_detector) by extension 'ros'
[0.199s] DEBUG:colcon.colcon_core.package_identification:Package 'src/ball_detector' with type 'ros.ament_cmake' and name 'ball_detector'
[0.200s] Level 1:colcon.colcon_core.package_identification:_identify(src/sample_program) by extensions ['ignore', 'ignore_ament_install']
[0.200s] Level 1:colcon.colcon_core.package_identification:_identify(src/sample_program) by extension 'ignore'
[0.200s] Level 1:colcon.colcon_core.package_identification:_identify(src/sample_program) by extension 'ignore_ament_install'
[0.200s] Level 1:colcon.colcon_core.package_identification:_identify(src/sample_program) by extensions ['colcon_pkg']
[0.200s] Level 1:colcon.colcon_core.package_identification:_identify(src/sample_program) by extension 'colcon_pkg'
[0.200s] Level 1:colcon.colcon_core.package_identification:_identify(src/sample_program) by extensions ['colcon_meta']
[0.200s] Level 1:colcon.colcon_core.package_identification:_identify(src/sample_program) by extension 'colcon_meta'
[0.200s] Level 1:colcon.colcon_core.package_identification:_identify(src/sample_program) by extensions ['ros']
[0.200s] Level 1:colcon.colcon_core.package_identification:_identify(src/sample_program) by extension 'ros'
[0.200s] Level 1:colcon.colcon_core.package_identification:_identify(src/sample_program) by extensions ['cmake', 'python']
[0.200s] Level 1:colcon.colcon_core.package_identification:_identify(src/sample_program) by extension 'cmake'
[0.200s] Level 1:colcon.colcon_core.package_identification:_identify(src/sample_program) by extension 'python'
[0.200s] Level 1:colcon.colcon_core.package_identification:_identify(src/sample_program) by extensions ['python_setup_py']
[0.200s] Level 1:colcon.colcon_core.package_identification:_identify(src/sample_program) by extension 'python_setup_py'
[0.200s] Level 1:colcon.colcon_core.package_discovery:discover_packages(recursive) using defaults
[0.200s] Level 1:colcon.colcon_core.package_discovery:discover_packages(ignore) discover
[0.200s] Level 1:colcon.colcon_core.package_discovery:discover_packages(ignore) using defaults
[0.200s] Level 1:colcon.colcon_core.package_discovery:discover_packages(path) discover
[0.200s] Level 1:colcon.colcon_core.package_discovery:discover_packages(path) using defaults
[0.221s] Level 1:colcon.colcon_core.package_discovery:discover_packages(prefix_path) check parameters
[0.221s] Level 1:colcon.colcon_core.package_discovery:discover_packages(prefix_path) discover
[0.224s] DEBUG:colcon.colcon_installed_package_information.package_discovery:Found 285 installed packages in /opt/ros/jazzy
[0.224s] Level 1:colcon.colcon_core.package_discovery:discover_packages(prefix_path) using defaults
[0.265s] Level 5:colcon.colcon_core.verb:set package 'ball_detector' build argument 'cmake_args' from command line to 'None'
[0.265s] Level 5:colcon.colcon_core.verb:set package 'ball_detector' build argument 'cmake_target' from command line to 'None'
[0.265s] Level 5:colcon.colcon_core.verb:set package 'ball_detector' build argument 'cmake_target_skip_unavailable' from command line to 'False'
[0.265s] Level 5:colcon.colcon_core.verb:set package 'ball_detector' build argument 'cmake_clean_cache' from command line to 'False'
[0.265s] Level 5:colcon.colcon_core.verb:set package 'ball_detector' build argument 'cmake_clean_first' from command line to 'False'
[0.265s] Level 5:colcon.colcon_core.verb:set package 'ball_detector' build argument 'cmake_force_configure' from command line to 'False'
[0.265s] Level 5:colcon.colcon_core.verb:set package 'ball_detector' build argument 'ament_cmake_args' from command line to 'None'
[0.265s] Level 5:colcon.colcon_core.verb:set package 'ball_detector' build argument 'catkin_cmake_args' from command line to 'None'
[0.265s] Level 5:colcon.colcon_core.verb:set package 'ball_detector' build argument 'catkin_skip_building_tests' from command line to 'False'
[0.265s] DEBUG:colcon.colcon_core.verb:Building package 'ball_detector' with the following arguments: {'ament_cmake_args': None, 'build_base': '/home/altair/Documents/ALTAIR-vision/build/ball_detector', 'catkin_cmake_args': None, 'catkin_skip_building_tests': False, 'cmake_args': None, 'cmake_clean_cache': False, 'cmake_clean_first': False, 'cmake_force_configure': False, 'cmake_target': None, 'cmake_target_skip_unavailable': False, 'install_base': '/home/altair/Documents/ALTAIR-vision/install/ball_detector', 'merge_install': False, 'path': '/home/altair/Documents/ALTAIR-vision/src/ball_detector', 'symlink_install': False, 'test_result_base': None}
[0.265s] INFO:colcon.colcon_core.executor:Executing jobs using 'parallel' executor
[0.267s] DEBUG:colcon.colcon_parallel_executor.executor.parallel:run_until_complete
[0.267s] INFO:colcon.colcon_ros.task.ament_cmake.build:Building ROS package in '/home/altair/Documents/ALTAIR-vision/src/ball_detector' with build type 'ament_cmake'
[0.267s] INFO:colcon.colcon_cmake.task.cmake.build:Building CMake package in '/home/altair/Documents/ALTAIR-vision/src/ball_detector'
[0.269s] INFO:colcon.colcon_core.plugin_system:Skipping extension 'colcon_core.shell.bat': Not used on non-Windows systems
[0.269s] INFO:colcon.colcon_core.shell:Skip shell extension 'powershell' for command environment: Not usable outside of PowerShell
[0.269s] DEBUG:colcon.colcon_core.shell:Skip shell extension 'dsv' for command environment
[0.278s] DEBUG:colcon.colcon_core.event_handler.log_command:Invoking command in '/home/altair/Documents/ALTAIR-vision/build/ball_detector': CMAKE_PREFIX_PATH=${CMAKE_PREFIX_PATH}:/opt/ros/jazzy DEBUGINFOD_URLS=https://debuginfod.ubuntu.com /usr/bin/cmake /home/altair/Documents/ALTAIR-vision/src/ball_detector -DCMAKE_INSTALL_PREFIX=/home/altair/Documents/ALTAIR-vision/install/ball_detector
[1.186s] DEBUG:colcon.colcon_core.event_handler.log_command:Invoked command in '/home/altair/Documents/ALTAIR-vision/build/ball_detector' returned '1': CMAKE_PREFIX_PATH=${CMAKE_PREFIX_PATH}:/opt/ros/jazzy DEBUGINFOD_URLS=https://debuginfod.ubuntu.com /usr/bin/cmake /home/altair/Documents/ALTAIR-vision/src/ball_detector -DCMAKE_INSTALL_PREFIX=/home/altair/Documents/ALTAIR-vision/install/ball_detector
[1.199s] Level 1:colcon.colcon_core.environment:create_environment_scripts_only(ball_detector)
[1.201s] Level 1:colcon.colcon_core.environment:checking '/home/altair/Documents/ALTAIR-vision/install/ball_detector' for CMake module files
[1.202s] Level 1:colcon.colcon_core.environment:checking '/home/altair/Documents/ALTAIR-vision/install/ball_detector' for CMake config files
[1.202s] Level 1:colcon.colcon_core.environment:checking '/home/altair/Documents/ALTAIR-vision/install/ball_detector/bin'
[1.202s] Level 1:colcon.colcon_core.environment:checking '/home/altair/Documents/ALTAIR-vision/install/ball_detector/lib/pkgconfig/ball_detector.pc'
[1.203s] Level 1:colcon.colcon_core.environment:checking '/home/altair/Documents/ALTAIR-vision/install/ball_detector/lib/python3.12/site-packages'
[1.203s] Level 1:colcon.colcon_core.environment:checking '/home/altair/Documents/ALTAIR-vision/install/ball_detector/bin'
[1.203s] INFO:colcon.colcon_core.shell:Creating package script '/home/altair/Documents/ALTAIR-vision/install/ball_detector/share/ball_detector/package.ps1'
[1.204s] INFO:colcon.colcon_core.shell:Creating package descriptor '/home/altair/Documents/ALTAIR-vision/install/ball_detector/share/ball_detector/package.dsv'
[1.205s] INFO:colcon.colcon_core.shell:Creating package script '/home/altair/Documents/ALTAIR-vision/install/ball_detector/share/ball_detector/package.sh'
[1.206s] INFO:colcon.colcon_core.shell:Creating package script '/home/altair/Documents/ALTAIR-vision/install/ball_detector/share/ball_detector/package.bash'
[1.207s] INFO:colcon.colcon_core.shell:Creating package script '/home/altair/Documents/ALTAIR-vision/install/ball_detector/share/ball_detector/package.zsh'
[1.207s] Level 1:colcon.colcon_core.environment:create_file_with_runtime_dependencies(/home/altair/Documents/ALTAIR-vision/install/ball_detector/share/colcon-core/packages/ball_detector)
[1.218s] DEBUG:colcon.colcon_parallel_executor.executor.parallel:closing loop
[1.218s] DEBUG:colcon.colcon_parallel_executor.executor.parallel:loop closed
[1.218s] DEBUG:colcon.colcon_parallel_executor.executor.parallel:run_until_complete finished with '1'
[1.218s] DEBUG:colcon.colcon_core.event_reactor:joining thread
[1.227s] INFO:colcon.colcon_core.plugin_system:Skipping extension 'colcon_notification.desktop_notification.terminal_notifier': Not used on non-Darwin systems
[1.227s] INFO:colcon.colcon_core.plugin_system:Skipping extension 'colcon_notification.desktop_notification.win32': Not used on non-Windows systems
[1.228s] INFO:colcon.colcon_notification.desktop_notification:Sending desktop notification using 'notify2'
[1.256s] DEBUG:colcon.colcon_core.event_reactor:joined thread
[1.257s] INFO:colcon.colcon_core.shell:Creating prefix script '/home/altair/Documents/ALTAIR-vision/install/local_setup.ps1'
[1.259s] INFO:colcon.colcon_core.shell:Creating prefix util module '/home/altair/Documents/ALTAIR-vision/install/_local_setup_util_ps1.py'
[1.260s] INFO:colcon.colcon_core.shell:Creating prefix chain script '/home/altair/Documents/ALTAIR-vision/install/setup.ps1'
[1.263s] INFO:colcon.colcon_core.shell:Creating prefix script '/home/altair/Documents/ALTAIR-vision/install/local_setup.sh'
[1.263s] INFO:colcon.colcon_core.shell:Creating prefix util module '/home/altair/Documents/ALTAIR-vision/install/_local_setup_util_sh.py'
[1.264s] INFO:colcon.colcon_core.shell:Creating prefix chain script '/home/altair/Documents/ALTAIR-vision/install/setup.sh'
[1.266s] INFO:colcon.colcon_core.shell:Creating prefix script '/home/altair/Documents/ALTAIR-vision/install/local_setup.bash'
[1.267s] INFO:colcon.colcon_core.shell:Creating prefix chain script '/home/altair/Documents/ALTAIR-vision/install/setup.bash'
[1.269s] INFO:colcon.colcon_core.shell:Creating prefix script '/home/altair/Documents/ALTAIR-vision/install/local_setup.zsh'
[1.270s] INFO:colcon.colcon_core.shell:Creating prefix chain script '/home/altair/Documents/ALTAIR-vision/install/setup.zsh'
