[5.052s] Invoking command in '/home/abyan/Documents/FOR_ALTAIR/ALTAIR-vision/src/camera_calibration': CONDA_PROMPT_MODIFIER=(base) DEBUGINFOD_URLS=https://debuginfod.ubuntu.com PYTHONPATH=/home/abyan/Documents/FOR_ALTAIR/ALTAIR-vision/build/camera_calibration/prefix_override:/usr/lib/python3/dist-packages/colcon_core/task/python/colcon_distutils_commands:/home/abyan/Documents/FOR_ALTAIR/ALTAIR-vision/install/camera_calibration/lib/python3.12/site-packages:${PYTHONPATH} /usr/bin/python3 -W ignore:setup.py install is deprecated -W ignore:easy_install command is deprecated setup.py egg_info --egg-base ../../build/camera_calibration build --build-base /home/abyan/Documents/FOR_ALTAIR/ALTAIR-vision/build/camera_calibration/build install --record /home/abyan/Documents/FOR_ALTAIR/ALTAIR-vision/build/camera_calibration/install.log --single-version-externally-managed install_data
[5.936s] running egg_info
[5.983s] writing ../../build/camera_calibration/camera_calibration.egg-info/PKG-INFO
[5.984s] writing dependency_links to ../../build/camera_calibration/camera_calibration.egg-info/dependency_links.txt
[5.984s] writing entry points to ../../build/camera_calibration/camera_calibration.egg-info/entry_points.txt
[5.985s] writing requirements to ../../build/camera_calibration/camera_calibration.egg-info/requires.txt
[5.985s] writing top-level names to ../../build/camera_calibration/camera_calibration.egg-info/top_level.txt
[6.136s] reading manifest file '../../build/camera_calibration/camera_calibration.egg-info/SOURCES.txt'
[6.138s] writing manifest file '../../build/camera_calibration/camera_calibration.egg-info/SOURCES.txt'
[6.139s] running build
[6.139s] running build_py
[6.141s] running install
[6.166s] running install_lib
[6.230s] running install_data
[6.230s] running install_egg_info
[6.285s] removing '/home/abyan/Documents/FOR_ALTAIR/ALTAIR-vision/install/camera_calibration/lib/python3.12/site-packages/camera_calibration-6.0.10-py3.12.egg-info' (and everything under it)
[6.286s] Copying ../../build/camera_calibration/camera_calibration.egg-info to /home/abyan/Documents/FOR_ALTAIR/ALTAIR-vision/install/camera_calibration/lib/python3.12/site-packages/camera_calibration-6.0.10-py3.12.egg-info
[6.289s] running install_scripts
[6.689s] Installing cameracalibrator script to /home/abyan/Documents/FOR_ALTAIR/ALTAIR-vision/install/camera_calibration/lib/camera_calibration
[6.689s] Installing cameracheck script to /home/abyan/Documents/FOR_ALTAIR/ALTAIR-vision/install/camera_calibration/lib/camera_calibration
[6.689s] Installing tarfile_calibration script to /home/abyan/Documents/FOR_ALTAIR/ALTAIR-vision/install/camera_calibration/lib/camera_calibration
[6.691s] writing list of installed files to '/home/abyan/Documents/FOR_ALTAIR/ALTAIR-vision/build/camera_calibration/install.log'
[6.771s] Invoked command in '/home/abyan/Documents/FOR_ALTAIR/ALTAIR-vision/src/camera_calibration' returned '0': CONDA_PROMPT_MODIFIER=(base) DEBUGINFOD_URLS=https://debuginfod.ubuntu.com PYTHONPATH=/home/abyan/Documents/FOR_ALTAIR/ALTAIR-vision/build/camera_calibration/prefix_override:/usr/lib/python3/dist-packages/colcon_core/task/python/colcon_distutils_commands:/home/abyan/Documents/FOR_ALTAIR/ALTAIR-vision/install/camera_calibration/lib/python3.12/site-packages:${PYTHONPATH} /usr/bin/python3 -W ignore:setup.py install is deprecated -W ignore:easy_install command is deprecated setup.py egg_info --egg-base ../../build/camera_calibration build --build-base /home/abyan/Documents/FOR_ALTAIR/ALTAIR-vision/build/camera_calibration/build install --record /home/abyan/Documents/FOR_ALTAIR/ALTAIR-vision/build/camera_calibration/install.log --single-version-externally-managed install_data
