[0.022s] Invoking command in '/home/abyan/Documents/FOR_ALTAIR/ALTAIR-vision/build/ball_detection': DEBUGINFOD_URLS=https://debuginfod.ubuntu.com /usr/bin/cmake /home/abyan/Documents/FOR_ALTAIR/ALTAIR-vision/src/sample_program/ball_detection -DCMAKE_INSTALL_PREFIX=/home/abyan/Documents/FOR_ALTAIR/ALTAIR-vision/install/ball_detection
[0.465s] -- The C compiler identification is GNU 13.3.0
[0.465s] -- The CXX compiler identification is GNU 13.3.0
[0.465s] -- Detecting C compiler ABI info
[0.465s] -- Detecting C compiler ABI info - done
[0.465s] -- Check for working C compiler: /usr/bin/cc - skipped
[0.465s] -- Detecting C compile features
[0.465s] -- Detecting C compile features - done
[0.465s] -- Detecting CXX compiler ABI info
[0.465s] -- Detecting CXX compiler ABI info - done
[0.465s] -- Check for working CXX compiler: /usr/bin/c++ - skipped
[0.466s] -- Detecting CXX compile features
[0.466s] -- Detecting CXX compile features - done
[0.466s] -- Found OpenCV: /usr/local (found version "4.12.0") 
[0.466s] -- Configuring done (0.3s)
[0.466s] -- Generating done (0.0s)
[0.466s] -- Build files have been written to: /home/abyan/Documents/FOR_ALTAIR/ALTAIR-vision/build/ball_detection
[0.469s] Invoked command in '/home/abyan/Documents/FOR_ALTAIR/ALTAIR-vision/build/ball_detection' returned '0': DEBUGINFOD_URLS=https://debuginfod.ubuntu.com /usr/bin/cmake /home/abyan/Documents/FOR_ALTAIR/ALTAIR-vision/src/sample_program/ball_detection -DCMAKE_INSTALL_PREFIX=/home/abyan/Documents/FOR_ALTAIR/ALTAIR-vision/install/ball_detection
[0.471s] Invoking command in '/home/abyan/Documents/FOR_ALTAIR/ALTAIR-vision/build/ball_detection': DEBUGINFOD_URLS=https://debuginfod.ubuntu.com /usr/bin/cmake --build /home/abyan/Documents/FOR_ALTAIR/ALTAIR-vision/build/ball_detection -- -j16 -l16
[0.514s] [ 50%] [32mBuilding CXX object CMakeFiles/ball_det.dir/ball.cpp.o[0m
[1.827s] [100%] [32m[1mLinking CXX executable ball_det[0m
[2.114s] [100%] Built target ball_det
