[1.366s] Invoking command in '/home/abyan/Documents/FOR_ALTAIR/ALTAIR-vision/src/soccer_field_map_generator/soccer_field_map_generator': CONDA_PROMPT_MODIFIER=(base) DEBUGINFOD_URLS=https://debuginfod.ubuntu.com PYTHONPATH=/home/abyan/Documents/FOR_ALTAIR/ALTAIR-vision/build/soccer_field_map_generator/prefix_override:/usr/lib/python3/dist-packages/colcon_core/task/python/colcon_distutils_commands:/home/abyan/Documents/FOR_ALTAIR/ALTAIR-vision/install/soccer_field_map_generator/lib/python3.12/site-packages:${PYTHONPATH} /usr/bin/python3 -W ignore:setup.py install is deprecated -W ignore:easy_install command is deprecated setup.py egg_info --egg-base ../../../build/soccer_field_map_generator build --build-base /home/abyan/Documents/FOR_ALTAIR/ALTAIR-vision/build/soccer_field_map_generator/build install --record /home/abyan/Documents/FOR_ALTAIR/ALTAIR-vision/build/soccer_field_map_generator/install.log --single-version-externally-managed install_data
[1.596s] running egg_info
[1.614s] writing ../../../build/soccer_field_map_generator/soccer_field_map_generator.egg-info/PKG-INFO
[1.614s] writing dependency_links to ../../../build/soccer_field_map_generator/soccer_field_map_generator.egg-info/dependency_links.txt
[1.615s] writing entry points to ../../../build/soccer_field_map_generator/soccer_field_map_generator.egg-info/entry_points.txt
[1.615s] writing requirements to ../../../build/soccer_field_map_generator/soccer_field_map_generator.egg-info/requires.txt
[1.615s] writing top-level names to ../../../build/soccer_field_map_generator/soccer_field_map_generator.egg-info/top_level.txt
[1.646s] reading manifest file '../../../build/soccer_field_map_generator/soccer_field_map_generator.egg-info/SOURCES.txt'
[1.649s] writing manifest file '../../../build/soccer_field_map_generator/soccer_field_map_generator.egg-info/SOURCES.txt'
[1.649s] running build
[1.649s] running build_py
[1.650s] running install
[1.656s] running install_lib
[1.671s] running install_data
[1.672s] running install_egg_info
[1.691s] removing '/home/abyan/Documents/FOR_ALTAIR/ALTAIR-vision/install/soccer_field_map_generator/lib/python3.12/site-packages/soccer_field_map_generator-0.0.0-py3.12.egg-info' (and everything under it)
[1.691s] Copying ../../../build/soccer_field_map_generator/soccer_field_map_generator.egg-info to /home/abyan/Documents/FOR_ALTAIR/ALTAIR-vision/install/soccer_field_map_generator/lib/python3.12/site-packages/soccer_field_map_generator-0.0.0-py3.12.egg-info
[1.692s] running install_scripts
[1.830s] Installing cli script to /home/abyan/Documents/FOR_ALTAIR/ALTAIR-vision/install/soccer_field_map_generator/lib/soccer_field_map_generator
[1.830s] Installing gui script to /home/abyan/Documents/FOR_ALTAIR/ALTAIR-vision/install/soccer_field_map_generator/lib/soccer_field_map_generator
[1.831s] writing list of installed files to '/home/abyan/Documents/FOR_ALTAIR/ALTAIR-vision/build/soccer_field_map_generator/install.log'
[1.870s] Invoked command in '/home/abyan/Documents/FOR_ALTAIR/ALTAIR-vision/src/soccer_field_map_generator/soccer_field_map_generator' returned '0': CONDA_PROMPT_MODIFIER=(base) DEBUGINFOD_URLS=https://debuginfod.ubuntu.com PYTHONPATH=/home/abyan/Documents/FOR_ALTAIR/ALTAIR-vision/build/soccer_field_map_generator/prefix_override:/usr/lib/python3/dist-packages/colcon_core/task/python/colcon_distutils_commands:/home/abyan/Documents/FOR_ALTAIR/ALTAIR-vision/install/soccer_field_map_generator/lib/python3.12/site-packages:${PYTHONPATH} /usr/bin/python3 -W ignore:setup.py install is deprecated -W ignore:easy_install command is deprecated setup.py egg_info --egg-base ../../../build/soccer_field_map_generator build --build-base /home/abyan/Documents/FOR_ALTAIR/ALTAIR-vision/build/soccer_field_map_generator/build install --record /home/abyan/Documents/FOR_ALTAIR/ALTAIR-vision/build/soccer_field_map_generator/install.log --single-version-externally-managed install_data
