[1.876s] Invoking command in '/home/abyan/Documents/FOR_ALTAIR/ALTAIR-vision/build/usb_cam': CMAKE_PREFIX_PATH=${CMAKE_PREFIX_PATH}:/home/abyan/Documents/FOR_ALTAIR/ALTAIR-vision/install/video_subscriber:/home/abyan/Documents/FOR_ALTAIR/ALTAIR-vision/install/soccer_ipm:/home/abyan/Documents/FOR_ALTAIR/ALTAIR-vision/install/soccer_field_map_generator:/home/abyan/Documents/FOR_ALTAIR/ALTAIR-vision/install/ipm_library:/home/abyan/Documents/FOR_ALTAIR/ALTAIR-vision/install/camera_calibration:/home/abyan/Documents/FOR_ALTAIR/ALTAIR-vision/install/ball_detector:/opt/ros/jazzy CONDA_PROMPT_MODIFIER=(base) DEBUGINFOD_URLS=https://debuginfod.ubuntu.com /usr/bin/cmake --build /home/abyan/Documents/FOR_ALTAIR/ALTAIR-vision/build/usb_cam -- -j16 -l16
[2.054s] [ 28%] Built target gtest_main
[2.055s] [ 28%] Built target gtest
[2.056s] [ 42%] Built target usb_cam_node_exe
[2.058s] [ 57%] Built target usb_cam
[2.136s] [ 71%] Built target test_usb_cam_utils
[2.140s] [ 85%] Built target test_pixel_formats
[2.155s] [100%] Built target usb_cam_node
[2.643s] Invoked command in '/home/abyan/Documents/FOR_ALTAIR/ALTAIR-vision/build/usb_cam' returned '0': CMAKE_PREFIX_PATH=${CMAKE_PREFIX_PATH}:/home/abyan/Documents/FOR_ALTAIR/ALTAIR-vision/install/video_subscriber:/home/abyan/Documents/FOR_ALTAIR/ALTAIR-vision/install/soccer_ipm:/home/abyan/Documents/FOR_ALTAIR/ALTAIR-vision/install/soccer_field_map_generator:/home/abyan/Documents/FOR_ALTAIR/ALTAIR-vision/install/ipm_library:/home/abyan/Documents/FOR_ALTAIR/ALTAIR-vision/install/camera_calibration:/home/abyan/Documents/FOR_ALTAIR/ALTAIR-vision/install/ball_detector:/opt/ros/jazzy CONDA_PROMPT_MODIFIER=(base) DEBUGINFOD_URLS=https://debuginfod.ubuntu.com /usr/bin/cmake --build /home/abyan/Documents/FOR_ALTAIR/ALTAIR-vision/build/usb_cam -- -j16 -l16
[2.648s] Invoking command in '/home/abyan/Documents/FOR_ALTAIR/ALTAIR-vision/build/usb_cam': CMAKE_PREFIX_PATH=${CMAKE_PREFIX_PATH}:/home/abyan/Documents/FOR_ALTAIR/ALTAIR-vision/install/video_subscriber:/home/abyan/Documents/FOR_ALTAIR/ALTAIR-vision/install/soccer_ipm:/home/abyan/Documents/FOR_ALTAIR/ALTAIR-vision/install/soccer_field_map_generator:/home/abyan/Documents/FOR_ALTAIR/ALTAIR-vision/install/ipm_library:/home/abyan/Documents/FOR_ALTAIR/ALTAIR-vision/install/camera_calibration:/home/abyan/Documents/FOR_ALTAIR/ALTAIR-vision/install/ball_detector:/opt/ros/jazzy CONDA_PROMPT_MODIFIER=(base) DEBUGINFOD_URLS=https://debuginfod.ubuntu.com /usr/bin/cmake --install /home/abyan/Documents/FOR_ALTAIR/ALTAIR-vision/build/usb_cam
[2.700s] -- Install configuration: ""
[2.703s] -- Up-to-date: /home/abyan/Documents/FOR_ALTAIR/ALTAIR-vision/install/usb_cam/share/usb_cam/environment/library_path.sh
[2.704s] -- Up-to-date: /home/abyan/Documents/FOR_ALTAIR/ALTAIR-vision/install/usb_cam/share/usb_cam/environment/library_path.dsv
[2.704s] -- Up-to-date: /home/abyan/Documents/FOR_ALTAIR/ALTAIR-vision/install/usb_cam/lib/usb_cam/usb_cam_node_exe
[2.705s] -- Up-to-date: /home/abyan/Documents/FOR_ALTAIR/ALTAIR-vision/install/usb_cam/lib/usb_cam/show_image.py
[2.705s] -- Up-to-date: /home/abyan/Documents/FOR_ALTAIR/ALTAIR-vision/install/usb_cam/lib/libusb_cam.so
[2.705s] -- Up-to-date: /home/abyan/Documents/FOR_ALTAIR/ALTAIR-vision/install/usb_cam/lib/libusb_cam_node.so
[2.706s] -- Up-to-date: /home/abyan/Documents/FOR_ALTAIR/ALTAIR-vision/install/usb_cam/include
[2.706s] -- Up-to-date: /home/abyan/Documents/FOR_ALTAIR/ALTAIR-vision/install/usb_cam/include/usb_cam
[2.706s] -- Up-to-date: /home/abyan/Documents/FOR_ALTAIR/ALTAIR-vision/install/usb_cam/include/usb_cam/usb_cam_node.hpp
[2.706s] -- Up-to-date: /home/abyan/Documents/FOR_ALTAIR/ALTAIR-vision/install/usb_cam/include/usb_cam/constants.hpp
[2.707s] -- Up-to-date: /home/abyan/Documents/FOR_ALTAIR/ALTAIR-vision/install/usb_cam/include/usb_cam/formats
[2.707s] -- Up-to-date: /home/abyan/Documents/FOR_ALTAIR/ALTAIR-vision/install/usb_cam/include/usb_cam/formats/yuyv.hpp
[2.708s] -- Up-to-date: /home/abyan/Documents/FOR_ALTAIR/ALTAIR-vision/install/usb_cam/include/usb_cam/formats/mjpeg.hpp
[2.708s] -- Up-to-date: /home/abyan/Documents/FOR_ALTAIR/ALTAIR-vision/install/usb_cam/include/usb_cam/formats/uyvy.hpp
[2.709s] -- Up-to-date: /home/abyan/Documents/FOR_ALTAIR/ALTAIR-vision/install/usb_cam/include/usb_cam/formats/m420.hpp
[2.709s] -- Up-to-date: /home/abyan/Documents/FOR_ALTAIR/ALTAIR-vision/install/usb_cam/include/usb_cam/formats/pixel_format_base.hpp
[2.709s] -- Up-to-date: /home/abyan/Documents/FOR_ALTAIR/ALTAIR-vision/install/usb_cam/include/usb_cam/formats/av_pixel_format_helper.hpp
[2.709s] -- Up-to-date: /home/abyan/Documents/FOR_ALTAIR/ALTAIR-vision/install/usb_cam/include/usb_cam/formats/mono.hpp
[2.709s] -- Up-to-date: /home/abyan/Documents/FOR_ALTAIR/ALTAIR-vision/install/usb_cam/include/usb_cam/formats/rgb.hpp
[2.710s] -- Up-to-date: /home/abyan/Documents/FOR_ALTAIR/ALTAIR-vision/install/usb_cam/include/usb_cam/formats/utils.hpp
[2.710s] -- Up-to-date: /home/abyan/Documents/FOR_ALTAIR/ALTAIR-vision/install/usb_cam/include/usb_cam/usb_cam.hpp
[2.710s] -- Up-to-date: /home/abyan/Documents/FOR_ALTAIR/ALTAIR-vision/install/usb_cam/include/usb_cam/conversions.hpp
[2.710s] -- Up-to-date: /home/abyan/Documents/FOR_ALTAIR/ALTAIR-vision/install/usb_cam/include/usb_cam/utils.hpp
[2.712s] -- Up-to-date: /home/abyan/Documents/FOR_ALTAIR/ALTAIR-vision/install/usb_cam/lib/libusb_cam_node.so
[2.712s] -- Up-to-date: /home/abyan/Documents/FOR_ALTAIR/ALTAIR-vision/install/usb_cam/share/usb_cam/launch
[2.713s] -- Up-to-date: /home/abyan/Documents/FOR_ALTAIR/ALTAIR-vision/install/usb_cam/share/usb_cam/launch/camera.launch.py
[2.713s] -- Up-to-date: /home/abyan/Documents/FOR_ALTAIR/ALTAIR-vision/install/usb_cam/share/usb_cam/launch/camera_config.py
[2.713s] -- Up-to-date: /home/abyan/Documents/FOR_ALTAIR/ALTAIR-vision/install/usb_cam/share/usb_cam/launch/__init__.py
[2.714s] -- Up-to-date: /home/abyan/Documents/FOR_ALTAIR/ALTAIR-vision/install/usb_cam/share/usb_cam/config
[2.714s] -- Up-to-date: /home/abyan/Documents/FOR_ALTAIR/ALTAIR-vision/install/usb_cam/share/usb_cam/config/camera_info.yaml
[2.717s] -- Up-to-date: /home/abyan/Documents/FOR_ALTAIR/ALTAIR-vision/install/usb_cam/share/usb_cam/config/params_1.yaml
[2.720s] -- Up-to-date: /home/abyan/Documents/FOR_ALTAIR/ALTAIR-vision/install/usb_cam/share/usb_cam/config/params_2.yaml
[2.720s] -- Up-to-date: /home/abyan/Documents/FOR_ALTAIR/ALTAIR-vision/install/usb_cam/share/ament_index/resource_index/package_run_dependencies/usb_cam
[2.721s] -- Up-to-date: /home/abyan/Documents/FOR_ALTAIR/ALTAIR-vision/install/usb_cam/share/ament_index/resource_index/parent_prefix_path/usb_cam
[2.721s] -- Up-to-date: /home/abyan/Documents/FOR_ALTAIR/ALTAIR-vision/install/usb_cam/share/usb_cam/environment/ament_prefix_path.sh
[2.722s] -- Up-to-date: /home/abyan/Documents/FOR_ALTAIR/ALTAIR-vision/install/usb_cam/share/usb_cam/environment/ament_prefix_path.dsv
[2.722s] -- Up-to-date: /home/abyan/Documents/FOR_ALTAIR/ALTAIR-vision/install/usb_cam/share/usb_cam/environment/path.sh
[2.723s] -- Up-to-date: /home/abyan/Documents/FOR_ALTAIR/ALTAIR-vision/install/usb_cam/share/usb_cam/environment/path.dsv
[2.724s] -- Up-to-date: /home/abyan/Documents/FOR_ALTAIR/ALTAIR-vision/install/usb_cam/share/usb_cam/local_setup.bash
[2.725s] -- Up-to-date: /home/abyan/Documents/FOR_ALTAIR/ALTAIR-vision/install/usb_cam/share/usb_cam/local_setup.sh
[2.725s] -- Up-to-date: /home/abyan/Documents/FOR_ALTAIR/ALTAIR-vision/install/usb_cam/share/usb_cam/local_setup.zsh
[2.725s] -- Up-to-date: /home/abyan/Documents/FOR_ALTAIR/ALTAIR-vision/install/usb_cam/share/usb_cam/local_setup.dsv
[2.726s] -- Installing: /home/abyan/Documents/FOR_ALTAIR/ALTAIR-vision/install/usb_cam/share/usb_cam/package.dsv
[2.726s] -- Up-to-date: /home/abyan/Documents/FOR_ALTAIR/ALTAIR-vision/install/usb_cam/share/ament_index/resource_index/packages/usb_cam
[2.726s] -- Up-to-date: /home/abyan/Documents/FOR_ALTAIR/ALTAIR-vision/install/usb_cam/share/ament_index/resource_index/rclcpp_components/usb_cam
[2.727s] -- Up-to-date: /home/abyan/Documents/FOR_ALTAIR/ALTAIR-vision/install/usb_cam/share/usb_cam/cmake/ament_cmake_export_libraries-extras.cmake
[2.727s] -- Up-to-date: /home/abyan/Documents/FOR_ALTAIR/ALTAIR-vision/install/usb_cam/share/usb_cam/cmake/ament_cmake_export_dependencies-extras.cmake
[2.729s] -- Up-to-date: /home/abyan/Documents/FOR_ALTAIR/ALTAIR-vision/install/usb_cam/share/usb_cam/cmake/ament_cmake_export_include_directories-extras.cmake
[2.730s] -- Up-to-date: /home/abyan/Documents/FOR_ALTAIR/ALTAIR-vision/install/usb_cam/share/usb_cam/cmake/usb_camConfig.cmake
[2.730s] -- Up-to-date: /home/abyan/Documents/FOR_ALTAIR/ALTAIR-vision/install/usb_cam/share/usb_cam/cmake/usb_camConfig-version.cmake
[2.731s] -- Up-to-date: /home/abyan/Documents/FOR_ALTAIR/ALTAIR-vision/install/usb_cam/share/usb_cam/package.xml
[2.731s] Invoked command in '/home/abyan/Documents/FOR_ALTAIR/ALTAIR-vision/build/usb_cam' returned '0': CMAKE_PREFIX_PATH=${CMAKE_PREFIX_PATH}:/home/abyan/Documents/FOR_ALTAIR/ALTAIR-vision/install/video_subscriber:/home/abyan/Documents/FOR_ALTAIR/ALTAIR-vision/install/soccer_ipm:/home/abyan/Documents/FOR_ALTAIR/ALTAIR-vision/install/soccer_field_map_generator:/home/abyan/Documents/FOR_ALTAIR/ALTAIR-vision/install/ipm_library:/home/abyan/Documents/FOR_ALTAIR/ALTAIR-vision/install/camera_calibration:/home/abyan/Documents/FOR_ALTAIR/ALTAIR-vision/install/ball_detector:/opt/ros/jazzy CONDA_PROMPT_MODIFIER=(base) DEBUGINFOD_URLS=https://debuginfod.ubuntu.com /usr/bin/cmake --install /home/abyan/Documents/FOR_ALTAIR/ALTAIR-vision/build/usb_cam
