[0.031s] Invoking command in '/home/altair/Documents/ALTAIR-vision/build/ball_detector': CMAKE_PREFIX_PATH=${CMAKE_PREFIX_PATH}:/opt/ros/jazzy DEBUGINFOD_URLS=https://debuginfod.ubuntu.com /usr/bin/cmake --build /home/altair/Documents/ALTAIR-vision/build/ball_detector -- -j16 -l16
[0.102s] -- Found ament_cmake: 2.5.2 (/opt/ros/jazzy/share/ament_cmake/cmake)
[0.163s] -- Found Python3: /usr/bin/python3 (found version "3.12.3") found components: Interpreter 
[0.346s] -- Found rclpy: 7.1.2 (/opt/ros/jazzy/share/rclpy/cmake)
[0.347s] -- Found rosidl_default_generators: 1.6.0 (/opt/ros/jazzy/share/rosidl_default_generators/cmake)
[0.354s] -- Using all available rosidl_typesupport_c: rosidl_typesupport_fastrtps_c;rosidl_typesupport_introspection_c
[0.451s] -- Using all available rosidl_typesupport_cpp: rosidl_typesupport_fastrtps_cpp;rosidl_typesupport_introspection_cpp
[0.540s] -- Found rosidl_adapter: 4.6.4 (/opt/ros/jazzy/share/rosidl_adapter/cmake)
[0.546s] -- Found std_msgs: 5.3.5 (/opt/ros/jazzy/share/std_msgs/cmake)
[1.092s] -- Found ament_cmake_ros: 0.12.0 (/opt/ros/jazzy/share/ament_cmake_ros/cmake)
[1.332s] -- Using all available rosidl_typesupport_c: rosidl_typesupport_fastrtps_c;rosidl_typesupport_introspection_c
[1.648s] -- Using all available rosidl_typesupport_cpp: rosidl_typesupport_fastrtps_cpp;rosidl_typesupport_introspection_cpp
[1.652s] -- Found python_cmake_module: 0.11.1 (/opt/ros/jazzy/share/python_cmake_module/cmake)
[2.168s] -- Found Python3: /usr/bin/python3 (found version "3.12.3") found components: Interpreter Development NumPy Development.Module Development.Embed 
[2.211s] -- Found ament_lint_auto: 0.17.1 (/opt/ros/jazzy/share/ament_lint_auto/cmake)
[2.245s] -- Added test 'flake8' to check Python code syntax and style conventions
[2.246s] -- Configured 'flake8' exclude dirs and/or files: 
[2.247s] -- Added test 'lint_cmake' to check CMake code style
[2.247s] -- Added test 'pep257' to check Python code against some of the docstring style conventions in PEP 257
[2.251s] -- Added test 'xmllint' to check XML markup files
[2.259s] -- Configuring done (2.2s)
[2.339s] -- Generating done (0.1s)
[2.344s] -- Build files have been written to: /home/altair/Documents/ALTAIR-vision/build/ball_detector
[2.413s] [  2%] Built target ball_detector__rosidl_generator_type_description
[2.429s] [  2%] Built target ament_cmake_python_copy_ball_detector
[2.455s] [  5%] Built target ball_detector__cpp
[2.464s] [ 20%] Built target ball_detector__rosidl_generator_c
[2.510s] [ 29%] Built target ball_detector__rosidl_typesupport_introspection_c
[2.514s] [ 38%] Built target ball_detector__rosidl_typesupport_c
[2.515s] [ 47%] Built target ball_detector__rosidl_typesupport_introspection_cpp
[2.516s] [ 55%] Built target ball_detector__rosidl_typesupport_fastrtps_cpp
[2.522s] [ 64%] Built target ball_detector__rosidl_typesupport_fastrtps_c
[2.523s] [ 73%] Built target ball_detector__rosidl_typesupport_cpp
[2.566s] [ 73%] Built target ball_detector
[2.606s] [ 76%] Built target ball_detector__py
[2.662s] [ 82%] Built target ball_detector__rosidl_generator_py
[2.708s] [ 88%] Built target ball_detector_s__rosidl_typesupport_c
[2.709s] [ 94%] Built target ball_detector_s__rosidl_typesupport_introspection_c
[2.710s] [100%] Built target ball_detector_s__rosidl_typesupport_fastrtps_c
[2.846s] running egg_info
[2.877s] writing ball_detector.egg-info/PKG-INFO
[2.877s] writing dependency_links to ball_detector.egg-info/dependency_links.txt
[2.877s] writing top-level names to ball_detector.egg-info/top_level.txt
[2.980s] reading manifest file 'ball_detector.egg-info/SOURCES.txt'
[2.982s] writing manifest file 'ball_detector.egg-info/SOURCES.txt'
[3.039s] [100%] Built target ament_cmake_python_build_ball_detector_egg
[3.062s] Invoked command in '/home/altair/Documents/ALTAIR-vision/build/ball_detector' returned '0': CMAKE_PREFIX_PATH=${CMAKE_PREFIX_PATH}:/opt/ros/jazzy DEBUGINFOD_URLS=https://debuginfod.ubuntu.com /usr/bin/cmake --build /home/altair/Documents/ALTAIR-vision/build/ball_detector -- -j16 -l16
[3.221s] Invoking command in '/home/altair/Documents/ALTAIR-vision/build/ball_detector': CMAKE_PREFIX_PATH=${CMAKE_PREFIX_PATH}:/opt/ros/jazzy DEBUGINFOD_URLS=https://debuginfod.ubuntu.com /usr/bin/cmake --install /home/altair/Documents/ALTAIR-vision/build/ball_detector
[3.238s] -- Install configuration: ""
[3.238s] -- Up-to-date: /home/altair/Documents/ALTAIR-vision/install/ball_detector/share/ament_index/resource_index/rosidl_interfaces/ball_detector
[3.238s] -- Up-to-date: /home/altair/Documents/ALTAIR-vision/install/ball_detector/share/ball_detector/msg/BallDistance.json
[3.239s] -- Up-to-date: /home/altair/Documents/ALTAIR-vision/install/ball_detector/include/ball_detector/ball_detector
[3.239s] -- Up-to-date: /home/altair/Documents/ALTAIR-vision/install/ball_detector/include/ball_detector/ball_detector/msg
[3.239s] -- Up-to-date: /home/altair/Documents/ALTAIR-vision/install/ball_detector/include/ball_detector/ball_detector/msg/detail
[3.239s] -- Up-to-date: /home/altair/Documents/ALTAIR-vision/install/ball_detector/include/ball_detector/ball_detector/msg/detail/ball_distance__description.c
[3.239s] -- Up-to-date: /home/altair/Documents/ALTAIR-vision/install/ball_detector/include/ball_detector/ball_detector/msg/detail/ball_distance__type_support.h
[3.239s] -- Up-to-date: /home/altair/Documents/ALTAIR-vision/install/ball_detector/include/ball_detector/ball_detector/msg/detail/ball_distance__functions.c
[3.239s] -- Up-to-date: /home/altair/Documents/ALTAIR-vision/install/ball_detector/include/ball_detector/ball_detector/msg/detail/ball_distance__type_support.c
[3.239s] -- Up-to-date: /home/altair/Documents/ALTAIR-vision/install/ball_detector/include/ball_detector/ball_detector/msg/detail/ball_distance__struct.h
[3.240s] -- Up-to-date: /home/altair/Documents/ALTAIR-vision/install/ball_detector/include/ball_detector/ball_detector/msg/detail/ball_distance__functions.h
[3.240s] -- Up-to-date: /home/altair/Documents/ALTAIR-vision/install/ball_detector/include/ball_detector/ball_detector/msg/rosidl_generator_c__visibility_control.h
[3.240s] -- Up-to-date: /home/altair/Documents/ALTAIR-vision/install/ball_detector/include/ball_detector/ball_detector/msg/ball_distance.h
[3.240s] -- Up-to-date: /home/altair/Documents/ALTAIR-vision/install/ball_detector/share/ball_detector/environment/library_path.sh
[3.240s] -- Up-to-date: /home/altair/Documents/ALTAIR-vision/install/ball_detector/share/ball_detector/environment/library_path.dsv
[3.248s] -- Up-to-date: /home/altair/Documents/ALTAIR-vision/install/ball_detector/lib/libball_detector__rosidl_generator_c.so
[3.249s] -- Up-to-date: /home/altair/Documents/ALTAIR-vision/install/ball_detector/include/ball_detector/ball_detector
[3.249s] -- Up-to-date: /home/altair/Documents/ALTAIR-vision/install/ball_detector/include/ball_detector/ball_detector/msg
[3.249s] -- Up-to-date: /home/altair/Documents/ALTAIR-vision/install/ball_detector/include/ball_detector/ball_detector/msg/detail
[3.249s] -- Up-to-date: /home/altair/Documents/ALTAIR-vision/install/ball_detector/include/ball_detector/ball_detector/msg/detail/ball_distance__rosidl_typesupport_fastrtps_c.h
[3.249s] -- Up-to-date: /home/altair/Documents/ALTAIR-vision/install/ball_detector/include/ball_detector/ball_detector/msg/rosidl_typesupport_fastrtps_c__visibility_control.h
[3.250s] -- Up-to-date: /home/altair/Documents/ALTAIR-vision/install/ball_detector/lib/libball_detector__rosidl_typesupport_fastrtps_c.so
[3.250s] -- Up-to-date: /home/altair/Documents/ALTAIR-vision/install/ball_detector/include/ball_detector/ball_detector
[3.250s] -- Up-to-date: /home/altair/Documents/ALTAIR-vision/install/ball_detector/include/ball_detector/ball_detector/msg
[3.251s] -- Up-to-date: /home/altair/Documents/ALTAIR-vision/install/ball_detector/include/ball_detector/ball_detector/msg/detail
[3.251s] -- Up-to-date: /home/altair/Documents/ALTAIR-vision/install/ball_detector/include/ball_detector/ball_detector/msg/detail/ball_distance__rosidl_typesupport_introspection_c.h
[3.251s] -- Up-to-date: /home/altair/Documents/ALTAIR-vision/install/ball_detector/include/ball_detector/ball_detector/msg/detail/ball_distance__type_support.c
[3.251s] -- Up-to-date: /home/altair/Documents/ALTAIR-vision/install/ball_detector/include/ball_detector/ball_detector/msg/rosidl_typesupport_introspection_c__visibility_control.h
[3.251s] -- Up-to-date: /home/altair/Documents/ALTAIR-vision/install/ball_detector/lib/libball_detector__rosidl_typesupport_introspection_c.so
[3.252s] -- Up-to-date: /home/altair/Documents/ALTAIR-vision/install/ball_detector/lib/libball_detector__rosidl_typesupport_c.so
[3.252s] -- Up-to-date: /home/altair/Documents/ALTAIR-vision/install/ball_detector/include/ball_detector/ball_detector
[3.253s] -- Up-to-date: /home/altair/Documents/ALTAIR-vision/install/ball_detector/include/ball_detector/ball_detector/msg
[3.253s] -- Up-to-date: /home/altair/Documents/ALTAIR-vision/install/ball_detector/include/ball_detector/ball_detector/msg/detail
[3.253s] -- Up-to-date: /home/altair/Documents/ALTAIR-vision/install/ball_detector/include/ball_detector/ball_detector/msg/detail/ball_distance__traits.hpp
[3.253s] -- Up-to-date: /home/altair/Documents/ALTAIR-vision/install/ball_detector/include/ball_detector/ball_detector/msg/detail/ball_distance__type_support.hpp
[3.253s] -- Up-to-date: /home/altair/Documents/ALTAIR-vision/install/ball_detector/include/ball_detector/ball_detector/msg/detail/ball_distance__builder.hpp
[3.253s] -- Up-to-date: /home/altair/Documents/ALTAIR-vision/install/ball_detector/include/ball_detector/ball_detector/msg/detail/ball_distance__struct.hpp
[3.254s] -- Up-to-date: /home/altair/Documents/ALTAIR-vision/install/ball_detector/include/ball_detector/ball_detector/msg/ball_distance.hpp
[3.254s] -- Up-to-date: /home/altair/Documents/ALTAIR-vision/install/ball_detector/include/ball_detector/ball_detector/msg/rosidl_generator_cpp__visibility_control.hpp
[3.254s] -- Up-to-date: /home/altair/Documents/ALTAIR-vision/install/ball_detector/include/ball_detector/ball_detector
[3.254s] -- Up-to-date: /home/altair/Documents/ALTAIR-vision/install/ball_detector/include/ball_detector/ball_detector/msg
[3.254s] -- Up-to-date: /home/altair/Documents/ALTAIR-vision/install/ball_detector/include/ball_detector/ball_detector/msg/detail
[3.254s] -- Up-to-date: /home/altair/Documents/ALTAIR-vision/install/ball_detector/include/ball_detector/ball_detector/msg/detail/ball_distance__rosidl_typesupport_fastrtps_cpp.hpp
[3.254s] -- Up-to-date: /home/altair/Documents/ALTAIR-vision/install/ball_detector/include/ball_detector/ball_detector/msg/detail/dds_fastrtps
[3.254s] -- Up-to-date: /home/altair/Documents/ALTAIR-vision/install/ball_detector/include/ball_detector/ball_detector/msg/rosidl_typesupport_fastrtps_cpp__visibility_control.h
[3.255s] -- Up-to-date: /home/altair/Documents/ALTAIR-vision/install/ball_detector/lib/libball_detector__rosidl_typesupport_fastrtps_cpp.so
[3.255s] -- Up-to-date: /home/altair/Documents/ALTAIR-vision/install/ball_detector/include/ball_detector/ball_detector
[3.255s] -- Up-to-date: /home/altair/Documents/ALTAIR-vision/install/ball_detector/include/ball_detector/ball_detector/msg
[3.255s] -- Up-to-date: /home/altair/Documents/ALTAIR-vision/install/ball_detector/include/ball_detector/ball_detector/msg/detail
[3.255s] -- Up-to-date: /home/altair/Documents/ALTAIR-vision/install/ball_detector/include/ball_detector/ball_detector/msg/detail/ball_distance__type_support.cpp
[3.255s] -- Up-to-date: /home/altair/Documents/ALTAIR-vision/install/ball_detector/include/ball_detector/ball_detector/msg/detail/ball_distance__rosidl_typesupport_introspection_cpp.hpp
[3.255s] -- Up-to-date: /home/altair/Documents/ALTAIR-vision/install/ball_detector/lib/libball_detector__rosidl_typesupport_introspection_cpp.so
[3.256s] -- Up-to-date: /home/altair/Documents/ALTAIR-vision/install/ball_detector/lib/libball_detector__rosidl_typesupport_cpp.so
[3.256s] -- Up-to-date: /home/altair/Documents/ALTAIR-vision/install/ball_detector/share/ball_detector/environment/pythonpath.sh
[3.257s] -- Up-to-date: /home/altair/Documents/ALTAIR-vision/install/ball_detector/share/ball_detector/environment/pythonpath.dsv
[3.257s] -- Up-to-date: /home/altair/Documents/ALTAIR-vision/install/ball_detector/lib/python3.12/site-packages/ball_detector-0.0.0-py3.12.egg-info
[3.257s] -- Installing: /home/altair/Documents/ALTAIR-vision/install/ball_detector/lib/python3.12/site-packages/ball_detector-0.0.0-py3.12.egg-info/SOURCES.txt
[3.257s] -- Installing: /home/altair/Documents/ALTAIR-vision/install/ball_detector/lib/python3.12/site-packages/ball_detector-0.0.0-py3.12.egg-info/PKG-INFO
[3.257s] -- Installing: /home/altair/Documents/ALTAIR-vision/install/ball_detector/lib/python3.12/site-packages/ball_detector-0.0.0-py3.12.egg-info/top_level.txt
[3.258s] -- Installing: /home/altair/Documents/ALTAIR-vision/install/ball_detector/lib/python3.12/site-packages/ball_detector-0.0.0-py3.12.egg-info/dependency_links.txt
[3.258s] -- Up-to-date: /home/altair/Documents/ALTAIR-vision/install/ball_detector/lib/python3.12/site-packages/ball_detector
[3.258s] -- Up-to-date: /home/altair/Documents/ALTAIR-vision/install/ball_detector/lib/python3.12/site-packages/ball_detector/ball_detector_s__rosidl_typesupport_introspection_c.so
[3.258s] -- Up-to-date: /home/altair/Documents/ALTAIR-vision/install/ball_detector/lib/python3.12/site-packages/ball_detector/_ball_detector_s.ep.rosidl_typesupport_fastrtps_c.c
[3.258s] -- Up-to-date: /home/altair/Documents/ALTAIR-vision/install/ball_detector/lib/python3.12/site-packages/ball_detector/ball_detector_s__rosidl_typesupport_fastrtps_c.so
[3.258s] -- Up-to-date: /home/altair/Documents/ALTAIR-vision/install/ball_detector/lib/python3.12/site-packages/ball_detector/_ball_detector_s.ep.rosidl_typesupport_introspection_c.c
[3.258s] -- Up-to-date: /home/altair/Documents/ALTAIR-vision/install/ball_detector/lib/python3.12/site-packages/ball_detector/ball_detector_s__rosidl_typesupport_c.so
[3.259s] -- Up-to-date: /home/altair/Documents/ALTAIR-vision/install/ball_detector/lib/python3.12/site-packages/ball_detector/msg
[3.259s] -- Up-to-date: /home/altair/Documents/ALTAIR-vision/install/ball_detector/lib/python3.12/site-packages/ball_detector/msg/_ball_distance.py
[3.259s] -- Up-to-date: /home/altair/Documents/ALTAIR-vision/install/ball_detector/lib/python3.12/site-packages/ball_detector/msg/_ball_distance_s.c
[3.259s] -- Up-to-date: /home/altair/Documents/ALTAIR-vision/install/ball_detector/lib/python3.12/site-packages/ball_detector/msg/__init__.py
[3.259s] -- Up-to-date: /home/altair/Documents/ALTAIR-vision/install/ball_detector/lib/python3.12/site-packages/ball_detector/_ball_detector_s.ep.rosidl_typesupport_c.c
[3.259s] -- Installing: /home/altair/Documents/ALTAIR-vision/install/ball_detector/lib/python3.12/site-packages/ball_detector/__init__.py
[3.348s] Listing '/home/altair/Documents/ALTAIR-vision/install/ball_detector/lib/python3.12/site-packages/ball_detector'...
[3.348s] Compiling '/home/altair/Documents/ALTAIR-vision/install/ball_detector/lib/python3.12/site-packages/ball_detector/__init__.py'...
[3.348s] Listing '/home/altair/Documents/ALTAIR-vision/install/ball_detector/lib/python3.12/site-packages/ball_detector/msg'...
[3.361s] -- Up-to-date: /home/altair/Documents/ALTAIR-vision/install/ball_detector/lib/python3.12/site-packages/ball_detector/ball_detector_s__rosidl_typesupport_fastrtps_c.so
[3.362s] -- Up-to-date: /home/altair/Documents/ALTAIR-vision/install/ball_detector/lib/python3.12/site-packages/ball_detector/ball_detector_s__rosidl_typesupport_introspection_c.so
[3.363s] -- Up-to-date: /home/altair/Documents/ALTAIR-vision/install/ball_detector/lib/python3.12/site-packages/ball_detector/ball_detector_s__rosidl_typesupport_c.so
[3.364s] -- Up-to-date: /home/altair/Documents/ALTAIR-vision/install/ball_detector/lib/libball_detector__rosidl_generator_py.so
[3.365s] -- Up-to-date: /home/altair/Documents/ALTAIR-vision/install/ball_detector/share/ball_detector/msg/BallDistance.idl
[3.365s] -- Up-to-date: /home/altair/Documents/ALTAIR-vision/install/ball_detector/share/ball_detector/msg/BallDistance.msg
[3.365s] -- Up-to-date: /home/altair/Documents/ALTAIR-vision/install/ball_detector/share/ament_index/resource_index/package_run_dependencies/ball_detector
[3.365s] -- Installing: /home/altair/Documents/ALTAIR-vision/install/ball_detector/share/ament_index/resource_index/parent_prefix_path/ball_detector
[3.366s] -- Up-to-date: /home/altair/Documents/ALTAIR-vision/install/ball_detector/share/ball_detector/environment/ament_prefix_path.sh
[3.367s] -- Up-to-date: /home/altair/Documents/ALTAIR-vision/install/ball_detector/share/ball_detector/environment/ament_prefix_path.dsv
[3.367s] -- Up-to-date: /home/altair/Documents/ALTAIR-vision/install/ball_detector/share/ball_detector/environment/path.sh
[3.367s] -- Up-to-date: /home/altair/Documents/ALTAIR-vision/install/ball_detector/share/ball_detector/environment/path.dsv
[3.368s] -- Up-to-date: /home/altair/Documents/ALTAIR-vision/install/ball_detector/share/ball_detector/local_setup.bash
[3.368s] -- Up-to-date: /home/altair/Documents/ALTAIR-vision/install/ball_detector/share/ball_detector/local_setup.sh
[3.368s] -- Up-to-date: /home/altair/Documents/ALTAIR-vision/install/ball_detector/share/ball_detector/local_setup.zsh
[3.368s] -- Up-to-date: /home/altair/Documents/ALTAIR-vision/install/ball_detector/share/ball_detector/local_setup.dsv
[3.369s] -- Installing: /home/altair/Documents/ALTAIR-vision/install/ball_detector/share/ball_detector/package.dsv
[3.369s] -- Up-to-date: /home/altair/Documents/ALTAIR-vision/install/ball_detector/share/ament_index/resource_index/packages/ball_detector
[3.369s] -- Up-to-date: /home/altair/Documents/ALTAIR-vision/install/ball_detector/share/ball_detector/cmake/export_ball_detector__rosidl_generator_cExport.cmake
[3.369s] -- Up-to-date: /home/altair/Documents/ALTAIR-vision/install/ball_detector/share/ball_detector/cmake/export_ball_detector__rosidl_generator_cExport-noconfig.cmake
[3.370s] -- Up-to-date: /home/altair/Documents/ALTAIR-vision/install/ball_detector/share/ball_detector/cmake/export_ball_detector__rosidl_typesupport_fastrtps_cExport.cmake
[3.370s] -- Up-to-date: /home/altair/Documents/ALTAIR-vision/install/ball_detector/share/ball_detector/cmake/export_ball_detector__rosidl_typesupport_fastrtps_cExport-noconfig.cmake
[3.370s] -- Up-to-date: /home/altair/Documents/ALTAIR-vision/install/ball_detector/share/ball_detector/cmake/ball_detector__rosidl_typesupport_introspection_cExport.cmake
[3.371s] -- Up-to-date: /home/altair/Documents/ALTAIR-vision/install/ball_detector/share/ball_detector/cmake/ball_detector__rosidl_typesupport_introspection_cExport-noconfig.cmake
[3.371s] -- Up-to-date: /home/altair/Documents/ALTAIR-vision/install/ball_detector/share/ball_detector/cmake/ball_detector__rosidl_typesupport_cExport.cmake
[3.371s] -- Up-to-date: /home/altair/Documents/ALTAIR-vision/install/ball_detector/share/ball_detector/cmake/ball_detector__rosidl_typesupport_cExport-noconfig.cmake
[3.371s] -- Up-to-date: /home/altair/Documents/ALTAIR-vision/install/ball_detector/share/ball_detector/cmake/export_ball_detector__rosidl_generator_cppExport.cmake
[3.372s] -- Up-to-date: /home/altair/Documents/ALTAIR-vision/install/ball_detector/share/ball_detector/cmake/export_ball_detector__rosidl_typesupport_fastrtps_cppExport.cmake
[3.372s] -- Up-to-date: /home/altair/Documents/ALTAIR-vision/install/ball_detector/share/ball_detector/cmake/export_ball_detector__rosidl_typesupport_fastrtps_cppExport-noconfig.cmake
[3.372s] -- Up-to-date: /home/altair/Documents/ALTAIR-vision/install/ball_detector/share/ball_detector/cmake/ball_detector__rosidl_typesupport_introspection_cppExport.cmake
[3.373s] -- Up-to-date: /home/altair/Documents/ALTAIR-vision/install/ball_detector/share/ball_detector/cmake/ball_detector__rosidl_typesupport_introspection_cppExport-noconfig.cmake
[3.373s] -- Up-to-date: /home/altair/Documents/ALTAIR-vision/install/ball_detector/share/ball_detector/cmake/ball_detector__rosidl_typesupport_cppExport.cmake
[3.373s] -- Up-to-date: /home/altair/Documents/ALTAIR-vision/install/ball_detector/share/ball_detector/cmake/ball_detector__rosidl_typesupport_cppExport-noconfig.cmake
[3.373s] -- Up-to-date: /home/altair/Documents/ALTAIR-vision/install/ball_detector/share/ball_detector/cmake/export_ball_detector__rosidl_generator_pyExport.cmake
[3.374s] -- Up-to-date: /home/altair/Documents/ALTAIR-vision/install/ball_detector/share/ball_detector/cmake/export_ball_detector__rosidl_generator_pyExport-noconfig.cmake
[3.374s] -- Up-to-date: /home/altair/Documents/ALTAIR-vision/install/ball_detector/share/ball_detector/cmake/rosidl_cmake-extras.cmake
[3.374s] -- Up-to-date: /home/altair/Documents/ALTAIR-vision/install/ball_detector/share/ball_detector/cmake/ament_cmake_export_dependencies-extras.cmake
[3.375s] -- Up-to-date: /home/altair/Documents/ALTAIR-vision/install/ball_detector/share/ball_detector/cmake/ament_cmake_export_include_directories-extras.cmake
[3.375s] -- Up-to-date: /home/altair/Documents/ALTAIR-vision/install/ball_detector/share/ball_detector/cmake/ament_cmake_export_libraries-extras.cmake
[3.375s] -- Up-to-date: /home/altair/Documents/ALTAIR-vision/install/ball_detector/share/ball_detector/cmake/ament_cmake_export_targets-extras.cmake
[3.375s] -- Up-to-date: /home/altair/Documents/ALTAIR-vision/install/ball_detector/share/ball_detector/cmake/rosidl_cmake_export_typesupport_targets-extras.cmake
[3.376s] -- Up-to-date: /home/altair/Documents/ALTAIR-vision/install/ball_detector/share/ball_detector/cmake/rosidl_cmake_export_typesupport_libraries-extras.cmake
[3.376s] -- Up-to-date: /home/altair/Documents/ALTAIR-vision/install/ball_detector/share/ball_detector/cmake/ball_detectorConfig.cmake
[3.376s] -- Up-to-date: /home/altair/Documents/ALTAIR-vision/install/ball_detector/share/ball_detector/cmake/ball_detectorConfig-version.cmake
[3.376s] -- Up-to-date: /home/altair/Documents/ALTAIR-vision/install/ball_detector/share/ball_detector/package.xml
[3.381s] Invoked command in '/home/altair/Documents/ALTAIR-vision/build/ball_detector' returned '0': CMAKE_PREFIX_PATH=${CMAKE_PREFIX_PATH}:/opt/ros/jazzy DEBUGINFOD_URLS=https://debuginfod.ubuntu.com /usr/bin/cmake --install /home/altair/Documents/ALTAIR-vision/build/ball_detector
