[1.461s] Invoking command in '/home/abyan/Documents/ALTAIR-vision/src/soccer_field_map_generator/soccer_field_map_generator': DEBUGINFOD_URLS=https://debuginfod.ubuntu.com PYTHONPATH=/home/abyan/Documents/ALTAIR-vision/build/soccer_field_map_generator/prefix_override:/usr/lib/python3/dist-packages/colcon_core/task/python/colcon_distutils_commands:/home/abyan/Documents/ALTAIR-vision/install/soccer_field_map_generator/lib/python3.12/site-packages:${PYTHONPATH} /usr/bin/python3 -W ignore:setup.py install is deprecated -W ignore:easy_install command is deprecated setup.py egg_info --egg-base ../../../build/soccer_field_map_generator build --build-base /home/abyan/Documents/ALTAIR-vision/build/soccer_field_map_generator/build install --record /home/abyan/Documents/ALTAIR-vision/build/soccer_field_map_generator/install.log --single-version-externally-managed install_data
[1.900s] running egg_info
[1.928s] writing ../../../build/soccer_field_map_generator/soccer_field_map_generator.egg-info/PKG-INFO
[1.928s] writing dependency_links to ../../../build/soccer_field_map_generator/soccer_field_map_generator.egg-info/dependency_links.txt
[1.929s] writing entry points to ../../../build/soccer_field_map_generator/soccer_field_map_generator.egg-info/entry_points.txt
[1.929s] writing requirements to ../../../build/soccer_field_map_generator/soccer_field_map_generator.egg-info/requires.txt
[1.930s] writing top-level names to ../../../build/soccer_field_map_generator/soccer_field_map_generator.egg-info/top_level.txt
[1.986s] reading manifest file '../../../build/soccer_field_map_generator/soccer_field_map_generator.egg-info/SOURCES.txt'
[1.987s] writing manifest file '../../../build/soccer_field_map_generator/soccer_field_map_generator.egg-info/SOURCES.txt'
[1.988s] running build
[1.988s] running build_py
[1.989s] running install
[2.002s] running install_lib
[2.031s] running install_data
[2.032s] running install_egg_info
[2.061s] removing '/home/abyan/Documents/ALTAIR-vision/install/soccer_field_map_generator/lib/python3.12/site-packages/soccer_field_map_generator-0.0.0-py3.12.egg-info' (and everything under it)
[2.061s] Copying ../../../build/soccer_field_map_generator/soccer_field_map_generator.egg-info to /home/abyan/Documents/ALTAIR-vision/install/soccer_field_map_generator/lib/python3.12/site-packages/soccer_field_map_generator-0.0.0-py3.12.egg-info
[2.062s] running install_scripts
[2.265s] Installing cli script to /home/abyan/Documents/ALTAIR-vision/install/soccer_field_map_generator/lib/soccer_field_map_generator
[2.267s] Installing gui script to /home/abyan/Documents/ALTAIR-vision/install/soccer_field_map_generator/lib/soccer_field_map_generator
[2.268s] writing list of installed files to '/home/abyan/Documents/ALTAIR-vision/build/soccer_field_map_generator/install.log'
[2.326s] Invoked command in '/home/abyan/Documents/ALTAIR-vision/src/soccer_field_map_generator/soccer_field_map_generator' returned '0': DEBUGINFOD_URLS=https://debuginfod.ubuntu.com PYTHONPATH=/home/abyan/Documents/ALTAIR-vision/build/soccer_field_map_generator/prefix_override:/usr/lib/python3/dist-packages/colcon_core/task/python/colcon_distutils_commands:/home/abyan/Documents/ALTAIR-vision/install/soccer_field_map_generator/lib/python3.12/site-packages:${PYTHONPATH} /usr/bin/python3 -W ignore:setup.py install is deprecated -W ignore:easy_install command is deprecated setup.py egg_info --egg-base ../../../build/soccer_field_map_generator build --build-base /home/abyan/Documents/ALTAIR-vision/build/soccer_field_map_generator/build install --record /home/abyan/Documents/ALTAIR-vision/build/soccer_field_map_generator/install.log --single-version-externally-managed install_data
