[0.359s] Invoking command in '/home/abyan/Documents/FOR_ALTAIR/ALTAIR-vision/build/temp_ball_detector': CMAKE_PREFIX_PATH=${CMAKE_PREFIX_PATH}:/opt/ros/jazzy DEBUGINFOD_URLS=https://debuginfod.ubuntu.com /usr/bin/cmake --build /home/abyan/Documents/FOR_ALTAIR/ALTAIR-vision/build/temp_ball_detector -- -j16 -l16
[0.562s] [  2%] [34m[1mGenerating type hashes for ROS interfaces[0m
[0.562s] [  2%] Built target ament_cmake_python_copy_temp_ball_detector
[0.562s] [  2%] Built target temp_ball_detector__rosidl_generator_type_description
[0.562s] [  5%] [34m[1mGenerating C code for ROS interfaces[0m
[0.564s] [  8%] [34m[1mGenerating C++ code for ROS interfaces[0m
[0.661s] running egg_info
[0.662s] creating temp_ball_detector.egg-info
[0.683s] writing temp_ball_detector.egg-info/PKG-INFO
[0.683s] writing dependency_links to temp_ball_detector.egg-info/dependency_links.txt
[0.683s] writing top-level names to temp_ball_detector.egg-info/top_level.txt
[0.683s] writing manifest file 'temp_ball_detector.egg-info/SOURCES.txt'
[0.736s] [  8%] Built target temp_ball_detector__cpp
[0.746s] reading manifest file 'temp_ball_detector.egg-info/SOURCES.txt'
[0.747s] writing manifest file 'temp_ball_detector.egg-info/SOURCES.txt'
[0.769s] [ 11%] [32mBuilding C object CMakeFiles/temp_ball_detector__rosidl_generator_c.dir/rosidl_generator_c/temp_ball_detector/msg/detail/ball_distance__type_support.c.o[0m
[0.770s] [ 14%] [32mBuilding C object CMakeFiles/temp_ball_detector__rosidl_generator_c.dir/rosidl_generator_c/temp_ball_detector/msg/detail/ball_distance__description.c.o[0m
[0.770s] [ 17%] [32mBuilding C object CMakeFiles/temp_ball_detector__rosidl_generator_c.dir/rosidl_generator_c/temp_ball_detector/msg/detail/ball_distance__functions.c.o[0m
[0.781s] [ 17%] Built target ament_cmake_python_build_temp_ball_detector_egg
[0.813s] [ 20%] [32m[1mLinking C shared library libtemp_ball_detector__rosidl_generator_c.so[0m
[0.845s] [ 20%] Built target temp_ball_detector__rosidl_generator_c
[0.854s] [ 23%] [34m[1mGenerating C++ introspection for ROS interfaces[0m
[0.854s] [ 26%] [34m[1mGenerating C introspection for ROS interfaces[0m
[0.854s] [ 35%] [34m[1mGenerating C type support dispatch for ROS interfaces[0m
[0.854s] [ 35%] [34m[1mGenerating C type support for eProsima Fast-RTPS[0m
[0.855s] [ 35%] [34m[1mGenerating C++ type support dispatch for ROS interfaces[0m
[0.855s] [ 38%] [34m[1mGenerating C++ type support for eProsima Fast-RTPS[0m
[1.028s] [ 41%] [32mBuilding CXX object CMakeFiles/temp_ball_detector__rosidl_typesupport_cpp.dir/rosidl_typesupport_cpp/temp_ball_detector/msg/ball_distance__type_support.cpp.o[0m
[1.050s] [ 44%] [32mBuilding CXX object CMakeFiles/temp_ball_detector__rosidl_typesupport_fastrtps_c.dir/rosidl_typesupport_fastrtps_c/temp_ball_detector/msg/detail/ball_distance__type_support_c.cpp.o[0m
[1.053s] [ 47%] [32mBuilding CXX object CMakeFiles/temp_ball_detector__rosidl_typesupport_fastrtps_cpp.dir/rosidl_typesupport_fastrtps_cpp/temp_ball_detector/msg/detail/dds_fastrtps/ball_distance__type_support.cpp.o[0m
[1.104s] [ 50%] [32mBuilding CXX object CMakeFiles/temp_ball_detector__rosidl_typesupport_c.dir/rosidl_typesupport_c/temp_ball_detector/msg/ball_distance__type_support.cpp.o[0m
[1.109s] [ 52%] [32mBuilding CXX object CMakeFiles/temp_ball_detector__rosidl_typesupport_introspection_cpp.dir/rosidl_typesupport_introspection_cpp/temp_ball_detector/msg/detail/ball_distance__type_support.cpp.o[0m
[1.125s] [ 55%] [32mBuilding C object CMakeFiles/temp_ball_detector__rosidl_typesupport_introspection_c.dir/rosidl_typesupport_introspection_c/temp_ball_detector/msg/detail/ball_distance__type_support.c.o[0m
[1.147s] [ 58%] [32m[1mLinking CXX shared library libtemp_ball_detector__rosidl_typesupport_c.so[0m
[1.167s] [ 61%] [32m[1mLinking C shared library libtemp_ball_detector__rosidl_typesupport_introspection_c.so[0m
[1.185s] [ 61%] Built target temp_ball_detector__rosidl_typesupport_c
[1.201s] [ 61%] Built target temp_ball_detector__rosidl_typesupport_introspection_c
[1.273s] [ 64%] [32m[1mLinking CXX shared library libtemp_ball_detector__rosidl_typesupport_cpp.so[0m
[1.312s] [ 64%] Built target temp_ball_detector__rosidl_typesupport_cpp
[1.395s] [ 70%] [32m[1mLinking CXX shared library libtemp_ball_detector__rosidl_typesupport_introspection_cpp.so[0m
[1.395s] [ 70%] [32m[1mLinking CXX shared library libtemp_ball_detector__rosidl_typesupport_fastrtps_c.so[0m
[1.431s] [ 73%] [32m[1mLinking CXX shared library libtemp_ball_detector__rosidl_typesupport_fastrtps_cpp.so[0m
[1.431s] [ 73%] Built target temp_ball_detector__rosidl_typesupport_fastrtps_c
[1.432s] [ 73%] Built target temp_ball_detector__rosidl_typesupport_introspection_cpp
[1.473s] [ 73%] Built target temp_ball_detector__rosidl_typesupport_fastrtps_cpp
[1.491s] [ 73%] Built target temp_ball_detector
[1.509s] [ 76%] [34m[1mGenerating Python code for ROS interfaces[0m
[1.687s] [ 76%] Built target temp_ball_detector__py
[1.705s] [ 79%] [32mBuilding C object CMakeFiles/temp_ball_detector__rosidl_generator_py.dir/rosidl_generator_py/temp_ball_detector/msg/_ball_distance_s.c.o[0m
[1.799s] [ 82%] [32m[1mLinking C shared library libtemp_ball_detector__rosidl_generator_py.so[0m
[1.835s] [ 82%] Built target temp_ball_detector__rosidl_generator_py
[1.851s] [ 85%] [32mBuilding C object CMakeFiles/temp_ball_detector_s__rosidl_typesupport_introspection_c.dir/rosidl_generator_py/temp_ball_detector/_temp_ball_detector_s.ep.rosidl_typesupport_introspection_c.c.o[0m
[1.851s] [ 88%] [32mBuilding C object CMakeFiles/temp_ball_detector_s__rosidl_typesupport_c.dir/rosidl_generator_py/temp_ball_detector/_temp_ball_detector_s.ep.rosidl_typesupport_c.c.o[0m
[1.851s] [ 91%] [32mBuilding C object CMakeFiles/temp_ball_detector_s__rosidl_typesupport_fastrtps_c.dir/rosidl_generator_py/temp_ball_detector/_temp_ball_detector_s.ep.rosidl_typesupport_fastrtps_c.c.o[0m
[1.920s] [ 94%] [32m[1mLinking C shared module rosidl_generator_py/temp_ball_detector/temp_ball_detector_s__rosidl_typesupport_fastrtps_c.so[0m
[1.927s] [ 97%] [32m[1mLinking C shared module rosidl_generator_py/temp_ball_detector/temp_ball_detector_s__rosidl_typesupport_c.so[0m
[1.931s] [100%] [32m[1mLinking C shared module rosidl_generator_py/temp_ball_detector/temp_ball_detector_s__rosidl_typesupport_introspection_c.so[0m
[1.953s] [100%] Built target temp_ball_detector_s__rosidl_typesupport_fastrtps_c
[1.953s] [100%] Built target temp_ball_detector_s__rosidl_typesupport_c
[1.958s] [100%] Built target temp_ball_detector_s__rosidl_typesupport_introspection_c
