-- CMAKE_CURRENT_SOURCE_DIR: /home/abyan/Documents/FOR_ALTAIR/ALTAIR-vision/src/ball_detect
-- Found ament_cmake: 2.5.3 (/opt/ros/jazzy/share/ament_cmake/cmake)
-- Found rclcpp: 28.1.6 (/opt/ros/jazzy/share/rclcpp/cmake)
-- Found rosidl_generator_c: 4.6.5 (/opt/ros/jazzy/share/rosidl_generator_c/cmake)
-- Found rosidl_generator_cpp: 4.6.5 (/opt/ros/jazzy/share/rosidl_generator_cpp/cmake)
-- Using all available rosidl_typesupport_c: rosidl_typesupport_fastrtps_c;rosidl_typesupport_introspection_c
-- Using all available rosidl_typesupport_cpp: rosidl_typesupport_fastrtps_cpp;rosidl_typesupport_introspection_cpp
-- Found rmw_implementation_cmake: 7.3.1 (/opt/ros/jazzy/share/rmw_implementation_cmake/cmake)
-- Found rmw_fastrtps_cpp: 8.4.1 (/opt/ros/jazzy/share/rmw_fastrtps_cpp/cmake)
-- Using RMW implementation 'rmw_fastrtps_cpp' as default
-- Found sensor_msgs: 5.3.5 (/opt/ros/jazzy/share/sensor_msgs/cmake)
-- Found cv_bridge: 4.1.0 (/opt/ros/jazzy/share/cv_bridge/cmake)
-- Found image_transport: 5.1.5 (/opt/ros/jazzy/share/image_transport/cmake)
-- Found ament_lint_auto: 0.17.1 (/opt/ros/jazzy/share/ament_lint_auto/cmake)
-- Added test 'cppcheck' to perform static code analysis on C / C++ code
-- Configured cppcheck include dirs: /home/abyan/Documents/FOR_ALTAIR/ALTAIR-vision/src/ball_detect/include
-- Configured cppcheck exclude dirs and/or files: 
-- Added test 'lint_cmake' to check CMake code style
-- Added test 'uncrustify' to check C / C++ code style
-- Configured uncrustify additional arguments: 
-- Added test 'xmllint' to check XML markup files
-- Configuring done (1.6s)
-- Generating done (0.0s)
-- Build files have been written to: /home/abyan/Documents/FOR_ALTAIR/ALTAIR-vision/build/ball_detect
[ 66%] [32mBuilding CXX object CMakeFiles/ball_det.dir/src/ball_detector_node.cpp.o[0m
[ 66%] [32mBuilding CXX object CMakeFiles/ball_det.dir/src/ball_detect.cpp.o[0m
[01m[K/home/abyan/Documents/FOR_ALTAIR/ALTAIR-vision/src/ball_detect/src/ball_detect.cpp:206:18:[m[K [01;31m[Kerror: [m[Kstray ‘[01m[K#[m[K’ in program
  206 |               con[01;31m[K#[m[K Add executable
      |                  [01;31m[K^[m[K
In file included from [01m[K/home/abyan/Documents/FOR_ALTAIR/ALTAIR-vision/src/ball_detect/src/ball_detect.cpp:1[m[K:
[01m[K/home/abyan/Documents/FOR_ALTAIR/ALTAIR-vision/src/ball_detect/include/ball_detect/ball_detect.hpp:66:5:[m[K [01;31m[Kerror: [m[Kstorage class specified for ‘[01m[Kcenter_x[m[K’
   66 |     [01;31m[Kextern[m[K int center_x ;
      |     [01;31m[K^~~~~~[m[K
[01m[K/home/abyan/Documents/FOR_ALTAIR/ALTAIR-vision/src/ball_detect/include/ball_detect/ball_detect.hpp:67:5:[m[K [01;31m[Kerror: [m[Kstorage class specified for ‘[01m[Kcenter_y[m[K’
   67 |     [01;31m[Kextern[m[K int center_y ;
      |     [01;31m[K^~~~~~[m[K
In file included from [01m[K/home/abyan/Documents/FOR_ALTAIR/ALTAIR-vision/src/ball_detect/src/ball_detector_node.cpp:1[m[K:
[01m[K/home/abyan/Documents/FOR_ALTAIR/ALTAIR-vision/src/ball_detect/include/ball_detect/ball_detect.hpp:66:5:[m[K [01;31m[Kerror: [m[Kstorage class specified for ‘[01m[Kcenter_x[m[K’
   66 |     [01;31m[Kextern[m[K int center_x ;
      |     [01;31m[K^~~~~~[m[K
[01m[K/home/abyan/Documents/FOR_ALTAIR/ALTAIR-vision/src/ball_detect/include/ball_detect/ball_detect.hpp:67:5:[m[K [01;31m[Kerror: [m[Kstorage class specified for ‘[01m[Kcenter_y[m[K’
   67 |     [01;31m[Kextern[m[K int center_y ;
      |     [01;31m[K^~~~~~[m[K
[01m[K/home/abyan/Documents/FOR_ALTAIR/ALTAIR-vision/src/ball_detect/src/ball_detect.cpp:[m[K In constructor ‘[01m[KBallDetector::[01;32m[KBallDetector[m[K()[m[K’:
[01m[K/home/abyan/Documents/FOR_ALTAIR/ALTAIR-vision/src/ball_detect/src/ball_detect.cpp:35:33:[m[K [01;31m[Kerror: [m[Kinvalid initialization of reference of type ‘[01m[Kconst image_transport::CameraSubscriber::Callback&[m[K’ {aka ‘[01m[Kconst std::function<void(const std::shared_ptr<const sensor_msgs::msg::Image_<std::allocator<void> > >&, const std::shared_ptr<const sensor_msgs::msg::CameraInfo_<std::allocator<void> > >&)>&[m[K’} from expression of type ‘[01m[Kstd::_Bind_helper<false, void (BallDetector::*)(const std::shared_ptr<sensor_msgs::msg::Image_<std::allocator<void> > >&, const std::shared_ptr<sensor_msgs::msg::CameraInfo_<std::allocator<void> > >&), BallDetector*, const std::_Placeholder<1>&, const std::_Placeholder<2>&>::type[m[K’
   35 |     this, "image_raw", [01;31m[Kstd::bind(&BallDetector::image_callback, this,[m[K
      |                        [01;31m[K~~~~~~~~~^~~~~~~~~~~~~~~~~~~~~~~~~~~~~~~~~~~~~[m[K
   36 | [01;31m[K    std::placeholders::_1, std::placeholders::_2)[m[K, "raw", rmw_qos_profile_sensor_data);
      |     [01;31m[K~~~~~~~~~~~~~~~~~~~~~~~~~~~~~~~~~~~~~~~~~~~~~[m[K
In file included from [01m[K/home/abyan/Documents/FOR_ALTAIR/ALTAIR-vision/src/ball_detect/include/ball_detect/ball_detect.hpp:22[m[K:
[01m[K/opt/ros/jazzy/include/image_transport/image_transport/image_transport.hpp:88:38:[m[K [01;36m[Knote: [m[Kin passing argument 3 of ‘[01m[Kimage_transport::CameraSubscriber image_transport::[01;32m[Kcreate_camera_subscription[m[K(rclcpp::Node*, const std::string&, const CameraSubscriber::Callback&, const std::string&, rmw_qos_profile_t)[m[K’
   88 |   [01;36m[Kconst CameraSubscriber::Callback & callback[m[K,
      |   [01;36m[K~~~~~~~~~~~~~~~~~~~~~~~~~~~~~~~~~~~^~~~~~~~[m[K
[01m[K/home/abyan/Documents/FOR_ALTAIR/ALTAIR-vision/src/ball_detect/src/ball_detect.cpp:40:80:[m[K [01;31m[Kerror: [m[Kexpected ‘[01m[K;[m[K’ before ‘[01m[Kdo[m[K’
   40 |   ball_image_pub_ = create_publisher<sensor_msgs::msg::Image>("ball_image", 10)
      |                                                                                [01;31m[K^[m[K
      |                                                                                [32m[K;[m[K
[01m[K/home/abyan/Documents/FOR_ALTAIR/ALTAIR-vision/src/ball_detect/src/ball_detect.cpp:[m[K In member function ‘[01m[Kstd::vector<double, std::allocator<double> > BallDetector::[01;32m[KmovingAverage[m[K(const std::vector<double, std::allocator<double> >&, int)[m[K’:
[01m[K/home/abyan/Documents/FOR_ALTAIR/ALTAIR-vision/src/ball_detect/src/ball_detect.cpp:168:21:[m[K [01;35m[Kwarning: [m[Kcomparison of integer expressions of different signedness: ‘[01m[Kint[m[K’ and ‘[01m[Kstd::vector<double, std::allocator<double> >::size_type[m[K’ {aka ‘[01m[Klong unsigned int[m[K’} [[01;35m[K]8;;https://gcc.gnu.org/onlinedocs/gcc/Warning-Options.html#index-Wsign-compare-Wsign-compare]8;;[m[K]
  168 |   for (int i = 0; [01;35m[Ki < data.size()[m[K; ++i) {
      |                   [01;35m[K~~^~~~~~~~~~~~~[m[K
[01m[K/home/abyan/Documents/FOR_ALTAIR/ALTAIR-vision/src/ball_detect/src/ball_detect.cpp:[m[K In member function ‘[01m[Kcv::Mat BallDetector::[01;32m[Kdetect[m[K(const cv::Mat&, const cv::Mat&, cv::Mat, std::vector<double, std::allocator<double> >&, int)[m[K’:
[01m[K/home/abyan/Documents/FOR_ALTAIR/ALTAIR-vision/src/ball_detect/src/ball_detect.cpp:206:15:[m[K [01;31m[Kerror: [m[K‘[01m[Kcon[m[K’ was not declared in this scope; did you mean ‘[01m[Kcos[m[K’?
  206 |               [01;31m[Kcon[m[K# Add executable
      |               [01;31m[K^~~[m[K
      |               [32m[Kcos[m[K
[01m[K/home/abyan/Documents/FOR_ALTAIR/ALTAIR-vision/src/ball_detect/src/ball_detect.cpp:314:35:[m[K [01;35m[Kwarning: [m[Kcomparison of integer expressions of different signedness: ‘[01m[Kstd::vector<double, std::allocator<double> >::size_type[m[K’ {aka ‘[01m[Klong unsigned int[m[K’} and ‘[01m[Kint[m[K’ [[01;35m[K]8;;https://gcc.gnu.org/onlinedocs/gcc/Warning-Options.html#index-Wsign-compare-Wsign-compare]8;;[m[K]
  314 |         if([01;35m[KdistanceHistory.size() >= movingAverageWindow[m[K) {
      |            [01;35m[K~~~~~~~~~~~~~~~~~~~~~~~^~~~~~~~~~~~~~~~~~~~~~[m[K
[01m[K/home/abyan/Documents/FOR_ALTAIR/ALTAIR-vision/src/ball_detect/src/ball_detect.cpp:[m[K At global scope:
[01m[K/home/abyan/Documents/FOR_ALTAIR/ALTAIR-vision/src/ball_detect/src/ball_detect.cpp:356:6:[m[K [01;31m[Kerror: [m[Kno declaration matches ‘[01m[Kvoid BallDetector::[01;32m[Kimage_callback[m[K(const sensor_msgs::msg::Image_<std::allocator<void> >::ConstSharedPtr&, const sensor_msgs::msg::CameraInfo_<std::allocator<void> >::ConstSharedPtr&)[m[K’
  356 | void [01;31m[KBallDetector[m[K::image_callback(const sensor_msgs::msg::Image::ConstSharedPtr& img_msg, const sensor_msgs::msg::CameraInfo::ConstSharedPtr& cinfo_msg)
      |      [01;31m[K^~~~~~~~~~~~[m[K
[01m[K/home/abyan/Documents/FOR_ALTAIR/ALTAIR-vision/src/ball_detect/include/ball_detect/ball_detect.hpp:40:10:[m[K [01;36m[Knote: [m[Kcandidate is: ‘[01m[Kvoid BallDetector::[01;32m[Kimage_callback[m[K(const sensor_msgs::msg::Image_<std::allocator<void> >::SharedPtr&, const sensor_msgs::msg::CameraInfo_<std::allocator<void> >::SharedPtr&)[m[K’
   40 |     void [01;36m[Kimage_callback[m[K(
      |          [01;36m[K^~~~~~~~~~~~~~[m[K
[01m[K/home/abyan/Documents/FOR_ALTAIR/ALTAIR-vision/src/ball_detect/include/ball_detect/ball_detect.hpp:24:7:[m[K [01;36m[Knote: [m[K‘[01m[Kclass BallDetector[m[K’ defined here
   24 | class [01;36m[KBallDetector[m[K : public rclcpp::Node
      |       [01;36m[K^~~~~~~~~~~~[m[K
gmake[2]: *** [CMakeFiles/ball_det.dir/build.make:90: CMakeFiles/ball_det.dir/src/ball_detector_node.cpp.o] Error 1
gmake[2]: *** Waiting for unfinished jobs....
gmake[2]: *** [CMakeFiles/ball_det.dir/build.make:76: CMakeFiles/ball_det.dir/src/ball_detect.cpp.o] Error 1
gmake[1]: *** [CMakeFiles/Makefile2:137: CMakeFiles/ball_det.dir/all] Error 2
gmake: *** [Makefile:146: all] Error 2
