[0.171s] Invoking command in '/home/abyan/Documents/FOR_ALTAIR/ALTAIR-vision/build/altair_calibration': CMAKE_PREFIX_PATH=${CMAKE_PREFIX_PATH}:/opt/ros/jazzy DEBUGINFOD_URLS=https://debuginfod.ubuntu.com /usr/bin/cmake --build /home/abyan/Documents/FOR_ALTAIR/ALTAIR-vision/build/altair_calibration -- -j16 -l16
[2.652s] [100%] Built target cam_calibration
[3.478s] Invoked command in '/home/abyan/Documents/FOR_ALTAIR/ALTAIR-vision/build/altair_calibration' returned '0': CMAKE_PREFIX_PATH=${CMAKE_PREFIX_PATH}:/opt/ros/jazzy DEBUGINFOD_URLS=https://debuginfod.ubuntu.com /usr/bin/cmake --build /home/abyan/Documents/FOR_ALTAIR/ALTAIR-vision/build/altair_calibration -- -j16 -l16
[3.509s] Invoking command in '/home/abyan/Documents/FOR_ALTAIR/ALTAIR-vision/build/altair_calibration': CMAKE_PREFIX_PATH=${CMAKE_PREFIX_PATH}:/opt/ros/jazzy DEBUGINFOD_URLS=https://debuginfod.ubuntu.com /usr/bin/cmake --install /home/abyan/Documents/FOR_ALTAIR/ALTAIR-vision/build/altair_calibration
[3.540s] -- Install configuration: ""
[3.541s] -- Up-to-date: /home/abyan/Documents/FOR_ALTAIR/ALTAIR-vision/install/altair_calibration/share/altair_calibration/launch
[3.541s] -- Up-to-date: /home/abyan/Documents/FOR_ALTAIR/ALTAIR-vision/install/altair_calibration/share/altair_calibration/launch/cam_calibration.launch.py
[3.542s] -- Installing: /home/abyan/Documents/FOR_ALTAIR/ALTAIR-vision/install/altair_calibration/lib/altair_calibration/cam_calibration
[3.565s] -- Set non-toolchain portion of runtime path of "/home/abyan/Documents/FOR_ALTAIR/ALTAIR-vision/install/altair_calibration/lib/altair_calibration/cam_calibration" to ""
[3.568s] -- Up-to-date: /home/abyan/Documents/FOR_ALTAIR/ALTAIR-vision/install/altair_calibration/share/ament_index/resource_index/package_run_dependencies/altair_calibration
[3.569s] -- Installing: /home/abyan/Documents/FOR_ALTAIR/ALTAIR-vision/install/altair_calibration/share/ament_index/resource_index/parent_prefix_path/altair_calibration
[3.569s] -- Installing: /home/abyan/Documents/FOR_ALTAIR/ALTAIR-vision/install/altair_calibration/share/altair_calibration/environment/ament_prefix_path.sh
[3.569s] -- Up-to-date: /home/abyan/Documents/FOR_ALTAIR/ALTAIR-vision/install/altair_calibration/share/altair_calibration/environment/ament_prefix_path.dsv
[3.570s] -- Installing: /home/abyan/Documents/FOR_ALTAIR/ALTAIR-vision/install/altair_calibration/share/altair_calibration/environment/path.sh
[3.570s] -- Up-to-date: /home/abyan/Documents/FOR_ALTAIR/ALTAIR-vision/install/altair_calibration/share/altair_calibration/environment/path.dsv
[3.571s] -- Up-to-date: /home/abyan/Documents/FOR_ALTAIR/ALTAIR-vision/install/altair_calibration/share/altair_calibration/local_setup.bash
[3.571s] -- Up-to-date: /home/abyan/Documents/FOR_ALTAIR/ALTAIR-vision/install/altair_calibration/share/altair_calibration/local_setup.sh
[3.571s] -- Up-to-date: /home/abyan/Documents/FOR_ALTAIR/ALTAIR-vision/install/altair_calibration/share/altair_calibration/local_setup.zsh
[3.572s] -- Up-to-date: /home/abyan/Documents/FOR_ALTAIR/ALTAIR-vision/install/altair_calibration/share/altair_calibration/local_setup.dsv
[3.572s] -- Up-to-date: /home/abyan/Documents/FOR_ALTAIR/ALTAIR-vision/install/altair_calibration/share/altair_calibration/package.dsv
[3.572s] -- Up-to-date: /home/abyan/Documents/FOR_ALTAIR/ALTAIR-vision/install/altair_calibration/share/ament_index/resource_index/packages/altair_calibration
[3.573s] -- Up-to-date: /home/abyan/Documents/FOR_ALTAIR/ALTAIR-vision/install/altair_calibration/share/altair_calibration/cmake/altair_calibrationConfig.cmake
[3.573s] -- Up-to-date: /home/abyan/Documents/FOR_ALTAIR/ALTAIR-vision/install/altair_calibration/share/altair_calibration/cmake/altair_calibrationConfig-version.cmake
[3.573s] -- Up-to-date: /home/abyan/Documents/FOR_ALTAIR/ALTAIR-vision/install/altair_calibration/share/altair_calibration/package.xml
