[4.703s] Invoking command in '/home/abyan/Documents/FOR_ALTAIR/ALTAIR-vision/src/ball_detector': CONDA_PROMPT_MODIFIER=(base) DEBUGINFOD_URLS=https://debuginfod.ubuntu.com PYTHONPATH=/home/abyan/Documents/FOR_ALTAIR/ALTAIR-vision/build/ball_detector/prefix_override:/usr/lib/python3/dist-packages/colcon_core/task/python/colcon_distutils_commands:/home/abyan/Documents/FOR_ALTAIR/ALTAIR-vision/install/ball_detector/lib/python3.12/site-packages:${PYTHONPATH} /usr/bin/python3 -W ignore:setup.py install is deprecated -W ignore:easy_install command is deprecated setup.py egg_info --egg-base ../../build/ball_detector build --build-base /home/abyan/Documents/FOR_ALTAIR/ALTAIR-vision/build/ball_detector/build install --record /home/abyan/Documents/FOR_ALTAIR/ALTAIR-vision/build/ball_detector/install.log --single-version-externally-managed install_data
[5.512s] running egg_info
[5.566s] writing ../../build/ball_detector/ball_detector.egg-info/PKG-INFO
[5.567s] writing dependency_links to ../../build/ball_detector/ball_detector.egg-info/dependency_links.txt
[5.568s] writing entry points to ../../build/ball_detector/ball_detector.egg-info/entry_points.txt
[5.569s] writing requirements to ../../build/ball_detector/ball_detector.egg-info/requires.txt
[5.569s] writing top-level names to ../../build/ball_detector/ball_detector.egg-info/top_level.txt
[5.686s] reading manifest file '../../build/ball_detector/ball_detector.egg-info/SOURCES.txt'
[5.688s] writing manifest file '../../build/ball_detector/ball_detector.egg-info/SOURCES.txt'
[5.689s] running build
[5.689s] running build_py
[5.690s] running install
[5.707s] running install_lib
[5.762s] running install_data
[5.763s] running install_egg_info
[5.813s] removing '/home/abyan/Documents/FOR_ALTAIR/ALTAIR-vision/install/ball_detector/lib/python3.12/site-packages/ball_detector-0.0.0-py3.12.egg-info' (and everything under it)
[5.813s] Copying ../../build/ball_detector/ball_detector.egg-info to /home/abyan/Documents/FOR_ALTAIR/ALTAIR-vision/install/ball_detector/lib/python3.12/site-packages/ball_detector-0.0.0-py3.12.egg-info
[5.815s] running install_scripts
[6.185s] Installing ball_detector script to /home/abyan/Documents/FOR_ALTAIR/ALTAIR-vision/install/ball_detector/lib/ball_detector
[6.186s] writing list of installed files to '/home/abyan/Documents/FOR_ALTAIR/ALTAIR-vision/build/ball_detector/install.log'
[6.277s] Invoked command in '/home/abyan/Documents/FOR_ALTAIR/ALTAIR-vision/src/ball_detector' returned '0': CONDA_PROMPT_MODIFIER=(base) DEBUGINFOD_URLS=https://debuginfod.ubuntu.com PYTHONPATH=/home/abyan/Documents/FOR_ALTAIR/ALTAIR-vision/build/ball_detector/prefix_override:/usr/lib/python3/dist-packages/colcon_core/task/python/colcon_distutils_commands:/home/abyan/Documents/FOR_ALTAIR/ALTAIR-vision/install/ball_detector/lib/python3.12/site-packages:${PYTHONPATH} /usr/bin/python3 -W ignore:setup.py install is deprecated -W ignore:easy_install command is deprecated setup.py egg_info --egg-base ../../build/ball_detector build --build-base /home/abyan/Documents/FOR_ALTAIR/ALTAIR-vision/build/ball_detector/build install --record /home/abyan/Documents/FOR_ALTAIR/ALTAIR-vision/build/ball_detector/install.log --single-version-externally-managed install_data
