[0.279s] DEBUG:colcon:Command line arguments: ['/usr/bin/colcon', 'build', '--packages-select', 'ball_detect']
[0.279s] DEBUG:colcon:Parsed command line arguments: Namespace(log_base=None, log_level=None, verb_name='build', build_base='build', install_base='install', merge_install=False, symlink_install=False, test_result_base=None, continue_on_error=False, executor='parallel', parallel_workers=16, event_handlers=None, ignore_user_meta=False, metas=['./colcon.meta'], base_paths=['.'], packages_ignore=None, packages_ignore_regex=None, paths=None, packages_up_to=None, packages_up_to_regex=None, packages_above=None, packages_above_and_dependencies=None, packages_above_depth=None, packages_select_by_dep=None, packages_skip_by_dep=None, packages_skip_up_to=None, packages_select_build_failed=False, packages_skip_build_finished=False, packages_select_test_failures=False, packages_skip_test_passed=False, packages_select=['ball_detect'], packages_skip=None, packages_select_regex=None, packages_skip_regex=None, packages_start=None, packages_end=None, allow_overriding=[], cmake_args=None, cmake_target=None, cmake_target_skip_unavailable=False, cmake_clean_cache=False, cmake_clean_first=False, cmake_force_configure=False, ament_cmake_args=None, catkin_cmake_args=None, catkin_skip_building_tests=False, verb_parser=<colcon_defaults.argument_parser.defaults.DefaultArgumentsDecorator object at 0x74c6e907e180>, verb_extension=<colcon_core.verb.build.BuildVerb object at 0x74c6e907d910>, main=<bound method BuildVerb.main of <colcon_core.verb.build.BuildVerb object at 0x74c6e907d910>>)
[0.407s] Level 1:colcon.colcon_core.package_discovery:discover_packages(colcon_meta) check parameters
[0.407s] Level 1:colcon.colcon_core.package_discovery:discover_packages(recursive) check parameters
[0.407s] Level 1:colcon.colcon_core.package_discovery:discover_packages(ignore) check parameters
[0.407s] Level 1:colcon.colcon_core.package_discovery:discover_packages(path) check parameters
[0.408s] Level 1:colcon.colcon_core.package_discovery:discover_packages(colcon_meta) discover
[0.408s] Level 1:colcon.colcon_core.package_discovery:discover_packages(recursive) discover
[0.408s] INFO:colcon.colcon_core.package_discovery:Crawling recursively for packages in '/home/abyan/Documents/FOR_ALTAIR/ALTAIR-vision'
[0.408s] Level 1:colcon.colcon_core.package_identification:_identify(.) by extensions ['ignore', 'ignore_ament_install']
[0.408s] Level 1:colcon.colcon_core.package_identification:_identify(.) by extension 'ignore'
[0.408s] Level 1:colcon.colcon_core.package_identification:_identify(.) by extension 'ignore_ament_install'
[0.408s] Level 1:colcon.colcon_core.package_identification:_identify(.) by extensions ['colcon_pkg']
[0.408s] Level 1:colcon.colcon_core.package_identification:_identify(.) by extension 'colcon_pkg'
[0.409s] Level 1:colcon.colcon_core.package_identification:_identify(.) by extensions ['colcon_meta']
[0.409s] Level 1:colcon.colcon_core.package_identification:_identify(.) by extension 'colcon_meta'
[0.409s] Level 1:colcon.colcon_core.package_identification:_identify(.) by extensions ['ros']
[0.409s] Level 1:colcon.colcon_core.package_identification:_identify(.) by extension 'ros'
[0.553s] Level 1:colcon.colcon_core.package_identification:_identify(.) by extensions ['cmake', 'python']
[0.553s] Level 1:colcon.colcon_core.package_identification:_identify(.) by extension 'cmake'
[0.553s] Level 1:colcon.colcon_core.package_identification:_identify(.) by extension 'python'
[0.553s] Level 1:colcon.colcon_core.package_identification:_identify(.) by extensions ['python_setup_py']
[0.554s] Level 1:colcon.colcon_core.package_identification:_identify(.) by extension 'python_setup_py'
[0.554s] Level 1:colcon.colcon_core.package_identification:_identify(build) by extensions ['ignore', 'ignore_ament_install']
[0.554s] Level 1:colcon.colcon_core.package_identification:_identify(build) by extension 'ignore'
[0.554s] Level 1:colcon.colcon_core.package_identification:_identify(build) ignored
[0.554s] Level 1:colcon.colcon_core.package_identification:_identify(install) by extensions ['ignore', 'ignore_ament_install']
[0.554s] Level 1:colcon.colcon_core.package_identification:_identify(install) by extension 'ignore'
[0.554s] Level 1:colcon.colcon_core.package_identification:_identify(install) ignored
[0.554s] Level 1:colcon.colcon_core.package_identification:_identify(log) by extensions ['ignore', 'ignore_ament_install']
[0.555s] Level 1:colcon.colcon_core.package_identification:_identify(log) by extension 'ignore'
[0.555s] Level 1:colcon.colcon_core.package_identification:_identify(log) ignored
[0.555s] Level 1:colcon.colcon_core.package_identification:_identify(src) by extensions ['ignore', 'ignore_ament_install']
[0.555s] Level 1:colcon.colcon_core.package_identification:_identify(src) by extension 'ignore'
[0.555s] Level 1:colcon.colcon_core.package_identification:_identify(src) by extension 'ignore_ament_install'
[0.555s] Level 1:colcon.colcon_core.package_identification:_identify(src) by extensions ['colcon_pkg']
[0.555s] Level 1:colcon.colcon_core.package_identification:_identify(src) by extension 'colcon_pkg'
[0.555s] Level 1:colcon.colcon_core.package_identification:_identify(src) by extensions ['colcon_meta']
[0.555s] Level 1:colcon.colcon_core.package_identification:_identify(src) by extension 'colcon_meta'
[0.555s] Level 1:colcon.colcon_core.package_identification:_identify(src) by extensions ['ros']
[0.555s] Level 1:colcon.colcon_core.package_identification:_identify(src) by extension 'ros'
[0.555s] Level 1:colcon.colcon_core.package_identification:_identify(src) by extensions ['cmake', 'python']
[0.555s] Level 1:colcon.colcon_core.package_identification:_identify(src) by extension 'cmake'
[0.555s] Level 1:colcon.colcon_core.package_identification:_identify(src) by extension 'python'
[0.555s] Level 1:colcon.colcon_core.package_identification:_identify(src) by extensions ['python_setup_py']
[0.555s] Level 1:colcon.colcon_core.package_identification:_identify(src) by extension 'python_setup_py'
[0.555s] Level 1:colcon.colcon_core.package_identification:_identify(src/altair_calibration) by extensions ['ignore', 'ignore_ament_install']
[0.555s] Level 1:colcon.colcon_core.package_identification:_identify(src/altair_calibration) by extension 'ignore'
[0.556s] Level 1:colcon.colcon_core.package_identification:_identify(src/altair_calibration) by extension 'ignore_ament_install'
[0.556s] Level 1:colcon.colcon_core.package_identification:_identify(src/altair_calibration) by extensions ['colcon_pkg']
[0.556s] Level 1:colcon.colcon_core.package_identification:_identify(src/altair_calibration) by extension 'colcon_pkg'
[0.556s] Level 1:colcon.colcon_core.package_identification:_identify(src/altair_calibration) by extensions ['colcon_meta']
[0.556s] Level 1:colcon.colcon_core.package_identification:_identify(src/altair_calibration) by extension 'colcon_meta'
[0.556s] Level 1:colcon.colcon_core.package_identification:_identify(src/altair_calibration) by extensions ['ros']
[0.556s] Level 1:colcon.colcon_core.package_identification:_identify(src/altair_calibration) by extension 'ros'
[0.563s] DEBUG:colcon.colcon_core.package_identification:Package 'src/altair_calibration' with type 'ros.ament_cmake' and name 'altair_calibration'
[0.563s] Level 1:colcon.colcon_core.package_identification:_identify(src/ball_detect) by extensions ['ignore', 'ignore_ament_install']
[0.564s] Level 1:colcon.colcon_core.package_identification:_identify(src/ball_detect) by extension 'ignore'
[0.564s] Level 1:colcon.colcon_core.package_identification:_identify(src/ball_detect) by extension 'ignore_ament_install'
[0.564s] Level 1:colcon.colcon_core.package_identification:_identify(src/ball_detect) by extensions ['colcon_pkg']
[0.564s] Level 1:colcon.colcon_core.package_identification:_identify(src/ball_detect) by extension 'colcon_pkg'
[0.564s] Level 1:colcon.colcon_core.package_identification:_identify(src/ball_detect) by extensions ['colcon_meta']
[0.564s] Level 1:colcon.colcon_core.package_identification:_identify(src/ball_detect) by extension 'colcon_meta'
[0.564s] Level 1:colcon.colcon_core.package_identification:_identify(src/ball_detect) by extensions ['ros']
[0.564s] Level 1:colcon.colcon_core.package_identification:_identify(src/ball_detect) by extension 'ros'
[0.566s] DEBUG:colcon.colcon_core.package_identification:Package 'src/ball_detect' with type 'ros.ament_cmake' and name 'ball_detect'
[0.567s] Level 1:colcon.colcon_core.package_identification:_identify(src/ball_detector) by extensions ['ignore', 'ignore_ament_install']
[0.567s] Level 1:colcon.colcon_core.package_identification:_identify(src/ball_detector) by extension 'ignore'
[0.567s] Level 1:colcon.colcon_core.package_identification:_identify(src/ball_detector) by extension 'ignore_ament_install'
[0.567s] Level 1:colcon.colcon_core.package_identification:_identify(src/ball_detector) by extensions ['colcon_pkg']
[0.567s] Level 1:colcon.colcon_core.package_identification:_identify(src/ball_detector) by extension 'colcon_pkg'
[0.567s] Level 1:colcon.colcon_core.package_identification:_identify(src/ball_detector) by extensions ['colcon_meta']
[0.567s] Level 1:colcon.colcon_core.package_identification:_identify(src/ball_detector) by extension 'colcon_meta'
[0.567s] Level 1:colcon.colcon_core.package_identification:_identify(src/ball_detector) by extensions ['ros']
[0.567s] Level 1:colcon.colcon_core.package_identification:_identify(src/ball_detector) by extension 'ros'
[0.569s] DEBUG:colcon.colcon_core.package_identification:Package 'src/ball_detector' with type 'ros.ament_python' and name 'ball_detector'
[0.569s] Level 1:colcon.colcon_core.package_identification:_identify(src/camera_calibration) by extensions ['ignore', 'ignore_ament_install']
[0.569s] Level 1:colcon.colcon_core.package_identification:_identify(src/camera_calibration) by extension 'ignore'
[0.569s] Level 1:colcon.colcon_core.package_identification:_identify(src/camera_calibration) by extension 'ignore_ament_install'
[0.569s] Level 1:colcon.colcon_core.package_identification:_identify(src/camera_calibration) by extensions ['colcon_pkg']
[0.569s] Level 1:colcon.colcon_core.package_identification:_identify(src/camera_calibration) by extension 'colcon_pkg'
[0.569s] Level 1:colcon.colcon_core.package_identification:_identify(src/camera_calibration) by extensions ['colcon_meta']
[0.569s] Level 1:colcon.colcon_core.package_identification:_identify(src/camera_calibration) by extension 'colcon_meta'
[0.569s] Level 1:colcon.colcon_core.package_identification:_identify(src/camera_calibration) by extensions ['ros']
[0.569s] Level 1:colcon.colcon_core.package_identification:_identify(src/camera_calibration) by extension 'ros'
[0.571s] DEBUG:colcon.colcon_core.package_identification:Package 'src/camera_calibration' with type 'ros.ament_python' and name 'camera_calibration'
[0.572s] Level 1:colcon.colcon_core.package_identification:_identify(src/sample_program) by extensions ['ignore', 'ignore_ament_install']
[0.572s] Level 1:colcon.colcon_core.package_identification:_identify(src/sample_program) by extension 'ignore'
[0.572s] Level 1:colcon.colcon_core.package_identification:_identify(src/sample_program) by extension 'ignore_ament_install'
[0.572s] Level 1:colcon.colcon_core.package_identification:_identify(src/sample_program) by extensions ['colcon_pkg']
[0.572s] Level 1:colcon.colcon_core.package_identification:_identify(src/sample_program) by extension 'colcon_pkg'
[0.572s] Level 1:colcon.colcon_core.package_identification:_identify(src/sample_program) by extensions ['colcon_meta']
[0.572s] Level 1:colcon.colcon_core.package_identification:_identify(src/sample_program) by extension 'colcon_meta'
[0.572s] Level 1:colcon.colcon_core.package_identification:_identify(src/sample_program) by extensions ['ros']
[0.572s] Level 1:colcon.colcon_core.package_identification:_identify(src/sample_program) by extension 'ros'
[0.572s] Level 1:colcon.colcon_core.package_identification:_identify(src/sample_program) by extensions ['cmake', 'python']
[0.572s] Level 1:colcon.colcon_core.package_identification:_identify(src/sample_program) by extension 'cmake'
[0.572s] Level 1:colcon.colcon_core.package_identification:_identify(src/sample_program) by extension 'python'
[0.573s] Level 1:colcon.colcon_core.package_identification:_identify(src/sample_program) by extensions ['python_setup_py']
[0.573s] Level 1:colcon.colcon_core.package_identification:_identify(src/sample_program) by extension 'python_setup_py'
[0.573s] Level 1:colcon.colcon_core.package_identification:_identify(src/sample_program/FieldDetBy) by extensions ['ignore', 'ignore_ament_install']
[0.573s] Level 1:colcon.colcon_core.package_identification:_identify(src/sample_program/FieldDetBy) by extension 'ignore'
[0.573s] Level 1:colcon.colcon_core.package_identification:_identify(src/sample_program/FieldDetBy) by extension 'ignore_ament_install'
[0.573s] Level 1:colcon.colcon_core.package_identification:_identify(src/sample_program/FieldDetBy) by extensions ['colcon_pkg']
[0.573s] Level 1:colcon.colcon_core.package_identification:_identify(src/sample_program/FieldDetBy) by extension 'colcon_pkg'
[0.573s] Level 1:colcon.colcon_core.package_identification:_identify(src/sample_program/FieldDetBy) by extensions ['colcon_meta']
[0.573s] Level 1:colcon.colcon_core.package_identification:_identify(src/sample_program/FieldDetBy) by extension 'colcon_meta'
[0.573s] Level 1:colcon.colcon_core.package_identification:_identify(src/sample_program/FieldDetBy) by extensions ['ros']
[0.573s] Level 1:colcon.colcon_core.package_identification:_identify(src/sample_program/FieldDetBy) by extension 'ros'
[0.573s] Level 1:colcon.colcon_core.package_identification:_identify(src/sample_program/FieldDetBy) by extensions ['cmake', 'python']
[0.573s] Level 1:colcon.colcon_core.package_identification:_identify(src/sample_program/FieldDetBy) by extension 'cmake'
[0.573s] Level 1:colcon.colcon_core.package_identification:_identify(src/sample_program/FieldDetBy) by extension 'python'
[0.573s] Level 1:colcon.colcon_core.package_identification:_identify(src/sample_program/FieldDetBy) by extensions ['python_setup_py']
[0.574s] Level 1:colcon.colcon_core.package_identification:_identify(src/sample_program/FieldDetBy) by extension 'python_setup_py'
[0.574s] Level 1:colcon.colcon_core.package_identification:_identify(src/sample_program/ball_detection) by extensions ['ignore', 'ignore_ament_install']
[0.574s] Level 1:colcon.colcon_core.package_identification:_identify(src/sample_program/ball_detection) by extension 'ignore'
[0.574s] Level 1:colcon.colcon_core.package_identification:_identify(src/sample_program/ball_detection) by extension 'ignore_ament_install'
[0.574s] Level 1:colcon.colcon_core.package_identification:_identify(src/sample_program/ball_detection) by extensions ['colcon_pkg']
[0.574s] Level 1:colcon.colcon_core.package_identification:_identify(src/sample_program/ball_detection) by extension 'colcon_pkg'
[0.574s] Level 1:colcon.colcon_core.package_identification:_identify(src/sample_program/ball_detection) by extensions ['colcon_meta']
[0.574s] Level 1:colcon.colcon_core.package_identification:_identify(src/sample_program/ball_detection) by extension 'colcon_meta'
[0.574s] Level 1:colcon.colcon_core.package_identification:_identify(src/sample_program/ball_detection) by extensions ['ros']
[0.574s] Level 1:colcon.colcon_core.package_identification:_identify(src/sample_program/ball_detection) by extension 'ros'
[0.574s] Level 1:colcon.colcon_core.package_identification:_identify(src/sample_program/ball_detection) by extensions ['cmake', 'python']
[0.574s] Level 1:colcon.colcon_core.package_identification:_identify(src/sample_program/ball_detection) by extension 'cmake'
[0.581s] Level 1:colcon.colcon_core.package_identification:_identify(src/sample_program/ball_detection) by extension 'python'
[0.581s] DEBUG:colcon.colcon_core.package_identification:Package 'src/sample_program/ball_detection' with type 'cmake' and name 'ball_detection'
[0.581s] Level 1:colcon.colcon_core.package_identification:_identify(src/sample_program/forFieldDet) by extensions ['ignore', 'ignore_ament_install']
[0.581s] Level 1:colcon.colcon_core.package_identification:_identify(src/sample_program/forFieldDet) by extension 'ignore'
[0.581s] Level 1:colcon.colcon_core.package_identification:_identify(src/sample_program/forFieldDet) by extension 'ignore_ament_install'
[0.582s] Level 1:colcon.colcon_core.package_identification:_identify(src/sample_program/forFieldDet) by extensions ['colcon_pkg']
[0.582s] Level 1:colcon.colcon_core.package_identification:_identify(src/sample_program/forFieldDet) by extension 'colcon_pkg'
[0.582s] Level 1:colcon.colcon_core.package_identification:_identify(src/sample_program/forFieldDet) by extensions ['colcon_meta']
[0.582s] Level 1:colcon.colcon_core.package_identification:_identify(src/sample_program/forFieldDet) by extension 'colcon_meta'
[0.582s] Level 1:colcon.colcon_core.package_identification:_identify(src/sample_program/forFieldDet) by extensions ['ros']
[0.582s] Level 1:colcon.colcon_core.package_identification:_identify(src/sample_program/forFieldDet) by extension 'ros'
[0.582s] Level 1:colcon.colcon_core.package_identification:_identify(src/sample_program/forFieldDet) by extensions ['cmake', 'python']
[0.582s] Level 1:colcon.colcon_core.package_identification:_identify(src/sample_program/forFieldDet) by extension 'cmake'
[0.582s] Level 1:colcon.colcon_core.package_identification:_identify(src/sample_program/forFieldDet) by extension 'python'
[0.582s] Level 1:colcon.colcon_core.package_identification:_identify(src/sample_program/forFieldDet) by extensions ['python_setup_py']
[0.582s] Level 1:colcon.colcon_core.package_identification:_identify(src/sample_program/forFieldDet) by extension 'python_setup_py'
[0.582s] Level 1:colcon.colcon_core.package_identification:_identify(src/sample_program/samplesIMG) by extensions ['ignore', 'ignore_ament_install']
[0.582s] Level 1:colcon.colcon_core.package_identification:_identify(src/sample_program/samplesIMG) by extension 'ignore'
[0.583s] Level 1:colcon.colcon_core.package_identification:_identify(src/sample_program/samplesIMG) by extension 'ignore_ament_install'
[0.583s] Level 1:colcon.colcon_core.package_identification:_identify(src/sample_program/samplesIMG) by extensions ['colcon_pkg']
[0.583s] Level 1:colcon.colcon_core.package_identification:_identify(src/sample_program/samplesIMG) by extension 'colcon_pkg'
[0.583s] Level 1:colcon.colcon_core.package_identification:_identify(src/sample_program/samplesIMG) by extensions ['colcon_meta']
[0.583s] Level 1:colcon.colcon_core.package_identification:_identify(src/sample_program/samplesIMG) by extension 'colcon_meta'
[0.583s] Level 1:colcon.colcon_core.package_identification:_identify(src/sample_program/samplesIMG) by extensions ['ros']
[0.583s] Level 1:colcon.colcon_core.package_identification:_identify(src/sample_program/samplesIMG) by extension 'ros'
[0.583s] Level 1:colcon.colcon_core.package_identification:_identify(src/sample_program/samplesIMG) by extensions ['cmake', 'python']
[0.583s] Level 1:colcon.colcon_core.package_identification:_identify(src/sample_program/samplesIMG) by extension 'cmake'
[0.583s] Level 1:colcon.colcon_core.package_identification:_identify(src/sample_program/samplesIMG) by extension 'python'
[0.583s] Level 1:colcon.colcon_core.package_identification:_identify(src/sample_program/samplesIMG) by extensions ['python_setup_py']
[0.583s] Level 1:colcon.colcon_core.package_identification:_identify(src/sample_program/samplesIMG) by extension 'python_setup_py'
[0.583s] Level 1:colcon.colcon_core.package_identification:_identify(src/soccer_field_map_generator) by extensions ['ignore', 'ignore_ament_install']
[0.583s] Level 1:colcon.colcon_core.package_identification:_identify(src/soccer_field_map_generator) by extension 'ignore'
[0.583s] Level 1:colcon.colcon_core.package_identification:_identify(src/soccer_field_map_generator) by extension 'ignore_ament_install'
[0.584s] Level 1:colcon.colcon_core.package_identification:_identify(src/soccer_field_map_generator) by extensions ['colcon_pkg']
[0.584s] Level 1:colcon.colcon_core.package_identification:_identify(src/soccer_field_map_generator) by extension 'colcon_pkg'
[0.584s] Level 1:colcon.colcon_core.package_identification:_identify(src/soccer_field_map_generator) by extensions ['colcon_meta']
[0.584s] Level 1:colcon.colcon_core.package_identification:_identify(src/soccer_field_map_generator) by extension 'colcon_meta'
[0.584s] Level 1:colcon.colcon_core.package_identification:_identify(src/soccer_field_map_generator) by extensions ['ros']
[0.584s] Level 1:colcon.colcon_core.package_identification:_identify(src/soccer_field_map_generator) by extension 'ros'
[0.584s] Level 1:colcon.colcon_core.package_identification:_identify(src/soccer_field_map_generator) by extensions ['cmake', 'python']
[0.584s] Level 1:colcon.colcon_core.package_identification:_identify(src/soccer_field_map_generator) by extension 'cmake'
[0.584s] Level 1:colcon.colcon_core.package_identification:_identify(src/soccer_field_map_generator) by extension 'python'
[0.584s] Level 1:colcon.colcon_core.package_identification:_identify(src/soccer_field_map_generator) by extensions ['python_setup_py']
[0.584s] Level 1:colcon.colcon_core.package_identification:_identify(src/soccer_field_map_generator) by extension 'python_setup_py'
[0.584s] Level 1:colcon.colcon_core.package_identification:_identify(src/soccer_field_map_generator/soccer_field_map_generator) by extensions ['ignore', 'ignore_ament_install']
[0.584s] Level 1:colcon.colcon_core.package_identification:_identify(src/soccer_field_map_generator/soccer_field_map_generator) by extension 'ignore'
[0.584s] Level 1:colcon.colcon_core.package_identification:_identify(src/soccer_field_map_generator/soccer_field_map_generator) by extension 'ignore_ament_install'
[0.584s] Level 1:colcon.colcon_core.package_identification:_identify(src/soccer_field_map_generator/soccer_field_map_generator) by extensions ['colcon_pkg']
[0.584s] Level 1:colcon.colcon_core.package_identification:_identify(src/soccer_field_map_generator/soccer_field_map_generator) by extension 'colcon_pkg'
[0.584s] Level 1:colcon.colcon_core.package_identification:_identify(src/soccer_field_map_generator/soccer_field_map_generator) by extensions ['colcon_meta']
[0.584s] Level 1:colcon.colcon_core.package_identification:_identify(src/soccer_field_map_generator/soccer_field_map_generator) by extension 'colcon_meta'
[0.585s] Level 1:colcon.colcon_core.package_identification:_identify(src/soccer_field_map_generator/soccer_field_map_generator) by extensions ['ros']
[0.585s] Level 1:colcon.colcon_core.package_identification:_identify(src/soccer_field_map_generator/soccer_field_map_generator) by extension 'ros'
[0.586s] DEBUG:colcon.colcon_core.package_identification:Package 'src/soccer_field_map_generator/soccer_field_map_generator' with type 'ros.ament_python' and name 'soccer_field_map_generator'
[0.586s] Level 1:colcon.colcon_core.package_identification:_identify(src/temp_ball_detector) by extensions ['ignore', 'ignore_ament_install']
[0.586s] Level 1:colcon.colcon_core.package_identification:_identify(src/temp_ball_detector) by extension 'ignore'
[0.586s] Level 1:colcon.colcon_core.package_identification:_identify(src/temp_ball_detector) by extension 'ignore_ament_install'
[0.586s] Level 1:colcon.colcon_core.package_identification:_identify(src/temp_ball_detector) by extensions ['colcon_pkg']
[0.586s] Level 1:colcon.colcon_core.package_identification:_identify(src/temp_ball_detector) by extension 'colcon_pkg'
[0.586s] Level 1:colcon.colcon_core.package_identification:_identify(src/temp_ball_detector) by extensions ['colcon_meta']
[0.586s] Level 1:colcon.colcon_core.package_identification:_identify(src/temp_ball_detector) by extension 'colcon_meta'
[0.586s] Level 1:colcon.colcon_core.package_identification:_identify(src/temp_ball_detector) by extensions ['ros']
[0.586s] Level 1:colcon.colcon_core.package_identification:_identify(src/temp_ball_detector) by extension 'ros'
[0.588s] DEBUG:colcon.colcon_core.package_identification:Package 'src/temp_ball_detector' with type 'ros.ament_cmake' and name 'temp_ball_detector'
[0.588s] Level 1:colcon.colcon_core.package_identification:_identify(src/usb_cam) by extensions ['ignore', 'ignore_ament_install']
[0.588s] Level 1:colcon.colcon_core.package_identification:_identify(src/usb_cam) by extension 'ignore'
[0.588s] Level 1:colcon.colcon_core.package_identification:_identify(src/usb_cam) by extension 'ignore_ament_install'
[0.588s] Level 1:colcon.colcon_core.package_identification:_identify(src/usb_cam) by extensions ['colcon_pkg']
[0.588s] Level 1:colcon.colcon_core.package_identification:_identify(src/usb_cam) by extension 'colcon_pkg'
[0.588s] Level 1:colcon.colcon_core.package_identification:_identify(src/usb_cam) by extensions ['colcon_meta']
[0.588s] Level 1:colcon.colcon_core.package_identification:_identify(src/usb_cam) by extension 'colcon_meta'
[0.588s] Level 1:colcon.colcon_core.package_identification:_identify(src/usb_cam) by extensions ['ros']
[0.588s] Level 1:colcon.colcon_core.package_identification:_identify(src/usb_cam) by extension 'ros'
[0.590s] DEBUG:colcon.colcon_core.package_identification:Package 'src/usb_cam' with type 'ros.ament_cmake' and name 'usb_cam'
[0.590s] Level 1:colcon.colcon_core.package_identification:_identify(src/video_subscriber) by extensions ['ignore', 'ignore_ament_install']
[0.591s] Level 1:colcon.colcon_core.package_identification:_identify(src/video_subscriber) by extension 'ignore'
[0.591s] Level 1:colcon.colcon_core.package_identification:_identify(src/video_subscriber) by extension 'ignore_ament_install'
[0.591s] Level 1:colcon.colcon_core.package_identification:_identify(src/video_subscriber) by extensions ['colcon_pkg']
[0.591s] Level 1:colcon.colcon_core.package_identification:_identify(src/video_subscriber) by extension 'colcon_pkg'
[0.591s] Level 1:colcon.colcon_core.package_identification:_identify(src/video_subscriber) by extensions ['colcon_meta']
[0.591s] Level 1:colcon.colcon_core.package_identification:_identify(src/video_subscriber) by extension 'colcon_meta'
[0.591s] Level 1:colcon.colcon_core.package_identification:_identify(src/video_subscriber) by extensions ['ros']
[0.591s] Level 1:colcon.colcon_core.package_identification:_identify(src/video_subscriber) by extension 'ros'
[0.592s] DEBUG:colcon.colcon_core.package_identification:Package 'src/video_subscriber' with type 'ros.ament_python' and name 'video_subscriber'
[0.592s] Level 1:colcon.colcon_core.package_identification:_identify(vision-dashboard) by extensions ['ignore', 'ignore_ament_install']
[0.592s] Level 1:colcon.colcon_core.package_identification:_identify(vision-dashboard) by extension 'ignore'
[0.592s] Level 1:colcon.colcon_core.package_identification:_identify(vision-dashboard) by extension 'ignore_ament_install'
[0.592s] Level 1:colcon.colcon_core.package_identification:_identify(vision-dashboard) by extensions ['colcon_pkg']
[0.592s] Level 1:colcon.colcon_core.package_identification:_identify(vision-dashboard) by extension 'colcon_pkg'
[0.592s] Level 1:colcon.colcon_core.package_identification:_identify(vision-dashboard) by extensions ['colcon_meta']
[0.592s] Level 1:colcon.colcon_core.package_identification:_identify(vision-dashboard) by extension 'colcon_meta'
[0.592s] Level 1:colcon.colcon_core.package_identification:_identify(vision-dashboard) by extensions ['ros']
[0.592s] Level 1:colcon.colcon_core.package_identification:_identify(vision-dashboard) by extension 'ros'
[0.592s] Level 1:colcon.colcon_core.package_identification:_identify(vision-dashboard) by extensions ['cmake', 'python']
[0.592s] Level 1:colcon.colcon_core.package_identification:_identify(vision-dashboard) by extension 'cmake'
[0.592s] Level 1:colcon.colcon_core.package_identification:_identify(vision-dashboard) by extension 'python'
[0.593s] Level 1:colcon.colcon_core.package_identification:_identify(vision-dashboard) by extensions ['python_setup_py']
[0.593s] Level 1:colcon.colcon_core.package_identification:_identify(vision-dashboard) by extension 'python_setup_py'
[0.593s] Level 1:colcon.colcon_core.package_identification:_identify(vision-dashboard/app) by extensions ['ignore', 'ignore_ament_install']
[0.593s] Level 1:colcon.colcon_core.package_identification:_identify(vision-dashboard/app) by extension 'ignore'
[0.593s] Level 1:colcon.colcon_core.package_identification:_identify(vision-dashboard/app) by extension 'ignore_ament_install'
[0.593s] Level 1:colcon.colcon_core.package_identification:_identify(vision-dashboard/app) by extensions ['colcon_pkg']
[0.593s] Level 1:colcon.colcon_core.package_identification:_identify(vision-dashboard/app) by extension 'colcon_pkg'
[0.593s] Level 1:colcon.colcon_core.package_identification:_identify(vision-dashboard/app) by extensions ['colcon_meta']
[0.593s] Level 1:colcon.colcon_core.package_identification:_identify(vision-dashboard/app) by extension 'colcon_meta'
[0.593s] Level 1:colcon.colcon_core.package_identification:_identify(vision-dashboard/app) by extensions ['ros']
[0.593s] Level 1:colcon.colcon_core.package_identification:_identify(vision-dashboard/app) by extension 'ros'
[0.593s] Level 1:colcon.colcon_core.package_identification:_identify(vision-dashboard/app) by extensions ['cmake', 'python']
[0.593s] Level 1:colcon.colcon_core.package_identification:_identify(vision-dashboard/app) by extension 'cmake'
[0.593s] Level 1:colcon.colcon_core.package_identification:_identify(vision-dashboard/app) by extension 'python'
[0.593s] Level 1:colcon.colcon_core.package_identification:_identify(vision-dashboard/app) by extensions ['python_setup_py']
[0.593s] Level 1:colcon.colcon_core.package_identification:_identify(vision-dashboard/app) by extension 'python_setup_py'
[0.593s] Level 1:colcon.colcon_core.package_identification:_identify(vision-dashboard/app/components) by extensions ['ignore', 'ignore_ament_install']
[0.594s] Level 1:colcon.colcon_core.package_identification:_identify(vision-dashboard/app/components) by extension 'ignore'
[0.594s] Level 1:colcon.colcon_core.package_identification:_identify(vision-dashboard/app/components) by extension 'ignore_ament_install'
[0.594s] Level 1:colcon.colcon_core.package_identification:_identify(vision-dashboard/app/components) by extensions ['colcon_pkg']
[0.594s] Level 1:colcon.colcon_core.package_identification:_identify(vision-dashboard/app/components) by extension 'colcon_pkg'
[0.594s] Level 1:colcon.colcon_core.package_identification:_identify(vision-dashboard/app/components) by extensions ['colcon_meta']
[0.594s] Level 1:colcon.colcon_core.package_identification:_identify(vision-dashboard/app/components) by extension 'colcon_meta'
[0.594s] Level 1:colcon.colcon_core.package_identification:_identify(vision-dashboard/app/components) by extensions ['ros']
[0.594s] Level 1:colcon.colcon_core.package_identification:_identify(vision-dashboard/app/components) by extension 'ros'
[0.594s] Level 1:colcon.colcon_core.package_identification:_identify(vision-dashboard/app/components) by extensions ['cmake', 'python']
[0.594s] Level 1:colcon.colcon_core.package_identification:_identify(vision-dashboard/app/components) by extension 'cmake'
[0.594s] Level 1:colcon.colcon_core.package_identification:_identify(vision-dashboard/app/components) by extension 'python'
[0.594s] Level 1:colcon.colcon_core.package_identification:_identify(vision-dashboard/app/components) by extensions ['python_setup_py']
[0.594s] Level 1:colcon.colcon_core.package_identification:_identify(vision-dashboard/app/components) by extension 'python_setup_py'
[0.594s] Level 1:colcon.colcon_core.package_identification:_identify(vision-dashboard/public) by extensions ['ignore', 'ignore_ament_install']
[0.594s] Level 1:colcon.colcon_core.package_identification:_identify(vision-dashboard/public) by extension 'ignore'
[0.594s] Level 1:colcon.colcon_core.package_identification:_identify(vision-dashboard/public) by extension 'ignore_ament_install'
[0.594s] Level 1:colcon.colcon_core.package_identification:_identify(vision-dashboard/public) by extensions ['colcon_pkg']
[0.594s] Level 1:colcon.colcon_core.package_identification:_identify(vision-dashboard/public) by extension 'colcon_pkg'
[0.595s] Level 1:colcon.colcon_core.package_identification:_identify(vision-dashboard/public) by extensions ['colcon_meta']
[0.595s] Level 1:colcon.colcon_core.package_identification:_identify(vision-dashboard/public) by extension 'colcon_meta'
[0.595s] Level 1:colcon.colcon_core.package_identification:_identify(vision-dashboard/public) by extensions ['ros']
[0.595s] Level 1:colcon.colcon_core.package_identification:_identify(vision-dashboard/public) by extension 'ros'
[0.595s] Level 1:colcon.colcon_core.package_identification:_identify(vision-dashboard/public) by extensions ['cmake', 'python']
[0.595s] Level 1:colcon.colcon_core.package_identification:_identify(vision-dashboard/public) by extension 'cmake'
[0.595s] Level 1:colcon.colcon_core.package_identification:_identify(vision-dashboard/public) by extension 'python'
[0.595s] Level 1:colcon.colcon_core.package_identification:_identify(vision-dashboard/public) by extensions ['python_setup_py']
[0.595s] Level 1:colcon.colcon_core.package_identification:_identify(vision-dashboard/public) by extension 'python_setup_py'
[0.595s] Level 1:colcon.colcon_core.package_discovery:discover_packages(recursive) using defaults
[0.595s] Level 1:colcon.colcon_core.package_discovery:discover_packages(ignore) discover
[0.595s] Level 1:colcon.colcon_core.package_discovery:discover_packages(ignore) using defaults
[0.595s] Level 1:colcon.colcon_core.package_discovery:discover_packages(path) discover
[0.595s] Level 1:colcon.colcon_core.package_discovery:discover_packages(path) using defaults
[0.640s] INFO:colcon.colcon_core.package_selection:Skipping not selected package 'altair_calibration' in 'src/altair_calibration'
[0.640s] INFO:colcon.colcon_core.package_selection:Skipping not selected package 'ball_detection' in 'src/sample_program/ball_detection'
[0.640s] INFO:colcon.colcon_core.package_selection:Skipping not selected package 'ball_detector' in 'src/ball_detector'
[0.640s] INFO:colcon.colcon_core.package_selection:Skipping not selected package 'camera_calibration' in 'src/camera_calibration'
[0.640s] INFO:colcon.colcon_core.package_selection:Skipping not selected package 'soccer_field_map_generator' in 'src/soccer_field_map_generator/soccer_field_map_generator'
[0.640s] INFO:colcon.colcon_core.package_selection:Skipping not selected package 'temp_ball_detector' in 'src/temp_ball_detector'
[0.640s] INFO:colcon.colcon_core.package_selection:Skipping not selected package 'usb_cam' in 'src/usb_cam'
[0.640s] INFO:colcon.colcon_core.package_selection:Skipping not selected package 'video_subscriber' in 'src/video_subscriber'
[0.641s] Level 1:colcon.colcon_core.package_discovery:discover_packages(prefix_path) check parameters
[0.641s] Level 1:colcon.colcon_core.package_discovery:discover_packages(prefix_path) discover
[0.645s] DEBUG:colcon.colcon_installed_package_information.package_discovery:Found 10 installed packages in /home/abyan/Documents/FOR_ALTAIR/ALTAIR-vision/install
[0.647s] DEBUG:colcon.colcon_installed_package_information.package_discovery:Found 308 installed packages in /opt/ros/jazzy
[0.649s] Level 1:colcon.colcon_core.package_discovery:discover_packages(prefix_path) using defaults
[0.697s] Level 5:colcon.colcon_core.verb:set package 'ball_detect' build argument 'cmake_args' from command line to 'None'
[0.697s] Level 5:colcon.colcon_core.verb:set package 'ball_detect' build argument 'cmake_target' from command line to 'None'
[0.697s] Level 5:colcon.colcon_core.verb:set package 'ball_detect' build argument 'cmake_target_skip_unavailable' from command line to 'False'
[0.697s] Level 5:colcon.colcon_core.verb:set package 'ball_detect' build argument 'cmake_clean_cache' from command line to 'False'
[0.697s] Level 5:colcon.colcon_core.verb:set package 'ball_detect' build argument 'cmake_clean_first' from command line to 'False'
[0.697s] Level 5:colcon.colcon_core.verb:set package 'ball_detect' build argument 'cmake_force_configure' from command line to 'False'
[0.697s] Level 5:colcon.colcon_core.verb:set package 'ball_detect' build argument 'ament_cmake_args' from command line to 'None'
[0.697s] Level 5:colcon.colcon_core.verb:set package 'ball_detect' build argument 'catkin_cmake_args' from command line to 'None'
[0.697s] Level 5:colcon.colcon_core.verb:set package 'ball_detect' build argument 'catkin_skip_building_tests' from command line to 'False'
[0.697s] DEBUG:colcon.colcon_core.verb:Building package 'ball_detect' with the following arguments: {'ament_cmake_args': None, 'build_base': '/home/abyan/Documents/FOR_ALTAIR/ALTAIR-vision/build/ball_detect', 'catkin_cmake_args': None, 'catkin_skip_building_tests': False, 'cmake_args': None, 'cmake_clean_cache': False, 'cmake_clean_first': False, 'cmake_force_configure': False, 'cmake_target': None, 'cmake_target_skip_unavailable': False, 'install_base': '/home/abyan/Documents/FOR_ALTAIR/ALTAIR-vision/install/ball_detect', 'merge_install': False, 'path': '/home/abyan/Documents/FOR_ALTAIR/ALTAIR-vision/src/ball_detect', 'symlink_install': False, 'test_result_base': None}
[0.697s] INFO:colcon.colcon_core.executor:Executing jobs using 'parallel' executor
[0.699s] DEBUG:colcon.colcon_parallel_executor.executor.parallel:run_until_complete
[0.699s] INFO:colcon.colcon_ros.task.ament_cmake.build:Building ROS package in '/home/abyan/Documents/FOR_ALTAIR/ALTAIR-vision/src/ball_detect' with build type 'ament_cmake'
[0.699s] INFO:colcon.colcon_cmake.task.cmake.build:Building CMake package in '/home/abyan/Documents/FOR_ALTAIR/ALTAIR-vision/src/ball_detect'
[0.703s] INFO:colcon.colcon_core.plugin_system:Skipping extension 'colcon_core.shell.bat': Not used on non-Windows systems
[0.703s] INFO:colcon.colcon_core.shell:Skip shell extension 'powershell' for command environment: Not usable outside of PowerShell
[0.703s] DEBUG:colcon.colcon_core.shell:Skip shell extension 'dsv' for command environment
[0.712s] DEBUG:colcon.colcon_core.event_handler.log_command:Invoking command in '/home/abyan/Documents/FOR_ALTAIR/ALTAIR-vision/build/ball_detect': CMAKE_PREFIX_PATH=${CMAKE_PREFIX_PATH}:/home/abyan/Documents/FOR_ALTAIR/ALTAIR-vision/install/video_subscriber:/home/abyan/Documents/FOR_ALTAIR/ALTAIR-vision/install/soccer_field_map_generator:/home/abyan/Documents/FOR_ALTAIR/ALTAIR-vision/install/camera_calibration:/home/abyan/Documents/FOR_ALTAIR/ALTAIR-vision/install/ball_detector:/opt/ros/jazzy DEBUGINFOD_URLS=https://debuginfod.ubuntu.com /usr/bin/cmake --build /home/abyan/Documents/FOR_ALTAIR/ALTAIR-vision/build/ball_detect -- -j16 -l16
[13.773s] DEBUG:colcon.colcon_core.event_handler.log_command:Invoked command in '/home/abyan/Documents/FOR_ALTAIR/ALTAIR-vision/build/ball_detect' returned '0': CMAKE_PREFIX_PATH=${CMAKE_PREFIX_PATH}:/home/abyan/Documents/FOR_ALTAIR/ALTAIR-vision/install/video_subscriber:/home/abyan/Documents/FOR_ALTAIR/ALTAIR-vision/install/soccer_field_map_generator:/home/abyan/Documents/FOR_ALTAIR/ALTAIR-vision/install/camera_calibration:/home/abyan/Documents/FOR_ALTAIR/ALTAIR-vision/install/ball_detector:/opt/ros/jazzy DEBUGINFOD_URLS=https://debuginfod.ubuntu.com /usr/bin/cmake --build /home/abyan/Documents/FOR_ALTAIR/ALTAIR-vision/build/ball_detect -- -j16 -l16
[13.798s] DEBUG:colcon.colcon_core.event_handler.log_command:Invoking command in '/home/abyan/Documents/FOR_ALTAIR/ALTAIR-vision/build/ball_detect': CMAKE_PREFIX_PATH=${CMAKE_PREFIX_PATH}:/home/abyan/Documents/FOR_ALTAIR/ALTAIR-vision/install/video_subscriber:/home/abyan/Documents/FOR_ALTAIR/ALTAIR-vision/install/soccer_field_map_generator:/home/abyan/Documents/FOR_ALTAIR/ALTAIR-vision/install/camera_calibration:/home/abyan/Documents/FOR_ALTAIR/ALTAIR-vision/install/ball_detector:/opt/ros/jazzy DEBUGINFOD_URLS=https://debuginfod.ubuntu.com /usr/bin/cmake --install /home/abyan/Documents/FOR_ALTAIR/ALTAIR-vision/build/ball_detect
[13.942s] Level 1:colcon.colcon_core.environment:create_environment_scripts_only(ball_detect)
[13.943s] DEBUG:colcon.colcon_core.event_handler.log_command:Invoked command in '/home/abyan/Documents/FOR_ALTAIR/ALTAIR-vision/build/ball_detect' returned '0': CMAKE_PREFIX_PATH=${CMAKE_PREFIX_PATH}:/home/abyan/Documents/FOR_ALTAIR/ALTAIR-vision/install/video_subscriber:/home/abyan/Documents/FOR_ALTAIR/ALTAIR-vision/install/soccer_field_map_generator:/home/abyan/Documents/FOR_ALTAIR/ALTAIR-vision/install/camera_calibration:/home/abyan/Documents/FOR_ALTAIR/ALTAIR-vision/install/ball_detector:/opt/ros/jazzy DEBUGINFOD_URLS=https://debuginfod.ubuntu.com /usr/bin/cmake --install /home/abyan/Documents/FOR_ALTAIR/ALTAIR-vision/build/ball_detect
[13.949s] Level 1:colcon.colcon_core.environment:checking '/home/abyan/Documents/FOR_ALTAIR/ALTAIR-vision/install/ball_detect' for CMake module files
[13.950s] Level 1:colcon.colcon_core.environment:checking '/home/abyan/Documents/FOR_ALTAIR/ALTAIR-vision/install/ball_detect' for CMake config files
[13.952s] Level 1:colcon.colcon_core.shell:create_environment_hook('ball_detect', 'cmake_prefix_path')
[13.953s] INFO:colcon.colcon_core.shell:Creating environment hook '/home/abyan/Documents/FOR_ALTAIR/ALTAIR-vision/install/ball_detect/share/ball_detect/hook/cmake_prefix_path.ps1'
[13.954s] INFO:colcon.colcon_core.shell:Creating environment descriptor '/home/abyan/Documents/FOR_ALTAIR/ALTAIR-vision/install/ball_detect/share/ball_detect/hook/cmake_prefix_path.dsv'
[13.955s] INFO:colcon.colcon_core.shell:Creating environment hook '/home/abyan/Documents/FOR_ALTAIR/ALTAIR-vision/install/ball_detect/share/ball_detect/hook/cmake_prefix_path.sh'
[13.958s] Level 1:colcon.colcon_core.environment:checking '/home/abyan/Documents/FOR_ALTAIR/ALTAIR-vision/install/ball_detect/lib'
[13.958s] Level 1:colcon.colcon_core.shell:create_environment_hook('ball_detect', 'ld_library_path_lib')
[13.958s] INFO:colcon.colcon_core.shell:Creating environment hook '/home/abyan/Documents/FOR_ALTAIR/ALTAIR-vision/install/ball_detect/share/ball_detect/hook/ld_library_path_lib.ps1'
[13.959s] INFO:colcon.colcon_core.shell:Creating environment descriptor '/home/abyan/Documents/FOR_ALTAIR/ALTAIR-vision/install/ball_detect/share/ball_detect/hook/ld_library_path_lib.dsv'
[13.960s] INFO:colcon.colcon_core.shell:Creating environment hook '/home/abyan/Documents/FOR_ALTAIR/ALTAIR-vision/install/ball_detect/share/ball_detect/hook/ld_library_path_lib.sh'
[13.960s] Level 1:colcon.colcon_core.environment:checking '/home/abyan/Documents/FOR_ALTAIR/ALTAIR-vision/install/ball_detect/bin'
[13.961s] Level 1:colcon.colcon_core.environment:checking '/home/abyan/Documents/FOR_ALTAIR/ALTAIR-vision/install/ball_detect/lib/pkgconfig/ball_detect.pc'
[13.961s] Level 1:colcon.colcon_core.environment:checking '/home/abyan/Documents/FOR_ALTAIR/ALTAIR-vision/install/ball_detect/lib/python3.12/site-packages'
[13.961s] Level 1:colcon.colcon_core.shell:create_environment_hook('ball_detect', 'pythonpath')
[13.962s] INFO:colcon.colcon_core.shell:Creating environment hook '/home/abyan/Documents/FOR_ALTAIR/ALTAIR-vision/install/ball_detect/share/ball_detect/hook/pythonpath.ps1'
[13.963s] INFO:colcon.colcon_core.shell:Creating environment descriptor '/home/abyan/Documents/FOR_ALTAIR/ALTAIR-vision/install/ball_detect/share/ball_detect/hook/pythonpath.dsv'
[13.963s] INFO:colcon.colcon_core.shell:Creating environment hook '/home/abyan/Documents/FOR_ALTAIR/ALTAIR-vision/install/ball_detect/share/ball_detect/hook/pythonpath.sh'
[13.965s] Level 1:colcon.colcon_core.environment:checking '/home/abyan/Documents/FOR_ALTAIR/ALTAIR-vision/install/ball_detect/bin'
[13.965s] INFO:colcon.colcon_core.shell:Creating package script '/home/abyan/Documents/FOR_ALTAIR/ALTAIR-vision/install/ball_detect/share/ball_detect/package.ps1'
[13.968s] INFO:colcon.colcon_core.shell:Creating package descriptor '/home/abyan/Documents/FOR_ALTAIR/ALTAIR-vision/install/ball_detect/share/ball_detect/package.dsv'
[13.970s] INFO:colcon.colcon_core.shell:Creating package script '/home/abyan/Documents/FOR_ALTAIR/ALTAIR-vision/install/ball_detect/share/ball_detect/package.sh'
[13.972s] INFO:colcon.colcon_core.shell:Creating package script '/home/abyan/Documents/FOR_ALTAIR/ALTAIR-vision/install/ball_detect/share/ball_detect/package.bash'
[13.973s] INFO:colcon.colcon_core.shell:Creating package script '/home/abyan/Documents/FOR_ALTAIR/ALTAIR-vision/install/ball_detect/share/ball_detect/package.zsh'
[13.975s] Level 1:colcon.colcon_core.environment:create_file_with_runtime_dependencies(/home/abyan/Documents/FOR_ALTAIR/ALTAIR-vision/install/ball_detect/share/colcon-core/packages/ball_detect)
[13.977s] Level 1:colcon.colcon_core.environment:create_environment_scripts_only(ball_detect)
[13.977s] Level 1:colcon.colcon_core.environment:checking '/home/abyan/Documents/FOR_ALTAIR/ALTAIR-vision/install/ball_detect' for CMake module files
[13.979s] Level 1:colcon.colcon_core.environment:checking '/home/abyan/Documents/FOR_ALTAIR/ALTAIR-vision/install/ball_detect' for CMake config files
[13.981s] Level 1:colcon.colcon_core.shell:create_environment_hook('ball_detect', 'cmake_prefix_path')
[13.981s] INFO:colcon.colcon_core.shell:Creating environment hook '/home/abyan/Documents/FOR_ALTAIR/ALTAIR-vision/install/ball_detect/share/ball_detect/hook/cmake_prefix_path.ps1'
[13.982s] INFO:colcon.colcon_core.shell:Creating environment descriptor '/home/abyan/Documents/FOR_ALTAIR/ALTAIR-vision/install/ball_detect/share/ball_detect/hook/cmake_prefix_path.dsv'
[13.983s] INFO:colcon.colcon_core.shell:Creating environment hook '/home/abyan/Documents/FOR_ALTAIR/ALTAIR-vision/install/ball_detect/share/ball_detect/hook/cmake_prefix_path.sh'
[13.985s] Level 1:colcon.colcon_core.environment:checking '/home/abyan/Documents/FOR_ALTAIR/ALTAIR-vision/install/ball_detect/lib'
[13.985s] Level 1:colcon.colcon_core.shell:create_environment_hook('ball_detect', 'ld_library_path_lib')
[13.985s] INFO:colcon.colcon_core.shell:Creating environment hook '/home/abyan/Documents/FOR_ALTAIR/ALTAIR-vision/install/ball_detect/share/ball_detect/hook/ld_library_path_lib.ps1'
[13.986s] INFO:colcon.colcon_core.shell:Creating environment descriptor '/home/abyan/Documents/FOR_ALTAIR/ALTAIR-vision/install/ball_detect/share/ball_detect/hook/ld_library_path_lib.dsv'
[13.987s] INFO:colcon.colcon_core.shell:Creating environment hook '/home/abyan/Documents/FOR_ALTAIR/ALTAIR-vision/install/ball_detect/share/ball_detect/hook/ld_library_path_lib.sh'
[13.987s] Level 1:colcon.colcon_core.environment:checking '/home/abyan/Documents/FOR_ALTAIR/ALTAIR-vision/install/ball_detect/bin'
[13.988s] Level 1:colcon.colcon_core.environment:checking '/home/abyan/Documents/FOR_ALTAIR/ALTAIR-vision/install/ball_detect/lib/pkgconfig/ball_detect.pc'
[13.988s] Level 1:colcon.colcon_core.environment:checking '/home/abyan/Documents/FOR_ALTAIR/ALTAIR-vision/install/ball_detect/lib/python3.12/site-packages'
[13.988s] Level 1:colcon.colcon_core.shell:create_environment_hook('ball_detect', 'pythonpath')
[13.989s] INFO:colcon.colcon_core.shell:Creating environment hook '/home/abyan/Documents/FOR_ALTAIR/ALTAIR-vision/install/ball_detect/share/ball_detect/hook/pythonpath.ps1'
[13.989s] INFO:colcon.colcon_core.shell:Creating environment descriptor '/home/abyan/Documents/FOR_ALTAIR/ALTAIR-vision/install/ball_detect/share/ball_detect/hook/pythonpath.dsv'
[13.990s] INFO:colcon.colcon_core.shell:Creating environment hook '/home/abyan/Documents/FOR_ALTAIR/ALTAIR-vision/install/ball_detect/share/ball_detect/hook/pythonpath.sh'
[13.991s] Level 1:colcon.colcon_core.environment:checking '/home/abyan/Documents/FOR_ALTAIR/ALTAIR-vision/install/ball_detect/bin'
[13.992s] INFO:colcon.colcon_core.shell:Creating package script '/home/abyan/Documents/FOR_ALTAIR/ALTAIR-vision/install/ball_detect/share/ball_detect/package.ps1'
[13.993s] INFO:colcon.colcon_core.shell:Creating package descriptor '/home/abyan/Documents/FOR_ALTAIR/ALTAIR-vision/install/ball_detect/share/ball_detect/package.dsv'
[13.994s] INFO:colcon.colcon_core.shell:Creating package script '/home/abyan/Documents/FOR_ALTAIR/ALTAIR-vision/install/ball_detect/share/ball_detect/package.sh'
[13.995s] INFO:colcon.colcon_core.shell:Creating package script '/home/abyan/Documents/FOR_ALTAIR/ALTAIR-vision/install/ball_detect/share/ball_detect/package.bash'
[13.996s] INFO:colcon.colcon_core.shell:Creating package script '/home/abyan/Documents/FOR_ALTAIR/ALTAIR-vision/install/ball_detect/share/ball_detect/package.zsh'
[13.996s] Level 1:colcon.colcon_core.environment:create_file_with_runtime_dependencies(/home/abyan/Documents/FOR_ALTAIR/ALTAIR-vision/install/ball_detect/share/colcon-core/packages/ball_detect)
[13.997s] DEBUG:colcon.colcon_parallel_executor.executor.parallel:closing loop
[13.997s] DEBUG:colcon.colcon_parallel_executor.executor.parallel:loop closed
[13.997s] DEBUG:colcon.colcon_parallel_executor.executor.parallel:run_until_complete finished with '0'
[13.997s] DEBUG:colcon.colcon_core.event_reactor:joining thread
[14.012s] INFO:colcon.colcon_core.plugin_system:Skipping extension 'colcon_notification.desktop_notification.terminal_notifier': Not used on non-Darwin systems
[14.013s] INFO:colcon.colcon_core.plugin_system:Skipping extension 'colcon_notification.desktop_notification.win32': Not used on non-Windows systems
[14.013s] INFO:colcon.colcon_notification.desktop_notification:Sending desktop notification using 'notify2'
[14.042s] DEBUG:colcon.colcon_core.event_reactor:joined thread
[14.043s] INFO:colcon.colcon_core.shell:Creating prefix script '/home/abyan/Documents/FOR_ALTAIR/ALTAIR-vision/install/local_setup.ps1'
[14.045s] INFO:colcon.colcon_core.shell:Creating prefix util module '/home/abyan/Documents/FOR_ALTAIR/ALTAIR-vision/install/_local_setup_util_ps1.py'
[14.049s] INFO:colcon.colcon_core.shell:Creating prefix chain script '/home/abyan/Documents/FOR_ALTAIR/ALTAIR-vision/install/setup.ps1'
[14.051s] INFO:colcon.colcon_core.shell:Creating prefix script '/home/abyan/Documents/FOR_ALTAIR/ALTAIR-vision/install/local_setup.sh'
[14.053s] INFO:colcon.colcon_core.shell:Creating prefix util module '/home/abyan/Documents/FOR_ALTAIR/ALTAIR-vision/install/_local_setup_util_sh.py'
[14.054s] INFO:colcon.colcon_core.shell:Creating prefix chain script '/home/abyan/Documents/FOR_ALTAIR/ALTAIR-vision/install/setup.sh'
[14.057s] INFO:colcon.colcon_core.shell:Creating prefix script '/home/abyan/Documents/FOR_ALTAIR/ALTAIR-vision/install/local_setup.bash'
[14.059s] INFO:colcon.colcon_core.shell:Creating prefix chain script '/home/abyan/Documents/FOR_ALTAIR/ALTAIR-vision/install/setup.bash'
[14.061s] INFO:colcon.colcon_core.shell:Creating prefix script '/home/abyan/Documents/FOR_ALTAIR/ALTAIR-vision/install/local_setup.zsh'
[14.062s] INFO:colcon.colcon_core.shell:Creating prefix chain script '/home/abyan/Documents/FOR_ALTAIR/ALTAIR-vision/install/setup.zsh'
