[0.830s] Invoking command in '/home/altair/Documents/ALTAIR-vision/build/vision_msg': DEBUGINFOD_URLS=https://debuginfod.ubuntu.com /usr/bin/cmake /home/altair/Documents/ALTAIR-vision/vision_msg -DCMAKE_INSTALL_PREFIX=/home/altair/Documents/ALTAIR-vision/install/vision_msg
[0.841s] [33mCMake Warning (dev) in CMakeLists.txt:
[0.841s]   No project() command is present.  The top-level CMakeLists.txt file must
[0.841s]   contain a literal, direct call to the project() command.  Add a line of
[0.841s]   code such as
[0.842s] 
[0.842s]     project(ProjectName)
[0.842s] 
[0.842s]   near the top of the file, but after cmake_minimum_required().
[0.842s] 
[0.842s]   CMake is pretending there is a "project(Project)" command on the first
[0.842s]   line.
[0.842s] This warning is for project developers.  Use -Wno-dev to suppress it.
[0.842s] [0m
[0.843s] [33mCMake Warning (dev) in CMakeLists.txt:
[0.843s]   cmake_minimum_required() should be called prior to this top-level project()
[0.843s]   call.  Please see the cmake-commands(7) manual for usage documentation of
[0.843s]   both commands.
[0.843s] This warning is for project developers.  Use -Wno-dev to suppress it.
[0.843s] [0m
[0.952s] -- The C compiler identification is GNU 13.2.0
[1.095s] -- The CXX compiler identification is GNU 13.2.0
[1.133s] -- Detecting C compiler ABI info
[1.319s] -- Detecting C compiler ABI info - done
[1.345s] -- Check for working C compiler: /usr/bin/cc - skipped
[1.346s] -- Detecting C compile features
[1.347s] -- Detecting C compile features - done
[1.373s] -- Detecting CXX compiler ABI info
[1.578s] -- Detecting CXX compiler ABI info - done
[1.602s] -- Check for working CXX compiler: /usr/bin/c++ - skipped
[1.603s] -- Detecting CXX compile features
[1.604s] -- Detecting CXX compile features - done
[1.606s] -- Configuring done (0.8s)
[1.607s] -- Generating done (0.0s)
[1.608s] -- Build files have been written to: /home/altair/Documents/ALTAIR-vision/build/vision_msg
[1.614s] Invoked command in '/home/altair/Documents/ALTAIR-vision/build/vision_msg' returned '0': DEBUGINFOD_URLS=https://debuginfod.ubuntu.com /usr/bin/cmake /home/altair/Documents/ALTAIR-vision/vision_msg -DCMAKE_INSTALL_PREFIX=/home/altair/Documents/ALTAIR-vision/install/vision_msg
[1.618s] Invoking command in '/home/altair/Documents/ALTAIR-vision/build/vision_msg': DEBUGINFOD_URLS=https://debuginfod.ubuntu.com /usr/bin/cmake --build /home/altair/Documents/ALTAIR-vision/build/vision_msg -- -j16 -l16
[1.692s] Invoked command in '/home/altair/Documents/ALTAIR-vision/build/vision_msg' returned '0': DEBUGINFOD_URLS=https://debuginfod.ubuntu.com /usr/bin/cmake --build /home/altair/Documents/ALTAIR-vision/build/vision_msg -- -j16 -l16
