[  2%] Built target temp_ball_detector__rosidl_generator_type_description
[  2%] Built target ament_cmake_python_copy_temp_ball_detector
[  5%] Built target temp_ball_detector__cpp
[ 20%] Built target temp_ball_detector__rosidl_generator_c
[ 32%] Built target temp_ball_detector__rosidl_typesupport_introspection_cpp
[ 38%] Built target temp_ball_detector__rosidl_typesupport_c
[ 52%] Built target temp_ball_detector__rosidl_typesupport_introspection_c
[ 55%] Built target temp_ball_detector__rosidl_typesupport_cpp
[ 64%] Built target temp_ball_detector__rosidl_typesupport_fastrtps_cpp
[ 73%] Built target temp_ball_detector__rosidl_typesupport_fastrtps_c
[ 73%] Built target temp_ball_detector
[ 76%] Built target temp_ball_detector__py
[ 82%] Built target temp_ball_detector__rosidl_generator_py
[ 94%] Built target temp_ball_detector_s__rosidl_typesupport_introspection_c
[ 94%] Built target temp_ball_detector_s__rosidl_typesupport_fastrtps_c
[100%] Built target temp_ball_detector_s__rosidl_typesupport_c
running egg_info
writing temp_ball_detector.egg-info/PKG-INFO
writing dependency_links to temp_ball_detector.egg-info/dependency_links.txt
writing top-level names to temp_ball_detector.egg-info/top_level.txt
reading manifest file 'temp_ball_detector.egg-info/SOURCES.txt'
writing manifest file 'temp_ball_detector.egg-info/SOURCES.txt'
[100%] Built target ament_cmake_python_build_temp_ball_detector_egg
