[0.095s] Invoking command in '/home/abyan/Documents/FOR_ALTAIR/ALTAIR-vision/build/ball_detect': CMAKE_PREFIX_PATH=${CMAKE_PREFIX_PATH}:/opt/ros/jazzy DEBUGINFOD_URLS=https://debuginfod.ubuntu.com /usr/bin/cmake --build /home/abyan/Documents/FOR_ALTAIR/ALTAIR-vision/build/ball_detect -- -j16 -l16
[2.492s] -- CMAKE_CURRENT_SOURCE_DIR: /home/abyan/Documents/FOR_ALTAIR/ALTAIR-vision/src/ball_detect
[2.493s] -- Found ament_cmake: 2.5.3 (/opt/ros/jazzy/share/ament_cmake/cmake)
[2.496s] -- Found Python3: /usr/bin/python3 (found version "3.12.3") found components: Interpreter 
[2.496s] -- Found rclcpp: 28.1.8 (/opt/ros/jazzy/share/rclcpp/cmake)
[2.496s] -- Found rosidl_generator_c: 4.6.5 (/opt/ros/jazzy/share/rosidl_generator_c/cmake)
[2.496s] -- Found rosidl_generator_cpp: 4.6.5 (/opt/ros/jazzy/share/rosidl_generator_cpp/cmake)
[2.496s] -- Using all available rosidl_typesupport_c: rosidl_typesupport_fastrtps_c;rosidl_typesupport_introspection_c
[2.496s] -- Using all available rosidl_typesupport_cpp: rosidl_typesupport_fastrtps_cpp;rosidl_typesupport_introspection_cpp
[2.497s] -- Found rmw_implementation_cmake: 7.3.2 (/opt/ros/jazzy/share/rmw_implementation_cmake/cmake)
[2.497s] -- Found rmw_fastrtps_cpp: 8.4.2 (/opt/ros/jazzy/share/rmw_fastrtps_cpp/cmake)
[2.497s] -- Using RMW implementation 'rmw_fastrtps_cpp' as default
[2.497s] -- Found sensor_msgs: 5.3.6 (/opt/ros/jazzy/share/sensor_msgs/cmake)
[2.497s] -- Found cv_bridge: 4.1.0 (/opt/ros/jazzy/share/cv_bridge/cmake)
[2.498s] -- Found image_transport: 5.1.6 (/opt/ros/jazzy/share/image_transport/cmake)
[2.498s] -- Found rosidl_default_generators: 1.6.0 (/opt/ros/jazzy/share/rosidl_default_generators/cmake)
[2.498s] -- Found rosidl_adapter: 4.6.5 (/opt/ros/jazzy/share/rosidl_adapter/cmake)
[2.498s] -- OpenCV library status:
[2.498s] --   version: 4.12.0
[2.498s] --   libraries: opencv_calib3d;opencv_core;opencv_dnn;opencv_features2d;opencv_flann;opencv_gapi;opencv_highgui;opencv_imgcodecs;opencv_imgproc;opencv_ml;opencv_objdetect;opencv_photo;opencv_stitching;opencv_video;opencv_videoio;opencv_alphamat;opencv_aruco;opencv_bgsegm;opencv_bioinspired;opencv_ccalib;opencv_cvv;opencv_datasets;opencv_dnn_objdetect;opencv_dnn_superres;opencv_dpm;opencv_face;opencv_freetype;opencv_fuzzy;opencv_hdf;opencv_hfs;opencv_img_hash;opencv_intensity_transform;opencv_line_descriptor;opencv_mcc;opencv_optflow;opencv_phase_unwrapping;opencv_plot;opencv_quality;opencv_rapid;opencv_reg;opencv_rgbd;opencv_saliency;opencv_shape;opencv_signal;opencv_stereo;opencv_structured_light;opencv_superres;opencv_surface_matching;opencv_text;opencv_tracking;opencv_videostab;opencv_viz;opencv_wechat_qrcode;opencv_xfeatures2d;opencv_ximgproc;opencv_xobjdetect;opencv_xphoto;opencv_calib3d;opencv_core;opencv_dnn;opencv_features2d;opencv_flann;opencv_gapi;opencv_highgui;opencv_imgcodecs;opencv_imgproc;opencv_ml;opencv_objdetect;opencv_photo;opencv_stitching;opencv_video;opencv_videoio;opencv_alphamat;opencv_aruco;opencv_bgsegm;opencv_bioinspired;opencv_ccalib;opencv_cvv;opencv_datasets;opencv_dnn_objdetect;opencv_dnn_superres;opencv_dpm;opencv_face;opencv_freetype;opencv_fuzzy;opencv_hdf;opencv_hfs;opencv_img_hash;opencv_intensity_transform;opencv_line_descriptor;opencv_mcc;opencv_optflow;opencv_phase_unwrapping;opencv_plot;opencv_quality;opencv_rapid;opencv_reg;opencv_rgbd;opencv_saliency;opencv_shape;opencv_signal;opencv_stereo;opencv_structured_light;opencv_superres;opencv_surface_matching;opencv_text;opencv_tracking;opencv_videostab;opencv_viz;opencv_wechat_qrcode;opencv_xfeatures2d;opencv_ximgproc;opencv_xobjdetect;opencv_xphoto
[2.498s] --   include path: /usr/local/include/opencv4
[2.499s] -- Found ament_cmake_ros: 0.12.0 (/opt/ros/jazzy/share/ament_cmake_ros/cmake)
[3.004s] -- Using all available rosidl_typesupport_c: rosidl_typesupport_fastrtps_c;rosidl_typesupport_introspection_c
[3.255s] -- Using all available rosidl_typesupport_cpp: rosidl_typesupport_fastrtps_cpp;rosidl_typesupport_introspection_cpp
[3.260s] -- Found python_cmake_module: 0.11.1 (/opt/ros/jazzy/share/python_cmake_module/cmake)
[4.167s] -- Found Python3: /usr/bin/python3 (found version "3.12.3") found components: Interpreter Development NumPy Development.Module Development.Embed 
[4.265s] -- Found ament_lint_auto: 0.17.2 (/opt/ros/jazzy/share/ament_lint_auto/cmake)
[4.302s] -- Added test 'cppcheck' to perform static code analysis on C / C++ code
[4.305s] -- Configured cppcheck include dirs: /home/abyan/Documents/FOR_ALTAIR/ALTAIR-vision/src/ball_detect/include
[4.305s] -- Configured cppcheck exclude dirs and/or files: 
[4.307s] -- Added test 'flake8' to check Python code syntax and style conventions
[4.307s] -- Configured 'flake8' exclude dirs and/or files: 
[4.309s] -- Added test 'lint_cmake' to check CMake code style
[4.311s] -- Added test 'pep257' to check Python code against some of the docstring style conventions in PEP 257
[4.315s] -- Added test 'uncrustify' to check C / C++ code style
[4.315s] -- Configured uncrustify additional arguments: 
[4.317s] -- Added test 'xmllint' to check XML markup files
[4.325s] -- Configuring done (4.2s)
[4.506s] -- Generating done (0.1s)
[4.550s] -- Build files have been written to: /home/abyan/Documents/FOR_ALTAIR/ALTAIR-vision/build/ball_detect
[4.653s] [  2%] Built target ball_detect__rosidl_generator_type_description
[4.678s] [  2%] Built target ament_cmake_python_copy_ball_detect
[4.706s] [  5%] Built target ball_detect__cpp
[4.725s] [ 18%] Built target ball_detect__rosidl_generator_c
[4.798s] [ 27%] Built target ball_detect__rosidl_typesupport_introspection_cpp
[4.799s] [ 35%] Built target ball_detect__rosidl_typesupport_introspection_c
[4.799s] [ 48%] Built target ball_detect__rosidl_typesupport_c
[4.800s] [ 51%] Built target ball_detect__rosidl_typesupport_cpp
[4.802s] [ 59%] Built target ball_detect__rosidl_typesupport_fastrtps_c
[4.805s] [ 67%] Built target ball_detect__rosidl_typesupport_fastrtps_cpp
[4.869s] [ 67%] Built target ball_detect
[4.908s] [ 70%] [32mBuilding CXX object CMakeFiles/ball_det.dir/src/ball_detect.cpp.o[0m
[4.911s] [ 72%] [32mBuilding CXX object CMakeFiles/ball_det.dir/src/ball_detector_node.cpp.o[0m
[4.936s] [ 75%] Built target ball_detect__py
[5.006s] [ 78%] [32mBuilding C object CMakeFiles/ball_detect__rosidl_generator_py.dir/rosidl_generator_py/ball_detect/msg/_ball_info_s.c.o[0m
[5.448s] running egg_info
[5.487s] [ 81%] [32m[1mLinking C shared library libball_detect__rosidl_generator_py.so[0m
[5.529s] writing ball_detect.egg-info/PKG-INFO
[5.530s] writing dependency_links to ball_detect.egg-info/dependency_links.txt
[5.531s] writing top-level names to ball_detect.egg-info/top_level.txt
[5.612s] [ 81%] Built target ball_detect__rosidl_generator_py
[5.677s] [ 83%] [32mBuilding C object CMakeFiles/ball_detect_s__rosidl_typesupport_c.dir/rosidl_generator_py/ball_detect/_ball_detect_s.ep.rosidl_typesupport_c.c.o[0m
[5.683s] [ 86%] [32mBuilding C object CMakeFiles/ball_detect_s__rosidl_typesupport_fastrtps_c.dir/rosidl_generator_py/ball_detect/_ball_detect_s.ep.rosidl_typesupport_fastrtps_c.c.o[0m
[5.685s] [ 89%] [32mBuilding C object CMakeFiles/ball_detect_s__rosidl_typesupport_introspection_c.dir/rosidl_generator_py/ball_detect/_ball_detect_s.ep.rosidl_typesupport_introspection_c.c.o[0m
[5.779s] reading manifest file 'ball_detect.egg-info/SOURCES.txt'
[5.781s] writing manifest file 'ball_detect.egg-info/SOURCES.txt'
[5.875s] [ 89%] Built target ament_cmake_python_build_ball_detect_egg
[6.011s] [ 91%] [32m[1mLinking C shared module rosidl_generator_py/ball_detect/ball_detect_s__rosidl_typesupport_c.so[0m
[6.043s] [ 94%] [32m[1mLinking C shared module rosidl_generator_py/ball_detect/ball_detect_s__rosidl_typesupport_introspection_c.so[0m
[6.088s] [ 97%] [32m[1mLinking C shared module rosidl_generator_py/ball_detect/ball_detect_s__rosidl_typesupport_fastrtps_c.so[0m
[6.099s] [ 97%] Built target ball_detect_s__rosidl_typesupport_c
[6.131s] In file included from [01m[K/home/abyan/Documents/FOR_ALTAIR/ALTAIR-vision/src/ball_detect/src/ball_detector_node.cpp:1[m[K:
[6.131s] [01m[K/home/abyan/Documents/FOR_ALTAIR/ALTAIR-vision/src/ball_detect/include/ball_detect/ball_detect.hpp:23:10:[m[K [01;31m[Kfatal error: [m[Kball_detect/msg/BallInfo.hpp: No such file or directory
[6.132s]    23 | #include [01;31m[K"ball_detect/msg/BallInfo.hpp"[m[K
[6.132s]       |          [01;31m[K^~~~~~~~~~~~~~~~~~~~~~~~~~~~~~[m[K
[6.132s] compilation terminated.
[6.137s] [ 97%] Built target ball_detect_s__rosidl_typesupport_introspection_c
[6.144s] gmake[2]: *** [CMakeFiles/ball_det.dir/build.make:90: CMakeFiles/ball_det.dir/src/ball_detector_node.cpp.o] Error 1
[6.146s] gmake[2]: *** Waiting for unfinished jobs....
[6.179s] [ 97%] Built target ball_detect_s__rosidl_typesupport_fastrtps_c
[6.180s] In file included from [01m[K/home/abyan/Documents/FOR_ALTAIR/ALTAIR-vision/src/ball_detect/src/ball_detect.cpp:1[m[K:
[6.181s] [01m[K/home/abyan/Documents/FOR_ALTAIR/ALTAIR-vision/src/ball_detect/include/ball_detect/ball_detect.hpp:23:10:[m[K [01;31m[Kfatal error: [m[Kball_detect/msg/BallInfo.hpp: No such file or directory
[6.181s]    23 | #include [01;31m[K"ball_detect/msg/BallInfo.hpp"[m[K
[6.181s]       |          [01;31m[K^~~~~~~~~~~~~~~~~~~~~~~~~~~~~~[m[K
[6.181s] compilation terminated.
[6.191s] gmake[2]: *** [CMakeFiles/ball_det.dir/build.make:76: CMakeFiles/ball_det.dir/src/ball_detect.cpp.o] Error 1
[6.192s] gmake[1]: *** [CMakeFiles/Makefile2:185: CMakeFiles/ball_det.dir/all] Error 2
[6.192s] gmake: *** [Makefile:146: all] Error 2
[6.197s] Invoked command in '/home/abyan/Documents/FOR_ALTAIR/ALTAIR-vision/build/ball_detect' returned '2': CMAKE_PREFIX_PATH=${CMAKE_PREFIX_PATH}:/opt/ros/jazzy DEBUGINFOD_URLS=https://debuginfod.ubuntu.com /usr/bin/cmake --build /home/abyan/Documents/FOR_ALTAIR/ALTAIR-vision/build/ball_detect -- -j16 -l16
