[0.147s] Invoking command in '/home/abyan/Documents/FOR_ALTAIR/ALTAIR-vision/build/ball_detect': CMAKE_PREFIX_PATH=${CMAKE_PREFIX_PATH}:/home/abyan/Documents/FOR_ALTAIR/ALTAIR-vision/install/video_subscriber:/home/abyan/Documents/FOR_ALTAIR/ALTAIR-vision/install/soccer_field_map_generator:/home/abyan/Documents/FOR_ALTAIR/ALTAIR-vision/install/camera_calibration:/home/abyan/Documents/FOR_ALTAIR/ALTAIR-vision/install/ball_detector:/opt/ros/jazzy DEBUGINFOD_URLS=https://debuginfod.ubuntu.com /usr/bin/cmake --build /home/abyan/Documents/FOR_ALTAIR/ALTAIR-vision/build/ball_detect -- -j16 -l16
[1.950s] [  2%] Built target ball_detect__rosidl_generator_type_description
[1.950s] [  2%] Built target ament_cmake_python_copy_ball_detect
[1.951s] [  5%] Built target ball_detect__cpp
[1.951s] [ 18%] Built target ball_detect__rosidl_generator_c
[1.951s] [ 27%] Built target ball_detect__rosidl_typesupport_fastrtps_cpp
[1.951s] [ 35%] Built target ball_detect__rosidl_typesupport_introspection_c
[1.951s] [ 43%] Built target ball_detect__rosidl_typesupport_fastrtps_c
[1.951s] [ 51%] Built target ball_detect__rosidl_typesupport_cpp
[1.951s] [ 59%] Built target ball_detect__rosidl_typesupport_c
[1.952s] [ 67%] Built target ball_detect__rosidl_typesupport_introspection_cpp
[1.952s] [ 67%] Built target ball_detect
[1.952s] [ 75%] Built target ball_det
[1.952s] [ 78%] Built target ball_detect__py
[1.952s] [ 83%] Built target ball_detect__rosidl_generator_py
[1.952s] [ 89%] Built target ball_detect_s__rosidl_typesupport_fastrtps_c
[1.952s] [100%] Built target ball_detect_s__rosidl_typesupport_c
[1.952s] [100%] Built target ball_detect_s__rosidl_typesupport_introspection_c
[1.953s] running egg_info
[1.953s] writing ball_detect.egg-info/PKG-INFO
[1.953s] writing dependency_links to ball_detect.egg-info/dependency_links.txt
[1.953s] writing top-level names to ball_detect.egg-info/top_level.txt
[1.953s] reading manifest file 'ball_detect.egg-info/SOURCES.txt'
[1.953s] writing manifest file 'ball_detect.egg-info/SOURCES.txt'
[1.953s] [100%] Built target ament_cmake_python_build_ball_detect_egg
[1.984s] Invoked command in '/home/abyan/Documents/FOR_ALTAIR/ALTAIR-vision/build/ball_detect' returned '0': CMAKE_PREFIX_PATH=${CMAKE_PREFIX_PATH}:/home/abyan/Documents/FOR_ALTAIR/ALTAIR-vision/install/video_subscriber:/home/abyan/Documents/FOR_ALTAIR/ALTAIR-vision/install/soccer_field_map_generator:/home/abyan/Documents/FOR_ALTAIR/ALTAIR-vision/install/camera_calibration:/home/abyan/Documents/FOR_ALTAIR/ALTAIR-vision/install/ball_detector:/opt/ros/jazzy DEBUGINFOD_URLS=https://debuginfod.ubuntu.com /usr/bin/cmake --build /home/abyan/Documents/FOR_ALTAIR/ALTAIR-vision/build/ball_detect -- -j16 -l16
[1.987s] Invoking command in '/home/abyan/Documents/FOR_ALTAIR/ALTAIR-vision/build/ball_detect': CMAKE_PREFIX_PATH=${CMAKE_PREFIX_PATH}:/home/abyan/Documents/FOR_ALTAIR/ALTAIR-vision/install/video_subscriber:/home/abyan/Documents/FOR_ALTAIR/ALTAIR-vision/install/soccer_field_map_generator:/home/abyan/Documents/FOR_ALTAIR/ALTAIR-vision/install/camera_calibration:/home/abyan/Documents/FOR_ALTAIR/ALTAIR-vision/install/ball_detector:/opt/ros/jazzy DEBUGINFOD_URLS=https://debuginfod.ubuntu.com /usr/bin/cmake --install /home/abyan/Documents/FOR_ALTAIR/ALTAIR-vision/build/ball_detect
[2.029s] -- Install configuration: ""
[2.029s] -- Up-to-date: /home/abyan/Documents/FOR_ALTAIR/ALTAIR-vision/install/ball_detect/share/ament_index/resource_index/rosidl_interfaces/ball_detect
[2.029s] -- Up-to-date: /home/abyan/Documents/FOR_ALTAIR/ALTAIR-vision/install/ball_detect/share/ball_detect/msg/BallInfo.json
[2.029s] -- Up-to-date: /home/abyan/Documents/FOR_ALTAIR/ALTAIR-vision/install/ball_detect/include/ball_detect/ball_detect
[2.029s] -- Up-to-date: /home/abyan/Documents/FOR_ALTAIR/ALTAIR-vision/install/ball_detect/include/ball_detect/ball_detect/msg
[2.029s] -- Up-to-date: /home/abyan/Documents/FOR_ALTAIR/ALTAIR-vision/install/ball_detect/include/ball_detect/ball_detect/msg/detail
[2.030s] -- Up-to-date: /home/abyan/Documents/FOR_ALTAIR/ALTAIR-vision/install/ball_detect/include/ball_detect/ball_detect/msg/detail/ball_info__functions.c
[2.030s] -- Up-to-date: /home/abyan/Documents/FOR_ALTAIR/ALTAIR-vision/install/ball_detect/include/ball_detect/ball_detect/msg/detail/ball_info__functions.h
[2.030s] -- Up-to-date: /home/abyan/Documents/FOR_ALTAIR/ALTAIR-vision/install/ball_detect/include/ball_detect/ball_detect/msg/detail/ball_info__description.c
[2.030s] -- Up-to-date: /home/abyan/Documents/FOR_ALTAIR/ALTAIR-vision/install/ball_detect/include/ball_detect/ball_detect/msg/detail/ball_info__type_support.h
[2.030s] -- Up-to-date: /home/abyan/Documents/FOR_ALTAIR/ALTAIR-vision/install/ball_detect/include/ball_detect/ball_detect/msg/detail/ball_info__struct.h
[2.031s] -- Installing: /home/abyan/Documents/FOR_ALTAIR/ALTAIR-vision/install/ball_detect/include/ball_detect/ball_detect/msg/detail/ball_info__type_support.c
[2.033s] -- Up-to-date: /home/abyan/Documents/FOR_ALTAIR/ALTAIR-vision/install/ball_detect/include/ball_detect/ball_detect/msg/ball_info.h
[2.033s] -- Up-to-date: /home/abyan/Documents/FOR_ALTAIR/ALTAIR-vision/install/ball_detect/include/ball_detect/ball_detect/msg/rosidl_generator_c__visibility_control.h
[2.033s] -- Up-to-date: /home/abyan/Documents/FOR_ALTAIR/ALTAIR-vision/install/ball_detect/share/ball_detect/environment/library_path.sh
[2.033s] -- Up-to-date: /home/abyan/Documents/FOR_ALTAIR/ALTAIR-vision/install/ball_detect/share/ball_detect/environment/library_path.dsv
[2.033s] -- Up-to-date: /home/abyan/Documents/FOR_ALTAIR/ALTAIR-vision/install/ball_detect/lib/libball_detect__rosidl_generator_c.so
[2.034s] -- Up-to-date: /home/abyan/Documents/FOR_ALTAIR/ALTAIR-vision/install/ball_detect/include/ball_detect/ball_detect
[2.034s] -- Up-to-date: /home/abyan/Documents/FOR_ALTAIR/ALTAIR-vision/install/ball_detect/include/ball_detect/ball_detect/msg
[2.034s] -- Up-to-date: /home/abyan/Documents/FOR_ALTAIR/ALTAIR-vision/install/ball_detect/include/ball_detect/ball_detect/msg/detail
[2.034s] -- Up-to-date: /home/abyan/Documents/FOR_ALTAIR/ALTAIR-vision/install/ball_detect/include/ball_detect/ball_detect/msg/detail/ball_info__rosidl_typesupport_fastrtps_c.h
[2.036s] -- Up-to-date: /home/abyan/Documents/FOR_ALTAIR/ALTAIR-vision/install/ball_detect/include/ball_detect/ball_detect/msg/rosidl_typesupport_fastrtps_c__visibility_control.h
[2.036s] -- Up-to-date: /home/abyan/Documents/FOR_ALTAIR/ALTAIR-vision/install/ball_detect/lib/libball_detect__rosidl_typesupport_fastrtps_c.so
[2.036s] -- Up-to-date: /home/abyan/Documents/FOR_ALTAIR/ALTAIR-vision/install/ball_detect/include/ball_detect/ball_detect
[2.037s] -- Up-to-date: /home/abyan/Documents/FOR_ALTAIR/ALTAIR-vision/install/ball_detect/include/ball_detect/ball_detect/msg
[2.037s] -- Up-to-date: /home/abyan/Documents/FOR_ALTAIR/ALTAIR-vision/install/ball_detect/include/ball_detect/ball_detect/msg/detail
[2.037s] -- Up-to-date: /home/abyan/Documents/FOR_ALTAIR/ALTAIR-vision/install/ball_detect/include/ball_detect/ball_detect/msg/detail/ball_info__type_support.hpp
[2.037s] -- Up-to-date: /home/abyan/Documents/FOR_ALTAIR/ALTAIR-vision/install/ball_detect/include/ball_detect/ball_detect/msg/detail/ball_info__traits.hpp
[2.037s] -- Up-to-date: /home/abyan/Documents/FOR_ALTAIR/ALTAIR-vision/install/ball_detect/include/ball_detect/ball_detect/msg/detail/ball_info__struct.hpp
[2.037s] -- Up-to-date: /home/abyan/Documents/FOR_ALTAIR/ALTAIR-vision/install/ball_detect/include/ball_detect/ball_detect/msg/detail/ball_info__builder.hpp
[2.038s] -- Up-to-date: /home/abyan/Documents/FOR_ALTAIR/ALTAIR-vision/install/ball_detect/include/ball_detect/ball_detect/msg/ball_info.hpp
[2.038s] -- Up-to-date: /home/abyan/Documents/FOR_ALTAIR/ALTAIR-vision/install/ball_detect/include/ball_detect/ball_detect/msg/rosidl_generator_cpp__visibility_control.hpp
[2.038s] -- Up-to-date: /home/abyan/Documents/FOR_ALTAIR/ALTAIR-vision/install/ball_detect/include/ball_detect/ball_detect
[2.038s] -- Up-to-date: /home/abyan/Documents/FOR_ALTAIR/ALTAIR-vision/install/ball_detect/include/ball_detect/ball_detect/msg
[2.038s] -- Up-to-date: /home/abyan/Documents/FOR_ALTAIR/ALTAIR-vision/install/ball_detect/include/ball_detect/ball_detect/msg/detail
[2.039s] -- Up-to-date: /home/abyan/Documents/FOR_ALTAIR/ALTAIR-vision/install/ball_detect/include/ball_detect/ball_detect/msg/detail/dds_fastrtps
[2.039s] -- Up-to-date: /home/abyan/Documents/FOR_ALTAIR/ALTAIR-vision/install/ball_detect/include/ball_detect/ball_detect/msg/detail/ball_info__rosidl_typesupport_fastrtps_cpp.hpp
[2.039s] -- Up-to-date: /home/abyan/Documents/FOR_ALTAIR/ALTAIR-vision/install/ball_detect/include/ball_detect/ball_detect/msg/rosidl_typesupport_fastrtps_cpp__visibility_control.h
[2.039s] -- Up-to-date: /home/abyan/Documents/FOR_ALTAIR/ALTAIR-vision/install/ball_detect/lib/libball_detect__rosidl_typesupport_fastrtps_cpp.so
[2.039s] -- Up-to-date: /home/abyan/Documents/FOR_ALTAIR/ALTAIR-vision/install/ball_detect/include/ball_detect/ball_detect
[2.039s] -- Up-to-date: /home/abyan/Documents/FOR_ALTAIR/ALTAIR-vision/install/ball_detect/include/ball_detect/ball_detect/msg
[2.040s] -- Up-to-date: /home/abyan/Documents/FOR_ALTAIR/ALTAIR-vision/install/ball_detect/include/ball_detect/ball_detect/msg/rosidl_typesupport_introspection_c__visibility_control.h
[2.040s] -- Up-to-date: /home/abyan/Documents/FOR_ALTAIR/ALTAIR-vision/install/ball_detect/include/ball_detect/ball_detect/msg/detail
[2.040s] -- Up-to-date: /home/abyan/Documents/FOR_ALTAIR/ALTAIR-vision/install/ball_detect/include/ball_detect/ball_detect/msg/detail/ball_info__rosidl_typesupport_introspection_c.h
[2.040s] -- Installing: /home/abyan/Documents/FOR_ALTAIR/ALTAIR-vision/install/ball_detect/include/ball_detect/ball_detect/msg/detail/ball_info__type_support.c
[2.040s] -- Up-to-date: /home/abyan/Documents/FOR_ALTAIR/ALTAIR-vision/install/ball_detect/lib/libball_detect__rosidl_typesupport_introspection_c.so
[2.040s] -- Up-to-date: /home/abyan/Documents/FOR_ALTAIR/ALTAIR-vision/install/ball_detect/lib/libball_detect__rosidl_typesupport_c.so
[2.041s] -- Up-to-date: /home/abyan/Documents/FOR_ALTAIR/ALTAIR-vision/install/ball_detect/include/ball_detect/ball_detect
[2.041s] -- Up-to-date: /home/abyan/Documents/FOR_ALTAIR/ALTAIR-vision/install/ball_detect/include/ball_detect/ball_detect/msg
[2.041s] -- Up-to-date: /home/abyan/Documents/FOR_ALTAIR/ALTAIR-vision/install/ball_detect/include/ball_detect/ball_detect/msg/detail
[2.041s] -- Up-to-date: /home/abyan/Documents/FOR_ALTAIR/ALTAIR-vision/install/ball_detect/include/ball_detect/ball_detect/msg/detail/ball_info__type_support.cpp
[2.041s] -- Up-to-date: /home/abyan/Documents/FOR_ALTAIR/ALTAIR-vision/install/ball_detect/include/ball_detect/ball_detect/msg/detail/ball_info__rosidl_typesupport_introspection_cpp.hpp
[2.041s] -- Up-to-date: /home/abyan/Documents/FOR_ALTAIR/ALTAIR-vision/install/ball_detect/lib/libball_detect__rosidl_typesupport_introspection_cpp.so
[2.042s] -- Up-to-date: /home/abyan/Documents/FOR_ALTAIR/ALTAIR-vision/install/ball_detect/lib/libball_detect__rosidl_typesupport_cpp.so
[2.042s] -- Up-to-date: /home/abyan/Documents/FOR_ALTAIR/ALTAIR-vision/install/ball_detect/share/ball_detect/environment/pythonpath.sh
[2.042s] -- Up-to-date: /home/abyan/Documents/FOR_ALTAIR/ALTAIR-vision/install/ball_detect/share/ball_detect/environment/pythonpath.dsv
[2.042s] -- Up-to-date: /home/abyan/Documents/FOR_ALTAIR/ALTAIR-vision/install/ball_detect/lib/python3.12/site-packages/ball_detect-0.0.0-py3.12.egg-info
[2.042s] -- Installing: /home/abyan/Documents/FOR_ALTAIR/ALTAIR-vision/install/ball_detect/lib/python3.12/site-packages/ball_detect-0.0.0-py3.12.egg-info/SOURCES.txt
[2.042s] -- Installing: /home/abyan/Documents/FOR_ALTAIR/ALTAIR-vision/install/ball_detect/lib/python3.12/site-packages/ball_detect-0.0.0-py3.12.egg-info/dependency_links.txt
[2.043s] -- Installing: /home/abyan/Documents/FOR_ALTAIR/ALTAIR-vision/install/ball_detect/lib/python3.12/site-packages/ball_detect-0.0.0-py3.12.egg-info/top_level.txt
[2.043s] -- Installing: /home/abyan/Documents/FOR_ALTAIR/ALTAIR-vision/install/ball_detect/lib/python3.12/site-packages/ball_detect-0.0.0-py3.12.egg-info/PKG-INFO
[2.043s] -- Up-to-date: /home/abyan/Documents/FOR_ALTAIR/ALTAIR-vision/install/ball_detect/lib/python3.12/site-packages/ball_detect
[2.043s] -- Up-to-date: /home/abyan/Documents/FOR_ALTAIR/ALTAIR-vision/install/ball_detect/lib/python3.12/site-packages/ball_detect/_ball_detect_s.ep.rosidl_typesupport_c.c
[2.043s] -- Up-to-date: /home/abyan/Documents/FOR_ALTAIR/ALTAIR-vision/install/ball_detect/lib/python3.12/site-packages/ball_detect/ball_detect_s__rosidl_typesupport_introspection_c.so
[2.043s] -- Up-to-date: /home/abyan/Documents/FOR_ALTAIR/ALTAIR-vision/install/ball_detect/lib/python3.12/site-packages/ball_detect/ball_detect_s__rosidl_typesupport_c.so
[2.044s] -- Up-to-date: /home/abyan/Documents/FOR_ALTAIR/ALTAIR-vision/install/ball_detect/lib/python3.12/site-packages/ball_detect/ball_detect_s__rosidl_typesupport_fastrtps_c.so
[2.044s] -- Up-to-date: /home/abyan/Documents/FOR_ALTAIR/ALTAIR-vision/install/ball_detect/lib/python3.12/site-packages/ball_detect/msg
[2.044s] -- Up-to-date: /home/abyan/Documents/FOR_ALTAIR/ALTAIR-vision/install/ball_detect/lib/python3.12/site-packages/ball_detect/msg/_ball_info.py
[2.044s] -- Up-to-date: /home/abyan/Documents/FOR_ALTAIR/ALTAIR-vision/install/ball_detect/lib/python3.12/site-packages/ball_detect/msg/__init__.py
[2.044s] -- Up-to-date: /home/abyan/Documents/FOR_ALTAIR/ALTAIR-vision/install/ball_detect/lib/python3.12/site-packages/ball_detect/msg/_ball_info_s.c
[2.045s] -- Up-to-date: /home/abyan/Documents/FOR_ALTAIR/ALTAIR-vision/install/ball_detect/lib/python3.12/site-packages/ball_detect/_ball_detect_s.ep.rosidl_typesupport_introspection_c.c
[2.045s] -- Up-to-date: /home/abyan/Documents/FOR_ALTAIR/ALTAIR-vision/install/ball_detect/lib/python3.12/site-packages/ball_detect/_ball_detect_s.ep.rosidl_typesupport_fastrtps_c.c
[2.045s] -- Up-to-date: /home/abyan/Documents/FOR_ALTAIR/ALTAIR-vision/install/ball_detect/lib/python3.12/site-packages/ball_detect/__init__.py
[2.161s] Listing '/home/abyan/Documents/FOR_ALTAIR/ALTAIR-vision/install/ball_detect/lib/python3.12/site-packages/ball_detect'...
[2.162s] Listing '/home/abyan/Documents/FOR_ALTAIR/ALTAIR-vision/install/ball_detect/lib/python3.12/site-packages/ball_detect/msg'...
[2.186s] -- Up-to-date: /home/abyan/Documents/FOR_ALTAIR/ALTAIR-vision/install/ball_detect/lib/python3.12/site-packages/ball_detect/ball_detect_s__rosidl_typesupport_fastrtps_c.so
[2.186s] -- Up-to-date: /home/abyan/Documents/FOR_ALTAIR/ALTAIR-vision/install/ball_detect/lib/python3.12/site-packages/ball_detect/ball_detect_s__rosidl_typesupport_introspection_c.so
[2.187s] -- Up-to-date: /home/abyan/Documents/FOR_ALTAIR/ALTAIR-vision/install/ball_detect/lib/python3.12/site-packages/ball_detect/ball_detect_s__rosidl_typesupport_c.so
[2.187s] -- Up-to-date: /home/abyan/Documents/FOR_ALTAIR/ALTAIR-vision/install/ball_detect/lib/libball_detect__rosidl_generator_py.so
[2.187s] -- Up-to-date: /home/abyan/Documents/FOR_ALTAIR/ALTAIR-vision/install/ball_detect/share/ball_detect/msg/BallInfo.idl
[2.188s] -- Up-to-date: /home/abyan/Documents/FOR_ALTAIR/ALTAIR-vision/install/ball_detect/share/ball_detect/msg/BallInfo.msg
[2.188s] -- Up-to-date: /home/abyan/Documents/FOR_ALTAIR/ALTAIR-vision/install/ball_detect/lib/ball_detect/ball_det
[2.188s] -- Up-to-date: /home/abyan/Documents/FOR_ALTAIR/ALTAIR-vision/install/ball_detect/share/ball_detect//launch
[2.190s] -- Installing: /home/abyan/Documents/FOR_ALTAIR/ALTAIR-vision/install/ball_detect/share/ball_detect//launch/ball_detect.launch.py
[2.190s] -- Up-to-date: /home/abyan/Documents/FOR_ALTAIR/ALTAIR-vision/install/ball_detect/share/ament_index/resource_index/package_run_dependencies/ball_detect
[2.190s] -- Up-to-date: /home/abyan/Documents/FOR_ALTAIR/ALTAIR-vision/install/ball_detect/share/ament_index/resource_index/parent_prefix_path/ball_detect
[2.191s] -- Up-to-date: /home/abyan/Documents/FOR_ALTAIR/ALTAIR-vision/install/ball_detect/share/ball_detect/environment/ament_prefix_path.sh
[2.191s] -- Up-to-date: /home/abyan/Documents/FOR_ALTAIR/ALTAIR-vision/install/ball_detect/share/ball_detect/environment/ament_prefix_path.dsv
[2.193s] -- Up-to-date: /home/abyan/Documents/FOR_ALTAIR/ALTAIR-vision/install/ball_detect/share/ball_detect/environment/path.sh
[2.194s] -- Up-to-date: /home/abyan/Documents/FOR_ALTAIR/ALTAIR-vision/install/ball_detect/share/ball_detect/environment/path.dsv
[2.194s] -- Up-to-date: /home/abyan/Documents/FOR_ALTAIR/ALTAIR-vision/install/ball_detect/share/ball_detect/local_setup.bash
[2.194s] -- Up-to-date: /home/abyan/Documents/FOR_ALTAIR/ALTAIR-vision/install/ball_detect/share/ball_detect/local_setup.sh
[2.197s] -- Up-to-date: /home/abyan/Documents/FOR_ALTAIR/ALTAIR-vision/install/ball_detect/share/ball_detect/local_setup.zsh
[2.199s] -- Up-to-date: /home/abyan/Documents/FOR_ALTAIR/ALTAIR-vision/install/ball_detect/share/ball_detect/local_setup.dsv
[2.199s] -- Installing: /home/abyan/Documents/FOR_ALTAIR/ALTAIR-vision/install/ball_detect/share/ball_detect/package.dsv
[2.199s] -- Up-to-date: /home/abyan/Documents/FOR_ALTAIR/ALTAIR-vision/install/ball_detect/share/ament_index/resource_index/packages/ball_detect
[2.200s] -- Up-to-date: /home/abyan/Documents/FOR_ALTAIR/ALTAIR-vision/install/ball_detect/share/ball_detect/cmake/export_ball_detect__rosidl_generator_cExport.cmake
[2.200s] -- Up-to-date: /home/abyan/Documents/FOR_ALTAIR/ALTAIR-vision/install/ball_detect/share/ball_detect/cmake/export_ball_detect__rosidl_generator_cExport-noconfig.cmake
[2.200s] -- Up-to-date: /home/abyan/Documents/FOR_ALTAIR/ALTAIR-vision/install/ball_detect/share/ball_detect/cmake/export_ball_detect__rosidl_typesupport_fastrtps_cExport.cmake
[2.201s] -- Up-to-date: /home/abyan/Documents/FOR_ALTAIR/ALTAIR-vision/install/ball_detect/share/ball_detect/cmake/export_ball_detect__rosidl_typesupport_fastrtps_cExport-noconfig.cmake
[2.201s] -- Up-to-date: /home/abyan/Documents/FOR_ALTAIR/ALTAIR-vision/install/ball_detect/share/ball_detect/cmake/export_ball_detect__rosidl_generator_cppExport.cmake
[2.201s] -- Up-to-date: /home/abyan/Documents/FOR_ALTAIR/ALTAIR-vision/install/ball_detect/share/ball_detect/cmake/export_ball_detect__rosidl_typesupport_fastrtps_cppExport.cmake
[2.201s] -- Up-to-date: /home/abyan/Documents/FOR_ALTAIR/ALTAIR-vision/install/ball_detect/share/ball_detect/cmake/export_ball_detect__rosidl_typesupport_fastrtps_cppExport-noconfig.cmake
[2.206s] -- Up-to-date: /home/abyan/Documents/FOR_ALTAIR/ALTAIR-vision/install/ball_detect/share/ball_detect/cmake/ball_detect__rosidl_typesupport_introspection_cExport.cmake
[2.206s] -- Up-to-date: /home/abyan/Documents/FOR_ALTAIR/ALTAIR-vision/install/ball_detect/share/ball_detect/cmake/ball_detect__rosidl_typesupport_introspection_cExport-noconfig.cmake
[2.209s] -- Up-to-date: /home/abyan/Documents/FOR_ALTAIR/ALTAIR-vision/install/ball_detect/share/ball_detect/cmake/ball_detect__rosidl_typesupport_cExport.cmake
[2.210s] -- Up-to-date: /home/abyan/Documents/FOR_ALTAIR/ALTAIR-vision/install/ball_detect/share/ball_detect/cmake/ball_detect__rosidl_typesupport_cExport-noconfig.cmake
[2.211s] -- Up-to-date: /home/abyan/Documents/FOR_ALTAIR/ALTAIR-vision/install/ball_detect/share/ball_detect/cmake/ball_detect__rosidl_typesupport_introspection_cppExport.cmake
[2.211s] -- Up-to-date: /home/abyan/Documents/FOR_ALTAIR/ALTAIR-vision/install/ball_detect/share/ball_detect/cmake/ball_detect__rosidl_typesupport_introspection_cppExport-noconfig.cmake
[2.212s] -- Up-to-date: /home/abyan/Documents/FOR_ALTAIR/ALTAIR-vision/install/ball_detect/share/ball_detect/cmake/ball_detect__rosidl_typesupport_cppExport.cmake
[2.212s] -- Up-to-date: /home/abyan/Documents/FOR_ALTAIR/ALTAIR-vision/install/ball_detect/share/ball_detect/cmake/ball_detect__rosidl_typesupport_cppExport-noconfig.cmake
[2.212s] -- Up-to-date: /home/abyan/Documents/FOR_ALTAIR/ALTAIR-vision/install/ball_detect/share/ball_detect/cmake/export_ball_detect__rosidl_generator_pyExport.cmake
[2.213s] -- Up-to-date: /home/abyan/Documents/FOR_ALTAIR/ALTAIR-vision/install/ball_detect/share/ball_detect/cmake/export_ball_detect__rosidl_generator_pyExport-noconfig.cmake
[2.216s] -- Up-to-date: /home/abyan/Documents/FOR_ALTAIR/ALTAIR-vision/install/ball_detect/share/ball_detect/cmake/rosidl_cmake-extras.cmake
[2.217s] -- Up-to-date: /home/abyan/Documents/FOR_ALTAIR/ALTAIR-vision/install/ball_detect/share/ball_detect/cmake/ament_cmake_export_dependencies-extras.cmake
[2.217s] -- Up-to-date: /home/abyan/Documents/FOR_ALTAIR/ALTAIR-vision/install/ball_detect/share/ball_detect/cmake/ament_cmake_export_include_directories-extras.cmake
[2.218s] -- Up-to-date: /home/abyan/Documents/FOR_ALTAIR/ALTAIR-vision/install/ball_detect/share/ball_detect/cmake/ament_cmake_export_libraries-extras.cmake
[2.218s] -- Up-to-date: /home/abyan/Documents/FOR_ALTAIR/ALTAIR-vision/install/ball_detect/share/ball_detect/cmake/ament_cmake_export_targets-extras.cmake
[2.218s] -- Up-to-date: /home/abyan/Documents/FOR_ALTAIR/ALTAIR-vision/install/ball_detect/share/ball_detect/cmake/rosidl_cmake_export_typesupport_targets-extras.cmake
[2.219s] -- Up-to-date: /home/abyan/Documents/FOR_ALTAIR/ALTAIR-vision/install/ball_detect/share/ball_detect/cmake/rosidl_cmake_export_typesupport_libraries-extras.cmake
[2.219s] -- Up-to-date: /home/abyan/Documents/FOR_ALTAIR/ALTAIR-vision/install/ball_detect/share/ball_detect/cmake/ball_detectConfig.cmake
[2.219s] -- Up-to-date: /home/abyan/Documents/FOR_ALTAIR/ALTAIR-vision/install/ball_detect/share/ball_detect/cmake/ball_detectConfig-version.cmake
[2.219s] -- Up-to-date: /home/abyan/Documents/FOR_ALTAIR/ALTAIR-vision/install/ball_detect/share/ball_detect/package.xml
[2.227s] Invoked command in '/home/abyan/Documents/FOR_ALTAIR/ALTAIR-vision/build/ball_detect' returned '0': CMAKE_PREFIX_PATH=${CMAKE_PREFIX_PATH}:/home/abyan/Documents/FOR_ALTAIR/ALTAIR-vision/install/video_subscriber:/home/abyan/Documents/FOR_ALTAIR/ALTAIR-vision/install/soccer_field_map_generator:/home/abyan/Documents/FOR_ALTAIR/ALTAIR-vision/install/camera_calibration:/home/abyan/Documents/FOR_ALTAIR/ALTAIR-vision/install/ball_detector:/opt/ros/jazzy DEBUGINFOD_URLS=https://debuginfod.ubuntu.com /usr/bin/cmake --install /home/abyan/Documents/FOR_ALTAIR/ALTAIR-vision/build/ball_detect
