[  2%] Built target ball_detect__rosidl_generator_type_description
[  2%] Built target ament_cmake_python_copy_ball_detect
[  5%] [32mBuilding CXX object CMakeFiles/ball_det.dir/src/ball_detect.cpp.o[0m
[  8%] [32mBuilding CXX object CMakeFiles/ball_det.dir/src/ball_detector_node.cpp.o[0m
[ 10%] Built target ball_detect__cpp
[ 24%] Built target ball_detect__rosidl_generator_c
[ 32%] Built target ball_detect__rosidl_typesupport_fastrtps_cpp
[ 40%] Built target ball_detect__rosidl_typesupport_cpp
[ 48%] Built target ball_detect__rosidl_typesupport_c
[ 56%] Built target ball_detect__rosidl_typesupport_introspection_c
[ 64%] Built target ball_detect__rosidl_typesupport_fastrtps_c
[ 72%] Built target ball_detect__rosidl_typesupport_introspection_cpp
[ 72%] Built target ball_detect
[ 75%] [34m[1mGenerating Python code for ROS interfaces[0m
running egg_info
writing ball_detect.egg-info/PKG-INFO
writing dependency_links to ball_detect.egg-info/dependency_links.txt
writing top-level names to ball_detect.egg-info/top_level.txt
reading manifest file 'ball_detect.egg-info/SOURCES.txt'
writing manifest file 'ball_detect.egg-info/SOURCES.txt'
[ 75%] Built target ament_cmake_python_build_ball_detect_egg
[ 75%] Built target ball_detect__py
