[0.103s] Invoking command in '/home/abyan/Documents/FOR_ALTAIR/ALTAIR-vision/build/ball_detect': CMAKE_PREFIX_PATH=${CMAKE_PREFIX_PATH}:/opt/ros/jazzy DEBUGINFOD_URLS=https://debuginfod.ubuntu.com /usr/bin/cmake --build /home/abyan/Documents/FOR_ALTAIR/ALTAIR-vision/build/ball_detect -- -j16 -l16
[1.676s] In file included from [01m[K/home/abyan/Documents/FOR_ALTAIR/ALTAIR-vision/src/ball_detect/src/ball_detect.cpp:1[m[K:
[1.678s] [01m[K/home/abyan/Documents/FOR_ALTAIR/ALTAIR-vision/src/ball_detect/include/ball_detect/ball_detect.hpp:23:10:[m[K [01;31m[Kfatal error: [m[Kball_detect/msg/BallInfo.hpp: No such file or directory
[1.678s]    23 | #include [01;31m[K"ball_detect/msg/BallInfo.hpp"[m[K
[1.678s]       |          [01;31m[K^~~~~~~~~~~~~~~~~~~~~~~~~~~~~~[m[K
[1.679s] compilation terminated.
[1.679s] gmake[2]: *** [CMakeFiles/ball_det.dir/build.make:76: CMakeFiles/ball_det.dir/src/ball_detect.cpp.o] Error 1
[1.679s] gmake[2]: *** Waiting for unfinished jobs....
[1.679s] In file included from [01m[K/home/abyan/Documents/FOR_ALTAIR/ALTAIR-vision/src/ball_detect/src/ball_detector_node.cpp:1[m[K:
[1.679s] [01m[K/home/abyan/Documents/FOR_ALTAIR/ALTAIR-vision/src/ball_detect/include/ball_detect/ball_detect.hpp:23:10:[m[K [01;31m[Kfatal error: [m[Kball_detect/msg/BallInfo.hpp: No such file or directory
[1.679s]    23 | #include [01;31m[K"ball_detect/msg/BallInfo.hpp"[m[K
[1.679s]       |          [01;31m[K^~~~~~~~~~~~~~~~~~~~~~~~~~~~~~[m[K
[1.680s] compilation terminated.
[1.680s] gmake[2]: *** [CMakeFiles/ball_det.dir/build.make:90: CMakeFiles/ball_det.dir/src/ball_detector_node.cpp.o] Error 1
[1.680s] gmake[1]: *** [CMakeFiles/Makefile2:183: CMakeFiles/ball_det.dir/all] Error 2
[1.680s] gmake[1]: *** Waiting for unfinished jobs....
[1.680s] gmake: *** [Makefile:146: all] Error 2
[1.680s] [  2%] Built target ball_detect__rosidl_generator_type_description
[1.680s] [  2%] Built target ament_cmake_python_copy_ball_detect
[1.681s] [  5%] [32mBuilding CXX object CMakeFiles/ball_det.dir/src/ball_detect.cpp.o[0m
[1.681s] [  8%] [32mBuilding CXX object CMakeFiles/ball_det.dir/src/ball_detector_node.cpp.o[0m
[1.681s] [ 10%] Built target ball_detect__cpp
[1.681s] [ 24%] Built target ball_detect__rosidl_generator_c
[1.681s] [ 32%] Built target ball_detect__rosidl_typesupport_fastrtps_cpp
[1.681s] [ 40%] Built target ball_detect__rosidl_typesupport_cpp
[1.681s] [ 48%] Built target ball_detect__rosidl_typesupport_c
[1.681s] [ 56%] Built target ball_detect__rosidl_typesupport_introspection_c
[1.682s] [ 64%] Built target ball_detect__rosidl_typesupport_fastrtps_c
[1.682s] [ 72%] Built target ball_detect__rosidl_typesupport_introspection_cpp
[1.682s] [ 72%] Built target ball_detect
[1.682s] [ 75%] [34m[1mGenerating Python code for ROS interfaces[0m
[1.682s] running egg_info
[1.682s] writing ball_detect.egg-info/PKG-INFO
[1.682s] writing dependency_links to ball_detect.egg-info/dependency_links.txt
[1.683s] writing top-level names to ball_detect.egg-info/top_level.txt
[1.683s] reading manifest file 'ball_detect.egg-info/SOURCES.txt'
[1.683s] writing manifest file 'ball_detect.egg-info/SOURCES.txt'
[1.683s] [ 75%] Built target ament_cmake_python_build_ball_detect_egg
[1.683s] [ 75%] Built target ball_detect__py
[2.314s] Invoked command in '/home/abyan/Documents/FOR_ALTAIR/ALTAIR-vision/build/ball_detect' returned '2': CMAKE_PREFIX_PATH=${CMAKE_PREFIX_PATH}:/opt/ros/jazzy DEBUGINFOD_URLS=https://debuginfod.ubuntu.com /usr/bin/cmake --build /home/abyan/Documents/FOR_ALTAIR/ALTAIR-vision/build/ball_detect -- -j16 -l16
