[1.461s] Invoking command in '/home/altair/Documents/ALTAIR-vision/src/ball_detPy': DEBUGINFOD_URLS=https://debuginfod.ubuntu.com PYTHONPATH=/home/altair/Documents/ALTAIR-vision/build/ball_detPy/prefix_override:/usr/lib/python3/dist-packages/colcon_core/task/python/colcon_distutils_commands:/home/altair/Documents/ALTAIR-vision/install/ball_detPy/lib/python3.12/site-packages:${PYTHONPATH} /usr/bin/python3 -W ignore:setup.py install is deprecated setup.py egg_info --egg-base ../../build/ball_detPy build --build-base /home/altair/Documents/ALTAIR-vision/build/ball_detPy/build install --record /home/altair/Documents/ALTAIR-vision/build/ball_detPy/install.log --single-version-externally-managed install_data
[1.970s] running egg_info
[2.003s] writing ../../build/ball_detPy/ball_detPy.egg-info/PKG-INFO
[2.004s] writing dependency_links to ../../build/ball_detPy/ball_detPy.egg-info/dependency_links.txt
[2.005s] writing entry points to ../../build/ball_detPy/ball_detPy.egg-info/entry_points.txt
[2.005s] writing requirements to ../../build/ball_detPy/ball_detPy.egg-info/requires.txt
[2.005s] writing top-level names to ../../build/ball_detPy/ball_detPy.egg-info/top_level.txt
[2.076s] reading manifest file '../../build/ball_detPy/ball_detPy.egg-info/SOURCES.txt'
[2.078s] writing manifest file '../../build/ball_detPy/ball_detPy.egg-info/SOURCES.txt'
[2.078s] running build
[2.078s] running build_py
[2.079s] running install
[2.091s] running install_lib
[2.128s] running install_data
[2.128s] running install_egg_info
[2.165s] removing '/home/altair/Documents/ALTAIR-vision/install/ball_detPy/lib/python3.12/site-packages/ball_detPy-0.0.0-py3.12.egg-info' (and everything under it)
[2.166s] Copying ../../build/ball_detPy/ball_detPy.egg-info to /home/altair/Documents/ALTAIR-vision/install/ball_detPy/lib/python3.12/site-packages/ball_detPy-0.0.0-py3.12.egg-info
[2.167s] running install_scripts
[2.417s] Installing ball_det script to /home/altair/Documents/ALTAIR-vision/install/ball_detPy/lib/ball_detPy
[2.418s] writing list of installed files to '/home/altair/Documents/ALTAIR-vision/build/ball_detPy/install.log'
[2.475s] Invoked command in '/home/altair/Documents/ALTAIR-vision/src/ball_detPy' returned '0': DEBUGINFOD_URLS=https://debuginfod.ubuntu.com PYTHONPATH=/home/altair/Documents/ALTAIR-vision/build/ball_detPy/prefix_override:/usr/lib/python3/dist-packages/colcon_core/task/python/colcon_distutils_commands:/home/altair/Documents/ALTAIR-vision/install/ball_detPy/lib/python3.12/site-packages:${PYTHONPATH} /usr/bin/python3 -W ignore:setup.py install is deprecated setup.py egg_info --egg-base ../../build/ball_detPy build --build-base /home/altair/Documents/ALTAIR-vision/build/ball_detPy/build install --record /home/altair/Documents/ALTAIR-vision/build/ball_detPy/install.log --single-version-externally-managed install_data
