running egg_info
creating ../../build/ball_detPy/ball_detPy.egg-info
writing ../../build/ball_detPy/ball_detPy.egg-info/PKG-INFO
writing dependency_links to ../../build/ball_detPy/ball_detPy.egg-info/dependency_links.txt
writing entry points to ../../build/ball_detPy/ball_detPy.egg-info/entry_points.txt
writing requirements to ../../build/ball_detPy/ball_detPy.egg-info/requires.txt
writing top-level names to ../../build/ball_detPy/ball_detPy.egg-info/top_level.txt
writing manifest file '../../build/ball_detPy/ball_detPy.egg-info/SOURCES.txt'
reading manifest file '../../build/ball_detPy/ball_detPy.egg-info/SOURCES.txt'
writing manifest file '../../build/ball_detPy/ball_detPy.egg-info/SOURCES.txt'
running build
running build_py
creating /home/altair/Documents/ALTAIR-vision/build/ball_detPy/build
creating /home/altair/Documents/ALTAIR-vision/build/ball_detPy/build/lib
creating /home/altair/Documents/ALTAIR-vision/build/ball_detPy/build/lib/ball_detPy
copying ball_detPy/ballDetPub.py -> /home/altair/Documents/ALTAIR-vision/build/ball_detPy/build/lib/ball_detPy
copying ball_detPy/__init__.py -> /home/altair/Documents/ALTAIR-vision/build/ball_detPy/build/lib/ball_detPy
running install
running install_lib
creating /home/altair/Documents/ALTAIR-vision/install/ball_detPy/lib/python3.12/site-packages/ball_detPy
copying /home/altair/Documents/ALTAIR-vision/build/ball_detPy/build/lib/ball_detPy/ballDetPub.py -> /home/altair/Documents/ALTAIR-vision/install/ball_detPy/lib/python3.12/site-packages/ball_detPy
copying /home/altair/Documents/ALTAIR-vision/build/ball_detPy/build/lib/ball_detPy/__init__.py -> /home/altair/Documents/ALTAIR-vision/install/ball_detPy/lib/python3.12/site-packages/ball_detPy
byte-compiling /home/altair/Documents/ALTAIR-vision/install/ball_detPy/lib/python3.12/site-packages/ball_detPy/ballDetPub.py to ballDetPub.cpython-312.pyc
byte-compiling /home/altair/Documents/ALTAIR-vision/install/ball_detPy/lib/python3.12/site-packages/ball_detPy/__init__.py to __init__.cpython-312.pyc
running install_data
creating /home/altair/Documents/ALTAIR-vision/install/ball_detPy/share
creating /home/altair/Documents/ALTAIR-vision/install/ball_detPy/share/ament_index
creating /home/altair/Documents/ALTAIR-vision/install/ball_detPy/share/ament_index/resource_index
creating /home/altair/Documents/ALTAIR-vision/install/ball_detPy/share/ament_index/resource_index/packages
copying resource/ball_detPy -> /home/altair/Documents/ALTAIR-vision/install/ball_detPy/share/ament_index/resource_index/packages
creating /home/altair/Documents/ALTAIR-vision/install/ball_detPy/share/ball_detPy
copying package.xml -> /home/altair/Documents/ALTAIR-vision/install/ball_detPy/share/ball_detPy
running install_egg_info
Copying ../../build/ball_detPy/ball_detPy.egg-info to /home/altair/Documents/ALTAIR-vision/install/ball_detPy/lib/python3.12/site-packages/ball_detPy-0.0.0-py3.12.egg-info
running install_scripts
Installing ball_det script to /home/altair/Documents/ALTAIR-vision/install/ball_detPy/lib/ball_detPy
writing list of installed files to '/home/altair/Documents/ALTAIR-vision/build/ball_detPy/install.log'
