[1.771s] Invoking command in '/home/altair/Documents/ALTAIR-vision/src/ball_detPy': DEBUGINFOD_URLS=https://debuginfod.ubuntu.com PYTHONPATH=/home/altair/Documents/ALTAIR-vision/build/ball_detPy/prefix_override:/usr/lib/python3/dist-packages/colcon_core/task/python/colcon_distutils_commands:/home/altair/Documents/ALTAIR-vision/install/ball_detPy/lib/python3.12/site-packages:${PYTHONPATH} /usr/bin/python3 -W ignore:setup.py install is deprecated setup.py egg_info --egg-base ../../build/ball_detPy build --build-base /home/altair/Documents/ALTAIR-vision/build/ball_detPy/build install --record /home/altair/Documents/ALTAIR-vision/build/ball_detPy/install.log --single-version-externally-managed install_data
[2.278s] running egg_info
[2.279s] creating ../../build/ball_detPy/ball_detPy.egg-info
[2.312s] writing ../../build/ball_detPy/ball_detPy.egg-info/PKG-INFO
[2.312s] writing dependency_links to ../../build/ball_detPy/ball_detPy.egg-info/dependency_links.txt
[2.313s] writing entry points to ../../build/ball_detPy/ball_detPy.egg-info/entry_points.txt
[2.313s] writing requirements to ../../build/ball_detPy/ball_detPy.egg-info/requires.txt
[2.313s] writing top-level names to ../../build/ball_detPy/ball_detPy.egg-info/top_level.txt
[2.313s] writing manifest file '../../build/ball_detPy/ball_detPy.egg-info/SOURCES.txt'
[2.382s] reading manifest file '../../build/ball_detPy/ball_detPy.egg-info/SOURCES.txt'
[2.383s] writing manifest file '../../build/ball_detPy/ball_detPy.egg-info/SOURCES.txt'
[2.383s] running build
[2.384s] running build_py
[2.384s] creating /home/altair/Documents/ALTAIR-vision/build/ball_detPy/build
[2.384s] creating /home/altair/Documents/ALTAIR-vision/build/ball_detPy/build/lib
[2.385s] creating /home/altair/Documents/ALTAIR-vision/build/ball_detPy/build/lib/ball_detPy
[2.385s] copying ball_detPy/ballDetPub.py -> /home/altair/Documents/ALTAIR-vision/build/ball_detPy/build/lib/ball_detPy
[2.385s] copying ball_detPy/__init__.py -> /home/altair/Documents/ALTAIR-vision/build/ball_detPy/build/lib/ball_detPy
[2.385s] running install
[2.397s] running install_lib
[2.434s] creating /home/altair/Documents/ALTAIR-vision/install/ball_detPy/lib/python3.12/site-packages/ball_detPy
[2.434s] copying /home/altair/Documents/ALTAIR-vision/build/ball_detPy/build/lib/ball_detPy/ballDetPub.py -> /home/altair/Documents/ALTAIR-vision/install/ball_detPy/lib/python3.12/site-packages/ball_detPy
[2.434s] copying /home/altair/Documents/ALTAIR-vision/build/ball_detPy/build/lib/ball_detPy/__init__.py -> /home/altair/Documents/ALTAIR-vision/install/ball_detPy/lib/python3.12/site-packages/ball_detPy
[2.436s] byte-compiling /home/altair/Documents/ALTAIR-vision/install/ball_detPy/lib/python3.12/site-packages/ball_detPy/ballDetPub.py to ballDetPub.cpython-312.pyc
[2.439s] byte-compiling /home/altair/Documents/ALTAIR-vision/install/ball_detPy/lib/python3.12/site-packages/ball_detPy/__init__.py to __init__.cpython-312.pyc
[2.439s] running install_data
[2.439s] creating /home/altair/Documents/ALTAIR-vision/install/ball_detPy/share
[2.439s] creating /home/altair/Documents/ALTAIR-vision/install/ball_detPy/share/ament_index
[2.440s] creating /home/altair/Documents/ALTAIR-vision/install/ball_detPy/share/ament_index/resource_index
[2.440s] creating /home/altair/Documents/ALTAIR-vision/install/ball_detPy/share/ament_index/resource_index/packages
[2.440s] copying resource/ball_detPy -> /home/altair/Documents/ALTAIR-vision/install/ball_detPy/share/ament_index/resource_index/packages
[2.440s] creating /home/altair/Documents/ALTAIR-vision/install/ball_detPy/share/ball_detPy
[2.440s] copying package.xml -> /home/altair/Documents/ALTAIR-vision/install/ball_detPy/share/ball_detPy
[2.440s] running install_egg_info
[2.480s] Copying ../../build/ball_detPy/ball_detPy.egg-info to /home/altair/Documents/ALTAIR-vision/install/ball_detPy/lib/python3.12/site-packages/ball_detPy-0.0.0-py3.12.egg-info
[2.481s] running install_scripts
[2.725s] Installing ball_det script to /home/altair/Documents/ALTAIR-vision/install/ball_detPy/lib/ball_detPy
[2.725s] writing list of installed files to '/home/altair/Documents/ALTAIR-vision/build/ball_detPy/install.log'
[2.775s] Invoked command in '/home/altair/Documents/ALTAIR-vision/src/ball_detPy' returned '0': DEBUGINFOD_URLS=https://debuginfod.ubuntu.com PYTHONPATH=/home/altair/Documents/ALTAIR-vision/build/ball_detPy/prefix_override:/usr/lib/python3/dist-packages/colcon_core/task/python/colcon_distutils_commands:/home/altair/Documents/ALTAIR-vision/install/ball_detPy/lib/python3.12/site-packages:${PYTHONPATH} /usr/bin/python3 -W ignore:setup.py install is deprecated setup.py egg_info --egg-base ../../build/ball_detPy build --build-base /home/altair/Documents/ALTAIR-vision/build/ball_detPy/build install --record /home/altair/Documents/ALTAIR-vision/build/ball_detPy/install.log --single-version-externally-managed install_data
