[2.522s] Invoking command in '/home/abyan/Documents/FOR_ALTAIR/ALTAIR-vision/build/temp_ball_detector': CMAKE_PREFIX_PATH=${CMAKE_PREFIX_PATH}:/opt/ros/jazzy DEBUGINFOD_URLS=https://debuginfod.ubuntu.com /usr/bin/cmake --build /home/abyan/Documents/FOR_ALTAIR/ALTAIR-vision/build/temp_ball_detector -- -j16 -l16
[2.677s] [  2%] Built target temp_ball_detector__rosidl_generator_type_description
[2.714s] [  2%] Built target ament_cmake_python_copy_temp_ball_detector
[2.754s] [  5%] Built target temp_ball_detector__cpp
[2.765s] [ 20%] Built target temp_ball_detector__rosidl_generator_c
[2.852s] [ 29%] Built target temp_ball_detector__rosidl_typesupport_c
[2.853s] [ 47%] Built target temp_ball_detector__rosidl_typesupport_introspection_cpp
[2.854s] [ 47%] Built target temp_ball_detector__rosidl_typesupport_introspection_c
[2.855s] [ 55%] Built target temp_ball_detector__rosidl_typesupport_fastrtps_cpp
[2.858s] [ 64%] Built target temp_ball_detector__rosidl_typesupport_cpp
[2.862s] [ 73%] Built target temp_ball_detector__rosidl_typesupport_fastrtps_c
[2.924s] [ 73%] Built target temp_ball_detector
[2.988s] [ 76%] Built target temp_ball_detector__py
[3.072s] [ 82%] Built target temp_ball_detector__rosidl_generator_py
[3.153s] [ 88%] Built target temp_ball_detector_s__rosidl_typesupport_fastrtps_c
[3.156s] [ 94%] Built target temp_ball_detector_s__rosidl_typesupport_introspection_c
[3.163s] [100%] Built target temp_ball_detector_s__rosidl_typesupport_c
[3.461s] running egg_info
[3.526s] writing temp_ball_detector.egg-info/PKG-INFO
[3.527s] writing dependency_links to temp_ball_detector.egg-info/dependency_links.txt
[3.528s] writing top-level names to temp_ball_detector.egg-info/top_level.txt
[3.688s] reading manifest file 'temp_ball_detector.egg-info/SOURCES.txt'
[3.690s] writing manifest file 'temp_ball_detector.egg-info/SOURCES.txt'
[3.765s] [100%] Built target ament_cmake_python_build_temp_ball_detector_egg
