[0.016s] Invoking command in '/home/altair/Documents/ALTAIR-vision/build/ball_detector': CMAKE_PREFIX_PATH=${CMAKE_PREFIX_PATH}:/home/altair/Documents/ALTAIR-vision/install/video_subscriber:/opt/ros/jazzy DEBUGINFOD_URLS=https://debuginfod.ubuntu.com /usr/bin/cmake --build /home/altair/Documents/ALTAIR-vision/build/ball_detector -- -j16 -l16
[0.094s] [  2%] Built target ball_detector__rosidl_generator_type_description
[0.118s] [  2%] Built target ament_cmake_python_copy_ball_detector
[0.136s] [  5%] Built target ball_detector__cpp
[0.140s] [ 20%] Built target ball_detector__rosidl_generator_c
[0.194s] [ 29%] Built target ball_detector__rosidl_typesupport_introspection_cpp
[0.196s] [ 58%] Built target ball_detector__rosidl_typesupport_fastrtps_cpp
[0.196s] [ 58%] Built target ball_detector__rosidl_typesupport_c
[0.197s] [ 61%] Built target ball_detector__rosidl_typesupport_cpp
[0.197s] [ 64%] Built target ball_detector__rosidl_typesupport_introspection_c
[0.197s] [ 73%] Built target ball_detector__rosidl_typesupport_fastrtps_c
[0.225s] [ 73%] Built target ball_detector
[0.250s] [ 76%] Built target ball_detector__py
[0.278s] [ 82%] Built target ball_detector__rosidl_generator_py
[0.317s] [ 88%] Built target ball_detector_s__rosidl_typesupport_introspection_c
[0.320s] [ 94%] Built target ball_detector_s__rosidl_typesupport_c
[0.326s] [100%] Built target ball_detector_s__rosidl_typesupport_fastrtps_c
[0.434s] running egg_info
[0.455s] writing ball_detector.egg-info/PKG-INFO
[0.455s] writing dependency_links to ball_detector.egg-info/dependency_links.txt
[0.455s] writing top-level names to ball_detector.egg-info/top_level.txt
[0.519s] reading manifest file 'ball_detector.egg-info/SOURCES.txt'
[0.520s] writing manifest file 'ball_detector.egg-info/SOURCES.txt'
[0.556s] [100%] Built target ament_cmake_python_build_ball_detector_egg
[0.568s] Invoked command in '/home/altair/Documents/ALTAIR-vision/build/ball_detector' returned '0': CMAKE_PREFIX_PATH=${CMAKE_PREFIX_PATH}:/home/altair/Documents/ALTAIR-vision/install/video_subscriber:/opt/ros/jazzy DEBUGINFOD_URLS=https://debuginfod.ubuntu.com /usr/bin/cmake --build /home/altair/Documents/ALTAIR-vision/build/ball_detector -- -j16 -l16
[0.659s] Invoking command in '/home/altair/Documents/ALTAIR-vision/build/ball_detector': CMAKE_PREFIX_PATH=${CMAKE_PREFIX_PATH}:/home/altair/Documents/ALTAIR-vision/install/video_subscriber:/opt/ros/jazzy DEBUGINFOD_URLS=https://debuginfod.ubuntu.com /usr/bin/cmake --install /home/altair/Documents/ALTAIR-vision/build/ball_detector
[0.669s] -- Install configuration: ""
[0.669s] -- Up-to-date: /home/altair/Documents/ALTAIR-vision/install/ball_detector/share/ament_index/resource_index/rosidl_interfaces/ball_detector
[0.669s] -- Up-to-date: /home/altair/Documents/ALTAIR-vision/install/ball_detector/share/ball_detector/msg/BallDistance.json
[0.669s] -- Up-to-date: /home/altair/Documents/ALTAIR-vision/install/ball_detector/include/ball_detector/ball_detector
[0.670s] -- Up-to-date: /home/altair/Documents/ALTAIR-vision/install/ball_detector/include/ball_detector/ball_detector/msg
[0.670s] -- Up-to-date: /home/altair/Documents/ALTAIR-vision/install/ball_detector/include/ball_detector/ball_detector/msg/detail
[0.670s] -- Up-to-date: /home/altair/Documents/ALTAIR-vision/install/ball_detector/include/ball_detector/ball_detector/msg/detail/ball_distance__description.c
[0.670s] -- Up-to-date: /home/altair/Documents/ALTAIR-vision/install/ball_detector/include/ball_detector/ball_detector/msg/detail/ball_distance__type_support.h
[0.670s] -- Up-to-date: /home/altair/Documents/ALTAIR-vision/install/ball_detector/include/ball_detector/ball_detector/msg/detail/ball_distance__functions.c
[0.670s] -- Up-to-date: /home/altair/Documents/ALTAIR-vision/install/ball_detector/include/ball_detector/ball_detector/msg/detail/ball_distance__type_support.c
[0.670s] -- Up-to-date: /home/altair/Documents/ALTAIR-vision/install/ball_detector/include/ball_detector/ball_detector/msg/detail/ball_distance__struct.h
[0.670s] -- Up-to-date: /home/altair/Documents/ALTAIR-vision/install/ball_detector/include/ball_detector/ball_detector/msg/detail/ball_distance__functions.h
[0.670s] -- Up-to-date: /home/altair/Documents/ALTAIR-vision/install/ball_detector/include/ball_detector/ball_detector/msg/rosidl_generator_c__visibility_control.h
[0.670s] -- Up-to-date: /home/altair/Documents/ALTAIR-vision/install/ball_detector/include/ball_detector/ball_detector/msg/ball_distance.h
[0.670s] -- Up-to-date: /home/altair/Documents/ALTAIR-vision/install/ball_detector/share/ball_detector/environment/library_path.sh
[0.670s] -- Up-to-date: /home/altair/Documents/ALTAIR-vision/install/ball_detector/share/ball_detector/environment/library_path.dsv
[0.670s] -- Up-to-date: /home/altair/Documents/ALTAIR-vision/install/ball_detector/lib/libball_detector__rosidl_generator_c.so
[0.671s] -- Up-to-date: /home/altair/Documents/ALTAIR-vision/install/ball_detector/include/ball_detector/ball_detector
[0.671s] -- Up-to-date: /home/altair/Documents/ALTAIR-vision/install/ball_detector/include/ball_detector/ball_detector/msg
[0.671s] -- Up-to-date: /home/altair/Documents/ALTAIR-vision/install/ball_detector/include/ball_detector/ball_detector/msg/detail
[0.671s] -- Up-to-date: /home/altair/Documents/ALTAIR-vision/install/ball_detector/include/ball_detector/ball_detector/msg/detail/ball_distance__rosidl_typesupport_fastrtps_c.h
[0.671s] -- Up-to-date: /home/altair/Documents/ALTAIR-vision/install/ball_detector/include/ball_detector/ball_detector/msg/rosidl_typesupport_fastrtps_c__visibility_control.h
[0.671s] -- Up-to-date: /home/altair/Documents/ALTAIR-vision/install/ball_detector/lib/libball_detector__rosidl_typesupport_fastrtps_c.so
[0.671s] -- Up-to-date: /home/altair/Documents/ALTAIR-vision/install/ball_detector/include/ball_detector/ball_detector
[0.671s] -- Up-to-date: /home/altair/Documents/ALTAIR-vision/install/ball_detector/include/ball_detector/ball_detector/msg
[0.671s] -- Up-to-date: /home/altair/Documents/ALTAIR-vision/install/ball_detector/include/ball_detector/ball_detector/msg/detail
[0.672s] -- Up-to-date: /home/altair/Documents/ALTAIR-vision/install/ball_detector/include/ball_detector/ball_detector/msg/detail/ball_distance__rosidl_typesupport_introspection_c.h
[0.672s] -- Up-to-date: /home/altair/Documents/ALTAIR-vision/install/ball_detector/include/ball_detector/ball_detector/msg/detail/ball_distance__type_support.c
[0.672s] -- Up-to-date: /home/altair/Documents/ALTAIR-vision/install/ball_detector/include/ball_detector/ball_detector/msg/rosidl_typesupport_introspection_c__visibility_control.h
[0.672s] -- Up-to-date: /home/altair/Documents/ALTAIR-vision/install/ball_detector/lib/libball_detector__rosidl_typesupport_introspection_c.so
[0.672s] -- Up-to-date: /home/altair/Documents/ALTAIR-vision/install/ball_detector/lib/libball_detector__rosidl_typesupport_c.so
[0.672s] -- Up-to-date: /home/altair/Documents/ALTAIR-vision/install/ball_detector/include/ball_detector/ball_detector
[0.672s] -- Up-to-date: /home/altair/Documents/ALTAIR-vision/install/ball_detector/include/ball_detector/ball_detector/msg
[0.672s] -- Up-to-date: /home/altair/Documents/ALTAIR-vision/install/ball_detector/include/ball_detector/ball_detector/msg/detail
[0.672s] -- Up-to-date: /home/altair/Documents/ALTAIR-vision/install/ball_detector/include/ball_detector/ball_detector/msg/detail/ball_distance__traits.hpp
[0.672s] -- Up-to-date: /home/altair/Documents/ALTAIR-vision/install/ball_detector/include/ball_detector/ball_detector/msg/detail/ball_distance__type_support.hpp
[0.672s] -- Up-to-date: /home/altair/Documents/ALTAIR-vision/install/ball_detector/include/ball_detector/ball_detector/msg/detail/ball_distance__builder.hpp
[0.672s] -- Up-to-date: /home/altair/Documents/ALTAIR-vision/install/ball_detector/include/ball_detector/ball_detector/msg/detail/ball_distance__struct.hpp
[0.673s] -- Up-to-date: /home/altair/Documents/ALTAIR-vision/install/ball_detector/include/ball_detector/ball_detector/msg/ball_distance.hpp
[0.673s] -- Up-to-date: /home/altair/Documents/ALTAIR-vision/install/ball_detector/include/ball_detector/ball_detector/msg/rosidl_generator_cpp__visibility_control.hpp
[0.673s] -- Up-to-date: /home/altair/Documents/ALTAIR-vision/install/ball_detector/include/ball_detector/ball_detector
[0.673s] -- Up-to-date: /home/altair/Documents/ALTAIR-vision/install/ball_detector/include/ball_detector/ball_detector/msg
[0.673s] -- Up-to-date: /home/altair/Documents/ALTAIR-vision/install/ball_detector/include/ball_detector/ball_detector/msg/detail
[0.674s] -- Up-to-date: /home/altair/Documents/ALTAIR-vision/install/ball_detector/include/ball_detector/ball_detector/msg/detail/ball_distance__rosidl_typesupport_fastrtps_cpp.hpp
[0.674s] -- Up-to-date: /home/altair/Documents/ALTAIR-vision/install/ball_detector/include/ball_detector/ball_detector/msg/detail/dds_fastrtps
[0.674s] -- Up-to-date: /home/altair/Documents/ALTAIR-vision/install/ball_detector/include/ball_detector/ball_detector/msg/rosidl_typesupport_fastrtps_cpp__visibility_control.h
[0.674s] -- Up-to-date: /home/altair/Documents/ALTAIR-vision/install/ball_detector/lib/libball_detector__rosidl_typesupport_fastrtps_cpp.so
[0.674s] -- Up-to-date: /home/altair/Documents/ALTAIR-vision/install/ball_detector/include/ball_detector/ball_detector
[0.674s] -- Up-to-date: /home/altair/Documents/ALTAIR-vision/install/ball_detector/include/ball_detector/ball_detector/msg
[0.674s] -- Up-to-date: /home/altair/Documents/ALTAIR-vision/install/ball_detector/include/ball_detector/ball_detector/msg/detail
[0.674s] -- Up-to-date: /home/altair/Documents/ALTAIR-vision/install/ball_detector/include/ball_detector/ball_detector/msg/detail/ball_distance__type_support.cpp
[0.674s] -- Up-to-date: /home/altair/Documents/ALTAIR-vision/install/ball_detector/include/ball_detector/ball_detector/msg/detail/ball_distance__rosidl_typesupport_introspection_cpp.hpp
[0.674s] -- Up-to-date: /home/altair/Documents/ALTAIR-vision/install/ball_detector/lib/libball_detector__rosidl_typesupport_introspection_cpp.so
[0.675s] -- Up-to-date: /home/altair/Documents/ALTAIR-vision/install/ball_detector/lib/libball_detector__rosidl_typesupport_cpp.so
[0.675s] -- Up-to-date: /home/altair/Documents/ALTAIR-vision/install/ball_detector/share/ball_detector/environment/pythonpath.sh
[0.675s] -- Up-to-date: /home/altair/Documents/ALTAIR-vision/install/ball_detector/share/ball_detector/environment/pythonpath.dsv
[0.675s] -- Up-to-date: /home/altair/Documents/ALTAIR-vision/install/ball_detector/lib/python3.12/site-packages/ball_detector-0.0.0-py3.12.egg-info
[0.675s] -- Installing: /home/altair/Documents/ALTAIR-vision/install/ball_detector/lib/python3.12/site-packages/ball_detector-0.0.0-py3.12.egg-info/SOURCES.txt
[0.675s] -- Installing: /home/altair/Documents/ALTAIR-vision/install/ball_detector/lib/python3.12/site-packages/ball_detector-0.0.0-py3.12.egg-info/PKG-INFO
[0.675s] -- Installing: /home/altair/Documents/ALTAIR-vision/install/ball_detector/lib/python3.12/site-packages/ball_detector-0.0.0-py3.12.egg-info/top_level.txt
[0.675s] -- Installing: /home/altair/Documents/ALTAIR-vision/install/ball_detector/lib/python3.12/site-packages/ball_detector-0.0.0-py3.12.egg-info/dependency_links.txt
[0.675s] -- Up-to-date: /home/altair/Documents/ALTAIR-vision/install/ball_detector/lib/python3.12/site-packages/ball_detector
[0.675s] -- Up-to-date: /home/altair/Documents/ALTAIR-vision/install/ball_detector/lib/python3.12/site-packages/ball_detector/ball_detector_s__rosidl_typesupport_introspection_c.so
[0.675s] -- Up-to-date: /home/altair/Documents/ALTAIR-vision/install/ball_detector/lib/python3.12/site-packages/ball_detector/_ball_detector_s.ep.rosidl_typesupport_fastrtps_c.c
[0.675s] -- Up-to-date: /home/altair/Documents/ALTAIR-vision/install/ball_detector/lib/python3.12/site-packages/ball_detector/ball_detector_s__rosidl_typesupport_fastrtps_c.so
[0.675s] -- Up-to-date: /home/altair/Documents/ALTAIR-vision/install/ball_detector/lib/python3.12/site-packages/ball_detector/_ball_detector_s.ep.rosidl_typesupport_introspection_c.c
[0.675s] -- Up-to-date: /home/altair/Documents/ALTAIR-vision/install/ball_detector/lib/python3.12/site-packages/ball_detector/ball_detector_s__rosidl_typesupport_c.so
[0.675s] -- Up-to-date: /home/altair/Documents/ALTAIR-vision/install/ball_detector/lib/python3.12/site-packages/ball_detector/msg
[0.675s] -- Up-to-date: /home/altair/Documents/ALTAIR-vision/install/ball_detector/lib/python3.12/site-packages/ball_detector/msg/_ball_distance.py
[0.675s] -- Up-to-date: /home/altair/Documents/ALTAIR-vision/install/ball_detector/lib/python3.12/site-packages/ball_detector/msg/_ball_distance_s.c
[0.675s] -- Up-to-date: /home/altair/Documents/ALTAIR-vision/install/ball_detector/lib/python3.12/site-packages/ball_detector/msg/__init__.py
[0.676s] -- Up-to-date: /home/altair/Documents/ALTAIR-vision/install/ball_detector/lib/python3.12/site-packages/ball_detector/_ball_detector_s.ep.rosidl_typesupport_c.c
[0.676s] -- Up-to-date: /home/altair/Documents/ALTAIR-vision/install/ball_detector/lib/python3.12/site-packages/ball_detector/__init__.py
[0.718s] Listing '/home/altair/Documents/ALTAIR-vision/install/ball_detector/lib/python3.12/site-packages/ball_detector'...
[0.718s] Listing '/home/altair/Documents/ALTAIR-vision/install/ball_detector/lib/python3.12/site-packages/ball_detector/msg'...
[0.725s] -- Up-to-date: /home/altair/Documents/ALTAIR-vision/install/ball_detector/lib/python3.12/site-packages/ball_detector/ball_detector_s__rosidl_typesupport_fastrtps_c.so
[0.726s] -- Up-to-date: /home/altair/Documents/ALTAIR-vision/install/ball_detector/lib/python3.12/site-packages/ball_detector/ball_detector_s__rosidl_typesupport_introspection_c.so
[0.726s] -- Up-to-date: /home/altair/Documents/ALTAIR-vision/install/ball_detector/lib/python3.12/site-packages/ball_detector/ball_detector_s__rosidl_typesupport_c.so
[0.726s] -- Up-to-date: /home/altair/Documents/ALTAIR-vision/install/ball_detector/lib/libball_detector__rosidl_generator_py.so
[0.726s] -- Up-to-date: /home/altair/Documents/ALTAIR-vision/install/ball_detector/share/ball_detector/msg/BallDistance.idl
[0.726s] -- Up-to-date: /home/altair/Documents/ALTAIR-vision/install/ball_detector/share/ball_detector/msg/BallDistance.msg
[0.726s] -- Up-to-date: /home/altair/Documents/ALTAIR-vision/install/ball_detector/share/ament_index/resource_index/package_run_dependencies/ball_detector
[0.726s] -- Up-to-date: /home/altair/Documents/ALTAIR-vision/install/ball_detector/share/ament_index/resource_index/parent_prefix_path/ball_detector
[0.727s] -- Up-to-date: /home/altair/Documents/ALTAIR-vision/install/ball_detector/share/ball_detector/environment/ament_prefix_path.sh
[0.727s] -- Up-to-date: /home/altair/Documents/ALTAIR-vision/install/ball_detector/share/ball_detector/environment/ament_prefix_path.dsv
[0.727s] -- Up-to-date: /home/altair/Documents/ALTAIR-vision/install/ball_detector/share/ball_detector/environment/path.sh
[0.727s] -- Up-to-date: /home/altair/Documents/ALTAIR-vision/install/ball_detector/share/ball_detector/environment/path.dsv
[0.727s] -- Up-to-date: /home/altair/Documents/ALTAIR-vision/install/ball_detector/share/ball_detector/local_setup.bash
[0.727s] -- Up-to-date: /home/altair/Documents/ALTAIR-vision/install/ball_detector/share/ball_detector/local_setup.sh
[0.727s] -- Up-to-date: /home/altair/Documents/ALTAIR-vision/install/ball_detector/share/ball_detector/local_setup.zsh
[0.727s] -- Up-to-date: /home/altair/Documents/ALTAIR-vision/install/ball_detector/share/ball_detector/local_setup.dsv
[0.727s] -- Installing: /home/altair/Documents/ALTAIR-vision/install/ball_detector/share/ball_detector/package.dsv
[0.727s] -- Up-to-date: /home/altair/Documents/ALTAIR-vision/install/ball_detector/share/ament_index/resource_index/packages/ball_detector
[0.727s] -- Up-to-date: /home/altair/Documents/ALTAIR-vision/install/ball_detector/share/ball_detector/cmake/export_ball_detector__rosidl_generator_cExport.cmake
[0.728s] -- Up-to-date: /home/altair/Documents/ALTAIR-vision/install/ball_detector/share/ball_detector/cmake/export_ball_detector__rosidl_generator_cExport-noconfig.cmake
[0.728s] -- Up-to-date: /home/altair/Documents/ALTAIR-vision/install/ball_detector/share/ball_detector/cmake/export_ball_detector__rosidl_typesupport_fastrtps_cExport.cmake
[0.728s] -- Up-to-date: /home/altair/Documents/ALTAIR-vision/install/ball_detector/share/ball_detector/cmake/export_ball_detector__rosidl_typesupport_fastrtps_cExport-noconfig.cmake
[0.728s] -- Up-to-date: /home/altair/Documents/ALTAIR-vision/install/ball_detector/share/ball_detector/cmake/ball_detector__rosidl_typesupport_introspection_cExport.cmake
[0.728s] -- Up-to-date: /home/altair/Documents/ALTAIR-vision/install/ball_detector/share/ball_detector/cmake/ball_detector__rosidl_typesupport_introspection_cExport-noconfig.cmake
[0.728s] -- Up-to-date: /home/altair/Documents/ALTAIR-vision/install/ball_detector/share/ball_detector/cmake/ball_detector__rosidl_typesupport_cExport.cmake
[0.728s] -- Up-to-date: /home/altair/Documents/ALTAIR-vision/install/ball_detector/share/ball_detector/cmake/ball_detector__rosidl_typesupport_cExport-noconfig.cmake
[0.728s] -- Up-to-date: /home/altair/Documents/ALTAIR-vision/install/ball_detector/share/ball_detector/cmake/export_ball_detector__rosidl_generator_cppExport.cmake
[0.728s] -- Up-to-date: /home/altair/Documents/ALTAIR-vision/install/ball_detector/share/ball_detector/cmake/export_ball_detector__rosidl_typesupport_fastrtps_cppExport.cmake
[0.728s] -- Up-to-date: /home/altair/Documents/ALTAIR-vision/install/ball_detector/share/ball_detector/cmake/export_ball_detector__rosidl_typesupport_fastrtps_cppExport-noconfig.cmake
[0.728s] -- Up-to-date: /home/altair/Documents/ALTAIR-vision/install/ball_detector/share/ball_detector/cmake/ball_detector__rosidl_typesupport_introspection_cppExport.cmake
[0.729s] -- Up-to-date: /home/altair/Documents/ALTAIR-vision/install/ball_detector/share/ball_detector/cmake/ball_detector__rosidl_typesupport_introspection_cppExport-noconfig.cmake
[0.729s] -- Up-to-date: /home/altair/Documents/ALTAIR-vision/install/ball_detector/share/ball_detector/cmake/ball_detector__rosidl_typesupport_cppExport.cmake
[0.729s] -- Up-to-date: /home/altair/Documents/ALTAIR-vision/install/ball_detector/share/ball_detector/cmake/ball_detector__rosidl_typesupport_cppExport-noconfig.cmake
[0.729s] -- Up-to-date: /home/altair/Documents/ALTAIR-vision/install/ball_detector/share/ball_detector/cmake/export_ball_detector__rosidl_generator_pyExport.cmake
[0.729s] -- Up-to-date: /home/altair/Documents/ALTAIR-vision/install/ball_detector/share/ball_detector/cmake/export_ball_detector__rosidl_generator_pyExport-noconfig.cmake
[0.729s] -- Up-to-date: /home/altair/Documents/ALTAIR-vision/install/ball_detector/share/ball_detector/cmake/rosidl_cmake-extras.cmake
[0.729s] -- Up-to-date: /home/altair/Documents/ALTAIR-vision/install/ball_detector/share/ball_detector/cmake/ament_cmake_export_dependencies-extras.cmake
[0.729s] -- Up-to-date: /home/altair/Documents/ALTAIR-vision/install/ball_detector/share/ball_detector/cmake/ament_cmake_export_include_directories-extras.cmake
[0.729s] -- Up-to-date: /home/altair/Documents/ALTAIR-vision/install/ball_detector/share/ball_detector/cmake/ament_cmake_export_libraries-extras.cmake
[0.729s] -- Up-to-date: /home/altair/Documents/ALTAIR-vision/install/ball_detector/share/ball_detector/cmake/ament_cmake_export_targets-extras.cmake
[0.729s] -- Up-to-date: /home/altair/Documents/ALTAIR-vision/install/ball_detector/share/ball_detector/cmake/rosidl_cmake_export_typesupport_targets-extras.cmake
[0.729s] -- Up-to-date: /home/altair/Documents/ALTAIR-vision/install/ball_detector/share/ball_detector/cmake/rosidl_cmake_export_typesupport_libraries-extras.cmake
[0.729s] -- Up-to-date: /home/altair/Documents/ALTAIR-vision/install/ball_detector/share/ball_detector/cmake/ball_detectorConfig.cmake
[0.729s] -- Up-to-date: /home/altair/Documents/ALTAIR-vision/install/ball_detector/share/ball_detector/cmake/ball_detectorConfig-version.cmake
[0.729s] -- Up-to-date: /home/altair/Documents/ALTAIR-vision/install/ball_detector/share/ball_detector/package.xml
[0.731s] Invoked command in '/home/altair/Documents/ALTAIR-vision/build/ball_detector' returned '0': CMAKE_PREFIX_PATH=${CMAKE_PREFIX_PATH}:/home/altair/Documents/ALTAIR-vision/install/video_subscriber:/opt/ros/jazzy DEBUGINFOD_URLS=https://debuginfod.ubuntu.com /usr/bin/cmake --install /home/altair/Documents/ALTAIR-vision/build/ball_detector
