[0.608s] Invoking command in '/home/abyan/Documents/ALTAIR-vision/build/vision_msg': DEBUGINFOD_URLS=https://debuginfod.ubuntu.com /usr/bin/cmake /home/abyan/Documents/ALTAIR-vision/src/vision_msg -DCMAKE_INSTALL_PREFIX=/home/abyan/Documents/ALTAIR-vision/install/vision_msg
[0.616s] [33mCMake Warning (dev) in CMakeLists.txt:
[0.617s]   No project() command is present.  The top-level CMakeLists.txt file must
[0.617s]   contain a literal, direct call to the project() command.  Add a line of
[0.617s]   code such as
[0.617s] 
[0.617s]     project(ProjectName)
[0.617s] 
[0.617s]   near the top of the file, but after cmake_minimum_required().
[0.617s] 
[0.617s]   CMake is pretending there is a "project(Project)" command on the first
[0.617s]   line.
[0.617s] This warning is for project developers.  Use -Wno-dev to suppress it.
[0.617s] [0m
[0.618s] [33mCMake Warning (dev) in CMakeLists.txt:
[0.618s]   cmake_minimum_required() should be called prior to this top-level project()
[0.618s]   call.  Please see the cmake-commands(7) manual for usage documentation of
[0.618s]   both commands.
[0.618s] This warning is for project developers.  Use -Wno-dev to suppress it.
[0.618s] [0m
[0.671s] -- The C compiler identification is GNU 13.3.0
[0.734s] -- The CXX compiler identification is GNU 13.3.0
[0.753s] -- Detecting C compiler ABI info
[0.838s] -- Detecting C compiler ABI info - done
[0.850s] -- Check for working C compiler: /usr/bin/cc - skipped
[0.850s] -- Detecting C compile features
[0.850s] -- Detecting C compile features - done
[0.861s] -- Detecting CXX compiler ABI info
[0.963s] -- Detecting CXX compiler ABI info - done
[0.978s] -- Check for working CXX compiler: /usr/bin/c++ - skipped
[0.978s] -- Detecting CXX compile features
[0.979s] -- Detecting CXX compile features - done
[0.979s] -- Configuring done (0.4s)
[0.980s] -- Generating done (0.0s)
[0.981s] -- Build files have been written to: /home/abyan/Documents/ALTAIR-vision/build/vision_msg
[0.986s] Invoked command in '/home/abyan/Documents/ALTAIR-vision/build/vision_msg' returned '0': DEBUGINFOD_URLS=https://debuginfod.ubuntu.com /usr/bin/cmake /home/abyan/Documents/ALTAIR-vision/src/vision_msg -DCMAKE_INSTALL_PREFIX=/home/abyan/Documents/ALTAIR-vision/install/vision_msg
[0.987s] Invoking command in '/home/abyan/Documents/ALTAIR-vision/build/vision_msg': DEBUGINFOD_URLS=https://debuginfod.ubuntu.com /usr/bin/cmake --build /home/abyan/Documents/ALTAIR-vision/build/vision_msg -- -j16 -l16
[1.025s] Invoked command in '/home/abyan/Documents/ALTAIR-vision/build/vision_msg' returned '0': DEBUGINFOD_URLS=https://debuginfod.ubuntu.com /usr/bin/cmake --build /home/abyan/Documents/ALTAIR-vision/build/vision_msg -- -j16 -l16
