-- Found ament_cmake: 2.5.3 (/opt/ros/jazzy/share/ament_cmake/cmake)
-- Found builtin_interfaces: 2.0.2 (/opt/ros/jazzy/share/builtin_interfaces/cmake)
-- Found rosidl_generator_c: 4.6.5 (/opt/ros/jazzy/share/rosidl_generator_c/cmake)
-- Found rosidl_generator_cpp: 4.6.5 (/opt/ros/jazzy/share/rosidl_generator_cpp/cmake)
-- Using all available rosidl_typesupport_c: rosidl_typesupport_fastrtps_c;rosidl_typesupport_introspection_c
-- Using all available rosidl_typesupport_cpp: rosidl_typesupport_fastrtps_cpp;rosidl_typesupport_introspection_cpp
-- Found geometry_msgs: 5.3.6 (/opt/ros/jazzy/share/geometry_msgs/cmake)
-- Found rosidl_default_generators: 1.6.0 (/opt/ros/jazzy/share/rosidl_default_generators/cmake)
-- Found rosidl_adapter: 4.6.5 (/opt/ros/jazzy/share/rosidl_adapter/cmake)
-- Found sensor_msgs: 5.3.6 (/opt/ros/jazzy/share/sensor_msgs/cmake)
-- Found shape_msgs: 5.3.6 (/opt/ros/jazzy/share/shape_msgs/cmake)
-- Found vision_msgs: 4.1.1 (/opt/ros/jazzy/share/vision_msgs/cmake)
-- Found ament_lint_auto: 0.17.2 (/opt/ros/jazzy/share/ament_lint_auto/cmake)
-- Found ament_cmake_ros: 0.12.0 (/opt/ros/jazzy/share/ament_cmake_ros/cmake)
-- Using all available rosidl_typesupport_c: rosidl_typesupport_fastrtps_c;rosidl_typesupport_introspection_c
-- Using all available rosidl_typesupport_cpp: rosidl_typesupport_fastrtps_cpp;rosidl_typesupport_introspection_cpp
-- Found python_cmake_module: 0.11.1 (/opt/ros/jazzy/share/python_cmake_module/cmake)
-- Found PythonExtra: /usr/bin/python3  
-- Found Python3: /usr/bin/python3 (found version "3.12.3") found components: Interpreter Development NumPy Development.Module Development.Embed 
-- Added test 'copyright' to check source files copyright and LICENSE
-- Added test 'lint_cmake' to check CMake code style
-- Added test 'xmllint' to check XML markup files
-- Configuring done (13.7s)
-- Generating done (0.1s)
-- Build files have been written to: /home/abyan/Documents/FOR_ALTAIR/ALTAIR-vision/build/ipm_interfaces
[  2%] [34m[1mGenerating type hashes for ROS interfaces[0m
[  2%] Built target ament_cmake_python_copy_ipm_interfaces
running egg_info
[  2%] Built target ipm_interfaces__rosidl_generator_type_description
creating ipm_interfaces.egg-info
[  4%] [34m[1mGenerating C code for ROS interfaces[0m
[  6%] [34m[1mGenerating C++ code for ROS interfaces[0m
writing ipm_interfaces.egg-info/PKG-INFO
writing dependency_links to ipm_interfaces.egg-info/dependency_links.txt
writing top-level names to ipm_interfaces.egg-info/top_level.txt
writing manifest file 'ipm_interfaces.egg-info/SOURCES.txt'
reading manifest file 'ipm_interfaces.egg-info/SOURCES.txt'
writing manifest file 'ipm_interfaces.egg-info/SOURCES.txt'
[  6%] Built target ament_cmake_python_build_ipm_interfaces_egg
[  6%] Built target ipm_interfaces__cpp
[  9%] [32mBuilding C object CMakeFiles/ipm_interfaces__rosidl_generator_c.dir/rosidl_generator_c/ipm_interfaces/srv/detail/map_point__description.c.o[0m
[ 13%] [32mBuilding C object CMakeFiles/ipm_interfaces__rosidl_generator_c.dir/rosidl_generator_c/ipm_interfaces/srv/detail/map_point__type_support.c.o[0m
[ 13%] [32mBuilding C object CMakeFiles/ipm_interfaces__rosidl_generator_c.dir/rosidl_generator_c/ipm_interfaces/srv/detail/map_point__functions.c.o[0m
[ 15%] [32mBuilding C object CMakeFiles/ipm_interfaces__rosidl_generator_c.dir/rosidl_generator_c/ipm_interfaces/srv/detail/map_point_cloud2__description.c.o[0m
[ 18%] [32mBuilding C object CMakeFiles/ipm_interfaces__rosidl_generator_c.dir/rosidl_generator_c/ipm_interfaces/srv/detail/map_point_cloud2__functions.c.o[0m
[ 20%] [32mBuilding C object CMakeFiles/ipm_interfaces__rosidl_generator_c.dir/rosidl_generator_c/ipm_interfaces/srv/detail/map_point_cloud2__type_support.c.o[0m
[ 22%] [32m[1mLinking C shared library libipm_interfaces__rosidl_generator_c.so[0m
[ 22%] Built target ipm_interfaces__rosidl_generator_c
[ 25%] [34m[1mGenerating C introspection for ROS interfaces[0m
[ 27%] [34m[1mGenerating C++ type support dispatch for ROS interfaces[0m
[ 29%] [34m[1mGenerating C type support for eProsima Fast-RTPS[0m
[ 34%] [34m[1mGenerating C++ type support for eProsima Fast-RTPS[0m
[ 34%] [34m[1mGenerating C type support dispatch for ROS interfaces[0m
[ 36%] [34m[1mGenerating C++ introspection for ROS interfaces[0m
[ 40%] [32mBuilding C object CMakeFiles/ipm_interfaces__rosidl_typesupport_introspection_c.dir/rosidl_typesupport_introspection_c/ipm_interfaces/srv/detail/map_point__type_support.c.o[0m
[ 40%] [32mBuilding C object CMakeFiles/ipm_interfaces__rosidl_typesupport_introspection_c.dir/rosidl_typesupport_introspection_c/ipm_interfaces/srv/detail/map_point_cloud2__type_support.c.o[0m
[ 43%] [32mBuilding CXX object CMakeFiles/ipm_interfaces__rosidl_typesupport_c.dir/rosidl_typesupport_c/ipm_interfaces/srv/map_point_cloud2__type_support.cpp.o[0m
[ 45%] [32mBuilding CXX object CMakeFiles/ipm_interfaces__rosidl_typesupport_c.dir/rosidl_typesupport_c/ipm_interfaces/srv/map_point__type_support.cpp.o[0m
[ 47%] [32mBuilding CXX object CMakeFiles/ipm_interfaces__rosidl_typesupport_cpp.dir/rosidl_typesupport_cpp/ipm_interfaces/srv/map_point_cloud2__type_support.cpp.o[0m
[ 50%] [32mBuilding CXX object CMakeFiles/ipm_interfaces__rosidl_typesupport_cpp.dir/rosidl_typesupport_cpp/ipm_interfaces/srv/map_point__type_support.cpp.o[0m
[ 52%] [32m[1mLinking C shared library libipm_interfaces__rosidl_typesupport_introspection_c.so[0m
[ 54%] [32m[1mLinking CXX shared library libipm_interfaces__rosidl_typesupport_c.so[0m
[ 56%] [32mBuilding CXX object CMakeFiles/ipm_interfaces__rosidl_typesupport_introspection_cpp.dir/rosidl_typesupport_introspection_cpp/ipm_interfaces/srv/detail/map_point__type_support.cpp.o[0m
[ 56%] Built target ipm_interfaces__rosidl_typesupport_introspection_c
[ 59%] [32mBuilding CXX object CMakeFiles/ipm_interfaces__rosidl_typesupport_introspection_cpp.dir/rosidl_typesupport_introspection_cpp/ipm_interfaces/srv/detail/map_point_cloud2__type_support.cpp.o[0m
[ 61%] [32mBuilding CXX object CMakeFiles/ipm_interfaces__rosidl_typesupport_fastrtps_c.dir/rosidl_typesupport_fastrtps_c/ipm_interfaces/srv/detail/map_point__type_support_c.cpp.o[0m
[ 63%] [32mBuilding CXX object CMakeFiles/ipm_interfaces__rosidl_typesupport_fastrtps_c.dir/rosidl_typesupport_fastrtps_c/ipm_interfaces/srv/detail/map_point_cloud2__type_support_c.cpp.o[0m
[ 63%] Built target ipm_interfaces__rosidl_typesupport_c
[ 65%] [32mBuilding CXX object CMakeFiles/ipm_interfaces__rosidl_typesupport_fastrtps_cpp.dir/rosidl_typesupport_fastrtps_cpp/ipm_interfaces/srv/detail/dds_fastrtps/map_point__type_support.cpp.o[0m
[ 68%] [32mBuilding CXX object CMakeFiles/ipm_interfaces__rosidl_typesupport_fastrtps_cpp.dir/rosidl_typesupport_fastrtps_cpp/ipm_interfaces/srv/detail/dds_fastrtps/map_point_cloud2__type_support.cpp.o[0m
[ 70%] [32m[1mLinking CXX shared library libipm_interfaces__rosidl_typesupport_cpp.so[0m
[ 70%] Built target ipm_interfaces__rosidl_typesupport_cpp
[ 72%] [32m[1mLinking CXX shared library libipm_interfaces__rosidl_typesupport_fastrtps_c.so[0m
[ 75%] [32m[1mLinking CXX shared library libipm_interfaces__rosidl_typesupport_introspection_cpp.so[0m
[ 75%] Built target ipm_interfaces__rosidl_typesupport_fastrtps_c
[ 75%] Built target ipm_interfaces__rosidl_typesupport_introspection_cpp
[ 77%] [32m[1mLinking CXX shared library libipm_interfaces__rosidl_typesupport_fastrtps_cpp.so[0m
[ 77%] Built target ipm_interfaces__rosidl_typesupport_fastrtps_cpp
[ 77%] Built target ipm_interfaces
[ 79%] [34m[1mGenerating Python code for ROS interfaces[0m
[ 79%] Built target ipm_interfaces__py
[ 81%] [32mBuilding C object CMakeFiles/ipm_interfaces__rosidl_generator_py.dir/rosidl_generator_py/ipm_interfaces/srv/_map_point_cloud2_s.c.o[0m
[ 84%] [32mBuilding C object CMakeFiles/ipm_interfaces__rosidl_generator_py.dir/rosidl_generator_py/ipm_interfaces/srv/_map_point_s.c.o[0m
[ 86%] [32m[1mLinking C shared library libipm_interfaces__rosidl_generator_py.so[0m
[ 86%] Built target ipm_interfaces__rosidl_generator_py
[ 88%] [32mBuilding C object CMakeFiles/ipm_interfaces_s__rosidl_typesupport_c.dir/rosidl_generator_py/ipm_interfaces/_ipm_interfaces_s.ep.rosidl_typesupport_c.c.o[0m
[ 90%] [32mBuilding C object CMakeFiles/ipm_interfaces_s__rosidl_typesupport_fastrtps_c.dir/rosidl_generator_py/ipm_interfaces/_ipm_interfaces_s.ep.rosidl_typesupport_fastrtps_c.c.o[0m
[ 93%] [32mBuilding C object CMakeFiles/ipm_interfaces_s__rosidl_typesupport_introspection_c.dir/rosidl_generator_py/ipm_interfaces/_ipm_interfaces_s.ep.rosidl_typesupport_introspection_c.c.o[0m
[ 95%] [32m[1mLinking C shared module rosidl_generator_py/ipm_interfaces/ipm_interfaces_s__rosidl_typesupport_fastrtps_c.so[0m
[ 97%] [32m[1mLinking C shared module rosidl_generator_py/ipm_interfaces/ipm_interfaces_s__rosidl_typesupport_c.so[0m
[100%] [32m[1mLinking C shared module rosidl_generator_py/ipm_interfaces/ipm_interfaces_s__rosidl_typesupport_introspection_c.so[0m
[100%] Built target ipm_interfaces_s__rosidl_typesupport_fastrtps_c
[100%] Built target ipm_interfaces_s__rosidl_typesupport_c
[100%] Built target ipm_interfaces_s__rosidl_typesupport_introspection_c
-- Install configuration: ""
-- Installing: /home/abyan/Documents/FOR_ALTAIR/ALTAIR-vision/install/ipm_interfaces/share/ament_index/resource_index/rosidl_interfaces/ipm_interfaces
-- Installing: /home/abyan/Documents/FOR_ALTAIR/ALTAIR-vision/install/ipm_interfaces/share/ipm_interfaces/srv/MapPoint.json
-- Installing: /home/abyan/Documents/FOR_ALTAIR/ALTAIR-vision/install/ipm_interfaces/share/ipm_interfaces/srv/MapPointCloud2.json
-- Installing: /home/abyan/Documents/FOR_ALTAIR/ALTAIR-vision/install/ipm_interfaces/include/ipm_interfaces/ipm_interfaces
-- Installing: /home/abyan/Documents/FOR_ALTAIR/ALTAIR-vision/install/ipm_interfaces/include/ipm_interfaces/ipm_interfaces/msg
-- Installing: /home/abyan/Documents/FOR_ALTAIR/ALTAIR-vision/install/ipm_interfaces/include/ipm_interfaces/ipm_interfaces/msg/rosidl_generator_c__visibility_control.h
-- Installing: /home/abyan/Documents/FOR_ALTAIR/ALTAIR-vision/install/ipm_interfaces/include/ipm_interfaces/ipm_interfaces/srv
-- Installing: /home/abyan/Documents/FOR_ALTAIR/ALTAIR-vision/install/ipm_interfaces/include/ipm_interfaces/ipm_interfaces/srv/detail
-- Installing: /home/abyan/Documents/FOR_ALTAIR/ALTAIR-vision/install/ipm_interfaces/include/ipm_interfaces/ipm_interfaces/srv/detail/map_point__functions.c
-- Installing: /home/abyan/Documents/FOR_ALTAIR/ALTAIR-vision/install/ipm_interfaces/include/ipm_interfaces/ipm_interfaces/srv/detail/map_point_cloud2__functions.c
-- Installing: /home/abyan/Documents/FOR_ALTAIR/ALTAIR-vision/install/ipm_interfaces/include/ipm_interfaces/ipm_interfaces/srv/detail/map_point_cloud2__description.c
-- Installing: /home/abyan/Documents/FOR_ALTAIR/ALTAIR-vision/install/ipm_interfaces/include/ipm_interfaces/ipm_interfaces/srv/detail/map_point__struct.h
-- Installing: /home/abyan/Documents/FOR_ALTAIR/ALTAIR-vision/install/ipm_interfaces/include/ipm_interfaces/ipm_interfaces/srv/detail/map_point_cloud2__functions.h
-- Installing: /home/abyan/Documents/FOR_ALTAIR/ALTAIR-vision/install/ipm_interfaces/include/ipm_interfaces/ipm_interfaces/srv/detail/map_point__functions.h
-- Installing: /home/abyan/Documents/FOR_ALTAIR/ALTAIR-vision/install/ipm_interfaces/include/ipm_interfaces/ipm_interfaces/srv/detail/map_point_cloud2__struct.h
-- Installing: /home/abyan/Documents/FOR_ALTAIR/ALTAIR-vision/install/ipm_interfaces/include/ipm_interfaces/ipm_interfaces/srv/detail/map_point_cloud2__type_support.h
-- Installing: /home/abyan/Documents/FOR_ALTAIR/ALTAIR-vision/install/ipm_interfaces/include/ipm_interfaces/ipm_interfaces/srv/detail/map_point__type_support.c
-- Installing: /home/abyan/Documents/FOR_ALTAIR/ALTAIR-vision/install/ipm_interfaces/include/ipm_interfaces/ipm_interfaces/srv/detail/map_point_cloud2__type_support.c
-- Installing: /home/abyan/Documents/FOR_ALTAIR/ALTAIR-vision/install/ipm_interfaces/include/ipm_interfaces/ipm_interfaces/srv/detail/map_point__type_support.h
-- Installing: /home/abyan/Documents/FOR_ALTAIR/ALTAIR-vision/install/ipm_interfaces/include/ipm_interfaces/ipm_interfaces/srv/detail/map_point__description.c
-- Installing: /home/abyan/Documents/FOR_ALTAIR/ALTAIR-vision/install/ipm_interfaces/include/ipm_interfaces/ipm_interfaces/srv/map_point_cloud2.h
-- Installing: /home/abyan/Documents/FOR_ALTAIR/ALTAIR-vision/install/ipm_interfaces/include/ipm_interfaces/ipm_interfaces/srv/map_point.h
-- Installing: /home/abyan/Documents/FOR_ALTAIR/ALTAIR-vision/install/ipm_interfaces/share/ipm_interfaces/environment/library_path.sh
-- Installing: /home/abyan/Documents/FOR_ALTAIR/ALTAIR-vision/install/ipm_interfaces/share/ipm_interfaces/environment/library_path.dsv
-- Installing: /home/abyan/Documents/FOR_ALTAIR/ALTAIR-vision/install/ipm_interfaces/lib/libipm_interfaces__rosidl_generator_c.so
-- Set non-toolchain portion of runtime path of "/home/abyan/Documents/FOR_ALTAIR/ALTAIR-vision/install/ipm_interfaces/lib/libipm_interfaces__rosidl_generator_c.so" to ""
-- Up-to-date: /home/abyan/Documents/FOR_ALTAIR/ALTAIR-vision/install/ipm_interfaces/include/ipm_interfaces/ipm_interfaces
-- Up-to-date: /home/abyan/Documents/FOR_ALTAIR/ALTAIR-vision/install/ipm_interfaces/include/ipm_interfaces/ipm_interfaces/msg
-- Installing: /home/abyan/Documents/FOR_ALTAIR/ALTAIR-vision/install/ipm_interfaces/include/ipm_interfaces/ipm_interfaces/msg/rosidl_typesupport_fastrtps_c__visibility_control.h
-- Up-to-date: /home/abyan/Documents/FOR_ALTAIR/ALTAIR-vision/install/ipm_interfaces/include/ipm_interfaces/ipm_interfaces/srv
-- Up-to-date: /home/abyan/Documents/FOR_ALTAIR/ALTAIR-vision/install/ipm_interfaces/include/ipm_interfaces/ipm_interfaces/srv/detail
-- Installing: /home/abyan/Documents/FOR_ALTAIR/ALTAIR-vision/install/ipm_interfaces/include/ipm_interfaces/ipm_interfaces/srv/detail/map_point__rosidl_typesupport_fastrtps_c.h
-- Installing: /home/abyan/Documents/FOR_ALTAIR/ALTAIR-vision/install/ipm_interfaces/include/ipm_interfaces/ipm_interfaces/srv/detail/map_point_cloud2__rosidl_typesupport_fastrtps_c.h
-- Installing: /home/abyan/Documents/FOR_ALTAIR/ALTAIR-vision/install/ipm_interfaces/lib/libipm_interfaces__rosidl_typesupport_fastrtps_c.so
-- Set non-toolchain portion of runtime path of "/home/abyan/Documents/FOR_ALTAIR/ALTAIR-vision/install/ipm_interfaces/lib/libipm_interfaces__rosidl_typesupport_fastrtps_c.so" to ""
-- Up-to-date: /home/abyan/Documents/FOR_ALTAIR/ALTAIR-vision/install/ipm_interfaces/include/ipm_interfaces/ipm_interfaces
-- Up-to-date: /home/abyan/Documents/FOR_ALTAIR/ALTAIR-vision/install/ipm_interfaces/include/ipm_interfaces/ipm_interfaces/msg
-- Installing: /home/abyan/Documents/FOR_ALTAIR/ALTAIR-vision/install/ipm_interfaces/include/ipm_interfaces/ipm_interfaces/msg/rosidl_generator_cpp__visibility_control.hpp
-- Up-to-date: /home/abyan/Documents/FOR_ALTAIR/ALTAIR-vision/install/ipm_interfaces/include/ipm_interfaces/ipm_interfaces/srv
-- Installing: /home/abyan/Documents/FOR_ALTAIR/ALTAIR-vision/install/ipm_interfaces/include/ipm_interfaces/ipm_interfaces/srv/map_point.hpp
-- Up-to-date: /home/abyan/Documents/FOR_ALTAIR/ALTAIR-vision/install/ipm_interfaces/include/ipm_interfaces/ipm_interfaces/srv/detail
-- Installing: /home/abyan/Documents/FOR_ALTAIR/ALTAIR-vision/install/ipm_interfaces/include/ipm_interfaces/ipm_interfaces/srv/detail/map_point_cloud2__traits.hpp
-- Installing: /home/abyan/Documents/FOR_ALTAIR/ALTAIR-vision/install/ipm_interfaces/include/ipm_interfaces/ipm_interfaces/srv/detail/map_point__struct.hpp
-- Installing: /home/abyan/Documents/FOR_ALTAIR/ALTAIR-vision/install/ipm_interfaces/include/ipm_interfaces/ipm_interfaces/srv/detail/map_point_cloud2__type_support.hpp
-- Installing: /home/abyan/Documents/FOR_ALTAIR/ALTAIR-vision/install/ipm_interfaces/include/ipm_interfaces/ipm_interfaces/srv/detail/map_point__traits.hpp
-- Installing: /home/abyan/Documents/FOR_ALTAIR/ALTAIR-vision/install/ipm_interfaces/include/ipm_interfaces/ipm_interfaces/srv/detail/map_point_cloud2__struct.hpp
-- Installing: /home/abyan/Documents/FOR_ALTAIR/ALTAIR-vision/install/ipm_interfaces/include/ipm_interfaces/ipm_interfaces/srv/detail/map_point__builder.hpp
-- Installing: /home/abyan/Documents/FOR_ALTAIR/ALTAIR-vision/install/ipm_interfaces/include/ipm_interfaces/ipm_interfaces/srv/detail/map_point_cloud2__builder.hpp
-- Installing: /home/abyan/Documents/FOR_ALTAIR/ALTAIR-vision/install/ipm_interfaces/include/ipm_interfaces/ipm_interfaces/srv/detail/map_point__type_support.hpp
-- Installing: /home/abyan/Documents/FOR_ALTAIR/ALTAIR-vision/install/ipm_interfaces/include/ipm_interfaces/ipm_interfaces/srv/map_point_cloud2.hpp
-- Up-to-date: /home/abyan/Documents/FOR_ALTAIR/ALTAIR-vision/install/ipm_interfaces/include/ipm_interfaces/ipm_interfaces
-- Up-to-date: /home/abyan/Documents/FOR_ALTAIR/ALTAIR-vision/install/ipm_interfaces/include/ipm_interfaces/ipm_interfaces/msg
-- Installing: /home/abyan/Documents/FOR_ALTAIR/ALTAIR-vision/install/ipm_interfaces/include/ipm_interfaces/ipm_interfaces/msg/rosidl_typesupport_fastrtps_cpp__visibility_control.h
-- Up-to-date: /home/abyan/Documents/FOR_ALTAIR/ALTAIR-vision/install/ipm_interfaces/include/ipm_interfaces/ipm_interfaces/srv
-- Up-to-date: /home/abyan/Documents/FOR_ALTAIR/ALTAIR-vision/install/ipm_interfaces/include/ipm_interfaces/ipm_interfaces/srv/detail
-- Installing: /home/abyan/Documents/FOR_ALTAIR/ALTAIR-vision/install/ipm_interfaces/include/ipm_interfaces/ipm_interfaces/srv/detail/map_point__rosidl_typesupport_fastrtps_cpp.hpp
-- Installing: /home/abyan/Documents/FOR_ALTAIR/ALTAIR-vision/install/ipm_interfaces/include/ipm_interfaces/ipm_interfaces/srv/detail/dds_fastrtps
-- Installing: /home/abyan/Documents/FOR_ALTAIR/ALTAIR-vision/install/ipm_interfaces/include/ipm_interfaces/ipm_interfaces/srv/detail/map_point_cloud2__rosidl_typesupport_fastrtps_cpp.hpp
-- Installing: /home/abyan/Documents/FOR_ALTAIR/ALTAIR-vision/install/ipm_interfaces/lib/libipm_interfaces__rosidl_typesupport_fastrtps_cpp.so
-- Set non-toolchain portion of runtime path of "/home/abyan/Documents/FOR_ALTAIR/ALTAIR-vision/install/ipm_interfaces/lib/libipm_interfaces__rosidl_typesupport_fastrtps_cpp.so" to ""
-- Up-to-date: /home/abyan/Documents/FOR_ALTAIR/ALTAIR-vision/install/ipm_interfaces/include/ipm_interfaces/ipm_interfaces
-- Up-to-date: /home/abyan/Documents/FOR_ALTAIR/ALTAIR-vision/install/ipm_interfaces/include/ipm_interfaces/ipm_interfaces/msg
-- Installing: /home/abyan/Documents/FOR_ALTAIR/ALTAIR-vision/install/ipm_interfaces/include/ipm_interfaces/ipm_interfaces/msg/rosidl_typesupport_introspection_c__visibility_control.h
-- Up-to-date: /home/abyan/Documents/FOR_ALTAIR/ALTAIR-vision/install/ipm_interfaces/include/ipm_interfaces/ipm_interfaces/srv
-- Up-to-date: /home/abyan/Documents/FOR_ALTAIR/ALTAIR-vision/install/ipm_interfaces/include/ipm_interfaces/ipm_interfaces/srv/detail
-- Installing: /home/abyan/Documents/FOR_ALTAIR/ALTAIR-vision/install/ipm_interfaces/include/ipm_interfaces/ipm_interfaces/srv/detail/map_point__type_support.c
-- Installing: /home/abyan/Documents/FOR_ALTAIR/ALTAIR-vision/install/ipm_interfaces/include/ipm_interfaces/ipm_interfaces/srv/detail/map_point__rosidl_typesupport_introspection_c.h
-- Installing: /home/abyan/Documents/FOR_ALTAIR/ALTAIR-vision/install/ipm_interfaces/include/ipm_interfaces/ipm_interfaces/srv/detail/map_point_cloud2__type_support.c
-- Installing: /home/abyan/Documents/FOR_ALTAIR/ALTAIR-vision/install/ipm_interfaces/include/ipm_interfaces/ipm_interfaces/srv/detail/map_point_cloud2__rosidl_typesupport_introspection_c.h
-- Installing: /home/abyan/Documents/FOR_ALTAIR/ALTAIR-vision/install/ipm_interfaces/lib/libipm_interfaces__rosidl_typesupport_introspection_c.so
-- Set non-toolchain portion of runtime path of "/home/abyan/Documents/FOR_ALTAIR/ALTAIR-vision/install/ipm_interfaces/lib/libipm_interfaces__rosidl_typesupport_introspection_c.so" to ""
-- Installing: /home/abyan/Documents/FOR_ALTAIR/ALTAIR-vision/install/ipm_interfaces/lib/libipm_interfaces__rosidl_typesupport_c.so
-- Set non-toolchain portion of runtime path of "/home/abyan/Documents/FOR_ALTAIR/ALTAIR-vision/install/ipm_interfaces/lib/libipm_interfaces__rosidl_typesupport_c.so" to ""
-- Up-to-date: /home/abyan/Documents/FOR_ALTAIR/ALTAIR-vision/install/ipm_interfaces/include/ipm_interfaces/ipm_interfaces
-- Up-to-date: /home/abyan/Documents/FOR_ALTAIR/ALTAIR-vision/install/ipm_interfaces/include/ipm_interfaces/ipm_interfaces/srv
-- Up-to-date: /home/abyan/Documents/FOR_ALTAIR/ALTAIR-vision/install/ipm_interfaces/include/ipm_interfaces/ipm_interfaces/srv/detail
-- Installing: /home/abyan/Documents/FOR_ALTAIR/ALTAIR-vision/install/ipm_interfaces/include/ipm_interfaces/ipm_interfaces/srv/detail/map_point_cloud2__type_support.cpp
-- Installing: /home/abyan/Documents/FOR_ALTAIR/ALTAIR-vision/install/ipm_interfaces/include/ipm_interfaces/ipm_interfaces/srv/detail/map_point__type_support.cpp
-- Installing: /home/abyan/Documents/FOR_ALTAIR/ALTAIR-vision/install/ipm_interfaces/include/ipm_interfaces/ipm_interfaces/srv/detail/map_point_cloud2__rosidl_typesupport_introspection_cpp.hpp
-- Installing: /home/abyan/Documents/FOR_ALTAIR/ALTAIR-vision/install/ipm_interfaces/include/ipm_interfaces/ipm_interfaces/srv/detail/map_point__rosidl_typesupport_introspection_cpp.hpp
-- Installing: /home/abyan/Documents/FOR_ALTAIR/ALTAIR-vision/install/ipm_interfaces/lib/libipm_interfaces__rosidl_typesupport_introspection_cpp.so
-- Set non-toolchain portion of runtime path of "/home/abyan/Documents/FOR_ALTAIR/ALTAIR-vision/install/ipm_interfaces/lib/libipm_interfaces__rosidl_typesupport_introspection_cpp.so" to ""
-- Installing: /home/abyan/Documents/FOR_ALTAIR/ALTAIR-vision/install/ipm_interfaces/lib/libipm_interfaces__rosidl_typesupport_cpp.so
-- Set non-toolchain portion of runtime path of "/home/abyan/Documents/FOR_ALTAIR/ALTAIR-vision/install/ipm_interfaces/lib/libipm_interfaces__rosidl_typesupport_cpp.so" to ""
-- Installing: /home/abyan/Documents/FOR_ALTAIR/ALTAIR-vision/install/ipm_interfaces/share/ipm_interfaces/environment/pythonpath.sh
-- Installing: /home/abyan/Documents/FOR_ALTAIR/ALTAIR-vision/install/ipm_interfaces/share/ipm_interfaces/environment/pythonpath.dsv
-- Installing: /home/abyan/Documents/FOR_ALTAIR/ALTAIR-vision/install/ipm_interfaces/lib/python3.12/site-packages/ipm_interfaces-0.0.0-py3.12.egg-info
-- Installing: /home/abyan/Documents/FOR_ALTAIR/ALTAIR-vision/install/ipm_interfaces/lib/python3.12/site-packages/ipm_interfaces-0.0.0-py3.12.egg-info/SOURCES.txt
-- Installing: /home/abyan/Documents/FOR_ALTAIR/ALTAIR-vision/install/ipm_interfaces/lib/python3.12/site-packages/ipm_interfaces-0.0.0-py3.12.egg-info/dependency_links.txt
-- Installing: /home/abyan/Documents/FOR_ALTAIR/ALTAIR-vision/install/ipm_interfaces/lib/python3.12/site-packages/ipm_interfaces-0.0.0-py3.12.egg-info/top_level.txt
-- Installing: /home/abyan/Documents/FOR_ALTAIR/ALTAIR-vision/install/ipm_interfaces/lib/python3.12/site-packages/ipm_interfaces-0.0.0-py3.12.egg-info/PKG-INFO
-- Installing: /home/abyan/Documents/FOR_ALTAIR/ALTAIR-vision/install/ipm_interfaces/lib/python3.12/site-packages/ipm_interfaces
-- Installing: /home/abyan/Documents/FOR_ALTAIR/ALTAIR-vision/install/ipm_interfaces/lib/python3.12/site-packages/ipm_interfaces/_ipm_interfaces_s.ep.rosidl_typesupport_fastrtps_c.c
-- Installing: /home/abyan/Documents/FOR_ALTAIR/ALTAIR-vision/install/ipm_interfaces/lib/python3.12/site-packages/ipm_interfaces/_ipm_interfaces_s.ep.rosidl_typesupport_c.c
-- Installing: /home/abyan/Documents/FOR_ALTAIR/ALTAIR-vision/install/ipm_interfaces/lib/python3.12/site-packages/ipm_interfaces/srv
-- Installing: /home/abyan/Documents/FOR_ALTAIR/ALTAIR-vision/install/ipm_interfaces/lib/python3.12/site-packages/ipm_interfaces/srv/_map_point_cloud2.py
-- Installing: /home/abyan/Documents/FOR_ALTAIR/ALTAIR-vision/install/ipm_interfaces/lib/python3.12/site-packages/ipm_interfaces/srv/__init__.py
-- Installing: /home/abyan/Documents/FOR_ALTAIR/ALTAIR-vision/install/ipm_interfaces/lib/python3.12/site-packages/ipm_interfaces/srv/_map_point_cloud2_s.c
-- Installing: /home/abyan/Documents/FOR_ALTAIR/ALTAIR-vision/install/ipm_interfaces/lib/python3.12/site-packages/ipm_interfaces/srv/_map_point.py
-- Installing: /home/abyan/Documents/FOR_ALTAIR/ALTAIR-vision/install/ipm_interfaces/lib/python3.12/site-packages/ipm_interfaces/srv/_map_point_s.c
-- Installing: /home/abyan/Documents/FOR_ALTAIR/ALTAIR-vision/install/ipm_interfaces/lib/python3.12/site-packages/ipm_interfaces/ipm_interfaces_s__rosidl_typesupport_fastrtps_c.so
-- Installing: /home/abyan/Documents/FOR_ALTAIR/ALTAIR-vision/install/ipm_interfaces/lib/python3.12/site-packages/ipm_interfaces/__init__.py
-- Installing: /home/abyan/Documents/FOR_ALTAIR/ALTAIR-vision/install/ipm_interfaces/lib/python3.12/site-packages/ipm_interfaces/ipm_interfaces_s__rosidl_typesupport_c.so
-- Installing: /home/abyan/Documents/FOR_ALTAIR/ALTAIR-vision/install/ipm_interfaces/lib/python3.12/site-packages/ipm_interfaces/ipm_interfaces_s__rosidl_typesupport_introspection_c.so
-- Installing: /home/abyan/Documents/FOR_ALTAIR/ALTAIR-vision/install/ipm_interfaces/lib/python3.12/site-packages/ipm_interfaces/_ipm_interfaces_s.ep.rosidl_typesupport_introspection_c.c
Listing '/home/abyan/Documents/FOR_ALTAIR/ALTAIR-vision/install/ipm_interfaces/lib/python3.12/site-packages/ipm_interfaces'...
Compiling '/home/abyan/Documents/FOR_ALTAIR/ALTAIR-vision/install/ipm_interfaces/lib/python3.12/site-packages/ipm_interfaces/__init__.py'...
Listing '/home/abyan/Documents/FOR_ALTAIR/ALTAIR-vision/install/ipm_interfaces/lib/python3.12/site-packages/ipm_interfaces/srv'...
Compiling '/home/abyan/Documents/FOR_ALTAIR/ALTAIR-vision/install/ipm_interfaces/lib/python3.12/site-packages/ipm_interfaces/srv/__init__.py'...
Compiling '/home/abyan/Documents/FOR_ALTAIR/ALTAIR-vision/install/ipm_interfaces/lib/python3.12/site-packages/ipm_interfaces/srv/_map_point.py'...
Compiling '/home/abyan/Documents/FOR_ALTAIR/ALTAIR-vision/install/ipm_interfaces/lib/python3.12/site-packages/ipm_interfaces/srv/_map_point_cloud2.py'...
-- Installing: /home/abyan/Documents/FOR_ALTAIR/ALTAIR-vision/install/ipm_interfaces/lib/python3.12/site-packages/ipm_interfaces/ipm_interfaces_s__rosidl_typesupport_fastrtps_c.so
-- Set non-toolchain portion of runtime path of "/home/abyan/Documents/FOR_ALTAIR/ALTAIR-vision/install/ipm_interfaces/lib/python3.12/site-packages/ipm_interfaces/ipm_interfaces_s__rosidl_typesupport_fastrtps_c.so" to ""
-- Installing: /home/abyan/Documents/FOR_ALTAIR/ALTAIR-vision/install/ipm_interfaces/lib/python3.12/site-packages/ipm_interfaces/ipm_interfaces_s__rosidl_typesupport_introspection_c.so
-- Set non-toolchain portion of runtime path of "/home/abyan/Documents/FOR_ALTAIR/ALTAIR-vision/install/ipm_interfaces/lib/python3.12/site-packages/ipm_interfaces/ipm_interfaces_s__rosidl_typesupport_introspection_c.so" to ""
-- Installing: /home/abyan/Documents/FOR_ALTAIR/ALTAIR-vision/install/ipm_interfaces/lib/python3.12/site-packages/ipm_interfaces/ipm_interfaces_s__rosidl_typesupport_c.so
-- Set non-toolchain portion of runtime path of "/home/abyan/Documents/FOR_ALTAIR/ALTAIR-vision/install/ipm_interfaces/lib/python3.12/site-packages/ipm_interfaces/ipm_interfaces_s__rosidl_typesupport_c.so" to ""
-- Installing: /home/abyan/Documents/FOR_ALTAIR/ALTAIR-vision/install/ipm_interfaces/lib/libipm_interfaces__rosidl_generator_py.so
-- Set non-toolchain portion of runtime path of "/home/abyan/Documents/FOR_ALTAIR/ALTAIR-vision/install/ipm_interfaces/lib/libipm_interfaces__rosidl_generator_py.so" to ""
-- Installing: /home/abyan/Documents/FOR_ALTAIR/ALTAIR-vision/install/ipm_interfaces/share/ipm_interfaces/srv/MapPoint.idl
-- Installing: /home/abyan/Documents/FOR_ALTAIR/ALTAIR-vision/install/ipm_interfaces/share/ipm_interfaces/srv/MapPointCloud2.idl
-- Installing: /home/abyan/Documents/FOR_ALTAIR/ALTAIR-vision/install/ipm_interfaces/share/ipm_interfaces/srv/MapPoint.srv
-- Installing: /home/abyan/Documents/FOR_ALTAIR/ALTAIR-vision/install/ipm_interfaces/share/ipm_interfaces/srv/MapPointCloud2.srv
-- Installing: /home/abyan/Documents/FOR_ALTAIR/ALTAIR-vision/install/ipm_interfaces/share/ament_index/resource_index/package_run_dependencies/ipm_interfaces
-- Installing: /home/abyan/Documents/FOR_ALTAIR/ALTAIR-vision/install/ipm_interfaces/share/ament_index/resource_index/parent_prefix_path/ipm_interfaces
-- Installing: /home/abyan/Documents/FOR_ALTAIR/ALTAIR-vision/install/ipm_interfaces/share/ipm_interfaces/environment/ament_prefix_path.sh
-- Installing: /home/abyan/Documents/FOR_ALTAIR/ALTAIR-vision/install/ipm_interfaces/share/ipm_interfaces/environment/ament_prefix_path.dsv
-- Installing: /home/abyan/Documents/FOR_ALTAIR/ALTAIR-vision/install/ipm_interfaces/share/ipm_interfaces/environment/path.sh
-- Installing: /home/abyan/Documents/FOR_ALTAIR/ALTAIR-vision/install/ipm_interfaces/share/ipm_interfaces/environment/path.dsv
-- Installing: /home/abyan/Documents/FOR_ALTAIR/ALTAIR-vision/install/ipm_interfaces/share/ipm_interfaces/local_setup.bash
-- Installing: /home/abyan/Documents/FOR_ALTAIR/ALTAIR-vision/install/ipm_interfaces/share/ipm_interfaces/local_setup.sh
-- Installing: /home/abyan/Documents/FOR_ALTAIR/ALTAIR-vision/install/ipm_interfaces/share/ipm_interfaces/local_setup.zsh
-- Installing: /home/abyan/Documents/FOR_ALTAIR/ALTAIR-vision/install/ipm_interfaces/share/ipm_interfaces/local_setup.dsv
-- Installing: /home/abyan/Documents/FOR_ALTAIR/ALTAIR-vision/install/ipm_interfaces/share/ipm_interfaces/package.dsv
-- Installing: /home/abyan/Documents/FOR_ALTAIR/ALTAIR-vision/install/ipm_interfaces/share/ament_index/resource_index/packages/ipm_interfaces
-- Installing: /home/abyan/Documents/FOR_ALTAIR/ALTAIR-vision/install/ipm_interfaces/share/ipm_interfaces/cmake/export_ipm_interfaces__rosidl_generator_cExport.cmake
-- Installing: /home/abyan/Documents/FOR_ALTAIR/ALTAIR-vision/install/ipm_interfaces/share/ipm_interfaces/cmake/export_ipm_interfaces__rosidl_generator_cExport-noconfig.cmake
-- Installing: /home/abyan/Documents/FOR_ALTAIR/ALTAIR-vision/install/ipm_interfaces/share/ipm_interfaces/cmake/export_ipm_interfaces__rosidl_typesupport_fastrtps_cExport.cmake
-- Installing: /home/abyan/Documents/FOR_ALTAIR/ALTAIR-vision/install/ipm_interfaces/share/ipm_interfaces/cmake/export_ipm_interfaces__rosidl_typesupport_fastrtps_cExport-noconfig.cmake
-- Installing: /home/abyan/Documents/FOR_ALTAIR/ALTAIR-vision/install/ipm_interfaces/share/ipm_interfaces/cmake/export_ipm_interfaces__rosidl_generator_cppExport.cmake
-- Installing: /home/abyan/Documents/FOR_ALTAIR/ALTAIR-vision/install/ipm_interfaces/share/ipm_interfaces/cmake/export_ipm_interfaces__rosidl_typesupport_fastrtps_cppExport.cmake
-- Installing: /home/abyan/Documents/FOR_ALTAIR/ALTAIR-vision/install/ipm_interfaces/share/ipm_interfaces/cmake/export_ipm_interfaces__rosidl_typesupport_fastrtps_cppExport-noconfig.cmake
-- Installing: /home/abyan/Documents/FOR_ALTAIR/ALTAIR-vision/install/ipm_interfaces/share/ipm_interfaces/cmake/ipm_interfaces__rosidl_typesupport_introspection_cExport.cmake
-- Installing: /home/abyan/Documents/FOR_ALTAIR/ALTAIR-vision/install/ipm_interfaces/share/ipm_interfaces/cmake/ipm_interfaces__rosidl_typesupport_introspection_cExport-noconfig.cmake
-- Installing: /home/abyan/Documents/FOR_ALTAIR/ALTAIR-vision/install/ipm_interfaces/share/ipm_interfaces/cmake/ipm_interfaces__rosidl_typesupport_cExport.cmake
-- Installing: /home/abyan/Documents/FOR_ALTAIR/ALTAIR-vision/install/ipm_interfaces/share/ipm_interfaces/cmake/ipm_interfaces__rosidl_typesupport_cExport-noconfig.cmake
-- Installing: /home/abyan/Documents/FOR_ALTAIR/ALTAIR-vision/install/ipm_interfaces/share/ipm_interfaces/cmake/ipm_interfaces__rosidl_typesupport_introspection_cppExport.cmake
-- Installing: /home/abyan/Documents/FOR_ALTAIR/ALTAIR-vision/install/ipm_interfaces/share/ipm_interfaces/cmake/ipm_interfaces__rosidl_typesupport_introspection_cppExport-noconfig.cmake
-- Installing: /home/abyan/Documents/FOR_ALTAIR/ALTAIR-vision/install/ipm_interfaces/share/ipm_interfaces/cmake/ipm_interfaces__rosidl_typesupport_cppExport.cmake
-- Installing: /home/abyan/Documents/FOR_ALTAIR/ALTAIR-vision/install/ipm_interfaces/share/ipm_interfaces/cmake/ipm_interfaces__rosidl_typesupport_cppExport-noconfig.cmake
-- Installing: /home/abyan/Documents/FOR_ALTAIR/ALTAIR-vision/install/ipm_interfaces/share/ipm_interfaces/cmake/export_ipm_interfaces__rosidl_generator_pyExport.cmake
-- Installing: /home/abyan/Documents/FOR_ALTAIR/ALTAIR-vision/install/ipm_interfaces/share/ipm_interfaces/cmake/export_ipm_interfaces__rosidl_generator_pyExport-noconfig.cmake
-- Installing: /home/abyan/Documents/FOR_ALTAIR/ALTAIR-vision/install/ipm_interfaces/share/ipm_interfaces/cmake/rosidl_cmake-extras.cmake
-- Installing: /home/abyan/Documents/FOR_ALTAIR/ALTAIR-vision/install/ipm_interfaces/share/ipm_interfaces/cmake/ament_cmake_export_dependencies-extras.cmake
-- Installing: /home/abyan/Documents/FOR_ALTAIR/ALTAIR-vision/install/ipm_interfaces/share/ipm_interfaces/cmake/ament_cmake_export_include_directories-extras.cmake
-- Installing: /home/abyan/Documents/FOR_ALTAIR/ALTAIR-vision/install/ipm_interfaces/share/ipm_interfaces/cmake/ament_cmake_export_libraries-extras.cmake
-- Installing: /home/abyan/Documents/FOR_ALTAIR/ALTAIR-vision/install/ipm_interfaces/share/ipm_interfaces/cmake/ament_cmake_export_targets-extras.cmake
-- Installing: /home/abyan/Documents/FOR_ALTAIR/ALTAIR-vision/install/ipm_interfaces/share/ipm_interfaces/cmake/rosidl_cmake_export_typesupport_targets-extras.cmake
-- Installing: /home/abyan/Documents/FOR_ALTAIR/ALTAIR-vision/install/ipm_interfaces/share/ipm_interfaces/cmake/rosidl_cmake_export_typesupport_libraries-extras.cmake
-- Installing: /home/abyan/Documents/FOR_ALTAIR/ALTAIR-vision/install/ipm_interfaces/share/ipm_interfaces/cmake/ipm_interfacesConfig.cmake
-- Installing: /home/abyan/Documents/FOR_ALTAIR/ALTAIR-vision/install/ipm_interfaces/share/ipm_interfaces/cmake/ipm_interfacesConfig-version.cmake
-- Installing: /home/abyan/Documents/FOR_ALTAIR/ALTAIR-vision/install/ipm_interfaces/share/ipm_interfaces/package.xml
