[0.106s] Invoking command in '/home/abyan/Documents/FOR_ALTAIR/ALTAIR-vision/build/ipm_interfaces': CMAKE_PREFIX_PATH=${CMAKE_PREFIX_PATH}:/home/abyan/Documents/FOR_ALTAIR/ALTAIR-vision/install/soccer_ipm:/home/abyan/Documents/FOR_ALTAIR/ALTAIR-vision/install/video_subscriber:/home/abyan/Documents/FOR_ALTAIR/ALTAIR-vision/install/soccer_field_map_generator:/home/abyan/Documents/FOR_ALTAIR/ALTAIR-vision/install/camera_calibration:/home/abyan/Documents/FOR_ALTAIR/ALTAIR-vision/install/ball_detector:/opt/ros/jazzy DEBUGINFOD_URLS=https://debuginfod.ubuntu.com /usr/bin/cmake /home/abyan/Documents/FOR_ALTAIR/ALTAIR-vision/src/ipm_interfaces -DCMAKE_INSTALL_PREFIX=/home/abyan/Documents/FOR_ALTAIR/ALTAIR-vision/install/ipm_interfaces
[1.958s] -- Found ament_cmake: 2.5.3 (/opt/ros/jazzy/share/ament_cmake/cmake)
[1.960s] -- Found builtin_interfaces: 2.0.2 (/opt/ros/jazzy/share/builtin_interfaces/cmake)
[1.962s] -- Found rosidl_generator_c: 4.6.5 (/opt/ros/jazzy/share/rosidl_generator_c/cmake)
[1.965s] -- Found rosidl_generator_cpp: 4.6.5 (/opt/ros/jazzy/share/rosidl_generator_cpp/cmake)
[1.967s] -- Using all available rosidl_typesupport_c: rosidl_typesupport_fastrtps_c;rosidl_typesupport_introspection_c
[1.967s] -- Using all available rosidl_typesupport_cpp: rosidl_typesupport_fastrtps_cpp;rosidl_typesupport_introspection_cpp
[1.967s] -- Found geometry_msgs: 5.3.6 (/opt/ros/jazzy/share/geometry_msgs/cmake)
[1.967s] -- Found rosidl_default_generators: 1.6.0 (/opt/ros/jazzy/share/rosidl_default_generators/cmake)
[1.968s] -- Found rosidl_adapter: 4.6.5 (/opt/ros/jazzy/share/rosidl_adapter/cmake)
[1.968s] -- Found sensor_msgs: 5.3.6 (/opt/ros/jazzy/share/sensor_msgs/cmake)
[1.968s] -- Found shape_msgs: 5.3.6 (/opt/ros/jazzy/share/shape_msgs/cmake)
[1.968s] -- Found vision_msgs: 4.1.1 (/opt/ros/jazzy/share/vision_msgs/cmake)
[1.968s] -- Found ament_lint_auto: 0.17.2 (/opt/ros/jazzy/share/ament_lint_auto/cmake)
[4.327s] -- Found ament_cmake_ros: 0.12.0 (/opt/ros/jazzy/share/ament_cmake_ros/cmake)
[10.021s] -- Using all available rosidl_typesupport_c: rosidl_typesupport_fastrtps_c;rosidl_typesupport_introspection_c
[11.392s] -- Using all available rosidl_typesupport_cpp: rosidl_typesupport_fastrtps_cpp;rosidl_typesupport_introspection_cpp
[11.404s] -- Found python_cmake_module: 0.11.1 (/opt/ros/jazzy/share/python_cmake_module/cmake)
[11.914s] -- Found PythonExtra: /usr/bin/python3  
[13.427s] -- Found Python3: /usr/bin/python3 (found version "3.12.3") found components: Interpreter Development NumPy Development.Module Development.Embed 
[13.773s] -- Added test 'copyright' to check source files copyright and LICENSE
[13.780s] -- Added test 'lint_cmake' to check CMake code style
[13.784s] -- Added test 'xmllint' to check XML markup files
[13.807s] -- Configuring done (13.7s)
[13.954s] -- Generating done (0.1s)
[13.995s] -- Build files have been written to: /home/abyan/Documents/FOR_ALTAIR/ALTAIR-vision/build/ipm_interfaces
[14.022s] Invoked command in '/home/abyan/Documents/FOR_ALTAIR/ALTAIR-vision/build/ipm_interfaces' returned '0': CMAKE_PREFIX_PATH=${CMAKE_PREFIX_PATH}:/home/abyan/Documents/FOR_ALTAIR/ALTAIR-vision/install/soccer_ipm:/home/abyan/Documents/FOR_ALTAIR/ALTAIR-vision/install/video_subscriber:/home/abyan/Documents/FOR_ALTAIR/ALTAIR-vision/install/soccer_field_map_generator:/home/abyan/Documents/FOR_ALTAIR/ALTAIR-vision/install/camera_calibration:/home/abyan/Documents/FOR_ALTAIR/ALTAIR-vision/install/ball_detector:/opt/ros/jazzy DEBUGINFOD_URLS=https://debuginfod.ubuntu.com /usr/bin/cmake /home/abyan/Documents/FOR_ALTAIR/ALTAIR-vision/src/ipm_interfaces -DCMAKE_INSTALL_PREFIX=/home/abyan/Documents/FOR_ALTAIR/ALTAIR-vision/install/ipm_interfaces
[14.026s] Invoking command in '/home/abyan/Documents/FOR_ALTAIR/ALTAIR-vision/build/ipm_interfaces': CMAKE_PREFIX_PATH=${CMAKE_PREFIX_PATH}:/home/abyan/Documents/FOR_ALTAIR/ALTAIR-vision/install/soccer_ipm:/home/abyan/Documents/FOR_ALTAIR/ALTAIR-vision/install/video_subscriber:/home/abyan/Documents/FOR_ALTAIR/ALTAIR-vision/install/soccer_field_map_generator:/home/abyan/Documents/FOR_ALTAIR/ALTAIR-vision/install/camera_calibration:/home/abyan/Documents/FOR_ALTAIR/ALTAIR-vision/install/ball_detector:/opt/ros/jazzy DEBUGINFOD_URLS=https://debuginfod.ubuntu.com /usr/bin/cmake --build /home/abyan/Documents/FOR_ALTAIR/ALTAIR-vision/build/ipm_interfaces -- -j16 -l16
[14.184s] [  2%] [34m[1mGenerating type hashes for ROS interfaces[0m
[14.197s] [  2%] Built target ament_cmake_python_copy_ipm_interfaces
[15.056s] running egg_info
[15.060s] [  2%] Built target ipm_interfaces__rosidl_generator_type_description
[15.061s] creating ipm_interfaces.egg-info
[15.097s] [  4%] [34m[1mGenerating C code for ROS interfaces[0m
[15.128s] [  6%] [34m[1mGenerating C++ code for ROS interfaces[0m
[15.153s] writing ipm_interfaces.egg-info/PKG-INFO
[15.154s] writing dependency_links to ipm_interfaces.egg-info/dependency_links.txt
[15.155s] writing top-level names to ipm_interfaces.egg-info/top_level.txt
[15.155s] writing manifest file 'ipm_interfaces.egg-info/SOURCES.txt'
[15.468s] reading manifest file 'ipm_interfaces.egg-info/SOURCES.txt'
[15.471s] writing manifest file 'ipm_interfaces.egg-info/SOURCES.txt'
[15.586s] [  6%] Built target ament_cmake_python_build_ipm_interfaces_egg
[16.323s] [  6%] Built target ipm_interfaces__cpp
[16.636s] [  9%] [32mBuilding C object CMakeFiles/ipm_interfaces__rosidl_generator_c.dir/rosidl_generator_c/ipm_interfaces/srv/detail/map_point__description.c.o[0m
[16.639s] [ 13%] [32mBuilding C object CMakeFiles/ipm_interfaces__rosidl_generator_c.dir/rosidl_generator_c/ipm_interfaces/srv/detail/map_point__type_support.c.o[0m
[16.639s] [ 13%] [32mBuilding C object CMakeFiles/ipm_interfaces__rosidl_generator_c.dir/rosidl_generator_c/ipm_interfaces/srv/detail/map_point__functions.c.o[0m
[16.641s] [ 15%] [32mBuilding C object CMakeFiles/ipm_interfaces__rosidl_generator_c.dir/rosidl_generator_c/ipm_interfaces/srv/detail/map_point_cloud2__description.c.o[0m
[16.642s] [ 18%] [32mBuilding C object CMakeFiles/ipm_interfaces__rosidl_generator_c.dir/rosidl_generator_c/ipm_interfaces/srv/detail/map_point_cloud2__functions.c.o[0m
[16.643s] [ 20%] [32mBuilding C object CMakeFiles/ipm_interfaces__rosidl_generator_c.dir/rosidl_generator_c/ipm_interfaces/srv/detail/map_point_cloud2__type_support.c.o[0m
[16.924s] [ 22%] [32m[1mLinking C shared library libipm_interfaces__rosidl_generator_c.so[0m
[17.045s] [ 22%] Built target ipm_interfaces__rosidl_generator_c
[17.074s] [ 25%] [34m[1mGenerating C introspection for ROS interfaces[0m
[17.078s] [ 27%] [34m[1mGenerating C++ type support dispatch for ROS interfaces[0m
[17.079s] [ 29%] [34m[1mGenerating C type support for eProsima Fast-RTPS[0m
[17.080s] [ 34%] [34m[1mGenerating C++ type support for eProsima Fast-RTPS[0m
[17.081s] [ 34%] [34m[1mGenerating C type support dispatch for ROS interfaces[0m
[17.084s] [ 36%] [34m[1mGenerating C++ introspection for ROS interfaces[0m
[18.347s] [ 40%] [32mBuilding C object CMakeFiles/ipm_interfaces__rosidl_typesupport_introspection_c.dir/rosidl_typesupport_introspection_c/ipm_interfaces/srv/detail/map_point__type_support.c.o[0m
[18.347s] [ 40%] [32mBuilding C object CMakeFiles/ipm_interfaces__rosidl_typesupport_introspection_c.dir/rosidl_typesupport_introspection_c/ipm_interfaces/srv/detail/map_point_cloud2__type_support.c.o[0m
[18.438s] [ 43%] [32mBuilding CXX object CMakeFiles/ipm_interfaces__rosidl_typesupport_c.dir/rosidl_typesupport_c/ipm_interfaces/srv/map_point_cloud2__type_support.cpp.o[0m
[18.445s] [ 45%] [32mBuilding CXX object CMakeFiles/ipm_interfaces__rosidl_typesupport_c.dir/rosidl_typesupport_c/ipm_interfaces/srv/map_point__type_support.cpp.o[0m
[18.527s] [ 47%] [32mBuilding CXX object CMakeFiles/ipm_interfaces__rosidl_typesupport_cpp.dir/rosidl_typesupport_cpp/ipm_interfaces/srv/map_point_cloud2__type_support.cpp.o[0m
[18.549s] [ 50%] [32mBuilding CXX object CMakeFiles/ipm_interfaces__rosidl_typesupport_cpp.dir/rosidl_typesupport_cpp/ipm_interfaces/srv/map_point__type_support.cpp.o[0m
[18.563s] [ 52%] [32m[1mLinking C shared library libipm_interfaces__rosidl_typesupport_introspection_c.so[0m
[18.641s] [ 54%] [32m[1mLinking CXX shared library libipm_interfaces__rosidl_typesupport_c.so[0m
[18.720s] [ 56%] [32mBuilding CXX object CMakeFiles/ipm_interfaces__rosidl_typesupport_introspection_cpp.dir/rosidl_typesupport_introspection_cpp/ipm_interfaces/srv/detail/map_point__type_support.cpp.o[0m
[18.727s] [ 56%] Built target ipm_interfaces__rosidl_typesupport_introspection_c
[18.728s] [ 59%] [32mBuilding CXX object CMakeFiles/ipm_interfaces__rosidl_typesupport_introspection_cpp.dir/rosidl_typesupport_introspection_cpp/ipm_interfaces/srv/detail/map_point_cloud2__type_support.cpp.o[0m
[18.788s] [ 61%] [32mBuilding CXX object CMakeFiles/ipm_interfaces__rosidl_typesupport_fastrtps_c.dir/rosidl_typesupport_fastrtps_c/ipm_interfaces/srv/detail/map_point__type_support_c.cpp.o[0m
[18.795s] [ 63%] [32mBuilding CXX object CMakeFiles/ipm_interfaces__rosidl_typesupport_fastrtps_c.dir/rosidl_typesupport_fastrtps_c/ipm_interfaces/srv/detail/map_point_cloud2__type_support_c.cpp.o[0m
[18.839s] [ 63%] Built target ipm_interfaces__rosidl_typesupport_c
[18.930s] [ 65%] [32mBuilding CXX object CMakeFiles/ipm_interfaces__rosidl_typesupport_fastrtps_cpp.dir/rosidl_typesupport_fastrtps_cpp/ipm_interfaces/srv/detail/dds_fastrtps/map_point__type_support.cpp.o[0m
[18.932s] [ 68%] [32mBuilding CXX object CMakeFiles/ipm_interfaces__rosidl_typesupport_fastrtps_cpp.dir/rosidl_typesupport_fastrtps_cpp/ipm_interfaces/srv/detail/dds_fastrtps/map_point_cloud2__type_support.cpp.o[0m
[20.657s] [ 70%] [32m[1mLinking CXX shared library libipm_interfaces__rosidl_typesupport_cpp.so[0m
[20.985s] [ 70%] Built target ipm_interfaces__rosidl_typesupport_cpp
[21.005s] [ 72%] [32m[1mLinking CXX shared library libipm_interfaces__rosidl_typesupport_fastrtps_c.so[0m
[21.092s] [ 75%] [32m[1mLinking CXX shared library libipm_interfaces__rosidl_typesupport_introspection_cpp.so[0m
[21.310s] [ 75%] Built target ipm_interfaces__rosidl_typesupport_fastrtps_c
[21.421s] [ 75%] Built target ipm_interfaces__rosidl_typesupport_introspection_cpp
[21.812s] [ 77%] [32m[1mLinking CXX shared library libipm_interfaces__rosidl_typesupport_fastrtps_cpp.so[0m
[22.048s] [ 77%] Built target ipm_interfaces__rosidl_typesupport_fastrtps_cpp
[22.103s] [ 77%] Built target ipm_interfaces
[22.164s] [ 79%] [34m[1mGenerating Python code for ROS interfaces[0m
[23.994s] [ 79%] Built target ipm_interfaces__py
[24.053s] [ 81%] [32mBuilding C object CMakeFiles/ipm_interfaces__rosidl_generator_py.dir/rosidl_generator_py/ipm_interfaces/srv/_map_point_cloud2_s.c.o[0m
[24.055s] [ 84%] [32mBuilding C object CMakeFiles/ipm_interfaces__rosidl_generator_py.dir/rosidl_generator_py/ipm_interfaces/srv/_map_point_s.c.o[0m
[24.495s] [ 86%] [32m[1mLinking C shared library libipm_interfaces__rosidl_generator_py.so[0m
[24.627s] [ 86%] Built target ipm_interfaces__rosidl_generator_py
[24.679s] [ 88%] [32mBuilding C object CMakeFiles/ipm_interfaces_s__rosidl_typesupport_c.dir/rosidl_generator_py/ipm_interfaces/_ipm_interfaces_s.ep.rosidl_typesupport_c.c.o[0m
[24.682s] [ 90%] [32mBuilding C object CMakeFiles/ipm_interfaces_s__rosidl_typesupport_fastrtps_c.dir/rosidl_generator_py/ipm_interfaces/_ipm_interfaces_s.ep.rosidl_typesupport_fastrtps_c.c.o[0m
[24.684s] [ 93%] [32mBuilding C object CMakeFiles/ipm_interfaces_s__rosidl_typesupport_introspection_c.dir/rosidl_generator_py/ipm_interfaces/_ipm_interfaces_s.ep.rosidl_typesupport_introspection_c.c.o[0m
[25.023s] [ 95%] [32m[1mLinking C shared module rosidl_generator_py/ipm_interfaces/ipm_interfaces_s__rosidl_typesupport_fastrtps_c.so[0m
[25.039s] [ 97%] [32m[1mLinking C shared module rosidl_generator_py/ipm_interfaces/ipm_interfaces_s__rosidl_typesupport_c.so[0m
[25.102s] [100%] [32m[1mLinking C shared module rosidl_generator_py/ipm_interfaces/ipm_interfaces_s__rosidl_typesupport_introspection_c.so[0m
[25.123s] [100%] Built target ipm_interfaces_s__rosidl_typesupport_fastrtps_c
[25.129s] [100%] Built target ipm_interfaces_s__rosidl_typesupport_c
[25.188s] [100%] Built target ipm_interfaces_s__rosidl_typesupport_introspection_c
[25.218s] Invoked command in '/home/abyan/Documents/FOR_ALTAIR/ALTAIR-vision/build/ipm_interfaces' returned '0': CMAKE_PREFIX_PATH=${CMAKE_PREFIX_PATH}:/home/abyan/Documents/FOR_ALTAIR/ALTAIR-vision/install/soccer_ipm:/home/abyan/Documents/FOR_ALTAIR/ALTAIR-vision/install/video_subscriber:/home/abyan/Documents/FOR_ALTAIR/ALTAIR-vision/install/soccer_field_map_generator:/home/abyan/Documents/FOR_ALTAIR/ALTAIR-vision/install/camera_calibration:/home/abyan/Documents/FOR_ALTAIR/ALTAIR-vision/install/ball_detector:/opt/ros/jazzy DEBUGINFOD_URLS=https://debuginfod.ubuntu.com /usr/bin/cmake --build /home/abyan/Documents/FOR_ALTAIR/ALTAIR-vision/build/ipm_interfaces -- -j16 -l16
[25.221s] Invoking command in '/home/abyan/Documents/FOR_ALTAIR/ALTAIR-vision/build/ipm_interfaces': CMAKE_PREFIX_PATH=${CMAKE_PREFIX_PATH}:/home/abyan/Documents/FOR_ALTAIR/ALTAIR-vision/install/soccer_ipm:/home/abyan/Documents/FOR_ALTAIR/ALTAIR-vision/install/video_subscriber:/home/abyan/Documents/FOR_ALTAIR/ALTAIR-vision/install/soccer_field_map_generator:/home/abyan/Documents/FOR_ALTAIR/ALTAIR-vision/install/camera_calibration:/home/abyan/Documents/FOR_ALTAIR/ALTAIR-vision/install/ball_detector:/opt/ros/jazzy DEBUGINFOD_URLS=https://debuginfod.ubuntu.com /usr/bin/cmake --install /home/abyan/Documents/FOR_ALTAIR/ALTAIR-vision/build/ipm_interfaces
[25.242s] -- Install configuration: ""
[25.243s] -- Installing: /home/abyan/Documents/FOR_ALTAIR/ALTAIR-vision/install/ipm_interfaces/share/ament_index/resource_index/rosidl_interfaces/ipm_interfaces
[25.243s] -- Installing: /home/abyan/Documents/FOR_ALTAIR/ALTAIR-vision/install/ipm_interfaces/share/ipm_interfaces/srv/MapPoint.json
[25.244s] -- Installing: /home/abyan/Documents/FOR_ALTAIR/ALTAIR-vision/install/ipm_interfaces/share/ipm_interfaces/srv/MapPointCloud2.json
[25.244s] -- Installing: /home/abyan/Documents/FOR_ALTAIR/ALTAIR-vision/install/ipm_interfaces/include/ipm_interfaces/ipm_interfaces
[25.244s] -- Installing: /home/abyan/Documents/FOR_ALTAIR/ALTAIR-vision/install/ipm_interfaces/include/ipm_interfaces/ipm_interfaces/msg
[25.245s] -- Installing: /home/abyan/Documents/FOR_ALTAIR/ALTAIR-vision/install/ipm_interfaces/include/ipm_interfaces/ipm_interfaces/msg/rosidl_generator_c__visibility_control.h
[25.245s] -- Installing: /home/abyan/Documents/FOR_ALTAIR/ALTAIR-vision/install/ipm_interfaces/include/ipm_interfaces/ipm_interfaces/srv
[25.245s] -- Installing: /home/abyan/Documents/FOR_ALTAIR/ALTAIR-vision/install/ipm_interfaces/include/ipm_interfaces/ipm_interfaces/srv/detail
[25.246s] -- Installing: /home/abyan/Documents/FOR_ALTAIR/ALTAIR-vision/install/ipm_interfaces/include/ipm_interfaces/ipm_interfaces/srv/detail/map_point__functions.c
[25.246s] -- Installing: /home/abyan/Documents/FOR_ALTAIR/ALTAIR-vision/install/ipm_interfaces/include/ipm_interfaces/ipm_interfaces/srv/detail/map_point_cloud2__functions.c
[25.246s] -- Installing: /home/abyan/Documents/FOR_ALTAIR/ALTAIR-vision/install/ipm_interfaces/include/ipm_interfaces/ipm_interfaces/srv/detail/map_point_cloud2__description.c
[25.246s] -- Installing: /home/abyan/Documents/FOR_ALTAIR/ALTAIR-vision/install/ipm_interfaces/include/ipm_interfaces/ipm_interfaces/srv/detail/map_point__struct.h
[25.247s] -- Installing: /home/abyan/Documents/FOR_ALTAIR/ALTAIR-vision/install/ipm_interfaces/include/ipm_interfaces/ipm_interfaces/srv/detail/map_point_cloud2__functions.h
[25.247s] -- Installing: /home/abyan/Documents/FOR_ALTAIR/ALTAIR-vision/install/ipm_interfaces/include/ipm_interfaces/ipm_interfaces/srv/detail/map_point__functions.h
[25.247s] -- Installing: /home/abyan/Documents/FOR_ALTAIR/ALTAIR-vision/install/ipm_interfaces/include/ipm_interfaces/ipm_interfaces/srv/detail/map_point_cloud2__struct.h
[25.247s] -- Installing: /home/abyan/Documents/FOR_ALTAIR/ALTAIR-vision/install/ipm_interfaces/include/ipm_interfaces/ipm_interfaces/srv/detail/map_point_cloud2__type_support.h
[25.247s] -- Installing: /home/abyan/Documents/FOR_ALTAIR/ALTAIR-vision/install/ipm_interfaces/include/ipm_interfaces/ipm_interfaces/srv/detail/map_point__type_support.c
[25.248s] -- Installing: /home/abyan/Documents/FOR_ALTAIR/ALTAIR-vision/install/ipm_interfaces/include/ipm_interfaces/ipm_interfaces/srv/detail/map_point_cloud2__type_support.c
[25.248s] -- Installing: /home/abyan/Documents/FOR_ALTAIR/ALTAIR-vision/install/ipm_interfaces/include/ipm_interfaces/ipm_interfaces/srv/detail/map_point__type_support.h
[25.248s] -- Installing: /home/abyan/Documents/FOR_ALTAIR/ALTAIR-vision/install/ipm_interfaces/include/ipm_interfaces/ipm_interfaces/srv/detail/map_point__description.c
[25.249s] -- Installing: /home/abyan/Documents/FOR_ALTAIR/ALTAIR-vision/install/ipm_interfaces/include/ipm_interfaces/ipm_interfaces/srv/map_point_cloud2.h
[25.249s] -- Installing: /home/abyan/Documents/FOR_ALTAIR/ALTAIR-vision/install/ipm_interfaces/include/ipm_interfaces/ipm_interfaces/srv/map_point.h
[25.249s] -- Installing: /home/abyan/Documents/FOR_ALTAIR/ALTAIR-vision/install/ipm_interfaces/share/ipm_interfaces/environment/library_path.sh
[25.249s] -- Installing: /home/abyan/Documents/FOR_ALTAIR/ALTAIR-vision/install/ipm_interfaces/share/ipm_interfaces/environment/library_path.dsv
[25.249s] -- Installing: /home/abyan/Documents/FOR_ALTAIR/ALTAIR-vision/install/ipm_interfaces/lib/libipm_interfaces__rosidl_generator_c.so
[25.249s] -- Set non-toolchain portion of runtime path of "/home/abyan/Documents/FOR_ALTAIR/ALTAIR-vision/install/ipm_interfaces/lib/libipm_interfaces__rosidl_generator_c.so" to ""
[25.250s] -- Up-to-date: /home/abyan/Documents/FOR_ALTAIR/ALTAIR-vision/install/ipm_interfaces/include/ipm_interfaces/ipm_interfaces
[25.250s] -- Up-to-date: /home/abyan/Documents/FOR_ALTAIR/ALTAIR-vision/install/ipm_interfaces/include/ipm_interfaces/ipm_interfaces/msg
[25.250s] -- Installing: /home/abyan/Documents/FOR_ALTAIR/ALTAIR-vision/install/ipm_interfaces/include/ipm_interfaces/ipm_interfaces/msg/rosidl_typesupport_fastrtps_c__visibility_control.h
[25.250s] -- Up-to-date: /home/abyan/Documents/FOR_ALTAIR/ALTAIR-vision/install/ipm_interfaces/include/ipm_interfaces/ipm_interfaces/srv
[25.250s] -- Up-to-date: /home/abyan/Documents/FOR_ALTAIR/ALTAIR-vision/install/ipm_interfaces/include/ipm_interfaces/ipm_interfaces/srv/detail
[25.251s] -- Installing: /home/abyan/Documents/FOR_ALTAIR/ALTAIR-vision/install/ipm_interfaces/include/ipm_interfaces/ipm_interfaces/srv/detail/map_point__rosidl_typesupport_fastrtps_c.h
[25.251s] -- Installing: /home/abyan/Documents/FOR_ALTAIR/ALTAIR-vision/install/ipm_interfaces/include/ipm_interfaces/ipm_interfaces/srv/detail/map_point_cloud2__rosidl_typesupport_fastrtps_c.h
[25.251s] -- Installing: /home/abyan/Documents/FOR_ALTAIR/ALTAIR-vision/install/ipm_interfaces/lib/libipm_interfaces__rosidl_typesupport_fastrtps_c.so
[25.251s] -- Set non-toolchain portion of runtime path of "/home/abyan/Documents/FOR_ALTAIR/ALTAIR-vision/install/ipm_interfaces/lib/libipm_interfaces__rosidl_typesupport_fastrtps_c.so" to ""
[25.251s] -- Up-to-date: /home/abyan/Documents/FOR_ALTAIR/ALTAIR-vision/install/ipm_interfaces/include/ipm_interfaces/ipm_interfaces
[25.251s] -- Up-to-date: /home/abyan/Documents/FOR_ALTAIR/ALTAIR-vision/install/ipm_interfaces/include/ipm_interfaces/ipm_interfaces/msg
[25.252s] -- Installing: /home/abyan/Documents/FOR_ALTAIR/ALTAIR-vision/install/ipm_interfaces/include/ipm_interfaces/ipm_interfaces/msg/rosidl_generator_cpp__visibility_control.hpp
[25.252s] -- Up-to-date: /home/abyan/Documents/FOR_ALTAIR/ALTAIR-vision/install/ipm_interfaces/include/ipm_interfaces/ipm_interfaces/srv
[25.252s] -- Installing: /home/abyan/Documents/FOR_ALTAIR/ALTAIR-vision/install/ipm_interfaces/include/ipm_interfaces/ipm_interfaces/srv/map_point.hpp
[25.252s] -- Up-to-date: /home/abyan/Documents/FOR_ALTAIR/ALTAIR-vision/install/ipm_interfaces/include/ipm_interfaces/ipm_interfaces/srv/detail
[25.252s] -- Installing: /home/abyan/Documents/FOR_ALTAIR/ALTAIR-vision/install/ipm_interfaces/include/ipm_interfaces/ipm_interfaces/srv/detail/map_point_cloud2__traits.hpp
[25.253s] -- Installing: /home/abyan/Documents/FOR_ALTAIR/ALTAIR-vision/install/ipm_interfaces/include/ipm_interfaces/ipm_interfaces/srv/detail/map_point__struct.hpp
[25.253s] -- Installing: /home/abyan/Documents/FOR_ALTAIR/ALTAIR-vision/install/ipm_interfaces/include/ipm_interfaces/ipm_interfaces/srv/detail/map_point_cloud2__type_support.hpp
[25.253s] -- Installing: /home/abyan/Documents/FOR_ALTAIR/ALTAIR-vision/install/ipm_interfaces/include/ipm_interfaces/ipm_interfaces/srv/detail/map_point__traits.hpp
[25.253s] -- Installing: /home/abyan/Documents/FOR_ALTAIR/ALTAIR-vision/install/ipm_interfaces/include/ipm_interfaces/ipm_interfaces/srv/detail/map_point_cloud2__struct.hpp
[25.253s] -- Installing: /home/abyan/Documents/FOR_ALTAIR/ALTAIR-vision/install/ipm_interfaces/include/ipm_interfaces/ipm_interfaces/srv/detail/map_point__builder.hpp
[25.253s] -- Installing: /home/abyan/Documents/FOR_ALTAIR/ALTAIR-vision/install/ipm_interfaces/include/ipm_interfaces/ipm_interfaces/srv/detail/map_point_cloud2__builder.hpp
[25.253s] -- Installing: /home/abyan/Documents/FOR_ALTAIR/ALTAIR-vision/install/ipm_interfaces/include/ipm_interfaces/ipm_interfaces/srv/detail/map_point__type_support.hpp
[25.254s] -- Installing: /home/abyan/Documents/FOR_ALTAIR/ALTAIR-vision/install/ipm_interfaces/include/ipm_interfaces/ipm_interfaces/srv/map_point_cloud2.hpp
[25.254s] -- Up-to-date: /home/abyan/Documents/FOR_ALTAIR/ALTAIR-vision/install/ipm_interfaces/include/ipm_interfaces/ipm_interfaces
[25.254s] -- Up-to-date: /home/abyan/Documents/FOR_ALTAIR/ALTAIR-vision/install/ipm_interfaces/include/ipm_interfaces/ipm_interfaces/msg
[25.254s] -- Installing: /home/abyan/Documents/FOR_ALTAIR/ALTAIR-vision/install/ipm_interfaces/include/ipm_interfaces/ipm_interfaces/msg/rosidl_typesupport_fastrtps_cpp__visibility_control.h
[25.254s] -- Up-to-date: /home/abyan/Documents/FOR_ALTAIR/ALTAIR-vision/install/ipm_interfaces/include/ipm_interfaces/ipm_interfaces/srv
[25.255s] -- Up-to-date: /home/abyan/Documents/FOR_ALTAIR/ALTAIR-vision/install/ipm_interfaces/include/ipm_interfaces/ipm_interfaces/srv/detail
[25.255s] -- Installing: /home/abyan/Documents/FOR_ALTAIR/ALTAIR-vision/install/ipm_interfaces/include/ipm_interfaces/ipm_interfaces/srv/detail/map_point__rosidl_typesupport_fastrtps_cpp.hpp
[25.255s] -- Installing: /home/abyan/Documents/FOR_ALTAIR/ALTAIR-vision/install/ipm_interfaces/include/ipm_interfaces/ipm_interfaces/srv/detail/dds_fastrtps
[25.255s] -- Installing: /home/abyan/Documents/FOR_ALTAIR/ALTAIR-vision/install/ipm_interfaces/include/ipm_interfaces/ipm_interfaces/srv/detail/map_point_cloud2__rosidl_typesupport_fastrtps_cpp.hpp
[25.255s] -- Installing: /home/abyan/Documents/FOR_ALTAIR/ALTAIR-vision/install/ipm_interfaces/lib/libipm_interfaces__rosidl_typesupport_fastrtps_cpp.so
[25.255s] -- Set non-toolchain portion of runtime path of "/home/abyan/Documents/FOR_ALTAIR/ALTAIR-vision/install/ipm_interfaces/lib/libipm_interfaces__rosidl_typesupport_fastrtps_cpp.so" to ""
[25.256s] -- Up-to-date: /home/abyan/Documents/FOR_ALTAIR/ALTAIR-vision/install/ipm_interfaces/include/ipm_interfaces/ipm_interfaces
[25.256s] -- Up-to-date: /home/abyan/Documents/FOR_ALTAIR/ALTAIR-vision/install/ipm_interfaces/include/ipm_interfaces/ipm_interfaces/msg
[25.256s] -- Installing: /home/abyan/Documents/FOR_ALTAIR/ALTAIR-vision/install/ipm_interfaces/include/ipm_interfaces/ipm_interfaces/msg/rosidl_typesupport_introspection_c__visibility_control.h
[25.257s] -- Up-to-date: /home/abyan/Documents/FOR_ALTAIR/ALTAIR-vision/install/ipm_interfaces/include/ipm_interfaces/ipm_interfaces/srv
[25.257s] -- Up-to-date: /home/abyan/Documents/FOR_ALTAIR/ALTAIR-vision/install/ipm_interfaces/include/ipm_interfaces/ipm_interfaces/srv/detail
[25.257s] -- Installing: /home/abyan/Documents/FOR_ALTAIR/ALTAIR-vision/install/ipm_interfaces/include/ipm_interfaces/ipm_interfaces/srv/detail/map_point__type_support.c
[25.257s] -- Installing: /home/abyan/Documents/FOR_ALTAIR/ALTAIR-vision/install/ipm_interfaces/include/ipm_interfaces/ipm_interfaces/srv/detail/map_point__rosidl_typesupport_introspection_c.h
[25.257s] -- Installing: /home/abyan/Documents/FOR_ALTAIR/ALTAIR-vision/install/ipm_interfaces/include/ipm_interfaces/ipm_interfaces/srv/detail/map_point_cloud2__type_support.c
[25.257s] -- Installing: /home/abyan/Documents/FOR_ALTAIR/ALTAIR-vision/install/ipm_interfaces/include/ipm_interfaces/ipm_interfaces/srv/detail/map_point_cloud2__rosidl_typesupport_introspection_c.h
[25.258s] -- Installing: /home/abyan/Documents/FOR_ALTAIR/ALTAIR-vision/install/ipm_interfaces/lib/libipm_interfaces__rosidl_typesupport_introspection_c.so
[25.258s] -- Set non-toolchain portion of runtime path of "/home/abyan/Documents/FOR_ALTAIR/ALTAIR-vision/install/ipm_interfaces/lib/libipm_interfaces__rosidl_typesupport_introspection_c.so" to ""
[25.258s] -- Installing: /home/abyan/Documents/FOR_ALTAIR/ALTAIR-vision/install/ipm_interfaces/lib/libipm_interfaces__rosidl_typesupport_c.so
[25.258s] -- Set non-toolchain portion of runtime path of "/home/abyan/Documents/FOR_ALTAIR/ALTAIR-vision/install/ipm_interfaces/lib/libipm_interfaces__rosidl_typesupport_c.so" to ""
[25.258s] -- Up-to-date: /home/abyan/Documents/FOR_ALTAIR/ALTAIR-vision/install/ipm_interfaces/include/ipm_interfaces/ipm_interfaces
[25.258s] -- Up-to-date: /home/abyan/Documents/FOR_ALTAIR/ALTAIR-vision/install/ipm_interfaces/include/ipm_interfaces/ipm_interfaces/srv
[25.258s] -- Up-to-date: /home/abyan/Documents/FOR_ALTAIR/ALTAIR-vision/install/ipm_interfaces/include/ipm_interfaces/ipm_interfaces/srv/detail
[25.259s] -- Installing: /home/abyan/Documents/FOR_ALTAIR/ALTAIR-vision/install/ipm_interfaces/include/ipm_interfaces/ipm_interfaces/srv/detail/map_point_cloud2__type_support.cpp
[25.259s] -- Installing: /home/abyan/Documents/FOR_ALTAIR/ALTAIR-vision/install/ipm_interfaces/include/ipm_interfaces/ipm_interfaces/srv/detail/map_point__type_support.cpp
[25.259s] -- Installing: /home/abyan/Documents/FOR_ALTAIR/ALTAIR-vision/install/ipm_interfaces/include/ipm_interfaces/ipm_interfaces/srv/detail/map_point_cloud2__rosidl_typesupport_introspection_cpp.hpp
[25.259s] -- Installing: /home/abyan/Documents/FOR_ALTAIR/ALTAIR-vision/install/ipm_interfaces/include/ipm_interfaces/ipm_interfaces/srv/detail/map_point__rosidl_typesupport_introspection_cpp.hpp
[25.259s] -- Installing: /home/abyan/Documents/FOR_ALTAIR/ALTAIR-vision/install/ipm_interfaces/lib/libipm_interfaces__rosidl_typesupport_introspection_cpp.so
[25.259s] -- Set non-toolchain portion of runtime path of "/home/abyan/Documents/FOR_ALTAIR/ALTAIR-vision/install/ipm_interfaces/lib/libipm_interfaces__rosidl_typesupport_introspection_cpp.so" to ""
[25.260s] -- Installing: /home/abyan/Documents/FOR_ALTAIR/ALTAIR-vision/install/ipm_interfaces/lib/libipm_interfaces__rosidl_typesupport_cpp.so
[25.260s] -- Set non-toolchain portion of runtime path of "/home/abyan/Documents/FOR_ALTAIR/ALTAIR-vision/install/ipm_interfaces/lib/libipm_interfaces__rosidl_typesupport_cpp.so" to ""
[25.261s] -- Installing: /home/abyan/Documents/FOR_ALTAIR/ALTAIR-vision/install/ipm_interfaces/share/ipm_interfaces/environment/pythonpath.sh
[25.262s] -- Installing: /home/abyan/Documents/FOR_ALTAIR/ALTAIR-vision/install/ipm_interfaces/share/ipm_interfaces/environment/pythonpath.dsv
[25.262s] -- Installing: /home/abyan/Documents/FOR_ALTAIR/ALTAIR-vision/install/ipm_interfaces/lib/python3.12/site-packages/ipm_interfaces-0.0.0-py3.12.egg-info
[25.263s] -- Installing: /home/abyan/Documents/FOR_ALTAIR/ALTAIR-vision/install/ipm_interfaces/lib/python3.12/site-packages/ipm_interfaces-0.0.0-py3.12.egg-info/SOURCES.txt
[25.263s] -- Installing: /home/abyan/Documents/FOR_ALTAIR/ALTAIR-vision/install/ipm_interfaces/lib/python3.12/site-packages/ipm_interfaces-0.0.0-py3.12.egg-info/dependency_links.txt
[25.263s] -- Installing: /home/abyan/Documents/FOR_ALTAIR/ALTAIR-vision/install/ipm_interfaces/lib/python3.12/site-packages/ipm_interfaces-0.0.0-py3.12.egg-info/top_level.txt
[25.264s] -- Installing: /home/abyan/Documents/FOR_ALTAIR/ALTAIR-vision/install/ipm_interfaces/lib/python3.12/site-packages/ipm_interfaces-0.0.0-py3.12.egg-info/PKG-INFO
[25.264s] -- Installing: /home/abyan/Documents/FOR_ALTAIR/ALTAIR-vision/install/ipm_interfaces/lib/python3.12/site-packages/ipm_interfaces
[25.264s] -- Installing: /home/abyan/Documents/FOR_ALTAIR/ALTAIR-vision/install/ipm_interfaces/lib/python3.12/site-packages/ipm_interfaces/_ipm_interfaces_s.ep.rosidl_typesupport_fastrtps_c.c
[25.265s] -- Installing: /home/abyan/Documents/FOR_ALTAIR/ALTAIR-vision/install/ipm_interfaces/lib/python3.12/site-packages/ipm_interfaces/_ipm_interfaces_s.ep.rosidl_typesupport_c.c
[25.265s] -- Installing: /home/abyan/Documents/FOR_ALTAIR/ALTAIR-vision/install/ipm_interfaces/lib/python3.12/site-packages/ipm_interfaces/srv
[25.265s] -- Installing: /home/abyan/Documents/FOR_ALTAIR/ALTAIR-vision/install/ipm_interfaces/lib/python3.12/site-packages/ipm_interfaces/srv/_map_point_cloud2.py
[25.265s] -- Installing: /home/abyan/Documents/FOR_ALTAIR/ALTAIR-vision/install/ipm_interfaces/lib/python3.12/site-packages/ipm_interfaces/srv/__init__.py
[25.266s] -- Installing: /home/abyan/Documents/FOR_ALTAIR/ALTAIR-vision/install/ipm_interfaces/lib/python3.12/site-packages/ipm_interfaces/srv/_map_point_cloud2_s.c
[25.266s] -- Installing: /home/abyan/Documents/FOR_ALTAIR/ALTAIR-vision/install/ipm_interfaces/lib/python3.12/site-packages/ipm_interfaces/srv/_map_point.py
[25.266s] -- Installing: /home/abyan/Documents/FOR_ALTAIR/ALTAIR-vision/install/ipm_interfaces/lib/python3.12/site-packages/ipm_interfaces/srv/_map_point_s.c
[25.267s] -- Installing: /home/abyan/Documents/FOR_ALTAIR/ALTAIR-vision/install/ipm_interfaces/lib/python3.12/site-packages/ipm_interfaces/ipm_interfaces_s__rosidl_typesupport_fastrtps_c.so
[25.267s] -- Installing: /home/abyan/Documents/FOR_ALTAIR/ALTAIR-vision/install/ipm_interfaces/lib/python3.12/site-packages/ipm_interfaces/__init__.py
[25.267s] -- Installing: /home/abyan/Documents/FOR_ALTAIR/ALTAIR-vision/install/ipm_interfaces/lib/python3.12/site-packages/ipm_interfaces/ipm_interfaces_s__rosidl_typesupport_c.so
[25.267s] -- Installing: /home/abyan/Documents/FOR_ALTAIR/ALTAIR-vision/install/ipm_interfaces/lib/python3.12/site-packages/ipm_interfaces/ipm_interfaces_s__rosidl_typesupport_introspection_c.so
[25.268s] -- Installing: /home/abyan/Documents/FOR_ALTAIR/ALTAIR-vision/install/ipm_interfaces/lib/python3.12/site-packages/ipm_interfaces/_ipm_interfaces_s.ep.rosidl_typesupport_introspection_c.c
[25.406s] Listing '/home/abyan/Documents/FOR_ALTAIR/ALTAIR-vision/install/ipm_interfaces/lib/python3.12/site-packages/ipm_interfaces'...
[25.407s] Compiling '/home/abyan/Documents/FOR_ALTAIR/ALTAIR-vision/install/ipm_interfaces/lib/python3.12/site-packages/ipm_interfaces/__init__.py'...
[25.407s] Listing '/home/abyan/Documents/FOR_ALTAIR/ALTAIR-vision/install/ipm_interfaces/lib/python3.12/site-packages/ipm_interfaces/srv'...
[25.407s] Compiling '/home/abyan/Documents/FOR_ALTAIR/ALTAIR-vision/install/ipm_interfaces/lib/python3.12/site-packages/ipm_interfaces/srv/__init__.py'...
[25.407s] Compiling '/home/abyan/Documents/FOR_ALTAIR/ALTAIR-vision/install/ipm_interfaces/lib/python3.12/site-packages/ipm_interfaces/srv/_map_point.py'...
[25.407s] Compiling '/home/abyan/Documents/FOR_ALTAIR/ALTAIR-vision/install/ipm_interfaces/lib/python3.12/site-packages/ipm_interfaces/srv/_map_point_cloud2.py'...
[25.424s] -- Installing: /home/abyan/Documents/FOR_ALTAIR/ALTAIR-vision/install/ipm_interfaces/lib/python3.12/site-packages/ipm_interfaces/ipm_interfaces_s__rosidl_typesupport_fastrtps_c.so
[25.425s] -- Set non-toolchain portion of runtime path of "/home/abyan/Documents/FOR_ALTAIR/ALTAIR-vision/install/ipm_interfaces/lib/python3.12/site-packages/ipm_interfaces/ipm_interfaces_s__rosidl_typesupport_fastrtps_c.so" to ""
[25.425s] -- Installing: /home/abyan/Documents/FOR_ALTAIR/ALTAIR-vision/install/ipm_interfaces/lib/python3.12/site-packages/ipm_interfaces/ipm_interfaces_s__rosidl_typesupport_introspection_c.so
[25.426s] -- Set non-toolchain portion of runtime path of "/home/abyan/Documents/FOR_ALTAIR/ALTAIR-vision/install/ipm_interfaces/lib/python3.12/site-packages/ipm_interfaces/ipm_interfaces_s__rosidl_typesupport_introspection_c.so" to ""
[25.427s] -- Installing: /home/abyan/Documents/FOR_ALTAIR/ALTAIR-vision/install/ipm_interfaces/lib/python3.12/site-packages/ipm_interfaces/ipm_interfaces_s__rosidl_typesupport_c.so
[25.427s] -- Set non-toolchain portion of runtime path of "/home/abyan/Documents/FOR_ALTAIR/ALTAIR-vision/install/ipm_interfaces/lib/python3.12/site-packages/ipm_interfaces/ipm_interfaces_s__rosidl_typesupport_c.so" to ""
[25.428s] -- Installing: /home/abyan/Documents/FOR_ALTAIR/ALTAIR-vision/install/ipm_interfaces/lib/libipm_interfaces__rosidl_generator_py.so
[25.429s] -- Set non-toolchain portion of runtime path of "/home/abyan/Documents/FOR_ALTAIR/ALTAIR-vision/install/ipm_interfaces/lib/libipm_interfaces__rosidl_generator_py.so" to ""
[25.429s] -- Installing: /home/abyan/Documents/FOR_ALTAIR/ALTAIR-vision/install/ipm_interfaces/share/ipm_interfaces/srv/MapPoint.idl
[25.429s] -- Installing: /home/abyan/Documents/FOR_ALTAIR/ALTAIR-vision/install/ipm_interfaces/share/ipm_interfaces/srv/MapPointCloud2.idl
[25.430s] -- Installing: /home/abyan/Documents/FOR_ALTAIR/ALTAIR-vision/install/ipm_interfaces/share/ipm_interfaces/srv/MapPoint.srv
[25.430s] -- Installing: /home/abyan/Documents/FOR_ALTAIR/ALTAIR-vision/install/ipm_interfaces/share/ipm_interfaces/srv/MapPointCloud2.srv
[25.430s] -- Installing: /home/abyan/Documents/FOR_ALTAIR/ALTAIR-vision/install/ipm_interfaces/share/ament_index/resource_index/package_run_dependencies/ipm_interfaces
[25.431s] -- Installing: /home/abyan/Documents/FOR_ALTAIR/ALTAIR-vision/install/ipm_interfaces/share/ament_index/resource_index/parent_prefix_path/ipm_interfaces
[25.431s] -- Installing: /home/abyan/Documents/FOR_ALTAIR/ALTAIR-vision/install/ipm_interfaces/share/ipm_interfaces/environment/ament_prefix_path.sh
[25.432s] -- Installing: /home/abyan/Documents/FOR_ALTAIR/ALTAIR-vision/install/ipm_interfaces/share/ipm_interfaces/environment/ament_prefix_path.dsv
[25.432s] -- Installing: /home/abyan/Documents/FOR_ALTAIR/ALTAIR-vision/install/ipm_interfaces/share/ipm_interfaces/environment/path.sh
[25.432s] -- Installing: /home/abyan/Documents/FOR_ALTAIR/ALTAIR-vision/install/ipm_interfaces/share/ipm_interfaces/environment/path.dsv
[25.433s] -- Installing: /home/abyan/Documents/FOR_ALTAIR/ALTAIR-vision/install/ipm_interfaces/share/ipm_interfaces/local_setup.bash
[25.433s] -- Installing: /home/abyan/Documents/FOR_ALTAIR/ALTAIR-vision/install/ipm_interfaces/share/ipm_interfaces/local_setup.sh
[25.434s] -- Installing: /home/abyan/Documents/FOR_ALTAIR/ALTAIR-vision/install/ipm_interfaces/share/ipm_interfaces/local_setup.zsh
[25.434s] -- Installing: /home/abyan/Documents/FOR_ALTAIR/ALTAIR-vision/install/ipm_interfaces/share/ipm_interfaces/local_setup.dsv
[25.434s] -- Installing: /home/abyan/Documents/FOR_ALTAIR/ALTAIR-vision/install/ipm_interfaces/share/ipm_interfaces/package.dsv
[25.435s] -- Installing: /home/abyan/Documents/FOR_ALTAIR/ALTAIR-vision/install/ipm_interfaces/share/ament_index/resource_index/packages/ipm_interfaces
[25.435s] -- Installing: /home/abyan/Documents/FOR_ALTAIR/ALTAIR-vision/install/ipm_interfaces/share/ipm_interfaces/cmake/export_ipm_interfaces__rosidl_generator_cExport.cmake
[25.436s] -- Installing: /home/abyan/Documents/FOR_ALTAIR/ALTAIR-vision/install/ipm_interfaces/share/ipm_interfaces/cmake/export_ipm_interfaces__rosidl_generator_cExport-noconfig.cmake
[25.436s] -- Installing: /home/abyan/Documents/FOR_ALTAIR/ALTAIR-vision/install/ipm_interfaces/share/ipm_interfaces/cmake/export_ipm_interfaces__rosidl_typesupport_fastrtps_cExport.cmake
[25.437s] -- Installing: /home/abyan/Documents/FOR_ALTAIR/ALTAIR-vision/install/ipm_interfaces/share/ipm_interfaces/cmake/export_ipm_interfaces__rosidl_typesupport_fastrtps_cExport-noconfig.cmake
[25.437s] -- Installing: /home/abyan/Documents/FOR_ALTAIR/ALTAIR-vision/install/ipm_interfaces/share/ipm_interfaces/cmake/export_ipm_interfaces__rosidl_generator_cppExport.cmake
[25.438s] -- Installing: /home/abyan/Documents/FOR_ALTAIR/ALTAIR-vision/install/ipm_interfaces/share/ipm_interfaces/cmake/export_ipm_interfaces__rosidl_typesupport_fastrtps_cppExport.cmake
[25.438s] -- Installing: /home/abyan/Documents/FOR_ALTAIR/ALTAIR-vision/install/ipm_interfaces/share/ipm_interfaces/cmake/export_ipm_interfaces__rosidl_typesupport_fastrtps_cppExport-noconfig.cmake
[25.439s] -- Installing: /home/abyan/Documents/FOR_ALTAIR/ALTAIR-vision/install/ipm_interfaces/share/ipm_interfaces/cmake/ipm_interfaces__rosidl_typesupport_introspection_cExport.cmake
[25.439s] -- Installing: /home/abyan/Documents/FOR_ALTAIR/ALTAIR-vision/install/ipm_interfaces/share/ipm_interfaces/cmake/ipm_interfaces__rosidl_typesupport_introspection_cExport-noconfig.cmake
[25.439s] -- Installing: /home/abyan/Documents/FOR_ALTAIR/ALTAIR-vision/install/ipm_interfaces/share/ipm_interfaces/cmake/ipm_interfaces__rosidl_typesupport_cExport.cmake
[25.440s] -- Installing: /home/abyan/Documents/FOR_ALTAIR/ALTAIR-vision/install/ipm_interfaces/share/ipm_interfaces/cmake/ipm_interfaces__rosidl_typesupport_cExport-noconfig.cmake
[25.440s] -- Installing: /home/abyan/Documents/FOR_ALTAIR/ALTAIR-vision/install/ipm_interfaces/share/ipm_interfaces/cmake/ipm_interfaces__rosidl_typesupport_introspection_cppExport.cmake
[25.440s] -- Installing: /home/abyan/Documents/FOR_ALTAIR/ALTAIR-vision/install/ipm_interfaces/share/ipm_interfaces/cmake/ipm_interfaces__rosidl_typesupport_introspection_cppExport-noconfig.cmake
[25.441s] -- Installing: /home/abyan/Documents/FOR_ALTAIR/ALTAIR-vision/install/ipm_interfaces/share/ipm_interfaces/cmake/ipm_interfaces__rosidl_typesupport_cppExport.cmake
[25.442s] -- Installing: /home/abyan/Documents/FOR_ALTAIR/ALTAIR-vision/install/ipm_interfaces/share/ipm_interfaces/cmake/ipm_interfaces__rosidl_typesupport_cppExport-noconfig.cmake
[25.442s] -- Installing: /home/abyan/Documents/FOR_ALTAIR/ALTAIR-vision/install/ipm_interfaces/share/ipm_interfaces/cmake/export_ipm_interfaces__rosidl_generator_pyExport.cmake
[25.443s] -- Installing: /home/abyan/Documents/FOR_ALTAIR/ALTAIR-vision/install/ipm_interfaces/share/ipm_interfaces/cmake/export_ipm_interfaces__rosidl_generator_pyExport-noconfig.cmake
[25.443s] -- Installing: /home/abyan/Documents/FOR_ALTAIR/ALTAIR-vision/install/ipm_interfaces/share/ipm_interfaces/cmake/rosidl_cmake-extras.cmake
[25.443s] -- Installing: /home/abyan/Documents/FOR_ALTAIR/ALTAIR-vision/install/ipm_interfaces/share/ipm_interfaces/cmake/ament_cmake_export_dependencies-extras.cmake
[25.444s] -- Installing: /home/abyan/Documents/FOR_ALTAIR/ALTAIR-vision/install/ipm_interfaces/share/ipm_interfaces/cmake/ament_cmake_export_include_directories-extras.cmake
[25.444s] -- Installing: /home/abyan/Documents/FOR_ALTAIR/ALTAIR-vision/install/ipm_interfaces/share/ipm_interfaces/cmake/ament_cmake_export_libraries-extras.cmake
[25.445s] -- Installing: /home/abyan/Documents/FOR_ALTAIR/ALTAIR-vision/install/ipm_interfaces/share/ipm_interfaces/cmake/ament_cmake_export_targets-extras.cmake
[25.445s] -- Installing: /home/abyan/Documents/FOR_ALTAIR/ALTAIR-vision/install/ipm_interfaces/share/ipm_interfaces/cmake/rosidl_cmake_export_typesupport_targets-extras.cmake
[25.446s] -- Installing: /home/abyan/Documents/FOR_ALTAIR/ALTAIR-vision/install/ipm_interfaces/share/ipm_interfaces/cmake/rosidl_cmake_export_typesupport_libraries-extras.cmake
[25.446s] -- Installing: /home/abyan/Documents/FOR_ALTAIR/ALTAIR-vision/install/ipm_interfaces/share/ipm_interfaces/cmake/ipm_interfacesConfig.cmake
[25.446s] -- Installing: /home/abyan/Documents/FOR_ALTAIR/ALTAIR-vision/install/ipm_interfaces/share/ipm_interfaces/cmake/ipm_interfacesConfig-version.cmake
[25.447s] -- Installing: /home/abyan/Documents/FOR_ALTAIR/ALTAIR-vision/install/ipm_interfaces/share/ipm_interfaces/package.xml
[25.453s] Invoked command in '/home/abyan/Documents/FOR_ALTAIR/ALTAIR-vision/build/ipm_interfaces' returned '0': CMAKE_PREFIX_PATH=${CMAKE_PREFIX_PATH}:/home/abyan/Documents/FOR_ALTAIR/ALTAIR-vision/install/soccer_ipm:/home/abyan/Documents/FOR_ALTAIR/ALTAIR-vision/install/video_subscriber:/home/abyan/Documents/FOR_ALTAIR/ALTAIR-vision/install/soccer_field_map_generator:/home/abyan/Documents/FOR_ALTAIR/ALTAIR-vision/install/camera_calibration:/home/abyan/Documents/FOR_ALTAIR/ALTAIR-vision/install/ball_detector:/opt/ros/jazzy DEBUGINFOD_URLS=https://debuginfod.ubuntu.com /usr/bin/cmake --install /home/abyan/Documents/FOR_ALTAIR/ALTAIR-vision/build/ipm_interfaces
