[2.614s] Invoking command in '/home/lexciese/Dev/temp/ALTAIR-vision/src/ball_detector': DEBUGINFOD_URLS=https://debuginfod.ubuntu.com PYTHONPATH=/home/lexciese/Dev/temp/ALTAIR-vision/build/ball_detector/prefix_override:/usr/lib/python3/dist-packages/colcon_core/task/python/colcon_distutils_commands:/home/lexciese/Dev/temp/ALTAIR-vision/install/ball_detector/lib/python3.12/site-packages:${PYTHONPATH} /usr/bin/python3 -W ignore:setup.py install is deprecated -W ignore:easy_install command is deprecated setup.py egg_info --egg-base ../../build/ball_detector build --build-base /home/lexciese/Dev/temp/ALTAIR-vision/build/ball_detector/build install --record /home/lexciese/Dev/temp/ALTAIR-vision/build/ball_detector/install.log --single-version-externally-managed install_data
[3.461s] running egg_info
[3.462s] creating ../../build/ball_detector/ball_detector.egg-info
[3.533s] writing ../../build/ball_detector/ball_detector.egg-info/PKG-INFO
[3.534s] writing dependency_links to ../../build/ball_detector/ball_detector.egg-info/dependency_links.txt
[3.534s] writing entry points to ../../build/ball_detector/ball_detector.egg-info/entry_points.txt
[3.535s] writing requirements to ../../build/ball_detector/ball_detector.egg-info/requires.txt
[3.535s] writing top-level names to ../../build/ball_detector/ball_detector.egg-info/top_level.txt
[3.535s] writing manifest file '../../build/ball_detector/ball_detector.egg-info/SOURCES.txt'
[3.683s] reading manifest file '../../build/ball_detector/ball_detector.egg-info/SOURCES.txt'
[3.684s] writing manifest file '../../build/ball_detector/ball_detector.egg-info/SOURCES.txt'
[3.685s] running build
[3.685s] running build_py
[3.685s] creating /home/lexciese/Dev/temp/ALTAIR-vision/build/ball_detector/build
[3.685s] creating /home/lexciese/Dev/temp/ALTAIR-vision/build/ball_detector/build/lib
[3.686s] creating /home/lexciese/Dev/temp/ALTAIR-vision/build/ball_detector/build/lib/ball_detector
[3.686s] copying ball_detector/__init__.py -> /home/lexciese/Dev/temp/ALTAIR-vision/build/ball_detector/build/lib/ball_detector
[3.686s] copying ball_detector/ball_detector.py -> /home/lexciese/Dev/temp/ALTAIR-vision/build/ball_detector/build/lib/ball_detector
[3.686s] running install
[3.701s] running install_lib
[3.779s] creating /home/lexciese/Dev/temp/ALTAIR-vision/install/ball_detector/lib/python3.12/site-packages/ball_detector
[3.780s] copying /home/lexciese/Dev/temp/ALTAIR-vision/build/ball_detector/build/lib/ball_detector/__init__.py -> /home/lexciese/Dev/temp/ALTAIR-vision/install/ball_detector/lib/python3.12/site-packages/ball_detector
[3.780s] copying /home/lexciese/Dev/temp/ALTAIR-vision/build/ball_detector/build/lib/ball_detector/ball_detector.py -> /home/lexciese/Dev/temp/ALTAIR-vision/install/ball_detector/lib/python3.12/site-packages/ball_detector
[3.781s] byte-compiling /home/lexciese/Dev/temp/ALTAIR-vision/install/ball_detector/lib/python3.12/site-packages/ball_detector/__init__.py to __init__.cpython-312.pyc
[3.782s] byte-compiling /home/lexciese/Dev/temp/ALTAIR-vision/install/ball_detector/lib/python3.12/site-packages/ball_detector/ball_detector.py to ball_detector.cpython-312.pyc
[3.786s] running install_data
[3.786s] creating /home/lexciese/Dev/temp/ALTAIR-vision/install/ball_detector/share/ament_index
[3.786s] creating /home/lexciese/Dev/temp/ALTAIR-vision/install/ball_detector/share/ament_index/resource_index
[3.786s] creating /home/lexciese/Dev/temp/ALTAIR-vision/install/ball_detector/share/ament_index/resource_index/packages
[3.787s] copying resource/ball_detector -> /home/lexciese/Dev/temp/ALTAIR-vision/install/ball_detector/share/ament_index/resource_index/packages
[3.787s] copying package.xml -> /home/lexciese/Dev/temp/ALTAIR-vision/install/ball_detector/share/ball_detector
[3.787s] running install_egg_info
[3.865s] Copying ../../build/ball_detector/ball_detector.egg-info to /home/lexciese/Dev/temp/ALTAIR-vision/install/ball_detector/lib/python3.12/site-packages/ball_detector-0.0.0-py3.12.egg-info
[3.867s] running install_scripts
[4.333s] Installing ball_detector script to /home/lexciese/Dev/temp/ALTAIR-vision/install/ball_detector/lib/ball_detector
[4.334s] writing list of installed files to '/home/lexciese/Dev/temp/ALTAIR-vision/build/ball_detector/install.log'
[4.385s] Invoked command in '/home/lexciese/Dev/temp/ALTAIR-vision/src/ball_detector' returned '0': DEBUGINFOD_URLS=https://debuginfod.ubuntu.com PYTHONPATH=/home/lexciese/Dev/temp/ALTAIR-vision/build/ball_detector/prefix_override:/usr/lib/python3/dist-packages/colcon_core/task/python/colcon_distutils_commands:/home/lexciese/Dev/temp/ALTAIR-vision/install/ball_detector/lib/python3.12/site-packages:${PYTHONPATH} /usr/bin/python3 -W ignore:setup.py install is deprecated -W ignore:easy_install command is deprecated setup.py egg_info --egg-base ../../build/ball_detector build --build-base /home/lexciese/Dev/temp/ALTAIR-vision/build/ball_detector/build install --record /home/lexciese/Dev/temp/ALTAIR-vision/build/ball_detector/install.log --single-version-externally-managed install_data
