[3.796s] Invoking command in '/home/abyan/Documents/FOR_ALTAIR/ALTAIR-vision/src/camera_calibration': DEBUGINFOD_URLS=https://debuginfod.ubuntu.com PYTHONPATH=/home/abyan/Documents/FOR_ALTAIR/ALTAIR-vision/build/camera_calibration/prefix_override:/usr/lib/python3/dist-packages/colcon_core/task/python/colcon_distutils_commands:/home/abyan/Documents/FOR_ALTAIR/ALTAIR-vision/install/camera_calibration/lib/python3.12/site-packages:${PYTHONPATH} /usr/bin/python3 -W ignore:setup.py install is deprecated -W ignore:easy_install command is deprecated setup.py egg_info --egg-base ../../build/camera_calibration build --build-base /home/abyan/Documents/FOR_ALTAIR/ALTAIR-vision/build/camera_calibration/build install --record /home/abyan/Documents/FOR_ALTAIR/ALTAIR-vision/build/camera_calibration/install.log --single-version-externally-managed install_data
[4.650s] running egg_info
[4.717s] writing ../../build/camera_calibration/camera_calibration.egg-info/PKG-INFO
[4.717s] writing dependency_links to ../../build/camera_calibration/camera_calibration.egg-info/dependency_links.txt
[4.718s] writing entry points to ../../build/camera_calibration/camera_calibration.egg-info/entry_points.txt
[4.719s] writing requirements to ../../build/camera_calibration/camera_calibration.egg-info/requires.txt
[4.719s] writing top-level names to ../../build/camera_calibration/camera_calibration.egg-info/top_level.txt
[4.868s] reading manifest file '../../build/camera_calibration/camera_calibration.egg-info/SOURCES.txt'
[4.871s] writing manifest file '../../build/camera_calibration/camera_calibration.egg-info/SOURCES.txt'
[4.871s] running build
[4.872s] running build_py
[4.873s] running install
[4.895s] running install_lib
[4.960s] running install_data
[4.961s] running install_egg_info
[5.020s] removing '/home/abyan/Documents/FOR_ALTAIR/ALTAIR-vision/install/camera_calibration/lib/python3.12/site-packages/camera_calibration-6.0.10-py3.12.egg-info' (and everything under it)
[5.021s] Copying ../../build/camera_calibration/camera_calibration.egg-info to /home/abyan/Documents/FOR_ALTAIR/ALTAIR-vision/install/camera_calibration/lib/python3.12/site-packages/camera_calibration-6.0.10-py3.12.egg-info
[5.023s] running install_scripts
[5.486s] Installing cameracalibrator script to /home/abyan/Documents/FOR_ALTAIR/ALTAIR-vision/install/camera_calibration/lib/camera_calibration
[5.487s] Installing cameracheck script to /home/abyan/Documents/FOR_ALTAIR/ALTAIR-vision/install/camera_calibration/lib/camera_calibration
[5.487s] Installing tarfile_calibration script to /home/abyan/Documents/FOR_ALTAIR/ALTAIR-vision/install/camera_calibration/lib/camera_calibration
[5.489s] writing list of installed files to '/home/abyan/Documents/FOR_ALTAIR/ALTAIR-vision/build/camera_calibration/install.log'
[5.568s] Invoked command in '/home/abyan/Documents/FOR_ALTAIR/ALTAIR-vision/src/camera_calibration' returned '0': DEBUGINFOD_URLS=https://debuginfod.ubuntu.com PYTHONPATH=/home/abyan/Documents/FOR_ALTAIR/ALTAIR-vision/build/camera_calibration/prefix_override:/usr/lib/python3/dist-packages/colcon_core/task/python/colcon_distutils_commands:/home/abyan/Documents/FOR_ALTAIR/ALTAIR-vision/install/camera_calibration/lib/python3.12/site-packages:${PYTHONPATH} /usr/bin/python3 -W ignore:setup.py install is deprecated -W ignore:easy_install command is deprecated setup.py egg_info --egg-base ../../build/camera_calibration build --build-base /home/abyan/Documents/FOR_ALTAIR/ALTAIR-vision/build/camera_calibration/build install --record /home/abyan/Documents/FOR_ALTAIR/ALTAIR-vision/build/camera_calibration/install.log --single-version-externally-managed install_data
