[0.419s] Invoking command in '/home/abyan/Documents/FOR_ALTAIR/ALTAIR-vision/build/temp_ball_detector': CMAKE_PREFIX_PATH=${CMAKE_PREFIX_PATH}:/home/abyan/Documents/FOR_ALTAIR/ALTAIR-vision/install/video_subscriber:/home/abyan/Documents/FOR_ALTAIR/ALTAIR-vision/install/soccer_field_map_generator:/home/abyan/Documents/FOR_ALTAIR/ALTAIR-vision/install/ball_detector:/opt/ros/jazzy DEBUGINFOD_URLS=https://debuginfod.ubuntu.com /usr/bin/cmake --build /home/abyan/Documents/FOR_ALTAIR/ALTAIR-vision/build/temp_ball_detector -- -j16 -l16
[0.622s] -- Found ament_cmake: 2.5.3 (/opt/ros/jazzy/share/ament_cmake/cmake)
[0.622s] -- Found Python3: /usr/bin/python3 (found version "3.12.3") found components: Interpreter 
[0.622s] -- Found rclpy: 7.1.3 (/opt/ros/jazzy/share/rclpy/cmake)
[0.622s] -- Found rosidl_default_generators: 1.6.0 (/opt/ros/jazzy/share/rosidl_default_generators/cmake)
[0.622s] -- Using all available rosidl_typesupport_c: rosidl_typesupport_fastrtps_c;rosidl_typesupport_introspection_c
[0.622s] -- Using all available rosidl_typesupport_cpp: rosidl_typesupport_fastrtps_cpp;rosidl_typesupport_introspection_cpp
[0.648s] -- Found rosidl_adapter: 4.6.5 (/opt/ros/jazzy/share/rosidl_adapter/cmake)
[0.650s] -- Found std_msgs: 5.3.5 (/opt/ros/jazzy/share/std_msgs/cmake)
[0.988s] -- Found ament_cmake_ros: 0.12.0 (/opt/ros/jazzy/share/ament_cmake_ros/cmake)
[1.122s] -- Using all available rosidl_typesupport_c: rosidl_typesupport_fastrtps_c;rosidl_typesupport_introspection_c
[1.308s] -- Using all available rosidl_typesupport_cpp: rosidl_typesupport_fastrtps_cpp;rosidl_typesupport_introspection_cpp
[1.310s] -- Found python_cmake_module: 0.11.1 (/opt/ros/jazzy/share/python_cmake_module/cmake)
[2.242s] -- Found Python3: /usr/bin/python3 (found version "3.12.3") found components: Interpreter Development NumPy Development.Module Development.Embed 
[2.320s] -- Found ament_lint_auto: 0.17.1 (/opt/ros/jazzy/share/ament_lint_auto/cmake)
[2.354s] -- Added test 'flake8' to check Python code syntax and style conventions
[2.354s] -- Configured 'flake8' exclude dirs and/or files: 
[2.356s] -- Added test 'lint_cmake' to check CMake code style
[2.357s] -- Added test 'pep257' to check Python code against some of the docstring style conventions in PEP 257
[2.361s] -- Added test 'xmllint' to check XML markup files
[2.371s] -- Configuring done (1.9s)
[2.504s] -- Generating done (0.1s)
[2.549s] -- Build files have been written to: /home/abyan/Documents/FOR_ALTAIR/ALTAIR-vision/build/temp_ball_detector
[2.646s] [  2%] Built target temp_ball_detector__rosidl_generator_type_description
[2.671s] [  2%] Built target ament_cmake_python_copy_temp_ball_detector
[2.711s] [  5%] [32mBuilding C object CMakeFiles/temp_ball_detector__rosidl_generator_c.dir/rosidl_generator_c/temp_ball_detector/msg/detail/ball_distance__type_support.c.o[0m
[2.714s] [ 11%] [32mBuilding C object CMakeFiles/temp_ball_detector__rosidl_generator_c.dir/rosidl_generator_c/temp_ball_detector/msg/detail/ball_distance__description.c.o[0m
[2.714s] [ 11%] Built target temp_ball_detector__cpp
[2.907s] [ 14%] [32m[1mLinking C shared library libtemp_ball_detector__rosidl_generator_c.so[0m
[2.994s] [ 20%] Built target temp_ball_detector__rosidl_generator_c
[3.059s] [ 23%] [32mBuilding CXX object CMakeFiles/temp_ball_detector__rosidl_typesupport_c.dir/rosidl_typesupport_c/temp_ball_detector/msg/ball_distance__type_support.cpp.o[0m
[3.062s] [ 26%] [32mBuilding CXX object CMakeFiles/temp_ball_detector__rosidl_typesupport_cpp.dir/rosidl_typesupport_cpp/temp_ball_detector/msg/ball_distance__type_support.cpp.o[0m
[3.063s] [ 29%] [32mBuilding CXX object CMakeFiles/temp_ball_detector__rosidl_typesupport_fastrtps_cpp.dir/rosidl_typesupport_fastrtps_cpp/temp_ball_detector/msg/detail/dds_fastrtps/ball_distance__type_support.cpp.o[0m
[3.065s] [ 32%] [32mBuilding CXX object CMakeFiles/temp_ball_detector__rosidl_typesupport_introspection_cpp.dir/rosidl_typesupport_introspection_cpp/temp_ball_detector/msg/detail/ball_distance__type_support.cpp.o[0m
[3.066s] [ 35%] [32mBuilding C object CMakeFiles/temp_ball_detector__rosidl_typesupport_introspection_c.dir/rosidl_typesupport_introspection_c/temp_ball_detector/msg/detail/ball_distance__type_support.c.o[0m
[3.067s] [ 38%] [32mBuilding CXX object CMakeFiles/temp_ball_detector__rosidl_typesupport_fastrtps_c.dir/rosidl_typesupport_fastrtps_c/temp_ball_detector/msg/detail/ball_distance__type_support_c.cpp.o[0m
[3.189s] [ 41%] [32m[1mLinking C shared library libtemp_ball_detector__rosidl_typesupport_introspection_c.so[0m
[3.196s] [ 44%] [32m[1mLinking CXX shared library libtemp_ball_detector__rosidl_typesupport_c.so[0m
[3.288s] [ 47%] Built target temp_ball_detector__rosidl_typesupport_introspection_c
[3.308s] [ 50%] Built target temp_ball_detector__rosidl_typesupport_c
[3.392s] running egg_info
[3.443s] writing temp_ball_detector.egg-info/PKG-INFO
[3.444s] writing dependency_links to temp_ball_detector.egg-info/dependency_links.txt
[3.445s] writing top-level names to temp_ball_detector.egg-info/top_level.txt
[3.597s] reading manifest file 'temp_ball_detector.egg-info/SOURCES.txt'
[3.600s] writing manifest file 'temp_ball_detector.egg-info/SOURCES.txt'
[3.682s] [ 50%] Built target ament_cmake_python_build_temp_ball_detector_egg
[3.925s] [ 52%] [32m[1mLinking CXX shared library libtemp_ball_detector__rosidl_typesupport_cpp.so[0m
[4.029s] [ 55%] [32m[1mLinking CXX shared library libtemp_ball_detector__rosidl_typesupport_introspection_cpp.so[0m
[4.058s] [ 58%] Built target temp_ball_detector__rosidl_typesupport_cpp
[4.125s] [ 61%] Built target temp_ball_detector__rosidl_typesupport_introspection_cpp
[4.198s] [ 64%] [32m[1mLinking CXX shared library libtemp_ball_detector__rosidl_typesupport_fastrtps_cpp.so[0m
[4.234s] [ 67%] [32m[1mLinking CXX shared library libtemp_ball_detector__rosidl_typesupport_fastrtps_c.so[0m
[4.338s] [ 70%] Built target temp_ball_detector__rosidl_typesupport_fastrtps_cpp
[4.350s] [ 73%] Built target temp_ball_detector__rosidl_typesupport_fastrtps_c
[4.390s] [ 73%] Built target temp_ball_detector
[4.440s] [ 76%] Built target temp_ball_detector__py
[4.490s] [ 79%] [32m[1mLinking C shared library libtemp_ball_detector__rosidl_generator_py.so[0m
[4.579s] [ 82%] Built target temp_ball_detector__rosidl_generator_py
[4.635s] [ 85%] [32mBuilding C object CMakeFiles/temp_ball_detector_s__rosidl_typesupport_c.dir/rosidl_generator_py/temp_ball_detector/_temp_ball_detector_s.ep.rosidl_typesupport_c.c.o[0m
[4.639s] [ 88%] [32mBuilding C object CMakeFiles/temp_ball_detector_s__rosidl_typesupport_fastrtps_c.dir/rosidl_generator_py/temp_ball_detector/_temp_ball_detector_s.ep.rosidl_typesupport_fastrtps_c.c.o[0m
[4.643s] [ 91%] [32mBuilding C object CMakeFiles/temp_ball_detector_s__rosidl_typesupport_introspection_c.dir/rosidl_generator_py/temp_ball_detector/_temp_ball_detector_s.ep.rosidl_typesupport_introspection_c.c.o[0m
[4.885s] [ 94%] [32m[1mLinking C shared module rosidl_generator_py/temp_ball_detector/temp_ball_detector_s__rosidl_typesupport_c.so[0m
[4.886s] [ 97%] [32m[1mLinking C shared module rosidl_generator_py/temp_ball_detector/temp_ball_detector_s__rosidl_typesupport_fastrtps_c.so[0m
[4.896s] [100%] [32m[1mLinking C shared module rosidl_generator_py/temp_ball_detector/temp_ball_detector_s__rosidl_typesupport_introspection_c.so[0m
[4.962s] [100%] Built target temp_ball_detector_s__rosidl_typesupport_fastrtps_c
[4.964s] [100%] Built target temp_ball_detector_s__rosidl_typesupport_c
[4.971s] [100%] Built target temp_ball_detector_s__rosidl_typesupport_introspection_c
[4.998s] Invoked command in '/home/abyan/Documents/FOR_ALTAIR/ALTAIR-vision/build/temp_ball_detector' returned '0': CMAKE_PREFIX_PATH=${CMAKE_PREFIX_PATH}:/home/abyan/Documents/FOR_ALTAIR/ALTAIR-vision/install/video_subscriber:/home/abyan/Documents/FOR_ALTAIR/ALTAIR-vision/install/soccer_field_map_generator:/home/abyan/Documents/FOR_ALTAIR/ALTAIR-vision/install/ball_detector:/opt/ros/jazzy DEBUGINFOD_URLS=https://debuginfod.ubuntu.com /usr/bin/cmake --build /home/abyan/Documents/FOR_ALTAIR/ALTAIR-vision/build/temp_ball_detector -- -j16 -l16
[5.001s] Invoking command in '/home/abyan/Documents/FOR_ALTAIR/ALTAIR-vision/build/temp_ball_detector': CMAKE_PREFIX_PATH=${CMAKE_PREFIX_PATH}:/home/abyan/Documents/FOR_ALTAIR/ALTAIR-vision/install/video_subscriber:/home/abyan/Documents/FOR_ALTAIR/ALTAIR-vision/install/soccer_field_map_generator:/home/abyan/Documents/FOR_ALTAIR/ALTAIR-vision/install/ball_detector:/opt/ros/jazzy DEBUGINFOD_URLS=https://debuginfod.ubuntu.com /usr/bin/cmake --install /home/abyan/Documents/FOR_ALTAIR/ALTAIR-vision/build/temp_ball_detector
[5.020s] -- Install configuration: ""
[5.021s] -- Up-to-date: /home/abyan/Documents/FOR_ALTAIR/ALTAIR-vision/install/temp_ball_detector/share/ament_index/resource_index/rosidl_interfaces/temp_ball_detector
[5.021s] -- Up-to-date: /home/abyan/Documents/FOR_ALTAIR/ALTAIR-vision/install/temp_ball_detector/share/temp_ball_detector/msg/BallDistance.json
[5.022s] -- Up-to-date: /home/abyan/Documents/FOR_ALTAIR/ALTAIR-vision/install/temp_ball_detector/include/temp_ball_detector/temp_ball_detector
[5.022s] -- Up-to-date: /home/abyan/Documents/FOR_ALTAIR/ALTAIR-vision/install/temp_ball_detector/include/temp_ball_detector/temp_ball_detector/msg
[5.022s] -- Up-to-date: /home/abyan/Documents/FOR_ALTAIR/ALTAIR-vision/install/temp_ball_detector/include/temp_ball_detector/temp_ball_detector/msg/detail
[5.022s] -- Up-to-date: /home/abyan/Documents/FOR_ALTAIR/ALTAIR-vision/install/temp_ball_detector/include/temp_ball_detector/temp_ball_detector/msg/detail/ball_distance__description.c
[5.022s] -- Up-to-date: /home/abyan/Documents/FOR_ALTAIR/ALTAIR-vision/install/temp_ball_detector/include/temp_ball_detector/temp_ball_detector/msg/detail/ball_distance__functions.c
[5.022s] -- Up-to-date: /home/abyan/Documents/FOR_ALTAIR/ALTAIR-vision/install/temp_ball_detector/include/temp_ball_detector/temp_ball_detector/msg/detail/ball_distance__type_support.h
[5.023s] -- Up-to-date: /home/abyan/Documents/FOR_ALTAIR/ALTAIR-vision/install/temp_ball_detector/include/temp_ball_detector/temp_ball_detector/msg/detail/ball_distance__struct.h
[5.023s] -- Up-to-date: /home/abyan/Documents/FOR_ALTAIR/ALTAIR-vision/install/temp_ball_detector/include/temp_ball_detector/temp_ball_detector/msg/detail/ball_distance__type_support.c
[5.023s] -- Up-to-date: /home/abyan/Documents/FOR_ALTAIR/ALTAIR-vision/install/temp_ball_detector/include/temp_ball_detector/temp_ball_detector/msg/detail/ball_distance__functions.h
[5.023s] -- Up-to-date: /home/abyan/Documents/FOR_ALTAIR/ALTAIR-vision/install/temp_ball_detector/include/temp_ball_detector/temp_ball_detector/msg/ball_distance.h
[5.023s] -- Up-to-date: /home/abyan/Documents/FOR_ALTAIR/ALTAIR-vision/install/temp_ball_detector/include/temp_ball_detector/temp_ball_detector/msg/rosidl_generator_c__visibility_control.h
[5.024s] -- Up-to-date: /home/abyan/Documents/FOR_ALTAIR/ALTAIR-vision/install/temp_ball_detector/share/temp_ball_detector/environment/library_path.sh
[5.024s] -- Up-to-date: /home/abyan/Documents/FOR_ALTAIR/ALTAIR-vision/install/temp_ball_detector/share/temp_ball_detector/environment/library_path.dsv
[5.024s] -- Installing: /home/abyan/Documents/FOR_ALTAIR/ALTAIR-vision/install/temp_ball_detector/lib/libtemp_ball_detector__rosidl_generator_c.so
[5.024s] -- Set non-toolchain portion of runtime path of "/home/abyan/Documents/FOR_ALTAIR/ALTAIR-vision/install/temp_ball_detector/lib/libtemp_ball_detector__rosidl_generator_c.so" to ""
[5.024s] -- Up-to-date: /home/abyan/Documents/FOR_ALTAIR/ALTAIR-vision/install/temp_ball_detector/include/temp_ball_detector/temp_ball_detector
[5.024s] -- Up-to-date: /home/abyan/Documents/FOR_ALTAIR/ALTAIR-vision/install/temp_ball_detector/include/temp_ball_detector/temp_ball_detector/msg
[5.024s] -- Up-to-date: /home/abyan/Documents/FOR_ALTAIR/ALTAIR-vision/install/temp_ball_detector/include/temp_ball_detector/temp_ball_detector/msg/detail
[5.025s] -- Up-to-date: /home/abyan/Documents/FOR_ALTAIR/ALTAIR-vision/install/temp_ball_detector/include/temp_ball_detector/temp_ball_detector/msg/detail/ball_distance__rosidl_typesupport_fastrtps_c.h
[5.025s] -- Up-to-date: /home/abyan/Documents/FOR_ALTAIR/ALTAIR-vision/install/temp_ball_detector/include/temp_ball_detector/temp_ball_detector/msg/rosidl_typesupport_fastrtps_c__visibility_control.h
[5.025s] -- Installing: /home/abyan/Documents/FOR_ALTAIR/ALTAIR-vision/install/temp_ball_detector/lib/libtemp_ball_detector__rosidl_typesupport_fastrtps_c.so
[5.025s] -- Set non-toolchain portion of runtime path of "/home/abyan/Documents/FOR_ALTAIR/ALTAIR-vision/install/temp_ball_detector/lib/libtemp_ball_detector__rosidl_typesupport_fastrtps_c.so" to ""
[5.025s] -- Up-to-date: /home/abyan/Documents/FOR_ALTAIR/ALTAIR-vision/install/temp_ball_detector/include/temp_ball_detector/temp_ball_detector
[5.025s] -- Up-to-date: /home/abyan/Documents/FOR_ALTAIR/ALTAIR-vision/install/temp_ball_detector/include/temp_ball_detector/temp_ball_detector/msg
[5.025s] -- Up-to-date: /home/abyan/Documents/FOR_ALTAIR/ALTAIR-vision/install/temp_ball_detector/include/temp_ball_detector/temp_ball_detector/msg/rosidl_typesupport_introspection_c__visibility_control.h
[5.026s] -- Up-to-date: /home/abyan/Documents/FOR_ALTAIR/ALTAIR-vision/install/temp_ball_detector/include/temp_ball_detector/temp_ball_detector/msg/detail
[5.026s] -- Up-to-date: /home/abyan/Documents/FOR_ALTAIR/ALTAIR-vision/install/temp_ball_detector/include/temp_ball_detector/temp_ball_detector/msg/detail/ball_distance__rosidl_typesupport_introspection_c.h
[5.026s] -- Installing: /home/abyan/Documents/FOR_ALTAIR/ALTAIR-vision/install/temp_ball_detector/include/temp_ball_detector/temp_ball_detector/msg/detail/ball_distance__type_support.c
[5.026s] -- Installing: /home/abyan/Documents/FOR_ALTAIR/ALTAIR-vision/install/temp_ball_detector/lib/libtemp_ball_detector__rosidl_typesupport_introspection_c.so
[5.027s] -- Set non-toolchain portion of runtime path of "/home/abyan/Documents/FOR_ALTAIR/ALTAIR-vision/install/temp_ball_detector/lib/libtemp_ball_detector__rosidl_typesupport_introspection_c.so" to ""
[5.027s] -- Installing: /home/abyan/Documents/FOR_ALTAIR/ALTAIR-vision/install/temp_ball_detector/lib/libtemp_ball_detector__rosidl_typesupport_c.so
[5.027s] -- Set non-toolchain portion of runtime path of "/home/abyan/Documents/FOR_ALTAIR/ALTAIR-vision/install/temp_ball_detector/lib/libtemp_ball_detector__rosidl_typesupport_c.so" to ""
[5.027s] -- Up-to-date: /home/abyan/Documents/FOR_ALTAIR/ALTAIR-vision/install/temp_ball_detector/include/temp_ball_detector/temp_ball_detector
[5.027s] -- Up-to-date: /home/abyan/Documents/FOR_ALTAIR/ALTAIR-vision/install/temp_ball_detector/include/temp_ball_detector/temp_ball_detector/msg
[5.027s] -- Up-to-date: /home/abyan/Documents/FOR_ALTAIR/ALTAIR-vision/install/temp_ball_detector/include/temp_ball_detector/temp_ball_detector/msg/detail
[5.028s] -- Up-to-date: /home/abyan/Documents/FOR_ALTAIR/ALTAIR-vision/install/temp_ball_detector/include/temp_ball_detector/temp_ball_detector/msg/detail/ball_distance__traits.hpp
[5.028s] -- Up-to-date: /home/abyan/Documents/FOR_ALTAIR/ALTAIR-vision/install/temp_ball_detector/include/temp_ball_detector/temp_ball_detector/msg/detail/ball_distance__builder.hpp
[5.028s] -- Up-to-date: /home/abyan/Documents/FOR_ALTAIR/ALTAIR-vision/install/temp_ball_detector/include/temp_ball_detector/temp_ball_detector/msg/detail/ball_distance__type_support.hpp
[5.028s] -- Up-to-date: /home/abyan/Documents/FOR_ALTAIR/ALTAIR-vision/install/temp_ball_detector/include/temp_ball_detector/temp_ball_detector/msg/detail/ball_distance__struct.hpp
[5.028s] -- Up-to-date: /home/abyan/Documents/FOR_ALTAIR/ALTAIR-vision/install/temp_ball_detector/include/temp_ball_detector/temp_ball_detector/msg/ball_distance.hpp
[5.028s] -- Up-to-date: /home/abyan/Documents/FOR_ALTAIR/ALTAIR-vision/install/temp_ball_detector/include/temp_ball_detector/temp_ball_detector/msg/rosidl_generator_cpp__visibility_control.hpp
[5.028s] -- Up-to-date: /home/abyan/Documents/FOR_ALTAIR/ALTAIR-vision/install/temp_ball_detector/include/temp_ball_detector/temp_ball_detector
[5.029s] -- Up-to-date: /home/abyan/Documents/FOR_ALTAIR/ALTAIR-vision/install/temp_ball_detector/include/temp_ball_detector/temp_ball_detector/msg
[5.029s] -- Up-to-date: /home/abyan/Documents/FOR_ALTAIR/ALTAIR-vision/install/temp_ball_detector/include/temp_ball_detector/temp_ball_detector/msg/detail
[5.029s] -- Up-to-date: /home/abyan/Documents/FOR_ALTAIR/ALTAIR-vision/install/temp_ball_detector/include/temp_ball_detector/temp_ball_detector/msg/detail/ball_distance__rosidl_typesupport_fastrtps_cpp.hpp
[5.029s] -- Up-to-date: /home/abyan/Documents/FOR_ALTAIR/ALTAIR-vision/install/temp_ball_detector/include/temp_ball_detector/temp_ball_detector/msg/detail/dds_fastrtps
[5.029s] -- Up-to-date: /home/abyan/Documents/FOR_ALTAIR/ALTAIR-vision/install/temp_ball_detector/include/temp_ball_detector/temp_ball_detector/msg/rosidl_typesupport_fastrtps_cpp__visibility_control.h
[5.029s] -- Installing: /home/abyan/Documents/FOR_ALTAIR/ALTAIR-vision/install/temp_ball_detector/lib/libtemp_ball_detector__rosidl_typesupport_fastrtps_cpp.so
[5.030s] -- Set non-toolchain portion of runtime path of "/home/abyan/Documents/FOR_ALTAIR/ALTAIR-vision/install/temp_ball_detector/lib/libtemp_ball_detector__rosidl_typesupport_fastrtps_cpp.so" to ""
[5.030s] -- Up-to-date: /home/abyan/Documents/FOR_ALTAIR/ALTAIR-vision/install/temp_ball_detector/include/temp_ball_detector/temp_ball_detector
[5.030s] -- Up-to-date: /home/abyan/Documents/FOR_ALTAIR/ALTAIR-vision/install/temp_ball_detector/include/temp_ball_detector/temp_ball_detector/msg
[5.030s] -- Up-to-date: /home/abyan/Documents/FOR_ALTAIR/ALTAIR-vision/install/temp_ball_detector/include/temp_ball_detector/temp_ball_detector/msg/detail
[5.030s] -- Up-to-date: /home/abyan/Documents/FOR_ALTAIR/ALTAIR-vision/install/temp_ball_detector/include/temp_ball_detector/temp_ball_detector/msg/detail/ball_distance__rosidl_typesupport_introspection_cpp.hpp
[5.030s] -- Up-to-date: /home/abyan/Documents/FOR_ALTAIR/ALTAIR-vision/install/temp_ball_detector/include/temp_ball_detector/temp_ball_detector/msg/detail/ball_distance__type_support.cpp
[5.031s] -- Installing: /home/abyan/Documents/FOR_ALTAIR/ALTAIR-vision/install/temp_ball_detector/lib/libtemp_ball_detector__rosidl_typesupport_introspection_cpp.so
[5.031s] -- Set non-toolchain portion of runtime path of "/home/abyan/Documents/FOR_ALTAIR/ALTAIR-vision/install/temp_ball_detector/lib/libtemp_ball_detector__rosidl_typesupport_introspection_cpp.so" to ""
[5.031s] -- Installing: /home/abyan/Documents/FOR_ALTAIR/ALTAIR-vision/install/temp_ball_detector/lib/libtemp_ball_detector__rosidl_typesupport_cpp.so
[5.031s] -- Set non-toolchain portion of runtime path of "/home/abyan/Documents/FOR_ALTAIR/ALTAIR-vision/install/temp_ball_detector/lib/libtemp_ball_detector__rosidl_typesupport_cpp.so" to ""
[5.032s] -- Up-to-date: /home/abyan/Documents/FOR_ALTAIR/ALTAIR-vision/install/temp_ball_detector/share/temp_ball_detector/environment/pythonpath.sh
[5.032s] -- Up-to-date: /home/abyan/Documents/FOR_ALTAIR/ALTAIR-vision/install/temp_ball_detector/share/temp_ball_detector/environment/pythonpath.dsv
[5.032s] -- Up-to-date: /home/abyan/Documents/FOR_ALTAIR/ALTAIR-vision/install/temp_ball_detector/lib/python3.12/site-packages/temp_ball_detector-0.0.0-py3.12.egg-info
[5.032s] -- Installing: /home/abyan/Documents/FOR_ALTAIR/ALTAIR-vision/install/temp_ball_detector/lib/python3.12/site-packages/temp_ball_detector-0.0.0-py3.12.egg-info/SOURCES.txt
[5.032s] -- Installing: /home/abyan/Documents/FOR_ALTAIR/ALTAIR-vision/install/temp_ball_detector/lib/python3.12/site-packages/temp_ball_detector-0.0.0-py3.12.egg-info/dependency_links.txt
[5.032s] -- Installing: /home/abyan/Documents/FOR_ALTAIR/ALTAIR-vision/install/temp_ball_detector/lib/python3.12/site-packages/temp_ball_detector-0.0.0-py3.12.egg-info/top_level.txt
[5.032s] -- Installing: /home/abyan/Documents/FOR_ALTAIR/ALTAIR-vision/install/temp_ball_detector/lib/python3.12/site-packages/temp_ball_detector-0.0.0-py3.12.egg-info/PKG-INFO
[5.033s] -- Up-to-date: /home/abyan/Documents/FOR_ALTAIR/ALTAIR-vision/install/temp_ball_detector/lib/python3.12/site-packages/temp_ball_detector
[5.033s] -- Up-to-date: /home/abyan/Documents/FOR_ALTAIR/ALTAIR-vision/install/temp_ball_detector/lib/python3.12/site-packages/temp_ball_detector/_temp_ball_detector_s.ep.rosidl_typesupport_introspection_c.c
[5.033s] -- Up-to-date: /home/abyan/Documents/FOR_ALTAIR/ALTAIR-vision/install/temp_ball_detector/lib/python3.12/site-packages/temp_ball_detector/_temp_ball_detector_s.ep.rosidl_typesupport_c.c
[5.033s] -- Up-to-date: /home/abyan/Documents/FOR_ALTAIR/ALTAIR-vision/install/temp_ball_detector/lib/python3.12/site-packages/temp_ball_detector/msg
[5.033s] -- Up-to-date: /home/abyan/Documents/FOR_ALTAIR/ALTAIR-vision/install/temp_ball_detector/lib/python3.12/site-packages/temp_ball_detector/msg/_ball_distance_s.c
[5.033s] -- Up-to-date: /home/abyan/Documents/FOR_ALTAIR/ALTAIR-vision/install/temp_ball_detector/lib/python3.12/site-packages/temp_ball_detector/msg/_ball_distance.py
[5.033s] -- Up-to-date: /home/abyan/Documents/FOR_ALTAIR/ALTAIR-vision/install/temp_ball_detector/lib/python3.12/site-packages/temp_ball_detector/msg/__init__.py
[5.033s] -- Installing: /home/abyan/Documents/FOR_ALTAIR/ALTAIR-vision/install/temp_ball_detector/lib/python3.12/site-packages/temp_ball_detector/temp_ball_detector_s__rosidl_typesupport_fastrtps_c.so
[5.034s] -- Installing: /home/abyan/Documents/FOR_ALTAIR/ALTAIR-vision/install/temp_ball_detector/lib/python3.12/site-packages/temp_ball_detector/__init__.py
[5.034s] -- Installing: /home/abyan/Documents/FOR_ALTAIR/ALTAIR-vision/install/temp_ball_detector/lib/python3.12/site-packages/temp_ball_detector/temp_ball_detector_s__rosidl_typesupport_c.so
[5.034s] -- Installing: /home/abyan/Documents/FOR_ALTAIR/ALTAIR-vision/install/temp_ball_detector/lib/python3.12/site-packages/temp_ball_detector/temp_ball_detector_s__rosidl_typesupport_introspection_c.so
[5.035s] -- Up-to-date: /home/abyan/Documents/FOR_ALTAIR/ALTAIR-vision/install/temp_ball_detector/lib/python3.12/site-packages/temp_ball_detector/_temp_ball_detector_s.ep.rosidl_typesupport_fastrtps_c.c
[5.121s] Listing '/home/abyan/Documents/FOR_ALTAIR/ALTAIR-vision/install/temp_ball_detector/lib/python3.12/site-packages/temp_ball_detector'...
[5.122s] Compiling '/home/abyan/Documents/FOR_ALTAIR/ALTAIR-vision/install/temp_ball_detector/lib/python3.12/site-packages/temp_ball_detector/__init__.py'...
[5.122s] Listing '/home/abyan/Documents/FOR_ALTAIR/ALTAIR-vision/install/temp_ball_detector/lib/python3.12/site-packages/temp_ball_detector/msg'...
[5.135s] -- Installing: /home/abyan/Documents/FOR_ALTAIR/ALTAIR-vision/install/temp_ball_detector/lib/python3.12/site-packages/temp_ball_detector/temp_ball_detector_s__rosidl_typesupport_fastrtps_c.so
[5.136s] -- Set non-toolchain portion of runtime path of "/home/abyan/Documents/FOR_ALTAIR/ALTAIR-vision/install/temp_ball_detector/lib/python3.12/site-packages/temp_ball_detector/temp_ball_detector_s__rosidl_typesupport_fastrtps_c.so" to ""
[5.136s] -- Installing: /home/abyan/Documents/FOR_ALTAIR/ALTAIR-vision/install/temp_ball_detector/lib/python3.12/site-packages/temp_ball_detector/temp_ball_detector_s__rosidl_typesupport_introspection_c.so
[5.137s] -- Set non-toolchain portion of runtime path of "/home/abyan/Documents/FOR_ALTAIR/ALTAIR-vision/install/temp_ball_detector/lib/python3.12/site-packages/temp_ball_detector/temp_ball_detector_s__rosidl_typesupport_introspection_c.so" to ""
[5.137s] -- Installing: /home/abyan/Documents/FOR_ALTAIR/ALTAIR-vision/install/temp_ball_detector/lib/python3.12/site-packages/temp_ball_detector/temp_ball_detector_s__rosidl_typesupport_c.so
[5.138s] -- Set non-toolchain portion of runtime path of "/home/abyan/Documents/FOR_ALTAIR/ALTAIR-vision/install/temp_ball_detector/lib/python3.12/site-packages/temp_ball_detector/temp_ball_detector_s__rosidl_typesupport_c.so" to ""
[5.139s] -- Installing: /home/abyan/Documents/FOR_ALTAIR/ALTAIR-vision/install/temp_ball_detector/lib/libtemp_ball_detector__rosidl_generator_py.so
[5.139s] -- Set non-toolchain portion of runtime path of "/home/abyan/Documents/FOR_ALTAIR/ALTAIR-vision/install/temp_ball_detector/lib/libtemp_ball_detector__rosidl_generator_py.so" to ""
[5.140s] -- Up-to-date: /home/abyan/Documents/FOR_ALTAIR/ALTAIR-vision/install/temp_ball_detector/share/temp_ball_detector/msg/BallDistance.idl
[5.140s] -- Up-to-date: /home/abyan/Documents/FOR_ALTAIR/ALTAIR-vision/install/temp_ball_detector/share/temp_ball_detector/msg/BallDistance.msg
[5.140s] -- Up-to-date: /home/abyan/Documents/FOR_ALTAIR/ALTAIR-vision/install/temp_ball_detector/lib/temp_ball_detector/ball_detection.py
[5.141s] -- Up-to-date: /home/abyan/Documents/FOR_ALTAIR/ALTAIR-vision/install/temp_ball_detector/share/ament_index/resource_index/package_run_dependencies/temp_ball_detector
[5.141s] -- Up-to-date: /home/abyan/Documents/FOR_ALTAIR/ALTAIR-vision/install/temp_ball_detector/share/ament_index/resource_index/parent_prefix_path/temp_ball_detector
[5.141s] -- Up-to-date: /home/abyan/Documents/FOR_ALTAIR/ALTAIR-vision/install/temp_ball_detector/share/temp_ball_detector/environment/ament_prefix_path.sh
[5.141s] -- Up-to-date: /home/abyan/Documents/FOR_ALTAIR/ALTAIR-vision/install/temp_ball_detector/share/temp_ball_detector/environment/ament_prefix_path.dsv
[5.141s] -- Up-to-date: /home/abyan/Documents/FOR_ALTAIR/ALTAIR-vision/install/temp_ball_detector/share/temp_ball_detector/environment/path.sh
[5.141s] -- Up-to-date: /home/abyan/Documents/FOR_ALTAIR/ALTAIR-vision/install/temp_ball_detector/share/temp_ball_detector/environment/path.dsv
[5.141s] -- Up-to-date: /home/abyan/Documents/FOR_ALTAIR/ALTAIR-vision/install/temp_ball_detector/share/temp_ball_detector/local_setup.bash
[5.141s] -- Up-to-date: /home/abyan/Documents/FOR_ALTAIR/ALTAIR-vision/install/temp_ball_detector/share/temp_ball_detector/local_setup.sh
[5.141s] -- Up-to-date: /home/abyan/Documents/FOR_ALTAIR/ALTAIR-vision/install/temp_ball_detector/share/temp_ball_detector/local_setup.zsh
[5.142s] -- Up-to-date: /home/abyan/Documents/FOR_ALTAIR/ALTAIR-vision/install/temp_ball_detector/share/temp_ball_detector/local_setup.dsv
[5.142s] -- Installing: /home/abyan/Documents/FOR_ALTAIR/ALTAIR-vision/install/temp_ball_detector/share/temp_ball_detector/package.dsv
[5.142s] -- Up-to-date: /home/abyan/Documents/FOR_ALTAIR/ALTAIR-vision/install/temp_ball_detector/share/ament_index/resource_index/packages/temp_ball_detector
[5.142s] -- Up-to-date: /home/abyan/Documents/FOR_ALTAIR/ALTAIR-vision/install/temp_ball_detector/share/temp_ball_detector/cmake/export_temp_ball_detector__rosidl_generator_cExport.cmake
[5.142s] -- Up-to-date: /home/abyan/Documents/FOR_ALTAIR/ALTAIR-vision/install/temp_ball_detector/share/temp_ball_detector/cmake/export_temp_ball_detector__rosidl_generator_cExport-noconfig.cmake
[5.145s] -- Up-to-date: /home/abyan/Documents/FOR_ALTAIR/ALTAIR-vision/install/temp_ball_detector/share/temp_ball_detector/cmake/export_temp_ball_detector__rosidl_typesupport_fastrtps_cExport.cmake
[5.146s] -- Up-to-date: /home/abyan/Documents/FOR_ALTAIR/ALTAIR-vision/install/temp_ball_detector/share/temp_ball_detector/cmake/export_temp_ball_detector__rosidl_typesupport_fastrtps_cExport-noconfig.cmake
[5.146s] -- Up-to-date: /home/abyan/Documents/FOR_ALTAIR/ALTAIR-vision/install/temp_ball_detector/share/temp_ball_detector/cmake/temp_ball_detector__rosidl_typesupport_introspection_cExport.cmake
[5.146s] -- Up-to-date: /home/abyan/Documents/FOR_ALTAIR/ALTAIR-vision/install/temp_ball_detector/share/temp_ball_detector/cmake/temp_ball_detector__rosidl_typesupport_introspection_cExport-noconfig.cmake
[5.146s] -- Up-to-date: /home/abyan/Documents/FOR_ALTAIR/ALTAIR-vision/install/temp_ball_detector/share/temp_ball_detector/cmake/temp_ball_detector__rosidl_typesupport_cExport.cmake
[5.147s] -- Up-to-date: /home/abyan/Documents/FOR_ALTAIR/ALTAIR-vision/install/temp_ball_detector/share/temp_ball_detector/cmake/temp_ball_detector__rosidl_typesupport_cExport-noconfig.cmake
[5.147s] -- Up-to-date: /home/abyan/Documents/FOR_ALTAIR/ALTAIR-vision/install/temp_ball_detector/share/temp_ball_detector/cmake/export_temp_ball_detector__rosidl_generator_cppExport.cmake
[5.148s] -- Up-to-date: /home/abyan/Documents/FOR_ALTAIR/ALTAIR-vision/install/temp_ball_detector/share/temp_ball_detector/cmake/export_temp_ball_detector__rosidl_typesupport_fastrtps_cppExport.cmake
[5.148s] -- Up-to-date: /home/abyan/Documents/FOR_ALTAIR/ALTAIR-vision/install/temp_ball_detector/share/temp_ball_detector/cmake/export_temp_ball_detector__rosidl_typesupport_fastrtps_cppExport-noconfig.cmake
[5.149s] -- Up-to-date: /home/abyan/Documents/FOR_ALTAIR/ALTAIR-vision/install/temp_ball_detector/share/temp_ball_detector/cmake/temp_ball_detector__rosidl_typesupport_introspection_cppExport.cmake
[5.149s] -- Up-to-date: /home/abyan/Documents/FOR_ALTAIR/ALTAIR-vision/install/temp_ball_detector/share/temp_ball_detector/cmake/temp_ball_detector__rosidl_typesupport_introspection_cppExport-noconfig.cmake
[5.150s] -- Up-to-date: /home/abyan/Documents/FOR_ALTAIR/ALTAIR-vision/install/temp_ball_detector/share/temp_ball_detector/cmake/temp_ball_detector__rosidl_typesupport_cppExport.cmake
[5.150s] -- Up-to-date: /home/abyan/Documents/FOR_ALTAIR/ALTAIR-vision/install/temp_ball_detector/share/temp_ball_detector/cmake/temp_ball_detector__rosidl_typesupport_cppExport-noconfig.cmake
[5.151s] -- Up-to-date: /home/abyan/Documents/FOR_ALTAIR/ALTAIR-vision/install/temp_ball_detector/share/temp_ball_detector/cmake/export_temp_ball_detector__rosidl_generator_pyExport.cmake
[5.151s] -- Up-to-date: /home/abyan/Documents/FOR_ALTAIR/ALTAIR-vision/install/temp_ball_detector/share/temp_ball_detector/cmake/export_temp_ball_detector__rosidl_generator_pyExport-noconfig.cmake
[5.151s] -- Up-to-date: /home/abyan/Documents/FOR_ALTAIR/ALTAIR-vision/install/temp_ball_detector/share/temp_ball_detector/cmake/rosidl_cmake-extras.cmake
[5.151s] -- Up-to-date: /home/abyan/Documents/FOR_ALTAIR/ALTAIR-vision/install/temp_ball_detector/share/temp_ball_detector/cmake/ament_cmake_export_dependencies-extras.cmake
[5.151s] -- Up-to-date: /home/abyan/Documents/FOR_ALTAIR/ALTAIR-vision/install/temp_ball_detector/share/temp_ball_detector/cmake/ament_cmake_export_include_directories-extras.cmake
[5.151s] -- Up-to-date: /home/abyan/Documents/FOR_ALTAIR/ALTAIR-vision/install/temp_ball_detector/share/temp_ball_detector/cmake/ament_cmake_export_libraries-extras.cmake
[5.151s] -- Up-to-date: /home/abyan/Documents/FOR_ALTAIR/ALTAIR-vision/install/temp_ball_detector/share/temp_ball_detector/cmake/ament_cmake_export_targets-extras.cmake
[5.152s] -- Up-to-date: /home/abyan/Documents/FOR_ALTAIR/ALTAIR-vision/install/temp_ball_detector/share/temp_ball_detector/cmake/rosidl_cmake_export_typesupport_targets-extras.cmake
[5.152s] -- Up-to-date: /home/abyan/Documents/FOR_ALTAIR/ALTAIR-vision/install/temp_ball_detector/share/temp_ball_detector/cmake/rosidl_cmake_export_typesupport_libraries-extras.cmake
[5.152s] -- Up-to-date: /home/abyan/Documents/FOR_ALTAIR/ALTAIR-vision/install/temp_ball_detector/share/temp_ball_detector/cmake/temp_ball_detectorConfig.cmake
[5.152s] -- Up-to-date: /home/abyan/Documents/FOR_ALTAIR/ALTAIR-vision/install/temp_ball_detector/share/temp_ball_detector/cmake/temp_ball_detectorConfig-version.cmake
[5.152s] -- Up-to-date: /home/abyan/Documents/FOR_ALTAIR/ALTAIR-vision/install/temp_ball_detector/share/temp_ball_detector/package.xml
[5.156s] Invoked command in '/home/abyan/Documents/FOR_ALTAIR/ALTAIR-vision/build/temp_ball_detector' returned '0': CMAKE_PREFIX_PATH=${CMAKE_PREFIX_PATH}:/home/abyan/Documents/FOR_ALTAIR/ALTAIR-vision/install/video_subscriber:/home/abyan/Documents/FOR_ALTAIR/ALTAIR-vision/install/soccer_field_map_generator:/home/abyan/Documents/FOR_ALTAIR/ALTAIR-vision/install/ball_detector:/opt/ros/jazzy DEBUGINFOD_URLS=https://debuginfod.ubuntu.com /usr/bin/cmake --install /home/abyan/Documents/FOR_ALTAIR/ALTAIR-vision/build/temp_ball_detector
