[0.293s] DEBUG:colcon:Command line arguments: ['/usr/bin/colcon', 'build']
[0.293s] DEBUG:colcon:Parsed command line arguments: Namespace(log_base=None, log_level=None, verb_name='build', build_base='build', install_base='install', merge_install=False, symlink_install=False, test_result_base=None, continue_on_error=False, executor='parallel', parallel_workers=16, event_handlers=None, ignore_user_meta=False, metas=['./colcon.meta'], base_paths=['.'], packages_ignore=None, packages_ignore_regex=None, paths=None, packages_up_to=None, packages_up_to_regex=None, packages_above=None, packages_above_and_dependencies=None, packages_above_depth=None, packages_select_by_dep=None, packages_skip_by_dep=None, packages_skip_up_to=None, packages_select_build_failed=False, packages_skip_build_finished=False, packages_select_test_failures=False, packages_skip_test_passed=False, packages_select=None, packages_skip=None, packages_select_regex=None, packages_skip_regex=None, packages_start=None, packages_end=None, allow_overriding=[], cmake_args=None, cmake_target=None, cmake_target_skip_unavailable=False, cmake_clean_cache=False, cmake_clean_first=False, cmake_force_configure=False, ament_cmake_args=None, catkin_cmake_args=None, catkin_skip_building_tests=False, mixin_files=None, mixin=None, verb_parser=<colcon_mixin.mixin.mixin_argument.MixinArgumentDecorator object at 0x78c52df8a9c0>, verb_extension=<colcon_core.verb.build.BuildVerb object at 0x78c52df89ee0>, main=<bound method BuildVerb.main of <colcon_core.verb.build.BuildVerb object at 0x78c52df89ee0>>, mixin_verb=('build',))
[0.403s] Level 1:colcon.colcon_core.package_discovery:discover_packages(colcon_meta) check parameters
[0.403s] Level 1:colcon.colcon_core.package_discovery:discover_packages(recursive) check parameters
[0.403s] Level 1:colcon.colcon_core.package_discovery:discover_packages(ignore) check parameters
[0.403s] Level 1:colcon.colcon_core.package_discovery:discover_packages(path) check parameters
[0.403s] Level 1:colcon.colcon_core.package_discovery:discover_packages(colcon_meta) discover
[0.403s] Level 1:colcon.colcon_core.package_discovery:discover_packages(recursive) discover
[0.403s] INFO:colcon.colcon_core.package_discovery:Crawling recursively for packages in '/home/altair/Documents/ALTAIR-vision'
[0.403s] Level 1:colcon.colcon_core.package_identification:_identify(.) by extensions ['ignore', 'ignore_ament_install']
[0.404s] Level 1:colcon.colcon_core.package_identification:_identify(.) by extension 'ignore'
[0.404s] Level 1:colcon.colcon_core.package_identification:_identify(.) by extension 'ignore_ament_install'
[0.404s] Level 1:colcon.colcon_core.package_identification:_identify(.) by extensions ['colcon_pkg']
[0.404s] Level 1:colcon.colcon_core.package_identification:_identify(.) by extension 'colcon_pkg'
[0.404s] Level 1:colcon.colcon_core.package_identification:_identify(.) by extensions ['colcon_meta']
[0.404s] Level 1:colcon.colcon_core.package_identification:_identify(.) by extension 'colcon_meta'
[0.404s] Level 1:colcon.colcon_core.package_identification:_identify(.) by extensions ['ros']
[0.404s] Level 1:colcon.colcon_core.package_identification:_identify(.) by extension 'ros'
[0.458s] Level 1:colcon.colcon_core.package_identification:_identify(.) by extensions ['cmake', 'python']
[0.458s] Level 1:colcon.colcon_core.package_identification:_identify(.) by extension 'cmake'
[0.458s] Level 1:colcon.colcon_core.package_identification:_identify(.) by extension 'python'
[0.458s] Level 1:colcon.colcon_core.package_identification:_identify(.) by extensions ['python_setup_py']
[0.458s] Level 1:colcon.colcon_core.package_identification:_identify(.) by extension 'python_setup_py'
[0.458s] Level 1:colcon.colcon_core.package_identification:_identify(build) by extensions ['ignore', 'ignore_ament_install']
[0.458s] Level 1:colcon.colcon_core.package_identification:_identify(build) by extension 'ignore'
[0.458s] Level 1:colcon.colcon_core.package_identification:_identify(build) ignored
[0.458s] Level 1:colcon.colcon_core.package_identification:_identify(install) by extensions ['ignore', 'ignore_ament_install']
[0.458s] Level 1:colcon.colcon_core.package_identification:_identify(install) by extension 'ignore'
[0.458s] Level 1:colcon.colcon_core.package_identification:_identify(install) ignored
[0.459s] Level 1:colcon.colcon_core.package_identification:_identify(log) by extensions ['ignore', 'ignore_ament_install']
[0.459s] Level 1:colcon.colcon_core.package_identification:_identify(log) by extension 'ignore'
[0.459s] Level 1:colcon.colcon_core.package_identification:_identify(log) ignored
[0.459s] Level 1:colcon.colcon_core.package_identification:_identify(packages) by extensions ['ignore', 'ignore_ament_install']
[0.459s] Level 1:colcon.colcon_core.package_identification:_identify(packages) by extension 'ignore'
[0.459s] Level 1:colcon.colcon_core.package_identification:_identify(packages) by extension 'ignore_ament_install'
[0.459s] Level 1:colcon.colcon_core.package_identification:_identify(packages) by extensions ['colcon_pkg']
[0.459s] Level 1:colcon.colcon_core.package_identification:_identify(packages) by extension 'colcon_pkg'
[0.459s] Level 1:colcon.colcon_core.package_identification:_identify(packages) by extensions ['colcon_meta']
[0.459s] Level 1:colcon.colcon_core.package_identification:_identify(packages) by extension 'colcon_meta'
[0.459s] Level 1:colcon.colcon_core.package_identification:_identify(packages) by extensions ['ros']
[0.459s] Level 1:colcon.colcon_core.package_identification:_identify(packages) by extension 'ros'
[0.459s] Level 1:colcon.colcon_core.package_identification:_identify(packages) by extensions ['cmake', 'python']
[0.460s] Level 1:colcon.colcon_core.package_identification:_identify(packages) by extension 'cmake'
[0.460s] Level 1:colcon.colcon_core.package_identification:_identify(packages) by extension 'python'
[0.460s] Level 1:colcon.colcon_core.package_identification:_identify(packages) by extensions ['python_setup_py']
[0.460s] Level 1:colcon.colcon_core.package_identification:_identify(packages) by extension 'python_setup_py'
[0.460s] Level 1:colcon.colcon_core.package_identification:_identify(src) by extensions ['ignore', 'ignore_ament_install']
[0.460s] Level 1:colcon.colcon_core.package_identification:_identify(src) by extension 'ignore'
[0.460s] Level 1:colcon.colcon_core.package_identification:_identify(src) by extension 'ignore_ament_install'
[0.460s] Level 1:colcon.colcon_core.package_identification:_identify(src) by extensions ['colcon_pkg']
[0.460s] Level 1:colcon.colcon_core.package_identification:_identify(src) by extension 'colcon_pkg'
[0.460s] Level 1:colcon.colcon_core.package_identification:_identify(src) by extensions ['colcon_meta']
[0.460s] Level 1:colcon.colcon_core.package_identification:_identify(src) by extension 'colcon_meta'
[0.460s] Level 1:colcon.colcon_core.package_identification:_identify(src) by extensions ['ros']
[0.460s] Level 1:colcon.colcon_core.package_identification:_identify(src) by extension 'ros'
[0.460s] Level 1:colcon.colcon_core.package_identification:_identify(src) by extensions ['cmake', 'python']
[0.460s] Level 1:colcon.colcon_core.package_identification:_identify(src) by extension 'cmake'
[0.460s] Level 1:colcon.colcon_core.package_identification:_identify(src) by extension 'python'
[0.460s] Level 1:colcon.colcon_core.package_identification:_identify(src) by extensions ['python_setup_py']
[0.460s] Level 1:colcon.colcon_core.package_identification:_identify(src) by extension 'python_setup_py'
[0.461s] Level 1:colcon.colcon_core.package_identification:_identify(src/ball_detector) by extensions ['ignore', 'ignore_ament_install']
[0.461s] Level 1:colcon.colcon_core.package_identification:_identify(src/ball_detector) by extension 'ignore'
[0.461s] Level 1:colcon.colcon_core.package_identification:_identify(src/ball_detector) by extension 'ignore_ament_install'
[0.461s] Level 1:colcon.colcon_core.package_identification:_identify(src/ball_detector) by extensions ['colcon_pkg']
[0.461s] Level 1:colcon.colcon_core.package_identification:_identify(src/ball_detector) by extension 'colcon_pkg'
[0.461s] Level 1:colcon.colcon_core.package_identification:_identify(src/ball_detector) by extensions ['colcon_meta']
[0.461s] Level 1:colcon.colcon_core.package_identification:_identify(src/ball_detector) by extension 'colcon_meta'
[0.461s] Level 1:colcon.colcon_core.package_identification:_identify(src/ball_detector) by extensions ['ros']
[0.461s] Level 1:colcon.colcon_core.package_identification:_identify(src/ball_detector) by extension 'ros'
[0.466s] DEBUG:colcon.colcon_core.package_identification:Package 'src/ball_detector' with type 'ros.ament_cmake' and name 'ball_detector'
[0.466s] Level 1:colcon.colcon_core.package_identification:_identify(src/sample_program) by extensions ['ignore', 'ignore_ament_install']
[0.467s] Level 1:colcon.colcon_core.package_identification:_identify(src/sample_program) by extension 'ignore'
[0.467s] Level 1:colcon.colcon_core.package_identification:_identify(src/sample_program) by extension 'ignore_ament_install'
[0.467s] Level 1:colcon.colcon_core.package_identification:_identify(src/sample_program) by extensions ['colcon_pkg']
[0.467s] Level 1:colcon.colcon_core.package_identification:_identify(src/sample_program) by extension 'colcon_pkg'
[0.467s] Level 1:colcon.colcon_core.package_identification:_identify(src/sample_program) by extensions ['colcon_meta']
[0.467s] Level 1:colcon.colcon_core.package_identification:_identify(src/sample_program) by extension 'colcon_meta'
[0.467s] Level 1:colcon.colcon_core.package_identification:_identify(src/sample_program) by extensions ['ros']
[0.467s] Level 1:colcon.colcon_core.package_identification:_identify(src/sample_program) by extension 'ros'
[0.467s] Level 1:colcon.colcon_core.package_identification:_identify(src/sample_program) by extensions ['cmake', 'python']
[0.467s] Level 1:colcon.colcon_core.package_identification:_identify(src/sample_program) by extension 'cmake'
[0.467s] Level 1:colcon.colcon_core.package_identification:_identify(src/sample_program) by extension 'python'
[0.467s] Level 1:colcon.colcon_core.package_identification:_identify(src/sample_program) by extensions ['python_setup_py']
[0.468s] Level 1:colcon.colcon_core.package_identification:_identify(src/sample_program) by extension 'python_setup_py'
[0.468s] Level 1:colcon.colcon_core.package_identification:_identify(src/video_subscriber) by extensions ['ignore', 'ignore_ament_install']
[0.468s] Level 1:colcon.colcon_core.package_identification:_identify(src/video_subscriber) by extension 'ignore'
[0.468s] Level 1:colcon.colcon_core.package_identification:_identify(src/video_subscriber) by extension 'ignore_ament_install'
[0.468s] Level 1:colcon.colcon_core.package_identification:_identify(src/video_subscriber) by extensions ['colcon_pkg']
[0.468s] Level 1:colcon.colcon_core.package_identification:_identify(src/video_subscriber) by extension 'colcon_pkg'
[0.468s] Level 1:colcon.colcon_core.package_identification:_identify(src/video_subscriber) by extensions ['colcon_meta']
[0.468s] Level 1:colcon.colcon_core.package_identification:_identify(src/video_subscriber) by extension 'colcon_meta'
[0.468s] Level 1:colcon.colcon_core.package_identification:_identify(src/video_subscriber) by extensions ['ros']
[0.468s] Level 1:colcon.colcon_core.package_identification:_identify(src/video_subscriber) by extension 'ros'
[0.469s] DEBUG:colcon.colcon_core.package_identification:Package 'src/video_subscriber' with type 'ros.ament_python' and name 'video_subscriber'
[0.469s] Level 1:colcon.colcon_core.package_discovery:discover_packages(recursive) using defaults
[0.470s] Level 1:colcon.colcon_core.package_discovery:discover_packages(ignore) discover
[0.470s] Level 1:colcon.colcon_core.package_discovery:discover_packages(ignore) using defaults
[0.470s] Level 1:colcon.colcon_core.package_discovery:discover_packages(path) discover
[0.470s] Level 1:colcon.colcon_core.package_discovery:discover_packages(path) using defaults
[0.511s] Level 1:colcon.colcon_core.package_discovery:discover_packages(prefix_path) check parameters
[0.511s] Level 1:colcon.colcon_core.package_discovery:discover_packages(prefix_path) discover
[0.520s] DEBUG:colcon.colcon_installed_package_information.package_discovery:Found 285 installed packages in /opt/ros/jazzy
[0.521s] Level 1:colcon.colcon_core.package_discovery:discover_packages(prefix_path) using defaults
[0.575s] Level 5:colcon.colcon_core.verb:set package 'ball_detector' build argument 'cmake_args' from command line to 'None'
[0.575s] Level 5:colcon.colcon_core.verb:set package 'ball_detector' build argument 'cmake_target' from command line to 'None'
[0.575s] Level 5:colcon.colcon_core.verb:set package 'ball_detector' build argument 'cmake_target_skip_unavailable' from command line to 'False'
[0.575s] Level 5:colcon.colcon_core.verb:set package 'ball_detector' build argument 'cmake_clean_cache' from command line to 'False'
[0.575s] Level 5:colcon.colcon_core.verb:set package 'ball_detector' build argument 'cmake_clean_first' from command line to 'False'
[0.575s] Level 5:colcon.colcon_core.verb:set package 'ball_detector' build argument 'cmake_force_configure' from command line to 'False'
[0.575s] Level 5:colcon.colcon_core.verb:set package 'ball_detector' build argument 'ament_cmake_args' from command line to 'None'
[0.575s] Level 5:colcon.colcon_core.verb:set package 'ball_detector' build argument 'catkin_cmake_args' from command line to 'None'
[0.575s] Level 5:colcon.colcon_core.verb:set package 'ball_detector' build argument 'catkin_skip_building_tests' from command line to 'False'
[0.575s] DEBUG:colcon.colcon_core.verb:Building package 'ball_detector' with the following arguments: {'ament_cmake_args': None, 'build_base': '/home/altair/Documents/ALTAIR-vision/build/ball_detector', 'catkin_cmake_args': None, 'catkin_skip_building_tests': False, 'cmake_args': None, 'cmake_clean_cache': False, 'cmake_clean_first': False, 'cmake_force_configure': False, 'cmake_target': None, 'cmake_target_skip_unavailable': False, 'install_base': '/home/altair/Documents/ALTAIR-vision/install/ball_detector', 'merge_install': False, 'path': '/home/altair/Documents/ALTAIR-vision/src/ball_detector', 'symlink_install': False, 'test_result_base': None}
[0.576s] Level 5:colcon.colcon_core.verb:set package 'video_subscriber' build argument 'cmake_args' from command line to 'None'
[0.576s] Level 5:colcon.colcon_core.verb:set package 'video_subscriber' build argument 'cmake_target' from command line to 'None'
[0.576s] Level 5:colcon.colcon_core.verb:set package 'video_subscriber' build argument 'cmake_target_skip_unavailable' from command line to 'False'
[0.576s] Level 5:colcon.colcon_core.verb:set package 'video_subscriber' build argument 'cmake_clean_cache' from command line to 'False'
[0.576s] Level 5:colcon.colcon_core.verb:set package 'video_subscriber' build argument 'cmake_clean_first' from command line to 'False'
[0.576s] Level 5:colcon.colcon_core.verb:set package 'video_subscriber' build argument 'cmake_force_configure' from command line to 'False'
[0.576s] Level 5:colcon.colcon_core.verb:set package 'video_subscriber' build argument 'ament_cmake_args' from command line to 'None'
[0.576s] Level 5:colcon.colcon_core.verb:set package 'video_subscriber' build argument 'catkin_cmake_args' from command line to 'None'
[0.576s] Level 5:colcon.colcon_core.verb:set package 'video_subscriber' build argument 'catkin_skip_building_tests' from command line to 'False'
[0.576s] DEBUG:colcon.colcon_core.verb:Building package 'video_subscriber' with the following arguments: {'ament_cmake_args': None, 'build_base': '/home/altair/Documents/ALTAIR-vision/build/video_subscriber', 'catkin_cmake_args': None, 'catkin_skip_building_tests': False, 'cmake_args': None, 'cmake_clean_cache': False, 'cmake_clean_first': False, 'cmake_force_configure': False, 'cmake_target': None, 'cmake_target_skip_unavailable': False, 'install_base': '/home/altair/Documents/ALTAIR-vision/install/video_subscriber', 'merge_install': False, 'path': '/home/altair/Documents/ALTAIR-vision/src/video_subscriber', 'symlink_install': False, 'test_result_base': None}
[0.576s] INFO:colcon.colcon_core.executor:Executing jobs using 'parallel' executor
[0.577s] DEBUG:colcon.colcon_parallel_executor.executor.parallel:run_until_complete
[0.577s] INFO:colcon.colcon_ros.task.ament_cmake.build:Building ROS package in '/home/altair/Documents/ALTAIR-vision/src/ball_detector' with build type 'ament_cmake'
[0.577s] INFO:colcon.colcon_cmake.task.cmake.build:Building CMake package in '/home/altair/Documents/ALTAIR-vision/src/ball_detector'
[0.584s] INFO:colcon.colcon_core.plugin_system:Skipping extension 'colcon_core.shell.bat': Not used on non-Windows systems
[0.584s] INFO:colcon.colcon_core.shell:Skip shell extension 'powershell' for command environment: Not usable outside of PowerShell
[0.585s] DEBUG:colcon.colcon_core.shell:Skip shell extension 'dsv' for command environment
[0.592s] INFO:colcon.colcon_ros.task.ament_python.build:Building ROS package in '/home/altair/Documents/ALTAIR-vision/src/video_subscriber' with build type 'ament_python'
[0.592s] Level 1:colcon.colcon_core.shell:create_environment_hook('video_subscriber', 'ament_prefix_path')
[0.592s] INFO:colcon.colcon_core.shell:Creating environment hook '/home/altair/Documents/ALTAIR-vision/install/video_subscriber/share/video_subscriber/hook/ament_prefix_path.ps1'
[0.594s] INFO:colcon.colcon_core.shell:Creating environment descriptor '/home/altair/Documents/ALTAIR-vision/install/video_subscriber/share/video_subscriber/hook/ament_prefix_path.dsv'
[0.595s] INFO:colcon.colcon_core.shell:Creating environment hook '/home/altair/Documents/ALTAIR-vision/install/video_subscriber/share/video_subscriber/hook/ament_prefix_path.sh'
[0.596s] INFO:colcon.colcon_core.shell:Skip shell extension 'powershell' for command environment: Not usable outside of PowerShell
[0.596s] DEBUG:colcon.colcon_core.shell:Skip shell extension 'dsv' for command environment
[0.609s] DEBUG:colcon.colcon_core.event_handler.log_command:Invoking command in '/home/altair/Documents/ALTAIR-vision/build/ball_detector': CMAKE_PREFIX_PATH=${CMAKE_PREFIX_PATH}:/opt/ros/jazzy DEBUGINFOD_URLS=https://debuginfod.ubuntu.com /usr/bin/cmake --build /home/altair/Documents/ALTAIR-vision/build/ball_detector -- -j16 -l16
[0.984s] INFO:colcon.colcon_core.task.python.build:Building Python package in '/home/altair/Documents/ALTAIR-vision/src/video_subscriber'
[0.984s] INFO:colcon.colcon_core.shell:Skip shell extension 'powershell' for command environment: Not usable outside of PowerShell
[0.984s] DEBUG:colcon.colcon_core.shell:Skip shell extension 'dsv' for command environment
[2.208s] DEBUG:colcon.colcon_core.event_handler.log_command:Invoking command in '/home/altair/Documents/ALTAIR-vision/src/video_subscriber': DEBUGINFOD_URLS=https://debuginfod.ubuntu.com PYTHONPATH=/home/altair/Documents/ALTAIR-vision/build/video_subscriber/prefix_override:/usr/lib/python3/dist-packages/colcon_core/task/python/colcon_distutils_commands:/home/altair/Documents/ALTAIR-vision/install/video_subscriber/lib/python3.12/site-packages:${PYTHONPATH} /usr/bin/python3 -W ignore:setup.py install is deprecated setup.py egg_info --egg-base ../../build/video_subscriber build --build-base /home/altair/Documents/ALTAIR-vision/build/video_subscriber/build install --record /home/altair/Documents/ALTAIR-vision/build/video_subscriber/install.log --single-version-externally-managed install_data
[3.129s] DEBUG:colcon.colcon_core.event_handler.log_command:Invoked command in '/home/altair/Documents/ALTAIR-vision/src/video_subscriber' returned '0': DEBUGINFOD_URLS=https://debuginfod.ubuntu.com PYTHONPATH=/home/altair/Documents/ALTAIR-vision/build/video_subscriber/prefix_override:/usr/lib/python3/dist-packages/colcon_core/task/python/colcon_distutils_commands:/home/altair/Documents/ALTAIR-vision/install/video_subscriber/lib/python3.12/site-packages:${PYTHONPATH} /usr/bin/python3 -W ignore:setup.py install is deprecated setup.py egg_info --egg-base ../../build/video_subscriber build --build-base /home/altair/Documents/ALTAIR-vision/build/video_subscriber/build install --record /home/altair/Documents/ALTAIR-vision/build/video_subscriber/install.log --single-version-externally-managed install_data
[3.138s] Level 1:colcon.colcon_core.environment:checking '/home/altair/Documents/ALTAIR-vision/install/video_subscriber' for CMake module files
[3.139s] Level 1:colcon.colcon_core.environment:checking '/home/altair/Documents/ALTAIR-vision/install/video_subscriber' for CMake config files
[3.140s] Level 1:colcon.colcon_core.environment:checking '/home/altair/Documents/ALTAIR-vision/install/video_subscriber/lib'
[3.141s] Level 1:colcon.colcon_core.environment:checking '/home/altair/Documents/ALTAIR-vision/install/video_subscriber/bin'
[3.141s] Level 1:colcon.colcon_core.environment:checking '/home/altair/Documents/ALTAIR-vision/install/video_subscriber/lib/pkgconfig/video_subscriber.pc'
[3.141s] Level 1:colcon.colcon_core.environment:checking '/home/altair/Documents/ALTAIR-vision/install/video_subscriber/lib/python3.12/site-packages'
[3.141s] Level 1:colcon.colcon_core.shell:create_environment_hook('video_subscriber', 'pythonpath')
[3.142s] INFO:colcon.colcon_core.shell:Creating environment hook '/home/altair/Documents/ALTAIR-vision/install/video_subscriber/share/video_subscriber/hook/pythonpath.ps1'
[3.143s] INFO:colcon.colcon_core.shell:Creating environment descriptor '/home/altair/Documents/ALTAIR-vision/install/video_subscriber/share/video_subscriber/hook/pythonpath.dsv'
[3.144s] INFO:colcon.colcon_core.shell:Creating environment hook '/home/altair/Documents/ALTAIR-vision/install/video_subscriber/share/video_subscriber/hook/pythonpath.sh'
[3.145s] Level 1:colcon.colcon_core.environment:checking '/home/altair/Documents/ALTAIR-vision/install/video_subscriber/bin'
[3.145s] Level 1:colcon.colcon_core.environment:create_environment_scripts_only(video_subscriber)
[3.146s] INFO:colcon.colcon_core.shell:Creating package script '/home/altair/Documents/ALTAIR-vision/install/video_subscriber/share/video_subscriber/package.ps1'
[3.148s] INFO:colcon.colcon_core.shell:Creating package descriptor '/home/altair/Documents/ALTAIR-vision/install/video_subscriber/share/video_subscriber/package.dsv'
[3.149s] INFO:colcon.colcon_core.shell:Creating package script '/home/altair/Documents/ALTAIR-vision/install/video_subscriber/share/video_subscriber/package.sh'
[3.151s] INFO:colcon.colcon_core.shell:Creating package script '/home/altair/Documents/ALTAIR-vision/install/video_subscriber/share/video_subscriber/package.bash'
[3.153s] INFO:colcon.colcon_core.shell:Creating package script '/home/altair/Documents/ALTAIR-vision/install/video_subscriber/share/video_subscriber/package.zsh'
[3.155s] Level 1:colcon.colcon_core.environment:create_file_with_runtime_dependencies(/home/altair/Documents/ALTAIR-vision/install/video_subscriber/share/colcon-core/packages/video_subscriber)
[3.640s] DEBUG:colcon.colcon_core.event_handler.log_command:Invoked command in '/home/altair/Documents/ALTAIR-vision/build/ball_detector' returned '0': CMAKE_PREFIX_PATH=${CMAKE_PREFIX_PATH}:/opt/ros/jazzy DEBUGINFOD_URLS=https://debuginfod.ubuntu.com /usr/bin/cmake --build /home/altair/Documents/ALTAIR-vision/build/ball_detector -- -j16 -l16
[3.800s] DEBUG:colcon.colcon_core.event_handler.log_command:Invoking command in '/home/altair/Documents/ALTAIR-vision/build/ball_detector': CMAKE_PREFIX_PATH=${CMAKE_PREFIX_PATH}:/opt/ros/jazzy DEBUGINFOD_URLS=https://debuginfod.ubuntu.com /usr/bin/cmake --install /home/altair/Documents/ALTAIR-vision/build/ball_detector
[3.957s] Level 1:colcon.colcon_core.environment:create_environment_scripts_only(ball_detector)
[3.958s] Level 1:colcon.colcon_core.environment:checking '/home/altair/Documents/ALTAIR-vision/install/ball_detector' for CMake module files
[3.959s] DEBUG:colcon.colcon_core.event_handler.log_command:Invoked command in '/home/altair/Documents/ALTAIR-vision/build/ball_detector' returned '0': CMAKE_PREFIX_PATH=${CMAKE_PREFIX_PATH}:/opt/ros/jazzy DEBUGINFOD_URLS=https://debuginfod.ubuntu.com /usr/bin/cmake --install /home/altair/Documents/ALTAIR-vision/build/ball_detector
[3.960s] Level 1:colcon.colcon_core.environment:checking '/home/altair/Documents/ALTAIR-vision/install/ball_detector' for CMake config files
[3.961s] Level 1:colcon.colcon_core.shell:create_environment_hook('ball_detector', 'cmake_prefix_path')
[3.961s] INFO:colcon.colcon_core.shell:Creating environment hook '/home/altair/Documents/ALTAIR-vision/install/ball_detector/share/ball_detector/hook/cmake_prefix_path.ps1'
[3.962s] INFO:colcon.colcon_core.shell:Creating environment descriptor '/home/altair/Documents/ALTAIR-vision/install/ball_detector/share/ball_detector/hook/cmake_prefix_path.dsv'
[3.963s] INFO:colcon.colcon_core.shell:Creating environment hook '/home/altair/Documents/ALTAIR-vision/install/ball_detector/share/ball_detector/hook/cmake_prefix_path.sh'
[3.964s] Level 1:colcon.colcon_core.environment:checking '/home/altair/Documents/ALTAIR-vision/install/ball_detector/lib'
[3.964s] Level 1:colcon.colcon_core.shell:create_environment_hook('ball_detector', 'ld_library_path_lib')
[3.965s] INFO:colcon.colcon_core.shell:Creating environment hook '/home/altair/Documents/ALTAIR-vision/install/ball_detector/share/ball_detector/hook/ld_library_path_lib.ps1'
[3.966s] INFO:colcon.colcon_core.shell:Creating environment descriptor '/home/altair/Documents/ALTAIR-vision/install/ball_detector/share/ball_detector/hook/ld_library_path_lib.dsv'
[3.966s] INFO:colcon.colcon_core.shell:Creating environment hook '/home/altair/Documents/ALTAIR-vision/install/ball_detector/share/ball_detector/hook/ld_library_path_lib.sh'
[3.967s] Level 1:colcon.colcon_core.environment:checking '/home/altair/Documents/ALTAIR-vision/install/ball_detector/bin'
[3.967s] Level 1:colcon.colcon_core.environment:checking '/home/altair/Documents/ALTAIR-vision/install/ball_detector/lib/pkgconfig/ball_detector.pc'
[3.967s] Level 1:colcon.colcon_core.environment:checking '/home/altair/Documents/ALTAIR-vision/install/ball_detector/lib/python3.12/site-packages'
[3.968s] Level 1:colcon.colcon_core.shell:create_environment_hook('ball_detector', 'pythonpath')
[3.968s] INFO:colcon.colcon_core.shell:Creating environment hook '/home/altair/Documents/ALTAIR-vision/install/ball_detector/share/ball_detector/hook/pythonpath.ps1'
[3.969s] INFO:colcon.colcon_core.shell:Creating environment descriptor '/home/altair/Documents/ALTAIR-vision/install/ball_detector/share/ball_detector/hook/pythonpath.dsv'
[3.969s] INFO:colcon.colcon_core.shell:Creating environment hook '/home/altair/Documents/ALTAIR-vision/install/ball_detector/share/ball_detector/hook/pythonpath.sh'
[3.971s] Level 1:colcon.colcon_core.environment:checking '/home/altair/Documents/ALTAIR-vision/install/ball_detector/bin'
[3.971s] INFO:colcon.colcon_core.shell:Creating package script '/home/altair/Documents/ALTAIR-vision/install/ball_detector/share/ball_detector/package.ps1'
[3.972s] INFO:colcon.colcon_core.shell:Creating package descriptor '/home/altair/Documents/ALTAIR-vision/install/ball_detector/share/ball_detector/package.dsv'
[3.973s] INFO:colcon.colcon_core.shell:Creating package script '/home/altair/Documents/ALTAIR-vision/install/ball_detector/share/ball_detector/package.sh'
[3.974s] INFO:colcon.colcon_core.shell:Creating package script '/home/altair/Documents/ALTAIR-vision/install/ball_detector/share/ball_detector/package.bash'
[3.974s] INFO:colcon.colcon_core.shell:Creating package script '/home/altair/Documents/ALTAIR-vision/install/ball_detector/share/ball_detector/package.zsh'
[3.975s] Level 1:colcon.colcon_core.environment:create_file_with_runtime_dependencies(/home/altair/Documents/ALTAIR-vision/install/ball_detector/share/colcon-core/packages/ball_detector)
[4.118s] Level 1:colcon.colcon_core.environment:create_environment_scripts_only(ball_detector)
[4.119s] Level 1:colcon.colcon_core.environment:checking '/home/altair/Documents/ALTAIR-vision/install/ball_detector' for CMake module files
[4.121s] Level 1:colcon.colcon_core.environment:checking '/home/altair/Documents/ALTAIR-vision/install/ball_detector' for CMake config files
[4.122s] Level 1:colcon.colcon_core.shell:create_environment_hook('ball_detector', 'cmake_prefix_path')
[4.122s] INFO:colcon.colcon_core.shell:Creating environment hook '/home/altair/Documents/ALTAIR-vision/install/ball_detector/share/ball_detector/hook/cmake_prefix_path.ps1'
[4.123s] INFO:colcon.colcon_core.shell:Creating environment descriptor '/home/altair/Documents/ALTAIR-vision/install/ball_detector/share/ball_detector/hook/cmake_prefix_path.dsv'
[4.124s] INFO:colcon.colcon_core.shell:Creating environment hook '/home/altair/Documents/ALTAIR-vision/install/ball_detector/share/ball_detector/hook/cmake_prefix_path.sh'
[4.126s] Level 1:colcon.colcon_core.environment:checking '/home/altair/Documents/ALTAIR-vision/install/ball_detector/lib'
[4.126s] Level 1:colcon.colcon_core.shell:create_environment_hook('ball_detector', 'ld_library_path_lib')
[4.126s] INFO:colcon.colcon_core.shell:Creating environment hook '/home/altair/Documents/ALTAIR-vision/install/ball_detector/share/ball_detector/hook/ld_library_path_lib.ps1'
[4.127s] INFO:colcon.colcon_core.shell:Creating environment descriptor '/home/altair/Documents/ALTAIR-vision/install/ball_detector/share/ball_detector/hook/ld_library_path_lib.dsv'
[4.128s] INFO:colcon.colcon_core.shell:Creating environment hook '/home/altair/Documents/ALTAIR-vision/install/ball_detector/share/ball_detector/hook/ld_library_path_lib.sh'
[4.128s] Level 1:colcon.colcon_core.environment:checking '/home/altair/Documents/ALTAIR-vision/install/ball_detector/bin'
[4.128s] Level 1:colcon.colcon_core.environment:checking '/home/altair/Documents/ALTAIR-vision/install/ball_detector/lib/pkgconfig/ball_detector.pc'
[4.129s] Level 1:colcon.colcon_core.environment:checking '/home/altair/Documents/ALTAIR-vision/install/ball_detector/lib/python3.12/site-packages'
[4.129s] Level 1:colcon.colcon_core.shell:create_environment_hook('ball_detector', 'pythonpath')
[4.129s] INFO:colcon.colcon_core.shell:Creating environment hook '/home/altair/Documents/ALTAIR-vision/install/ball_detector/share/ball_detector/hook/pythonpath.ps1'
[4.130s] INFO:colcon.colcon_core.shell:Creating environment descriptor '/home/altair/Documents/ALTAIR-vision/install/ball_detector/share/ball_detector/hook/pythonpath.dsv'
[4.131s] INFO:colcon.colcon_core.shell:Creating environment hook '/home/altair/Documents/ALTAIR-vision/install/ball_detector/share/ball_detector/hook/pythonpath.sh'
[4.132s] Level 1:colcon.colcon_core.environment:checking '/home/altair/Documents/ALTAIR-vision/install/ball_detector/bin'
[4.132s] INFO:colcon.colcon_core.shell:Creating package script '/home/altair/Documents/ALTAIR-vision/install/ball_detector/share/ball_detector/package.ps1'
[4.133s] INFO:colcon.colcon_core.shell:Creating package descriptor '/home/altair/Documents/ALTAIR-vision/install/ball_detector/share/ball_detector/package.dsv'
[4.134s] INFO:colcon.colcon_core.shell:Creating package script '/home/altair/Documents/ALTAIR-vision/install/ball_detector/share/ball_detector/package.sh'
[4.135s] INFO:colcon.colcon_core.shell:Creating package script '/home/altair/Documents/ALTAIR-vision/install/ball_detector/share/ball_detector/package.bash'
[4.136s] INFO:colcon.colcon_core.shell:Creating package script '/home/altair/Documents/ALTAIR-vision/install/ball_detector/share/ball_detector/package.zsh'
[4.137s] Level 1:colcon.colcon_core.environment:create_file_with_runtime_dependencies(/home/altair/Documents/ALTAIR-vision/install/ball_detector/share/colcon-core/packages/ball_detector)
[4.138s] DEBUG:colcon.colcon_parallel_executor.executor.parallel:closing loop
[4.138s] DEBUG:colcon.colcon_parallel_executor.executor.parallel:loop closed
[4.138s] DEBUG:colcon.colcon_parallel_executor.executor.parallel:run_until_complete finished with '0'
[4.138s] DEBUG:colcon.colcon_core.event_reactor:joining thread
[4.152s] INFO:colcon.colcon_core.plugin_system:Skipping extension 'colcon_notification.desktop_notification.terminal_notifier': Not used on non-Darwin systems
[4.153s] INFO:colcon.colcon_core.plugin_system:Skipping extension 'colcon_notification.desktop_notification.win32': Not used on non-Windows systems
[4.153s] INFO:colcon.colcon_notification.desktop_notification:Sending desktop notification using 'notify2'
[4.202s] DEBUG:colcon.colcon_core.event_reactor:joined thread
[4.203s] INFO:colcon.colcon_core.shell:Creating prefix script '/home/altair/Documents/ALTAIR-vision/install/local_setup.ps1'
[4.205s] INFO:colcon.colcon_core.shell:Creating prefix util module '/home/altair/Documents/ALTAIR-vision/install/_local_setup_util_ps1.py'
[4.207s] INFO:colcon.colcon_core.shell:Creating prefix chain script '/home/altair/Documents/ALTAIR-vision/install/setup.ps1'
[4.209s] INFO:colcon.colcon_core.shell:Creating prefix script '/home/altair/Documents/ALTAIR-vision/install/local_setup.sh'
[4.211s] INFO:colcon.colcon_core.shell:Creating prefix util module '/home/altair/Documents/ALTAIR-vision/install/_local_setup_util_sh.py'
[4.212s] INFO:colcon.colcon_core.shell:Creating prefix chain script '/home/altair/Documents/ALTAIR-vision/install/setup.sh'
[4.214s] INFO:colcon.colcon_core.shell:Creating prefix script '/home/altair/Documents/ALTAIR-vision/install/local_setup.bash'
[4.215s] INFO:colcon.colcon_core.shell:Creating prefix chain script '/home/altair/Documents/ALTAIR-vision/install/setup.bash'
[4.217s] INFO:colcon.colcon_core.shell:Creating prefix script '/home/altair/Documents/ALTAIR-vision/install/local_setup.zsh'
[4.218s] INFO:colcon.colcon_core.shell:Creating prefix chain script '/home/altair/Documents/ALTAIR-vision/install/setup.zsh'
